[1.277s] Invoking command in '/home/ph/launch_ws/src/launch_tutorial': PYTHONPATH=/home/ph/launch_ws/build/launch_tutorial/prefix_override:/usr/lib/python3/dist-packages/colcon_core/task/python/colcon_distutils_commands:/home/ph/launch_ws/install/launch_tutorial/lib/python3.10/site-packages:${PYTHONPATH} /usr/bin/python3 -W ignore:setup.py install is deprecated -W ignore:easy_install command is deprecated setup.py egg_info --egg-base ../../build/launch_tutorial build --build-base /home/ph/launch_ws/build/launch_tutorial/build install --record /home/ph/launch_ws/build/launch_tutorial/install.log --single-version-externally-managed install_data
[1.586s] running egg_info
[1.587s] writing ../../build/launch_tutorial/launch_tutorial.egg-info/PKG-INFO
[1.587s] writing dependency_links to ../../build/launch_tutorial/launch_tutorial.egg-info/dependency_links.txt
[1.588s] writing entry points to ../../build/launch_tutorial/launch_tutorial.egg-info/entry_points.txt
[1.588s] writing requirements to ../../build/launch_tutorial/launch_tutorial.egg-info/requires.txt
[1.588s] writing top-level names to ../../build/launch_tutorial/launch_tutorial.egg-info/top_level.txt
[1.590s] reading manifest file '../../build/launch_tutorial/launch_tutorial.egg-info/SOURCES.txt'
[1.590s] adding license file 'LICENSE'
[1.591s] writing manifest file '../../build/launch_tutorial/launch_tutorial.egg-info/SOURCES.txt'
[1.591s] running build
[1.591s] running build_py
[1.592s] running install
[1.592s] running install_lib
[1.593s] running install_data
[1.593s] copying launch/example_substitutions.launch.py -> /home/ph/launch_ws/install/launch_tutorial/share/launch_tutorial/launch
[1.594s] copying launch/example_main.launch.py -> /home/ph/launch_ws/install/launch_tutorial/share/launch_tutorial/launch
[1.594s] running install_egg_info
[1.596s] removing '/home/ph/launch_ws/install/launch_tutorial/lib/python3.10/site-packages/launch_tutorial-0.0.0-py3.10.egg-info' (and everything under it)
[1.596s] Copying ../../build/launch_tutorial/launch_tutorial.egg-info to /home/ph/launch_ws/install/launch_tutorial/lib/python3.10/site-packages/launch_tutorial-0.0.0-py3.10.egg-info
[1.597s] running install_scripts
[1.622s] writing list of installed files to '/home/ph/launch_ws/build/launch_tutorial/install.log'
[1.669s] Invoked command in '/home/ph/launch_ws/src/launch_tutorial' returned '0': PYTHONPATH=/home/ph/launch_ws/build/launch_tutorial/prefix_override:/usr/lib/python3/dist-packages/colcon_core/task/python/colcon_distutils_commands:/home/ph/launch_ws/install/launch_tutorial/lib/python3.10/site-packages:${PYTHONPATH} /usr/bin/python3 -W ignore:setup.py install is deprecated -W ignore:easy_install command is deprecated setup.py egg_info --egg-base ../../build/launch_tutorial build --build-base /home/ph/launch_ws/build/launch_tutorial/build install --record /home/ph/launch_ws/build/launch_tutorial/install.log --single-version-externally-managed install_data
