[0.040s] Invoking command in '/home/ph/ros2_firstw/build/tutorial_interfaces': CMAKE_PREFIX_PATH=/opt/ros/humble /usr/bin/cmake /home/ph/ros2_firstw/src/tutorial_interfaces -DCMAKE_INSTALL_PREFIX=/home/ph/ros2_firstw/install/tutorial_interfaces
[0.068s] -- Found ament_cmake: 1.3.12 (/opt/ros/humble/share/ament_cmake/cmake)
[0.384s] -- Found geometry_msgs: 4.9.0 (/opt/ros/humble/share/geometry_msgs/cmake)
[0.445s] -- Found rosidl_generator_c: 3.1.7 (/opt/ros/humble/share/rosidl_generator_c/cmake)
[0.450s] -- Found rosidl_adapter: 3.1.7 (/opt/ros/humble/share/rosidl_adapter/cmake)
[0.460s] -- Found rosidl_generator_cpp: 3.1.7 (/opt/ros/humble/share/rosidl_generator_cpp/cmake)
[0.478s] -- Using all available rosidl_typesupport_c: rosidl_typesupport_fastrtps_c;rosidl_typesupport_introspection_c
[0.500s] -- Using all available rosidl_typesupport_cpp: rosidl_typesupport_fastrtps_cpp;rosidl_typesupport_introspection_cpp
[0.564s] -- Found rosidl_default_generators: 1.2.0 (/opt/ros/humble/share/rosidl_default_generators/cmake)
[0.977s] [31mCMake Error at /opt/ros/humble/share/rosidl_adapter/cmake/rosidl_adapt_interfaces.cmake:59 (message):
[0.977s]   execute_process(/usr/bin/python3 -m rosidl_adapter --package-name
[0.977s]   tutorial_interfaces --arguments-file
[0.978s]   /home/ph/ros2_firstw/build/tutorial_interfaces/rosidl_adapter__arguments__tutorial_interfaces.json
[0.978s]   --output-dir
[0.978s]   /home/ph/ros2_firstw/build/tutorial_interfaces/rosidl_adapter/tutorial_interfaces
[0.979s]   --output-file
[0.979s]   /home/ph/ros2_firstw/build/tutorial_interfaces/rosidl_adapter/tutorial_interfaces.idls)
[0.979s]   returned error code 1:
[0.980s] 
[0.980s]   Error processing 'float4 radius' of 'tutorial_interfaces/Sphere': ''float4'
[0.980s]   is an invalid message name.  It should have the pattern
[0.980s]   '^[A-Z][A-Za-z0-9]*$''
[0.981s] 
[0.981s]   Traceback (most recent call last):
[0.981s] 
[0.982s]     File "/usr/lib/python3.10/runpy.py", line 196, in _run_module_as_main
[0.982s]       return _run_code(code, main_globals, None,
[0.982s]     File "/usr/lib/python3.10/runpy.py", line 86, in _run_code
[0.983s]       exec(code, run_globals)
[0.983s]     File "/opt/ros/humble/local/lib/python3.10/dist-packages/rosidl_adapter/__main__.py", line 19, in <module>
[0.983s]       sys.exit(main())
[0.983s]     File "/opt/ros/humble/local/lib/python3.10/dist-packages/rosidl_adapter/main.py", line 53, in main
[0.984s]       abs_idl_file = convert_to_idl(
[0.984s]     File "/opt/ros/humble/local/lib/python3.10/dist-packages/rosidl_adapter/__init__.py", line 19, in convert_to_idl
[0.984s]       return convert_msg_to_idl(
[0.985s]     File "/opt/ros/humble/local/lib/python3.10/dist-packages/rosidl_adapter/msg/__init__.py", line 28, in convert_msg_to_idl
[0.986s]       msg = parse_message_string(package_name, input_file.stem, content)
[0.986s]     File "/opt/ros/humble/local/lib/python3.10/dist-packages/rosidl_adapter/parser.py", line 520, in parse_message_string
[0.987s]       Type(type_string, context_package_name=pkg_name),
[0.987s]     File "/opt/ros/humble/local/lib/python3.10/dist-packages/rosidl_adapter/parser.py", line 277, in __init__
[0.987s]       super(Type, self).__init__(
[0.988s]     File "/opt/ros/humble/local/lib/python3.10/dist-packages/rosidl_adapter/parser.py", line 205, in __init__
[0.988s]       raise InvalidResourceName(
[0.988s] 
[0.989s]   rosidl_adapter.parser.InvalidResourceName: 'float4' is an invalid message
[0.989s]   name.  It should have the pattern '^[A-Z][A-Za-z0-9]*$'
[0.989s] 
[0.989s] Call Stack (most recent call first):
[0.990s]   /opt/ros/humble/share/rosidl_cmake/cmake/rosidl_generate_interfaces.cmake:130 (rosidl_adapt_interfaces)
[0.990s]   CMakeLists.txt:13 (rosidl_generate_interfaces)
[0.991s] 
[0.991s] [0m
[0.992s] -- Configuring incomplete, errors occurred!
[0.992s] See also "/home/ph/ros2_firstw/build/tutorial_interfaces/CMakeFiles/CMakeOutput.log".
[1.003s] Invoked command in '/home/ph/ros2_firstw/build/tutorial_interfaces' returned '1': CMAKE_PREFIX_PATH=/opt/ros/humble /usr/bin/cmake /home/ph/ros2_firstw/src/tutorial_interfaces -DCMAKE_INSTALL_PREFIX=/home/ph/ros2_firstw/install/tutorial_interfaces
