[0.139s] DEBUG:colcon:Command line arguments: ['/usr/bin/colcon', 'build']
[0.139s] DEBUG:colcon:Parsed command line arguments: Namespace(log_base=None, log_level=None, verb_name='build', build_base='build', install_base='install', merge_install=False, symlink_install=False, test_result_base=None, continue_on_error=False, executor='parallel', parallel_workers=8, event_handlers=None, ignore_user_meta=False, metas=['./colcon.meta'], base_paths=['.'], packages_ignore=None, packages_ignore_regex=None, paths=None, packages_up_to=None, packages_up_to_regex=None, packages_above=None, packages_above_and_dependencies=None, packages_above_depth=None, packages_select_by_dep=None, packages_skip_by_dep=None, packages_skip_up_to=None, packages_select_build_failed=False, packages_skip_build_finished=False, packages_select_test_failures=False, packages_skip_test_passed=False, packages_select=None, packages_skip=None, packages_select_regex=None, packages_skip_regex=None, packages_start=None, packages_end=None, allow_overriding=[], cmake_args=None, cmake_target=None, cmake_target_skip_unavailable=False, cmake_clean_cache=False, cmake_clean_first=False, cmake_force_configure=False, ament_cmake_args=None, catkin_cmake_args=None, catkin_skip_building_tests=False, mixin_files=None, mixin=None, verb_parser=<colcon_mixin.mixin.mixin_argument.MixinArgumentDecorator object at 0x7f2bfbb6ae60>, verb_extension=<colcon_core.verb.build.BuildVerb object at 0x7f2bfbb6a470>, main=<bound method BuildVerb.main of <colcon_core.verb.build.BuildVerb object at 0x7f2bfbb6a470>>, mixin_verb=('build',))
[0.351s] Level 1:colcon.colcon_core.package_discovery:discover_packages(colcon_meta) check parameters
[0.351s] Level 1:colcon.colcon_core.package_discovery:discover_packages(recursive) check parameters
[0.351s] Level 1:colcon.colcon_core.package_discovery:discover_packages(ignore) check parameters
[0.351s] Level 1:colcon.colcon_core.package_discovery:discover_packages(path) check parameters
[0.351s] Level 1:colcon.colcon_core.package_discovery:discover_packages(colcon_meta) discover
[0.352s] Level 1:colcon.colcon_core.package_discovery:discover_packages(recursive) discover
[0.352s] INFO:colcon.colcon_core.package_discovery:Crawling recursively for packages in '/home/ph/fourth_ws'
[0.352s] Level 1:colcon.colcon_core.package_identification:_identify(.) by extensions ['ignore', 'ignore_ament_install']
[0.352s] Level 1:colcon.colcon_core.package_identification:_identify(.) by extension 'ignore'
[0.352s] Level 1:colcon.colcon_core.package_identification:_identify(.) by extension 'ignore_ament_install'
[0.352s] Level 1:colcon.colcon_core.package_identification:_identify(.) by extensions ['colcon_pkg']
[0.352s] Level 1:colcon.colcon_core.package_identification:_identify(.) by extension 'colcon_pkg'
[0.352s] Level 1:colcon.colcon_core.package_identification:_identify(.) by extensions ['colcon_meta']
[0.352s] Level 1:colcon.colcon_core.package_identification:_identify(.) by extension 'colcon_meta'
[0.352s] Level 1:colcon.colcon_core.package_identification:_identify(.) by extensions ['ros']
[0.352s] Level 1:colcon.colcon_core.package_identification:_identify(.) by extension 'ros'
[0.365s] Level 1:colcon.colcon_core.package_identification:_identify(.) by extensions ['cmake', 'python']
[0.366s] Level 1:colcon.colcon_core.package_identification:_identify(.) by extension 'cmake'
[0.366s] Level 1:colcon.colcon_core.package_identification:_identify(.) by extension 'python'
[0.366s] Level 1:colcon.colcon_core.package_identification:_identify(.) by extensions ['python_setup_py']
[0.366s] Level 1:colcon.colcon_core.package_identification:_identify(.) by extension 'python_setup_py'
[0.366s] Level 1:colcon.colcon_core.package_identification:_identify(build) by extensions ['ignore', 'ignore_ament_install']
[0.366s] Level 1:colcon.colcon_core.package_identification:_identify(build) by extension 'ignore'
[0.366s] Level 1:colcon.colcon_core.package_identification:_identify(build) ignored
[0.366s] Level 1:colcon.colcon_core.package_identification:_identify(install) by extensions ['ignore', 'ignore_ament_install']
[0.366s] Level 1:colcon.colcon_core.package_identification:_identify(install) by extension 'ignore'
[0.366s] Level 1:colcon.colcon_core.package_identification:_identify(install) ignored
[0.366s] Level 1:colcon.colcon_core.package_identification:_identify(log) by extensions ['ignore', 'ignore_ament_install']
[0.367s] Level 1:colcon.colcon_core.package_identification:_identify(log) by extension 'ignore'
[0.367s] Level 1:colcon.colcon_core.package_identification:_identify(log) ignored
[0.367s] Level 1:colcon.colcon_core.package_identification:_identify(src) by extensions ['ignore', 'ignore_ament_install']
[0.367s] Level 1:colcon.colcon_core.package_identification:_identify(src) by extension 'ignore'
[0.367s] Level 1:colcon.colcon_core.package_identification:_identify(src) by extension 'ignore_ament_install'
[0.367s] Level 1:colcon.colcon_core.package_identification:_identify(src) by extensions ['colcon_pkg']
[0.367s] Level 1:colcon.colcon_core.package_identification:_identify(src) by extension 'colcon_pkg'
[0.367s] Level 1:colcon.colcon_core.package_identification:_identify(src) by extensions ['colcon_meta']
[0.367s] Level 1:colcon.colcon_core.package_identification:_identify(src) by extension 'colcon_meta'
[0.367s] Level 1:colcon.colcon_core.package_identification:_identify(src) by extensions ['ros']
[0.367s] Level 1:colcon.colcon_core.package_identification:_identify(src) by extension 'ros'
[0.367s] Level 1:colcon.colcon_core.package_identification:_identify(src) by extensions ['cmake', 'python']
[0.367s] Level 1:colcon.colcon_core.package_identification:_identify(src) by extension 'cmake'
[0.367s] Level 1:colcon.colcon_core.package_identification:_identify(src) by extension 'python'
[0.367s] Level 1:colcon.colcon_core.package_identification:_identify(src) by extensions ['python_setup_py']
[0.367s] Level 1:colcon.colcon_core.package_identification:_identify(src) by extension 'python_setup_py'
[0.367s] Level 1:colcon.colcon_core.package_identification:_identify(src/urdf_launch) by extensions ['ignore', 'ignore_ament_install']
[0.368s] Level 1:colcon.colcon_core.package_identification:_identify(src/urdf_launch) by extension 'ignore'
[0.368s] Level 1:colcon.colcon_core.package_identification:_identify(src/urdf_launch) by extension 'ignore_ament_install'
[0.368s] Level 1:colcon.colcon_core.package_identification:_identify(src/urdf_launch) by extensions ['colcon_pkg']
[0.368s] Level 1:colcon.colcon_core.package_identification:_identify(src/urdf_launch) by extension 'colcon_pkg'
[0.368s] Level 1:colcon.colcon_core.package_identification:_identify(src/urdf_launch) by extensions ['colcon_meta']
[0.368s] Level 1:colcon.colcon_core.package_identification:_identify(src/urdf_launch) by extension 'colcon_meta'
[0.368s] Level 1:colcon.colcon_core.package_identification:_identify(src/urdf_launch) by extensions ['ros']
[0.368s] Level 1:colcon.colcon_core.package_identification:_identify(src/urdf_launch) by extension 'ros'
[0.371s] DEBUG:colcon.colcon_core.package_identification:Package 'src/urdf_launch' with type 'ros.ament_cmake' and name 'urdf_launch'
[0.371s] Level 1:colcon.colcon_core.package_identification:_identify(src/urdf_sim_tutorial) by extensions ['ignore', 'ignore_ament_install']
[0.371s] Level 1:colcon.colcon_core.package_identification:_identify(src/urdf_sim_tutorial) by extension 'ignore'
[0.371s] Level 1:colcon.colcon_core.package_identification:_identify(src/urdf_sim_tutorial) by extension 'ignore_ament_install'
[0.371s] Level 1:colcon.colcon_core.package_identification:_identify(src/urdf_sim_tutorial) by extensions ['colcon_pkg']
[0.371s] Level 1:colcon.colcon_core.package_identification:_identify(src/urdf_sim_tutorial) by extension 'colcon_pkg'
[0.371s] Level 1:colcon.colcon_core.package_identification:_identify(src/urdf_sim_tutorial) by extensions ['colcon_meta']
[0.371s] Level 1:colcon.colcon_core.package_identification:_identify(src/urdf_sim_tutorial) by extension 'colcon_meta'
[0.371s] Level 1:colcon.colcon_core.package_identification:_identify(src/urdf_sim_tutorial) by extensions ['ros']
[0.371s] Level 1:colcon.colcon_core.package_identification:_identify(src/urdf_sim_tutorial) by extension 'ros'
[0.386s] DEBUG:colcon.colcon_core.package_identification:Package 'src/urdf_sim_tutorial' with type 'ros.ament_cmake' and name 'urdf_sim_tutorial'
[0.386s] Level 1:colcon.colcon_core.package_identification:_identify(src/urdf_tutorial) by extensions ['ignore', 'ignore_ament_install']
[0.386s] Level 1:colcon.colcon_core.package_identification:_identify(src/urdf_tutorial) by extension 'ignore'
[0.387s] Level 1:colcon.colcon_core.package_identification:_identify(src/urdf_tutorial) by extension 'ignore_ament_install'
[0.387s] Level 1:colcon.colcon_core.package_identification:_identify(src/urdf_tutorial) by extensions ['colcon_pkg']
[0.387s] Level 1:colcon.colcon_core.package_identification:_identify(src/urdf_tutorial) by extension 'colcon_pkg'
[0.387s] Level 1:colcon.colcon_core.package_identification:_identify(src/urdf_tutorial) by extensions ['colcon_meta']
[0.387s] Level 1:colcon.colcon_core.package_identification:_identify(src/urdf_tutorial) by extension 'colcon_meta'
[0.387s] Level 1:colcon.colcon_core.package_identification:_identify(src/urdf_tutorial) by extensions ['ros']
[0.387s] Level 1:colcon.colcon_core.package_identification:_identify(src/urdf_tutorial) by extension 'ros'
[0.387s] DEBUG:colcon.colcon_core.package_identification:Package 'src/urdf_tutorial' with type 'ros.ament_cmake' and name 'urdf_tutorial'
[0.387s] Level 1:colcon.colcon_core.package_discovery:discover_packages(recursive) using defaults
[0.388s] Level 1:colcon.colcon_core.package_discovery:discover_packages(ignore) discover
[0.388s] Level 1:colcon.colcon_core.package_discovery:discover_packages(ignore) using defaults
[0.388s] Level 1:colcon.colcon_core.package_discovery:discover_packages(path) discover
[0.388s] Level 1:colcon.colcon_core.package_discovery:discover_packages(path) using defaults
[0.410s] Level 1:colcon.colcon_core.package_discovery:discover_packages(prefix_path) check parameters
[0.410s] Level 1:colcon.colcon_core.package_discovery:discover_packages(prefix_path) discover
[0.412s] DEBUG:colcon.colcon_installed_package_information.package_discovery:Found 3 installed packages in /home/ph/fourth_ws/install
[0.414s] DEBUG:colcon.colcon_installed_package_information.package_discovery:Found 336 installed packages in /opt/ros/humble
[0.416s] Level 1:colcon.colcon_core.package_discovery:discover_packages(prefix_path) using defaults
[0.469s] Level 5:colcon.colcon_core.verb:set package 'urdf_launch' build argument 'cmake_args' from command line to 'None'
[0.469s] Level 5:colcon.colcon_core.verb:set package 'urdf_launch' build argument 'cmake_target' from command line to 'None'
[0.469s] Level 5:colcon.colcon_core.verb:set package 'urdf_launch' build argument 'cmake_target_skip_unavailable' from command line to 'False'
[0.469s] Level 5:colcon.colcon_core.verb:set package 'urdf_launch' build argument 'cmake_clean_cache' from command line to 'False'
[0.469s] Level 5:colcon.colcon_core.verb:set package 'urdf_launch' build argument 'cmake_clean_first' from command line to 'False'
[0.469s] Level 5:colcon.colcon_core.verb:set package 'urdf_launch' build argument 'cmake_force_configure' from command line to 'False'
[0.469s] Level 5:colcon.colcon_core.verb:set package 'urdf_launch' build argument 'ament_cmake_args' from command line to 'None'
[0.469s] Level 5:colcon.colcon_core.verb:set package 'urdf_launch' build argument 'catkin_cmake_args' from command line to 'None'
[0.469s] Level 5:colcon.colcon_core.verb:set package 'urdf_launch' build argument 'catkin_skip_building_tests' from command line to 'False'
[0.469s] DEBUG:colcon.colcon_core.verb:Building package 'urdf_launch' with the following arguments: {'ament_cmake_args': None, 'build_base': '/home/ph/fourth_ws/build/urdf_launch', 'catkin_cmake_args': None, 'catkin_skip_building_tests': False, 'cmake_args': None, 'cmake_clean_cache': False, 'cmake_clean_first': False, 'cmake_force_configure': False, 'cmake_target': None, 'cmake_target_skip_unavailable': False, 'install_base': '/home/ph/fourth_ws/install/urdf_launch', 'merge_install': False, 'path': '/home/ph/fourth_ws/src/urdf_launch', 'symlink_install': False, 'test_result_base': None}
[0.469s] Level 5:colcon.colcon_core.verb:set package 'urdf_tutorial' build argument 'cmake_args' from command line to 'None'
[0.470s] Level 5:colcon.colcon_core.verb:set package 'urdf_tutorial' build argument 'cmake_target' from command line to 'None'
[0.470s] Level 5:colcon.colcon_core.verb:set package 'urdf_tutorial' build argument 'cmake_target_skip_unavailable' from command line to 'False'
[0.470s] Level 5:colcon.colcon_core.verb:set package 'urdf_tutorial' build argument 'cmake_clean_cache' from command line to 'False'
[0.470s] Level 5:colcon.colcon_core.verb:set package 'urdf_tutorial' build argument 'cmake_clean_first' from command line to 'False'
[0.470s] Level 5:colcon.colcon_core.verb:set package 'urdf_tutorial' build argument 'cmake_force_configure' from command line to 'False'
[0.470s] Level 5:colcon.colcon_core.verb:set package 'urdf_tutorial' build argument 'ament_cmake_args' from command line to 'None'
[0.470s] Level 5:colcon.colcon_core.verb:set package 'urdf_tutorial' build argument 'catkin_cmake_args' from command line to 'None'
[0.470s] Level 5:colcon.colcon_core.verb:set package 'urdf_tutorial' build argument 'catkin_skip_building_tests' from command line to 'False'
[0.470s] DEBUG:colcon.colcon_core.verb:Building package 'urdf_tutorial' with the following arguments: {'ament_cmake_args': None, 'build_base': '/home/ph/fourth_ws/build/urdf_tutorial', 'catkin_cmake_args': None, 'catkin_skip_building_tests': False, 'cmake_args': None, 'cmake_clean_cache': False, 'cmake_clean_first': False, 'cmake_force_configure': False, 'cmake_target': None, 'cmake_target_skip_unavailable': False, 'install_base': '/home/ph/fourth_ws/install/urdf_tutorial', 'merge_install': False, 'path': '/home/ph/fourth_ws/src/urdf_tutorial', 'symlink_install': False, 'test_result_base': None}
[0.470s] Level 5:colcon.colcon_core.verb:set package 'urdf_sim_tutorial' build argument 'cmake_args' from command line to 'None'
[0.470s] Level 5:colcon.colcon_core.verb:set package 'urdf_sim_tutorial' build argument 'cmake_target' from command line to 'None'
[0.470s] Level 5:colcon.colcon_core.verb:set package 'urdf_sim_tutorial' build argument 'cmake_target_skip_unavailable' from command line to 'False'
[0.470s] Level 5:colcon.colcon_core.verb:set package 'urdf_sim_tutorial' build argument 'cmake_clean_cache' from command line to 'False'
[0.470s] Level 5:colcon.colcon_core.verb:set package 'urdf_sim_tutorial' build argument 'cmake_clean_first' from command line to 'False'
[0.470s] Level 5:colcon.colcon_core.verb:set package 'urdf_sim_tutorial' build argument 'cmake_force_configure' from command line to 'False'
[0.470s] Level 5:colcon.colcon_core.verb:set package 'urdf_sim_tutorial' build argument 'ament_cmake_args' from command line to 'None'
[0.470s] Level 5:colcon.colcon_core.verb:set package 'urdf_sim_tutorial' build argument 'catkin_cmake_args' from command line to 'None'
[0.470s] Level 5:colcon.colcon_core.verb:set package 'urdf_sim_tutorial' build argument 'catkin_skip_building_tests' from command line to 'False'
[0.470s] DEBUG:colcon.colcon_core.verb:Building package 'urdf_sim_tutorial' with the following arguments: {'ament_cmake_args': None, 'build_base': '/home/ph/fourth_ws/build/urdf_sim_tutorial', 'catkin_cmake_args': None, 'catkin_skip_building_tests': False, 'cmake_args': None, 'cmake_clean_cache': False, 'cmake_clean_first': False, 'cmake_force_configure': False, 'cmake_target': None, 'cmake_target_skip_unavailable': False, 'install_base': '/home/ph/fourth_ws/install/urdf_sim_tutorial', 'merge_install': False, 'path': '/home/ph/fourth_ws/src/urdf_sim_tutorial', 'symlink_install': False, 'test_result_base': None}
[0.470s] INFO:colcon.colcon_core.executor:Executing jobs using 'parallel' executor
[0.472s] DEBUG:colcon.colcon_parallel_executor.executor.parallel:run_until_complete
[0.472s] INFO:colcon.colcon_ros.task.ament_cmake.build:Building ROS package in '/home/ph/fourth_ws/src/urdf_launch' with build type 'ament_cmake'
[0.472s] INFO:colcon.colcon_cmake.task.cmake.build:Building CMake package in '/home/ph/fourth_ws/src/urdf_launch'
[0.475s] INFO:colcon.colcon_core.plugin_system:Skipping extension 'colcon_core.shell.bat': Not used on non-Windows systems
[0.475s] INFO:colcon.colcon_core.shell:Skip shell extension 'powershell' for command environment: Not usable outside of PowerShell
[0.475s] DEBUG:colcon.colcon_core.shell:Skip shell extension 'dsv' for command environment
[0.489s] DEBUG:colcon.colcon_core.event_handler.log_command:Invoking command in '/home/ph/fourth_ws/build/urdf_launch': CMAKE_PREFIX_PATH=/opt/ros/humble:${CMAKE_PREFIX_PATH} /usr/bin/cmake --build /home/ph/fourth_ws/build/urdf_launch -- -j8 -l8
[0.553s] DEBUG:colcon.colcon_core.event_handler.log_command:Invoked command in '/home/ph/fourth_ws/build/urdf_launch' returned '0': CMAKE_PREFIX_PATH=/opt/ros/humble:${CMAKE_PREFIX_PATH} /usr/bin/cmake --build /home/ph/fourth_ws/build/urdf_launch -- -j8 -l8
[0.566s] DEBUG:colcon.colcon_core.event_handler.log_command:Invoking command in '/home/ph/fourth_ws/build/urdf_launch': CMAKE_PREFIX_PATH=/opt/ros/humble:${CMAKE_PREFIX_PATH} /usr/bin/cmake --install /home/ph/fourth_ws/build/urdf_launch
[0.578s] Level 1:colcon.colcon_core.environment:create_environment_scripts_only(urdf_launch)
[0.579s] DEBUG:colcon.colcon_core.event_handler.log_command:Invoked command in '/home/ph/fourth_ws/build/urdf_launch' returned '0': CMAKE_PREFIX_PATH=/opt/ros/humble:${CMAKE_PREFIX_PATH} /usr/bin/cmake --install /home/ph/fourth_ws/build/urdf_launch
[0.582s] Level 1:colcon.colcon_core.environment:checking '/home/ph/fourth_ws/install/urdf_launch' for CMake module files
[0.583s] Level 1:colcon.colcon_core.environment:checking '/home/ph/fourth_ws/install/urdf_launch' for CMake config files
[0.584s] Level 1:colcon.colcon_core.shell:create_environment_hook('urdf_launch', 'cmake_prefix_path')
[0.584s] INFO:colcon.colcon_core.shell:Creating environment hook '/home/ph/fourth_ws/install/urdf_launch/share/urdf_launch/hook/cmake_prefix_path.ps1'
[0.586s] INFO:colcon.colcon_core.shell:Creating environment descriptor '/home/ph/fourth_ws/install/urdf_launch/share/urdf_launch/hook/cmake_prefix_path.dsv'
[0.587s] INFO:colcon.colcon_core.shell:Creating environment hook '/home/ph/fourth_ws/install/urdf_launch/share/urdf_launch/hook/cmake_prefix_path.sh'
[0.589s] Level 1:colcon.colcon_core.environment:checking '/home/ph/fourth_ws/install/urdf_launch/bin'
[0.589s] Level 1:colcon.colcon_core.environment:checking '/home/ph/fourth_ws/install/urdf_launch/lib/pkgconfig/urdf_launch.pc'
[0.589s] Level 1:colcon.colcon_core.environment:checking '/home/ph/fourth_ws/install/urdf_launch/lib/python3.10/site-packages'
[0.590s] Level 1:colcon.colcon_core.environment:checking '/home/ph/fourth_ws/install/urdf_launch/bin'
[0.590s] INFO:colcon.colcon_core.shell:Creating package script '/home/ph/fourth_ws/install/urdf_launch/share/urdf_launch/package.ps1'
[0.592s] INFO:colcon.colcon_core.shell:Creating package descriptor '/home/ph/fourth_ws/install/urdf_launch/share/urdf_launch/package.dsv'
[0.592s] INFO:colcon.colcon_core.shell:Creating package script '/home/ph/fourth_ws/install/urdf_launch/share/urdf_launch/package.sh'
[0.593s] INFO:colcon.colcon_core.shell:Creating package script '/home/ph/fourth_ws/install/urdf_launch/share/urdf_launch/package.bash'
[0.594s] INFO:colcon.colcon_core.shell:Creating package script '/home/ph/fourth_ws/install/urdf_launch/share/urdf_launch/package.zsh'
[0.594s] Level 1:colcon.colcon_core.environment:create_file_with_runtime_dependencies(/home/ph/fourth_ws/install/urdf_launch/share/colcon-core/packages/urdf_launch)
[0.595s] Level 1:colcon.colcon_core.environment:create_environment_scripts_only(urdf_launch)
[0.596s] Level 1:colcon.colcon_core.environment:checking '/home/ph/fourth_ws/install/urdf_launch' for CMake module files
[0.596s] Level 1:colcon.colcon_core.environment:checking '/home/ph/fourth_ws/install/urdf_launch' for CMake config files
[0.596s] Level 1:colcon.colcon_core.shell:create_environment_hook('urdf_launch', 'cmake_prefix_path')
[0.597s] INFO:colcon.colcon_core.shell:Creating environment hook '/home/ph/fourth_ws/install/urdf_launch/share/urdf_launch/hook/cmake_prefix_path.ps1'
[0.597s] INFO:colcon.colcon_core.shell:Creating environment descriptor '/home/ph/fourth_ws/install/urdf_launch/share/urdf_launch/hook/cmake_prefix_path.dsv'
[0.598s] INFO:colcon.colcon_core.shell:Creating environment hook '/home/ph/fourth_ws/install/urdf_launch/share/urdf_launch/hook/cmake_prefix_path.sh'
[0.598s] Level 1:colcon.colcon_core.environment:checking '/home/ph/fourth_ws/install/urdf_launch/bin'
[0.598s] Level 1:colcon.colcon_core.environment:checking '/home/ph/fourth_ws/install/urdf_launch/lib/pkgconfig/urdf_launch.pc'
[0.598s] Level 1:colcon.colcon_core.environment:checking '/home/ph/fourth_ws/install/urdf_launch/lib/python3.10/site-packages'
[0.599s] Level 1:colcon.colcon_core.environment:checking '/home/ph/fourth_ws/install/urdf_launch/bin'
[0.599s] INFO:colcon.colcon_core.shell:Creating package script '/home/ph/fourth_ws/install/urdf_launch/share/urdf_launch/package.ps1'
[0.600s] INFO:colcon.colcon_core.shell:Creating package descriptor '/home/ph/fourth_ws/install/urdf_launch/share/urdf_launch/package.dsv'
[0.601s] INFO:colcon.colcon_core.shell:Creating package script '/home/ph/fourth_ws/install/urdf_launch/share/urdf_launch/package.sh'
[0.601s] INFO:colcon.colcon_core.shell:Creating package script '/home/ph/fourth_ws/install/urdf_launch/share/urdf_launch/package.bash'
[0.602s] INFO:colcon.colcon_core.shell:Creating package script '/home/ph/fourth_ws/install/urdf_launch/share/urdf_launch/package.zsh'
[0.602s] Level 1:colcon.colcon_core.environment:create_file_with_runtime_dependencies(/home/ph/fourth_ws/install/urdf_launch/share/colcon-core/packages/urdf_launch)
[0.603s] INFO:colcon.colcon_ros.task.ament_cmake.build:Building ROS package in '/home/ph/fourth_ws/src/urdf_tutorial' with build type 'ament_cmake'
[0.603s] INFO:colcon.colcon_cmake.task.cmake.build:Building CMake package in '/home/ph/fourth_ws/src/urdf_tutorial'
[0.603s] INFO:colcon.colcon_core.shell:Skip shell extension 'powershell' for command environment: Not usable outside of PowerShell
[0.603s] DEBUG:colcon.colcon_core.shell:Skip shell extension 'dsv' for command environment
[0.616s] DEBUG:colcon.colcon_core.event_handler.log_command:Invoking command in '/home/ph/fourth_ws/build/urdf_tutorial': CMAKE_PREFIX_PATH=/home/ph/fourth_ws/install/urdf_launch:/opt/ros/humble:/home/ph/fourth_ws/install/urdf_sim_tutorial:/home/ph/fourth_ws/install/urdf_tutorial /usr/bin/cmake --build /home/ph/fourth_ws/build/urdf_tutorial -- -j8 -l8
[0.678s] DEBUG:colcon.colcon_core.event_handler.log_command:Invoked command in '/home/ph/fourth_ws/build/urdf_tutorial' returned '0': CMAKE_PREFIX_PATH=/home/ph/fourth_ws/install/urdf_launch:/opt/ros/humble:/home/ph/fourth_ws/install/urdf_sim_tutorial:/home/ph/fourth_ws/install/urdf_tutorial /usr/bin/cmake --build /home/ph/fourth_ws/build/urdf_tutorial -- -j8 -l8
[0.681s] DEBUG:colcon.colcon_core.event_handler.log_command:Invoking command in '/home/ph/fourth_ws/build/urdf_tutorial': CMAKE_PREFIX_PATH=/home/ph/fourth_ws/install/urdf_launch:/opt/ros/humble:/home/ph/fourth_ws/install/urdf_sim_tutorial:/home/ph/fourth_ws/install/urdf_tutorial /usr/bin/cmake --install /home/ph/fourth_ws/build/urdf_tutorial
[0.707s] Level 1:colcon.colcon_core.environment:create_environment_scripts_only(urdf_tutorial)
[0.708s] DEBUG:colcon.colcon_core.event_handler.log_command:Invoked command in '/home/ph/fourth_ws/build/urdf_tutorial' returned '0': CMAKE_PREFIX_PATH=/home/ph/fourth_ws/install/urdf_launch:/opt/ros/humble:/home/ph/fourth_ws/install/urdf_sim_tutorial:/home/ph/fourth_ws/install/urdf_tutorial /usr/bin/cmake --install /home/ph/fourth_ws/build/urdf_tutorial
[0.709s] Level 1:colcon.colcon_core.environment:checking '/home/ph/fourth_ws/install/urdf_tutorial' for CMake module files
[0.710s] Level 1:colcon.colcon_core.environment:checking '/home/ph/fourth_ws/install/urdf_tutorial' for CMake config files
[0.711s] Level 1:colcon.colcon_core.shell:create_environment_hook('urdf_tutorial', 'cmake_prefix_path')
[0.712s] INFO:colcon.colcon_core.shell:Creating environment hook '/home/ph/fourth_ws/install/urdf_tutorial/share/urdf_tutorial/hook/cmake_prefix_path.ps1'
[0.713s] INFO:colcon.colcon_core.shell:Creating environment descriptor '/home/ph/fourth_ws/install/urdf_tutorial/share/urdf_tutorial/hook/cmake_prefix_path.dsv'
[0.714s] INFO:colcon.colcon_core.shell:Creating environment hook '/home/ph/fourth_ws/install/urdf_tutorial/share/urdf_tutorial/hook/cmake_prefix_path.sh'
[0.716s] Level 1:colcon.colcon_core.environment:checking '/home/ph/fourth_ws/install/urdf_tutorial/bin'
[0.716s] Level 1:colcon.colcon_core.environment:checking '/home/ph/fourth_ws/install/urdf_tutorial/lib/pkgconfig/urdf_tutorial.pc'
[0.717s] Level 1:colcon.colcon_core.environment:checking '/home/ph/fourth_ws/install/urdf_tutorial/lib/python3.10/site-packages'
[0.718s] Level 1:colcon.colcon_core.environment:checking '/home/ph/fourth_ws/install/urdf_tutorial/bin'
[0.719s] INFO:colcon.colcon_core.shell:Creating package script '/home/ph/fourth_ws/install/urdf_tutorial/share/urdf_tutorial/package.ps1'
[0.720s] INFO:colcon.colcon_core.shell:Creating package descriptor '/home/ph/fourth_ws/install/urdf_tutorial/share/urdf_tutorial/package.dsv'
[0.721s] INFO:colcon.colcon_core.shell:Creating package script '/home/ph/fourth_ws/install/urdf_tutorial/share/urdf_tutorial/package.sh'
[0.722s] INFO:colcon.colcon_core.shell:Creating package script '/home/ph/fourth_ws/install/urdf_tutorial/share/urdf_tutorial/package.bash'
[0.723s] INFO:colcon.colcon_core.shell:Creating package script '/home/ph/fourth_ws/install/urdf_tutorial/share/urdf_tutorial/package.zsh'
[0.724s] Level 1:colcon.colcon_core.environment:create_file_with_runtime_dependencies(/home/ph/fourth_ws/install/urdf_tutorial/share/colcon-core/packages/urdf_tutorial)
[0.726s] Level 1:colcon.colcon_core.environment:create_environment_scripts_only(urdf_tutorial)
[0.727s] Level 1:colcon.colcon_core.environment:checking '/home/ph/fourth_ws/install/urdf_tutorial' for CMake module files
[0.728s] Level 1:colcon.colcon_core.environment:checking '/home/ph/fourth_ws/install/urdf_tutorial' for CMake config files
[0.729s] Level 1:colcon.colcon_core.shell:create_environment_hook('urdf_tutorial', 'cmake_prefix_path')
[0.729s] INFO:colcon.colcon_core.shell:Creating environment hook '/home/ph/fourth_ws/install/urdf_tutorial/share/urdf_tutorial/hook/cmake_prefix_path.ps1'
[0.731s] INFO:colcon.colcon_core.shell:Creating environment descriptor '/home/ph/fourth_ws/install/urdf_tutorial/share/urdf_tutorial/hook/cmake_prefix_path.dsv'
[0.732s] INFO:colcon.colcon_core.shell:Creating environment hook '/home/ph/fourth_ws/install/urdf_tutorial/share/urdf_tutorial/hook/cmake_prefix_path.sh'
[0.733s] Level 1:colcon.colcon_core.environment:checking '/home/ph/fourth_ws/install/urdf_tutorial/bin'
[0.733s] Level 1:colcon.colcon_core.environment:checking '/home/ph/fourth_ws/install/urdf_tutorial/lib/pkgconfig/urdf_tutorial.pc'
[0.734s] Level 1:colcon.colcon_core.environment:checking '/home/ph/fourth_ws/install/urdf_tutorial/lib/python3.10/site-packages'
[0.735s] Level 1:colcon.colcon_core.environment:checking '/home/ph/fourth_ws/install/urdf_tutorial/bin'
[0.736s] INFO:colcon.colcon_core.shell:Creating package script '/home/ph/fourth_ws/install/urdf_tutorial/share/urdf_tutorial/package.ps1'
[0.737s] INFO:colcon.colcon_core.shell:Creating package descriptor '/home/ph/fourth_ws/install/urdf_tutorial/share/urdf_tutorial/package.dsv'
[0.738s] INFO:colcon.colcon_core.shell:Creating package script '/home/ph/fourth_ws/install/urdf_tutorial/share/urdf_tutorial/package.sh'
[0.740s] INFO:colcon.colcon_core.shell:Creating package script '/home/ph/fourth_ws/install/urdf_tutorial/share/urdf_tutorial/package.bash'
[0.741s] INFO:colcon.colcon_core.shell:Creating package script '/home/ph/fourth_ws/install/urdf_tutorial/share/urdf_tutorial/package.zsh'
[0.742s] Level 1:colcon.colcon_core.environment:create_file_with_runtime_dependencies(/home/ph/fourth_ws/install/urdf_tutorial/share/colcon-core/packages/urdf_tutorial)
[0.743s] INFO:colcon.colcon_ros.task.ament_cmake.build:Building ROS package in '/home/ph/fourth_ws/src/urdf_sim_tutorial' with build type 'ament_cmake'
[0.743s] INFO:colcon.colcon_cmake.task.cmake.build:Building CMake package in '/home/ph/fourth_ws/src/urdf_sim_tutorial'
[0.744s] INFO:colcon.colcon_core.shell:Skip shell extension 'powershell' for command environment: Not usable outside of PowerShell
[0.744s] DEBUG:colcon.colcon_core.shell:Skip shell extension 'dsv' for command environment
[0.766s] DEBUG:colcon.colcon_core.event_handler.log_command:Invoking command in '/home/ph/fourth_ws/build/urdf_sim_tutorial': CMAKE_PREFIX_PATH=/opt/ros/humble:/home/ph/fourth_ws/install/urdf_tutorial:/home/ph/fourth_ws/install/urdf_launch:/home/ph/fourth_ws/install/urdf_sim_tutorial /usr/bin/cmake --build /home/ph/fourth_ws/build/urdf_sim_tutorial -- -j8 -l8
[0.847s] DEBUG:colcon.colcon_core.event_handler.log_command:Invoked command in '/home/ph/fourth_ws/build/urdf_sim_tutorial' returned '0': CMAKE_PREFIX_PATH=/opt/ros/humble:/home/ph/fourth_ws/install/urdf_tutorial:/home/ph/fourth_ws/install/urdf_launch:/home/ph/fourth_ws/install/urdf_sim_tutorial /usr/bin/cmake --build /home/ph/fourth_ws/build/urdf_sim_tutorial -- -j8 -l8
[0.851s] DEBUG:colcon.colcon_core.event_handler.log_command:Invoking command in '/home/ph/fourth_ws/build/urdf_sim_tutorial': CMAKE_PREFIX_PATH=/opt/ros/humble:/home/ph/fourth_ws/install/urdf_tutorial:/home/ph/fourth_ws/install/urdf_launch:/home/ph/fourth_ws/install/urdf_sim_tutorial /usr/bin/cmake --install /home/ph/fourth_ws/build/urdf_sim_tutorial
[0.866s] Level 1:colcon.colcon_core.environment:create_environment_scripts_only(urdf_sim_tutorial)
[0.867s] Level 1:colcon.colcon_core.environment:checking '/home/ph/fourth_ws/install/urdf_sim_tutorial' for CMake module files
[0.874s] DEBUG:colcon.colcon_core.event_handler.log_command:Invoked command in '/home/ph/fourth_ws/build/urdf_sim_tutorial' returned '0': CMAKE_PREFIX_PATH=/opt/ros/humble:/home/ph/fourth_ws/install/urdf_tutorial:/home/ph/fourth_ws/install/urdf_launch:/home/ph/fourth_ws/install/urdf_sim_tutorial /usr/bin/cmake --install /home/ph/fourth_ws/build/urdf_sim_tutorial
[0.875s] Level 1:colcon.colcon_core.environment:checking '/home/ph/fourth_ws/install/urdf_sim_tutorial' for CMake config files
[0.875s] Level 1:colcon.colcon_core.shell:create_environment_hook('urdf_sim_tutorial', 'cmake_prefix_path')
[0.876s] INFO:colcon.colcon_core.shell:Creating environment hook '/home/ph/fourth_ws/install/urdf_sim_tutorial/share/urdf_sim_tutorial/hook/cmake_prefix_path.ps1'
[0.877s] INFO:colcon.colcon_core.shell:Creating environment descriptor '/home/ph/fourth_ws/install/urdf_sim_tutorial/share/urdf_sim_tutorial/hook/cmake_prefix_path.dsv'
[0.878s] INFO:colcon.colcon_core.shell:Creating environment hook '/home/ph/fourth_ws/install/urdf_sim_tutorial/share/urdf_sim_tutorial/hook/cmake_prefix_path.sh'
[0.880s] Level 1:colcon.colcon_core.environment:checking '/home/ph/fourth_ws/install/urdf_sim_tutorial/bin'
[0.880s] Level 1:colcon.colcon_core.environment:checking '/home/ph/fourth_ws/install/urdf_sim_tutorial/lib/pkgconfig/urdf_sim_tutorial.pc'
[0.881s] Level 1:colcon.colcon_core.environment:checking '/home/ph/fourth_ws/install/urdf_sim_tutorial/lib/python3.10/site-packages'
[0.882s] Level 1:colcon.colcon_core.environment:checking '/home/ph/fourth_ws/install/urdf_sim_tutorial/bin'
[0.883s] INFO:colcon.colcon_core.shell:Creating package script '/home/ph/fourth_ws/install/urdf_sim_tutorial/share/urdf_sim_tutorial/package.ps1'
[0.884s] INFO:colcon.colcon_core.shell:Creating package descriptor '/home/ph/fourth_ws/install/urdf_sim_tutorial/share/urdf_sim_tutorial/package.dsv'
[0.885s] INFO:colcon.colcon_core.shell:Creating package script '/home/ph/fourth_ws/install/urdf_sim_tutorial/share/urdf_sim_tutorial/package.sh'
[0.886s] INFO:colcon.colcon_core.shell:Creating package script '/home/ph/fourth_ws/install/urdf_sim_tutorial/share/urdf_sim_tutorial/package.bash'
[0.888s] INFO:colcon.colcon_core.shell:Creating package script '/home/ph/fourth_ws/install/urdf_sim_tutorial/share/urdf_sim_tutorial/package.zsh'
[0.889s] Level 1:colcon.colcon_core.environment:create_file_with_runtime_dependencies(/home/ph/fourth_ws/install/urdf_sim_tutorial/share/colcon-core/packages/urdf_sim_tutorial)
[0.890s] Level 1:colcon.colcon_core.environment:create_environment_scripts_only(urdf_sim_tutorial)
[0.891s] Level 1:colcon.colcon_core.environment:checking '/home/ph/fourth_ws/install/urdf_sim_tutorial' for CMake module files
[0.892s] Level 1:colcon.colcon_core.environment:checking '/home/ph/fourth_ws/install/urdf_sim_tutorial' for CMake config files
[0.893s] Level 1:colcon.colcon_core.shell:create_environment_hook('urdf_sim_tutorial', 'cmake_prefix_path')
[0.893s] INFO:colcon.colcon_core.shell:Creating environment hook '/home/ph/fourth_ws/install/urdf_sim_tutorial/share/urdf_sim_tutorial/hook/cmake_prefix_path.ps1'
[0.894s] INFO:colcon.colcon_core.shell:Creating environment descriptor '/home/ph/fourth_ws/install/urdf_sim_tutorial/share/urdf_sim_tutorial/hook/cmake_prefix_path.dsv'
[0.895s] INFO:colcon.colcon_core.shell:Creating environment hook '/home/ph/fourth_ws/install/urdf_sim_tutorial/share/urdf_sim_tutorial/hook/cmake_prefix_path.sh'
[0.897s] Level 1:colcon.colcon_core.environment:checking '/home/ph/fourth_ws/install/urdf_sim_tutorial/bin'
[0.897s] Level 1:colcon.colcon_core.environment:checking '/home/ph/fourth_ws/install/urdf_sim_tutorial/lib/pkgconfig/urdf_sim_tutorial.pc'
[0.898s] Level 1:colcon.colcon_core.environment:checking '/home/ph/fourth_ws/install/urdf_sim_tutorial/lib/python3.10/site-packages'
[0.899s] Level 1:colcon.colcon_core.environment:checking '/home/ph/fourth_ws/install/urdf_sim_tutorial/bin'
[0.899s] INFO:colcon.colcon_core.shell:Creating package script '/home/ph/fourth_ws/install/urdf_sim_tutorial/share/urdf_sim_tutorial/package.ps1'
[0.901s] INFO:colcon.colcon_core.shell:Creating package descriptor '/home/ph/fourth_ws/install/urdf_sim_tutorial/share/urdf_sim_tutorial/package.dsv'
[0.902s] INFO:colcon.colcon_core.shell:Creating package script '/home/ph/fourth_ws/install/urdf_sim_tutorial/share/urdf_sim_tutorial/package.sh'
[0.904s] INFO:colcon.colcon_core.shell:Creating package script '/home/ph/fourth_ws/install/urdf_sim_tutorial/share/urdf_sim_tutorial/package.bash'
[0.905s] INFO:colcon.colcon_core.shell:Creating package script '/home/ph/fourth_ws/install/urdf_sim_tutorial/share/urdf_sim_tutorial/package.zsh'
[0.906s] Level 1:colcon.colcon_core.environment:create_file_with_runtime_dependencies(/home/ph/fourth_ws/install/urdf_sim_tutorial/share/colcon-core/packages/urdf_sim_tutorial)
[0.907s] DEBUG:colcon.colcon_parallel_executor.executor.parallel:closing loop
[0.907s] DEBUG:colcon.colcon_parallel_executor.executor.parallel:loop closed
[0.908s] DEBUG:colcon.colcon_parallel_executor.executor.parallel:run_until_complete finished with '0'
[0.908s] DEBUG:colcon.colcon_core.event_reactor:joining thread
[0.922s] INFO:colcon.colcon_core.plugin_system:Skipping extension 'colcon_notification.desktop_notification.terminal_notifier': Not used on non-Darwin systems
[0.922s] INFO:colcon.colcon_core.plugin_system:Skipping extension 'colcon_notification.desktop_notification.win32': Not used on non-Windows systems
[0.922s] INFO:colcon.colcon_notification.desktop_notification:Sending desktop notification using 'notify2'
[0.956s] DEBUG:colcon.colcon_core.event_reactor:joined thread
[0.957s] INFO:colcon.colcon_core.shell:Creating prefix script '/home/ph/fourth_ws/install/local_setup.ps1'
[0.958s] INFO:colcon.colcon_core.shell:Creating prefix util module '/home/ph/fourth_ws/install/_local_setup_util_ps1.py'
[0.960s] INFO:colcon.colcon_core.shell:Creating prefix chain script '/home/ph/fourth_ws/install/setup.ps1'
[0.962s] INFO:colcon.colcon_core.shell:Creating prefix script '/home/ph/fourth_ws/install/local_setup.sh'
[0.963s] INFO:colcon.colcon_core.shell:Creating prefix util module '/home/ph/fourth_ws/install/_local_setup_util_sh.py'
[0.964s] INFO:colcon.colcon_core.shell:Creating prefix chain script '/home/ph/fourth_ws/install/setup.sh'
[0.966s] INFO:colcon.colcon_core.shell:Creating prefix script '/home/ph/fourth_ws/install/local_setup.bash'
[0.967s] INFO:colcon.colcon_core.shell:Creating prefix chain script '/home/ph/fourth_ws/install/setup.bash'
[0.969s] INFO:colcon.colcon_core.shell:Creating prefix script '/home/ph/fourth_ws/install/local_setup.zsh'
[0.970s] INFO:colcon.colcon_core.shell:Creating prefix chain script '/home/ph/fourth_ws/install/setup.zsh'
