[1.075s] Invoking command in '/home/ph/launch_ws/src/py_launch_example': PYTHONPATH=/home/ph/launch_ws/build/py_launch_example/prefix_override:/usr/lib/python3/dist-packages/colcon_core/task/python/colcon_distutils_commands:/home/ph/launch_ws/install/py_launch_example/lib/python3.10/site-packages:${PYTHONPATH} /usr/bin/python3 -W ignore:setup.py install is deprecated -W ignore:easy_install command is deprecated setup.py egg_info --egg-base ../../build/py_launch_example build --build-base /home/ph/launch_ws/build/py_launch_example/build install --record /home/ph/launch_ws/build/py_launch_example/install.log --single-version-externally-managed install_data
[1.377s] running egg_info
[1.377s] creating ../../build/py_launch_example/py_launch_example.egg-info
[1.378s] writing ../../build/py_launch_example/py_launch_example.egg-info/PKG-INFO
[1.378s] writing dependency_links to ../../build/py_launch_example/py_launch_example.egg-info/dependency_links.txt
[1.378s] writing entry points to ../../build/py_launch_example/py_launch_example.egg-info/entry_points.txt
[1.378s] writing requirements to ../../build/py_launch_example/py_launch_example.egg-info/requires.txt
[1.378s] writing top-level names to ../../build/py_launch_example/py_launch_example.egg-info/top_level.txt
[1.379s] writing manifest file '../../build/py_launch_example/py_launch_example.egg-info/SOURCES.txt'
[1.380s] reading manifest file '../../build/py_launch_example/py_launch_example.egg-info/SOURCES.txt'
[1.381s] adding license file 'LICENSE'
[1.381s] writing manifest file '../../build/py_launch_example/py_launch_example.egg-info/SOURCES.txt'
[1.381s] running build
[1.382s] running build_py
[1.382s] creating /home/ph/launch_ws/build/py_launch_example/build
[1.382s] creating /home/ph/launch_ws/build/py_launch_example/build/lib
[1.382s] creating /home/ph/launch_ws/build/py_launch_example/build/lib/py_launch_example
[1.382s] copying py_launch_example/__init__.py -> /home/ph/launch_ws/build/py_launch_example/build/lib/py_launch_example
[1.383s] running install
[1.383s] running install_lib
[1.383s] creating /home/ph/launch_ws/install/py_launch_example/lib/python3.10/site-packages/py_launch_example
[1.383s] copying /home/ph/launch_ws/build/py_launch_example/build/lib/py_launch_example/__init__.py -> /home/ph/launch_ws/install/py_launch_example/lib/python3.10/site-packages/py_launch_example
[1.384s] byte-compiling /home/ph/launch_ws/install/py_launch_example/lib/python3.10/site-packages/py_launch_example/__init__.py to __init__.cpython-310.pyc
[1.384s] running install_data
[1.384s] creating /home/ph/launch_ws/install/py_launch_example/share/ament_index
[1.385s] creating /home/ph/launch_ws/install/py_launch_example/share/ament_index/resource_index
[1.385s] creating /home/ph/launch_ws/install/py_launch_example/share/ament_index/resource_index/packages
[1.385s] copying resource/py_launch_example -> /home/ph/launch_ws/install/py_launch_example/share/ament_index/resource_index/packages
[1.385s] copying package.xml -> /home/ph/launch_ws/install/py_launch_example/share/py_launch_example
[1.386s] running install_egg_info
[1.387s] Copying ../../build/py_launch_example/py_launch_example.egg-info to /home/ph/launch_ws/install/py_launch_example/lib/python3.10/site-packages/py_launch_example-0.0.0-py3.10.egg-info
[1.388s] running install_scripts
[1.411s] writing list of installed files to '/home/ph/launch_ws/build/py_launch_example/install.log'
[1.447s] Invoked command in '/home/ph/launch_ws/src/py_launch_example' returned '0': PYTHONPATH=/home/ph/launch_ws/build/py_launch_example/prefix_override:/usr/lib/python3/dist-packages/colcon_core/task/python/colcon_distutils_commands:/home/ph/launch_ws/install/py_launch_example/lib/python3.10/site-packages:${PYTHONPATH} /usr/bin/python3 -W ignore:setup.py install is deprecated -W ignore:easy_install command is deprecated setup.py egg_info --egg-base ../../build/py_launch_example build --build-base /home/ph/launch_ws/build/py_launch_example/build install --record /home/ph/launch_ws/build/py_launch_example/install.log --single-version-externally-managed install_data
