[0.056s] Invoking command in '/home/ph/ros2_firstw/build/action_tutorials_interfaces': CMAKE_PREFIX_PATH=${CMAKE_PREFIX_PATH}:/opt/ros/humble /usr/bin/cmake --build /home/ph/ros2_firstw/build/action_tutorials_interfaces -- -j8 -l8
[0.216s] [  9%] Built target action_tutorials_interfaces__rosidl_generator_c
[0.230s] [ 12%] Built target action_tutorials_interfaces__cpp
[0.291s] [ 12%] Built target ament_cmake_python_copy_action_tutorials_interfaces
[0.330s] [ 22%] Built target action_tutorials_interfaces__rosidl_typesupport_c
[0.330s] [ 32%] Built target action_tutorials_interfaces__rosidl_typesupport_introspection_c
[0.371s] [ 41%] Built target action_tutorials_interfaces__rosidl_typesupport_fastrtps_c
[0.372s] [ 51%] Built target action_tutorials_interfaces__rosidl_typesupport_cpp
[0.388s] [ 61%] Built target action_tutorials_interfaces__rosidl_typesupport_introspection_cpp
[0.390s] [ 70%] Built target action_tutorials_interfaces__rosidl_typesupport_fastrtps_cpp
[0.443s] [ 70%] Built target action_tutorials_interfaces
[0.496s] [ 74%] Built target action_tutorials_interfaces__py
[0.552s] [ 80%] Built target action_tutorials_interfaces__rosidl_generator_py
[0.646s] [ 87%] Built target action_tutorials_interfaces__rosidl_typesupport_c__pyext
[0.650s] [ 93%] Built target action_tutorials_interfaces__rosidl_typesupport_fastrtps_c__pyext
[0.658s] [100%] Built target action_tutorials_interfaces__rosidl_typesupport_introspection_c__pyext
[0.843s] running egg_info
[0.843s] writing action_tutorials_interfaces.egg-info/PKG-INFO
[0.843s] writing dependency_links to action_tutorials_interfaces.egg-info/dependency_links.txt
[0.843s] writing top-level names to action_tutorials_interfaces.egg-info/top_level.txt
[0.849s] reading manifest file 'action_tutorials_interfaces.egg-info/SOURCES.txt'
[0.850s] writing manifest file 'action_tutorials_interfaces.egg-info/SOURCES.txt'
[0.905s] [100%] Built target ament_cmake_python_build_action_tutorials_interfaces_egg
[0.928s] Invoked command in '/home/ph/ros2_firstw/build/action_tutorials_interfaces' returned '0': CMAKE_PREFIX_PATH=${CMAKE_PREFIX_PATH}:/opt/ros/humble /usr/bin/cmake --build /home/ph/ros2_firstw/build/action_tutorials_interfaces -- -j8 -l8
[0.931s] Invoking command in '/home/ph/ros2_firstw/build/action_tutorials_interfaces': CMAKE_PREFIX_PATH=${CMAKE_PREFIX_PATH}:/opt/ros/humble /usr/bin/cmake --install /home/ph/ros2_firstw/build/action_tutorials_interfaces
[0.947s] -- Install configuration: ""
[0.947s] -- Up-to-date: /home/ph/ros2_firstw/install/action_tutorials_interfaces/share/ament_index/resource_index/rosidl_interfaces/action_tutorials_interfaces
[0.947s] -- Up-to-date: /home/ph/ros2_firstw/install/action_tutorials_interfaces/include/action_tutorials_interfaces/action_tutorials_interfaces
[0.947s] -- Up-to-date: /home/ph/ros2_firstw/install/action_tutorials_interfaces/include/action_tutorials_interfaces/action_tutorials_interfaces/action
[0.947s] -- Up-to-date: /home/ph/ros2_firstw/install/action_tutorials_interfaces/include/action_tutorials_interfaces/action_tutorials_interfaces/action/fibonacci.h
[0.947s] -- Up-to-date: /home/ph/ros2_firstw/install/action_tutorials_interfaces/include/action_tutorials_interfaces/action_tutorials_interfaces/action/detail
[0.947s] -- Up-to-date: /home/ph/ros2_firstw/install/action_tutorials_interfaces/include/action_tutorials_interfaces/action_tutorials_interfaces/action/detail/fibonacci__functions.h
[0.947s] -- Up-to-date: /home/ph/ros2_firstw/install/action_tutorials_interfaces/include/action_tutorials_interfaces/action_tutorials_interfaces/action/detail/fibonacci__type_support.h
[0.947s] -- Up-to-date: /home/ph/ros2_firstw/install/action_tutorials_interfaces/include/action_tutorials_interfaces/action_tutorials_interfaces/action/detail/fibonacci__functions.c
[0.948s] -- Up-to-date: /home/ph/ros2_firstw/install/action_tutorials_interfaces/include/action_tutorials_interfaces/action_tutorials_interfaces/action/detail/fibonacci__struct.h
[0.948s] -- Up-to-date: /home/ph/ros2_firstw/install/action_tutorials_interfaces/include/action_tutorials_interfaces/action_tutorials_interfaces/msg
[0.948s] -- Up-to-date: /home/ph/ros2_firstw/install/action_tutorials_interfaces/include/action_tutorials_interfaces/action_tutorials_interfaces/msg/rosidl_generator_c__visibility_control.h
[0.948s] -- Up-to-date: /home/ph/ros2_firstw/install/action_tutorials_interfaces/share/action_tutorials_interfaces/environment/library_path.sh
[0.948s] -- Up-to-date: /home/ph/ros2_firstw/install/action_tutorials_interfaces/share/action_tutorials_interfaces/environment/library_path.dsv
[0.948s] -- Up-to-date: /home/ph/ros2_firstw/install/action_tutorials_interfaces/lib/libaction_tutorials_interfaces__rosidl_generator_c.so
[0.948s] -- Up-to-date: /home/ph/ros2_firstw/install/action_tutorials_interfaces/include/action_tutorials_interfaces/action_tutorials_interfaces
[0.949s] -- Up-to-date: /home/ph/ros2_firstw/install/action_tutorials_interfaces/include/action_tutorials_interfaces/action_tutorials_interfaces/action
[0.949s] -- Up-to-date: /home/ph/ros2_firstw/install/action_tutorials_interfaces/include/action_tutorials_interfaces/action_tutorials_interfaces/action/detail
[0.949s] -- Up-to-date: /home/ph/ros2_firstw/install/action_tutorials_interfaces/include/action_tutorials_interfaces/action_tutorials_interfaces/action/detail/fibonacci__rosidl_typesupport_fastrtps_c.h
[0.950s] -- Up-to-date: /home/ph/ros2_firstw/install/action_tutorials_interfaces/include/action_tutorials_interfaces/action_tutorials_interfaces/msg
[0.950s] -- Up-to-date: /home/ph/ros2_firstw/install/action_tutorials_interfaces/include/action_tutorials_interfaces/action_tutorials_interfaces/msg/rosidl_typesupport_fastrtps_c__visibility_control.h
[0.950s] -- Up-to-date: /home/ph/ros2_firstw/install/action_tutorials_interfaces/lib/libaction_tutorials_interfaces__rosidl_typesupport_fastrtps_c.so
[0.950s] -- Up-to-date: /home/ph/ros2_firstw/install/action_tutorials_interfaces/include/action_tutorials_interfaces/action_tutorials_interfaces
[0.950s] -- Up-to-date: /home/ph/ros2_firstw/install/action_tutorials_interfaces/include/action_tutorials_interfaces/action_tutorials_interfaces/action
[0.950s] -- Up-to-date: /home/ph/ros2_firstw/install/action_tutorials_interfaces/include/action_tutorials_interfaces/action_tutorials_interfaces/action/detail
[0.950s] -- Up-to-date: /home/ph/ros2_firstw/install/action_tutorials_interfaces/include/action_tutorials_interfaces/action_tutorials_interfaces/action/detail/fibonacci__rosidl_typesupport_introspection_c.h
[0.950s] -- Up-to-date: /home/ph/ros2_firstw/install/action_tutorials_interfaces/include/action_tutorials_interfaces/action_tutorials_interfaces/action/detail/fibonacci__type_support.c
[0.950s] -- Up-to-date: /home/ph/ros2_firstw/install/action_tutorials_interfaces/include/action_tutorials_interfaces/action_tutorials_interfaces/msg
[0.951s] -- Up-to-date: /home/ph/ros2_firstw/install/action_tutorials_interfaces/include/action_tutorials_interfaces/action_tutorials_interfaces/msg/rosidl_typesupport_introspection_c__visibility_control.h
[0.951s] -- Up-to-date: /home/ph/ros2_firstw/install/action_tutorials_interfaces/lib/libaction_tutorials_interfaces__rosidl_typesupport_introspection_c.so
[0.951s] -- Up-to-date: /home/ph/ros2_firstw/install/action_tutorials_interfaces/lib/libaction_tutorials_interfaces__rosidl_typesupport_c.so
[0.951s] -- Up-to-date: /home/ph/ros2_firstw/install/action_tutorials_interfaces/include/action_tutorials_interfaces/action_tutorials_interfaces
[0.951s] -- Up-to-date: /home/ph/ros2_firstw/install/action_tutorials_interfaces/include/action_tutorials_interfaces/action_tutorials_interfaces/action
[0.951s] -- Up-to-date: /home/ph/ros2_firstw/install/action_tutorials_interfaces/include/action_tutorials_interfaces/action_tutorials_interfaces/action/fibonacci.hpp
[0.951s] -- Up-to-date: /home/ph/ros2_firstw/install/action_tutorials_interfaces/include/action_tutorials_interfaces/action_tutorials_interfaces/action/detail
[0.951s] -- Up-to-date: /home/ph/ros2_firstw/install/action_tutorials_interfaces/include/action_tutorials_interfaces/action_tutorials_interfaces/action/detail/fibonacci__struct.hpp
[0.952s] -- Up-to-date: /home/ph/ros2_firstw/install/action_tutorials_interfaces/include/action_tutorials_interfaces/action_tutorials_interfaces/action/detail/fibonacci__builder.hpp
[0.952s] -- Up-to-date: /home/ph/ros2_firstw/install/action_tutorials_interfaces/include/action_tutorials_interfaces/action_tutorials_interfaces/action/detail/fibonacci__type_support.hpp
[0.952s] -- Up-to-date: /home/ph/ros2_firstw/install/action_tutorials_interfaces/include/action_tutorials_interfaces/action_tutorials_interfaces/action/detail/fibonacci__traits.hpp
[0.952s] -- Up-to-date: /home/ph/ros2_firstw/install/action_tutorials_interfaces/include/action_tutorials_interfaces/action_tutorials_interfaces/msg
[0.952s] -- Up-to-date: /home/ph/ros2_firstw/install/action_tutorials_interfaces/include/action_tutorials_interfaces/action_tutorials_interfaces/msg/rosidl_generator_cpp__visibility_control.hpp
[0.952s] -- Up-to-date: /home/ph/ros2_firstw/install/action_tutorials_interfaces/include/action_tutorials_interfaces/action_tutorials_interfaces
[0.952s] -- Up-to-date: /home/ph/ros2_firstw/install/action_tutorials_interfaces/include/action_tutorials_interfaces/action_tutorials_interfaces/action
[0.953s] -- Up-to-date: /home/ph/ros2_firstw/install/action_tutorials_interfaces/include/action_tutorials_interfaces/action_tutorials_interfaces/action/detail
[0.953s] -- Up-to-date: /home/ph/ros2_firstw/install/action_tutorials_interfaces/include/action_tutorials_interfaces/action_tutorials_interfaces/action/detail/dds_fastrtps
[0.953s] -- Up-to-date: /home/ph/ros2_firstw/install/action_tutorials_interfaces/include/action_tutorials_interfaces/action_tutorials_interfaces/action/detail/fibonacci__rosidl_typesupport_fastrtps_cpp.hpp
[0.953s] -- Up-to-date: /home/ph/ros2_firstw/install/action_tutorials_interfaces/include/action_tutorials_interfaces/action_tutorials_interfaces/msg
[0.953s] -- Up-to-date: /home/ph/ros2_firstw/install/action_tutorials_interfaces/include/action_tutorials_interfaces/action_tutorials_interfaces/msg/rosidl_typesupport_fastrtps_cpp__visibility_control.h
[0.953s] -- Up-to-date: /home/ph/ros2_firstw/install/action_tutorials_interfaces/lib/libaction_tutorials_interfaces__rosidl_typesupport_fastrtps_cpp.so
[0.953s] -- Up-to-date: /home/ph/ros2_firstw/install/action_tutorials_interfaces/include/action_tutorials_interfaces/action_tutorials_interfaces
[0.953s] -- Up-to-date: /home/ph/ros2_firstw/install/action_tutorials_interfaces/include/action_tutorials_interfaces/action_tutorials_interfaces/action
[0.953s] -- Up-to-date: /home/ph/ros2_firstw/install/action_tutorials_interfaces/include/action_tutorials_interfaces/action_tutorials_interfaces/action/detail
[0.954s] -- Up-to-date: /home/ph/ros2_firstw/install/action_tutorials_interfaces/include/action_tutorials_interfaces/action_tutorials_interfaces/action/detail/fibonacci__rosidl_typesupport_introspection_cpp.hpp
[0.954s] -- Up-to-date: /home/ph/ros2_firstw/install/action_tutorials_interfaces/include/action_tutorials_interfaces/action_tutorials_interfaces/action/detail/fibonacci__type_support.cpp
[0.954s] -- Up-to-date: /home/ph/ros2_firstw/install/action_tutorials_interfaces/lib/libaction_tutorials_interfaces__rosidl_typesupport_introspection_cpp.so
[0.954s] -- Up-to-date: /home/ph/ros2_firstw/install/action_tutorials_interfaces/lib/libaction_tutorials_interfaces__rosidl_typesupport_cpp.so
[0.954s] -- Up-to-date: /home/ph/ros2_firstw/install/action_tutorials_interfaces/share/action_tutorials_interfaces/environment/pythonpath.sh
[0.954s] -- Up-to-date: /home/ph/ros2_firstw/install/action_tutorials_interfaces/share/action_tutorials_interfaces/environment/pythonpath.dsv
[0.954s] -- Up-to-date: /home/ph/ros2_firstw/install/action_tutorials_interfaces/local/lib/python3.10/dist-packages/action_tutorials_interfaces-0.0.0-py3.10.egg-info
[0.954s] -- Installing: /home/ph/ros2_firstw/install/action_tutorials_interfaces/local/lib/python3.10/dist-packages/action_tutorials_interfaces-0.0.0-py3.10.egg-info/top_level.txt
[0.954s] -- Installing: /home/ph/ros2_firstw/install/action_tutorials_interfaces/local/lib/python3.10/dist-packages/action_tutorials_interfaces-0.0.0-py3.10.egg-info/PKG-INFO
[0.955s] -- Installing: /home/ph/ros2_firstw/install/action_tutorials_interfaces/local/lib/python3.10/dist-packages/action_tutorials_interfaces-0.0.0-py3.10.egg-info/SOURCES.txt
[0.955s] -- Installing: /home/ph/ros2_firstw/install/action_tutorials_interfaces/local/lib/python3.10/dist-packages/action_tutorials_interfaces-0.0.0-py3.10.egg-info/dependency_links.txt
[0.955s] -- Up-to-date: /home/ph/ros2_firstw/install/action_tutorials_interfaces/local/lib/python3.10/dist-packages/action_tutorials_interfaces
[0.955s] -- Up-to-date: /home/ph/ros2_firstw/install/action_tutorials_interfaces/local/lib/python3.10/dist-packages/action_tutorials_interfaces/action_tutorials_interfaces_s__rosidl_typesupport_introspection_c.cpython-310-x86_64-linux-gnu.so
[0.955s] -- Up-to-date: /home/ph/ros2_firstw/install/action_tutorials_interfaces/local/lib/python3.10/dist-packages/action_tutorials_interfaces/action
[0.955s] -- Up-to-date: /home/ph/ros2_firstw/install/action_tutorials_interfaces/local/lib/python3.10/dist-packages/action_tutorials_interfaces/action/_fibonacci.py
[0.955s] -- Up-to-date: /home/ph/ros2_firstw/install/action_tutorials_interfaces/local/lib/python3.10/dist-packages/action_tutorials_interfaces/action/_fibonacci_s.c
[0.955s] -- Up-to-date: /home/ph/ros2_firstw/install/action_tutorials_interfaces/local/lib/python3.10/dist-packages/action_tutorials_interfaces/action/__init__.py
[0.956s] -- Up-to-date: /home/ph/ros2_firstw/install/action_tutorials_interfaces/local/lib/python3.10/dist-packages/action_tutorials_interfaces/action_tutorials_interfaces_s__rosidl_typesupport_c.cpython-310-x86_64-linux-gnu.so
[0.956s] -- Up-to-date: /home/ph/ros2_firstw/install/action_tutorials_interfaces/local/lib/python3.10/dist-packages/action_tutorials_interfaces/_action_tutorials_interfaces_s.ep.rosidl_typesupport_c.c
[0.956s] -- Up-to-date: /home/ph/ros2_firstw/install/action_tutorials_interfaces/local/lib/python3.10/dist-packages/action_tutorials_interfaces/libaction_tutorials_interfaces__rosidl_generator_py.so
[0.956s] -- Up-to-date: /home/ph/ros2_firstw/install/action_tutorials_interfaces/local/lib/python3.10/dist-packages/action_tutorials_interfaces/action_tutorials_interfaces_s__rosidl_typesupport_fastrtps_c.cpython-310-x86_64-linux-gnu.so
[0.956s] -- Up-to-date: /home/ph/ros2_firstw/install/action_tutorials_interfaces/local/lib/python3.10/dist-packages/action_tutorials_interfaces/__init__.py
[0.956s] -- Up-to-date: /home/ph/ros2_firstw/install/action_tutorials_interfaces/local/lib/python3.10/dist-packages/action_tutorials_interfaces/_action_tutorials_interfaces_s.ep.rosidl_typesupport_introspection_c.c
[0.956s] -- Up-to-date: /home/ph/ros2_firstw/install/action_tutorials_interfaces/local/lib/python3.10/dist-packages/action_tutorials_interfaces/_action_tutorials_interfaces_s.ep.rosidl_typesupport_fastrtps_c.c
[1.001s] Listing '/home/ph/ros2_firstw/install/action_tutorials_interfaces/local/lib/python3.10/dist-packages/action_tutorials_interfaces'...
[1.001s] Listing '/home/ph/ros2_firstw/install/action_tutorials_interfaces/local/lib/python3.10/dist-packages/action_tutorials_interfaces/action'...
[1.009s] -- Up-to-date: /home/ph/ros2_firstw/install/action_tutorials_interfaces/local/lib/python3.10/dist-packages/action_tutorials_interfaces/action_tutorials_interfaces_s__rosidl_typesupport_fastrtps_c.cpython-310-x86_64-linux-gnu.so
[1.010s] -- Up-to-date: /home/ph/ros2_firstw/install/action_tutorials_interfaces/local/lib/python3.10/dist-packages/action_tutorials_interfaces/action_tutorials_interfaces_s__rosidl_typesupport_introspection_c.cpython-310-x86_64-linux-gnu.so
[1.011s] -- Up-to-date: /home/ph/ros2_firstw/install/action_tutorials_interfaces/local/lib/python3.10/dist-packages/action_tutorials_interfaces/action_tutorials_interfaces_s__rosidl_typesupport_c.cpython-310-x86_64-linux-gnu.so
[1.013s] -- Up-to-date: /home/ph/ros2_firstw/install/action_tutorials_interfaces/lib/libaction_tutorials_interfaces__rosidl_generator_py.so
[1.017s] -- Up-to-date: /home/ph/ros2_firstw/install/action_tutorials_interfaces/share/action_tutorials_interfaces/action/Fibonacci.idl
[1.017s] -- Up-to-date: /home/ph/ros2_firstw/install/action_tutorials_interfaces/share/action_tutorials_interfaces/action/Fibonacci.action
[1.017s] -- Up-to-date: /home/ph/ros2_firstw/install/action_tutorials_interfaces/share/ament_index/resource_index/package_run_dependencies/action_tutorials_interfaces
[1.017s] -- Up-to-date: /home/ph/ros2_firstw/install/action_tutorials_interfaces/share/ament_index/resource_index/parent_prefix_path/action_tutorials_interfaces
[1.017s] -- Up-to-date: /home/ph/ros2_firstw/install/action_tutorials_interfaces/share/action_tutorials_interfaces/environment/ament_prefix_path.sh
[1.018s] -- Up-to-date: /home/ph/ros2_firstw/install/action_tutorials_interfaces/share/action_tutorials_interfaces/environment/ament_prefix_path.dsv
[1.019s] -- Up-to-date: /home/ph/ros2_firstw/install/action_tutorials_interfaces/share/action_tutorials_interfaces/environment/path.sh
[1.019s] -- Up-to-date: /home/ph/ros2_firstw/install/action_tutorials_interfaces/share/action_tutorials_interfaces/environment/path.dsv
[1.019s] -- Up-to-date: /home/ph/ros2_firstw/install/action_tutorials_interfaces/share/action_tutorials_interfaces/local_setup.bash
[1.019s] -- Up-to-date: /home/ph/ros2_firstw/install/action_tutorials_interfaces/share/action_tutorials_interfaces/local_setup.sh
[1.019s] -- Up-to-date: /home/ph/ros2_firstw/install/action_tutorials_interfaces/share/action_tutorials_interfaces/local_setup.zsh
[1.020s] -- Up-to-date: /home/ph/ros2_firstw/install/action_tutorials_interfaces/share/action_tutorials_interfaces/local_setup.dsv
[1.022s] -- Installing: /home/ph/ros2_firstw/install/action_tutorials_interfaces/share/action_tutorials_interfaces/package.dsv
[1.022s] -- Up-to-date: /home/ph/ros2_firstw/install/action_tutorials_interfaces/share/ament_index/resource_index/packages/action_tutorials_interfaces
[1.025s] -- Up-to-date: /home/ph/ros2_firstw/install/action_tutorials_interfaces/share/action_tutorials_interfaces/cmake/export_action_tutorials_interfaces__rosidl_generator_cExport.cmake
[1.026s] -- Up-to-date: /home/ph/ros2_firstw/install/action_tutorials_interfaces/share/action_tutorials_interfaces/cmake/export_action_tutorials_interfaces__rosidl_generator_cExport-noconfig.cmake
[1.026s] -- Up-to-date: /home/ph/ros2_firstw/install/action_tutorials_interfaces/share/action_tutorials_interfaces/cmake/export_action_tutorials_interfaces__rosidl_typesupport_fastrtps_cExport.cmake
[1.027s] -- Up-to-date: /home/ph/ros2_firstw/install/action_tutorials_interfaces/share/action_tutorials_interfaces/cmake/export_action_tutorials_interfaces__rosidl_typesupport_fastrtps_cExport-noconfig.cmake
[1.027s] -- Up-to-date: /home/ph/ros2_firstw/install/action_tutorials_interfaces/share/action_tutorials_interfaces/cmake/action_tutorials_interfaces__rosidl_typesupport_introspection_cExport.cmake
[1.027s] -- Up-to-date: /home/ph/ros2_firstw/install/action_tutorials_interfaces/share/action_tutorials_interfaces/cmake/action_tutorials_interfaces__rosidl_typesupport_introspection_cExport-noconfig.cmake
[1.030s] -- Up-to-date: /home/ph/ros2_firstw/install/action_tutorials_interfaces/share/action_tutorials_interfaces/cmake/action_tutorials_interfaces__rosidl_typesupport_cExport.cmake
[1.030s] -- Up-to-date: /home/ph/ros2_firstw/install/action_tutorials_interfaces/share/action_tutorials_interfaces/cmake/action_tutorials_interfaces__rosidl_typesupport_cExport-noconfig.cmake
[1.030s] -- Up-to-date: /home/ph/ros2_firstw/install/action_tutorials_interfaces/share/action_tutorials_interfaces/cmake/export_action_tutorials_interfaces__rosidl_generator_cppExport.cmake
[1.031s] -- Up-to-date: /home/ph/ros2_firstw/install/action_tutorials_interfaces/share/action_tutorials_interfaces/cmake/export_action_tutorials_interfaces__rosidl_typesupport_fastrtps_cppExport.cmake
[1.031s] -- Up-to-date: /home/ph/ros2_firstw/install/action_tutorials_interfaces/share/action_tutorials_interfaces/cmake/export_action_tutorials_interfaces__rosidl_typesupport_fastrtps_cppExport-noconfig.cmake
[1.032s] -- Up-to-date: /home/ph/ros2_firstw/install/action_tutorials_interfaces/share/action_tutorials_interfaces/cmake/action_tutorials_interfaces__rosidl_typesupport_introspection_cppExport.cmake
[1.032s] -- Up-to-date: /home/ph/ros2_firstw/install/action_tutorials_interfaces/share/action_tutorials_interfaces/cmake/action_tutorials_interfaces__rosidl_typesupport_introspection_cppExport-noconfig.cmake
[1.032s] -- Up-to-date: /home/ph/ros2_firstw/install/action_tutorials_interfaces/share/action_tutorials_interfaces/cmake/action_tutorials_interfaces__rosidl_typesupport_cppExport.cmake
[1.033s] -- Up-to-date: /home/ph/ros2_firstw/install/action_tutorials_interfaces/share/action_tutorials_interfaces/cmake/action_tutorials_interfaces__rosidl_typesupport_cppExport-noconfig.cmake
[1.033s] -- Up-to-date: /home/ph/ros2_firstw/install/action_tutorials_interfaces/share/action_tutorials_interfaces/cmake/export_action_tutorials_interfaces__rosidl_generator_pyExport.cmake
[1.033s] -- Up-to-date: /home/ph/ros2_firstw/install/action_tutorials_interfaces/share/action_tutorials_interfaces/cmake/export_action_tutorials_interfaces__rosidl_generator_pyExport-noconfig.cmake
[1.033s] -- Up-to-date: /home/ph/ros2_firstw/install/action_tutorials_interfaces/share/action_tutorials_interfaces/cmake/rosidl_cmake-extras.cmake
[1.033s] -- Up-to-date: /home/ph/ros2_firstw/install/action_tutorials_interfaces/share/action_tutorials_interfaces/cmake/ament_cmake_export_dependencies-extras.cmake
[1.033s] -- Up-to-date: /home/ph/ros2_firstw/install/action_tutorials_interfaces/share/action_tutorials_interfaces/cmake/ament_cmake_export_include_directories-extras.cmake
[1.033s] -- Up-to-date: /home/ph/ros2_firstw/install/action_tutorials_interfaces/share/action_tutorials_interfaces/cmake/ament_cmake_export_libraries-extras.cmake
[1.034s] -- Up-to-date: /home/ph/ros2_firstw/install/action_tutorials_interfaces/share/action_tutorials_interfaces/cmake/ament_cmake_export_targets-extras.cmake
[1.034s] -- Up-to-date: /home/ph/ros2_firstw/install/action_tutorials_interfaces/share/action_tutorials_interfaces/cmake/rosidl_cmake_export_typesupport_targets-extras.cmake
[1.034s] -- Up-to-date: /home/ph/ros2_firstw/install/action_tutorials_interfaces/share/action_tutorials_interfaces/cmake/rosidl_cmake_export_typesupport_libraries-extras.cmake
[1.034s] -- Up-to-date: /home/ph/ros2_firstw/install/action_tutorials_interfaces/share/action_tutorials_interfaces/cmake/action_tutorials_interfacesConfig.cmake
[1.034s] -- Up-to-date: /home/ph/ros2_firstw/install/action_tutorials_interfaces/share/action_tutorials_interfaces/cmake/action_tutorials_interfacesConfig-version.cmake
[1.034s] -- Up-to-date: /home/ph/ros2_firstw/install/action_tutorials_interfaces/share/action_tutorials_interfaces/package.xml
[1.041s] Invoked command in '/home/ph/ros2_firstw/build/action_tutorials_interfaces' returned '0': CMAKE_PREFIX_PATH=${CMAKE_PREFIX_PATH}:/opt/ros/humble /usr/bin/cmake --install /home/ph/ros2_firstw/build/action_tutorials_interfaces
