[1.140s] Invoking command in '/home/ph/ws/lidar_ws/src/helios16p_cane_robot': PYTHONPATH=/home/ph/ws/lidar_ws/build/helios16p_cane_robot/prefix_override:/usr/lib/python3/dist-packages/colcon_core/task/python/colcon_distutils_commands:/home/ph/ws/lidar_ws/install/helios16p_cane_robot/lib/python3.10/site-packages:${PYTHONPATH} /usr/bin/python3 -W ignore:setup.py install is deprecated -W ignore:easy_install command is deprecated setup.py egg_info --egg-base ../../build/helios16p_cane_robot build --build-base /home/ph/ws/lidar_ws/build/helios16p_cane_robot/build install --record /home/ph/ws/lidar_ws/build/helios16p_cane_robot/install.log --single-version-externally-managed install_data
[1.503s] running egg_info
[1.529s] writing ../../build/helios16p_cane_robot/helios16p_cane_robot.egg-info/PKG-INFO
[1.530s] writing dependency_links to ../../build/helios16p_cane_robot/helios16p_cane_robot.egg-info/dependency_links.txt
[1.530s] writing requirements to ../../build/helios16p_cane_robot/helios16p_cane_robot.egg-info/requires.txt
[1.531s] writing top-level names to ../../build/helios16p_cane_robot/helios16p_cane_robot.egg-info/top_level.txt
[1.587s] reading manifest file '../../build/helios16p_cane_robot/helios16p_cane_robot.egg-info/SOURCES.txt'
[1.588s] writing manifest file '../../build/helios16p_cane_robot/helios16p_cane_robot.egg-info/SOURCES.txt'
[1.589s] running build
[1.589s] running build_py
[1.589s] copying helios16p_cane_robot/__init__.py -> /home/ph/ws/lidar_ws/build/helios16p_cane_robot/build/lib/helios16p_cane_robot
[1.589s] running install
[1.594s] running install_lib
[1.622s] running install_data
[1.623s] copying resource/helios16p_cane_robot -> /home/ph/ws/lidar_ws/install/helios16p_cane_robot/share/ament_index/resource_index/packages
[1.623s] copying package.xml -> /home/ph/ws/lidar_ws/install/helios16p_cane_robot/share/helios16p_cane_robot
[1.623s] copying launch/helios16p_cane_robot.launch.py -> /home/ph/ws/lidar_ws/install/helios16p_cane_robot/share/helios16p_cane_robot/launch
[1.623s] copying launch/helios16p.launch.py -> /home/ph/ws/lidar_ws/install/helios16p_cane_robot/share/helios16p_cane_robot/launch
[1.624s] running install_egg_info
[1.652s] removing '/home/ph/ws/lidar_ws/install/helios16p_cane_robot/lib/python3.10/site-packages/helios16p_cane_robot-0.0.0-py3.10.egg-info' (and everything under it)
[1.652s] Copying ../../build/helios16p_cane_robot/helios16p_cane_robot.egg-info to /home/ph/ws/lidar_ws/install/helios16p_cane_robot/lib/python3.10/site-packages/helios16p_cane_robot-0.0.0-py3.10.egg-info
[1.653s] running install_scripts
[1.859s] writing list of installed files to '/home/ph/ws/lidar_ws/build/helios16p_cane_robot/install.log'
[1.901s] Invoked command in '/home/ph/ws/lidar_ws/src/helios16p_cane_robot' returned '0': PYTHONPATH=/home/ph/ws/lidar_ws/build/helios16p_cane_robot/prefix_override:/usr/lib/python3/dist-packages/colcon_core/task/python/colcon_distutils_commands:/home/ph/ws/lidar_ws/install/helios16p_cane_robot/lib/python3.10/site-packages:${PYTHONPATH} /usr/bin/python3 -W ignore:setup.py install is deprecated -W ignore:easy_install command is deprecated setup.py egg_info --egg-base ../../build/helios16p_cane_robot build --build-base /home/ph/ws/lidar_ws/build/helios16p_cane_robot/build install --record /home/ph/ws/lidar_ws/build/helios16p_cane_robot/install.log --single-version-externally-managed install_data
