[0.018s] Invoking command in '/home/ph/third_ws/build/learning_tf2_cpp': CMAKE_PREFIX_PATH=${CMAKE_PREFIX_PATH}:/home/ph/third_ws/install/learning_tf2_py:/home/ph/launch_ws/install/py_launch_example:/opt/ros/humble /usr/bin/cmake --build /home/ph/third_ws/build/learning_tf2_cpp -- -j8 -l8
[0.075s] -- Found ament_cmake: 1.3.12 (/opt/ros/humble/share/ament_cmake/cmake)
[0.278s] -- Found geometry_msgs: 4.9.0 (/opt/ros/humble/share/geometry_msgs/cmake)
[0.328s] -- Found rosidl_generator_c: 3.1.7 (/opt/ros/humble/share/rosidl_generator_c/cmake)
[0.331s] -- Found rosidl_adapter: 3.1.7 (/opt/ros/humble/share/rosidl_adapter/cmake)
[0.339s] -- Found rosidl_generator_cpp: 3.1.7 (/opt/ros/humble/share/rosidl_generator_cpp/cmake)
[0.352s] -- Using all available rosidl_typesupport_c: rosidl_typesupport_fastrtps_c;rosidl_typesupport_introspection_c
[0.369s] -- Using all available rosidl_typesupport_cpp: rosidl_typesupport_fastrtps_cpp;rosidl_typesupport_introspection_cpp
[0.417s] -- Found rclcpp: 16.0.15 (/opt/ros/humble/share/rclcpp/cmake)
[0.451s] -- Found rmw_implementation_cmake: 6.1.2 (/opt/ros/humble/share/rmw_implementation_cmake/cmake)
[0.453s] -- Found rmw_fastrtps_cpp: 6.2.9 (/opt/ros/humble/share/rmw_fastrtps_cpp/cmake)
[0.605s] -- Using RMW implementation 'rmw_fastrtps_cpp' as default
[0.655s] -- Found tf2: 0.25.16 (/opt/ros/humble/share/tf2/cmake)
[0.660s] -- Found tf2_ros: 0.25.16 (/opt/ros/humble/share/tf2_ros/cmake)
[0.761s] -- Found turtlesim: 1.4.3 (/opt/ros/humble/share/turtlesim/cmake)
[0.782s] -- Found ament_lint_auto: 0.12.14 (/opt/ros/humble/share/ament_lint_auto/cmake)
[0.895s] -- Added test 'cppcheck' to perform static code analysis on C / C++ code
[0.895s] -- Configured cppcheck include dirs: 
[0.895s] -- Configured cppcheck exclude dirs and/or files: 
[0.895s] -- Added test 'flake8' to check Python code syntax and style conventions
[0.896s] -- Added test 'lint_cmake' to check CMake code style
[0.897s] -- Added test 'pep257' to check Python code against some of the docstring style conventions in PEP 257
[0.898s] -- Added test 'uncrustify' to check C / C++ code style
[0.898s] -- Configured uncrustify additional arguments: 
[0.898s] -- Added test 'xmllint' to check XML markup files
[0.900s] -- Configuring done
[0.921s] -- Generating done
[0.929s] -- Build files have been written to: /home/ph/third_ws/build/learning_tf2_cpp
[0.985s] [35m[1mConsolidate compiler generated dependencies of target static_turtle_tf2_broadcaster[0m
[0.994s] [ 25%] [32mBuilding CXX object CMakeFiles/turtle_tf2_broadcaster.dir/src/turtle_tf2_broadcaster.cpp.o[0m
[1.011s] [ 75%] Built target static_turtle_tf2_broadcaster
[11.579s] [100%] [32m[1mLinking CXX executable turtle_tf2_broadcaster[0m
[12.305s] [100%] Built target turtle_tf2_broadcaster
[12.325s] Invoked command in '/home/ph/third_ws/build/learning_tf2_cpp' returned '0': CMAKE_PREFIX_PATH=${CMAKE_PREFIX_PATH}:/home/ph/third_ws/install/learning_tf2_py:/home/ph/launch_ws/install/py_launch_example:/opt/ros/humble /usr/bin/cmake --build /home/ph/third_ws/build/learning_tf2_cpp -- -j8 -l8
[12.353s] Invoking command in '/home/ph/third_ws/build/learning_tf2_cpp': CMAKE_PREFIX_PATH=${CMAKE_PREFIX_PATH}:/home/ph/third_ws/install/learning_tf2_py:/home/ph/launch_ws/install/py_launch_example:/opt/ros/humble /usr/bin/cmake --install /home/ph/third_ws/build/learning_tf2_cpp
[12.363s] -- Install configuration: ""
[12.363s] -- Installing: /home/ph/third_ws/install/learning_tf2_cpp/lib/learning_tf2_cpp/turtle_tf2_broadcaster
[12.369s] -- Set runtime path of "/home/ph/third_ws/install/learning_tf2_cpp/lib/learning_tf2_cpp/turtle_tf2_broadcaster" to ""
[12.369s] -- Up-to-date: /home/ph/third_ws/install/learning_tf2_cpp/share/learning_tf2_cpp//launch
[12.369s] -- Installing: /home/ph/third_ws/install/learning_tf2_cpp/share/learning_tf2_cpp//launch/turtle_tf2_demo_launch.py
[12.369s] -- Up-to-date: /home/ph/third_ws/install/learning_tf2_cpp/share/learning_tf2_cpp//launch/launch.yaml
[12.369s] -- Up-to-date: /home/ph/third_ws/install/learning_tf2_cpp/lib/learning_tf2_cpp/static_turtle_tf2_broadcaster
[12.370s] -- Installing: /home/ph/third_ws/install/learning_tf2_cpp/share/ament_index/resource_index/package_run_dependencies/learning_tf2_cpp
[12.370s] -- Up-to-date: /home/ph/third_ws/install/learning_tf2_cpp/share/ament_index/resource_index/parent_prefix_path/learning_tf2_cpp
[12.370s] -- Up-to-date: /home/ph/third_ws/install/learning_tf2_cpp/share/learning_tf2_cpp/environment/ament_prefix_path.sh
[12.370s] -- Installing: /home/ph/third_ws/install/learning_tf2_cpp/share/learning_tf2_cpp/environment/ament_prefix_path.dsv
[12.370s] -- Up-to-date: /home/ph/third_ws/install/learning_tf2_cpp/share/learning_tf2_cpp/environment/path.sh
[12.370s] -- Installing: /home/ph/third_ws/install/learning_tf2_cpp/share/learning_tf2_cpp/environment/path.dsv
[12.371s] -- Up-to-date: /home/ph/third_ws/install/learning_tf2_cpp/share/learning_tf2_cpp/local_setup.bash
[12.371s] -- Up-to-date: /home/ph/third_ws/install/learning_tf2_cpp/share/learning_tf2_cpp/local_setup.sh
[12.371s] -- Up-to-date: /home/ph/third_ws/install/learning_tf2_cpp/share/learning_tf2_cpp/local_setup.zsh
[12.371s] -- Installing: /home/ph/third_ws/install/learning_tf2_cpp/share/learning_tf2_cpp/local_setup.dsv
[12.371s] -- Installing: /home/ph/third_ws/install/learning_tf2_cpp/share/learning_tf2_cpp/package.dsv
[12.371s] -- Up-to-date: /home/ph/third_ws/install/learning_tf2_cpp/share/ament_index/resource_index/packages/learning_tf2_cpp
[12.372s] -- Up-to-date: /home/ph/third_ws/install/learning_tf2_cpp/share/learning_tf2_cpp/cmake/learning_tf2_cppConfig.cmake
[12.372s] -- Up-to-date: /home/ph/third_ws/install/learning_tf2_cpp/share/learning_tf2_cpp/cmake/learning_tf2_cppConfig-version.cmake
[12.372s] -- Installing: /home/ph/third_ws/install/learning_tf2_cpp/share/learning_tf2_cpp/package.xml
[12.374s] Invoked command in '/home/ph/third_ws/build/learning_tf2_cpp' returned '0': CMAKE_PREFIX_PATH=${CMAKE_PREFIX_PATH}:/home/ph/third_ws/install/learning_tf2_py:/home/ph/launch_ws/install/py_launch_example:/opt/ros/humble /usr/bin/cmake --install /home/ph/third_ws/build/learning_tf2_cpp
