[0.020s] Invoking command in '/home/ph/fifth_ws/src/build/urdf_tutorial_cpp': CMAKE_PREFIX_PATH=/opt/ros/humble:${CMAKE_PREFIX_PATH} /usr/bin/cmake /home/ph/fifth_ws/src/urdf_tutorial_cpp -DAMENT_CMAKE_SYMLINK_INSTALL=1 -DCMAKE_INSTALL_PREFIX=/home/ph/fifth_ws/src/install/urdf_tutorial_cpp
[0.239s] -- The C compiler identification is GNU 11.4.0
[0.436s] -- The CXX compiler identification is GNU 11.4.0
[0.465s] -- Detecting C compiler ABI info
[0.606s] -- Detecting C compiler ABI info - done
[0.619s] -- Check for working C compiler: /usr/bin/cc - skipped
[0.619s] -- Detecting C compile features
[0.620s] -- Detecting C compile features - done
[0.625s] -- Detecting CXX compiler ABI info
[0.757s] -- Detecting CXX compiler ABI info - done
[0.768s] -- Check for working CXX compiler: /usr/bin/c++ - skipped
[0.768s] -- Detecting CXX compile features
[0.769s] -- Detecting CXX compile features - done
[0.790s] -- Found ament_cmake: 1.3.12 (/opt/ros/humble/share/ament_cmake/cmake)
[1.002s] -- Found Python3: /usr/bin/python3 (found version "3.10.12") found components: Interpreter 
[1.096s] -- Override CMake install command with custom implementation using symlinks instead of copying resources
[1.184s] -- Found geometry_msgs: 4.9.0 (/opt/ros/humble/share/geometry_msgs/cmake)
[1.270s] -- Found rosidl_generator_c: 3.1.7 (/opt/ros/humble/share/rosidl_generator_c/cmake)
[1.282s] -- Found rosidl_adapter: 3.1.7 (/opt/ros/humble/share/rosidl_adapter/cmake)
[1.298s] -- Found rosidl_generator_cpp: 3.1.7 (/opt/ros/humble/share/rosidl_generator_cpp/cmake)
[1.325s] -- Using all available rosidl_typesupport_c: rosidl_typesupport_fastrtps_c;rosidl_typesupport_introspection_c
[1.358s] -- Using all available rosidl_typesupport_cpp: rosidl_typesupport_fastrtps_cpp;rosidl_typesupport_introspection_cpp
[1.428s] -- Found sensor_msgs: 4.9.0 (/opt/ros/humble/share/sensor_msgs/cmake)
[1.463s] -- Found tf2_ros: 0.25.16 (/opt/ros/humble/share/tf2_ros/cmake)
[1.614s] -- Found rmw_implementation_cmake: 6.1.2 (/opt/ros/humble/share/rmw_implementation_cmake/cmake)
[1.619s] -- Found rmw_fastrtps_cpp: 6.2.9 (/opt/ros/humble/share/rmw_fastrtps_cpp/cmake)
[1.813s] -- Found OpenSSL: /usr/lib/x86_64-linux-gnu/libcrypto.so (found version "3.0.2")  
[1.874s] -- Found FastRTPS: /opt/ros/humble/include  
[1.935s] -- Using RMW implementation 'rmw_fastrtps_cpp' as default
[1.953s] -- Looking for pthread.h
[2.102s] -- Looking for pthread.h - found
[2.103s] -- Performing Test CMAKE_HAVE_LIBC_PTHREAD
[2.247s] -- Performing Test CMAKE_HAVE_LIBC_PTHREAD - Success
[2.250s] -- Found Threads: TRUE  
[2.471s] -- Found tf2_geometry_msgs: 0.25.16 (/opt/ros/humble/share/tf2_geometry_msgs/cmake)
[2.502s] -- Found eigen3_cmake_module: 0.1.1 (/opt/ros/humble/share/eigen3_cmake_module/cmake)
[2.505s] -- Found Eigen3: TRUE (found version "3.4.0") 
[2.505s] -- Ensuring Eigen3 include directory is part of orocos-kdl CMake target
[2.603s] -- Configuring done
[2.621s] -- Generating done
[2.627s] -- Build files have been written to: /home/ph/fifth_ws/src/build/urdf_tutorial_cpp
[2.641s] Invoked command in '/home/ph/fifth_ws/src/build/urdf_tutorial_cpp' returned '0': CMAKE_PREFIX_PATH=/opt/ros/humble:${CMAKE_PREFIX_PATH} /usr/bin/cmake /home/ph/fifth_ws/src/urdf_tutorial_cpp -DAMENT_CMAKE_SYMLINK_INSTALL=1 -DCMAKE_INSTALL_PREFIX=/home/ph/fifth_ws/src/install/urdf_tutorial_cpp
[2.644s] Invoking command in '/home/ph/fifth_ws/src/build/urdf_tutorial_cpp': CMAKE_PREFIX_PATH=/opt/ros/humble:${CMAKE_PREFIX_PATH} /usr/bin/cmake --build /home/ph/fifth_ws/src/build/urdf_tutorial_cpp -- -j8 -l8
[2.735s] [ 50%] [32mBuilding CXX object CMakeFiles/urdf_tutorial_cpp.dir/src/urdf_tutorial.cpp.o[0m
[8.804s] [100%] [32m[1mLinking CXX executable urdf_tutorial_cpp[0m
[9.223s] [100%] Built target urdf_tutorial_cpp
[9.250s] Invoked command in '/home/ph/fifth_ws/src/build/urdf_tutorial_cpp' returned '0': CMAKE_PREFIX_PATH=/opt/ros/humble:${CMAKE_PREFIX_PATH} /usr/bin/cmake --build /home/ph/fifth_ws/src/build/urdf_tutorial_cpp -- -j8 -l8
[9.268s] Invoking command in '/home/ph/fifth_ws/src/build/urdf_tutorial_cpp': CMAKE_PREFIX_PATH=/opt/ros/humble:${CMAKE_PREFIX_PATH} /usr/bin/cmake --install /home/ph/fifth_ws/src/build/urdf_tutorial_cpp
[9.279s] -- Install configuration: ""
[9.280s] -- Execute custom install script
[9.280s] -- Symlinking: /home/ph/fifth_ws/src/install/urdf_tutorial_cpp/lib/urdf_tutorial_cpp/urdf_tutorial_cpp
[9.301s] -- Symlinking: /home/ph/fifth_ws/src/install/urdf_tutorial_cpp/share/urdf_tutorial_cpp/launch/launch.py
[9.313s] -- Symlinking: /home/ph/fifth_ws/src/install/urdf_tutorial_cpp/share/urdf_tutorial_cpp/urdf/r2d2.rviz
[9.325s] -- Symlinking: /home/ph/fifth_ws/src/install/urdf_tutorial_cpp/share/urdf_tutorial_cpp/urdf/r2d2.urdf.xml
[9.337s] -- Symlinking: /home/ph/fifth_ws/src/install/urdf_tutorial_cpp/share/ament_index/resource_index/package_run_dependencies/urdf_tutorial_cpp
[9.349s] -- Symlinking: /home/ph/fifth_ws/src/install/urdf_tutorial_cpp/share/ament_index/resource_index/parent_prefix_path/urdf_tutorial_cpp
[9.361s] -- Symlinking: /home/ph/fifth_ws/src/install/urdf_tutorial_cpp/share/urdf_tutorial_cpp/environment/ament_prefix_path.sh
[9.373s] -- Symlinking: /home/ph/fifth_ws/src/install/urdf_tutorial_cpp/share/urdf_tutorial_cpp/environment/ament_prefix_path.dsv
[9.384s] -- Symlinking: /home/ph/fifth_ws/src/install/urdf_tutorial_cpp/share/urdf_tutorial_cpp/environment/path.sh
[9.396s] -- Symlinking: /home/ph/fifth_ws/src/install/urdf_tutorial_cpp/share/urdf_tutorial_cpp/environment/path.dsv
[9.408s] -- Symlinking: /home/ph/fifth_ws/src/install/urdf_tutorial_cpp/share/urdf_tutorial_cpp/local_setup.bash
[9.420s] -- Symlinking: /home/ph/fifth_ws/src/install/urdf_tutorial_cpp/share/urdf_tutorial_cpp/local_setup.sh
[9.432s] -- Symlinking: /home/ph/fifth_ws/src/install/urdf_tutorial_cpp/share/urdf_tutorial_cpp/local_setup.zsh
[9.447s] -- Symlinking: /home/ph/fifth_ws/src/install/urdf_tutorial_cpp/share/urdf_tutorial_cpp/local_setup.dsv
[9.459s] -- Symlinking: /home/ph/fifth_ws/src/install/urdf_tutorial_cpp/share/urdf_tutorial_cpp/package.dsv
[9.481s] -- Symlinking: /home/ph/fifth_ws/src/install/urdf_tutorial_cpp/share/ament_index/resource_index/packages/urdf_tutorial_cpp
[9.493s] -- Symlinking: /home/ph/fifth_ws/src/install/urdf_tutorial_cpp/share/urdf_tutorial_cpp/cmake/urdf_tutorial_cppConfig.cmake
[9.505s] -- Symlinking: /home/ph/fifth_ws/src/install/urdf_tutorial_cpp/share/urdf_tutorial_cpp/cmake/urdf_tutorial_cppConfig-version.cmake
[9.516s] -- Symlinking: /home/ph/fifth_ws/src/install/urdf_tutorial_cpp/share/urdf_tutorial_cpp/package.xml
[9.531s] Invoked command in '/home/ph/fifth_ws/src/build/urdf_tutorial_cpp' returned '0': CMAKE_PREFIX_PATH=/opt/ros/humble:${CMAKE_PREFIX_PATH} /usr/bin/cmake --install /home/ph/fifth_ws/src/build/urdf_tutorial_cpp
