[0.020s] Invoking command in '/home/ph/ros2_firstw/build/cpp_srvcli': CMAKE_PREFIX_PATH=${CMAKE_PREFIX_PATH}:/opt/ros/humble /usr/bin/cmake --build /home/ph/ros2_firstw/build/cpp_srvcli -- -j8 -l8
[0.053s] -- Found ament_cmake: 1.3.12 (/opt/ros/humble/share/ament_cmake/cmake)
[0.224s] -- Found rclcpp: 16.0.15 (/opt/ros/humble/share/rclcpp/cmake)
[0.279s] -- Found rosidl_generator_c: 3.1.7 (/opt/ros/humble/share/rosidl_generator_c/cmake)
[0.282s] -- Found rosidl_adapter: 3.1.7 (/opt/ros/humble/share/rosidl_adapter/cmake)
[0.289s] -- Found rosidl_generator_cpp: 3.1.7 (/opt/ros/humble/share/rosidl_generator_cpp/cmake)
[0.301s] -- Using all available rosidl_typesupport_c: rosidl_typesupport_fastrtps_c;rosidl_typesupport_introspection_c
[0.315s] -- Using all available rosidl_typesupport_cpp: rosidl_typesupport_fastrtps_cpp;rosidl_typesupport_introspection_cpp
[0.351s] -- Found rmw_implementation_cmake: 6.1.2 (/opt/ros/humble/share/rmw_implementation_cmake/cmake)
[0.353s] -- Found rmw_fastrtps_cpp: 6.2.9 (/opt/ros/humble/share/rmw_fastrtps_cpp/cmake)
[0.485s] -- Using RMW implementation 'rmw_fastrtps_cpp' as default
[0.539s] -- Found tutorial_interfaces: 0.0.0 (/home/ph/ros2_firstw/install/tutorial_interfaces/share/tutorial_interfaces/cmake)
[0.656s] -- Configuring done
[0.663s] [31mCMake Error at CMakeLists.txt:8 (add_executable):
[0.663s]   Cannot find source file:
[0.664s] 
[0.664s]     src/add_three_ints_server.cpp
[0.664s] 
[0.664s]   Tried extensions .c .C .c++ .cc .cpp .cxx .cu .mpp .m .M .mm .ixx .cppm .h
[0.664s]   .hh .h++ .hm .hpp .hxx .in .txx .f .F .for .f77 .f90 .f95 .f03 .hip .ispc
[0.665s] 
[0.665s] [0m
[0.665s] [31mCMake Error at CMakeLists.txt:11 (add_executable):
[0.665s]   Cannot find source file:
[0.665s] 
[0.665s]     src/add_three_ints_client.cpp
[0.666s] 
[0.666s]   Tried extensions .c .C .c++ .cc .cpp .cxx .cu .mpp .m .M .mm .ixx .cppm .h
[0.666s]   .hh .h++ .hm .hpp .hxx .in .txx .f .F .for .f77 .f90 .f95 .f03 .hip .ispc
[0.666s] 
[0.666s] [0m
[0.666s] [31mCMake Error at CMakeLists.txt:8 (add_executable):
[0.667s]   No SOURCES given to target: server
[0.667s] 
[0.667s] [0m
[0.667s] [31mCMake Error at CMakeLists.txt:11 (add_executable):
[0.667s]   No SOURCES given to target: client
[0.667s] 
[0.667s] [0m
[0.668s] [0mCMake Generate step failed.  Build files cannot be regenerated correctly.[0m
[0.674s] gmake: *** [Makefile:308: cmake_check_build_system] Error 1
[0.679s] Invoked command in '/home/ph/ros2_firstw/build/cpp_srvcli' returned '2': CMAKE_PREFIX_PATH=${CMAKE_PREFIX_PATH}:/opt/ros/humble /usr/bin/cmake --build /home/ph/ros2_firstw/build/cpp_srvcli -- -j8 -l8
