[2.599s] Invoking command in '/home/ph/ws/helios16p_ws/src/helios16p_cane_robot': PYTHONPATH=/home/ph/ws/helios16p_ws/build/helios16p_cane_robot/prefix_override:/usr/lib/python3/dist-packages/colcon_core/task/python/colcon_distutils_commands:/home/ph/ws/helios16p_ws/install/helios16p_cane_robot/lib/python3.10/site-packages:${PYTHONPATH} /usr/bin/python3 -W ignore:setup.py install is deprecated -W ignore:easy_install command is deprecated setup.py egg_info --egg-base ../../build/helios16p_cane_robot build --build-base /home/ph/ws/helios16p_ws/build/helios16p_cane_robot/build install --record /home/ph/ws/helios16p_ws/build/helios16p_cane_robot/install.log --single-version-externally-managed install_data
[3.465s] running egg_info
[3.529s] writing ../../build/helios16p_cane_robot/helios16p_cane_robot.egg-info/PKG-INFO
[3.530s] writing dependency_links to ../../build/helios16p_cane_robot/helios16p_cane_robot.egg-info/dependency_links.txt
[3.531s] writing requirements to ../../build/helios16p_cane_robot/helios16p_cane_robot.egg-info/requires.txt
[3.532s] writing top-level names to ../../build/helios16p_cane_robot/helios16p_cane_robot.egg-info/top_level.txt
[3.662s] reading manifest file '../../build/helios16p_cane_robot/helios16p_cane_robot.egg-info/SOURCES.txt'
[3.666s] writing manifest file '../../build/helios16p_cane_robot/helios16p_cane_robot.egg-info/SOURCES.txt'
[3.666s] running build
[3.666s] running build_py
[3.667s] copying helios16p_cane_robot/__init__.py -> /home/ph/ws/helios16p_ws/build/helios16p_cane_robot/build/lib/helios16p_cane_robot
[3.668s] running install
[3.680s] running install_lib
[3.747s] running install_data
[3.747s] copying resource/helios16p_cane_robot -> /home/ph/ws/helios16p_ws/install/helios16p_cane_robot/share/ament_index/resource_index/packages
[3.748s] copying package.xml -> /home/ph/ws/helios16p_ws/install/helios16p_cane_robot/share/helios16p_cane_robot
[3.748s] copying launch/helios16p_cane_robot.launch.py -> /home/ph/ws/helios16p_ws/install/helios16p_cane_robot/share/helios16p_cane_robot/launch
[3.749s] copying launch/L.py -> /home/ph/ws/helios16p_ws/install/helios16p_cane_robot/share/helios16p_cane_robot/launch
[3.749s] running install_egg_info
[3.815s] removing '/home/ph/ws/helios16p_ws/install/helios16p_cane_robot/lib/python3.10/site-packages/helios16p_cane_robot-0.0.0-py3.10.egg-info' (and everything under it)
[3.815s] Copying ../../build/helios16p_cane_robot/helios16p_cane_robot.egg-info to /home/ph/ws/helios16p_ws/install/helios16p_cane_robot/lib/python3.10/site-packages/helios16p_cane_robot-0.0.0-py3.10.egg-info
[3.818s] running install_scripts
[4.311s] writing list of installed files to '/home/ph/ws/helios16p_ws/build/helios16p_cane_robot/install.log'
[4.402s] Invoked command in '/home/ph/ws/helios16p_ws/src/helios16p_cane_robot' returned '0': PYTHONPATH=/home/ph/ws/helios16p_ws/build/helios16p_cane_robot/prefix_override:/usr/lib/python3/dist-packages/colcon_core/task/python/colcon_distutils_commands:/home/ph/ws/helios16p_ws/install/helios16p_cane_robot/lib/python3.10/site-packages:${PYTHONPATH} /usr/bin/python3 -W ignore:setup.py install is deprecated -W ignore:easy_install command is deprecated setup.py egg_info --egg-base ../../build/helios16p_cane_robot build --build-base /home/ph/ws/helios16p_ws/build/helios16p_cane_robot/build install --record /home/ph/ws/helios16p_ws/build/helios16p_cane_robot/install.log --single-version-externally-managed install_data
