[0.029s] Invoking command in '/home/ph/ros2_firstw/build/more_interfaces': CMAKE_PREFIX_PATH=${CMAKE_PREFIX_PATH}:/opt/ros/humble /usr/bin/cmake --build /home/ph/ros2_firstw/build/more_interfaces -- -j8 -l8
[0.199s] [  3%] Built target more_interfaces__cpp
[0.219s] [ 12%] Built target more_interfaces__rosidl_generator_c
[0.233s] [ 12%] Built target ament_cmake_python_copy_more_interfaces
[0.275s] [ 21%] Built target more_interfaces__rosidl_typesupport_cpp
[0.288s] [ 30%] Built target more_interfaces__rosidl_typesupport_introspection_cpp
[0.289s] [ 39%] Built target more_interfaces__rosidl_typesupport_fastrtps_cpp
[0.289s] [ 48%] Built target more_interfaces__rosidl_typesupport_introspection_c
[0.302s] [ 57%] Built target more_interfaces__rosidl_typesupport_c
[0.303s] [ 66%] Built target more_interfaces__rosidl_typesupport_fastrtps_c
[0.314s] [35m[1mConsolidate compiler generated dependencies of target publish_address_book[0m
[0.348s] [ 66%] Built target more_interfaces
[0.375s] [ 69%] [32mBuilding CXX object CMakeFiles/publish_address_book.dir/src/publish_address_book.cpp.o[0m
[0.383s] [ 72%] Built target more_interfaces__py
[0.433s] [ 78%] Built target more_interfaces__rosidl_generator_py
[0.482s] [ 84%] Built target more_interfaces__rosidl_typesupport_fastrtps_c__pyext
[0.483s] [ 90%] Built target more_interfaces__rosidl_typesupport_introspection_c__pyext
[0.488s] [ 96%] Built target more_interfaces__rosidl_typesupport_c__pyext
[0.703s] running egg_info
[0.704s] writing more_interfaces.egg-info/PKG-INFO
[0.705s] writing dependency_links to more_interfaces.egg-info/dependency_links.txt
[0.705s] writing top-level names to more_interfaces.egg-info/top_level.txt
[0.712s] reading manifest file 'more_interfaces.egg-info/SOURCES.txt'
[0.713s] writing manifest file 'more_interfaces.egg-info/SOURCES.txt'
[0.764s] [ 96%] Built target ament_cmake_python_build_more_interfaces_egg
[5.837s] [100%] [32m[1mLinking CXX executable publish_address_book[0m
[6.125s] [100%] Built target publish_address_book
[6.148s] Invoked command in '/home/ph/ros2_firstw/build/more_interfaces' returned '0': CMAKE_PREFIX_PATH=${CMAKE_PREFIX_PATH}:/opt/ros/humble /usr/bin/cmake --build /home/ph/ros2_firstw/build/more_interfaces -- -j8 -l8
[6.153s] Invoking command in '/home/ph/ros2_firstw/build/more_interfaces': CMAKE_PREFIX_PATH=${CMAKE_PREFIX_PATH}:/opt/ros/humble /usr/bin/cmake --install /home/ph/ros2_firstw/build/more_interfaces
[6.164s] -- Install configuration: ""
[6.164s] -- Up-to-date: /home/ph/ros2_firstw/install/more_interfaces/share/ament_index/resource_index/rosidl_interfaces/more_interfaces
[6.164s] -- Up-to-date: /home/ph/ros2_firstw/install/more_interfaces/include/more_interfaces/more_interfaces
[6.165s] -- Up-to-date: /home/ph/ros2_firstw/install/more_interfaces/include/more_interfaces/more_interfaces/msg
[6.165s] -- Up-to-date: /home/ph/ros2_firstw/install/more_interfaces/include/more_interfaces/more_interfaces/msg/rosidl_generator_c__visibility_control.h
[6.165s] -- Up-to-date: /home/ph/ros2_firstw/install/more_interfaces/include/more_interfaces/more_interfaces/msg/address_book.h
[6.166s] -- Up-to-date: /home/ph/ros2_firstw/install/more_interfaces/include/more_interfaces/more_interfaces/msg/detail
[6.166s] -- Up-to-date: /home/ph/ros2_firstw/install/more_interfaces/include/more_interfaces/more_interfaces/msg/detail/address_book__type_support.h
[6.166s] -- Up-to-date: /home/ph/ros2_firstw/install/more_interfaces/include/more_interfaces/more_interfaces/msg/detail/address_book__functions.c
[6.167s] -- Up-to-date: /home/ph/ros2_firstw/install/more_interfaces/include/more_interfaces/more_interfaces/msg/detail/address_book__struct.h
[6.167s] -- Up-to-date: /home/ph/ros2_firstw/install/more_interfaces/include/more_interfaces/more_interfaces/msg/detail/address_book__functions.h
[6.167s] -- Up-to-date: /home/ph/ros2_firstw/install/more_interfaces/share/more_interfaces/environment/library_path.sh
[6.168s] -- Up-to-date: /home/ph/ros2_firstw/install/more_interfaces/share/more_interfaces/environment/library_path.dsv
[6.168s] -- Up-to-date: /home/ph/ros2_firstw/install/more_interfaces/lib/libmore_interfaces__rosidl_generator_c.so
[6.168s] -- Up-to-date: /home/ph/ros2_firstw/install/more_interfaces/include/more_interfaces/more_interfaces
[6.169s] -- Up-to-date: /home/ph/ros2_firstw/install/more_interfaces/include/more_interfaces/more_interfaces/msg
[6.169s] -- Up-to-date: /home/ph/ros2_firstw/install/more_interfaces/include/more_interfaces/more_interfaces/msg/detail
[6.169s] -- Up-to-date: /home/ph/ros2_firstw/install/more_interfaces/include/more_interfaces/more_interfaces/msg/detail/address_book__rosidl_typesupport_fastrtps_c.h
[6.169s] -- Up-to-date: /home/ph/ros2_firstw/install/more_interfaces/include/more_interfaces/more_interfaces/msg/rosidl_typesupport_fastrtps_c__visibility_control.h
[6.170s] -- Up-to-date: /home/ph/ros2_firstw/install/more_interfaces/lib/libmore_interfaces__rosidl_typesupport_fastrtps_c.so
[6.170s] -- Up-to-date: /home/ph/ros2_firstw/install/more_interfaces/include/more_interfaces/more_interfaces
[6.170s] -- Up-to-date: /home/ph/ros2_firstw/install/more_interfaces/include/more_interfaces/more_interfaces/msg
[6.171s] -- Up-to-date: /home/ph/ros2_firstw/install/more_interfaces/include/more_interfaces/more_interfaces/msg/rosidl_typesupport_introspection_c__visibility_control.h
[6.171s] -- Up-to-date: /home/ph/ros2_firstw/install/more_interfaces/include/more_interfaces/more_interfaces/msg/detail
[6.171s] -- Up-to-date: /home/ph/ros2_firstw/install/more_interfaces/include/more_interfaces/more_interfaces/msg/detail/address_book__rosidl_typesupport_introspection_c.h
[6.171s] -- Up-to-date: /home/ph/ros2_firstw/install/more_interfaces/include/more_interfaces/more_interfaces/msg/detail/address_book__type_support.c
[6.171s] -- Up-to-date: /home/ph/ros2_firstw/install/more_interfaces/lib/libmore_interfaces__rosidl_typesupport_introspection_c.so
[6.172s] -- Up-to-date: /home/ph/ros2_firstw/install/more_interfaces/lib/libmore_interfaces__rosidl_typesupport_c.so
[6.172s] -- Up-to-date: /home/ph/ros2_firstw/install/more_interfaces/include/more_interfaces/more_interfaces
[6.172s] -- Up-to-date: /home/ph/ros2_firstw/install/more_interfaces/include/more_interfaces/more_interfaces/msg
[6.172s] -- Up-to-date: /home/ph/ros2_firstw/install/more_interfaces/include/more_interfaces/more_interfaces/msg/rosidl_generator_cpp__visibility_control.hpp
[6.172s] -- Up-to-date: /home/ph/ros2_firstw/install/more_interfaces/include/more_interfaces/more_interfaces/msg/address_book.hpp
[6.173s] -- Up-to-date: /home/ph/ros2_firstw/install/more_interfaces/include/more_interfaces/more_interfaces/msg/detail
[6.173s] -- Up-to-date: /home/ph/ros2_firstw/install/more_interfaces/include/more_interfaces/more_interfaces/msg/detail/address_book__struct.hpp
[6.173s] -- Up-to-date: /home/ph/ros2_firstw/install/more_interfaces/include/more_interfaces/more_interfaces/msg/detail/address_book__traits.hpp
[6.173s] -- Up-to-date: /home/ph/ros2_firstw/install/more_interfaces/include/more_interfaces/more_interfaces/msg/detail/address_book__builder.hpp
[6.173s] -- Up-to-date: /home/ph/ros2_firstw/install/more_interfaces/include/more_interfaces/more_interfaces/msg/detail/address_book__type_support.hpp
[6.174s] -- Up-to-date: /home/ph/ros2_firstw/install/more_interfaces/include/more_interfaces/more_interfaces
[6.174s] -- Up-to-date: /home/ph/ros2_firstw/install/more_interfaces/include/more_interfaces/more_interfaces/msg
[6.174s] -- Up-to-date: /home/ph/ros2_firstw/install/more_interfaces/include/more_interfaces/more_interfaces/msg/rosidl_typesupport_fastrtps_cpp__visibility_control.h
[6.174s] -- Up-to-date: /home/ph/ros2_firstw/install/more_interfaces/include/more_interfaces/more_interfaces/msg/detail
[6.174s] -- Up-to-date: /home/ph/ros2_firstw/install/more_interfaces/include/more_interfaces/more_interfaces/msg/detail/address_book__rosidl_typesupport_fastrtps_cpp.hpp
[6.175s] -- Up-to-date: /home/ph/ros2_firstw/install/more_interfaces/include/more_interfaces/more_interfaces/msg/detail/dds_fastrtps
[6.175s] -- Up-to-date: /home/ph/ros2_firstw/install/more_interfaces/lib/libmore_interfaces__rosidl_typesupport_fastrtps_cpp.so
[6.175s] -- Up-to-date: /home/ph/ros2_firstw/install/more_interfaces/include/more_interfaces/more_interfaces
[6.175s] -- Up-to-date: /home/ph/ros2_firstw/install/more_interfaces/include/more_interfaces/more_interfaces/msg
[6.176s] -- Up-to-date: /home/ph/ros2_firstw/install/more_interfaces/include/more_interfaces/more_interfaces/msg/detail
[6.176s] -- Up-to-date: /home/ph/ros2_firstw/install/more_interfaces/include/more_interfaces/more_interfaces/msg/detail/address_book__rosidl_typesupport_introspection_cpp.hpp
[6.176s] -- Up-to-date: /home/ph/ros2_firstw/install/more_interfaces/include/more_interfaces/more_interfaces/msg/detail/address_book__type_support.cpp
[6.176s] -- Up-to-date: /home/ph/ros2_firstw/install/more_interfaces/lib/libmore_interfaces__rosidl_typesupport_introspection_cpp.so
[6.176s] -- Up-to-date: /home/ph/ros2_firstw/install/more_interfaces/lib/libmore_interfaces__rosidl_typesupport_cpp.so
[6.176s] -- Up-to-date: /home/ph/ros2_firstw/install/more_interfaces/share/more_interfaces/environment/pythonpath.sh
[6.177s] -- Up-to-date: /home/ph/ros2_firstw/install/more_interfaces/share/more_interfaces/environment/pythonpath.dsv
[6.177s] -- Up-to-date: /home/ph/ros2_firstw/install/more_interfaces/local/lib/python3.10/dist-packages/more_interfaces-0.0.0-py3.10.egg-info
[6.177s] -- Installing: /home/ph/ros2_firstw/install/more_interfaces/local/lib/python3.10/dist-packages/more_interfaces-0.0.0-py3.10.egg-info/top_level.txt
[6.177s] -- Installing: /home/ph/ros2_firstw/install/more_interfaces/local/lib/python3.10/dist-packages/more_interfaces-0.0.0-py3.10.egg-info/PKG-INFO
[6.177s] -- Installing: /home/ph/ros2_firstw/install/more_interfaces/local/lib/python3.10/dist-packages/more_interfaces-0.0.0-py3.10.egg-info/SOURCES.txt
[6.178s] -- Installing: /home/ph/ros2_firstw/install/more_interfaces/local/lib/python3.10/dist-packages/more_interfaces-0.0.0-py3.10.egg-info/dependency_links.txt
[6.178s] -- Up-to-date: /home/ph/ros2_firstw/install/more_interfaces/local/lib/python3.10/dist-packages/more_interfaces
[6.178s] -- Up-to-date: /home/ph/ros2_firstw/install/more_interfaces/local/lib/python3.10/dist-packages/more_interfaces/more_interfaces_s__rosidl_typesupport_introspection_c.cpython-310-x86_64-linux-gnu.so
[6.178s] -- Up-to-date: /home/ph/ros2_firstw/install/more_interfaces/local/lib/python3.10/dist-packages/more_interfaces/_more_interfaces_s.ep.rosidl_typesupport_c.c
[6.178s] -- Up-to-date: /home/ph/ros2_firstw/install/more_interfaces/local/lib/python3.10/dist-packages/more_interfaces/more_interfaces_s__rosidl_typesupport_fastrtps_c.cpython-310-x86_64-linux-gnu.so
[6.179s] -- Up-to-date: /home/ph/ros2_firstw/install/more_interfaces/local/lib/python3.10/dist-packages/more_interfaces/_more_interfaces_s.ep.rosidl_typesupport_fastrtps_c.c
[6.179s] -- Up-to-date: /home/ph/ros2_firstw/install/more_interfaces/local/lib/python3.10/dist-packages/more_interfaces/_more_interfaces_s.ep.rosidl_typesupport_introspection_c.c
[6.179s] -- Up-to-date: /home/ph/ros2_firstw/install/more_interfaces/local/lib/python3.10/dist-packages/more_interfaces/libmore_interfaces__rosidl_generator_py.so
[6.179s] -- Up-to-date: /home/ph/ros2_firstw/install/more_interfaces/local/lib/python3.10/dist-packages/more_interfaces/__init__.py
[6.179s] -- Up-to-date: /home/ph/ros2_firstw/install/more_interfaces/local/lib/python3.10/dist-packages/more_interfaces/more_interfaces_s__rosidl_typesupport_c.cpython-310-x86_64-linux-gnu.so
[6.180s] -- Up-to-date: /home/ph/ros2_firstw/install/more_interfaces/local/lib/python3.10/dist-packages/more_interfaces/msg
[6.180s] -- Up-to-date: /home/ph/ros2_firstw/install/more_interfaces/local/lib/python3.10/dist-packages/more_interfaces/msg/_address_book_s.c
[6.180s] -- Up-to-date: /home/ph/ros2_firstw/install/more_interfaces/local/lib/python3.10/dist-packages/more_interfaces/msg/_address_book.py
[6.180s] -- Up-to-date: /home/ph/ros2_firstw/install/more_interfaces/local/lib/python3.10/dist-packages/more_interfaces/msg/__init__.py
[6.228s] Listing '/home/ph/ros2_firstw/install/more_interfaces/local/lib/python3.10/dist-packages/more_interfaces'...
[6.228s] Listing '/home/ph/ros2_firstw/install/more_interfaces/local/lib/python3.10/dist-packages/more_interfaces/msg'...
[6.234s] -- Up-to-date: /home/ph/ros2_firstw/install/more_interfaces/local/lib/python3.10/dist-packages/more_interfaces/more_interfaces_s__rosidl_typesupport_fastrtps_c.cpython-310-x86_64-linux-gnu.so
[6.235s] -- Up-to-date: /home/ph/ros2_firstw/install/more_interfaces/local/lib/python3.10/dist-packages/more_interfaces/more_interfaces_s__rosidl_typesupport_introspection_c.cpython-310-x86_64-linux-gnu.so
[6.236s] -- Up-to-date: /home/ph/ros2_firstw/install/more_interfaces/local/lib/python3.10/dist-packages/more_interfaces/more_interfaces_s__rosidl_typesupport_c.cpython-310-x86_64-linux-gnu.so
[6.237s] -- Up-to-date: /home/ph/ros2_firstw/install/more_interfaces/lib/libmore_interfaces__rosidl_generator_py.so
[6.238s] -- Up-to-date: /home/ph/ros2_firstw/install/more_interfaces/share/more_interfaces/msg/AddressBook.idl
[6.238s] -- Up-to-date: /home/ph/ros2_firstw/install/more_interfaces/share/more_interfaces/msg/AddressBook.msg
[6.239s] -- Installing: /home/ph/ros2_firstw/install/more_interfaces/lib/more_interfaces/publish_address_book
[6.243s] -- Set runtime path of "/home/ph/ros2_firstw/install/more_interfaces/lib/more_interfaces/publish_address_book" to ""
[6.244s] -- Up-to-date: /home/ph/ros2_firstw/install/more_interfaces/share/ament_index/resource_index/package_run_dependencies/more_interfaces
[6.244s] -- Up-to-date: /home/ph/ros2_firstw/install/more_interfaces/share/ament_index/resource_index/parent_prefix_path/more_interfaces
[6.245s] -- Up-to-date: /home/ph/ros2_firstw/install/more_interfaces/share/more_interfaces/environment/ament_prefix_path.sh
[6.245s] -- Up-to-date: /home/ph/ros2_firstw/install/more_interfaces/share/more_interfaces/environment/ament_prefix_path.dsv
[6.245s] -- Up-to-date: /home/ph/ros2_firstw/install/more_interfaces/share/more_interfaces/environment/path.sh
[6.246s] -- Up-to-date: /home/ph/ros2_firstw/install/more_interfaces/share/more_interfaces/environment/path.dsv
[6.246s] -- Up-to-date: /home/ph/ros2_firstw/install/more_interfaces/share/more_interfaces/local_setup.bash
[6.246s] -- Up-to-date: /home/ph/ros2_firstw/install/more_interfaces/share/more_interfaces/local_setup.sh
[6.246s] -- Up-to-date: /home/ph/ros2_firstw/install/more_interfaces/share/more_interfaces/local_setup.zsh
[6.247s] -- Up-to-date: /home/ph/ros2_firstw/install/more_interfaces/share/more_interfaces/local_setup.dsv
[6.247s] -- Installing: /home/ph/ros2_firstw/install/more_interfaces/share/more_interfaces/package.dsv
[6.247s] -- Up-to-date: /home/ph/ros2_firstw/install/more_interfaces/share/ament_index/resource_index/packages/more_interfaces
[6.248s] -- Up-to-date: /home/ph/ros2_firstw/install/more_interfaces/share/more_interfaces/cmake/export_more_interfaces__rosidl_generator_cExport.cmake
[6.248s] -- Up-to-date: /home/ph/ros2_firstw/install/more_interfaces/share/more_interfaces/cmake/export_more_interfaces__rosidl_generator_cExport-noconfig.cmake
[6.249s] -- Up-to-date: /home/ph/ros2_firstw/install/more_interfaces/share/more_interfaces/cmake/export_more_interfaces__rosidl_typesupport_fastrtps_cExport.cmake
[6.249s] -- Up-to-date: /home/ph/ros2_firstw/install/more_interfaces/share/more_interfaces/cmake/export_more_interfaces__rosidl_typesupport_fastrtps_cExport-noconfig.cmake
[6.250s] -- Up-to-date: /home/ph/ros2_firstw/install/more_interfaces/share/more_interfaces/cmake/more_interfaces__rosidl_typesupport_introspection_cExport.cmake
[6.250s] -- Up-to-date: /home/ph/ros2_firstw/install/more_interfaces/share/more_interfaces/cmake/more_interfaces__rosidl_typesupport_introspection_cExport-noconfig.cmake
[6.250s] -- Up-to-date: /home/ph/ros2_firstw/install/more_interfaces/share/more_interfaces/cmake/more_interfaces__rosidl_typesupport_cExport.cmake
[6.251s] -- Up-to-date: /home/ph/ros2_firstw/install/more_interfaces/share/more_interfaces/cmake/more_interfaces__rosidl_typesupport_cExport-noconfig.cmake
[6.251s] -- Up-to-date: /home/ph/ros2_firstw/install/more_interfaces/share/more_interfaces/cmake/export_more_interfaces__rosidl_generator_cppExport.cmake
[6.251s] -- Up-to-date: /home/ph/ros2_firstw/install/more_interfaces/share/more_interfaces/cmake/export_more_interfaces__rosidl_typesupport_fastrtps_cppExport.cmake
[6.251s] -- Up-to-date: /home/ph/ros2_firstw/install/more_interfaces/share/more_interfaces/cmake/export_more_interfaces__rosidl_typesupport_fastrtps_cppExport-noconfig.cmake
[6.252s] -- Up-to-date: /home/ph/ros2_firstw/install/more_interfaces/share/more_interfaces/cmake/more_interfaces__rosidl_typesupport_introspection_cppExport.cmake
[6.252s] -- Up-to-date: /home/ph/ros2_firstw/install/more_interfaces/share/more_interfaces/cmake/more_interfaces__rosidl_typesupport_introspection_cppExport-noconfig.cmake
[6.252s] -- Up-to-date: /home/ph/ros2_firstw/install/more_interfaces/share/more_interfaces/cmake/more_interfaces__rosidl_typesupport_cppExport.cmake
[6.252s] -- Up-to-date: /home/ph/ros2_firstw/install/more_interfaces/share/more_interfaces/cmake/more_interfaces__rosidl_typesupport_cppExport-noconfig.cmake
[6.253s] -- Up-to-date: /home/ph/ros2_firstw/install/more_interfaces/share/more_interfaces/cmake/export_more_interfaces__rosidl_generator_pyExport.cmake
[6.253s] -- Up-to-date: /home/ph/ros2_firstw/install/more_interfaces/share/more_interfaces/cmake/export_more_interfaces__rosidl_generator_pyExport-noconfig.cmake
[6.254s] -- Up-to-date: /home/ph/ros2_firstw/install/more_interfaces/share/more_interfaces/cmake/rosidl_cmake-extras.cmake
[6.254s] -- Up-to-date: /home/ph/ros2_firstw/install/more_interfaces/share/more_interfaces/cmake/ament_cmake_export_include_directories-extras.cmake
[6.254s] -- Up-to-date: /home/ph/ros2_firstw/install/more_interfaces/share/more_interfaces/cmake/ament_cmake_export_libraries-extras.cmake
[6.254s] -- Up-to-date: /home/ph/ros2_firstw/install/more_interfaces/share/more_interfaces/cmake/ament_cmake_export_targets-extras.cmake
[6.254s] -- Up-to-date: /home/ph/ros2_firstw/install/more_interfaces/share/more_interfaces/cmake/rosidl_cmake_export_typesupport_targets-extras.cmake
[6.255s] -- Up-to-date: /home/ph/ros2_firstw/install/more_interfaces/share/more_interfaces/cmake/ament_cmake_export_dependencies-extras.cmake
[6.255s] -- Up-to-date: /home/ph/ros2_firstw/install/more_interfaces/share/more_interfaces/cmake/rosidl_cmake_export_typesupport_libraries-extras.cmake
[6.255s] -- Up-to-date: /home/ph/ros2_firstw/install/more_interfaces/share/more_interfaces/cmake/more_interfacesConfig.cmake
[6.255s] -- Up-to-date: /home/ph/ros2_firstw/install/more_interfaces/share/more_interfaces/cmake/more_interfacesConfig-version.cmake
[6.255s] -- Up-to-date: /home/ph/ros2_firstw/install/more_interfaces/share/more_interfaces/package.xml
[6.257s] Invoked command in '/home/ph/ros2_firstw/build/more_interfaces' returned '0': CMAKE_PREFIX_PATH=${CMAKE_PREFIX_PATH}:/opt/ros/humble /usr/bin/cmake --install /home/ph/ros2_firstw/build/more_interfaces
