[0.061s] Invoking command in '/home/ph/ros2_firstw/build/nnnode': CMAKE_PREFIX_PATH=${CMAKE_PREFIX_PATH}:/opt/ros/humble /usr/bin/cmake --build /home/ph/ros2_firstw/build/nnnode -- -j8 -l8
[0.404s] [35m[1mConsolidate compiler generated dependencies of target simple_node[0m
[0.405s] [100%] Built target simple_node
[0.440s] Invoked command in '/home/ph/ros2_firstw/build/nnnode' returned '0': CMAKE_PREFIX_PATH=${CMAKE_PREFIX_PATH}:/opt/ros/humble /usr/bin/cmake --build /home/ph/ros2_firstw/build/nnnode -- -j8 -l8
[0.452s] Invoking command in '/home/ph/ros2_firstw/build/nnnode': CMAKE_PREFIX_PATH=${CMAKE_PREFIX_PATH}:/opt/ros/humble /usr/bin/cmake --install /home/ph/ros2_firstw/build/nnnode
[0.528s] -- Install configuration: ""
[0.528s] -- Up-to-date: /home/ph/ros2_firstw/install/nnnode/lib/nnnode/simple_node
[0.528s] -- Up-to-date: /home/ph/ros2_firstw/install/nnnode/share/ament_index/resource_index/package_run_dependencies/nnnode
[0.528s] -- Up-to-date: /home/ph/ros2_firstw/install/nnnode/share/ament_index/resource_index/parent_prefix_path/nnnode
[0.529s] -- Up-to-date: /home/ph/ros2_firstw/install/nnnode/share/nnnode/environment/ament_prefix_path.sh
[0.529s] -- Up-to-date: /home/ph/ros2_firstw/install/nnnode/share/nnnode/environment/ament_prefix_path.dsv
[0.529s] -- Up-to-date: /home/ph/ros2_firstw/install/nnnode/share/nnnode/environment/path.sh
[0.529s] -- Up-to-date: /home/ph/ros2_firstw/install/nnnode/share/nnnode/environment/path.dsv
[0.529s] -- Up-to-date: /home/ph/ros2_firstw/install/nnnode/share/nnnode/local_setup.bash
[0.529s] -- Up-to-date: /home/ph/ros2_firstw/install/nnnode/share/nnnode/local_setup.sh
[0.529s] -- Up-to-date: /home/ph/ros2_firstw/install/nnnode/share/nnnode/local_setup.zsh
[0.530s] -- Up-to-date: /home/ph/ros2_firstw/install/nnnode/share/nnnode/local_setup.dsv
[0.530s] -- Installing: /home/ph/ros2_firstw/install/nnnode/share/nnnode/package.dsv
[0.530s] -- Up-to-date: /home/ph/ros2_firstw/install/nnnode/share/ament_index/resource_index/packages/nnnode
[0.530s] -- Up-to-date: /home/ph/ros2_firstw/install/nnnode/share/nnnode/cmake/nnnodeConfig.cmake
[0.531s] -- Up-to-date: /home/ph/ros2_firstw/install/nnnode/share/nnnode/cmake/nnnodeConfig-version.cmake
[0.531s] -- Up-to-date: /home/ph/ros2_firstw/install/nnnode/share/nnnode/package.xml
[0.604s] Invoked command in '/home/ph/ros2_firstw/build/nnnode' returned '0': CMAKE_PREFIX_PATH=${CMAKE_PREFIX_PATH}:/opt/ros/humble /usr/bin/cmake --install /home/ph/ros2_firstw/build/nnnode
