[0.028s] Invoking command in '/home/ph/ws/lidar_ws/build/kiss_icp': CMAKE_PREFIX_PATH=/opt/ros/humble /usr/bin/cmake --build /home/ph/ws/lidar_ws/build/kiss_icp -- -j8 -l8
[0.094s] [ 14%] Built target kiss_icp_metrics
[0.103s] [ 28%] Built target kiss_icp_node
[0.109s] [ 71%] Built target kiss_icp_core
[0.138s] [ 85%] Built target kiss_icp_pipeline
[0.178s] [100%] Built target odometry_component
[0.189s] Invoked command in '/home/ph/ws/lidar_ws/build/kiss_icp' returned '0': CMAKE_PREFIX_PATH=/opt/ros/humble /usr/bin/cmake --build /home/ph/ws/lidar_ws/build/kiss_icp -- -j8 -l8
[0.200s] Invoking command in '/home/ph/ws/lidar_ws/build/kiss_icp': CMAKE_PREFIX_PATH=/opt/ros/humble /usr/bin/cmake --install /home/ph/ws/lidar_ws/build/kiss_icp
[0.207s] -- Install configuration: "Release"
[0.208s] -- Up-to-date: /home/ph/ws/lidar_ws/install/kiss_icp/lib/kiss_icp/kiss_icp_node
[0.208s] -- Up-to-date: /home/ph/ws/lidar_ws/install/kiss_icp/lib/libodometry_component.so
[0.209s] -- Up-to-date: /home/ph/ws/lidar_ws/install/kiss_icp/share/kiss_icp//launch
[0.209s] -- Up-to-date: /home/ph/ws/lidar_ws/install/kiss_icp/share/kiss_icp//launch/odometry.launch.py
[0.209s] -- Up-to-date: /home/ph/ws/lidar_ws/install/kiss_icp/share/kiss_icp//rviz
[0.209s] -- Up-to-date: /home/ph/ws/lidar_ws/install/kiss_icp/share/kiss_icp//rviz/kiss_icp.rviz
[0.210s] -- Up-to-date: /home/ph/ws/lidar_ws/install/kiss_icp/share/kiss_icp//config
[0.210s] -- Up-to-date: /home/ph/ws/lidar_ws/install/kiss_icp/share/kiss_icp//config/config.yaml
[0.210s] -- Up-to-date: /home/ph/ws/lidar_ws/install/kiss_icp/share/ament_index/resource_index/package_run_dependencies/kiss_icp
[0.210s] -- Up-to-date: /home/ph/ws/lidar_ws/install/kiss_icp/share/ament_index/resource_index/parent_prefix_path/kiss_icp
[0.210s] -- Up-to-date: /home/ph/ws/lidar_ws/install/kiss_icp/share/kiss_icp/environment/ament_prefix_path.sh
[0.211s] -- Up-to-date: /home/ph/ws/lidar_ws/install/kiss_icp/share/kiss_icp/environment/ament_prefix_path.dsv
[0.211s] -- Up-to-date: /home/ph/ws/lidar_ws/install/kiss_icp/share/kiss_icp/environment/path.sh
[0.211s] -- Up-to-date: /home/ph/ws/lidar_ws/install/kiss_icp/share/kiss_icp/environment/path.dsv
[0.211s] -- Up-to-date: /home/ph/ws/lidar_ws/install/kiss_icp/share/kiss_icp/local_setup.bash
[0.211s] -- Up-to-date: /home/ph/ws/lidar_ws/install/kiss_icp/share/kiss_icp/local_setup.sh
[0.211s] -- Up-to-date: /home/ph/ws/lidar_ws/install/kiss_icp/share/kiss_icp/local_setup.zsh
[0.211s] -- Up-to-date: /home/ph/ws/lidar_ws/install/kiss_icp/share/kiss_icp/local_setup.dsv
[0.211s] -- Installing: /home/ph/ws/lidar_ws/install/kiss_icp/share/kiss_icp/package.dsv
[0.211s] -- Up-to-date: /home/ph/ws/lidar_ws/install/kiss_icp/share/ament_index/resource_index/packages/kiss_icp
[0.212s] -- Up-to-date: /home/ph/ws/lidar_ws/install/kiss_icp/share/ament_index/resource_index/rclcpp_components/kiss_icp
[0.212s] -- Up-to-date: /home/ph/ws/lidar_ws/install/kiss_icp/share/kiss_icp/cmake/kiss_icpConfig.cmake
[0.212s] -- Up-to-date: /home/ph/ws/lidar_ws/install/kiss_icp/share/kiss_icp/cmake/kiss_icpConfig-version.cmake
[0.212s] -- Up-to-date: /home/ph/ws/lidar_ws/install/kiss_icp/share/kiss_icp/package.xml
[0.213s] Invoked command in '/home/ph/ws/lidar_ws/build/kiss_icp' returned '0': CMAKE_PREFIX_PATH=/opt/ros/humble /usr/bin/cmake --install /home/ph/ws/lidar_ws/build/kiss_icp
