[0.014s] Invoking command in '/home/ph/fourth_ws/build/urdf_sim_tutorial': AMENT_PREFIX_PATH=/home/ph/fourth_ws/install/urdf_launch:${AMENT_PREFIX_PATH} CMAKE_PREFIX_PATH=/opt/ros/humble:/home/ph/fourth_ws/install/urdf_tutorial:/home/ph/fourth_ws/install/urdf_launch /usr/bin/cmake /home/ph/fourth_ws/src/urdf_sim_tutorial -DCMAKE_INSTALL_PREFIX=/home/ph/fourth_ws/install/urdf_sim_tutorial
[0.035s] -- Found ament_cmake: 1.3.12 (/opt/ros/humble/share/ament_cmake/cmake)
[0.228s] -- Found Python3: /usr/bin/python3 (found version "3.10.12") found components: Interpreter 
[0.435s] -- Configuring done
[0.440s] -- Generating done
[0.442s] -- Build files have been written to: /home/ph/fourth_ws/build/urdf_sim_tutorial
[0.446s] Invoked command in '/home/ph/fourth_ws/build/urdf_sim_tutorial' returned '0': AMENT_PREFIX_PATH=/home/ph/fourth_ws/install/urdf_launch:${AMENT_PREFIX_PATH} CMAKE_PREFIX_PATH=/opt/ros/humble:/home/ph/fourth_ws/install/urdf_tutorial:/home/ph/fourth_ws/install/urdf_launch /usr/bin/cmake /home/ph/fourth_ws/src/urdf_sim_tutorial -DCMAKE_INSTALL_PREFIX=/home/ph/fourth_ws/install/urdf_sim_tutorial
[0.449s] Invoking command in '/home/ph/fourth_ws/build/urdf_sim_tutorial': AMENT_PREFIX_PATH=/home/ph/fourth_ws/install/urdf_launch:${AMENT_PREFIX_PATH} CMAKE_PREFIX_PATH=/opt/ros/humble:/home/ph/fourth_ws/install/urdf_tutorial:/home/ph/fourth_ws/install/urdf_launch /usr/bin/cmake --build /home/ph/fourth_ws/build/urdf_sim_tutorial -- -j8 -l8
[0.531s] Invoked command in '/home/ph/fourth_ws/build/urdf_sim_tutorial' returned '0': AMENT_PREFIX_PATH=/home/ph/fourth_ws/install/urdf_launch:${AMENT_PREFIX_PATH} CMAKE_PREFIX_PATH=/opt/ros/humble:/home/ph/fourth_ws/install/urdf_tutorial:/home/ph/fourth_ws/install/urdf_launch /usr/bin/cmake --build /home/ph/fourth_ws/build/urdf_sim_tutorial -- -j8 -l8
[0.533s] Invoking command in '/home/ph/fourth_ws/build/urdf_sim_tutorial': AMENT_PREFIX_PATH=/home/ph/fourth_ws/install/urdf_launch:${AMENT_PREFIX_PATH} CMAKE_PREFIX_PATH=/opt/ros/humble:/home/ph/fourth_ws/install/urdf_tutorial:/home/ph/fourth_ws/install/urdf_launch /usr/bin/cmake --install /home/ph/fourth_ws/build/urdf_sim_tutorial
[0.542s] -- Install configuration: ""
[0.543s] -- Installing: /home/ph/fourth_ws/install/urdf_sim_tutorial/share/urdf_sim_tutorial/config
[0.543s] -- Installing: /home/ph/fourth_ws/install/urdf_sim_tutorial/share/urdf_sim_tutorial/config/diffdrive.yaml
[0.543s] -- Installing: /home/ph/fourth_ws/install/urdf_sim_tutorial/share/urdf_sim_tutorial/config/gripper.yaml
[0.543s] -- Installing: /home/ph/fourth_ws/install/urdf_sim_tutorial/share/urdf_sim_tutorial/config/joints.yaml
[0.543s] -- Installing: /home/ph/fourth_ws/install/urdf_sim_tutorial/share/urdf_sim_tutorial/config/mimic-gripper.yaml
[0.543s] -- Installing: /home/ph/fourth_ws/install/urdf_sim_tutorial/share/urdf_sim_tutorial/config/09a-minimal.yaml
[0.543s] -- Installing: /home/ph/fourth_ws/install/urdf_sim_tutorial/share/urdf_sim_tutorial/config/head.yaml
[0.544s] -- Installing: /home/ph/fourth_ws/install/urdf_sim_tutorial/share/urdf_sim_tutorial/launch
[0.544s] -- Installing: /home/ph/fourth_ws/install/urdf_sim_tutorial/share/urdf_sim_tutorial/launch/09-joints.launch.py
[0.544s] -- Installing: /home/ph/fourth_ws/install/urdf_sim_tutorial/share/urdf_sim_tutorial/launch/09a-minimal.launch.py
[0.544s] -- Installing: /home/ph/fourth_ws/install/urdf_sim_tutorial/share/urdf_sim_tutorial/launch/10-head.launch.py
[0.544s] -- Installing: /home/ph/fourth_ws/install/urdf_sim_tutorial/share/urdf_sim_tutorial/launch/gazebo.launch.py
[0.544s] -- Installing: /home/ph/fourth_ws/install/urdf_sim_tutorial/share/urdf_sim_tutorial/launch/12-gripper.launch.py
[0.544s] -- Installing: /home/ph/fourth_ws/install/urdf_sim_tutorial/share/urdf_sim_tutorial/launch/13-diffdrive.launch.py
[0.545s] -- Installing: /home/ph/fourth_ws/install/urdf_sim_tutorial/share/urdf_sim_tutorial/rviz
[0.545s] -- Installing: /home/ph/fourth_ws/install/urdf_sim_tutorial/share/urdf_sim_tutorial/rviz/odom_urdf.rviz
[0.545s] -- Installing: /home/ph/fourth_ws/install/urdf_sim_tutorial/share/urdf_sim_tutorial/urdf
[0.545s] -- Installing: /home/ph/fourth_ws/install/urdf_sim_tutorial/share/urdf_sim_tutorial/urdf/13-diffdrive.urdf.xacro
[0.545s] -- Installing: /home/ph/fourth_ws/install/urdf_sim_tutorial/share/urdf_sim_tutorial/urdf/11-limittransmission.urdf.xacro
[0.545s] -- Installing: /home/ph/fourth_ws/install/urdf_sim_tutorial/share/urdf_sim_tutorial/urdf/09-publishjoints.urdf.xacro
[0.545s] -- Installing: /home/ph/fourth_ws/install/urdf_sim_tutorial/share/urdf_sim_tutorial/urdf/12a-mimic-gripper.urdf.xacro
[0.545s] -- Installing: /home/ph/fourth_ws/install/urdf_sim_tutorial/share/urdf_sim_tutorial/urdf/12-gripper.urdf.xacro
[0.546s] -- Installing: /home/ph/fourth_ws/install/urdf_sim_tutorial/share/urdf_sim_tutorial/urdf/09a-minimal.urdf.xacro
[0.546s] -- Installing: /home/ph/fourth_ws/install/urdf_sim_tutorial/share/urdf_sim_tutorial/urdf/10-firsttransmission.urdf.xacro
[0.548s] -- Installing: /home/ph/fourth_ws/install/urdf_sim_tutorial/share/ament_index/resource_index/package_run_dependencies/urdf_sim_tutorial
[0.549s] -- Installing: /home/ph/fourth_ws/install/urdf_sim_tutorial/share/ament_index/resource_index/parent_prefix_path/urdf_sim_tutorial
[0.549s] -- Installing: /home/ph/fourth_ws/install/urdf_sim_tutorial/share/urdf_sim_tutorial/environment/ament_prefix_path.sh
[0.550s] -- Installing: /home/ph/fourth_ws/install/urdf_sim_tutorial/share/urdf_sim_tutorial/environment/ament_prefix_path.dsv
[0.550s] -- Installing: /home/ph/fourth_ws/install/urdf_sim_tutorial/share/urdf_sim_tutorial/environment/path.sh
[0.551s] -- Installing: /home/ph/fourth_ws/install/urdf_sim_tutorial/share/urdf_sim_tutorial/environment/path.dsv
[0.551s] -- Installing: /home/ph/fourth_ws/install/urdf_sim_tutorial/share/urdf_sim_tutorial/local_setup.bash
[0.551s] -- Installing: /home/ph/fourth_ws/install/urdf_sim_tutorial/share/urdf_sim_tutorial/local_setup.sh
[0.551s] -- Installing: /home/ph/fourth_ws/install/urdf_sim_tutorial/share/urdf_sim_tutorial/local_setup.zsh
[0.551s] -- Installing: /home/ph/fourth_ws/install/urdf_sim_tutorial/share/urdf_sim_tutorial/local_setup.dsv
[0.552s] -- Installing: /home/ph/fourth_ws/install/urdf_sim_tutorial/share/urdf_sim_tutorial/package.dsv
[0.552s] -- Installing: /home/ph/fourth_ws/install/urdf_sim_tutorial/share/ament_index/resource_index/packages/urdf_sim_tutorial
[0.552s] -- Installing: /home/ph/fourth_ws/install/urdf_sim_tutorial/share/urdf_sim_tutorial/cmake/urdf_sim_tutorialConfig.cmake
[0.553s] -- Installing: /home/ph/fourth_ws/install/urdf_sim_tutorial/share/urdf_sim_tutorial/cmake/urdf_sim_tutorialConfig-version.cmake
[0.553s] -- Installing: /home/ph/fourth_ws/install/urdf_sim_tutorial/share/urdf_sim_tutorial/package.xml
[0.556s] Invoked command in '/home/ph/fourth_ws/build/urdf_sim_tutorial' returned '0': AMENT_PREFIX_PATH=/home/ph/fourth_ws/install/urdf_launch:${AMENT_PREFIX_PATH} CMAKE_PREFIX_PATH=/opt/ros/humble:/home/ph/fourth_ws/install/urdf_tutorial:/home/ph/fourth_ws/install/urdf_launch /usr/bin/cmake --install /home/ph/fourth_ws/build/urdf_sim_tutorial
