[0.024s] Invoking command in '/home/ph/ros2_firstw/build/action_tutorials_cpp': CMAKE_PREFIX_PATH=/home/ph/ros2_firstw/install/action_tutorials_interfaces:/home/ph/ros2_firstw/install/cpp_srvcli:/home/ph/ros2_firstw/install/cpp_pubsub:/home/ph/ros2_firstw/install/tutorial_interfaces:/home/ph/ros2_firstw/install/turtlesim:/home/ph/ros2_firstw/install/more_interfaces:/home/ph/ros2_firstw/install/firstpkg:/home/ph/ros2_firstw/install/cpp_parameters:/opt/ros/humble LD_LIBRARY_PATH=/home/ph/ros2_firstw/install/action_tutorials_interfaces/lib:/home/ph/ros2_firstw/install/tutorial_interfaces/lib:/home/ph/ros2_firstw/install/turtlesim/lib:/home/ph/ros2_firstw/install/more_interfaces/lib:/opt/ros/humble/opt/rviz_ogre_vendor/lib:/opt/ros/humble/lib/x86_64-linux-gnu:/opt/ros/humble/lib /usr/bin/cmake /home/ph/ros2_firstw/src/action_tutorials_cpp -DCMAKE_INSTALL_PREFIX=/home/ph/ros2_firstw/install/action_tutorials_cpp
[0.164s] -- The C compiler identification is GNU 11.4.0
[0.268s] -- The CXX compiler identification is GNU 11.4.0
[0.285s] -- Detecting C compiler ABI info
[0.428s] -- Detecting C compiler ABI info - done
[0.439s] -- Check for working C compiler: /usr/bin/cc - skipped
[0.440s] -- Detecting C compile features
[0.440s] -- Detecting C compile features - done
[0.445s] -- Detecting CXX compiler ABI info
[0.595s] -- Detecting CXX compiler ABI info - done
[0.605s] -- Check for working CXX compiler: /usr/bin/c++ - skipped
[0.605s] -- Detecting CXX compile features
[0.605s] -- Detecting CXX compile features - done
[0.620s] -- Found ament_cmake: 1.3.12 (/opt/ros/humble/share/ament_cmake/cmake)
[0.828s] -- Found Python3: /usr/bin/python3 (found version "3.10.12") found components: Interpreter 
[1.021s] -- Found action_tutorials_interfaces: 0.0.0 (/home/ph/ros2_firstw/install/action_tutorials_interfaces/share/action_tutorials_interfaces/cmake)
[1.102s] -- Found rosidl_generator_c: 3.1.7 (/opt/ros/humble/share/rosidl_generator_c/cmake)
[1.114s] -- Found rosidl_adapter: 3.1.7 (/opt/ros/humble/share/rosidl_adapter/cmake)
[1.132s] -- Found rosidl_generator_cpp: 3.1.7 (/opt/ros/humble/share/rosidl_generator_cpp/cmake)
[1.160s] -- Using all available rosidl_typesupport_c: rosidl_typesupport_fastrtps_c;rosidl_typesupport_introspection_c
[1.197s] -- Using all available rosidl_typesupport_cpp: rosidl_typesupport_fastrtps_cpp;rosidl_typesupport_introspection_cpp
[1.296s] -- Found rclcpp: 16.0.15 (/opt/ros/humble/share/rclcpp/cmake)
[1.386s] -- Found rmw_implementation_cmake: 6.1.2 (/opt/ros/humble/share/rmw_implementation_cmake/cmake)
[1.393s] -- Found rmw_fastrtps_cpp: 6.2.9 (/opt/ros/humble/share/rmw_fastrtps_cpp/cmake)
[1.628s] -- Found OpenSSL: /usr/lib/x86_64-linux-gnu/libcrypto.so (found version "3.0.2")  
[1.669s] -- Found FastRTPS: /opt/ros/humble/include  
[1.729s] -- Using RMW implementation 'rmw_fastrtps_cpp' as default
[1.749s] -- Looking for pthread.h
[1.904s] -- Looking for pthread.h - found
[1.905s] -- Performing Test CMAKE_HAVE_LIBC_PTHREAD
[2.045s] -- Performing Test CMAKE_HAVE_LIBC_PTHREAD - Success
[2.047s] -- Found Threads: TRUE  
[2.160s] -- Found rclcpp_action: 16.0.15 (/opt/ros/humble/share/rclcpp_action/cmake)
[2.179s] -- Found rclcpp_components: 16.0.15 (/opt/ros/humble/share/rclcpp_components/cmake)
[2.239s] -- Found ament_lint_auto: 0.12.14 (/opt/ros/humble/share/ament_lint_auto/cmake)
[2.389s] -- Added test 'cppcheck' to perform static code analysis on C / C++ code
[2.389s] -- Configured cppcheck include dirs: $<BUILD_INTERFACE:/home/ph/ros2_firstw/src/action_tutorials_cpp/include>
[2.389s] -- Configured cppcheck exclude dirs and/or files: 
[2.391s] -- Added test 'lint_cmake' to check CMake code style
[2.393s] -- Added test 'uncrustify' to check C / C++ code style
[2.393s] -- Configured uncrustify additional arguments: 
[2.394s] -- Added test 'xmllint' to check XML markup files
[2.396s] -- Configuring done
[2.414s] -- Generating done
[2.421s] -- Build files have been written to: /home/ph/ros2_firstw/build/action_tutorials_cpp
[2.433s] Invoked command in '/home/ph/ros2_firstw/build/action_tutorials_cpp' returned '0': CMAKE_PREFIX_PATH=/home/ph/ros2_firstw/install/action_tutorials_interfaces:/home/ph/ros2_firstw/install/cpp_srvcli:/home/ph/ros2_firstw/install/cpp_pubsub:/home/ph/ros2_firstw/install/tutorial_interfaces:/home/ph/ros2_firstw/install/turtlesim:/home/ph/ros2_firstw/install/more_interfaces:/home/ph/ros2_firstw/install/firstpkg:/home/ph/ros2_firstw/install/cpp_parameters:/opt/ros/humble LD_LIBRARY_PATH=/home/ph/ros2_firstw/install/action_tutorials_interfaces/lib:/home/ph/ros2_firstw/install/tutorial_interfaces/lib:/home/ph/ros2_firstw/install/turtlesim/lib:/home/ph/ros2_firstw/install/more_interfaces/lib:/opt/ros/humble/opt/rviz_ogre_vendor/lib:/opt/ros/humble/lib/x86_64-linux-gnu:/opt/ros/humble/lib /usr/bin/cmake /home/ph/ros2_firstw/src/action_tutorials_cpp -DCMAKE_INSTALL_PREFIX=/home/ph/ros2_firstw/install/action_tutorials_cpp
[2.435s] Invoking command in '/home/ph/ros2_firstw/build/action_tutorials_cpp': CMAKE_PREFIX_PATH=/home/ph/ros2_firstw/install/action_tutorials_interfaces:/home/ph/ros2_firstw/install/cpp_srvcli:/home/ph/ros2_firstw/install/cpp_pubsub:/home/ph/ros2_firstw/install/tutorial_interfaces:/home/ph/ros2_firstw/install/turtlesim:/home/ph/ros2_firstw/install/more_interfaces:/home/ph/ros2_firstw/install/firstpkg:/home/ph/ros2_firstw/install/cpp_parameters:/opt/ros/humble LD_LIBRARY_PATH=/home/ph/ros2_firstw/install/action_tutorials_interfaces/lib:/home/ph/ros2_firstw/install/tutorial_interfaces/lib:/home/ph/ros2_firstw/install/turtlesim/lib:/home/ph/ros2_firstw/install/more_interfaces/lib:/opt/ros/humble/opt/rviz_ogre_vendor/lib:/opt/ros/humble/lib/x86_64-linux-gnu:/opt/ros/humble/lib /usr/bin/cmake --build /home/ph/ros2_firstw/build/action_tutorials_cpp -- -j8 -l8
[2.533s] [ 25%] [32mBuilding CXX object CMakeFiles/action_server.dir/src/fibonacci_action_server.cpp.o[0m
[2.537s] [ 50%] [32mBuilding CXX object CMakeFiles/fibonacci_action_server.dir/rclcpp_components/node_main_fibonacci_action_server.cpp.o[0m
[6.549s] [ 75%] [32m[1mLinking CXX executable fibonacci_action_server[0m
[6.805s] [ 75%] Built target fibonacci_action_server
[7.542s] [100%] [32m[1mLinking CXX shared library libaction_server.so[0m
[7.798s] [100%] Built target action_server
[7.818s] Invoked command in '/home/ph/ros2_firstw/build/action_tutorials_cpp' returned '0': CMAKE_PREFIX_PATH=/home/ph/ros2_firstw/install/action_tutorials_interfaces:/home/ph/ros2_firstw/install/cpp_srvcli:/home/ph/ros2_firstw/install/cpp_pubsub:/home/ph/ros2_firstw/install/tutorial_interfaces:/home/ph/ros2_firstw/install/turtlesim:/home/ph/ros2_firstw/install/more_interfaces:/home/ph/ros2_firstw/install/firstpkg:/home/ph/ros2_firstw/install/cpp_parameters:/opt/ros/humble LD_LIBRARY_PATH=/home/ph/ros2_firstw/install/action_tutorials_interfaces/lib:/home/ph/ros2_firstw/install/tutorial_interfaces/lib:/home/ph/ros2_firstw/install/turtlesim/lib:/home/ph/ros2_firstw/install/more_interfaces/lib:/opt/ros/humble/opt/rviz_ogre_vendor/lib:/opt/ros/humble/lib/x86_64-linux-gnu:/opt/ros/humble/lib /usr/bin/cmake --build /home/ph/ros2_firstw/build/action_tutorials_cpp -- -j8 -l8
[7.821s] Invoking command in '/home/ph/ros2_firstw/build/action_tutorials_cpp': CMAKE_PREFIX_PATH=/home/ph/ros2_firstw/install/action_tutorials_interfaces:/home/ph/ros2_firstw/install/cpp_srvcli:/home/ph/ros2_firstw/install/cpp_pubsub:/home/ph/ros2_firstw/install/tutorial_interfaces:/home/ph/ros2_firstw/install/turtlesim:/home/ph/ros2_firstw/install/more_interfaces:/home/ph/ros2_firstw/install/firstpkg:/home/ph/ros2_firstw/install/cpp_parameters:/opt/ros/humble LD_LIBRARY_PATH=/home/ph/ros2_firstw/install/action_tutorials_interfaces/lib:/home/ph/ros2_firstw/install/tutorial_interfaces/lib:/home/ph/ros2_firstw/install/turtlesim/lib:/home/ph/ros2_firstw/install/more_interfaces/lib:/opt/ros/humble/opt/rviz_ogre_vendor/lib:/opt/ros/humble/lib/x86_64-linux-gnu:/opt/ros/humble/lib /usr/bin/cmake --install /home/ph/ros2_firstw/build/action_tutorials_cpp
[7.830s] -- Install configuration: ""
[7.830s] -- Installing: /home/ph/ros2_firstw/install/action_tutorials_cpp/lib/action_tutorials_cpp/fibonacci_action_server
[7.831s] -- Set runtime path of "/home/ph/ros2_firstw/install/action_tutorials_cpp/lib/action_tutorials_cpp/fibonacci_action_server" to ""
[7.831s] -- Installing: /home/ph/ros2_firstw/install/action_tutorials_cpp/lib/libaction_server.so
[7.833s] -- Set runtime path of "/home/ph/ros2_firstw/install/action_tutorials_cpp/lib/libaction_server.so" to ""
[7.834s] -- Installing: /home/ph/ros2_firstw/install/action_tutorials_cpp/share/ament_index/resource_index/package_run_dependencies/action_tutorials_cpp
[7.834s] -- Installing: /home/ph/ros2_firstw/install/action_tutorials_cpp/share/ament_index/resource_index/parent_prefix_path/action_tutorials_cpp
[7.834s] -- Installing: /home/ph/ros2_firstw/install/action_tutorials_cpp/share/action_tutorials_cpp/environment/ament_prefix_path.sh
[7.834s] -- Installing: /home/ph/ros2_firstw/install/action_tutorials_cpp/share/action_tutorials_cpp/environment/ament_prefix_path.dsv
[7.835s] -- Installing: /home/ph/ros2_firstw/install/action_tutorials_cpp/share/action_tutorials_cpp/environment/path.sh
[7.835s] -- Installing: /home/ph/ros2_firstw/install/action_tutorials_cpp/share/action_tutorials_cpp/environment/path.dsv
[7.835s] -- Installing: /home/ph/ros2_firstw/install/action_tutorials_cpp/share/action_tutorials_cpp/local_setup.bash
[7.835s] -- Installing: /home/ph/ros2_firstw/install/action_tutorials_cpp/share/action_tutorials_cpp/local_setup.sh
[7.835s] -- Installing: /home/ph/ros2_firstw/install/action_tutorials_cpp/share/action_tutorials_cpp/local_setup.zsh
[7.836s] -- Installing: /home/ph/ros2_firstw/install/action_tutorials_cpp/share/action_tutorials_cpp/local_setup.dsv
[7.836s] -- Installing: /home/ph/ros2_firstw/install/action_tutorials_cpp/share/action_tutorials_cpp/package.dsv
[7.836s] -- Installing: /home/ph/ros2_firstw/install/action_tutorials_cpp/share/ament_index/resource_index/packages/action_tutorials_cpp
[7.836s] -- Installing: /home/ph/ros2_firstw/install/action_tutorials_cpp/share/ament_index/resource_index/rclcpp_components/action_tutorials_cpp
[7.837s] -- Installing: /home/ph/ros2_firstw/install/action_tutorials_cpp/share/action_tutorials_cpp/cmake/action_tutorials_cppConfig.cmake
[7.837s] -- Installing: /home/ph/ros2_firstw/install/action_tutorials_cpp/share/action_tutorials_cpp/cmake/action_tutorials_cppConfig-version.cmake
[7.837s] -- Installing: /home/ph/ros2_firstw/install/action_tutorials_cpp/share/action_tutorials_cpp/package.xml
[7.841s] Invoked command in '/home/ph/ros2_firstw/build/action_tutorials_cpp' returned '0': CMAKE_PREFIX_PATH=/home/ph/ros2_firstw/install/action_tutorials_interfaces:/home/ph/ros2_firstw/install/cpp_srvcli:/home/ph/ros2_firstw/install/cpp_pubsub:/home/ph/ros2_firstw/install/tutorial_interfaces:/home/ph/ros2_firstw/install/turtlesim:/home/ph/ros2_firstw/install/more_interfaces:/home/ph/ros2_firstw/install/firstpkg:/home/ph/ros2_firstw/install/cpp_parameters:/opt/ros/humble LD_LIBRARY_PATH=/home/ph/ros2_firstw/install/action_tutorials_interfaces/lib:/home/ph/ros2_firstw/install/tutorial_interfaces/lib:/home/ph/ros2_firstw/install/turtlesim/lib:/home/ph/ros2_firstw/install/more_interfaces/lib:/opt/ros/humble/opt/rviz_ogre_vendor/lib:/opt/ros/humble/lib/x86_64-linux-gnu:/opt/ros/humble/lib /usr/bin/cmake --install /home/ph/ros2_firstw/build/action_tutorials_cpp
