[0.043s] Invoking command in '/home/ph/ros2_firstw/build/more_interfaces': CMAKE_PREFIX_PATH=${CMAKE_PREFIX_PATH}:/opt/ros/humble /usr/bin/cmake --build /home/ph/ros2_firstw/build/more_interfaces -- -j8 -l8
[0.205s] [  3%] Built target more_interfaces__cpp
[0.205s] [ 12%] Built target more_interfaces__rosidl_generator_c
[0.268s] [ 12%] Built target ament_cmake_python_copy_more_interfaces
[0.337s] [ 21%] Built target more_interfaces__rosidl_typesupport_fastrtps_cpp
[0.337s] [ 30%] Built target more_interfaces__rosidl_typesupport_cpp
[0.393s] [ 39%] Built target more_interfaces__rosidl_typesupport_introspection_cpp
[0.394s] [ 48%] Built target more_interfaces__rosidl_typesupport_c
[0.394s] [ 57%] Built target more_interfaces__rosidl_typesupport_introspection_c
[0.401s] [ 66%] Built target more_interfaces__rosidl_typesupport_fastrtps_c
[0.431s] [ 72%] Built target publish_address_book
[0.467s] [ 72%] Built target more_interfaces
[0.553s] [ 75%] Built target more_interfaces__py
[0.619s] [ 81%] Built target more_interfaces__rosidl_generator_py
[0.708s] [ 87%] Built target more_interfaces__rosidl_typesupport_fastrtps_c__pyext
[0.714s] [ 93%] Built target more_interfaces__rosidl_typesupport_introspection_c__pyext
[0.724s] [100%] Built target more_interfaces__rosidl_typesupport_c__pyext
[0.914s] running egg_info
[0.916s] writing more_interfaces.egg-info/PKG-INFO
[0.917s] writing dependency_links to more_interfaces.egg-info/dependency_links.txt
[0.917s] writing top-level names to more_interfaces.egg-info/top_level.txt
[0.925s] reading manifest file 'more_interfaces.egg-info/SOURCES.txt'
[0.928s] writing manifest file 'more_interfaces.egg-info/SOURCES.txt'
[1.011s] [100%] Built target ament_cmake_python_build_more_interfaces_egg
[1.043s] Invoked command in '/home/ph/ros2_firstw/build/more_interfaces' returned '0': CMAKE_PREFIX_PATH=${CMAKE_PREFIX_PATH}:/opt/ros/humble /usr/bin/cmake --build /home/ph/ros2_firstw/build/more_interfaces -- -j8 -l8
[1.046s] Invoking command in '/home/ph/ros2_firstw/build/more_interfaces': CMAKE_PREFIX_PATH=${CMAKE_PREFIX_PATH}:/opt/ros/humble /usr/bin/cmake --install /home/ph/ros2_firstw/build/more_interfaces
[1.067s] -- Install configuration: ""
[1.067s] -- Up-to-date: /home/ph/ros2_firstw/install/more_interfaces/share/ament_index/resource_index/rosidl_interfaces/more_interfaces
[1.067s] -- Up-to-date: /home/ph/ros2_firstw/install/more_interfaces/include/more_interfaces/more_interfaces
[1.067s] -- Up-to-date: /home/ph/ros2_firstw/install/more_interfaces/include/more_interfaces/more_interfaces/msg
[1.067s] -- Up-to-date: /home/ph/ros2_firstw/install/more_interfaces/include/more_interfaces/more_interfaces/msg/rosidl_generator_c__visibility_control.h
[1.067s] -- Up-to-date: /home/ph/ros2_firstw/install/more_interfaces/include/more_interfaces/more_interfaces/msg/address_book.h
[1.068s] -- Up-to-date: /home/ph/ros2_firstw/install/more_interfaces/include/more_interfaces/more_interfaces/msg/detail
[1.068s] -- Up-to-date: /home/ph/ros2_firstw/install/more_interfaces/include/more_interfaces/more_interfaces/msg/detail/address_book__type_support.h
[1.068s] -- Up-to-date: /home/ph/ros2_firstw/install/more_interfaces/include/more_interfaces/more_interfaces/msg/detail/address_book__functions.c
[1.068s] -- Up-to-date: /home/ph/ros2_firstw/install/more_interfaces/include/more_interfaces/more_interfaces/msg/detail/address_book__struct.h
[1.070s] -- Up-to-date: /home/ph/ros2_firstw/install/more_interfaces/include/more_interfaces/more_interfaces/msg/detail/address_book__functions.h
[1.070s] -- Up-to-date: /home/ph/ros2_firstw/install/more_interfaces/share/more_interfaces/environment/library_path.sh
[1.070s] -- Up-to-date: /home/ph/ros2_firstw/install/more_interfaces/share/more_interfaces/environment/library_path.dsv
[1.071s] -- Up-to-date: /home/ph/ros2_firstw/install/more_interfaces/lib/libmore_interfaces__rosidl_generator_c.so
[1.072s] -- Up-to-date: /home/ph/ros2_firstw/install/more_interfaces/include/more_interfaces/more_interfaces
[1.072s] -- Up-to-date: /home/ph/ros2_firstw/install/more_interfaces/include/more_interfaces/more_interfaces/msg
[1.073s] -- Up-to-date: /home/ph/ros2_firstw/install/more_interfaces/include/more_interfaces/more_interfaces/msg/detail
[1.073s] -- Up-to-date: /home/ph/ros2_firstw/install/more_interfaces/include/more_interfaces/more_interfaces/msg/detail/address_book__rosidl_typesupport_fastrtps_c.h
[1.073s] -- Up-to-date: /home/ph/ros2_firstw/install/more_interfaces/include/more_interfaces/more_interfaces/msg/rosidl_typesupport_fastrtps_c__visibility_control.h
[1.077s] -- Up-to-date: /home/ph/ros2_firstw/install/more_interfaces/lib/libmore_interfaces__rosidl_typesupport_fastrtps_c.so
[1.077s] -- Up-to-date: /home/ph/ros2_firstw/install/more_interfaces/include/more_interfaces/more_interfaces
[1.077s] -- Up-to-date: /home/ph/ros2_firstw/install/more_interfaces/include/more_interfaces/more_interfaces/msg
[1.078s] -- Up-to-date: /home/ph/ros2_firstw/install/more_interfaces/include/more_interfaces/more_interfaces/msg/rosidl_typesupport_introspection_c__visibility_control.h
[1.079s] -- Up-to-date: /home/ph/ros2_firstw/install/more_interfaces/include/more_interfaces/more_interfaces/msg/detail
[1.079s] -- Up-to-date: /home/ph/ros2_firstw/install/more_interfaces/include/more_interfaces/more_interfaces/msg/detail/address_book__rosidl_typesupport_introspection_c.h
[1.079s] -- Up-to-date: /home/ph/ros2_firstw/install/more_interfaces/include/more_interfaces/more_interfaces/msg/detail/address_book__type_support.c
[1.079s] -- Up-to-date: /home/ph/ros2_firstw/install/more_interfaces/lib/libmore_interfaces__rosidl_typesupport_introspection_c.so
[1.083s] -- Up-to-date: /home/ph/ros2_firstw/install/more_interfaces/lib/libmore_interfaces__rosidl_typesupport_c.so
[1.084s] -- Up-to-date: /home/ph/ros2_firstw/install/more_interfaces/include/more_interfaces/more_interfaces
[1.084s] -- Up-to-date: /home/ph/ros2_firstw/install/more_interfaces/include/more_interfaces/more_interfaces/msg
[1.085s] -- Up-to-date: /home/ph/ros2_firstw/install/more_interfaces/include/more_interfaces/more_interfaces/msg/rosidl_generator_cpp__visibility_control.hpp
[1.085s] -- Up-to-date: /home/ph/ros2_firstw/install/more_interfaces/include/more_interfaces/more_interfaces/msg/address_book.hpp
[1.085s] -- Up-to-date: /home/ph/ros2_firstw/install/more_interfaces/include/more_interfaces/more_interfaces/msg/detail
[1.086s] -- Up-to-date: /home/ph/ros2_firstw/install/more_interfaces/include/more_interfaces/more_interfaces/msg/detail/address_book__struct.hpp
[1.086s] -- Up-to-date: /home/ph/ros2_firstw/install/more_interfaces/include/more_interfaces/more_interfaces/msg/detail/address_book__traits.hpp
[1.086s] -- Up-to-date: /home/ph/ros2_firstw/install/more_interfaces/include/more_interfaces/more_interfaces/msg/detail/address_book__builder.hpp
[1.086s] -- Up-to-date: /home/ph/ros2_firstw/install/more_interfaces/include/more_interfaces/more_interfaces/msg/detail/address_book__type_support.hpp
[1.087s] -- Up-to-date: /home/ph/ros2_firstw/install/more_interfaces/include/more_interfaces/more_interfaces
[1.087s] -- Up-to-date: /home/ph/ros2_firstw/install/more_interfaces/include/more_interfaces/more_interfaces/msg
[1.087s] -- Up-to-date: /home/ph/ros2_firstw/install/more_interfaces/include/more_interfaces/more_interfaces/msg/rosidl_typesupport_fastrtps_cpp__visibility_control.h
[1.087s] -- Up-to-date: /home/ph/ros2_firstw/install/more_interfaces/include/more_interfaces/more_interfaces/msg/detail
[1.088s] -- Up-to-date: /home/ph/ros2_firstw/install/more_interfaces/include/more_interfaces/more_interfaces/msg/detail/address_book__rosidl_typesupport_fastrtps_cpp.hpp
[1.088s] -- Up-to-date: /home/ph/ros2_firstw/install/more_interfaces/include/more_interfaces/more_interfaces/msg/detail/dds_fastrtps
[1.088s] -- Up-to-date: /home/ph/ros2_firstw/install/more_interfaces/lib/libmore_interfaces__rosidl_typesupport_fastrtps_cpp.so
[1.089s] -- Up-to-date: /home/ph/ros2_firstw/install/more_interfaces/include/more_interfaces/more_interfaces
[1.090s] -- Up-to-date: /home/ph/ros2_firstw/install/more_interfaces/include/more_interfaces/more_interfaces/msg
[1.090s] -- Up-to-date: /home/ph/ros2_firstw/install/more_interfaces/include/more_interfaces/more_interfaces/msg/detail
[1.090s] -- Up-to-date: /home/ph/ros2_firstw/install/more_interfaces/include/more_interfaces/more_interfaces/msg/detail/address_book__rosidl_typesupport_introspection_cpp.hpp
[1.090s] -- Up-to-date: /home/ph/ros2_firstw/install/more_interfaces/include/more_interfaces/more_interfaces/msg/detail/address_book__type_support.cpp
[1.090s] -- Up-to-date: /home/ph/ros2_firstw/install/more_interfaces/lib/libmore_interfaces__rosidl_typesupport_introspection_cpp.so
[1.090s] -- Up-to-date: /home/ph/ros2_firstw/install/more_interfaces/lib/libmore_interfaces__rosidl_typesupport_cpp.so
[1.091s] -- Up-to-date: /home/ph/ros2_firstw/install/more_interfaces/share/more_interfaces/environment/pythonpath.sh
[1.091s] -- Up-to-date: /home/ph/ros2_firstw/install/more_interfaces/share/more_interfaces/environment/pythonpath.dsv
[1.092s] -- Up-to-date: /home/ph/ros2_firstw/install/more_interfaces/local/lib/python3.10/dist-packages/more_interfaces-0.0.0-py3.10.egg-info
[1.093s] -- Installing: /home/ph/ros2_firstw/install/more_interfaces/local/lib/python3.10/dist-packages/more_interfaces-0.0.0-py3.10.egg-info/top_level.txt
[1.093s] -- Installing: /home/ph/ros2_firstw/install/more_interfaces/local/lib/python3.10/dist-packages/more_interfaces-0.0.0-py3.10.egg-info/PKG-INFO
[1.093s] -- Installing: /home/ph/ros2_firstw/install/more_interfaces/local/lib/python3.10/dist-packages/more_interfaces-0.0.0-py3.10.egg-info/SOURCES.txt
[1.094s] -- Installing: /home/ph/ros2_firstw/install/more_interfaces/local/lib/python3.10/dist-packages/more_interfaces-0.0.0-py3.10.egg-info/dependency_links.txt
[1.097s] -- Up-to-date: /home/ph/ros2_firstw/install/more_interfaces/local/lib/python3.10/dist-packages/more_interfaces
[1.097s] -- Up-to-date: /home/ph/ros2_firstw/install/more_interfaces/local/lib/python3.10/dist-packages/more_interfaces/more_interfaces_s__rosidl_typesupport_introspection_c.cpython-310-x86_64-linux-gnu.so
[1.098s] -- Up-to-date: /home/ph/ros2_firstw/install/more_interfaces/local/lib/python3.10/dist-packages/more_interfaces/_more_interfaces_s.ep.rosidl_typesupport_c.c
[1.099s] -- Up-to-date: /home/ph/ros2_firstw/install/more_interfaces/local/lib/python3.10/dist-packages/more_interfaces/more_interfaces_s__rosidl_typesupport_fastrtps_c.cpython-310-x86_64-linux-gnu.so
[1.099s] -- Up-to-date: /home/ph/ros2_firstw/install/more_interfaces/local/lib/python3.10/dist-packages/more_interfaces/_more_interfaces_s.ep.rosidl_typesupport_fastrtps_c.c
[1.099s] -- Up-to-date: /home/ph/ros2_firstw/install/more_interfaces/local/lib/python3.10/dist-packages/more_interfaces/_more_interfaces_s.ep.rosidl_typesupport_introspection_c.c
[1.100s] -- Up-to-date: /home/ph/ros2_firstw/install/more_interfaces/local/lib/python3.10/dist-packages/more_interfaces/libmore_interfaces__rosidl_generator_py.so
[1.100s] -- Up-to-date: /home/ph/ros2_firstw/install/more_interfaces/local/lib/python3.10/dist-packages/more_interfaces/__init__.py
[1.101s] -- Up-to-date: /home/ph/ros2_firstw/install/more_interfaces/local/lib/python3.10/dist-packages/more_interfaces/more_interfaces_s__rosidl_typesupport_c.cpython-310-x86_64-linux-gnu.so
[1.101s] -- Up-to-date: /home/ph/ros2_firstw/install/more_interfaces/local/lib/python3.10/dist-packages/more_interfaces/msg
[1.101s] -- Up-to-date: /home/ph/ros2_firstw/install/more_interfaces/local/lib/python3.10/dist-packages/more_interfaces/msg/_address_book_s.c
[1.101s] -- Up-to-date: /home/ph/ros2_firstw/install/more_interfaces/local/lib/python3.10/dist-packages/more_interfaces/msg/_address_book.py
[1.102s] -- Up-to-date: /home/ph/ros2_firstw/install/more_interfaces/local/lib/python3.10/dist-packages/more_interfaces/msg/__init__.py
[1.170s] Listing '/home/ph/ros2_firstw/install/more_interfaces/local/lib/python3.10/dist-packages/more_interfaces'...
[1.170s] Listing '/home/ph/ros2_firstw/install/more_interfaces/local/lib/python3.10/dist-packages/more_interfaces/msg'...
[1.186s] -- Up-to-date: /home/ph/ros2_firstw/install/more_interfaces/local/lib/python3.10/dist-packages/more_interfaces/more_interfaces_s__rosidl_typesupport_fastrtps_c.cpython-310-x86_64-linux-gnu.so
[1.187s] -- Up-to-date: /home/ph/ros2_firstw/install/more_interfaces/local/lib/python3.10/dist-packages/more_interfaces/more_interfaces_s__rosidl_typesupport_introspection_c.cpython-310-x86_64-linux-gnu.so
[1.188s] -- Up-to-date: /home/ph/ros2_firstw/install/more_interfaces/local/lib/python3.10/dist-packages/more_interfaces/more_interfaces_s__rosidl_typesupport_c.cpython-310-x86_64-linux-gnu.so
[1.189s] -- Up-to-date: /home/ph/ros2_firstw/install/more_interfaces/lib/libmore_interfaces__rosidl_generator_py.so
[1.189s] -- Up-to-date: /home/ph/ros2_firstw/install/more_interfaces/share/more_interfaces/msg/AddressBook.idl
[1.189s] -- Up-to-date: /home/ph/ros2_firstw/install/more_interfaces/share/more_interfaces/msg/AddressBook.msg
[1.190s] -- Up-to-date: /home/ph/ros2_firstw/install/more_interfaces/lib/more_interfaces/publish_address_book
[1.191s] -- Up-to-date: /home/ph/ros2_firstw/install/more_interfaces/share/ament_index/resource_index/package_run_dependencies/more_interfaces
[1.192s] -- Up-to-date: /home/ph/ros2_firstw/install/more_interfaces/share/ament_index/resource_index/parent_prefix_path/more_interfaces
[1.198s] -- Up-to-date: /home/ph/ros2_firstw/install/more_interfaces/share/more_interfaces/environment/ament_prefix_path.sh
[1.199s] -- Up-to-date: /home/ph/ros2_firstw/install/more_interfaces/share/more_interfaces/environment/ament_prefix_path.dsv
[1.199s] -- Up-to-date: /home/ph/ros2_firstw/install/more_interfaces/share/more_interfaces/environment/path.sh
[1.203s] -- Up-to-date: /home/ph/ros2_firstw/install/more_interfaces/share/more_interfaces/environment/path.dsv
[1.204s] -- Up-to-date: /home/ph/ros2_firstw/install/more_interfaces/share/more_interfaces/local_setup.bash
[1.204s] -- Up-to-date: /home/ph/ros2_firstw/install/more_interfaces/share/more_interfaces/local_setup.sh
[1.204s] -- Up-to-date: /home/ph/ros2_firstw/install/more_interfaces/share/more_interfaces/local_setup.zsh
[1.204s] -- Up-to-date: /home/ph/ros2_firstw/install/more_interfaces/share/more_interfaces/local_setup.dsv
[1.204s] -- Installing: /home/ph/ros2_firstw/install/more_interfaces/share/more_interfaces/package.dsv
[1.205s] -- Up-to-date: /home/ph/ros2_firstw/install/more_interfaces/share/ament_index/resource_index/packages/more_interfaces
[1.205s] -- Up-to-date: /home/ph/ros2_firstw/install/more_interfaces/share/more_interfaces/cmake/export_more_interfaces__rosidl_generator_cExport.cmake
[1.205s] -- Up-to-date: /home/ph/ros2_firstw/install/more_interfaces/share/more_interfaces/cmake/export_more_interfaces__rosidl_generator_cExport-noconfig.cmake
[1.205s] -- Up-to-date: /home/ph/ros2_firstw/install/more_interfaces/share/more_interfaces/cmake/export_more_interfaces__rosidl_typesupport_fastrtps_cExport.cmake
[1.205s] -- Up-to-date: /home/ph/ros2_firstw/install/more_interfaces/share/more_interfaces/cmake/export_more_interfaces__rosidl_typesupport_fastrtps_cExport-noconfig.cmake
[1.205s] -- Up-to-date: /home/ph/ros2_firstw/install/more_interfaces/share/more_interfaces/cmake/more_interfaces__rosidl_typesupport_introspection_cExport.cmake
[1.205s] -- Up-to-date: /home/ph/ros2_firstw/install/more_interfaces/share/more_interfaces/cmake/more_interfaces__rosidl_typesupport_introspection_cExport-noconfig.cmake
[1.205s] -- Up-to-date: /home/ph/ros2_firstw/install/more_interfaces/share/more_interfaces/cmake/more_interfaces__rosidl_typesupport_cExport.cmake
[1.206s] -- Up-to-date: /home/ph/ros2_firstw/install/more_interfaces/share/more_interfaces/cmake/more_interfaces__rosidl_typesupport_cExport-noconfig.cmake
[1.206s] -- Up-to-date: /home/ph/ros2_firstw/install/more_interfaces/share/more_interfaces/cmake/export_more_interfaces__rosidl_generator_cppExport.cmake
[1.206s] -- Up-to-date: /home/ph/ros2_firstw/install/more_interfaces/share/more_interfaces/cmake/export_more_interfaces__rosidl_typesupport_fastrtps_cppExport.cmake
[1.206s] -- Up-to-date: /home/ph/ros2_firstw/install/more_interfaces/share/more_interfaces/cmake/export_more_interfaces__rosidl_typesupport_fastrtps_cppExport-noconfig.cmake
[1.207s] -- Up-to-date: /home/ph/ros2_firstw/install/more_interfaces/share/more_interfaces/cmake/more_interfaces__rosidl_typesupport_introspection_cppExport.cmake
[1.207s] -- Up-to-date: /home/ph/ros2_firstw/install/more_interfaces/share/more_interfaces/cmake/more_interfaces__rosidl_typesupport_introspection_cppExport-noconfig.cmake
[1.207s] -- Up-to-date: /home/ph/ros2_firstw/install/more_interfaces/share/more_interfaces/cmake/more_interfaces__rosidl_typesupport_cppExport.cmake
[1.207s] -- Up-to-date: /home/ph/ros2_firstw/install/more_interfaces/share/more_interfaces/cmake/more_interfaces__rosidl_typesupport_cppExport-noconfig.cmake
[1.208s] -- Up-to-date: /home/ph/ros2_firstw/install/more_interfaces/share/more_interfaces/cmake/export_more_interfaces__rosidl_generator_pyExport.cmake
[1.208s] -- Up-to-date: /home/ph/ros2_firstw/install/more_interfaces/share/more_interfaces/cmake/export_more_interfaces__rosidl_generator_pyExport-noconfig.cmake
[1.208s] -- Up-to-date: /home/ph/ros2_firstw/install/more_interfaces/share/more_interfaces/cmake/rosidl_cmake-extras.cmake
[1.208s] -- Up-to-date: /home/ph/ros2_firstw/install/more_interfaces/share/more_interfaces/cmake/ament_cmake_export_include_directories-extras.cmake
[1.208s] -- Up-to-date: /home/ph/ros2_firstw/install/more_interfaces/share/more_interfaces/cmake/ament_cmake_export_libraries-extras.cmake
[1.208s] -- Up-to-date: /home/ph/ros2_firstw/install/more_interfaces/share/more_interfaces/cmake/ament_cmake_export_targets-extras.cmake
[1.208s] -- Up-to-date: /home/ph/ros2_firstw/install/more_interfaces/share/more_interfaces/cmake/rosidl_cmake_export_typesupport_targets-extras.cmake
[1.209s] -- Up-to-date: /home/ph/ros2_firstw/install/more_interfaces/share/more_interfaces/cmake/ament_cmake_export_dependencies-extras.cmake
[1.209s] -- Up-to-date: /home/ph/ros2_firstw/install/more_interfaces/share/more_interfaces/cmake/rosidl_cmake_export_typesupport_libraries-extras.cmake
[1.209s] -- Up-to-date: /home/ph/ros2_firstw/install/more_interfaces/share/more_interfaces/cmake/more_interfacesConfig.cmake
[1.209s] -- Up-to-date: /home/ph/ros2_firstw/install/more_interfaces/share/more_interfaces/cmake/more_interfacesConfig-version.cmake
[1.211s] -- Up-to-date: /home/ph/ros2_firstw/install/more_interfaces/share/more_interfaces/package.xml
[1.257s] Invoked command in '/home/ph/ros2_firstw/build/more_interfaces' returned '0': CMAKE_PREFIX_PATH=${CMAKE_PREFIX_PATH}:/opt/ros/humble /usr/bin/cmake --install /home/ph/ros2_firstw/build/more_interfaces
