[2.605s] Invoking command in '/home/ph/ws/lidar_ws/src/helios16p_cane_robot': PYTHONPATH=/home/ph/ws/lidar_ws/build/helios16p_cane_robot/prefix_override:/usr/lib/python3/dist-packages/colcon_core/task/python/colcon_distutils_commands:/home/ph/ws/lidar_ws/install/helios16p_cane_robot/lib/python3.10/site-packages:${PYTHONPATH} /usr/bin/python3 -W ignore:setup.py install is deprecated -W ignore:easy_install command is deprecated setup.py egg_info --egg-base ../../build/helios16p_cane_robot build --build-base /home/ph/ws/lidar_ws/build/helios16p_cane_robot/build install --record /home/ph/ws/lidar_ws/build/helios16p_cane_robot/install.log --single-version-externally-managed install_data
[3.444s] running egg_info
[3.505s] writing ../../build/helios16p_cane_robot/helios16p_cane_robot.egg-info/PKG-INFO
[3.507s] writing dependency_links to ../../build/helios16p_cane_robot/helios16p_cane_robot.egg-info/dependency_links.txt
[3.508s] writing requirements to ../../build/helios16p_cane_robot/helios16p_cane_robot.egg-info/requires.txt
[3.509s] writing top-level names to ../../build/helios16p_cane_robot/helios16p_cane_robot.egg-info/top_level.txt
[3.637s] reading manifest file '../../build/helios16p_cane_robot/helios16p_cane_robot.egg-info/SOURCES.txt'
[3.641s] writing manifest file '../../build/helios16p_cane_robot/helios16p_cane_robot.egg-info/SOURCES.txt'
[3.641s] running build
[3.642s] running build_py
[3.642s] copying helios16p_cane_robot/__init__.py -> /home/ph/ws/lidar_ws/build/helios16p_cane_robot/build/lib/helios16p_cane_robot
[3.643s] running install
[3.656s] running install_lib
[3.719s] running install_data
[3.719s] copying resource/helios16p_cane_robot -> /home/ph/ws/lidar_ws/install/helios16p_cane_robot/share/ament_index/resource_index/packages
[3.720s] copying package.xml -> /home/ph/ws/lidar_ws/install/helios16p_cane_robot/share/helios16p_cane_robot
[3.720s] copying launch/helios16p_cane_robot.launch.py -> /home/ph/ws/lidar_ws/install/helios16p_cane_robot/share/helios16p_cane_robot/launch
[3.721s] copying launch/helios16p.launch.py -> /home/ph/ws/lidar_ws/install/helios16p_cane_robot/share/helios16p_cane_robot/launch
[3.721s] running install_egg_info
[3.785s] removing '/home/ph/ws/lidar_ws/install/helios16p_cane_robot/lib/python3.10/site-packages/helios16p_cane_robot-0.0.0-py3.10.egg-info' (and everything under it)
[3.786s] Copying ../../build/helios16p_cane_robot/helios16p_cane_robot.egg-info to /home/ph/ws/lidar_ws/install/helios16p_cane_robot/lib/python3.10/site-packages/helios16p_cane_robot-0.0.0-py3.10.egg-info
[3.789s] running install_scripts
[4.271s] writing list of installed files to '/home/ph/ws/lidar_ws/build/helios16p_cane_robot/install.log'
[4.340s] Invoked command in '/home/ph/ws/lidar_ws/src/helios16p_cane_robot' returned '0': PYTHONPATH=/home/ph/ws/lidar_ws/build/helios16p_cane_robot/prefix_override:/usr/lib/python3/dist-packages/colcon_core/task/python/colcon_distutils_commands:/home/ph/ws/lidar_ws/install/helios16p_cane_robot/lib/python3.10/site-packages:${PYTHONPATH} /usr/bin/python3 -W ignore:setup.py install is deprecated -W ignore:easy_install command is deprecated setup.py egg_info --egg-base ../../build/helios16p_cane_robot build --build-base /home/ph/ws/lidar_ws/build/helios16p_cane_robot/build install --record /home/ph/ws/lidar_ws/build/helios16p_cane_robot/install.log --single-version-externally-managed install_data
