[0.156s] DEBUG:colcon:Command line arguments: ['/usr/bin/colcon', 'build']
[0.156s] DEBUG:colcon:Parsed command line arguments: Namespace(log_base=None, log_level=None, verb_name='build', build_base='build', install_base='install', merge_install=False, symlink_install=False, test_result_base=None, continue_on_error=False, executor='parallel', parallel_workers=8, event_handlers=None, ignore_user_meta=False, metas=['./colcon.meta'], base_paths=['.'], packages_ignore=None, packages_ignore_regex=None, paths=None, packages_up_to=None, packages_up_to_regex=None, packages_above=None, packages_above_and_dependencies=None, packages_above_depth=None, packages_select_by_dep=None, packages_skip_by_dep=None, packages_skip_up_to=None, packages_select_build_failed=False, packages_skip_build_finished=False, packages_select_test_failures=False, packages_skip_test_passed=False, packages_select=None, packages_skip=None, packages_select_regex=None, packages_skip_regex=None, packages_start=None, packages_end=None, allow_overriding=[], cmake_args=None, cmake_target=None, cmake_target_skip_unavailable=False, cmake_clean_cache=False, cmake_clean_first=False, cmake_force_configure=False, ament_cmake_args=None, catkin_cmake_args=None, catkin_skip_building_tests=False, mixin_files=None, mixin=None, verb_parser=<colcon_mixin.mixin.mixin_argument.MixinArgumentDecorator object at 0x7ddc90a67220>, verb_extension=<colcon_core.verb.build.BuildVerb object at 0x7ddc90a66920>, main=<bound method BuildVerb.main of <colcon_core.verb.build.BuildVerb object at 0x7ddc90a66920>>, mixin_verb=('build',))
[0.404s] Level 1:colcon.colcon_core.package_discovery:discover_packages(colcon_meta) check parameters
[0.404s] Level 1:colcon.colcon_core.package_discovery:discover_packages(recursive) check parameters
[0.404s] Level 1:colcon.colcon_core.package_discovery:discover_packages(ignore) check parameters
[0.404s] Level 1:colcon.colcon_core.package_discovery:discover_packages(path) check parameters
[0.405s] Level 1:colcon.colcon_core.package_discovery:discover_packages(colcon_meta) discover
[0.405s] Level 1:colcon.colcon_core.package_discovery:discover_packages(recursive) discover
[0.405s] INFO:colcon.colcon_core.package_discovery:Crawling recursively for packages in '/home/ph/fourth_ws'
[0.405s] Level 1:colcon.colcon_core.package_identification:_identify(.) by extensions ['ignore', 'ignore_ament_install']
[0.405s] Level 1:colcon.colcon_core.package_identification:_identify(.) by extension 'ignore'
[0.405s] Level 1:colcon.colcon_core.package_identification:_identify(.) by extension 'ignore_ament_install'
[0.405s] Level 1:colcon.colcon_core.package_identification:_identify(.) by extensions ['colcon_pkg']
[0.405s] Level 1:colcon.colcon_core.package_identification:_identify(.) by extension 'colcon_pkg'
[0.405s] Level 1:colcon.colcon_core.package_identification:_identify(.) by extensions ['colcon_meta']
[0.405s] Level 1:colcon.colcon_core.package_identification:_identify(.) by extension 'colcon_meta'
[0.405s] Level 1:colcon.colcon_core.package_identification:_identify(.) by extensions ['ros']
[0.405s] Level 1:colcon.colcon_core.package_identification:_identify(.) by extension 'ros'
[0.422s] Level 1:colcon.colcon_core.package_identification:_identify(.) by extensions ['cmake', 'python']
[0.422s] Level 1:colcon.colcon_core.package_identification:_identify(.) by extension 'cmake'
[0.422s] Level 1:colcon.colcon_core.package_identification:_identify(.) by extension 'python'
[0.422s] Level 1:colcon.colcon_core.package_identification:_identify(.) by extensions ['python_setup_py']
[0.422s] Level 1:colcon.colcon_core.package_identification:_identify(.) by extension 'python_setup_py'
[0.422s] Level 1:colcon.colcon_core.package_identification:_identify(build) by extensions ['ignore', 'ignore_ament_install']
[0.422s] Level 1:colcon.colcon_core.package_identification:_identify(build) by extension 'ignore'
[0.422s] Level 1:colcon.colcon_core.package_identification:_identify(build) ignored
[0.423s] Level 1:colcon.colcon_core.package_identification:_identify(install) by extensions ['ignore', 'ignore_ament_install']
[0.423s] Level 1:colcon.colcon_core.package_identification:_identify(install) by extension 'ignore'
[0.423s] Level 1:colcon.colcon_core.package_identification:_identify(install) ignored
[0.423s] Level 1:colcon.colcon_core.package_identification:_identify(log) by extensions ['ignore', 'ignore_ament_install']
[0.423s] Level 1:colcon.colcon_core.package_identification:_identify(log) by extension 'ignore'
[0.423s] Level 1:colcon.colcon_core.package_identification:_identify(log) ignored
[0.423s] Level 1:colcon.colcon_core.package_identification:_identify(src) by extensions ['ignore', 'ignore_ament_install']
[0.423s] Level 1:colcon.colcon_core.package_identification:_identify(src) by extension 'ignore'
[0.423s] Level 1:colcon.colcon_core.package_identification:_identify(src) by extension 'ignore_ament_install'
[0.423s] Level 1:colcon.colcon_core.package_identification:_identify(src) by extensions ['colcon_pkg']
[0.423s] Level 1:colcon.colcon_core.package_identification:_identify(src) by extension 'colcon_pkg'
[0.423s] Level 1:colcon.colcon_core.package_identification:_identify(src) by extensions ['colcon_meta']
[0.423s] Level 1:colcon.colcon_core.package_identification:_identify(src) by extension 'colcon_meta'
[0.423s] Level 1:colcon.colcon_core.package_identification:_identify(src) by extensions ['ros']
[0.424s] Level 1:colcon.colcon_core.package_identification:_identify(src) by extension 'ros'
[0.424s] Level 1:colcon.colcon_core.package_identification:_identify(src) by extensions ['cmake', 'python']
[0.424s] Level 1:colcon.colcon_core.package_identification:_identify(src) by extension 'cmake'
[0.424s] Level 1:colcon.colcon_core.package_identification:_identify(src) by extension 'python'
[0.424s] Level 1:colcon.colcon_core.package_identification:_identify(src) by extensions ['python_setup_py']
[0.424s] Level 1:colcon.colcon_core.package_identification:_identify(src) by extension 'python_setup_py'
[0.424s] Level 1:colcon.colcon_core.package_identification:_identify(src/urdf_launch) by extensions ['ignore', 'ignore_ament_install']
[0.424s] Level 1:colcon.colcon_core.package_identification:_identify(src/urdf_launch) by extension 'ignore'
[0.424s] Level 1:colcon.colcon_core.package_identification:_identify(src/urdf_launch) by extension 'ignore_ament_install'
[0.424s] Level 1:colcon.colcon_core.package_identification:_identify(src/urdf_launch) by extensions ['colcon_pkg']
[0.424s] Level 1:colcon.colcon_core.package_identification:_identify(src/urdf_launch) by extension 'colcon_pkg'
[0.424s] Level 1:colcon.colcon_core.package_identification:_identify(src/urdf_launch) by extensions ['colcon_meta']
[0.424s] Level 1:colcon.colcon_core.package_identification:_identify(src/urdf_launch) by extension 'colcon_meta'
[0.424s] Level 1:colcon.colcon_core.package_identification:_identify(src/urdf_launch) by extensions ['ros']
[0.424s] Level 1:colcon.colcon_core.package_identification:_identify(src/urdf_launch) by extension 'ros'
[0.430s] DEBUG:colcon.colcon_core.package_identification:Package 'src/urdf_launch' with type 'ros.ament_cmake' and name 'urdf_launch'
[0.430s] Level 1:colcon.colcon_core.package_identification:_identify(src/urdf_sim_tutorial) by extensions ['ignore', 'ignore_ament_install']
[0.431s] Level 1:colcon.colcon_core.package_identification:_identify(src/urdf_sim_tutorial) by extension 'ignore'
[0.431s] Level 1:colcon.colcon_core.package_identification:_identify(src/urdf_sim_tutorial) by extension 'ignore_ament_install'
[0.431s] Level 1:colcon.colcon_core.package_identification:_identify(src/urdf_sim_tutorial) by extensions ['colcon_pkg']
[0.431s] Level 1:colcon.colcon_core.package_identification:_identify(src/urdf_sim_tutorial) by extension 'colcon_pkg'
[0.431s] Level 1:colcon.colcon_core.package_identification:_identify(src/urdf_sim_tutorial) by extensions ['colcon_meta']
[0.431s] Level 1:colcon.colcon_core.package_identification:_identify(src/urdf_sim_tutorial) by extension 'colcon_meta'
[0.431s] Level 1:colcon.colcon_core.package_identification:_identify(src/urdf_sim_tutorial) by extensions ['ros']
[0.431s] Level 1:colcon.colcon_core.package_identification:_identify(src/urdf_sim_tutorial) by extension 'ros'
[0.432s] DEBUG:colcon.colcon_core.package_identification:Package 'src/urdf_sim_tutorial' with type 'ros.ament_cmake' and name 'urdf_sim_tutorial'
[0.432s] Level 1:colcon.colcon_core.package_identification:_identify(src/urdf_tutorial) by extensions ['ignore', 'ignore_ament_install']
[0.432s] Level 1:colcon.colcon_core.package_identification:_identify(src/urdf_tutorial) by extension 'ignore'
[0.432s] Level 1:colcon.colcon_core.package_identification:_identify(src/urdf_tutorial) by extension 'ignore_ament_install'
[0.432s] Level 1:colcon.colcon_core.package_identification:_identify(src/urdf_tutorial) by extensions ['colcon_pkg']
[0.432s] Level 1:colcon.colcon_core.package_identification:_identify(src/urdf_tutorial) by extension 'colcon_pkg'
[0.432s] Level 1:colcon.colcon_core.package_identification:_identify(src/urdf_tutorial) by extensions ['colcon_meta']
[0.432s] Level 1:colcon.colcon_core.package_identification:_identify(src/urdf_tutorial) by extension 'colcon_meta'
[0.433s] Level 1:colcon.colcon_core.package_identification:_identify(src/urdf_tutorial) by extensions ['ros']
[0.433s] Level 1:colcon.colcon_core.package_identification:_identify(src/urdf_tutorial) by extension 'ros'
[0.433s] DEBUG:colcon.colcon_core.package_identification:Package 'src/urdf_tutorial' with type 'ros.ament_cmake' and name 'urdf_tutorial'
[0.433s] Level 1:colcon.colcon_core.package_discovery:discover_packages(recursive) using defaults
[0.433s] Level 1:colcon.colcon_core.package_discovery:discover_packages(ignore) discover
[0.433s] Level 1:colcon.colcon_core.package_discovery:discover_packages(ignore) using defaults
[0.434s] Level 1:colcon.colcon_core.package_discovery:discover_packages(path) discover
[0.434s] Level 1:colcon.colcon_core.package_discovery:discover_packages(path) using defaults
[0.474s] Level 1:colcon.colcon_core.package_discovery:discover_packages(prefix_path) check parameters
[0.474s] Level 1:colcon.colcon_core.package_discovery:discover_packages(prefix_path) discover
[0.476s] DEBUG:colcon.colcon_installed_package_information.package_discovery:Found 3 installed packages in /home/ph/fourth_ws/install
[0.480s] DEBUG:colcon.colcon_installed_package_information.package_discovery:Found 440 installed packages in /opt/ros/humble
[0.483s] Level 1:colcon.colcon_core.package_discovery:discover_packages(prefix_path) using defaults
[0.559s] Level 5:colcon.colcon_core.verb:set package 'urdf_launch' build argument 'cmake_args' from command line to 'None'
[0.559s] Level 5:colcon.colcon_core.verb:set package 'urdf_launch' build argument 'cmake_target' from command line to 'None'
[0.559s] Level 5:colcon.colcon_core.verb:set package 'urdf_launch' build argument 'cmake_target_skip_unavailable' from command line to 'False'
[0.559s] Level 5:colcon.colcon_core.verb:set package 'urdf_launch' build argument 'cmake_clean_cache' from command line to 'False'
[0.559s] Level 5:colcon.colcon_core.verb:set package 'urdf_launch' build argument 'cmake_clean_first' from command line to 'False'
[0.559s] Level 5:colcon.colcon_core.verb:set package 'urdf_launch' build argument 'cmake_force_configure' from command line to 'False'
[0.559s] Level 5:colcon.colcon_core.verb:set package 'urdf_launch' build argument 'ament_cmake_args' from command line to 'None'
[0.559s] Level 5:colcon.colcon_core.verb:set package 'urdf_launch' build argument 'catkin_cmake_args' from command line to 'None'
[0.559s] Level 5:colcon.colcon_core.verb:set package 'urdf_launch' build argument 'catkin_skip_building_tests' from command line to 'False'
[0.559s] DEBUG:colcon.colcon_core.verb:Building package 'urdf_launch' with the following arguments: {'ament_cmake_args': None, 'build_base': '/home/ph/fourth_ws/build/urdf_launch', 'catkin_cmake_args': None, 'catkin_skip_building_tests': False, 'cmake_args': None, 'cmake_clean_cache': False, 'cmake_clean_first': False, 'cmake_force_configure': False, 'cmake_target': None, 'cmake_target_skip_unavailable': False, 'install_base': '/home/ph/fourth_ws/install/urdf_launch', 'merge_install': False, 'path': '/home/ph/fourth_ws/src/urdf_launch', 'symlink_install': False, 'test_result_base': None}
[0.560s] Level 5:colcon.colcon_core.verb:set package 'urdf_tutorial' build argument 'cmake_args' from command line to 'None'
[0.560s] Level 5:colcon.colcon_core.verb:set package 'urdf_tutorial' build argument 'cmake_target' from command line to 'None'
[0.560s] Level 5:colcon.colcon_core.verb:set package 'urdf_tutorial' build argument 'cmake_target_skip_unavailable' from command line to 'False'
[0.560s] Level 5:colcon.colcon_core.verb:set package 'urdf_tutorial' build argument 'cmake_clean_cache' from command line to 'False'
[0.560s] Level 5:colcon.colcon_core.verb:set package 'urdf_tutorial' build argument 'cmake_clean_first' from command line to 'False'
[0.560s] Level 5:colcon.colcon_core.verb:set package 'urdf_tutorial' build argument 'cmake_force_configure' from command line to 'False'
[0.560s] Level 5:colcon.colcon_core.verb:set package 'urdf_tutorial' build argument 'ament_cmake_args' from command line to 'None'
[0.560s] Level 5:colcon.colcon_core.verb:set package 'urdf_tutorial' build argument 'catkin_cmake_args' from command line to 'None'
[0.560s] Level 5:colcon.colcon_core.verb:set package 'urdf_tutorial' build argument 'catkin_skip_building_tests' from command line to 'False'
[0.560s] DEBUG:colcon.colcon_core.verb:Building package 'urdf_tutorial' with the following arguments: {'ament_cmake_args': None, 'build_base': '/home/ph/fourth_ws/build/urdf_tutorial', 'catkin_cmake_args': None, 'catkin_skip_building_tests': False, 'cmake_args': None, 'cmake_clean_cache': False, 'cmake_clean_first': False, 'cmake_force_configure': False, 'cmake_target': None, 'cmake_target_skip_unavailable': False, 'install_base': '/home/ph/fourth_ws/install/urdf_tutorial', 'merge_install': False, 'path': '/home/ph/fourth_ws/src/urdf_tutorial', 'symlink_install': False, 'test_result_base': None}
[0.561s] Level 5:colcon.colcon_core.verb:set package 'urdf_sim_tutorial' build argument 'cmake_args' from command line to 'None'
[0.561s] Level 5:colcon.colcon_core.verb:set package 'urdf_sim_tutorial' build argument 'cmake_target' from command line to 'None'
[0.561s] Level 5:colcon.colcon_core.verb:set package 'urdf_sim_tutorial' build argument 'cmake_target_skip_unavailable' from command line to 'False'
[0.561s] Level 5:colcon.colcon_core.verb:set package 'urdf_sim_tutorial' build argument 'cmake_clean_cache' from command line to 'False'
[0.561s] Level 5:colcon.colcon_core.verb:set package 'urdf_sim_tutorial' build argument 'cmake_clean_first' from command line to 'False'
[0.561s] Level 5:colcon.colcon_core.verb:set package 'urdf_sim_tutorial' build argument 'cmake_force_configure' from command line to 'False'
[0.561s] Level 5:colcon.colcon_core.verb:set package 'urdf_sim_tutorial' build argument 'ament_cmake_args' from command line to 'None'
[0.561s] Level 5:colcon.colcon_core.verb:set package 'urdf_sim_tutorial' build argument 'catkin_cmake_args' from command line to 'None'
[0.561s] Level 5:colcon.colcon_core.verb:set package 'urdf_sim_tutorial' build argument 'catkin_skip_building_tests' from command line to 'False'
[0.561s] DEBUG:colcon.colcon_core.verb:Building package 'urdf_sim_tutorial' with the following arguments: {'ament_cmake_args': None, 'build_base': '/home/ph/fourth_ws/build/urdf_sim_tutorial', 'catkin_cmake_args': None, 'catkin_skip_building_tests': False, 'cmake_args': None, 'cmake_clean_cache': False, 'cmake_clean_first': False, 'cmake_force_configure': False, 'cmake_target': None, 'cmake_target_skip_unavailable': False, 'install_base': '/home/ph/fourth_ws/install/urdf_sim_tutorial', 'merge_install': False, 'path': '/home/ph/fourth_ws/src/urdf_sim_tutorial', 'symlink_install': False, 'test_result_base': None}
[0.561s] INFO:colcon.colcon_core.executor:Executing jobs using 'parallel' executor
[0.562s] DEBUG:colcon.colcon_parallel_executor.executor.parallel:run_until_complete
[0.563s] INFO:colcon.colcon_ros.task.ament_cmake.build:Building ROS package in '/home/ph/fourth_ws/src/urdf_launch' with build type 'ament_cmake'
[0.563s] INFO:colcon.colcon_cmake.task.cmake.build:Building CMake package in '/home/ph/fourth_ws/src/urdf_launch'
[0.566s] INFO:colcon.colcon_core.plugin_system:Skipping extension 'colcon_core.shell.bat': Not used on non-Windows systems
[0.566s] INFO:colcon.colcon_core.shell:Skip shell extension 'powershell' for command environment: Not usable outside of PowerShell
[0.566s] DEBUG:colcon.colcon_core.shell:Skip shell extension 'dsv' for command environment
[0.580s] DEBUG:colcon.colcon_core.event_handler.log_command:Invoking command in '/home/ph/fourth_ws/build/urdf_launch': CMAKE_PREFIX_PATH=/opt/ros/humble:${CMAKE_PREFIX_PATH} /usr/bin/cmake --build /home/ph/fourth_ws/build/urdf_launch -- -j8 -l8
[0.645s] DEBUG:colcon.colcon_core.event_handler.log_command:Invoked command in '/home/ph/fourth_ws/build/urdf_launch' returned '0': CMAKE_PREFIX_PATH=/opt/ros/humble:${CMAKE_PREFIX_PATH} /usr/bin/cmake --build /home/ph/fourth_ws/build/urdf_launch -- -j8 -l8
[0.666s] DEBUG:colcon.colcon_core.event_handler.log_command:Invoking command in '/home/ph/fourth_ws/build/urdf_launch': CMAKE_PREFIX_PATH=/opt/ros/humble:${CMAKE_PREFIX_PATH} /usr/bin/cmake --install /home/ph/fourth_ws/build/urdf_launch
[0.680s] Level 1:colcon.colcon_core.environment:create_environment_scripts_only(urdf_launch)
[0.681s] DEBUG:colcon.colcon_core.event_handler.log_command:Invoked command in '/home/ph/fourth_ws/build/urdf_launch' returned '0': CMAKE_PREFIX_PATH=/opt/ros/humble:${CMAKE_PREFIX_PATH} /usr/bin/cmake --install /home/ph/fourth_ws/build/urdf_launch
[0.687s] Level 1:colcon.colcon_core.environment:checking '/home/ph/fourth_ws/install/urdf_launch' for CMake module files
[0.689s] Level 1:colcon.colcon_core.environment:checking '/home/ph/fourth_ws/install/urdf_launch' for CMake config files
[0.689s] Level 1:colcon.colcon_core.shell:create_environment_hook('urdf_launch', 'cmake_prefix_path')
[0.690s] INFO:colcon.colcon_core.shell:Creating environment hook '/home/ph/fourth_ws/install/urdf_launch/share/urdf_launch/hook/cmake_prefix_path.ps1'
[0.691s] INFO:colcon.colcon_core.shell:Creating environment descriptor '/home/ph/fourth_ws/install/urdf_launch/share/urdf_launch/hook/cmake_prefix_path.dsv'
[0.692s] INFO:colcon.colcon_core.shell:Creating environment hook '/home/ph/fourth_ws/install/urdf_launch/share/urdf_launch/hook/cmake_prefix_path.sh'
[0.695s] Level 1:colcon.colcon_core.environment:checking '/home/ph/fourth_ws/install/urdf_launch/bin'
[0.695s] Level 1:colcon.colcon_core.environment:checking '/home/ph/fourth_ws/install/urdf_launch/lib/pkgconfig/urdf_launch.pc'
[0.696s] Level 1:colcon.colcon_core.environment:checking '/home/ph/fourth_ws/install/urdf_launch/lib/python3.10/site-packages'
[0.696s] Level 1:colcon.colcon_core.environment:checking '/home/ph/fourth_ws/install/urdf_launch/bin'
[0.697s] INFO:colcon.colcon_core.shell:Creating package script '/home/ph/fourth_ws/install/urdf_launch/share/urdf_launch/package.ps1'
[0.699s] INFO:colcon.colcon_core.shell:Creating package descriptor '/home/ph/fourth_ws/install/urdf_launch/share/urdf_launch/package.dsv'
[0.701s] INFO:colcon.colcon_core.shell:Creating package script '/home/ph/fourth_ws/install/urdf_launch/share/urdf_launch/package.sh'
[0.702s] INFO:colcon.colcon_core.shell:Creating package script '/home/ph/fourth_ws/install/urdf_launch/share/urdf_launch/package.bash'
[0.705s] INFO:colcon.colcon_core.shell:Creating package script '/home/ph/fourth_ws/install/urdf_launch/share/urdf_launch/package.zsh'
[0.706s] Level 1:colcon.colcon_core.environment:create_file_with_runtime_dependencies(/home/ph/fourth_ws/install/urdf_launch/share/colcon-core/packages/urdf_launch)
[0.708s] Level 1:colcon.colcon_core.environment:create_environment_scripts_only(urdf_launch)
[0.709s] Level 1:colcon.colcon_core.environment:checking '/home/ph/fourth_ws/install/urdf_launch' for CMake module files
[0.710s] Level 1:colcon.colcon_core.environment:checking '/home/ph/fourth_ws/install/urdf_launch' for CMake config files
[0.710s] Level 1:colcon.colcon_core.shell:create_environment_hook('urdf_launch', 'cmake_prefix_path')
[0.711s] INFO:colcon.colcon_core.shell:Creating environment hook '/home/ph/fourth_ws/install/urdf_launch/share/urdf_launch/hook/cmake_prefix_path.ps1'
[0.712s] INFO:colcon.colcon_core.shell:Creating environment descriptor '/home/ph/fourth_ws/install/urdf_launch/share/urdf_launch/hook/cmake_prefix_path.dsv'
[0.713s] INFO:colcon.colcon_core.shell:Creating environment hook '/home/ph/fourth_ws/install/urdf_launch/share/urdf_launch/hook/cmake_prefix_path.sh'
[0.714s] Level 1:colcon.colcon_core.environment:checking '/home/ph/fourth_ws/install/urdf_launch/bin'
[0.715s] Level 1:colcon.colcon_core.environment:checking '/home/ph/fourth_ws/install/urdf_launch/lib/pkgconfig/urdf_launch.pc'
[0.715s] Level 1:colcon.colcon_core.environment:checking '/home/ph/fourth_ws/install/urdf_launch/lib/python3.10/site-packages'
[0.716s] Level 1:colcon.colcon_core.environment:checking '/home/ph/fourth_ws/install/urdf_launch/bin'
[0.717s] INFO:colcon.colcon_core.shell:Creating package script '/home/ph/fourth_ws/install/urdf_launch/share/urdf_launch/package.ps1'
[0.718s] INFO:colcon.colcon_core.shell:Creating package descriptor '/home/ph/fourth_ws/install/urdf_launch/share/urdf_launch/package.dsv'
[0.719s] INFO:colcon.colcon_core.shell:Creating package script '/home/ph/fourth_ws/install/urdf_launch/share/urdf_launch/package.sh'
[0.721s] INFO:colcon.colcon_core.shell:Creating package script '/home/ph/fourth_ws/install/urdf_launch/share/urdf_launch/package.bash'
[0.722s] INFO:colcon.colcon_core.shell:Creating package script '/home/ph/fourth_ws/install/urdf_launch/share/urdf_launch/package.zsh'
[0.723s] Level 1:colcon.colcon_core.environment:create_file_with_runtime_dependencies(/home/ph/fourth_ws/install/urdf_launch/share/colcon-core/packages/urdf_launch)
[0.723s] INFO:colcon.colcon_ros.task.ament_cmake.build:Building ROS package in '/home/ph/fourth_ws/src/urdf_tutorial' with build type 'ament_cmake'
[0.724s] INFO:colcon.colcon_cmake.task.cmake.build:Building CMake package in '/home/ph/fourth_ws/src/urdf_tutorial'
[0.724s] INFO:colcon.colcon_core.shell:Skip shell extension 'powershell' for command environment: Not usable outside of PowerShell
[0.724s] DEBUG:colcon.colcon_core.shell:Skip shell extension 'dsv' for command environment
[0.739s] DEBUG:colcon.colcon_core.event_handler.log_command:Invoking command in '/home/ph/fourth_ws/build/urdf_tutorial': CMAKE_PREFIX_PATH=/home/ph/fourth_ws/install/urdf_launch:/opt/ros/humble:/home/ph/fourth_ws/install/urdf_sim_tutorial:/home/ph/fourth_ws/install/urdf_tutorial /usr/bin/cmake --build /home/ph/fourth_ws/build/urdf_tutorial -- -j8 -l8
[0.820s] DEBUG:colcon.colcon_core.event_handler.log_command:Invoked command in '/home/ph/fourth_ws/build/urdf_tutorial' returned '0': CMAKE_PREFIX_PATH=/home/ph/fourth_ws/install/urdf_launch:/opt/ros/humble:/home/ph/fourth_ws/install/urdf_sim_tutorial:/home/ph/fourth_ws/install/urdf_tutorial /usr/bin/cmake --build /home/ph/fourth_ws/build/urdf_tutorial -- -j8 -l8
[0.821s] DEBUG:colcon.colcon_core.event_handler.log_command:Invoking command in '/home/ph/fourth_ws/build/urdf_tutorial': CMAKE_PREFIX_PATH=/home/ph/fourth_ws/install/urdf_launch:/opt/ros/humble:/home/ph/fourth_ws/install/urdf_sim_tutorial:/home/ph/fourth_ws/install/urdf_tutorial /usr/bin/cmake --install /home/ph/fourth_ws/build/urdf_tutorial
[0.847s] Level 1:colcon.colcon_core.environment:create_environment_scripts_only(urdf_tutorial)
[0.848s] Level 1:colcon.colcon_core.environment:checking '/home/ph/fourth_ws/install/urdf_tutorial' for CMake module files
[0.850s] DEBUG:colcon.colcon_core.event_handler.log_command:Invoked command in '/home/ph/fourth_ws/build/urdf_tutorial' returned '0': CMAKE_PREFIX_PATH=/home/ph/fourth_ws/install/urdf_launch:/opt/ros/humble:/home/ph/fourth_ws/install/urdf_sim_tutorial:/home/ph/fourth_ws/install/urdf_tutorial /usr/bin/cmake --install /home/ph/fourth_ws/build/urdf_tutorial
[0.851s] Level 1:colcon.colcon_core.environment:checking '/home/ph/fourth_ws/install/urdf_tutorial' for CMake config files
[0.852s] Level 1:colcon.colcon_core.shell:create_environment_hook('urdf_tutorial', 'cmake_prefix_path')
[0.853s] INFO:colcon.colcon_core.shell:Creating environment hook '/home/ph/fourth_ws/install/urdf_tutorial/share/urdf_tutorial/hook/cmake_prefix_path.ps1'
[0.854s] INFO:colcon.colcon_core.shell:Creating environment descriptor '/home/ph/fourth_ws/install/urdf_tutorial/share/urdf_tutorial/hook/cmake_prefix_path.dsv'
[0.855s] INFO:colcon.colcon_core.shell:Creating environment hook '/home/ph/fourth_ws/install/urdf_tutorial/share/urdf_tutorial/hook/cmake_prefix_path.sh'
[0.856s] Level 1:colcon.colcon_core.environment:checking '/home/ph/fourth_ws/install/urdf_tutorial/bin'
[0.857s] Level 1:colcon.colcon_core.environment:checking '/home/ph/fourth_ws/install/urdf_tutorial/lib/pkgconfig/urdf_tutorial.pc'
[0.857s] Level 1:colcon.colcon_core.environment:checking '/home/ph/fourth_ws/install/urdf_tutorial/lib/python3.10/site-packages'
[0.858s] Level 1:colcon.colcon_core.environment:checking '/home/ph/fourth_ws/install/urdf_tutorial/bin'
[0.859s] INFO:colcon.colcon_core.shell:Creating package script '/home/ph/fourth_ws/install/urdf_tutorial/share/urdf_tutorial/package.ps1'
[0.860s] INFO:colcon.colcon_core.shell:Creating package descriptor '/home/ph/fourth_ws/install/urdf_tutorial/share/urdf_tutorial/package.dsv'
[0.861s] INFO:colcon.colcon_core.shell:Creating package script '/home/ph/fourth_ws/install/urdf_tutorial/share/urdf_tutorial/package.sh'
[0.862s] INFO:colcon.colcon_core.shell:Creating package script '/home/ph/fourth_ws/install/urdf_tutorial/share/urdf_tutorial/package.bash'
[0.863s] INFO:colcon.colcon_core.shell:Creating package script '/home/ph/fourth_ws/install/urdf_tutorial/share/urdf_tutorial/package.zsh'
[0.864s] Level 1:colcon.colcon_core.environment:create_file_with_runtime_dependencies(/home/ph/fourth_ws/install/urdf_tutorial/share/colcon-core/packages/urdf_tutorial)
[0.866s] Level 1:colcon.colcon_core.environment:create_environment_scripts_only(urdf_tutorial)
[0.866s] Level 1:colcon.colcon_core.environment:checking '/home/ph/fourth_ws/install/urdf_tutorial' for CMake module files
[0.868s] Level 1:colcon.colcon_core.environment:checking '/home/ph/fourth_ws/install/urdf_tutorial' for CMake config files
[0.868s] Level 1:colcon.colcon_core.shell:create_environment_hook('urdf_tutorial', 'cmake_prefix_path')
[0.869s] INFO:colcon.colcon_core.shell:Creating environment hook '/home/ph/fourth_ws/install/urdf_tutorial/share/urdf_tutorial/hook/cmake_prefix_path.ps1'
[0.870s] INFO:colcon.colcon_core.shell:Creating environment descriptor '/home/ph/fourth_ws/install/urdf_tutorial/share/urdf_tutorial/hook/cmake_prefix_path.dsv'
[0.871s] INFO:colcon.colcon_core.shell:Creating environment hook '/home/ph/fourth_ws/install/urdf_tutorial/share/urdf_tutorial/hook/cmake_prefix_path.sh'
[0.872s] Level 1:colcon.colcon_core.environment:checking '/home/ph/fourth_ws/install/urdf_tutorial/bin'
[0.872s] Level 1:colcon.colcon_core.environment:checking '/home/ph/fourth_ws/install/urdf_tutorial/lib/pkgconfig/urdf_tutorial.pc'
[0.873s] Level 1:colcon.colcon_core.environment:checking '/home/ph/fourth_ws/install/urdf_tutorial/lib/python3.10/site-packages'
[0.874s] Level 1:colcon.colcon_core.environment:checking '/home/ph/fourth_ws/install/urdf_tutorial/bin'
[0.874s] INFO:colcon.colcon_core.shell:Creating package script '/home/ph/fourth_ws/install/urdf_tutorial/share/urdf_tutorial/package.ps1'
[0.876s] INFO:colcon.colcon_core.shell:Creating package descriptor '/home/ph/fourth_ws/install/urdf_tutorial/share/urdf_tutorial/package.dsv'
[0.877s] INFO:colcon.colcon_core.shell:Creating package script '/home/ph/fourth_ws/install/urdf_tutorial/share/urdf_tutorial/package.sh'
[0.878s] INFO:colcon.colcon_core.shell:Creating package script '/home/ph/fourth_ws/install/urdf_tutorial/share/urdf_tutorial/package.bash'
[0.879s] INFO:colcon.colcon_core.shell:Creating package script '/home/ph/fourth_ws/install/urdf_tutorial/share/urdf_tutorial/package.zsh'
[0.880s] Level 1:colcon.colcon_core.environment:create_file_with_runtime_dependencies(/home/ph/fourth_ws/install/urdf_tutorial/share/colcon-core/packages/urdf_tutorial)
[0.881s] INFO:colcon.colcon_ros.task.ament_cmake.build:Building ROS package in '/home/ph/fourth_ws/src/urdf_sim_tutorial' with build type 'ament_cmake'
[0.881s] INFO:colcon.colcon_cmake.task.cmake.build:Building CMake package in '/home/ph/fourth_ws/src/urdf_sim_tutorial'
[0.882s] INFO:colcon.colcon_core.shell:Skip shell extension 'powershell' for command environment: Not usable outside of PowerShell
[0.882s] DEBUG:colcon.colcon_core.shell:Skip shell extension 'dsv' for command environment
[0.906s] DEBUG:colcon.colcon_core.event_handler.log_command:Invoking command in '/home/ph/fourth_ws/build/urdf_sim_tutorial': CMAKE_PREFIX_PATH=/opt/ros/humble:/home/ph/fourth_ws/install/urdf_tutorial:/home/ph/fourth_ws/install/urdf_launch:/home/ph/fourth_ws/install/urdf_sim_tutorial /usr/bin/cmake --build /home/ph/fourth_ws/build/urdf_sim_tutorial -- -j8 -l8
[0.982s] DEBUG:colcon.colcon_core.event_handler.log_command:Invoked command in '/home/ph/fourth_ws/build/urdf_sim_tutorial' returned '0': CMAKE_PREFIX_PATH=/opt/ros/humble:/home/ph/fourth_ws/install/urdf_tutorial:/home/ph/fourth_ws/install/urdf_launch:/home/ph/fourth_ws/install/urdf_sim_tutorial /usr/bin/cmake --build /home/ph/fourth_ws/build/urdf_sim_tutorial -- -j8 -l8
[0.984s] DEBUG:colcon.colcon_core.event_handler.log_command:Invoking command in '/home/ph/fourth_ws/build/urdf_sim_tutorial': CMAKE_PREFIX_PATH=/opt/ros/humble:/home/ph/fourth_ws/install/urdf_tutorial:/home/ph/fourth_ws/install/urdf_launch:/home/ph/fourth_ws/install/urdf_sim_tutorial /usr/bin/cmake --install /home/ph/fourth_ws/build/urdf_sim_tutorial
[1.001s] Level 1:colcon.colcon_core.environment:create_environment_scripts_only(urdf_sim_tutorial)
[1.002s] Level 1:colcon.colcon_core.environment:checking '/home/ph/fourth_ws/install/urdf_sim_tutorial' for CMake module files
[1.003s] Level 1:colcon.colcon_core.environment:checking '/home/ph/fourth_ws/install/urdf_sim_tutorial' for CMake config files
[1.004s] Level 1:colcon.colcon_core.shell:create_environment_hook('urdf_sim_tutorial', 'cmake_prefix_path')
[1.005s] INFO:colcon.colcon_core.shell:Creating environment hook '/home/ph/fourth_ws/install/urdf_sim_tutorial/share/urdf_sim_tutorial/hook/cmake_prefix_path.ps1'
[1.006s] INFO:colcon.colcon_core.shell:Creating environment descriptor '/home/ph/fourth_ws/install/urdf_sim_tutorial/share/urdf_sim_tutorial/hook/cmake_prefix_path.dsv'
[1.007s] INFO:colcon.colcon_core.shell:Creating environment hook '/home/ph/fourth_ws/install/urdf_sim_tutorial/share/urdf_sim_tutorial/hook/cmake_prefix_path.sh'
[1.008s] Level 1:colcon.colcon_core.environment:checking '/home/ph/fourth_ws/install/urdf_sim_tutorial/bin'
[1.008s] Level 1:colcon.colcon_core.environment:checking '/home/ph/fourth_ws/install/urdf_sim_tutorial/lib/pkgconfig/urdf_sim_tutorial.pc'
[1.008s] Level 1:colcon.colcon_core.environment:checking '/home/ph/fourth_ws/install/urdf_sim_tutorial/lib/python3.10/site-packages'
[1.008s] Level 1:colcon.colcon_core.environment:checking '/home/ph/fourth_ws/install/urdf_sim_tutorial/bin'
[1.009s] INFO:colcon.colcon_core.shell:Creating package script '/home/ph/fourth_ws/install/urdf_sim_tutorial/share/urdf_sim_tutorial/package.ps1'
[1.010s] DEBUG:colcon.colcon_core.event_handler.log_command:Invoked command in '/home/ph/fourth_ws/build/urdf_sim_tutorial' returned '0': CMAKE_PREFIX_PATH=/opt/ros/humble:/home/ph/fourth_ws/install/urdf_tutorial:/home/ph/fourth_ws/install/urdf_launch:/home/ph/fourth_ws/install/urdf_sim_tutorial /usr/bin/cmake --install /home/ph/fourth_ws/build/urdf_sim_tutorial
[1.011s] INFO:colcon.colcon_core.shell:Creating package descriptor '/home/ph/fourth_ws/install/urdf_sim_tutorial/share/urdf_sim_tutorial/package.dsv'
[1.012s] INFO:colcon.colcon_core.shell:Creating package script '/home/ph/fourth_ws/install/urdf_sim_tutorial/share/urdf_sim_tutorial/package.sh'
[1.013s] INFO:colcon.colcon_core.shell:Creating package script '/home/ph/fourth_ws/install/urdf_sim_tutorial/share/urdf_sim_tutorial/package.bash'
[1.014s] INFO:colcon.colcon_core.shell:Creating package script '/home/ph/fourth_ws/install/urdf_sim_tutorial/share/urdf_sim_tutorial/package.zsh'
[1.015s] Level 1:colcon.colcon_core.environment:create_file_with_runtime_dependencies(/home/ph/fourth_ws/install/urdf_sim_tutorial/share/colcon-core/packages/urdf_sim_tutorial)
[1.017s] Level 1:colcon.colcon_core.environment:create_environment_scripts_only(urdf_sim_tutorial)
[1.017s] Level 1:colcon.colcon_core.environment:checking '/home/ph/fourth_ws/install/urdf_sim_tutorial' for CMake module files
[1.019s] Level 1:colcon.colcon_core.environment:checking '/home/ph/fourth_ws/install/urdf_sim_tutorial' for CMake config files
[1.019s] Level 1:colcon.colcon_core.shell:create_environment_hook('urdf_sim_tutorial', 'cmake_prefix_path')
[1.020s] INFO:colcon.colcon_core.shell:Creating environment hook '/home/ph/fourth_ws/install/urdf_sim_tutorial/share/urdf_sim_tutorial/hook/cmake_prefix_path.ps1'
[1.021s] INFO:colcon.colcon_core.shell:Creating environment descriptor '/home/ph/fourth_ws/install/urdf_sim_tutorial/share/urdf_sim_tutorial/hook/cmake_prefix_path.dsv'
[1.022s] INFO:colcon.colcon_core.shell:Creating environment hook '/home/ph/fourth_ws/install/urdf_sim_tutorial/share/urdf_sim_tutorial/hook/cmake_prefix_path.sh'
[1.024s] Level 1:colcon.colcon_core.environment:checking '/home/ph/fourth_ws/install/urdf_sim_tutorial/bin'
[1.024s] Level 1:colcon.colcon_core.environment:checking '/home/ph/fourth_ws/install/urdf_sim_tutorial/lib/pkgconfig/urdf_sim_tutorial.pc'
[1.024s] Level 1:colcon.colcon_core.environment:checking '/home/ph/fourth_ws/install/urdf_sim_tutorial/lib/python3.10/site-packages'
[1.025s] Level 1:colcon.colcon_core.environment:checking '/home/ph/fourth_ws/install/urdf_sim_tutorial/bin'
[1.026s] INFO:colcon.colcon_core.shell:Creating package script '/home/ph/fourth_ws/install/urdf_sim_tutorial/share/urdf_sim_tutorial/package.ps1'
[1.028s] INFO:colcon.colcon_core.shell:Creating package descriptor '/home/ph/fourth_ws/install/urdf_sim_tutorial/share/urdf_sim_tutorial/package.dsv'
[1.029s] INFO:colcon.colcon_core.shell:Creating package script '/home/ph/fourth_ws/install/urdf_sim_tutorial/share/urdf_sim_tutorial/package.sh'
[1.030s] INFO:colcon.colcon_core.shell:Creating package script '/home/ph/fourth_ws/install/urdf_sim_tutorial/share/urdf_sim_tutorial/package.bash'
[1.031s] INFO:colcon.colcon_core.shell:Creating package script '/home/ph/fourth_ws/install/urdf_sim_tutorial/share/urdf_sim_tutorial/package.zsh'
[1.032s] Level 1:colcon.colcon_core.environment:create_file_with_runtime_dependencies(/home/ph/fourth_ws/install/urdf_sim_tutorial/share/colcon-core/packages/urdf_sim_tutorial)
[1.033s] DEBUG:colcon.colcon_parallel_executor.executor.parallel:closing loop
[1.034s] DEBUG:colcon.colcon_parallel_executor.executor.parallel:loop closed
[1.034s] DEBUG:colcon.colcon_parallel_executor.executor.parallel:run_until_complete finished with '0'
[1.034s] DEBUG:colcon.colcon_core.event_reactor:joining thread
[1.047s] INFO:colcon.colcon_core.plugin_system:Skipping extension 'colcon_notification.desktop_notification.terminal_notifier': Not used on non-Darwin systems
[1.048s] INFO:colcon.colcon_core.plugin_system:Skipping extension 'colcon_notification.desktop_notification.win32': Not used on non-Windows systems
[1.048s] INFO:colcon.colcon_notification.desktop_notification:Sending desktop notification using 'notify2'
[1.079s] DEBUG:colcon.colcon_core.event_reactor:joined thread
[1.080s] INFO:colcon.colcon_core.shell:Creating prefix script '/home/ph/fourth_ws/install/local_setup.ps1'
[1.083s] INFO:colcon.colcon_core.shell:Creating prefix util module '/home/ph/fourth_ws/install/_local_setup_util_ps1.py'
[1.087s] INFO:colcon.colcon_core.shell:Creating prefix chain script '/home/ph/fourth_ws/install/setup.ps1'
[1.090s] INFO:colcon.colcon_core.shell:Creating prefix script '/home/ph/fourth_ws/install/local_setup.sh'
[1.092s] INFO:colcon.colcon_core.shell:Creating prefix util module '/home/ph/fourth_ws/install/_local_setup_util_sh.py'
[1.094s] INFO:colcon.colcon_core.shell:Creating prefix chain script '/home/ph/fourth_ws/install/setup.sh'
[1.098s] INFO:colcon.colcon_core.shell:Creating prefix script '/home/ph/fourth_ws/install/local_setup.bash'
[1.100s] INFO:colcon.colcon_core.shell:Creating prefix chain script '/home/ph/fourth_ws/install/setup.bash'
[1.103s] INFO:colcon.colcon_core.shell:Creating prefix script '/home/ph/fourth_ws/install/local_setup.zsh'
[1.104s] INFO:colcon.colcon_core.shell:Creating prefix chain script '/home/ph/fourth_ws/install/setup.zsh'
