[0.147s] DEBUG:colcon:Command line arguments: ['/usr/bin/colcon', 'build', '--packages-select', 'kiss_icp']
[0.147s] DEBUG:colcon:Parsed command line arguments: Namespace(log_base=None, log_level=None, verb_name='build', build_base='build', install_base='install', merge_install=False, symlink_install=False, test_result_base=None, continue_on_error=False, executor='parallel', parallel_workers=8, event_handlers=None, ignore_user_meta=False, metas=['./colcon.meta'], base_paths=['.'], packages_ignore=None, packages_ignore_regex=None, paths=None, packages_up_to=None, packages_up_to_regex=None, packages_above=None, packages_above_and_dependencies=None, packages_above_depth=None, packages_select_by_dep=None, packages_skip_by_dep=None, packages_skip_up_to=None, packages_select_build_failed=False, packages_skip_build_finished=False, packages_select_test_failures=False, packages_skip_test_passed=False, packages_select=['kiss_icp'], packages_skip=None, packages_select_regex=None, packages_skip_regex=None, packages_start=None, packages_end=None, allow_overriding=[], cmake_args=None, cmake_target=None, cmake_target_skip_unavailable=False, cmake_clean_cache=False, cmake_clean_first=False, cmake_force_configure=False, ament_cmake_args=None, catkin_cmake_args=None, catkin_skip_building_tests=False, mixin_files=None, mixin=None, verb_parser=<colcon_mixin.mixin.mixin_argument.MixinArgumentDecorator object at 0x7f3231ca2680>, verb_extension=<colcon_core.verb.build.BuildVerb object at 0x7f3231ca1d20>, main=<bound method BuildVerb.main of <colcon_core.verb.build.BuildVerb object at 0x7f3231ca1d20>>, mixin_verb=('build',))
[0.194s] Level 1:colcon.colcon_core.package_discovery:discover_packages(colcon_meta) check parameters
[0.194s] Level 1:colcon.colcon_core.package_discovery:discover_packages(recursive) check parameters
[0.194s] Level 1:colcon.colcon_core.package_discovery:discover_packages(ignore) check parameters
[0.194s] Level 1:colcon.colcon_core.package_discovery:discover_packages(path) check parameters
[0.194s] Level 1:colcon.colcon_core.package_discovery:discover_packages(colcon_meta) discover
[0.194s] Level 1:colcon.colcon_core.package_discovery:discover_packages(recursive) discover
[0.194s] INFO:colcon.colcon_core.package_discovery:Crawling recursively for packages in '/home/ph/ws/helios16p_ws'
[0.194s] Level 1:colcon.colcon_core.package_identification:_identify(.) by extensions ['ignore', 'ignore_ament_install']
[0.194s] Level 1:colcon.colcon_core.package_identification:_identify(.) by extension 'ignore'
[0.194s] Level 1:colcon.colcon_core.package_identification:_identify(.) by extension 'ignore_ament_install'
[0.194s] Level 1:colcon.colcon_core.package_identification:_identify(.) by extensions ['colcon_pkg']
[0.194s] Level 1:colcon.colcon_core.package_identification:_identify(.) by extension 'colcon_pkg'
[0.194s] Level 1:colcon.colcon_core.package_identification:_identify(.) by extensions ['colcon_meta']
[0.195s] Level 1:colcon.colcon_core.package_identification:_identify(.) by extension 'colcon_meta'
[0.195s] Level 1:colcon.colcon_core.package_identification:_identify(.) by extensions ['ros']
[0.195s] Level 1:colcon.colcon_core.package_identification:_identify(.) by extension 'ros'
[0.224s] Level 1:colcon.colcon_core.package_identification:_identify(.) by extensions ['cmake', 'python']
[0.225s] Level 1:colcon.colcon_core.package_identification:_identify(.) by extension 'cmake'
[0.225s] Level 1:colcon.colcon_core.package_identification:_identify(.) by extension 'python'
[0.225s] Level 1:colcon.colcon_core.package_identification:_identify(.) by extensions ['python_setup_py']
[0.225s] Level 1:colcon.colcon_core.package_identification:_identify(.) by extension 'python_setup_py'
[0.225s] Level 1:colcon.colcon_core.package_identification:_identify(build) by extensions ['ignore', 'ignore_ament_install']
[0.225s] Level 1:colcon.colcon_core.package_identification:_identify(build) by extension 'ignore'
[0.225s] Level 1:colcon.colcon_core.package_identification:_identify(build) ignored
[0.225s] Level 1:colcon.colcon_core.package_identification:_identify(install) by extensions ['ignore', 'ignore_ament_install']
[0.225s] Level 1:colcon.colcon_core.package_identification:_identify(install) by extension 'ignore'
[0.225s] Level 1:colcon.colcon_core.package_identification:_identify(install) ignored
[0.225s] Level 1:colcon.colcon_core.package_identification:_identify(log) by extensions ['ignore', 'ignore_ament_install']
[0.226s] Level 1:colcon.colcon_core.package_identification:_identify(log) by extension 'ignore'
[0.226s] Level 1:colcon.colcon_core.package_identification:_identify(log) ignored
[0.226s] Level 1:colcon.colcon_core.package_identification:_identify(maps) by extensions ['ignore', 'ignore_ament_install']
[0.226s] Level 1:colcon.colcon_core.package_identification:_identify(maps) by extension 'ignore'
[0.226s] Level 1:colcon.colcon_core.package_identification:_identify(maps) by extension 'ignore_ament_install'
[0.226s] Level 1:colcon.colcon_core.package_identification:_identify(maps) by extensions ['colcon_pkg']
[0.226s] Level 1:colcon.colcon_core.package_identification:_identify(maps) by extension 'colcon_pkg'
[0.226s] Level 1:colcon.colcon_core.package_identification:_identify(maps) by extensions ['colcon_meta']
[0.226s] Level 1:colcon.colcon_core.package_identification:_identify(maps) by extension 'colcon_meta'
[0.226s] Level 1:colcon.colcon_core.package_identification:_identify(maps) by extensions ['ros']
[0.226s] Level 1:colcon.colcon_core.package_identification:_identify(maps) by extension 'ros'
[0.226s] Level 1:colcon.colcon_core.package_identification:_identify(maps) by extensions ['cmake', 'python']
[0.226s] Level 1:colcon.colcon_core.package_identification:_identify(maps) by extension 'cmake'
[0.226s] Level 1:colcon.colcon_core.package_identification:_identify(maps) by extension 'python'
[0.226s] Level 1:colcon.colcon_core.package_identification:_identify(maps) by extensions ['python_setup_py']
[0.226s] Level 1:colcon.colcon_core.package_identification:_identify(maps) by extension 'python_setup_py'
[0.226s] Level 1:colcon.colcon_core.package_identification:_identify(src) by extensions ['ignore', 'ignore_ament_install']
[0.227s] Level 1:colcon.colcon_core.package_identification:_identify(src) by extension 'ignore'
[0.227s] Level 1:colcon.colcon_core.package_identification:_identify(src) by extension 'ignore_ament_install'
[0.227s] Level 1:colcon.colcon_core.package_identification:_identify(src) by extensions ['colcon_pkg']
[0.227s] Level 1:colcon.colcon_core.package_identification:_identify(src) by extension 'colcon_pkg'
[0.227s] Level 1:colcon.colcon_core.package_identification:_identify(src) by extensions ['colcon_meta']
[0.227s] Level 1:colcon.colcon_core.package_identification:_identify(src) by extension 'colcon_meta'
[0.227s] Level 1:colcon.colcon_core.package_identification:_identify(src) by extensions ['ros']
[0.227s] Level 1:colcon.colcon_core.package_identification:_identify(src) by extension 'ros'
[0.227s] Level 1:colcon.colcon_core.package_identification:_identify(src) by extensions ['cmake', 'python']
[0.227s] Level 1:colcon.colcon_core.package_identification:_identify(src) by extension 'cmake'
[0.227s] Level 1:colcon.colcon_core.package_identification:_identify(src) by extension 'python'
[0.227s] Level 1:colcon.colcon_core.package_identification:_identify(src) by extensions ['python_setup_py']
[0.227s] Level 1:colcon.colcon_core.package_identification:_identify(src) by extension 'python_setup_py'
[0.227s] Level 1:colcon.colcon_core.package_identification:_identify(src/helios16p_cane_robot) by extensions ['ignore', 'ignore_ament_install']
[0.227s] Level 1:colcon.colcon_core.package_identification:_identify(src/helios16p_cane_robot) by extension 'ignore'
[0.227s] Level 1:colcon.colcon_core.package_identification:_identify(src/helios16p_cane_robot) by extension 'ignore_ament_install'
[0.227s] Level 1:colcon.colcon_core.package_identification:_identify(src/helios16p_cane_robot) by extensions ['colcon_pkg']
[0.227s] Level 1:colcon.colcon_core.package_identification:_identify(src/helios16p_cane_robot) by extension 'colcon_pkg'
[0.227s] Level 1:colcon.colcon_core.package_identification:_identify(src/helios16p_cane_robot) by extensions ['colcon_meta']
[0.228s] Level 1:colcon.colcon_core.package_identification:_identify(src/helios16p_cane_robot) by extension 'colcon_meta'
[0.228s] Level 1:colcon.colcon_core.package_identification:_identify(src/helios16p_cane_robot) by extensions ['ros']
[0.228s] Level 1:colcon.colcon_core.package_identification:_identify(src/helios16p_cane_robot) by extension 'ros'
[0.230s] DEBUG:colcon.colcon_core.package_identification:Package 'src/helios16p_cane_robot' with type 'ros.ament_python' and name 'helios16p_cane_robot'
[0.231s] Level 1:colcon.colcon_core.package_identification:_identify(src/kiss-icp) by extensions ['ignore', 'ignore_ament_install']
[0.231s] Level 1:colcon.colcon_core.package_identification:_identify(src/kiss-icp) by extension 'ignore'
[0.231s] Level 1:colcon.colcon_core.package_identification:_identify(src/kiss-icp) by extension 'ignore_ament_install'
[0.231s] Level 1:colcon.colcon_core.package_identification:_identify(src/kiss-icp) by extensions ['colcon_pkg']
[0.231s] Level 1:colcon.colcon_core.package_identification:_identify(src/kiss-icp) by extension 'colcon_pkg'
[0.231s] Level 1:colcon.colcon_core.package_identification:_identify(src/kiss-icp) by extensions ['colcon_meta']
[0.231s] Level 1:colcon.colcon_core.package_identification:_identify(src/kiss-icp) by extension 'colcon_meta'
[0.231s] Level 1:colcon.colcon_core.package_identification:_identify(src/kiss-icp) by extensions ['ros']
[0.231s] Level 1:colcon.colcon_core.package_identification:_identify(src/kiss-icp) by extension 'ros'
[0.231s] Level 1:colcon.colcon_core.package_identification:_identify(src/kiss-icp) by extensions ['cmake', 'python']
[0.231s] Level 1:colcon.colcon_core.package_identification:_identify(src/kiss-icp) by extension 'cmake'
[0.231s] Level 1:colcon.colcon_core.package_identification:_identify(src/kiss-icp) by extension 'python'
[0.231s] Level 1:colcon.colcon_core.package_identification:_identify(src/kiss-icp) by extensions ['python_setup_py']
[0.231s] Level 1:colcon.colcon_core.package_identification:_identify(src/kiss-icp) by extension 'python_setup_py'
[0.231s] Level 1:colcon.colcon_core.package_identification:_identify(src/kiss-icp/config) by extensions ['ignore', 'ignore_ament_install']
[0.232s] Level 1:colcon.colcon_core.package_identification:_identify(src/kiss-icp/config) by extension 'ignore'
[0.232s] Level 1:colcon.colcon_core.package_identification:_identify(src/kiss-icp/config) by extension 'ignore_ament_install'
[0.232s] Level 1:colcon.colcon_core.package_identification:_identify(src/kiss-icp/config) by extensions ['colcon_pkg']
[0.232s] Level 1:colcon.colcon_core.package_identification:_identify(src/kiss-icp/config) by extension 'colcon_pkg'
[0.232s] Level 1:colcon.colcon_core.package_identification:_identify(src/kiss-icp/config) by extensions ['colcon_meta']
[0.232s] Level 1:colcon.colcon_core.package_identification:_identify(src/kiss-icp/config) by extension 'colcon_meta'
[0.232s] Level 1:colcon.colcon_core.package_identification:_identify(src/kiss-icp/config) by extensions ['ros']
[0.232s] Level 1:colcon.colcon_core.package_identification:_identify(src/kiss-icp/config) by extension 'ros'
[0.232s] Level 1:colcon.colcon_core.package_identification:_identify(src/kiss-icp/config) by extensions ['cmake', 'python']
[0.232s] Level 1:colcon.colcon_core.package_identification:_identify(src/kiss-icp/config) by extension 'cmake'
[0.232s] Level 1:colcon.colcon_core.package_identification:_identify(src/kiss-icp/config) by extension 'python'
[0.232s] Level 1:colcon.colcon_core.package_identification:_identify(src/kiss-icp/config) by extensions ['python_setup_py']
[0.232s] Level 1:colcon.colcon_core.package_identification:_identify(src/kiss-icp/config) by extension 'python_setup_py'
[0.232s] Level 1:colcon.colcon_core.package_identification:_identify(src/kiss-icp/cpp) by extensions ['ignore', 'ignore_ament_install']
[0.232s] Level 1:colcon.colcon_core.package_identification:_identify(src/kiss-icp/cpp) by extension 'ignore'
[0.232s] Level 1:colcon.colcon_core.package_identification:_identify(src/kiss-icp/cpp) ignored
[0.233s] Level 1:colcon.colcon_core.package_identification:_identify(src/kiss-icp/eval) by extensions ['ignore', 'ignore_ament_install']
[0.233s] Level 1:colcon.colcon_core.package_identification:_identify(src/kiss-icp/eval) by extension 'ignore'
[0.233s] Level 1:colcon.colcon_core.package_identification:_identify(src/kiss-icp/eval) by extension 'ignore_ament_install'
[0.233s] Level 1:colcon.colcon_core.package_identification:_identify(src/kiss-icp/eval) by extensions ['colcon_pkg']
[0.233s] Level 1:colcon.colcon_core.package_identification:_identify(src/kiss-icp/eval) by extension 'colcon_pkg'
[0.233s] Level 1:colcon.colcon_core.package_identification:_identify(src/kiss-icp/eval) by extensions ['colcon_meta']
[0.233s] Level 1:colcon.colcon_core.package_identification:_identify(src/kiss-icp/eval) by extension 'colcon_meta'
[0.233s] Level 1:colcon.colcon_core.package_identification:_identify(src/kiss-icp/eval) by extensions ['ros']
[0.233s] Level 1:colcon.colcon_core.package_identification:_identify(src/kiss-icp/eval) by extension 'ros'
[0.233s] Level 1:colcon.colcon_core.package_identification:_identify(src/kiss-icp/eval) by extensions ['cmake', 'python']
[0.233s] Level 1:colcon.colcon_core.package_identification:_identify(src/kiss-icp/eval) by extension 'cmake'
[0.233s] Level 1:colcon.colcon_core.package_identification:_identify(src/kiss-icp/eval) by extension 'python'
[0.233s] Level 1:colcon.colcon_core.package_identification:_identify(src/kiss-icp/eval) by extensions ['python_setup_py']
[0.233s] Level 1:colcon.colcon_core.package_identification:_identify(src/kiss-icp/eval) by extension 'python_setup_py'
[0.233s] Level 1:colcon.colcon_core.package_identification:_identify(src/kiss-icp/python) by extensions ['ignore', 'ignore_ament_install']
[0.233s] Level 1:colcon.colcon_core.package_identification:_identify(src/kiss-icp/python) by extension 'ignore'
[0.233s] Level 1:colcon.colcon_core.package_identification:_identify(src/kiss-icp/python) ignored
[0.234s] Level 1:colcon.colcon_core.package_identification:_identify(src/kiss-icp/ros) by extensions ['ignore', 'ignore_ament_install']
[0.234s] Level 1:colcon.colcon_core.package_identification:_identify(src/kiss-icp/ros) by extension 'ignore'
[0.234s] Level 1:colcon.colcon_core.package_identification:_identify(src/kiss-icp/ros) by extension 'ignore_ament_install'
[0.234s] Level 1:colcon.colcon_core.package_identification:_identify(src/kiss-icp/ros) by extensions ['colcon_pkg']
[0.234s] Level 1:colcon.colcon_core.package_identification:_identify(src/kiss-icp/ros) by extension 'colcon_pkg'
[0.234s] Level 1:colcon.colcon_core.package_identification:_identify(src/kiss-icp/ros) by extensions ['colcon_meta']
[0.234s] Level 1:colcon.colcon_core.package_identification:_identify(src/kiss-icp/ros) by extension 'colcon_meta'
[0.234s] Level 1:colcon.colcon_core.package_identification:_identify(src/kiss-icp/ros) by extensions ['ros']
[0.234s] Level 1:colcon.colcon_core.package_identification:_identify(src/kiss-icp/ros) by extension 'ros'
[0.236s] DEBUG:colcon.colcon_core.package_identification:Package 'src/kiss-icp/ros' with type 'ros.ament_cmake' and name 'kiss_icp'
[0.236s] Level 1:colcon.colcon_core.package_identification:_identify(src/rslidar_msg) by extensions ['ignore', 'ignore_ament_install']
[0.236s] Level 1:colcon.colcon_core.package_identification:_identify(src/rslidar_msg) by extension 'ignore'
[0.236s] Level 1:colcon.colcon_core.package_identification:_identify(src/rslidar_msg) by extension 'ignore_ament_install'
[0.236s] Level 1:colcon.colcon_core.package_identification:_identify(src/rslidar_msg) by extensions ['colcon_pkg']
[0.236s] Level 1:colcon.colcon_core.package_identification:_identify(src/rslidar_msg) by extension 'colcon_pkg'
[0.236s] Level 1:colcon.colcon_core.package_identification:_identify(src/rslidar_msg) by extensions ['colcon_meta']
[0.236s] Level 1:colcon.colcon_core.package_identification:_identify(src/rslidar_msg) by extension 'colcon_meta'
[0.236s] Level 1:colcon.colcon_core.package_identification:_identify(src/rslidar_msg) by extensions ['ros']
[0.236s] Level 1:colcon.colcon_core.package_identification:_identify(src/rslidar_msg) by extension 'ros'
[0.237s] DEBUG:colcon.colcon_core.package_identification:Package 'src/rslidar_msg' with type 'ros.ament_cmake' and name 'rslidar_msg'
[0.237s] Level 1:colcon.colcon_core.package_identification:_identify(src/rslidar_sdk) by extensions ['ignore', 'ignore_ament_install']
[0.237s] Level 1:colcon.colcon_core.package_identification:_identify(src/rslidar_sdk) by extension 'ignore'
[0.237s] Level 1:colcon.colcon_core.package_identification:_identify(src/rslidar_sdk) by extension 'ignore_ament_install'
[0.238s] Level 1:colcon.colcon_core.package_identification:_identify(src/rslidar_sdk) by extensions ['colcon_pkg']
[0.238s] Level 1:colcon.colcon_core.package_identification:_identify(src/rslidar_sdk) by extension 'colcon_pkg'
[0.238s] Level 1:colcon.colcon_core.package_identification:_identify(src/rslidar_sdk) by extensions ['colcon_meta']
[0.238s] Level 1:colcon.colcon_core.package_identification:_identify(src/rslidar_sdk) by extension 'colcon_meta'
[0.238s] Level 1:colcon.colcon_core.package_identification:_identify(src/rslidar_sdk) by extensions ['ros']
[0.238s] Level 1:colcon.colcon_core.package_identification:_identify(src/rslidar_sdk) by extension 'ros'
[0.247s] DEBUG:colcon.colcon_core.package_identification:Package 'src/rslidar_sdk' with type 'ros.ament_cmake' and name 'rslidar_sdk'
[0.247s] Level 1:colcon.colcon_core.package_discovery:discover_packages(recursive) using defaults
[0.248s] Level 1:colcon.colcon_core.package_discovery:discover_packages(ignore) discover
[0.248s] Level 1:colcon.colcon_core.package_discovery:discover_packages(ignore) using defaults
[0.248s] Level 1:colcon.colcon_core.package_discovery:discover_packages(path) discover
[0.248s] Level 1:colcon.colcon_core.package_discovery:discover_packages(path) using defaults
[0.269s] INFO:colcon.colcon_core.package_selection:Skipping not selected package 'helios16p_cane_robot' in 'src/helios16p_cane_robot'
[0.270s] INFO:colcon.colcon_core.package_selection:Skipping not selected package 'rslidar_msg' in 'src/rslidar_msg'
[0.270s] INFO:colcon.colcon_core.package_selection:Skipping not selected package 'rslidar_sdk' in 'src/rslidar_sdk'
[0.270s] Level 1:colcon.colcon_core.package_discovery:discover_packages(prefix_path) check parameters
[0.270s] Level 1:colcon.colcon_core.package_discovery:discover_packages(prefix_path) discover
[0.271s] WARNING:colcon.colcon_core.prefix_path.colcon:The path '/home/ph/wsfake/helios16p_ws/install' in the environment variable COLCON_PREFIX_PATH doesn't exist
[0.271s] WARNING:colcon.colcon_core.prefix_path.colcon:The path '/home/ph/ws/lidar_ws/install' in the environment variable COLCON_PREFIX_PATH doesn't exist
[0.271s] WARNING:colcon.colcon_ros.prefix_path.ament:The path '/home/ph/ws/helios16p_ws/install/kiss_icp' in the environment variable AMENT_PREFIX_PATH doesn't exist
[0.271s] WARNING:colcon.colcon_ros.prefix_path.ament:The path '/home/ph/ws/helios16p_ws/install/helios16p_cane_robot' in the environment variable AMENT_PREFIX_PATH doesn't exist
[0.271s] WARNING:colcon.colcon_ros.prefix_path.ament:The path '/home/ph/wsfake/helios16p_ws/install/rslidar_sdk' in the environment variable AMENT_PREFIX_PATH doesn't exist
[0.271s] WARNING:colcon.colcon_ros.prefix_path.ament:The path '/home/ph/wsfake/helios16p_ws/install/rslidar_msg' in the environment variable AMENT_PREFIX_PATH doesn't exist
[0.271s] WARNING:colcon.colcon_ros.prefix_path.ament:The path '/home/ph/wsfake/helios16p_ws/install/kiss_icp' in the environment variable AMENT_PREFIX_PATH doesn't exist
[0.272s] WARNING:colcon.colcon_ros.prefix_path.ament:The path '/home/ph/wsfake/helios16p_ws/install/helios16p_cane_robot' in the environment variable AMENT_PREFIX_PATH doesn't exist
[0.272s] WARNING:colcon.colcon_ros.prefix_path.ament:The path '/home/ph/ws/lidar_ws/install/rslidar_sdk' in the environment variable AMENT_PREFIX_PATH doesn't exist
[0.272s] WARNING:colcon.colcon_ros.prefix_path.ament:The path '/home/ph/ws/lidar_ws/install/rslidar_msg' in the environment variable AMENT_PREFIX_PATH doesn't exist
[0.272s] WARNING:colcon.colcon_ros.prefix_path.ament:The path '/home/ph/ws/lidar_ws/install/kiss_icp' in the environment variable AMENT_PREFIX_PATH doesn't exist
[0.272s] WARNING:colcon.colcon_ros.prefix_path.ament:The path '/home/ph/ws/lidar_ws/install/helios16p_cane_robot' in the environment variable AMENT_PREFIX_PATH doesn't exist
[0.272s] WARNING:colcon.colcon_ros.prefix_path.catkin:The path '/home/ph/ws/helios16p_ws/install/kiss_icp' in the environment variable CMAKE_PREFIX_PATH doesn't exist
[0.272s] WARNING:colcon.colcon_ros.prefix_path.catkin:The path '/home/ph/wsfake/helios16p_ws/install/rslidar_sdk' in the environment variable CMAKE_PREFIX_PATH doesn't exist
[0.272s] WARNING:colcon.colcon_ros.prefix_path.catkin:The path '/home/ph/wsfake/helios16p_ws/install/rslidar_msg' in the environment variable CMAKE_PREFIX_PATH doesn't exist
[0.272s] WARNING:colcon.colcon_ros.prefix_path.catkin:The path '/home/ph/wsfake/helios16p_ws/install/kiss_icp' in the environment variable CMAKE_PREFIX_PATH doesn't exist
[0.272s] WARNING:colcon.colcon_ros.prefix_path.catkin:The path '/home/ph/ws/lidar_ws/install/rslidar_sdk' in the environment variable CMAKE_PREFIX_PATH doesn't exist
[0.272s] WARNING:colcon.colcon_ros.prefix_path.catkin:The path '/home/ph/ws/lidar_ws/install/rslidar_msg' in the environment variable CMAKE_PREFIX_PATH doesn't exist
[0.272s] WARNING:colcon.colcon_ros.prefix_path.catkin:The path '/home/ph/ws/lidar_ws/install/kiss_icp' in the environment variable CMAKE_PREFIX_PATH doesn't exist
[0.273s] DEBUG:colcon.colcon_installed_package_information.package_discovery:Found 2 installed packages in /home/ph/ws/helios16p_ws/install
[0.276s] DEBUG:colcon.colcon_installed_package_information.package_discovery:Found 461 installed packages in /opt/ros/humble
[0.280s] Level 1:colcon.colcon_core.package_discovery:discover_packages(prefix_path) using defaults
[0.362s] Level 5:colcon.colcon_core.verb:set package 'kiss_icp' build argument 'cmake_args' from command line to 'None'
[0.362s] Level 5:colcon.colcon_core.verb:set package 'kiss_icp' build argument 'cmake_target' from command line to 'None'
[0.362s] Level 5:colcon.colcon_core.verb:set package 'kiss_icp' build argument 'cmake_target_skip_unavailable' from command line to 'False'
[0.362s] Level 5:colcon.colcon_core.verb:set package 'kiss_icp' build argument 'cmake_clean_cache' from command line to 'False'
[0.362s] Level 5:colcon.colcon_core.verb:set package 'kiss_icp' build argument 'cmake_clean_first' from command line to 'False'
[0.362s] Level 5:colcon.colcon_core.verb:set package 'kiss_icp' build argument 'cmake_force_configure' from command line to 'False'
[0.362s] Level 5:colcon.colcon_core.verb:set package 'kiss_icp' build argument 'ament_cmake_args' from command line to 'None'
[0.362s] Level 5:colcon.colcon_core.verb:set package 'kiss_icp' build argument 'catkin_cmake_args' from command line to 'None'
[0.362s] Level 5:colcon.colcon_core.verb:set package 'kiss_icp' build argument 'catkin_skip_building_tests' from command line to 'False'
[0.362s] DEBUG:colcon.colcon_core.verb:Building package 'kiss_icp' with the following arguments: {'ament_cmake_args': None, 'build_base': '/home/ph/ws/helios16p_ws/build/kiss_icp', 'catkin_cmake_args': None, 'catkin_skip_building_tests': False, 'cmake_args': None, 'cmake_clean_cache': False, 'cmake_clean_first': False, 'cmake_force_configure': False, 'cmake_target': None, 'cmake_target_skip_unavailable': False, 'install_base': '/home/ph/ws/helios16p_ws/install/kiss_icp', 'merge_install': False, 'path': '/home/ph/ws/helios16p_ws/src/kiss-icp/ros', 'symlink_install': False, 'test_result_base': None}
[0.362s] INFO:colcon.colcon_core.executor:Executing jobs using 'parallel' executor
[0.364s] DEBUG:colcon.colcon_parallel_executor.executor.parallel:run_until_complete
[0.364s] INFO:colcon.colcon_ros.task.ament_cmake.build:Building ROS package in '/home/ph/ws/helios16p_ws/src/kiss-icp/ros' with build type 'ament_cmake'
[0.364s] INFO:colcon.colcon_cmake.task.cmake.build:Building CMake package in '/home/ph/ws/helios16p_ws/src/kiss-icp/ros'
[0.368s] INFO:colcon.colcon_core.plugin_system:Skipping extension 'colcon_core.shell.bat': Not used on non-Windows systems
[0.368s] INFO:colcon.colcon_core.shell:Skip shell extension 'powershell' for command environment: Not usable outside of PowerShell
[0.369s] DEBUG:colcon.colcon_core.shell:Skip shell extension 'dsv' for command environment
[0.387s] DEBUG:colcon.colcon_core.event_handler.log_command:Invoking command in '/home/ph/ws/helios16p_ws/build/kiss_icp': CMAKE_PREFIX_PATH=${CMAKE_PREFIX_PATH}:/home/ph/ws/helios16p_ws/install/helios16p_cane_robot:/home/ph/wsfake/helios16p_ws/install/helios16p_cane_robot:/home/ph/ws/lidar_ws/install/helios16p_cane_robot:/opt/ros/humble /usr/bin/cmake /home/ph/ws/helios16p_ws/src/kiss-icp/ros -DCMAKE_INSTALL_PREFIX=/home/ph/ws/helios16p_ws/install/kiss_icp
[2.549s] DEBUG:colcon.colcon_core.event_handler.log_command:Invoked command in '/home/ph/ws/helios16p_ws/build/kiss_icp' returned '0': CMAKE_PREFIX_PATH=${CMAKE_PREFIX_PATH}:/home/ph/ws/helios16p_ws/install/helios16p_cane_robot:/home/ph/wsfake/helios16p_ws/install/helios16p_cane_robot:/home/ph/ws/lidar_ws/install/helios16p_cane_robot:/opt/ros/humble /usr/bin/cmake /home/ph/ws/helios16p_ws/src/kiss-icp/ros -DCMAKE_INSTALL_PREFIX=/home/ph/ws/helios16p_ws/install/kiss_icp
[2.552s] DEBUG:colcon.colcon_core.event_handler.log_command:Invoking command in '/home/ph/ws/helios16p_ws/build/kiss_icp': CMAKE_PREFIX_PATH=${CMAKE_PREFIX_PATH}:/home/ph/ws/helios16p_ws/install/helios16p_cane_robot:/home/ph/wsfake/helios16p_ws/install/helios16p_cane_robot:/home/ph/ws/lidar_ws/install/helios16p_cane_robot:/opt/ros/humble /usr/bin/cmake --build /home/ph/ws/helios16p_ws/build/kiss_icp -- -j8 -l8
[40.494s] DEBUG:colcon.colcon_core.event_handler.log_command:Invoked command in '/home/ph/ws/helios16p_ws/build/kiss_icp' returned '0': CMAKE_PREFIX_PATH=${CMAKE_PREFIX_PATH}:/home/ph/ws/helios16p_ws/install/helios16p_cane_robot:/home/ph/wsfake/helios16p_ws/install/helios16p_cane_robot:/home/ph/ws/lidar_ws/install/helios16p_cane_robot:/opt/ros/humble /usr/bin/cmake --build /home/ph/ws/helios16p_ws/build/kiss_icp -- -j8 -l8
[40.507s] DEBUG:colcon.colcon_core.event_handler.log_command:Invoking command in '/home/ph/ws/helios16p_ws/build/kiss_icp': CMAKE_PREFIX_PATH=${CMAKE_PREFIX_PATH}:/home/ph/ws/helios16p_ws/install/helios16p_cane_robot:/home/ph/wsfake/helios16p_ws/install/helios16p_cane_robot:/home/ph/ws/lidar_ws/install/helios16p_cane_robot:/opt/ros/humble /usr/bin/cmake --install /home/ph/ws/helios16p_ws/build/kiss_icp
[40.524s] Level 1:colcon.colcon_core.environment:create_environment_scripts_only(kiss_icp)
[40.525s] DEBUG:colcon.colcon_core.event_handler.log_command:Invoked command in '/home/ph/ws/helios16p_ws/build/kiss_icp' returned '0': CMAKE_PREFIX_PATH=${CMAKE_PREFIX_PATH}:/home/ph/ws/helios16p_ws/install/helios16p_cane_robot:/home/ph/wsfake/helios16p_ws/install/helios16p_cane_robot:/home/ph/ws/lidar_ws/install/helios16p_cane_robot:/opt/ros/humble /usr/bin/cmake --install /home/ph/ws/helios16p_ws/build/kiss_icp
[40.531s] Level 1:colcon.colcon_core.environment:checking '/home/ph/ws/helios16p_ws/install/kiss_icp' for CMake module files
[40.533s] Level 1:colcon.colcon_core.environment:checking '/home/ph/ws/helios16p_ws/install/kiss_icp' for CMake config files
[40.533s] Level 1:colcon.colcon_core.shell:create_environment_hook('kiss_icp', 'cmake_prefix_path')
[40.534s] INFO:colcon.colcon_core.shell:Creating environment hook '/home/ph/ws/helios16p_ws/install/kiss_icp/share/kiss_icp/hook/cmake_prefix_path.ps1'
[40.536s] INFO:colcon.colcon_core.shell:Creating environment descriptor '/home/ph/ws/helios16p_ws/install/kiss_icp/share/kiss_icp/hook/cmake_prefix_path.dsv'
[40.537s] INFO:colcon.colcon_core.shell:Creating environment hook '/home/ph/ws/helios16p_ws/install/kiss_icp/share/kiss_icp/hook/cmake_prefix_path.sh'
[40.539s] Level 1:colcon.colcon_core.environment:checking '/home/ph/ws/helios16p_ws/install/kiss_icp/lib'
[40.540s] Level 1:colcon.colcon_core.shell:create_environment_hook('kiss_icp', 'ld_library_path_lib')
[40.541s] INFO:colcon.colcon_core.shell:Creating environment hook '/home/ph/ws/helios16p_ws/install/kiss_icp/share/kiss_icp/hook/ld_library_path_lib.ps1'
[40.542s] INFO:colcon.colcon_core.shell:Creating environment descriptor '/home/ph/ws/helios16p_ws/install/kiss_icp/share/kiss_icp/hook/ld_library_path_lib.dsv'
[40.543s] INFO:colcon.colcon_core.shell:Creating environment hook '/home/ph/ws/helios16p_ws/install/kiss_icp/share/kiss_icp/hook/ld_library_path_lib.sh'
[40.544s] Level 1:colcon.colcon_core.environment:checking '/home/ph/ws/helios16p_ws/install/kiss_icp/bin'
[40.544s] Level 1:colcon.colcon_core.environment:checking '/home/ph/ws/helios16p_ws/install/kiss_icp/lib/pkgconfig/kiss_icp.pc'
[40.545s] Level 1:colcon.colcon_core.environment:checking '/home/ph/ws/helios16p_ws/install/kiss_icp/lib/python3.10/site-packages'
[40.546s] Level 1:colcon.colcon_core.environment:checking '/home/ph/ws/helios16p_ws/install/kiss_icp/bin'
[40.547s] INFO:colcon.colcon_core.shell:Creating package script '/home/ph/ws/helios16p_ws/install/kiss_icp/share/kiss_icp/package.ps1'
[40.550s] INFO:colcon.colcon_core.shell:Creating package descriptor '/home/ph/ws/helios16p_ws/install/kiss_icp/share/kiss_icp/package.dsv'
[40.551s] INFO:colcon.colcon_core.shell:Creating package script '/home/ph/ws/helios16p_ws/install/kiss_icp/share/kiss_icp/package.sh'
[40.554s] INFO:colcon.colcon_core.shell:Creating package script '/home/ph/ws/helios16p_ws/install/kiss_icp/share/kiss_icp/package.bash'
[40.556s] INFO:colcon.colcon_core.shell:Creating package script '/home/ph/ws/helios16p_ws/install/kiss_icp/share/kiss_icp/package.zsh'
[40.558s] Level 1:colcon.colcon_core.environment:create_file_with_runtime_dependencies(/home/ph/ws/helios16p_ws/install/kiss_icp/share/colcon-core/packages/kiss_icp)
[40.562s] Level 1:colcon.colcon_core.environment:create_environment_scripts_only(kiss_icp)
[40.563s] Level 1:colcon.colcon_core.environment:checking '/home/ph/ws/helios16p_ws/install/kiss_icp' for CMake module files
[40.565s] Level 1:colcon.colcon_core.environment:checking '/home/ph/ws/helios16p_ws/install/kiss_icp' for CMake config files
[40.565s] Level 1:colcon.colcon_core.shell:create_environment_hook('kiss_icp', 'cmake_prefix_path')
[40.566s] INFO:colcon.colcon_core.shell:Creating environment hook '/home/ph/ws/helios16p_ws/install/kiss_icp/share/kiss_icp/hook/cmake_prefix_path.ps1'
[40.567s] INFO:colcon.colcon_core.shell:Creating environment descriptor '/home/ph/ws/helios16p_ws/install/kiss_icp/share/kiss_icp/hook/cmake_prefix_path.dsv'
[40.568s] INFO:colcon.colcon_core.shell:Creating environment hook '/home/ph/ws/helios16p_ws/install/kiss_icp/share/kiss_icp/hook/cmake_prefix_path.sh'
[40.570s] Level 1:colcon.colcon_core.environment:checking '/home/ph/ws/helios16p_ws/install/kiss_icp/lib'
[40.570s] Level 1:colcon.colcon_core.shell:create_environment_hook('kiss_icp', 'ld_library_path_lib')
[40.571s] INFO:colcon.colcon_core.shell:Creating environment hook '/home/ph/ws/helios16p_ws/install/kiss_icp/share/kiss_icp/hook/ld_library_path_lib.ps1'
[40.572s] INFO:colcon.colcon_core.shell:Creating environment descriptor '/home/ph/ws/helios16p_ws/install/kiss_icp/share/kiss_icp/hook/ld_library_path_lib.dsv'
[40.573s] INFO:colcon.colcon_core.shell:Creating environment hook '/home/ph/ws/helios16p_ws/install/kiss_icp/share/kiss_icp/hook/ld_library_path_lib.sh'
[40.573s] Level 1:colcon.colcon_core.environment:checking '/home/ph/ws/helios16p_ws/install/kiss_icp/bin'
[40.573s] Level 1:colcon.colcon_core.environment:checking '/home/ph/ws/helios16p_ws/install/kiss_icp/lib/pkgconfig/kiss_icp.pc'
[40.574s] Level 1:colcon.colcon_core.environment:checking '/home/ph/ws/helios16p_ws/install/kiss_icp/lib/python3.10/site-packages'
[40.574s] Level 1:colcon.colcon_core.environment:checking '/home/ph/ws/helios16p_ws/install/kiss_icp/bin'
[40.574s] INFO:colcon.colcon_core.shell:Creating package script '/home/ph/ws/helios16p_ws/install/kiss_icp/share/kiss_icp/package.ps1'
[40.575s] INFO:colcon.colcon_core.shell:Creating package descriptor '/home/ph/ws/helios16p_ws/install/kiss_icp/share/kiss_icp/package.dsv'
[40.576s] INFO:colcon.colcon_core.shell:Creating package script '/home/ph/ws/helios16p_ws/install/kiss_icp/share/kiss_icp/package.sh'
[40.576s] INFO:colcon.colcon_core.shell:Creating package script '/home/ph/ws/helios16p_ws/install/kiss_icp/share/kiss_icp/package.bash'
[40.577s] INFO:colcon.colcon_core.shell:Creating package script '/home/ph/ws/helios16p_ws/install/kiss_icp/share/kiss_icp/package.zsh'
[40.577s] Level 1:colcon.colcon_core.environment:create_file_with_runtime_dependencies(/home/ph/ws/helios16p_ws/install/kiss_icp/share/colcon-core/packages/kiss_icp)
[40.578s] DEBUG:colcon.colcon_parallel_executor.executor.parallel:closing loop
[40.578s] DEBUG:colcon.colcon_parallel_executor.executor.parallel:loop closed
[40.578s] DEBUG:colcon.colcon_parallel_executor.executor.parallel:run_until_complete finished with '0'
[40.578s] DEBUG:colcon.colcon_core.event_reactor:joining thread
[40.592s] INFO:colcon.colcon_core.plugin_system:Skipping extension 'colcon_notification.desktop_notification.terminal_notifier': Not used on non-Darwin systems
[40.593s] INFO:colcon.colcon_core.plugin_system:Skipping extension 'colcon_notification.desktop_notification.win32': Not used on non-Windows systems
[40.593s] INFO:colcon.colcon_notification.desktop_notification:Sending desktop notification using 'notify2'
[40.597s] DEBUG:colcon.colcon_core.event_reactor:joined thread
[40.598s] INFO:colcon.colcon_core.shell:Creating prefix script '/home/ph/ws/helios16p_ws/install/local_setup.ps1'
[40.599s] INFO:colcon.colcon_core.shell:Creating prefix util module '/home/ph/ws/helios16p_ws/install/_local_setup_util_ps1.py'
[40.602s] INFO:colcon.colcon_core.shell:Creating prefix chain script '/home/ph/ws/helios16p_ws/install/setup.ps1'
[40.604s] INFO:colcon.colcon_core.shell:Creating prefix script '/home/ph/ws/helios16p_ws/install/local_setup.sh'
[40.604s] INFO:colcon.colcon_core.shell:Creating prefix util module '/home/ph/ws/helios16p_ws/install/_local_setup_util_sh.py'
[40.605s] INFO:colcon.colcon_core.shell:Creating prefix chain script '/home/ph/ws/helios16p_ws/install/setup.sh'
[40.607s] INFO:colcon.colcon_core.shell:Creating prefix script '/home/ph/ws/helios16p_ws/install/local_setup.bash'
[40.607s] INFO:colcon.colcon_core.shell:Creating prefix chain script '/home/ph/ws/helios16p_ws/install/setup.bash'
[40.609s] INFO:colcon.colcon_core.shell:Creating prefix script '/home/ph/ws/helios16p_ws/install/local_setup.zsh'
[40.609s] INFO:colcon.colcon_core.shell:Creating prefix chain script '/home/ph/ws/helios16p_ws/install/setup.zsh'
