[1.296s] Invoking command in '/home/ph/launch_ws/src/launch_tutorial': PYTHONPATH=/home/ph/launch_ws/build/launch_tutorial/prefix_override:/usr/lib/python3/dist-packages/colcon_core/task/python/colcon_distutils_commands:/home/ph/launch_ws/install/launch_tutorial/lib/python3.10/site-packages:${PYTHONPATH} /usr/bin/python3 -W ignore:setup.py install is deprecated -W ignore:easy_install command is deprecated setup.py egg_info --egg-base ../../build/launch_tutorial build --build-base /home/ph/launch_ws/build/launch_tutorial/build install --record /home/ph/launch_ws/build/launch_tutorial/install.log --single-version-externally-managed install_data
[1.627s] running egg_info
[1.628s] writing ../../build/launch_tutorial/launch_tutorial.egg-info/PKG-INFO
[1.628s] writing dependency_links to ../../build/launch_tutorial/launch_tutorial.egg-info/dependency_links.txt
[1.629s] writing entry points to ../../build/launch_tutorial/launch_tutorial.egg-info/entry_points.txt
[1.629s] writing requirements to ../../build/launch_tutorial/launch_tutorial.egg-info/requires.txt
[1.629s] writing top-level names to ../../build/launch_tutorial/launch_tutorial.egg-info/top_level.txt
[1.632s] reading manifest file '../../build/launch_tutorial/launch_tutorial.egg-info/SOURCES.txt'
[1.632s] adding license file 'LICENSE'
[1.633s] writing manifest file '../../build/launch_tutorial/launch_tutorial.egg-info/SOURCES.txt'
[1.633s] running build
[1.633s] running build_py
[1.633s] running install
[1.634s] running install_lib
[1.635s] running install_data
[1.636s] copying launch/mimic.launch.py -> /home/ph/launch_ws/install/launch_tutorial/share/launch_tutorial/launch
[1.636s] copying launch/broadcaster_listener.launch.py -> /home/ph/launch_ws/install/launch_tutorial/share/launch_tutorial/launch
[1.636s] copying launch/turtlesim_rviz.launch.py -> /home/ph/launch_ws/install/launch_tutorial/share/launch_tutorial/launch
[1.636s] copying launch/fixed_broadcaster.launch.py -> /home/ph/launch_ws/install/launch_tutorial/share/launch_tutorial/launch
[1.637s] creating /home/ph/launch_ws/install/launch_tutorial/share/launch_tutorial/rviz
[1.637s] running install_egg_info
[1.639s] removing '/home/ph/launch_ws/install/launch_tutorial/lib/python3.10/site-packages/launch_tutorial-0.0.0-py3.10.egg-info' (and everything under it)
[1.640s] Copying ../../build/launch_tutorial/launch_tutorial.egg-info to /home/ph/launch_ws/install/launch_tutorial/lib/python3.10/site-packages/launch_tutorial-0.0.0-py3.10.egg-info
[1.641s] running install_scripts
[1.670s] writing list of installed files to '/home/ph/launch_ws/build/launch_tutorial/install.log'
[1.713s] Invoked command in '/home/ph/launch_ws/src/launch_tutorial' returned '0': PYTHONPATH=/home/ph/launch_ws/build/launch_tutorial/prefix_override:/usr/lib/python3/dist-packages/colcon_core/task/python/colcon_distutils_commands:/home/ph/launch_ws/install/launch_tutorial/lib/python3.10/site-packages:${PYTHONPATH} /usr/bin/python3 -W ignore:setup.py install is deprecated -W ignore:easy_install command is deprecated setup.py egg_info --egg-base ../../build/launch_tutorial build --build-base /home/ph/launch_ws/build/launch_tutorial/build install --record /home/ph/launch_ws/build/launch_tutorial/install.log --single-version-externally-managed install_data
