[0.044s] Invoking command in '/home/ph/ros2_firstw/build/tutorial_interfaces': CMAKE_PREFIX_PATH=${CMAKE_PREFIX_PATH}:/opt/ros/humble /usr/bin/cmake --build /home/ph/ros2_firstw/build/tutorial_interfaces -- -j8 -l8
[0.163s] [  2%] Built target tutorial_interfaces__cpp
[0.174s] [ 12%] Built target tutorial_interfaces__rosidl_generator_c
[0.199s] [ 12%] Built target ament_cmake_python_copy_tutorial_interfaces
[0.280s] [ 23%] Built target tutorial_interfaces__rosidl_typesupport_cpp
[0.295s] [ 34%] Built target tutorial_interfaces__rosidl_typesupport_fastrtps_c
[0.298s] [ 44%] Built target tutorial_interfaces__rosidl_typesupport_fastrtps_cpp
[0.300s] [ 55%] Built target tutorial_interfaces__rosidl_typesupport_introspection_c
[0.305s] [ 65%] Built target tutorial_interfaces__rosidl_typesupport_c
[0.312s] [ 76%] Built target tutorial_interfaces__rosidl_typesupport_introspection_cpp
[0.376s] [ 76%] Built target tutorial_interfaces
[0.430s] [ 78%] Built target tutorial_interfaces__py
[0.481s] [ 87%] Built target tutorial_interfaces__rosidl_generator_py
[0.551s] [ 91%] Built target tutorial_interfaces__rosidl_typesupport_fastrtps_c__pyext
[0.566s] [ 95%] Built target tutorial_interfaces__rosidl_typesupport_introspection_c__pyext
[0.575s] [100%] Built target tutorial_interfaces__rosidl_typesupport_c__pyext
[0.800s] running egg_info
[0.801s] writing tutorial_interfaces.egg-info/PKG-INFO
[0.801s] writing dependency_links to tutorial_interfaces.egg-info/dependency_links.txt
[0.801s] writing top-level names to tutorial_interfaces.egg-info/top_level.txt
[0.807s] reading manifest file 'tutorial_interfaces.egg-info/SOURCES.txt'
[0.808s] writing manifest file 'tutorial_interfaces.egg-info/SOURCES.txt'
[0.861s] [100%] Built target ament_cmake_python_build_tutorial_interfaces_egg
[0.886s] Invoked command in '/home/ph/ros2_firstw/build/tutorial_interfaces' returned '0': CMAKE_PREFIX_PATH=${CMAKE_PREFIX_PATH}:/opt/ros/humble /usr/bin/cmake --build /home/ph/ros2_firstw/build/tutorial_interfaces -- -j8 -l8
[0.894s] Invoking command in '/home/ph/ros2_firstw/build/tutorial_interfaces': CMAKE_PREFIX_PATH=${CMAKE_PREFIX_PATH}:/opt/ros/humble /usr/bin/cmake --install /home/ph/ros2_firstw/build/tutorial_interfaces
[0.911s] -- Install configuration: ""
[0.911s] -- Up-to-date: /home/ph/ros2_firstw/install/tutorial_interfaces/share/ament_index/resource_index/rosidl_interfaces/tutorial_interfaces
[0.912s] -- Up-to-date: /home/ph/ros2_firstw/install/tutorial_interfaces/include/tutorial_interfaces/tutorial_interfaces
[0.912s] -- Up-to-date: /home/ph/ros2_firstw/install/tutorial_interfaces/include/tutorial_interfaces/tutorial_interfaces/srv
[0.913s] -- Up-to-date: /home/ph/ros2_firstw/install/tutorial_interfaces/include/tutorial_interfaces/tutorial_interfaces/srv/add_three_ints.h
[0.913s] -- Up-to-date: /home/ph/ros2_firstw/install/tutorial_interfaces/include/tutorial_interfaces/tutorial_interfaces/srv/detail
[0.914s] -- Up-to-date: /home/ph/ros2_firstw/install/tutorial_interfaces/include/tutorial_interfaces/tutorial_interfaces/srv/detail/add_three_ints__functions.c
[0.914s] -- Up-to-date: /home/ph/ros2_firstw/install/tutorial_interfaces/include/tutorial_interfaces/tutorial_interfaces/srv/detail/add_three_ints__type_support.h
[0.915s] -- Up-to-date: /home/ph/ros2_firstw/install/tutorial_interfaces/include/tutorial_interfaces/tutorial_interfaces/srv/detail/add_three_ints__functions.h
[0.915s] -- Up-to-date: /home/ph/ros2_firstw/install/tutorial_interfaces/include/tutorial_interfaces/tutorial_interfaces/srv/detail/add_three_ints__struct.h
[0.915s] -- Up-to-date: /home/ph/ros2_firstw/install/tutorial_interfaces/include/tutorial_interfaces/tutorial_interfaces/msg
[0.917s] -- Up-to-date: /home/ph/ros2_firstw/install/tutorial_interfaces/include/tutorial_interfaces/tutorial_interfaces/msg/num.h
[0.917s] -- Up-to-date: /home/ph/ros2_firstw/install/tutorial_interfaces/include/tutorial_interfaces/tutorial_interfaces/msg/rosidl_generator_c__visibility_control.h
[0.917s] -- Up-to-date: /home/ph/ros2_firstw/install/tutorial_interfaces/include/tutorial_interfaces/tutorial_interfaces/msg/sphere.h
[0.918s] -- Up-to-date: /home/ph/ros2_firstw/install/tutorial_interfaces/include/tutorial_interfaces/tutorial_interfaces/msg/detail
[0.919s] -- Up-to-date: /home/ph/ros2_firstw/install/tutorial_interfaces/include/tutorial_interfaces/tutorial_interfaces/msg/detail/num__struct.h
[0.919s] -- Up-to-date: /home/ph/ros2_firstw/install/tutorial_interfaces/include/tutorial_interfaces/tutorial_interfaces/msg/detail/sphere__struct.h
[0.919s] -- Up-to-date: /home/ph/ros2_firstw/install/tutorial_interfaces/include/tutorial_interfaces/tutorial_interfaces/msg/detail/sphere__functions.c
[0.919s] -- Up-to-date: /home/ph/ros2_firstw/install/tutorial_interfaces/include/tutorial_interfaces/tutorial_interfaces/msg/detail/num__type_support.h
[0.920s] -- Up-to-date: /home/ph/ros2_firstw/install/tutorial_interfaces/include/tutorial_interfaces/tutorial_interfaces/msg/detail/sphere__functions.h
[0.920s] -- Up-to-date: /home/ph/ros2_firstw/install/tutorial_interfaces/include/tutorial_interfaces/tutorial_interfaces/msg/detail/num__functions.h
[0.920s] -- Up-to-date: /home/ph/ros2_firstw/install/tutorial_interfaces/include/tutorial_interfaces/tutorial_interfaces/msg/detail/sphere__type_support.h
[0.920s] -- Up-to-date: /home/ph/ros2_firstw/install/tutorial_interfaces/include/tutorial_interfaces/tutorial_interfaces/msg/detail/num__functions.c
[0.920s] -- Up-to-date: /home/ph/ros2_firstw/install/tutorial_interfaces/share/tutorial_interfaces/environment/library_path.sh
[0.921s] -- Up-to-date: /home/ph/ros2_firstw/install/tutorial_interfaces/share/tutorial_interfaces/environment/library_path.dsv
[0.921s] -- Up-to-date: /home/ph/ros2_firstw/install/tutorial_interfaces/lib/libtutorial_interfaces__rosidl_generator_c.so
[0.921s] -- Up-to-date: /home/ph/ros2_firstw/install/tutorial_interfaces/include/tutorial_interfaces/tutorial_interfaces
[0.922s] -- Up-to-date: /home/ph/ros2_firstw/install/tutorial_interfaces/include/tutorial_interfaces/tutorial_interfaces/srv
[0.922s] -- Up-to-date: /home/ph/ros2_firstw/install/tutorial_interfaces/include/tutorial_interfaces/tutorial_interfaces/srv/detail
[0.922s] -- Up-to-date: /home/ph/ros2_firstw/install/tutorial_interfaces/include/tutorial_interfaces/tutorial_interfaces/srv/detail/add_three_ints__rosidl_typesupport_fastrtps_c.h
[0.922s] -- Up-to-date: /home/ph/ros2_firstw/install/tutorial_interfaces/include/tutorial_interfaces/tutorial_interfaces/msg
[0.922s] -- Up-to-date: /home/ph/ros2_firstw/install/tutorial_interfaces/include/tutorial_interfaces/tutorial_interfaces/msg/detail
[0.923s] -- Up-to-date: /home/ph/ros2_firstw/install/tutorial_interfaces/include/tutorial_interfaces/tutorial_interfaces/msg/detail/num__rosidl_typesupport_fastrtps_c.h
[0.923s] -- Up-to-date: /home/ph/ros2_firstw/install/tutorial_interfaces/include/tutorial_interfaces/tutorial_interfaces/msg/detail/sphere__rosidl_typesupport_fastrtps_c.h
[0.923s] -- Up-to-date: /home/ph/ros2_firstw/install/tutorial_interfaces/include/tutorial_interfaces/tutorial_interfaces/msg/rosidl_typesupport_fastrtps_c__visibility_control.h
[0.924s] -- Up-to-date: /home/ph/ros2_firstw/install/tutorial_interfaces/lib/libtutorial_interfaces__rosidl_typesupport_fastrtps_c.so
[0.924s] -- Up-to-date: /home/ph/ros2_firstw/install/tutorial_interfaces/include/tutorial_interfaces/tutorial_interfaces
[0.924s] -- Up-to-date: /home/ph/ros2_firstw/install/tutorial_interfaces/include/tutorial_interfaces/tutorial_interfaces/srv
[0.925s] -- Up-to-date: /home/ph/ros2_firstw/install/tutorial_interfaces/include/tutorial_interfaces/tutorial_interfaces/srv/add_three_ints.hpp
[0.925s] -- Up-to-date: /home/ph/ros2_firstw/install/tutorial_interfaces/include/tutorial_interfaces/tutorial_interfaces/srv/detail
[0.925s] -- Up-to-date: /home/ph/ros2_firstw/install/tutorial_interfaces/include/tutorial_interfaces/tutorial_interfaces/srv/detail/add_three_ints__type_support.hpp
[0.925s] -- Up-to-date: /home/ph/ros2_firstw/install/tutorial_interfaces/include/tutorial_interfaces/tutorial_interfaces/srv/detail/add_three_ints__traits.hpp
[0.925s] -- Up-to-date: /home/ph/ros2_firstw/install/tutorial_interfaces/include/tutorial_interfaces/tutorial_interfaces/srv/detail/add_three_ints__builder.hpp
[0.925s] -- Up-to-date: /home/ph/ros2_firstw/install/tutorial_interfaces/include/tutorial_interfaces/tutorial_interfaces/srv/detail/add_three_ints__struct.hpp
[0.925s] -- Up-to-date: /home/ph/ros2_firstw/install/tutorial_interfaces/include/tutorial_interfaces/tutorial_interfaces/msg
[0.925s] -- Up-to-date: /home/ph/ros2_firstw/install/tutorial_interfaces/include/tutorial_interfaces/tutorial_interfaces/msg/rosidl_generator_cpp__visibility_control.hpp
[0.926s] -- Up-to-date: /home/ph/ros2_firstw/install/tutorial_interfaces/include/tutorial_interfaces/tutorial_interfaces/msg/num.hpp
[0.926s] -- Up-to-date: /home/ph/ros2_firstw/install/tutorial_interfaces/include/tutorial_interfaces/tutorial_interfaces/msg/detail
[0.926s] -- Up-to-date: /home/ph/ros2_firstw/install/tutorial_interfaces/include/tutorial_interfaces/tutorial_interfaces/msg/detail/num__traits.hpp
[0.926s] -- Up-to-date: /home/ph/ros2_firstw/install/tutorial_interfaces/include/tutorial_interfaces/tutorial_interfaces/msg/detail/sphere__struct.hpp
[0.926s] -- Up-to-date: /home/ph/ros2_firstw/install/tutorial_interfaces/include/tutorial_interfaces/tutorial_interfaces/msg/detail/sphere__traits.hpp
[0.926s] -- Up-to-date: /home/ph/ros2_firstw/install/tutorial_interfaces/include/tutorial_interfaces/tutorial_interfaces/msg/detail/num__struct.hpp
[0.927s] -- Up-to-date: /home/ph/ros2_firstw/install/tutorial_interfaces/include/tutorial_interfaces/tutorial_interfaces/msg/detail/num__builder.hpp
[0.927s] -- Up-to-date: /home/ph/ros2_firstw/install/tutorial_interfaces/include/tutorial_interfaces/tutorial_interfaces/msg/detail/sphere__builder.hpp
[0.927s] -- Up-to-date: /home/ph/ros2_firstw/install/tutorial_interfaces/include/tutorial_interfaces/tutorial_interfaces/msg/detail/num__type_support.hpp
[0.927s] -- Up-to-date: /home/ph/ros2_firstw/install/tutorial_interfaces/include/tutorial_interfaces/tutorial_interfaces/msg/detail/sphere__type_support.hpp
[0.927s] -- Up-to-date: /home/ph/ros2_firstw/install/tutorial_interfaces/include/tutorial_interfaces/tutorial_interfaces/msg/sphere.hpp
[0.927s] -- Up-to-date: /home/ph/ros2_firstw/install/tutorial_interfaces/include/tutorial_interfaces/tutorial_interfaces
[0.927s] -- Up-to-date: /home/ph/ros2_firstw/install/tutorial_interfaces/include/tutorial_interfaces/tutorial_interfaces/srv
[0.927s] -- Up-to-date: /home/ph/ros2_firstw/install/tutorial_interfaces/include/tutorial_interfaces/tutorial_interfaces/srv/detail
[0.927s] -- Up-to-date: /home/ph/ros2_firstw/install/tutorial_interfaces/include/tutorial_interfaces/tutorial_interfaces/srv/detail/add_three_ints__rosidl_typesupport_fastrtps_cpp.hpp
[0.928s] -- Up-to-date: /home/ph/ros2_firstw/install/tutorial_interfaces/include/tutorial_interfaces/tutorial_interfaces/srv/detail/dds_fastrtps
[0.928s] -- Up-to-date: /home/ph/ros2_firstw/install/tutorial_interfaces/include/tutorial_interfaces/tutorial_interfaces/msg
[0.928s] -- Up-to-date: /home/ph/ros2_firstw/install/tutorial_interfaces/include/tutorial_interfaces/tutorial_interfaces/msg/rosidl_typesupport_fastrtps_cpp__visibility_control.h
[0.928s] -- Up-to-date: /home/ph/ros2_firstw/install/tutorial_interfaces/include/tutorial_interfaces/tutorial_interfaces/msg/detail
[0.928s] -- Up-to-date: /home/ph/ros2_firstw/install/tutorial_interfaces/include/tutorial_interfaces/tutorial_interfaces/msg/detail/dds_fastrtps
[0.929s] -- Up-to-date: /home/ph/ros2_firstw/install/tutorial_interfaces/include/tutorial_interfaces/tutorial_interfaces/msg/detail/num__rosidl_typesupport_fastrtps_cpp.hpp
[0.929s] -- Up-to-date: /home/ph/ros2_firstw/install/tutorial_interfaces/include/tutorial_interfaces/tutorial_interfaces/msg/detail/sphere__rosidl_typesupport_fastrtps_cpp.hpp
[0.931s] -- Up-to-date: /home/ph/ros2_firstw/install/tutorial_interfaces/lib/libtutorial_interfaces__rosidl_typesupport_fastrtps_cpp.so
[0.931s] -- Up-to-date: /home/ph/ros2_firstw/install/tutorial_interfaces/include/tutorial_interfaces/tutorial_interfaces
[0.931s] -- Up-to-date: /home/ph/ros2_firstw/install/tutorial_interfaces/include/tutorial_interfaces/tutorial_interfaces/srv
[0.931s] -- Up-to-date: /home/ph/ros2_firstw/install/tutorial_interfaces/include/tutorial_interfaces/tutorial_interfaces/srv/detail
[0.932s] -- Up-to-date: /home/ph/ros2_firstw/install/tutorial_interfaces/include/tutorial_interfaces/tutorial_interfaces/srv/detail/add_three_ints__rosidl_typesupport_introspection_c.h
[0.932s] -- Up-to-date: /home/ph/ros2_firstw/install/tutorial_interfaces/include/tutorial_interfaces/tutorial_interfaces/srv/detail/add_three_ints__type_support.c
[0.932s] -- Up-to-date: /home/ph/ros2_firstw/install/tutorial_interfaces/include/tutorial_interfaces/tutorial_interfaces/msg
[0.932s] -- Up-to-date: /home/ph/ros2_firstw/install/tutorial_interfaces/include/tutorial_interfaces/tutorial_interfaces/msg/rosidl_typesupport_introspection_c__visibility_control.h
[0.933s] -- Up-to-date: /home/ph/ros2_firstw/install/tutorial_interfaces/include/tutorial_interfaces/tutorial_interfaces/msg/detail
[0.933s] -- Up-to-date: /home/ph/ros2_firstw/install/tutorial_interfaces/include/tutorial_interfaces/tutorial_interfaces/msg/detail/num__type_support.c
[0.933s] -- Up-to-date: /home/ph/ros2_firstw/install/tutorial_interfaces/include/tutorial_interfaces/tutorial_interfaces/msg/detail/sphere__type_support.c
[0.933s] -- Up-to-date: /home/ph/ros2_firstw/install/tutorial_interfaces/include/tutorial_interfaces/tutorial_interfaces/msg/detail/sphere__rosidl_typesupport_introspection_c.h
[0.933s] -- Up-to-date: /home/ph/ros2_firstw/install/tutorial_interfaces/include/tutorial_interfaces/tutorial_interfaces/msg/detail/num__rosidl_typesupport_introspection_c.h
[0.934s] -- Up-to-date: /home/ph/ros2_firstw/install/tutorial_interfaces/lib/libtutorial_interfaces__rosidl_typesupport_introspection_c.so
[0.934s] -- Up-to-date: /home/ph/ros2_firstw/install/tutorial_interfaces/lib/libtutorial_interfaces__rosidl_typesupport_c.so
[0.934s] -- Up-to-date: /home/ph/ros2_firstw/install/tutorial_interfaces/include/tutorial_interfaces/tutorial_interfaces
[0.935s] -- Up-to-date: /home/ph/ros2_firstw/install/tutorial_interfaces/include/tutorial_interfaces/tutorial_interfaces/srv
[0.935s] -- Up-to-date: /home/ph/ros2_firstw/install/tutorial_interfaces/include/tutorial_interfaces/tutorial_interfaces/srv/detail
[0.935s] -- Up-to-date: /home/ph/ros2_firstw/install/tutorial_interfaces/include/tutorial_interfaces/tutorial_interfaces/srv/detail/add_three_ints__rosidl_typesupport_introspection_cpp.hpp
[0.935s] -- Up-to-date: /home/ph/ros2_firstw/install/tutorial_interfaces/include/tutorial_interfaces/tutorial_interfaces/srv/detail/add_three_ints__type_support.cpp
[0.935s] -- Up-to-date: /home/ph/ros2_firstw/install/tutorial_interfaces/include/tutorial_interfaces/tutorial_interfaces/msg
[0.936s] -- Up-to-date: /home/ph/ros2_firstw/install/tutorial_interfaces/include/tutorial_interfaces/tutorial_interfaces/msg/detail
[0.938s] -- Up-to-date: /home/ph/ros2_firstw/install/tutorial_interfaces/include/tutorial_interfaces/tutorial_interfaces/msg/detail/sphere__type_support.cpp
[0.938s] -- Up-to-date: /home/ph/ros2_firstw/install/tutorial_interfaces/include/tutorial_interfaces/tutorial_interfaces/msg/detail/num__rosidl_typesupport_introspection_cpp.hpp
[0.938s] -- Up-to-date: /home/ph/ros2_firstw/install/tutorial_interfaces/include/tutorial_interfaces/tutorial_interfaces/msg/detail/num__type_support.cpp
[0.938s] -- Up-to-date: /home/ph/ros2_firstw/install/tutorial_interfaces/include/tutorial_interfaces/tutorial_interfaces/msg/detail/sphere__rosidl_typesupport_introspection_cpp.hpp
[0.938s] -- Up-to-date: /home/ph/ros2_firstw/install/tutorial_interfaces/lib/libtutorial_interfaces__rosidl_typesupport_introspection_cpp.so
[0.938s] -- Up-to-date: /home/ph/ros2_firstw/install/tutorial_interfaces/lib/libtutorial_interfaces__rosidl_typesupport_cpp.so
[0.938s] -- Up-to-date: /home/ph/ros2_firstw/install/tutorial_interfaces/share/tutorial_interfaces/environment/pythonpath.sh
[0.938s] -- Up-to-date: /home/ph/ros2_firstw/install/tutorial_interfaces/share/tutorial_interfaces/environment/pythonpath.dsv
[0.938s] -- Up-to-date: /home/ph/ros2_firstw/install/tutorial_interfaces/local/lib/python3.10/dist-packages/tutorial_interfaces-0.0.0-py3.10.egg-info
[0.939s] -- Installing: /home/ph/ros2_firstw/install/tutorial_interfaces/local/lib/python3.10/dist-packages/tutorial_interfaces-0.0.0-py3.10.egg-info/top_level.txt
[0.939s] -- Installing: /home/ph/ros2_firstw/install/tutorial_interfaces/local/lib/python3.10/dist-packages/tutorial_interfaces-0.0.0-py3.10.egg-info/PKG-INFO
[0.939s] -- Installing: /home/ph/ros2_firstw/install/tutorial_interfaces/local/lib/python3.10/dist-packages/tutorial_interfaces-0.0.0-py3.10.egg-info/SOURCES.txt
[0.939s] -- Installing: /home/ph/ros2_firstw/install/tutorial_interfaces/local/lib/python3.10/dist-packages/tutorial_interfaces-0.0.0-py3.10.egg-info/dependency_links.txt
[0.939s] -- Up-to-date: /home/ph/ros2_firstw/install/tutorial_interfaces/local/lib/python3.10/dist-packages/tutorial_interfaces
[0.939s] -- Up-to-date: /home/ph/ros2_firstw/install/tutorial_interfaces/local/lib/python3.10/dist-packages/tutorial_interfaces/tutorial_interfaces_s__rosidl_typesupport_fastrtps_c.cpython-310-x86_64-linux-gnu.so
[0.939s] -- Up-to-date: /home/ph/ros2_firstw/install/tutorial_interfaces/local/lib/python3.10/dist-packages/tutorial_interfaces/tutorial_interfaces_s__rosidl_typesupport_introspection_c.cpython-310-x86_64-linux-gnu.so
[0.939s] -- Up-to-date: /home/ph/ros2_firstw/install/tutorial_interfaces/local/lib/python3.10/dist-packages/tutorial_interfaces/srv
[0.939s] -- Up-to-date: /home/ph/ros2_firstw/install/tutorial_interfaces/local/lib/python3.10/dist-packages/tutorial_interfaces/srv/_add_three_ints.py
[0.940s] -- Up-to-date: /home/ph/ros2_firstw/install/tutorial_interfaces/local/lib/python3.10/dist-packages/tutorial_interfaces/srv/__init__.py
[0.940s] -- Up-to-date: /home/ph/ros2_firstw/install/tutorial_interfaces/local/lib/python3.10/dist-packages/tutorial_interfaces/srv/_add_three_ints_s.c
[0.940s] -- Up-to-date: /home/ph/ros2_firstw/install/tutorial_interfaces/local/lib/python3.10/dist-packages/tutorial_interfaces/__init__.py
[0.940s] -- Up-to-date: /home/ph/ros2_firstw/install/tutorial_interfaces/local/lib/python3.10/dist-packages/tutorial_interfaces/_tutorial_interfaces_s.ep.rosidl_typesupport_c.c
[0.940s] -- Up-to-date: /home/ph/ros2_firstw/install/tutorial_interfaces/local/lib/python3.10/dist-packages/tutorial_interfaces/tutorial_interfaces_s__rosidl_typesupport_c.cpython-310-x86_64-linux-gnu.so
[0.940s] -- Up-to-date: /home/ph/ros2_firstw/install/tutorial_interfaces/local/lib/python3.10/dist-packages/tutorial_interfaces/libtutorial_interfaces__rosidl_generator_py.so
[0.940s] -- Up-to-date: /home/ph/ros2_firstw/install/tutorial_interfaces/local/lib/python3.10/dist-packages/tutorial_interfaces/_tutorial_interfaces_s.ep.rosidl_typesupport_introspection_c.c
[0.940s] -- Up-to-date: /home/ph/ros2_firstw/install/tutorial_interfaces/local/lib/python3.10/dist-packages/tutorial_interfaces/_tutorial_interfaces_s.ep.rosidl_typesupport_fastrtps_c.c
[0.941s] -- Up-to-date: /home/ph/ros2_firstw/install/tutorial_interfaces/local/lib/python3.10/dist-packages/tutorial_interfaces/msg
[0.941s] -- Up-to-date: /home/ph/ros2_firstw/install/tutorial_interfaces/local/lib/python3.10/dist-packages/tutorial_interfaces/msg/_sphere_s.c
[0.941s] -- Up-to-date: /home/ph/ros2_firstw/install/tutorial_interfaces/local/lib/python3.10/dist-packages/tutorial_interfaces/msg/_sphere.py
[0.941s] -- Up-to-date: /home/ph/ros2_firstw/install/tutorial_interfaces/local/lib/python3.10/dist-packages/tutorial_interfaces/msg/__init__.py
[0.941s] -- Up-to-date: /home/ph/ros2_firstw/install/tutorial_interfaces/local/lib/python3.10/dist-packages/tutorial_interfaces/msg/_num.py
[0.941s] -- Up-to-date: /home/ph/ros2_firstw/install/tutorial_interfaces/local/lib/python3.10/dist-packages/tutorial_interfaces/msg/_num_s.c
[0.989s] Listing '/home/ph/ros2_firstw/install/tutorial_interfaces/local/lib/python3.10/dist-packages/tutorial_interfaces'...
[0.989s] Listing '/home/ph/ros2_firstw/install/tutorial_interfaces/local/lib/python3.10/dist-packages/tutorial_interfaces/msg'...
[0.990s] Listing '/home/ph/ros2_firstw/install/tutorial_interfaces/local/lib/python3.10/dist-packages/tutorial_interfaces/srv'...
[0.999s] -- Up-to-date: /home/ph/ros2_firstw/install/tutorial_interfaces/local/lib/python3.10/dist-packages/tutorial_interfaces/tutorial_interfaces_s__rosidl_typesupport_fastrtps_c.cpython-310-x86_64-linux-gnu.so
[1.000s] -- Up-to-date: /home/ph/ros2_firstw/install/tutorial_interfaces/local/lib/python3.10/dist-packages/tutorial_interfaces/tutorial_interfaces_s__rosidl_typesupport_introspection_c.cpython-310-x86_64-linux-gnu.so
[1.003s] -- Up-to-date: /home/ph/ros2_firstw/install/tutorial_interfaces/local/lib/python3.10/dist-packages/tutorial_interfaces/tutorial_interfaces_s__rosidl_typesupport_c.cpython-310-x86_64-linux-gnu.so
[1.003s] -- Up-to-date: /home/ph/ros2_firstw/install/tutorial_interfaces/lib/libtutorial_interfaces__rosidl_generator_py.so
[1.004s] -- Up-to-date: /home/ph/ros2_firstw/install/tutorial_interfaces/share/tutorial_interfaces/msg/Num.idl
[1.004s] -- Up-to-date: /home/ph/ros2_firstw/install/tutorial_interfaces/share/tutorial_interfaces/msg/Sphere.idl
[1.004s] -- Up-to-date: /home/ph/ros2_firstw/install/tutorial_interfaces/share/tutorial_interfaces/srv/AddThreeInts.idl
[1.004s] -- Up-to-date: /home/ph/ros2_firstw/install/tutorial_interfaces/share/tutorial_interfaces/msg/Num.msg
[1.004s] -- Up-to-date: /home/ph/ros2_firstw/install/tutorial_interfaces/share/tutorial_interfaces/msg/Sphere.msg
[1.004s] -- Up-to-date: /home/ph/ros2_firstw/install/tutorial_interfaces/share/tutorial_interfaces/srv/AddThreeInts.srv
[1.004s] -- Up-to-date: /home/ph/ros2_firstw/install/tutorial_interfaces/share/tutorial_interfaces/srv/AddThreeInts_Request.msg
[1.004s] -- Up-to-date: /home/ph/ros2_firstw/install/tutorial_interfaces/share/tutorial_interfaces/srv/AddThreeInts_Response.msg
[1.005s] -- Up-to-date: /home/ph/ros2_firstw/install/tutorial_interfaces/share/ament_index/resource_index/package_run_dependencies/tutorial_interfaces
[1.006s] -- Up-to-date: /home/ph/ros2_firstw/install/tutorial_interfaces/share/ament_index/resource_index/parent_prefix_path/tutorial_interfaces
[1.006s] -- Up-to-date: /home/ph/ros2_firstw/install/tutorial_interfaces/share/tutorial_interfaces/environment/ament_prefix_path.sh
[1.006s] -- Up-to-date: /home/ph/ros2_firstw/install/tutorial_interfaces/share/tutorial_interfaces/environment/ament_prefix_path.dsv
[1.006s] -- Up-to-date: /home/ph/ros2_firstw/install/tutorial_interfaces/share/tutorial_interfaces/environment/path.sh
[1.006s] -- Up-to-date: /home/ph/ros2_firstw/install/tutorial_interfaces/share/tutorial_interfaces/environment/path.dsv
[1.006s] -- Up-to-date: /home/ph/ros2_firstw/install/tutorial_interfaces/share/tutorial_interfaces/local_setup.bash
[1.006s] -- Up-to-date: /home/ph/ros2_firstw/install/tutorial_interfaces/share/tutorial_interfaces/local_setup.sh
[1.007s] -- Up-to-date: /home/ph/ros2_firstw/install/tutorial_interfaces/share/tutorial_interfaces/local_setup.zsh
[1.009s] -- Up-to-date: /home/ph/ros2_firstw/install/tutorial_interfaces/share/tutorial_interfaces/local_setup.dsv
[1.009s] -- Installing: /home/ph/ros2_firstw/install/tutorial_interfaces/share/tutorial_interfaces/package.dsv
[1.009s] -- Up-to-date: /home/ph/ros2_firstw/install/tutorial_interfaces/share/ament_index/resource_index/packages/tutorial_interfaces
[1.009s] -- Up-to-date: /home/ph/ros2_firstw/install/tutorial_interfaces/share/tutorial_interfaces/cmake/export_tutorial_interfaces__rosidl_generator_cExport.cmake
[1.009s] -- Up-to-date: /home/ph/ros2_firstw/install/tutorial_interfaces/share/tutorial_interfaces/cmake/export_tutorial_interfaces__rosidl_generator_cExport-noconfig.cmake
[1.010s] -- Up-to-date: /home/ph/ros2_firstw/install/tutorial_interfaces/share/tutorial_interfaces/cmake/export_tutorial_interfaces__rosidl_typesupport_fastrtps_cExport.cmake
[1.010s] -- Up-to-date: /home/ph/ros2_firstw/install/tutorial_interfaces/share/tutorial_interfaces/cmake/export_tutorial_interfaces__rosidl_typesupport_fastrtps_cExport-noconfig.cmake
[1.010s] -- Up-to-date: /home/ph/ros2_firstw/install/tutorial_interfaces/share/tutorial_interfaces/cmake/export_tutorial_interfaces__rosidl_generator_cppExport.cmake
[1.011s] -- Up-to-date: /home/ph/ros2_firstw/install/tutorial_interfaces/share/tutorial_interfaces/cmake/export_tutorial_interfaces__rosidl_typesupport_fastrtps_cppExport.cmake
[1.011s] -- Up-to-date: /home/ph/ros2_firstw/install/tutorial_interfaces/share/tutorial_interfaces/cmake/export_tutorial_interfaces__rosidl_typesupport_fastrtps_cppExport-noconfig.cmake
[1.011s] -- Up-to-date: /home/ph/ros2_firstw/install/tutorial_interfaces/share/tutorial_interfaces/cmake/tutorial_interfaces__rosidl_typesupport_introspection_cExport.cmake
[1.011s] -- Up-to-date: /home/ph/ros2_firstw/install/tutorial_interfaces/share/tutorial_interfaces/cmake/tutorial_interfaces__rosidl_typesupport_introspection_cExport-noconfig.cmake
[1.012s] -- Up-to-date: /home/ph/ros2_firstw/install/tutorial_interfaces/share/tutorial_interfaces/cmake/tutorial_interfaces__rosidl_typesupport_cExport.cmake
[1.012s] -- Up-to-date: /home/ph/ros2_firstw/install/tutorial_interfaces/share/tutorial_interfaces/cmake/tutorial_interfaces__rosidl_typesupport_cExport-noconfig.cmake
[1.012s] -- Up-to-date: /home/ph/ros2_firstw/install/tutorial_interfaces/share/tutorial_interfaces/cmake/tutorial_interfaces__rosidl_typesupport_introspection_cppExport.cmake
[1.012s] -- Up-to-date: /home/ph/ros2_firstw/install/tutorial_interfaces/share/tutorial_interfaces/cmake/tutorial_interfaces__rosidl_typesupport_introspection_cppExport-noconfig.cmake
[1.013s] -- Up-to-date: /home/ph/ros2_firstw/install/tutorial_interfaces/share/tutorial_interfaces/cmake/tutorial_interfaces__rosidl_typesupport_cppExport.cmake
[1.013s] -- Up-to-date: /home/ph/ros2_firstw/install/tutorial_interfaces/share/tutorial_interfaces/cmake/tutorial_interfaces__rosidl_typesupport_cppExport-noconfig.cmake
[1.013s] -- Up-to-date: /home/ph/ros2_firstw/install/tutorial_interfaces/share/tutorial_interfaces/cmake/export_tutorial_interfaces__rosidl_generator_pyExport.cmake
[1.013s] -- Up-to-date: /home/ph/ros2_firstw/install/tutorial_interfaces/share/tutorial_interfaces/cmake/export_tutorial_interfaces__rosidl_generator_pyExport-noconfig.cmake
[1.014s] -- Up-to-date: /home/ph/ros2_firstw/install/tutorial_interfaces/share/tutorial_interfaces/cmake/rosidl_cmake-extras.cmake
[1.014s] -- Up-to-date: /home/ph/ros2_firstw/install/tutorial_interfaces/share/tutorial_interfaces/cmake/ament_cmake_export_dependencies-extras.cmake
[1.014s] -- Up-to-date: /home/ph/ros2_firstw/install/tutorial_interfaces/share/tutorial_interfaces/cmake/ament_cmake_export_include_directories-extras.cmake
[1.014s] -- Up-to-date: /home/ph/ros2_firstw/install/tutorial_interfaces/share/tutorial_interfaces/cmake/ament_cmake_export_libraries-extras.cmake
[1.015s] -- Up-to-date: /home/ph/ros2_firstw/install/tutorial_interfaces/share/tutorial_interfaces/cmake/ament_cmake_export_targets-extras.cmake
[1.015s] -- Up-to-date: /home/ph/ros2_firstw/install/tutorial_interfaces/share/tutorial_interfaces/cmake/rosidl_cmake_export_typesupport_targets-extras.cmake
[1.015s] -- Up-to-date: /home/ph/ros2_firstw/install/tutorial_interfaces/share/tutorial_interfaces/cmake/rosidl_cmake_export_typesupport_libraries-extras.cmake
[1.015s] -- Up-to-date: /home/ph/ros2_firstw/install/tutorial_interfaces/share/tutorial_interfaces/cmake/tutorial_interfacesConfig.cmake
[1.015s] -- Up-to-date: /home/ph/ros2_firstw/install/tutorial_interfaces/share/tutorial_interfaces/cmake/tutorial_interfacesConfig-version.cmake
[1.015s] -- Up-to-date: /home/ph/ros2_firstw/install/tutorial_interfaces/share/tutorial_interfaces/package.xml
[1.020s] Invoked command in '/home/ph/ros2_firstw/build/tutorial_interfaces' returned '0': CMAKE_PREFIX_PATH=${CMAKE_PREFIX_PATH}:/opt/ros/humble /usr/bin/cmake --install /home/ph/ros2_firstw/build/tutorial_interfaces
