[0.052s] Invoking command in '/home/ph/ros2_firstw/build/tutorial_interfaces': CMAKE_PREFIX_PATH=/opt/ros/humble /usr/bin/cmake /home/ph/ros2_firstw/src/tutorial_interfaces -DCMAKE_INSTALL_PREFIX=/home/ph/ros2_firstw/install/tutorial_interfaces
[0.357s] -- The C compiler identification is GNU 11.4.0
[0.602s] -- The CXX compiler identification is GNU 11.4.0
[0.622s] -- Detecting C compiler ABI info
[0.795s] -- Detecting C compiler ABI info - done
[0.817s] -- Check for working C compiler: /usr/bin/cc - skipped
[0.818s] -- Detecting C compile features
[0.819s] -- Detecting C compile features - done
[0.828s] -- Detecting CXX compiler ABI info
[1.006s] -- Detecting CXX compiler ABI info - done
[1.020s] -- Check for working CXX compiler: /usr/bin/c++ - skipped
[1.020s] -- Detecting CXX compile features
[1.021s] -- Detecting CXX compile features - done
[1.029s] -- Found ament_cmake: 1.3.12 (/opt/ros/humble/share/ament_cmake/cmake)
[1.351s] -- Found Python3: /usr/bin/python3 (found version "3.10.12") found components: Interpreter 
[1.558s] -- Found geometry_msgs: 4.9.0 (/opt/ros/humble/share/geometry_msgs/cmake)
[1.646s] -- Found rosidl_generator_c: 3.1.7 (/opt/ros/humble/share/rosidl_generator_c/cmake)
[1.658s] -- Found rosidl_adapter: 3.1.7 (/opt/ros/humble/share/rosidl_adapter/cmake)
[1.680s] -- Found rosidl_generator_cpp: 3.1.7 (/opt/ros/humble/share/rosidl_generator_cpp/cmake)
[1.710s] -- Using all available rosidl_typesupport_c: rosidl_typesupport_fastrtps_c;rosidl_typesupport_introspection_c
[1.750s] -- Using all available rosidl_typesupport_cpp: rosidl_typesupport_fastrtps_cpp;rosidl_typesupport_introspection_cpp
[1.841s] -- Found rosidl_default_generators: 1.2.0 (/opt/ros/humble/share/rosidl_default_generators/cmake)
[1.860s] [31mCMake Error at /opt/ros/humble/share/rosidl_cmake/cmake/rosidl_generate_interfaces.cmake:93 (message):
[1.861s]   rosidl_generate_interfaces() the passed file 'msg/Sphere.msg' doesn't exist
[1.861s]   relative to the CMAKE_CURRENT_SOURCE_DIR
[1.861s]   '/home/ph/ros2_firstw/src/tutorial_interfaces'
[1.861s] Call Stack (most recent call first):
[1.861s]   CMakeLists.txt:13 (rosidl_generate_interfaces)
[1.861s] 
[1.861s] [0m
[1.861s] -- Configuring incomplete, errors occurred!
[1.861s] See also "/home/ph/ros2_firstw/build/tutorial_interfaces/CMakeFiles/CMakeOutput.log".
[1.874s] Invoked command in '/home/ph/ros2_firstw/build/tutorial_interfaces' returned '1': CMAKE_PREFIX_PATH=/opt/ros/humble /usr/bin/cmake /home/ph/ros2_firstw/src/tutorial_interfaces -DCMAKE_INSTALL_PREFIX=/home/ph/ros2_firstw/install/tutorial_interfaces
