[0.017s] Invoking command in '/home/ph/ros2_firstw/build/cpp_parameters': CMAKE_PREFIX_PATH=${CMAKE_PREFIX_PATH}:/opt/ros/humble /usr/bin/cmake --build /home/ph/ros2_firstw/build/cpp_parameters -- -j8 -l8
[0.104s] [35m[1mConsolidate compiler generated dependencies of target minimal_param_node[0m
[0.143s] [ 50%] [32mBuilding CXX object CMakeFiles/minimal_param_node.dir/src/cpp_parameters_node.cpp.o[0m
[3.694s] [100%] [32m[1mLinking CXX executable minimal_param_node[0m
[3.895s] [100%] Built target minimal_param_node
[3.924s] Invoked command in '/home/ph/ros2_firstw/build/cpp_parameters' returned '0': CMAKE_PREFIX_PATH=${CMAKE_PREFIX_PATH}:/opt/ros/humble /usr/bin/cmake --build /home/ph/ros2_firstw/build/cpp_parameters -- -j8 -l8
[3.951s] Invoking command in '/home/ph/ros2_firstw/build/cpp_parameters': CMAKE_PREFIX_PATH=${CMAKE_PREFIX_PATH}:/opt/ros/humble /usr/bin/cmake --install /home/ph/ros2_firstw/build/cpp_parameters
[3.969s] -- Install configuration: ""
[3.969s] -- Installing: /home/ph/ros2_firstw/install/cpp_parameters/lib/cpp_parameters/minimal_param_node
[3.970s] -- Set runtime path of "/home/ph/ros2_firstw/install/cpp_parameters/lib/cpp_parameters/minimal_param_node" to ""
[3.970s] -- Installing: /home/ph/ros2_firstw/install/cpp_parameters/share/ament_index/resource_index/package_run_dependencies/cpp_parameters
[3.970s] -- Installing: /home/ph/ros2_firstw/install/cpp_parameters/share/ament_index/resource_index/parent_prefix_path/cpp_parameters
[3.971s] -- Installing: /home/ph/ros2_firstw/install/cpp_parameters/share/cpp_parameters/environment/ament_prefix_path.sh
[3.971s] -- Installing: /home/ph/ros2_firstw/install/cpp_parameters/share/cpp_parameters/environment/ament_prefix_path.dsv
[3.971s] -- Installing: /home/ph/ros2_firstw/install/cpp_parameters/share/cpp_parameters/environment/path.sh
[3.971s] -- Installing: /home/ph/ros2_firstw/install/cpp_parameters/share/cpp_parameters/environment/path.dsv
[3.972s] -- Installing: /home/ph/ros2_firstw/install/cpp_parameters/share/cpp_parameters/local_setup.bash
[3.972s] -- Installing: /home/ph/ros2_firstw/install/cpp_parameters/share/cpp_parameters/local_setup.sh
[3.972s] -- Installing: /home/ph/ros2_firstw/install/cpp_parameters/share/cpp_parameters/local_setup.zsh
[3.972s] -- Installing: /home/ph/ros2_firstw/install/cpp_parameters/share/cpp_parameters/local_setup.dsv
[3.973s] -- Installing: /home/ph/ros2_firstw/install/cpp_parameters/share/cpp_parameters/package.dsv
[3.973s] -- Installing: /home/ph/ros2_firstw/install/cpp_parameters/share/ament_index/resource_index/packages/cpp_parameters
[3.973s] -- Installing: /home/ph/ros2_firstw/install/cpp_parameters/share/cpp_parameters/cmake/cpp_parametersConfig.cmake
[3.973s] -- Installing: /home/ph/ros2_firstw/install/cpp_parameters/share/cpp_parameters/cmake/cpp_parametersConfig-version.cmake
[3.973s] -- Installing: /home/ph/ros2_firstw/install/cpp_parameters/share/cpp_parameters/package.xml
[3.976s] Invoked command in '/home/ph/ros2_firstw/build/cpp_parameters' returned '0': CMAKE_PREFIX_PATH=${CMAKE_PREFIX_PATH}:/opt/ros/humble /usr/bin/cmake --install /home/ph/ros2_firstw/build/cpp_parameters
