[0.043s] Invoking command in '/home/ph/ros2_firstw/build/nnnode': CMAKE_PREFIX_PATH=${CMAKE_PREFIX_PATH}:/opt/ros/humble /usr/bin/cmake --build /home/ph/ros2_firstw/build/nnnode -- -j8 -l8
[0.092s] -- Found ament_cmake: 1.3.12 (/opt/ros/humble/share/ament_cmake/cmake)
[0.632s] -- Found rclcpp: 16.0.15 (/opt/ros/humble/share/rclcpp/cmake)
[0.699s] -- Found rosidl_generator_c: 3.1.7 (/opt/ros/humble/share/rosidl_generator_c/cmake)
[0.704s] -- Found rosidl_adapter: 3.1.7 (/opt/ros/humble/share/rosidl_adapter/cmake)
[0.717s] -- Found rosidl_generator_cpp: 3.1.7 (/opt/ros/humble/share/rosidl_generator_cpp/cmake)
[0.739s] -- Using all available rosidl_typesupport_c: rosidl_typesupport_fastrtps_c;rosidl_typesupport_introspection_c
[0.768s] -- Using all available rosidl_typesupport_cpp: rosidl_typesupport_fastrtps_cpp;rosidl_typesupport_introspection_cpp
[0.844s] -- Found rmw_implementation_cmake: 6.1.2 (/opt/ros/humble/share/rmw_implementation_cmake/cmake)
[0.847s] -- Found rmw_fastrtps_cpp: 6.2.9 (/opt/ros/humble/share/rmw_fastrtps_cpp/cmake)
[1.072s] -- Using RMW implementation 'rmw_fastrtps_cpp' as default
[1.192s] -- Found rclcpp_lifecycle: 16.0.15 (/opt/ros/humble/share/rclcpp_lifecycle/cmake)
[1.220s] -- Found ament_lint_auto: 0.12.14 (/opt/ros/humble/share/ament_lint_auto/cmake)
[1.405s] -- Added test 'cppcheck' to perform static code analysis on C / C++ code
[1.415s] -- Configured cppcheck include dirs: 
[1.415s] -- Configured cppcheck exclude dirs and/or files: 
[1.422s] -- Added test 'lint_cmake' to check CMake code style
[1.426s] -- Added test 'uncrustify' to check C / C++ code style
[1.426s] -- Configured uncrustify additional arguments: 
[1.432s] -- Added test 'xmllint' to check XML markup files
[1.437s] -- Configuring done
[1.484s] -- Generating done
[1.492s] -- Build files have been written to: /home/ph/ros2_firstw/build/nnnode
[1.554s] [35m[1mConsolidate compiler generated dependencies of target simple_node[0m
[1.592s] [ 50%] [32mBuilding CXX object CMakeFiles/simple_node.dir/src/nnnode.cpp.o[0m
[5.377s] [100%] [32m[1mLinking CXX executable simple_node[0m
[5.623s] [100%] Built target simple_node
[5.653s] Invoked command in '/home/ph/ros2_firstw/build/nnnode' returned '0': CMAKE_PREFIX_PATH=${CMAKE_PREFIX_PATH}:/opt/ros/humble /usr/bin/cmake --build /home/ph/ros2_firstw/build/nnnode -- -j8 -l8
[5.655s] Invoking command in '/home/ph/ros2_firstw/build/nnnode': CMAKE_PREFIX_PATH=${CMAKE_PREFIX_PATH}:/opt/ros/humble /usr/bin/cmake --install /home/ph/ros2_firstw/build/nnnode
[5.669s] -- Install configuration: ""
[5.671s] -- Installing: /home/ph/ros2_firstw/install/nnnode/lib/nnnode/simple_node
[5.672s] -- Set runtime path of "/home/ph/ros2_firstw/install/nnnode/lib/nnnode/simple_node" to ""
[5.672s] -- Installing: /home/ph/ros2_firstw/install/nnnode/share/ament_index/resource_index/package_run_dependencies/nnnode
[5.672s] -- Up-to-date: /home/ph/ros2_firstw/install/nnnode/share/ament_index/resource_index/parent_prefix_path/nnnode
[5.673s] -- Up-to-date: /home/ph/ros2_firstw/install/nnnode/share/nnnode/environment/ament_prefix_path.sh
[5.673s] -- Installing: /home/ph/ros2_firstw/install/nnnode/share/nnnode/environment/ament_prefix_path.dsv
[5.673s] -- Up-to-date: /home/ph/ros2_firstw/install/nnnode/share/nnnode/environment/path.sh
[5.673s] -- Installing: /home/ph/ros2_firstw/install/nnnode/share/nnnode/environment/path.dsv
[5.673s] -- Up-to-date: /home/ph/ros2_firstw/install/nnnode/share/nnnode/local_setup.bash
[5.674s] -- Up-to-date: /home/ph/ros2_firstw/install/nnnode/share/nnnode/local_setup.sh
[5.674s] -- Up-to-date: /home/ph/ros2_firstw/install/nnnode/share/nnnode/local_setup.zsh
[5.674s] -- Installing: /home/ph/ros2_firstw/install/nnnode/share/nnnode/local_setup.dsv
[5.674s] -- Installing: /home/ph/ros2_firstw/install/nnnode/share/nnnode/package.dsv
[5.674s] -- Up-to-date: /home/ph/ros2_firstw/install/nnnode/share/ament_index/resource_index/packages/nnnode
[5.674s] -- Up-to-date: /home/ph/ros2_firstw/install/nnnode/share/nnnode/cmake/nnnodeConfig.cmake
[5.675s] -- Up-to-date: /home/ph/ros2_firstw/install/nnnode/share/nnnode/cmake/nnnodeConfig-version.cmake
[5.675s] -- Installing: /home/ph/ros2_firstw/install/nnnode/share/nnnode/package.xml
[5.679s] Invoked command in '/home/ph/ros2_firstw/build/nnnode' returned '0': CMAKE_PREFIX_PATH=${CMAKE_PREFIX_PATH}:/opt/ros/humble /usr/bin/cmake --install /home/ph/ros2_firstw/build/nnnode
