[0.880s] DEBUG:colcon:Command line arguments: ['/usr/bin/colcon', 'build', '--packages-select', 'helios16p_cane_robot']
[0.880s] DEBUG:colcon:Parsed command line arguments: Namespace(log_base=None, log_level=None, verb_name='build', build_base='build', install_base='install', merge_install=False, symlink_install=False, test_result_base=None, continue_on_error=False, executor='parallel', parallel_workers=8, event_handlers=None, ignore_user_meta=False, metas=['./colcon.meta'], base_paths=['.'], packages_ignore=None, packages_ignore_regex=None, paths=None, packages_up_to=None, packages_up_to_regex=None, packages_above=None, packages_above_and_dependencies=None, packages_above_depth=None, packages_select_by_dep=None, packages_skip_by_dep=None, packages_skip_up_to=None, packages_select_build_failed=False, packages_skip_build_finished=False, packages_select_test_failures=False, packages_skip_test_passed=False, packages_select=['helios16p_cane_robot'], packages_skip=None, packages_select_regex=None, packages_skip_regex=None, packages_start=None, packages_end=None, allow_overriding=[], cmake_args=None, cmake_target=None, cmake_target_skip_unavailable=False, cmake_clean_cache=False, cmake_clean_first=False, cmake_force_configure=False, ament_cmake_args=None, catkin_cmake_args=None, catkin_skip_building_tests=False, mixin_files=None, mixin=None, verb_parser=<colcon_mixin.mixin.mixin_argument.MixinArgumentDecorator object at 0x7b817ed7c6d0>, verb_extension=<colcon_core.verb.build.BuildVerb object at 0x7b817ed47ca0>, main=<bound method BuildVerb.main of <colcon_core.verb.build.BuildVerb object at 0x7b817ed47ca0>>, mixin_verb=('build',))
[1.725s] Level 1:colcon.colcon_core.package_discovery:discover_packages(colcon_meta) check parameters
[1.725s] Level 1:colcon.colcon_core.package_discovery:discover_packages(recursive) check parameters
[1.725s] Level 1:colcon.colcon_core.package_discovery:discover_packages(ignore) check parameters
[1.725s] Level 1:colcon.colcon_core.package_discovery:discover_packages(path) check parameters
[1.726s] Level 1:colcon.colcon_core.package_discovery:discover_packages(colcon_meta) discover
[1.726s] Level 1:colcon.colcon_core.package_discovery:discover_packages(recursive) discover
[1.726s] INFO:colcon.colcon_core.package_discovery:Crawling recursively for packages in '/home/ph/ws/lidar_ws'
[1.726s] Level 1:colcon.colcon_core.package_identification:_identify(.) by extensions ['ignore', 'ignore_ament_install']
[1.726s] Level 1:colcon.colcon_core.package_identification:_identify(.) by extension 'ignore'
[1.727s] Level 1:colcon.colcon_core.package_identification:_identify(.) by extension 'ignore_ament_install'
[1.727s] Level 1:colcon.colcon_core.package_identification:_identify(.) by extensions ['colcon_pkg']
[1.727s] Level 1:colcon.colcon_core.package_identification:_identify(.) by extension 'colcon_pkg'
[1.727s] Level 1:colcon.colcon_core.package_identification:_identify(.) by extensions ['colcon_meta']
[1.727s] Level 1:colcon.colcon_core.package_identification:_identify(.) by extension 'colcon_meta'
[1.727s] Level 1:colcon.colcon_core.package_identification:_identify(.) by extensions ['ros']
[1.727s] Level 1:colcon.colcon_core.package_identification:_identify(.) by extension 'ros'
[1.831s] Level 1:colcon.colcon_core.package_identification:_identify(.) by extensions ['cmake', 'python']
[1.831s] Level 1:colcon.colcon_core.package_identification:_identify(.) by extension 'cmake'
[1.831s] Level 1:colcon.colcon_core.package_identification:_identify(.) by extension 'python'
[1.831s] Level 1:colcon.colcon_core.package_identification:_identify(.) by extensions ['python_setup_py']
[1.831s] Level 1:colcon.colcon_core.package_identification:_identify(.) by extension 'python_setup_py'
[1.832s] Level 1:colcon.colcon_core.package_identification:_identify(build) by extensions ['ignore', 'ignore_ament_install']
[1.832s] Level 1:colcon.colcon_core.package_identification:_identify(build) by extension 'ignore'
[1.832s] Level 1:colcon.colcon_core.package_identification:_identify(build) ignored
[1.832s] Level 1:colcon.colcon_core.package_identification:_identify(install) by extensions ['ignore', 'ignore_ament_install']
[1.833s] Level 1:colcon.colcon_core.package_identification:_identify(install) by extension 'ignore'
[1.833s] Level 1:colcon.colcon_core.package_identification:_identify(install) ignored
[1.833s] Level 1:colcon.colcon_core.package_identification:_identify(log) by extensions ['ignore', 'ignore_ament_install']
[1.833s] Level 1:colcon.colcon_core.package_identification:_identify(log) by extension 'ignore'
[1.833s] Level 1:colcon.colcon_core.package_identification:_identify(log) ignored
[1.834s] Level 1:colcon.colcon_core.package_identification:_identify(maps) by extensions ['ignore', 'ignore_ament_install']
[1.834s] Level 1:colcon.colcon_core.package_identification:_identify(maps) by extension 'ignore'
[1.835s] Level 1:colcon.colcon_core.package_identification:_identify(maps) by extension 'ignore_ament_install'
[1.835s] Level 1:colcon.colcon_core.package_identification:_identify(maps) by extensions ['colcon_pkg']
[1.835s] Level 1:colcon.colcon_core.package_identification:_identify(maps) by extension 'colcon_pkg'
[1.835s] Level 1:colcon.colcon_core.package_identification:_identify(maps) by extensions ['colcon_meta']
[1.835s] Level 1:colcon.colcon_core.package_identification:_identify(maps) by extension 'colcon_meta'
[1.835s] Level 1:colcon.colcon_core.package_identification:_identify(maps) by extensions ['ros']
[1.835s] Level 1:colcon.colcon_core.package_identification:_identify(maps) by extension 'ros'
[1.835s] Level 1:colcon.colcon_core.package_identification:_identify(maps) by extensions ['cmake', 'python']
[1.836s] Level 1:colcon.colcon_core.package_identification:_identify(maps) by extension 'cmake'
[1.836s] Level 1:colcon.colcon_core.package_identification:_identify(maps) by extension 'python'
[1.836s] Level 1:colcon.colcon_core.package_identification:_identify(maps) by extensions ['python_setup_py']
[1.836s] Level 1:colcon.colcon_core.package_identification:_identify(maps) by extension 'python_setup_py'
[1.836s] Level 1:colcon.colcon_core.package_identification:_identify(src) by extensions ['ignore', 'ignore_ament_install']
[1.836s] Level 1:colcon.colcon_core.package_identification:_identify(src) by extension 'ignore'
[1.837s] Level 1:colcon.colcon_core.package_identification:_identify(src) by extension 'ignore_ament_install'
[1.837s] Level 1:colcon.colcon_core.package_identification:_identify(src) by extensions ['colcon_pkg']
[1.837s] Level 1:colcon.colcon_core.package_identification:_identify(src) by extension 'colcon_pkg'
[1.837s] Level 1:colcon.colcon_core.package_identification:_identify(src) by extensions ['colcon_meta']
[1.837s] Level 1:colcon.colcon_core.package_identification:_identify(src) by extension 'colcon_meta'
[1.837s] Level 1:colcon.colcon_core.package_identification:_identify(src) by extensions ['ros']
[1.837s] Level 1:colcon.colcon_core.package_identification:_identify(src) by extension 'ros'
[1.837s] Level 1:colcon.colcon_core.package_identification:_identify(src) by extensions ['cmake', 'python']
[1.838s] Level 1:colcon.colcon_core.package_identification:_identify(src) by extension 'cmake'
[1.838s] Level 1:colcon.colcon_core.package_identification:_identify(src) by extension 'python'
[1.838s] Level 1:colcon.colcon_core.package_identification:_identify(src) by extensions ['python_setup_py']
[1.838s] Level 1:colcon.colcon_core.package_identification:_identify(src) by extension 'python_setup_py'
[1.838s] Level 1:colcon.colcon_core.package_identification:_identify(src/helios16p_cane_robot) by extensions ['ignore', 'ignore_ament_install']
[1.838s] Level 1:colcon.colcon_core.package_identification:_identify(src/helios16p_cane_robot) by extension 'ignore'
[1.839s] Level 1:colcon.colcon_core.package_identification:_identify(src/helios16p_cane_robot) by extension 'ignore_ament_install'
[1.839s] Level 1:colcon.colcon_core.package_identification:_identify(src/helios16p_cane_robot) by extensions ['colcon_pkg']
[1.839s] Level 1:colcon.colcon_core.package_identification:_identify(src/helios16p_cane_robot) by extension 'colcon_pkg'
[1.839s] Level 1:colcon.colcon_core.package_identification:_identify(src/helios16p_cane_robot) by extensions ['colcon_meta']
[1.839s] Level 1:colcon.colcon_core.package_identification:_identify(src/helios16p_cane_robot) by extension 'colcon_meta'
[1.839s] Level 1:colcon.colcon_core.package_identification:_identify(src/helios16p_cane_robot) by extensions ['ros']
[1.839s] Level 1:colcon.colcon_core.package_identification:_identify(src/helios16p_cane_robot) by extension 'ros'
[1.850s] DEBUG:colcon.colcon_core.package_identification:Package 'src/helios16p_cane_robot' with type 'ros.ament_python' and name 'helios16p_cane_robot'
[1.851s] Level 1:colcon.colcon_core.package_identification:_identify(src/kiss-icp) by extensions ['ignore', 'ignore_ament_install']
[1.852s] Level 1:colcon.colcon_core.package_identification:_identify(src/kiss-icp) by extension 'ignore'
[1.852s] Level 1:colcon.colcon_core.package_identification:_identify(src/kiss-icp) by extension 'ignore_ament_install'
[1.852s] Level 1:colcon.colcon_core.package_identification:_identify(src/kiss-icp) by extensions ['colcon_pkg']
[1.852s] Level 1:colcon.colcon_core.package_identification:_identify(src/kiss-icp) by extension 'colcon_pkg'
[1.852s] Level 1:colcon.colcon_core.package_identification:_identify(src/kiss-icp) by extensions ['colcon_meta']
[1.852s] Level 1:colcon.colcon_core.package_identification:_identify(src/kiss-icp) by extension 'colcon_meta'
[1.852s] Level 1:colcon.colcon_core.package_identification:_identify(src/kiss-icp) by extensions ['ros']
[1.853s] Level 1:colcon.colcon_core.package_identification:_identify(src/kiss-icp) by extension 'ros'
[1.853s] Level 1:colcon.colcon_core.package_identification:_identify(src/kiss-icp) by extensions ['cmake', 'python']
[1.853s] Level 1:colcon.colcon_core.package_identification:_identify(src/kiss-icp) by extension 'cmake'
[1.853s] Level 1:colcon.colcon_core.package_identification:_identify(src/kiss-icp) by extension 'python'
[1.853s] Level 1:colcon.colcon_core.package_identification:_identify(src/kiss-icp) by extensions ['python_setup_py']
[1.853s] Level 1:colcon.colcon_core.package_identification:_identify(src/kiss-icp) by extension 'python_setup_py'
[1.856s] Level 1:colcon.colcon_core.package_identification:_identify(src/kiss-icp/config) by extensions ['ignore', 'ignore_ament_install']
[1.856s] Level 1:colcon.colcon_core.package_identification:_identify(src/kiss-icp/config) by extension 'ignore'
[1.856s] Level 1:colcon.colcon_core.package_identification:_identify(src/kiss-icp/config) by extension 'ignore_ament_install'
[1.857s] Level 1:colcon.colcon_core.package_identification:_identify(src/kiss-icp/config) by extensions ['colcon_pkg']
[1.857s] Level 1:colcon.colcon_core.package_identification:_identify(src/kiss-icp/config) by extension 'colcon_pkg'
[1.857s] Level 1:colcon.colcon_core.package_identification:_identify(src/kiss-icp/config) by extensions ['colcon_meta']
[1.857s] Level 1:colcon.colcon_core.package_identification:_identify(src/kiss-icp/config) by extension 'colcon_meta'
[1.857s] Level 1:colcon.colcon_core.package_identification:_identify(src/kiss-icp/config) by extensions ['ros']
[1.857s] Level 1:colcon.colcon_core.package_identification:_identify(src/kiss-icp/config) by extension 'ros'
[1.857s] Level 1:colcon.colcon_core.package_identification:_identify(src/kiss-icp/config) by extensions ['cmake', 'python']
[1.858s] Level 1:colcon.colcon_core.package_identification:_identify(src/kiss-icp/config) by extension 'cmake'
[1.858s] Level 1:colcon.colcon_core.package_identification:_identify(src/kiss-icp/config) by extension 'python'
[1.858s] Level 1:colcon.colcon_core.package_identification:_identify(src/kiss-icp/config) by extensions ['python_setup_py']
[1.858s] Level 1:colcon.colcon_core.package_identification:_identify(src/kiss-icp/config) by extension 'python_setup_py'
[1.859s] Level 1:colcon.colcon_core.package_identification:_identify(src/kiss-icp/cpp) by extensions ['ignore', 'ignore_ament_install']
[1.859s] Level 1:colcon.colcon_core.package_identification:_identify(src/kiss-icp/cpp) by extension 'ignore'
[1.859s] Level 1:colcon.colcon_core.package_identification:_identify(src/kiss-icp/cpp) ignored
[1.860s] Level 1:colcon.colcon_core.package_identification:_identify(src/kiss-icp/eval) by extensions ['ignore', 'ignore_ament_install']
[1.860s] Level 1:colcon.colcon_core.package_identification:_identify(src/kiss-icp/eval) by extension 'ignore'
[1.860s] Level 1:colcon.colcon_core.package_identification:_identify(src/kiss-icp/eval) by extension 'ignore_ament_install'
[1.860s] Level 1:colcon.colcon_core.package_identification:_identify(src/kiss-icp/eval) by extensions ['colcon_pkg']
[1.860s] Level 1:colcon.colcon_core.package_identification:_identify(src/kiss-icp/eval) by extension 'colcon_pkg'
[1.860s] Level 1:colcon.colcon_core.package_identification:_identify(src/kiss-icp/eval) by extensions ['colcon_meta']
[1.861s] Level 1:colcon.colcon_core.package_identification:_identify(src/kiss-icp/eval) by extension 'colcon_meta'
[1.861s] Level 1:colcon.colcon_core.package_identification:_identify(src/kiss-icp/eval) by extensions ['ros']
[1.861s] Level 1:colcon.colcon_core.package_identification:_identify(src/kiss-icp/eval) by extension 'ros'
[1.861s] Level 1:colcon.colcon_core.package_identification:_identify(src/kiss-icp/eval) by extensions ['cmake', 'python']
[1.861s] Level 1:colcon.colcon_core.package_identification:_identify(src/kiss-icp/eval) by extension 'cmake'
[1.861s] Level 1:colcon.colcon_core.package_identification:_identify(src/kiss-icp/eval) by extension 'python'
[1.861s] Level 1:colcon.colcon_core.package_identification:_identify(src/kiss-icp/eval) by extensions ['python_setup_py']
[1.861s] Level 1:colcon.colcon_core.package_identification:_identify(src/kiss-icp/eval) by extension 'python_setup_py'
[1.862s] Level 1:colcon.colcon_core.package_identification:_identify(src/kiss-icp/python) by extensions ['ignore', 'ignore_ament_install']
[1.862s] Level 1:colcon.colcon_core.package_identification:_identify(src/kiss-icp/python) by extension 'ignore'
[1.862s] Level 1:colcon.colcon_core.package_identification:_identify(src/kiss-icp/python) ignored
[1.863s] Level 1:colcon.colcon_core.package_identification:_identify(src/kiss-icp/ros) by extensions ['ignore', 'ignore_ament_install']
[1.863s] Level 1:colcon.colcon_core.package_identification:_identify(src/kiss-icp/ros) by extension 'ignore'
[1.863s] Level 1:colcon.colcon_core.package_identification:_identify(src/kiss-icp/ros) by extension 'ignore_ament_install'
[1.864s] Level 1:colcon.colcon_core.package_identification:_identify(src/kiss-icp/ros) by extensions ['colcon_pkg']
[1.864s] Level 1:colcon.colcon_core.package_identification:_identify(src/kiss-icp/ros) by extension 'colcon_pkg'
[1.864s] Level 1:colcon.colcon_core.package_identification:_identify(src/kiss-icp/ros) by extensions ['colcon_meta']
[1.864s] Level 1:colcon.colcon_core.package_identification:_identify(src/kiss-icp/ros) by extension 'colcon_meta'
[1.864s] Level 1:colcon.colcon_core.package_identification:_identify(src/kiss-icp/ros) by extensions ['ros']
[1.864s] Level 1:colcon.colcon_core.package_identification:_identify(src/kiss-icp/ros) by extension 'ros'
[1.869s] DEBUG:colcon.colcon_core.package_identification:Package 'src/kiss-icp/ros' with type 'ros.ament_cmake' and name 'kiss_icp'
[1.872s] Level 1:colcon.colcon_core.package_identification:_identify(src/rslidar_msg) by extensions ['ignore', 'ignore_ament_install']
[1.872s] Level 1:colcon.colcon_core.package_identification:_identify(src/rslidar_msg) by extension 'ignore'
[1.872s] Level 1:colcon.colcon_core.package_identification:_identify(src/rslidar_msg) by extension 'ignore_ament_install'
[1.872s] Level 1:colcon.colcon_core.package_identification:_identify(src/rslidar_msg) by extensions ['colcon_pkg']
[1.872s] Level 1:colcon.colcon_core.package_identification:_identify(src/rslidar_msg) by extension 'colcon_pkg'
[1.873s] Level 1:colcon.colcon_core.package_identification:_identify(src/rslidar_msg) by extensions ['colcon_meta']
[1.873s] Level 1:colcon.colcon_core.package_identification:_identify(src/rslidar_msg) by extension 'colcon_meta'
[1.873s] Level 1:colcon.colcon_core.package_identification:_identify(src/rslidar_msg) by extensions ['ros']
[1.873s] Level 1:colcon.colcon_core.package_identification:_identify(src/rslidar_msg) by extension 'ros'
[1.877s] DEBUG:colcon.colcon_core.package_identification:Package 'src/rslidar_msg' with type 'ros.ament_cmake' and name 'rslidar_msg'
[1.878s] Level 1:colcon.colcon_core.package_identification:_identify(src/rslidar_sdk) by extensions ['ignore', 'ignore_ament_install']
[1.878s] Level 1:colcon.colcon_core.package_identification:_identify(src/rslidar_sdk) by extension 'ignore'
[1.878s] Level 1:colcon.colcon_core.package_identification:_identify(src/rslidar_sdk) by extension 'ignore_ament_install'
[1.879s] Level 1:colcon.colcon_core.package_identification:_identify(src/rslidar_sdk) by extensions ['colcon_pkg']
[1.879s] Level 1:colcon.colcon_core.package_identification:_identify(src/rslidar_sdk) by extension 'colcon_pkg'
[1.879s] Level 1:colcon.colcon_core.package_identification:_identify(src/rslidar_sdk) by extensions ['colcon_meta']
[1.879s] Level 1:colcon.colcon_core.package_identification:_identify(src/rslidar_sdk) by extension 'colcon_meta'
[1.879s] Level 1:colcon.colcon_core.package_identification:_identify(src/rslidar_sdk) by extensions ['ros']
[1.879s] Level 1:colcon.colcon_core.package_identification:_identify(src/rslidar_sdk) by extension 'ros'
[1.902s] DEBUG:colcon.colcon_core.package_identification:Package 'src/rslidar_sdk' with type 'ros.ament_cmake' and name 'rslidar_sdk'
[1.902s] Level 1:colcon.colcon_core.package_discovery:discover_packages(recursive) using defaults
[1.902s] Level 1:colcon.colcon_core.package_discovery:discover_packages(ignore) discover
[1.902s] Level 1:colcon.colcon_core.package_discovery:discover_packages(ignore) using defaults
[1.902s] Level 1:colcon.colcon_core.package_discovery:discover_packages(path) discover
[1.902s] Level 1:colcon.colcon_core.package_discovery:discover_packages(path) using defaults
[1.975s] INFO:colcon.colcon_core.package_selection:Skipping not selected package 'kiss_icp' in 'src/kiss-icp/ros'
[1.976s] INFO:colcon.colcon_core.package_selection:Skipping not selected package 'rslidar_msg' in 'src/rslidar_msg'
[1.976s] INFO:colcon.colcon_core.package_selection:Skipping not selected package 'rslidar_sdk' in 'src/rslidar_sdk'
[1.977s] Level 1:colcon.colcon_core.package_discovery:discover_packages(prefix_path) check parameters
[1.977s] Level 1:colcon.colcon_core.package_discovery:discover_packages(prefix_path) discover
[1.990s] DEBUG:colcon.colcon_installed_package_information.package_discovery:Found 453 installed packages in /opt/ros/humble
[1.997s] Level 1:colcon.colcon_core.package_discovery:discover_packages(prefix_path) using defaults
[2.279s] Level 5:colcon.colcon_core.verb:set package 'helios16p_cane_robot' build argument 'cmake_args' from command line to 'None'
[2.279s] Level 5:colcon.colcon_core.verb:set package 'helios16p_cane_robot' build argument 'cmake_target' from command line to 'None'
[2.279s] Level 5:colcon.colcon_core.verb:set package 'helios16p_cane_robot' build argument 'cmake_target_skip_unavailable' from command line to 'False'
[2.279s] Level 5:colcon.colcon_core.verb:set package 'helios16p_cane_robot' build argument 'cmake_clean_cache' from command line to 'False'
[2.279s] Level 5:colcon.colcon_core.verb:set package 'helios16p_cane_robot' build argument 'cmake_clean_first' from command line to 'False'
[2.279s] Level 5:colcon.colcon_core.verb:set package 'helios16p_cane_robot' build argument 'cmake_force_configure' from command line to 'False'
[2.279s] Level 5:colcon.colcon_core.verb:set package 'helios16p_cane_robot' build argument 'ament_cmake_args' from command line to 'None'
[2.279s] Level 5:colcon.colcon_core.verb:set package 'helios16p_cane_robot' build argument 'catkin_cmake_args' from command line to 'None'
[2.279s] Level 5:colcon.colcon_core.verb:set package 'helios16p_cane_robot' build argument 'catkin_skip_building_tests' from command line to 'False'
[2.279s] DEBUG:colcon.colcon_core.verb:Building package 'helios16p_cane_robot' with the following arguments: {'ament_cmake_args': None, 'build_base': '/home/ph/ws/lidar_ws/build/helios16p_cane_robot', 'catkin_cmake_args': None, 'catkin_skip_building_tests': False, 'cmake_args': None, 'cmake_clean_cache': False, 'cmake_clean_first': False, 'cmake_force_configure': False, 'cmake_target': None, 'cmake_target_skip_unavailable': False, 'install_base': '/home/ph/ws/lidar_ws/install/helios16p_cane_robot', 'merge_install': False, 'path': '/home/ph/ws/lidar_ws/src/helios16p_cane_robot', 'symlink_install': False, 'test_result_base': None}
[2.280s] INFO:colcon.colcon_core.executor:Executing jobs using 'parallel' executor
[2.282s] DEBUG:colcon.colcon_parallel_executor.executor.parallel:run_until_complete
[2.283s] INFO:colcon.colcon_ros.task.ament_python.build:Building ROS package in '/home/ph/ws/lidar_ws/src/helios16p_cane_robot' with build type 'ament_python'
[2.283s] Level 1:colcon.colcon_core.shell:create_environment_hook('helios16p_cane_robot', 'ament_prefix_path')
[2.294s] INFO:colcon.colcon_core.plugin_system:Skipping extension 'colcon_core.shell.bat': Not used on non-Windows systems
[2.295s] INFO:colcon.colcon_core.shell:Creating environment hook '/home/ph/ws/lidar_ws/install/helios16p_cane_robot/share/helios16p_cane_robot/hook/ament_prefix_path.ps1'
[2.298s] INFO:colcon.colcon_core.shell:Creating environment descriptor '/home/ph/ws/lidar_ws/install/helios16p_cane_robot/share/helios16p_cane_robot/hook/ament_prefix_path.dsv'
[2.299s] INFO:colcon.colcon_core.shell:Creating environment hook '/home/ph/ws/lidar_ws/install/helios16p_cane_robot/share/helios16p_cane_robot/hook/ament_prefix_path.sh'
[2.302s] INFO:colcon.colcon_core.shell:Skip shell extension 'powershell' for command environment: Not usable outside of PowerShell
[2.302s] DEBUG:colcon.colcon_core.shell:Skip shell extension 'dsv' for command environment
[3.139s] INFO:colcon.colcon_core.task.python.build:Building Python package in '/home/ph/ws/lidar_ws/src/helios16p_cane_robot'
[3.140s] INFO:colcon.colcon_core.shell:Skip shell extension 'powershell' for command environment: Not usable outside of PowerShell
[3.140s] DEBUG:colcon.colcon_core.shell:Skip shell extension 'dsv' for command environment
[4.461s] DEBUG:colcon.colcon_core.event_handler.log_command:Invoking command in '/home/ph/ws/lidar_ws/src/helios16p_cane_robot': PYTHONPATH=/home/ph/ws/lidar_ws/build/helios16p_cane_robot/prefix_override:/usr/lib/python3/dist-packages/colcon_core/task/python/colcon_distutils_commands:/home/ph/ws/lidar_ws/install/helios16p_cane_robot/lib/python3.10/site-packages:${PYTHONPATH} /usr/bin/python3 -W ignore:setup.py install is deprecated -W ignore:easy_install command is deprecated setup.py egg_info --egg-base ../../build/helios16p_cane_robot build --build-base /home/ph/ws/lidar_ws/build/helios16p_cane_robot/build install --record /home/ph/ws/lidar_ws/build/helios16p_cane_robot/install.log --single-version-externally-managed install_data
[5.389s] DEBUG:colcon.colcon_core.event_handler.log_command:Invoked command in '/home/ph/ws/lidar_ws/src/helios16p_cane_robot' returned '0': PYTHONPATH=/home/ph/ws/lidar_ws/build/helios16p_cane_robot/prefix_override:/usr/lib/python3/dist-packages/colcon_core/task/python/colcon_distutils_commands:/home/ph/ws/lidar_ws/install/helios16p_cane_robot/lib/python3.10/site-packages:${PYTHONPATH} /usr/bin/python3 -W ignore:setup.py install is deprecated -W ignore:easy_install command is deprecated setup.py egg_info --egg-base ../../build/helios16p_cane_robot build --build-base /home/ph/ws/lidar_ws/build/helios16p_cane_robot/build install --record /home/ph/ws/lidar_ws/build/helios16p_cane_robot/install.log --single-version-externally-managed install_data
[5.401s] Level 1:colcon.colcon_core.environment:checking '/home/ph/ws/lidar_ws/install/helios16p_cane_robot' for CMake module files
[5.402s] Level 1:colcon.colcon_core.environment:checking '/home/ph/ws/lidar_ws/install/helios16p_cane_robot' for CMake config files
[5.404s] Level 1:colcon.colcon_core.environment:checking '/home/ph/ws/lidar_ws/install/helios16p_cane_robot/lib'
[5.404s] Level 1:colcon.colcon_core.environment:checking '/home/ph/ws/lidar_ws/install/helios16p_cane_robot/bin'
[5.404s] Level 1:colcon.colcon_core.environment:checking '/home/ph/ws/lidar_ws/install/helios16p_cane_robot/lib/pkgconfig/helios16p_cane_robot.pc'
[5.405s] Level 1:colcon.colcon_core.environment:checking '/home/ph/ws/lidar_ws/install/helios16p_cane_robot/lib/python3.10/site-packages'
[5.405s] Level 1:colcon.colcon_core.shell:create_environment_hook('helios16p_cane_robot', 'pythonpath')
[5.406s] INFO:colcon.colcon_core.shell:Creating environment hook '/home/ph/ws/lidar_ws/install/helios16p_cane_robot/share/helios16p_cane_robot/hook/pythonpath.ps1'
[5.407s] INFO:colcon.colcon_core.shell:Creating environment descriptor '/home/ph/ws/lidar_ws/install/helios16p_cane_robot/share/helios16p_cane_robot/hook/pythonpath.dsv'
[5.407s] INFO:colcon.colcon_core.shell:Creating environment hook '/home/ph/ws/lidar_ws/install/helios16p_cane_robot/share/helios16p_cane_robot/hook/pythonpath.sh'
[5.409s] Level 1:colcon.colcon_core.environment:checking '/home/ph/ws/lidar_ws/install/helios16p_cane_robot/bin'
[5.409s] Level 1:colcon.colcon_core.environment:create_environment_scripts_only(helios16p_cane_robot)
[5.410s] INFO:colcon.colcon_core.shell:Creating package script '/home/ph/ws/lidar_ws/install/helios16p_cane_robot/share/helios16p_cane_robot/package.ps1'
[5.412s] INFO:colcon.colcon_core.shell:Creating package descriptor '/home/ph/ws/lidar_ws/install/helios16p_cane_robot/share/helios16p_cane_robot/package.dsv'
[5.414s] INFO:colcon.colcon_core.shell:Creating package script '/home/ph/ws/lidar_ws/install/helios16p_cane_robot/share/helios16p_cane_robot/package.sh'
[5.417s] INFO:colcon.colcon_core.shell:Creating package script '/home/ph/ws/lidar_ws/install/helios16p_cane_robot/share/helios16p_cane_robot/package.bash'
[5.419s] INFO:colcon.colcon_core.shell:Creating package script '/home/ph/ws/lidar_ws/install/helios16p_cane_robot/share/helios16p_cane_robot/package.zsh'
[5.421s] Level 1:colcon.colcon_core.environment:create_file_with_runtime_dependencies(/home/ph/ws/lidar_ws/install/helios16p_cane_robot/share/colcon-core/packages/helios16p_cane_robot)
[5.422s] DEBUG:colcon.colcon_parallel_executor.executor.parallel:closing loop
[5.423s] DEBUG:colcon.colcon_parallel_executor.executor.parallel:loop closed
[5.423s] DEBUG:colcon.colcon_parallel_executor.executor.parallel:run_until_complete finished with '0'
[5.423s] DEBUG:colcon.colcon_core.event_reactor:joining thread
[5.439s] INFO:colcon.colcon_core.plugin_system:Skipping extension 'colcon_notification.desktop_notification.terminal_notifier': Not used on non-Darwin systems
[5.439s] INFO:colcon.colcon_core.plugin_system:Skipping extension 'colcon_notification.desktop_notification.win32': Not used on non-Windows systems
[5.439s] INFO:colcon.colcon_notification.desktop_notification:Sending desktop notification using 'notify2'
[5.447s] DEBUG:colcon.colcon_core.event_reactor:joined thread
[5.448s] INFO:colcon.colcon_core.shell:Creating prefix script '/home/ph/ws/lidar_ws/install/local_setup.ps1'
[5.451s] INFO:colcon.colcon_core.shell:Creating prefix util module '/home/ph/ws/lidar_ws/install/_local_setup_util_ps1.py'
[5.456s] INFO:colcon.colcon_core.shell:Creating prefix chain script '/home/ph/ws/lidar_ws/install/setup.ps1'
[5.459s] INFO:colcon.colcon_core.shell:Creating prefix script '/home/ph/ws/lidar_ws/install/local_setup.sh'
[5.461s] INFO:colcon.colcon_core.shell:Creating prefix util module '/home/ph/ws/lidar_ws/install/_local_setup_util_sh.py'
[5.463s] INFO:colcon.colcon_core.shell:Creating prefix chain script '/home/ph/ws/lidar_ws/install/setup.sh'
[5.466s] INFO:colcon.colcon_core.shell:Creating prefix script '/home/ph/ws/lidar_ws/install/local_setup.bash'
[5.468s] INFO:colcon.colcon_core.shell:Creating prefix chain script '/home/ph/ws/lidar_ws/install/setup.bash'
[5.471s] INFO:colcon.colcon_core.shell:Creating prefix script '/home/ph/ws/lidar_ws/install/local_setup.zsh'
[5.472s] INFO:colcon.colcon_core.shell:Creating prefix chain script '/home/ph/ws/lidar_ws/install/setup.zsh'
