[0.036s] Invoking command in '/home/ph/ros2_firstw/build/cpp_srvcli': CMAKE_PREFIX_PATH=${CMAKE_PREFIX_PATH}:/opt/ros/humble /usr/bin/cmake --build /home/ph/ros2_firstw/build/cpp_srvcli -- -j8 -l8
[0.161s] [ 50%] Built target server
[0.164s] [100%] Built target client
[0.233s] Invoked command in '/home/ph/ros2_firstw/build/cpp_srvcli' returned '0': CMAKE_PREFIX_PATH=${CMAKE_PREFIX_PATH}:/opt/ros/humble /usr/bin/cmake --build /home/ph/ros2_firstw/build/cpp_srvcli -- -j8 -l8
[0.238s] Invoking command in '/home/ph/ros2_firstw/build/cpp_srvcli': CMAKE_PREFIX_PATH=${CMAKE_PREFIX_PATH}:/opt/ros/humble /usr/bin/cmake --install /home/ph/ros2_firstw/build/cpp_srvcli
[0.254s] -- Install configuration: ""
[0.255s] -- Up-to-date: /home/ph/ros2_firstw/install/cpp_srvcli/lib/cpp_srvcli/server
[0.255s] -- Up-to-date: /home/ph/ros2_firstw/install/cpp_srvcli/lib/cpp_srvcli/client
[0.255s] -- Up-to-date: /home/ph/ros2_firstw/install/cpp_srvcli/share/ament_index/resource_index/package_run_dependencies/cpp_srvcli
[0.256s] -- Up-to-date: /home/ph/ros2_firstw/install/cpp_srvcli/share/ament_index/resource_index/parent_prefix_path/cpp_srvcli
[0.256s] -- Up-to-date: /home/ph/ros2_firstw/install/cpp_srvcli/share/cpp_srvcli/environment/ament_prefix_path.sh
[0.257s] -- Up-to-date: /home/ph/ros2_firstw/install/cpp_srvcli/share/cpp_srvcli/environment/ament_prefix_path.dsv
[0.257s] -- Up-to-date: /home/ph/ros2_firstw/install/cpp_srvcli/share/cpp_srvcli/environment/path.sh
[0.257s] -- Up-to-date: /home/ph/ros2_firstw/install/cpp_srvcli/share/cpp_srvcli/environment/path.dsv
[0.258s] -- Up-to-date: /home/ph/ros2_firstw/install/cpp_srvcli/share/cpp_srvcli/local_setup.bash
[0.258s] -- Up-to-date: /home/ph/ros2_firstw/install/cpp_srvcli/share/cpp_srvcli/local_setup.sh
[0.258s] -- Up-to-date: /home/ph/ros2_firstw/install/cpp_srvcli/share/cpp_srvcli/local_setup.zsh
[0.258s] -- Up-to-date: /home/ph/ros2_firstw/install/cpp_srvcli/share/cpp_srvcli/local_setup.dsv
[0.258s] -- Installing: /home/ph/ros2_firstw/install/cpp_srvcli/share/cpp_srvcli/package.dsv
[0.259s] -- Up-to-date: /home/ph/ros2_firstw/install/cpp_srvcli/share/ament_index/resource_index/packages/cpp_srvcli
[0.259s] -- Up-to-date: /home/ph/ros2_firstw/install/cpp_srvcli/share/cpp_srvcli/cmake/cpp_srvcliConfig.cmake
[0.259s] -- Up-to-date: /home/ph/ros2_firstw/install/cpp_srvcli/share/cpp_srvcli/cmake/cpp_srvcliConfig-version.cmake
[0.259s] -- Up-to-date: /home/ph/ros2_firstw/install/cpp_srvcli/share/cpp_srvcli/package.xml
[0.301s] Invoked command in '/home/ph/ros2_firstw/build/cpp_srvcli' returned '0': CMAKE_PREFIX_PATH=${CMAKE_PREFIX_PATH}:/opt/ros/humble /usr/bin/cmake --install /home/ph/ros2_firstw/build/cpp_srvcli
