[1.242s] Invoking command in '/home/ph/launch_ws/src/py_launch_example': PYTHONPATH=/home/ph/launch_ws/build/py_launch_example/prefix_override:/usr/lib/python3/dist-packages/colcon_core/task/python/colcon_distutils_commands:/home/ph/launch_ws/install/py_launch_example/lib/python3.10/site-packages:${PYTHONPATH} /usr/bin/python3 -W ignore:setup.py install is deprecated -W ignore:easy_install command is deprecated setup.py egg_info --egg-base ../../build/py_launch_example build --build-base /home/ph/launch_ws/build/py_launch_example/build install --record /home/ph/launch_ws/build/py_launch_example/install.log --single-version-externally-managed install_data
[1.558s] running egg_info
[1.559s] writing ../../build/py_launch_example/py_launch_example.egg-info/PKG-INFO
[1.559s] writing dependency_links to ../../build/py_launch_example/py_launch_example.egg-info/dependency_links.txt
[1.560s] writing entry points to ../../build/py_launch_example/py_launch_example.egg-info/entry_points.txt
[1.560s] writing requirements to ../../build/py_launch_example/py_launch_example.egg-info/requires.txt
[1.560s] writing top-level names to ../../build/py_launch_example/py_launch_example.egg-info/top_level.txt
[1.562s] reading manifest file '../../build/py_launch_example/py_launch_example.egg-info/SOURCES.txt'
[1.562s] adding license file 'LICENSE'
[1.563s] writing manifest file '../../build/py_launch_example/py_launch_example.egg-info/SOURCES.txt'
[1.563s] running build
[1.563s] running build_py
[1.564s] running install
[1.564s] running install_lib
[1.565s] running install_data
[1.566s] running install_egg_info
[1.568s] removing '/home/ph/launch_ws/install/py_launch_example/lib/python3.10/site-packages/py_launch_example-0.0.0-py3.10.egg-info' (and everything under it)
[1.568s] Copying ../../build/py_launch_example/py_launch_example.egg-info to /home/ph/launch_ws/install/py_launch_example/lib/python3.10/site-packages/py_launch_example-0.0.0-py3.10.egg-info
[1.569s] running install_scripts
[1.594s] writing list of installed files to '/home/ph/launch_ws/build/py_launch_example/install.log'
[1.638s] Invoked command in '/home/ph/launch_ws/src/py_launch_example' returned '0': PYTHONPATH=/home/ph/launch_ws/build/py_launch_example/prefix_override:/usr/lib/python3/dist-packages/colcon_core/task/python/colcon_distutils_commands:/home/ph/launch_ws/install/py_launch_example/lib/python3.10/site-packages:${PYTHONPATH} /usr/bin/python3 -W ignore:setup.py install is deprecated -W ignore:easy_install command is deprecated setup.py egg_info --egg-base ../../build/py_launch_example build --build-base /home/ph/launch_ws/build/py_launch_example/build install --record /home/ph/launch_ws/build/py_launch_example/install.log --single-version-externally-managed install_data
