[0.045s] Invoking command in '/home/ph/ros2_firstw/build/composable_node': CMAKE_PREFIX_PATH=${CMAKE_PREFIX_PATH}:/opt/ros/humble /usr/bin/cmake /home/ph/ros2_firstw/src/composable_node -DCMAKE_INSTALL_PREFIX=/home/ph/ros2_firstw/install/composable_node
[0.272s] -- The C compiler identification is GNU 11.4.0
[0.433s] -- The CXX compiler identification is GNU 11.4.0
[0.453s] -- Detecting C compiler ABI info
[0.633s] -- Detecting C compiler ABI info - done
[0.647s] -- Check for working C compiler: /usr/bin/cc - skipped
[0.647s] -- Detecting C compile features
[0.648s] -- Detecting C compile features - done
[0.654s] -- Detecting CXX compiler ABI info
[0.791s] -- Detecting CXX compiler ABI info - done
[0.807s] -- Check for working CXX compiler: /usr/bin/c++ - skipped
[0.808s] -- Detecting CXX compile features
[0.809s] -- Detecting CXX compile features - done
[0.816s] -- Found ament_cmake: 1.3.12 (/opt/ros/humble/share/ament_cmake/cmake)
[1.106s] -- Found Python3: /usr/bin/python3 (found version "3.10.12") found components: Interpreter 
[1.297s] -- Found rclcpp_components: 16.0.15 (/opt/ros/humble/share/rclcpp_components/cmake)
[1.406s] -- Found rosidl_generator_c: 3.1.7 (/opt/ros/humble/share/rosidl_generator_c/cmake)
[1.415s] -- Found rosidl_adapter: 3.1.7 (/opt/ros/humble/share/rosidl_adapter/cmake)
[1.430s] -- Found rosidl_generator_cpp: 3.1.7 (/opt/ros/humble/share/rosidl_generator_cpp/cmake)
[1.448s] -- Using all available rosidl_typesupport_c: rosidl_typesupport_fastrtps_c;rosidl_typesupport_introspection_c
[1.466s] -- Using all available rosidl_typesupport_cpp: rosidl_typesupport_fastrtps_cpp;rosidl_typesupport_introspection_cpp
[1.584s] -- Found rmw_implementation_cmake: 6.1.2 (/opt/ros/humble/share/rmw_implementation_cmake/cmake)
[1.590s] -- Found rmw_fastrtps_cpp: 6.2.9 (/opt/ros/humble/share/rmw_fastrtps_cpp/cmake)
[1.758s] -- Found OpenSSL: /usr/lib/x86_64-linux-gnu/libcrypto.so (found version "3.0.2")  
[1.795s] -- Found FastRTPS: /opt/ros/humble/include  
[1.855s] -- Using RMW implementation 'rmw_fastrtps_cpp' as default
[1.872s] -- Looking for pthread.h
[1.995s] -- Looking for pthread.h - found
[1.996s] -- Performing Test CMAKE_HAVE_LIBC_PTHREAD
[2.132s] -- Performing Test CMAKE_HAVE_LIBC_PTHREAD - Success
[2.135s] -- Found Threads: TRUE  
[2.254s] -- Found ament_lint_auto: 0.12.14 (/opt/ros/humble/share/ament_lint_auto/cmake)
[2.370s] -- Added test 'cppcheck' to perform static code analysis on C / C++ code
[2.370s] -- Configured cppcheck include dirs: 
[2.370s] -- Configured cppcheck exclude dirs and/or files: 
[2.371s] -- Added test 'flake8' to check Python code syntax and style conventions
[2.371s] -- Added test 'lint_cmake' to check CMake code style
[2.372s] -- Added test 'pep257' to check Python code against some of the docstring style conventions in PEP 257
[2.373s] -- Added test 'uncrustify' to check C / C++ code style
[2.374s] -- Configured uncrustify additional arguments: 
[2.374s] -- Added test 'xmllint' to check XML markup files
[2.377s] -- Configuring done
[2.381s] [31mCMake Error at CMakeLists.txt:11 (add_library):
[2.381s]   Cannot find source file:
[2.381s] 
[2.381s]     src/vincent_driver.cpp
[2.381s] 
[2.381s]   Tried extensions .c .C .c++ .cc .cpp .cxx .cu .mpp .m .M .mm .ixx .cppm .h
[2.381s]   .hh .h++ .hm .hpp .hxx .in .txx .f .F .for .f77 .f90 .f95 .f03 .hip .ispc
[2.382s] 
[2.382s] [0m
[2.382s] [31mCMake Error at CMakeLists.txt:24 (add_executable):
[2.382s]   Cannot find source file:
[2.382s] 
[2.383s]     src/composable/node.cpp
[2.383s] 
[2.383s]   Tried extensions .c .C .c++ .cc .cpp .cxx .cu .mpp .m .M .mm .ixx .cppm .h
[2.383s]   .hh .h++ .hm .hpp .hxx .in .txx .f .F .for .f77 .f90 .f95 .f03 .hip .ispc
[2.383s] 
[2.383s] [0m
[2.383s] [31mCMake Error at CMakeLists.txt:11 (add_library):
[2.383s]   No SOURCES given to target: vincent_driver_component
[2.384s] 
[2.384s] [0m
[2.384s] [31mCMake Error at CMakeLists.txt:24 (add_executable):
[2.384s]   No SOURCES given to target: composable_node
[2.384s] 
[2.384s] [0m
[2.384s] [0mCMake Generate step failed.  Build files cannot be regenerated correctly.[0m
[2.394s] Invoked command in '/home/ph/ros2_firstw/build/composable_node' returned '1': CMAKE_PREFIX_PATH=${CMAKE_PREFIX_PATH}:/opt/ros/humble /usr/bin/cmake /home/ph/ros2_firstw/src/composable_node -DCMAKE_INSTALL_PREFIX=/home/ph/ros2_firstw/install/composable_node
