[0.907s] Invoking command in '/home/ph/third_ws/src/learning_tf2_py': PYTHONPATH=/home/ph/third_ws/build/learning_tf2_py/prefix_override:/usr/lib/python3/dist-packages/colcon_core/task/python/colcon_distutils_commands:/home/ph/third_ws/install/learning_tf2_py/lib/python3.10/site-packages:${PYTHONPATH} /usr/bin/python3 -W ignore:setup.py install is deprecated -W ignore:easy_install command is deprecated setup.py egg_info --egg-base ../../build/learning_tf2_py build --build-base /home/ph/third_ws/build/learning_tf2_py/build install --record /home/ph/third_ws/build/learning_tf2_py/install.log --single-version-externally-managed install_data
[1.237s] running egg_info
[1.238s] writing ../../build/learning_tf2_py/learning_tf2_py.egg-info/PKG-INFO
[1.238s] writing dependency_links to ../../build/learning_tf2_py/learning_tf2_py.egg-info/dependency_links.txt
[1.238s] writing entry points to ../../build/learning_tf2_py/learning_tf2_py.egg-info/entry_points.txt
[1.238s] writing requirements to ../../build/learning_tf2_py/learning_tf2_py.egg-info/requires.txt
[1.239s] writing top-level names to ../../build/learning_tf2_py/learning_tf2_py.egg-info/top_level.txt
[1.241s] reading manifest file '../../build/learning_tf2_py/learning_tf2_py.egg-info/SOURCES.txt'
[1.241s] adding license file 'LICENSE'
[1.242s] writing manifest file '../../build/learning_tf2_py/learning_tf2_py.egg-info/SOURCES.txt'
[1.242s] running build
[1.242s] running build_py
[1.243s] copying learning_tf2_py/turtle_tf2_listener.py -> /home/ph/third_ws/build/learning_tf2_py/build/lib/learning_tf2_py
[1.243s] running install
[1.243s] running install_lib
[1.244s] copying /home/ph/third_ws/build/learning_tf2_py/build/lib/learning_tf2_py/turtle_tf2_listener.py -> /home/ph/third_ws/install/learning_tf2_py/lib/python3.10/site-packages/learning_tf2_py
[1.246s] byte-compiling /home/ph/third_ws/install/learning_tf2_py/lib/python3.10/site-packages/learning_tf2_py/turtle_tf2_listener.py to turtle_tf2_listener.cpython-310.pyc
[1.247s] running install_data
[1.247s] copying launch/turtle_tf2_demo_launch.py -> /home/ph/third_ws/install/learning_tf2_py/share/learning_tf2_py/launch
[1.247s] running install_egg_info
[1.249s] removing '/home/ph/third_ws/install/learning_tf2_py/lib/python3.10/site-packages/learning_tf2_py-0.0.0-py3.10.egg-info' (and everything under it)
[1.250s] Copying ../../build/learning_tf2_py/learning_tf2_py.egg-info to /home/ph/third_ws/install/learning_tf2_py/lib/python3.10/site-packages/learning_tf2_py-0.0.0-py3.10.egg-info
[1.251s] running install_scripts
[1.276s] Installing static_turtle_tf2_broadcaster script to /home/ph/third_ws/install/learning_tf2_py/lib/learning_tf2_py
[1.276s] Installing turtle_tf2_broadcaster script to /home/ph/third_ws/install/learning_tf2_py/lib/learning_tf2_py
[1.276s] writing list of installed files to '/home/ph/third_ws/build/learning_tf2_py/install.log'
[1.319s] Invoked command in '/home/ph/third_ws/src/learning_tf2_py' returned '0': PYTHONPATH=/home/ph/third_ws/build/learning_tf2_py/prefix_override:/usr/lib/python3/dist-packages/colcon_core/task/python/colcon_distutils_commands:/home/ph/third_ws/install/learning_tf2_py/lib/python3.10/site-packages:${PYTHONPATH} /usr/bin/python3 -W ignore:setup.py install is deprecated -W ignore:easy_install command is deprecated setup.py egg_info --egg-base ../../build/learning_tf2_py build --build-base /home/ph/third_ws/build/learning_tf2_py/build install --record /home/ph/third_ws/build/learning_tf2_py/install.log --single-version-externally-managed install_data
