[0.140s] DEBUG:colcon:Command line arguments: ['/usr/bin/colcon', 'build']
[0.140s] DEBUG:colcon:Parsed command line arguments: Namespace(log_base=None, log_level=None, verb_name='build', build_base='build', install_base='install', merge_install=False, symlink_install=False, test_result_base=None, continue_on_error=False, executor='parallel', parallel_workers=8, event_handlers=None, ignore_user_meta=False, metas=['./colcon.meta'], base_paths=['.'], packages_ignore=None, packages_ignore_regex=None, paths=None, packages_up_to=None, packages_up_to_regex=None, packages_above=None, packages_above_and_dependencies=None, packages_above_depth=None, packages_select_by_dep=None, packages_skip_by_dep=None, packages_skip_up_to=None, packages_select_build_failed=False, packages_skip_build_finished=False, packages_select_test_failures=False, packages_skip_test_passed=False, packages_select=None, packages_skip=None, packages_select_regex=None, packages_skip_regex=None, packages_start=None, packages_end=None, allow_overriding=[], cmake_args=None, cmake_target=None, cmake_target_skip_unavailable=False, cmake_clean_cache=False, cmake_clean_first=False, cmake_force_configure=False, ament_cmake_args=None, catkin_cmake_args=None, catkin_skip_building_tests=False, mixin_files=None, mixin=None, verb_parser=<colcon_mixin.mixin.mixin_argument.MixinArgumentDecorator object at 0x7e3cf114eb60>, verb_extension=<colcon_core.verb.build.BuildVerb object at 0x7e3cf114e170>, main=<bound method BuildVerb.main of <colcon_core.verb.build.BuildVerb object at 0x7e3cf114e170>>, mixin_verb=('build',))
[0.350s] Level 1:colcon.colcon_core.package_discovery:discover_packages(colcon_meta) check parameters
[0.350s] Level 1:colcon.colcon_core.package_discovery:discover_packages(recursive) check parameters
[0.350s] Level 1:colcon.colcon_core.package_discovery:discover_packages(ignore) check parameters
[0.350s] Level 1:colcon.colcon_core.package_discovery:discover_packages(path) check parameters
[0.350s] Level 1:colcon.colcon_core.package_discovery:discover_packages(colcon_meta) discover
[0.351s] Level 1:colcon.colcon_core.package_discovery:discover_packages(recursive) discover
[0.351s] INFO:colcon.colcon_core.package_discovery:Crawling recursively for packages in '/home/ph/ros2_firstw/src'
[0.351s] Level 1:colcon.colcon_core.package_identification:_identify(.) by extensions ['ignore', 'ignore_ament_install']
[0.351s] Level 1:colcon.colcon_core.package_identification:_identify(.) by extension 'ignore'
[0.351s] Level 1:colcon.colcon_core.package_identification:_identify(.) by extension 'ignore_ament_install'
[0.351s] Level 1:colcon.colcon_core.package_identification:_identify(.) by extensions ['colcon_pkg']
[0.351s] Level 1:colcon.colcon_core.package_identification:_identify(.) by extension 'colcon_pkg'
[0.351s] Level 1:colcon.colcon_core.package_identification:_identify(.) by extensions ['colcon_meta']
[0.351s] Level 1:colcon.colcon_core.package_identification:_identify(.) by extension 'colcon_meta'
[0.351s] Level 1:colcon.colcon_core.package_identification:_identify(.) by extensions ['ros']
[0.351s] Level 1:colcon.colcon_core.package_identification:_identify(.) by extension 'ros'
[0.363s] Level 1:colcon.colcon_core.package_identification:_identify(.) by extensions ['cmake', 'python']
[0.363s] Level 1:colcon.colcon_core.package_identification:_identify(.) by extension 'cmake'
[0.363s] Level 1:colcon.colcon_core.package_identification:_identify(.) by extension 'python'
[0.363s] Level 1:colcon.colcon_core.package_identification:_identify(.) by extensions ['python_setup_py']
[0.363s] Level 1:colcon.colcon_core.package_identification:_identify(.) by extension 'python_setup_py'
[0.364s] Level 1:colcon.colcon_core.package_identification:_identify(build) by extensions ['ignore', 'ignore_ament_install']
[0.364s] Level 1:colcon.colcon_core.package_identification:_identify(build) by extension 'ignore'
[0.364s] Level 1:colcon.colcon_core.package_identification:_identify(build) ignored
[0.364s] Level 1:colcon.colcon_core.package_identification:_identify(cpp_pubsub) by extensions ['ignore', 'ignore_ament_install']
[0.364s] Level 1:colcon.colcon_core.package_identification:_identify(cpp_pubsub) by extension 'ignore'
[0.364s] Level 1:colcon.colcon_core.package_identification:_identify(cpp_pubsub) by extension 'ignore_ament_install'
[0.364s] Level 1:colcon.colcon_core.package_identification:_identify(cpp_pubsub) by extensions ['colcon_pkg']
[0.364s] Level 1:colcon.colcon_core.package_identification:_identify(cpp_pubsub) by extension 'colcon_pkg'
[0.364s] Level 1:colcon.colcon_core.package_identification:_identify(cpp_pubsub) by extensions ['colcon_meta']
[0.364s] Level 1:colcon.colcon_core.package_identification:_identify(cpp_pubsub) by extension 'colcon_meta'
[0.364s] Level 1:colcon.colcon_core.package_identification:_identify(cpp_pubsub) by extensions ['ros']
[0.364s] Level 1:colcon.colcon_core.package_identification:_identify(cpp_pubsub) by extension 'ros'
[0.368s] DEBUG:colcon.colcon_core.package_identification:Package 'cpp_pubsub' with type 'ros.ament_cmake' and name 'cpp_pubsub'
[0.369s] Level 1:colcon.colcon_core.package_identification:_identify(firstpkg) by extensions ['ignore', 'ignore_ament_install']
[0.369s] Level 1:colcon.colcon_core.package_identification:_identify(firstpkg) by extension 'ignore'
[0.369s] Level 1:colcon.colcon_core.package_identification:_identify(firstpkg) by extension 'ignore_ament_install'
[0.369s] Level 1:colcon.colcon_core.package_identification:_identify(firstpkg) by extensions ['colcon_pkg']
[0.369s] Level 1:colcon.colcon_core.package_identification:_identify(firstpkg) by extension 'colcon_pkg'
[0.369s] Level 1:colcon.colcon_core.package_identification:_identify(firstpkg) by extensions ['colcon_meta']
[0.369s] Level 1:colcon.colcon_core.package_identification:_identify(firstpkg) by extension 'colcon_meta'
[0.369s] Level 1:colcon.colcon_core.package_identification:_identify(firstpkg) by extensions ['ros']
[0.369s] Level 1:colcon.colcon_core.package_identification:_identify(firstpkg) by extension 'ros'
[0.370s] DEBUG:colcon.colcon_core.package_identification:Package 'firstpkg' with type 'ros.ament_cmake' and name 'firstpkg'
[0.370s] Level 1:colcon.colcon_core.package_identification:_identify(install) by extensions ['ignore', 'ignore_ament_install']
[0.370s] Level 1:colcon.colcon_core.package_identification:_identify(install) by extension 'ignore'
[0.370s] Level 1:colcon.colcon_core.package_identification:_identify(install) ignored
[0.370s] Level 1:colcon.colcon_core.package_identification:_identify(log) by extensions ['ignore', 'ignore_ament_install']
[0.370s] Level 1:colcon.colcon_core.package_identification:_identify(log) by extension 'ignore'
[0.370s] Level 1:colcon.colcon_core.package_identification:_identify(log) ignored
[0.370s] Level 1:colcon.colcon_core.package_discovery:discover_packages(recursive) using defaults
[0.370s] Level 1:colcon.colcon_core.package_discovery:discover_packages(ignore) discover
[0.370s] Level 1:colcon.colcon_core.package_discovery:discover_packages(ignore) using defaults
[0.370s] Level 1:colcon.colcon_core.package_discovery:discover_packages(path) discover
[0.370s] Level 1:colcon.colcon_core.package_discovery:discover_packages(path) using defaults
[0.406s] Level 1:colcon.colcon_core.package_discovery:discover_packages(prefix_path) check parameters
[0.406s] Level 1:colcon.colcon_core.package_discovery:discover_packages(prefix_path) discover
[0.409s] DEBUG:colcon.colcon_installed_package_information.package_discovery:Found 323 installed packages in /opt/ros/humble
[0.411s] Level 1:colcon.colcon_core.package_discovery:discover_packages(prefix_path) using defaults
[0.462s] Level 5:colcon.colcon_core.verb:set package 'cpp_pubsub' build argument 'cmake_args' from command line to 'None'
[0.462s] Level 5:colcon.colcon_core.verb:set package 'cpp_pubsub' build argument 'cmake_target' from command line to 'None'
[0.462s] Level 5:colcon.colcon_core.verb:set package 'cpp_pubsub' build argument 'cmake_target_skip_unavailable' from command line to 'False'
[0.462s] Level 5:colcon.colcon_core.verb:set package 'cpp_pubsub' build argument 'cmake_clean_cache' from command line to 'False'
[0.462s] Level 5:colcon.colcon_core.verb:set package 'cpp_pubsub' build argument 'cmake_clean_first' from command line to 'False'
[0.462s] Level 5:colcon.colcon_core.verb:set package 'cpp_pubsub' build argument 'cmake_force_configure' from command line to 'False'
[0.462s] Level 5:colcon.colcon_core.verb:set package 'cpp_pubsub' build argument 'ament_cmake_args' from command line to 'None'
[0.462s] Level 5:colcon.colcon_core.verb:set package 'cpp_pubsub' build argument 'catkin_cmake_args' from command line to 'None'
[0.462s] Level 5:colcon.colcon_core.verb:set package 'cpp_pubsub' build argument 'catkin_skip_building_tests' from command line to 'False'
[0.462s] DEBUG:colcon.colcon_core.verb:Building package 'cpp_pubsub' with the following arguments: {'ament_cmake_args': None, 'build_base': '/home/ph/ros2_firstw/src/build/cpp_pubsub', 'catkin_cmake_args': None, 'catkin_skip_building_tests': False, 'cmake_args': None, 'cmake_clean_cache': False, 'cmake_clean_first': False, 'cmake_force_configure': False, 'cmake_target': None, 'cmake_target_skip_unavailable': False, 'install_base': '/home/ph/ros2_firstw/src/install/cpp_pubsub', 'merge_install': False, 'path': '/home/ph/ros2_firstw/src/cpp_pubsub', 'symlink_install': False, 'test_result_base': None}
[0.463s] Level 5:colcon.colcon_core.verb:set package 'firstpkg' build argument 'cmake_args' from command line to 'None'
[0.463s] Level 5:colcon.colcon_core.verb:set package 'firstpkg' build argument 'cmake_target' from command line to 'None'
[0.463s] Level 5:colcon.colcon_core.verb:set package 'firstpkg' build argument 'cmake_target_skip_unavailable' from command line to 'False'
[0.463s] Level 5:colcon.colcon_core.verb:set package 'firstpkg' build argument 'cmake_clean_cache' from command line to 'False'
[0.463s] Level 5:colcon.colcon_core.verb:set package 'firstpkg' build argument 'cmake_clean_first' from command line to 'False'
[0.463s] Level 5:colcon.colcon_core.verb:set package 'firstpkg' build argument 'cmake_force_configure' from command line to 'False'
[0.463s] Level 5:colcon.colcon_core.verb:set package 'firstpkg' build argument 'ament_cmake_args' from command line to 'None'
[0.463s] Level 5:colcon.colcon_core.verb:set package 'firstpkg' build argument 'catkin_cmake_args' from command line to 'None'
[0.463s] Level 5:colcon.colcon_core.verb:set package 'firstpkg' build argument 'catkin_skip_building_tests' from command line to 'False'
[0.463s] DEBUG:colcon.colcon_core.verb:Building package 'firstpkg' with the following arguments: {'ament_cmake_args': None, 'build_base': '/home/ph/ros2_firstw/src/build/firstpkg', 'catkin_cmake_args': None, 'catkin_skip_building_tests': False, 'cmake_args': None, 'cmake_clean_cache': False, 'cmake_clean_first': False, 'cmake_force_configure': False, 'cmake_target': None, 'cmake_target_skip_unavailable': False, 'install_base': '/home/ph/ros2_firstw/src/install/firstpkg', 'merge_install': False, 'path': '/home/ph/ros2_firstw/src/firstpkg', 'symlink_install': False, 'test_result_base': None}
[0.463s] INFO:colcon.colcon_core.executor:Executing jobs using 'parallel' executor
[0.464s] DEBUG:colcon.colcon_parallel_executor.executor.parallel:run_until_complete
[0.465s] INFO:colcon.colcon_ros.task.ament_cmake.build:Building ROS package in '/home/ph/ros2_firstw/src/cpp_pubsub' with build type 'ament_cmake'
[0.465s] INFO:colcon.colcon_cmake.task.cmake.build:Building CMake package in '/home/ph/ros2_firstw/src/cpp_pubsub'
[0.467s] INFO:colcon.colcon_core.plugin_system:Skipping extension 'colcon_core.shell.bat': Not used on non-Windows systems
[0.468s] INFO:colcon.colcon_core.shell:Skip shell extension 'powershell' for command environment: Not usable outside of PowerShell
[0.468s] DEBUG:colcon.colcon_core.shell:Skip shell extension 'dsv' for command environment
[0.472s] INFO:colcon.colcon_ros.task.ament_cmake.build:Building ROS package in '/home/ph/ros2_firstw/src/firstpkg' with build type 'ament_cmake'
[0.472s] INFO:colcon.colcon_cmake.task.cmake.build:Building CMake package in '/home/ph/ros2_firstw/src/firstpkg'
[0.472s] INFO:colcon.colcon_core.shell:Skip shell extension 'powershell' for command environment: Not usable outside of PowerShell
[0.472s] DEBUG:colcon.colcon_core.shell:Skip shell extension 'dsv' for command environment
[0.482s] DEBUG:colcon.colcon_core.event_handler.log_command:Invoking command in '/home/ph/ros2_firstw/src/build/cpp_pubsub': CMAKE_PREFIX_PATH=/opt/ros/humble /usr/bin/cmake /home/ph/ros2_firstw/src/cpp_pubsub -DCMAKE_INSTALL_PREFIX=/home/ph/ros2_firstw/src/install/cpp_pubsub
[0.486s] DEBUG:colcon.colcon_core.event_handler.log_command:Invoking command in '/home/ph/ros2_firstw/src/build/firstpkg': CMAKE_PREFIX_PATH=/opt/ros/humble /usr/bin/cmake /home/ph/ros2_firstw/src/firstpkg -DCMAKE_INSTALL_PREFIX=/home/ph/ros2_firstw/src/install/firstpkg
[1.098s] DEBUG:colcon.colcon_core.event_handler.log_command:Invoked command in '/home/ph/ros2_firstw/src/build/cpp_pubsub' returned '1': CMAKE_PREFIX_PATH=/opt/ros/humble /usr/bin/cmake /home/ph/ros2_firstw/src/cpp_pubsub -DCMAKE_INSTALL_PREFIX=/home/ph/ros2_firstw/src/install/cpp_pubsub
[1.125s] Level 1:colcon.colcon_core.environment:create_environment_scripts_only(cpp_pubsub)
[1.130s] Level 1:colcon.colcon_core.environment:checking '/home/ph/ros2_firstw/src/install/cpp_pubsub' for CMake module files
[1.131s] Level 1:colcon.colcon_core.environment:checking '/home/ph/ros2_firstw/src/install/cpp_pubsub' for CMake config files
[1.132s] Level 1:colcon.colcon_core.environment:checking '/home/ph/ros2_firstw/src/install/cpp_pubsub/bin'
[1.132s] Level 1:colcon.colcon_core.environment:checking '/home/ph/ros2_firstw/src/install/cpp_pubsub/lib/pkgconfig/cpp_pubsub.pc'
[1.133s] Level 1:colcon.colcon_core.environment:checking '/home/ph/ros2_firstw/src/install/cpp_pubsub/lib/python3.10/site-packages'
[1.133s] Level 1:colcon.colcon_core.environment:checking '/home/ph/ros2_firstw/src/install/cpp_pubsub/bin'
[1.134s] INFO:colcon.colcon_core.shell:Creating package script '/home/ph/ros2_firstw/src/install/cpp_pubsub/share/cpp_pubsub/package.ps1'
[1.135s] INFO:colcon.colcon_core.shell:Creating package descriptor '/home/ph/ros2_firstw/src/install/cpp_pubsub/share/cpp_pubsub/package.dsv'
[1.136s] INFO:colcon.colcon_core.shell:Creating package script '/home/ph/ros2_firstw/src/install/cpp_pubsub/share/cpp_pubsub/package.sh'
[1.136s] INFO:colcon.colcon_core.shell:Creating package script '/home/ph/ros2_firstw/src/install/cpp_pubsub/share/cpp_pubsub/package.bash'
[1.137s] INFO:colcon.colcon_core.shell:Creating package script '/home/ph/ros2_firstw/src/install/cpp_pubsub/share/cpp_pubsub/package.zsh'
[1.138s] Level 1:colcon.colcon_core.environment:create_file_with_runtime_dependencies(/home/ph/ros2_firstw/src/install/cpp_pubsub/share/colcon-core/packages/cpp_pubsub)
[1.387s] DEBUG:colcon.colcon_parallel_executor.executor.parallel:closing loop
[1.388s] DEBUG:colcon.colcon_parallel_executor.executor.parallel:loop closed
[1.388s] DEBUG:colcon.colcon_parallel_executor.executor.parallel:run_until_complete finished with '1'
[1.389s] DEBUG:colcon.colcon_core.event_reactor:joining thread
[1.403s] INFO:colcon.colcon_core.plugin_system:Skipping extension 'colcon_notification.desktop_notification.terminal_notifier': Not used on non-Darwin systems
[1.403s] INFO:colcon.colcon_core.plugin_system:Skipping extension 'colcon_notification.desktop_notification.win32': Not used on non-Windows systems
[1.403s] INFO:colcon.colcon_notification.desktop_notification:Sending desktop notification using 'notify2'
[1.426s] DEBUG:colcon.colcon_core.event_reactor:joined thread
[1.427s] INFO:colcon.colcon_core.shell:Creating prefix script '/home/ph/ros2_firstw/src/install/local_setup.ps1'
[1.429s] INFO:colcon.colcon_core.shell:Creating prefix util module '/home/ph/ros2_firstw/src/install/_local_setup_util_ps1.py'
[1.433s] INFO:colcon.colcon_core.shell:Creating prefix chain script '/home/ph/ros2_firstw/src/install/setup.ps1'
[1.436s] INFO:colcon.colcon_core.shell:Creating prefix script '/home/ph/ros2_firstw/src/install/local_setup.sh'
[1.438s] INFO:colcon.colcon_core.shell:Creating prefix util module '/home/ph/ros2_firstw/src/install/_local_setup_util_sh.py'
[1.440s] INFO:colcon.colcon_core.shell:Creating prefix chain script '/home/ph/ros2_firstw/src/install/setup.sh'
[1.443s] INFO:colcon.colcon_core.shell:Creating prefix script '/home/ph/ros2_firstw/src/install/local_setup.bash'
[1.444s] INFO:colcon.colcon_core.shell:Creating prefix chain script '/home/ph/ros2_firstw/src/install/setup.bash'
[1.447s] INFO:colcon.colcon_core.shell:Creating prefix script '/home/ph/ros2_firstw/src/install/local_setup.zsh'
[1.448s] INFO:colcon.colcon_core.shell:Creating prefix chain script '/home/ph/ros2_firstw/src/install/setup.zsh'
