[0.014s] Invoking command in '/home/ph/ros2_firstw/src/build/cpp_pubsub': CMAKE_PREFIX_PATH=/opt/ros/humble /usr/bin/cmake /home/ph/ros2_firstw/src/cpp_pubsub -DCMAKE_INSTALL_PREFIX=/home/ph/ros2_firstw/src/install/cpp_pubsub
[0.097s] -- The C compiler identification is GNU 11.4.0
[0.179s] -- The CXX compiler identification is GNU 11.4.0
[0.199s] -- Detecting C compiler ABI info
[0.334s] -- Detecting C compiler ABI info - done
[0.344s] -- Check for working C compiler: /usr/bin/cc - skipped
[0.345s] -- Detecting C compile features
[0.345s] -- Detecting C compile features - done
[0.349s] -- Detecting CXX compiler ABI info
[0.482s] -- Detecting CXX compiler ABI info - done
[0.509s] -- Check for working CXX compiler: /usr/bin/c++ - skipped
[0.510s] -- Detecting CXX compile features
[0.512s] -- Detecting CXX compile features - done
[0.518s] -- Found ament_cmake: 1.3.12 (/opt/ros/humble/share/ament_cmake/cmake)
[0.717s] -- Found Python3: /usr/bin/python3 (found version "3.10.12") found components: Interpreter 
[0.860s] -- Found rclcpp: 16.0.15 (/opt/ros/humble/share/rclcpp/cmake)
[0.908s] -- Found rosidl_generator_c: 3.1.7 (/opt/ros/humble/share/rosidl_generator_c/cmake)
[0.914s] -- Found rosidl_adapter: 3.1.7 (/opt/ros/humble/share/rosidl_adapter/cmake)
[0.923s] -- Found rosidl_generator_cpp: 3.1.7 (/opt/ros/humble/share/rosidl_generator_cpp/cmake)
[0.938s] -- Using all available rosidl_typesupport_c: rosidl_typesupport_fastrtps_c;rosidl_typesupport_introspection_c
[0.957s] -- Using all available rosidl_typesupport_cpp: rosidl_typesupport_fastrtps_cpp;rosidl_typesupport_introspection_cpp
[1.007s] -- Found rmw_implementation_cmake: 6.1.2 (/opt/ros/humble/share/rmw_implementation_cmake/cmake)
[1.010s] -- Found rmw_fastrtps_cpp: 6.2.9 (/opt/ros/humble/share/rmw_fastrtps_cpp/cmake)
[1.157s] -- Found OpenSSL: /usr/lib/x86_64-linux-gnu/libcrypto.so (found version "3.0.2")  
[1.199s] -- Found FastRTPS: /opt/ros/humble/include  
[1.252s] -- Using RMW implementation 'rmw_fastrtps_cpp' as default
[1.263s] -- Looking for pthread.h
[1.377s] -- Looking for pthread.h - found
[1.377s] -- Performing Test CMAKE_HAVE_LIBC_PTHREAD
[1.488s] -- Performing Test CMAKE_HAVE_LIBC_PTHREAD - Success
[1.491s] -- Found Threads: TRUE  
[1.580s] -- Found ament_lint_auto: 0.12.14 (/opt/ros/humble/share/ament_lint_auto/cmake)
[1.679s] -- Added test 'cppcheck' to perform static code analysis on C / C++ code
[1.679s] -- Configured cppcheck include dirs: 
[1.679s] -- Configured cppcheck exclude dirs and/or files: 
[1.680s] -- Added test 'lint_cmake' to check CMake code style
[1.681s] -- Added test 'uncrustify' to check C / C++ code style
[1.681s] -- Configured uncrustify additional arguments: 
[1.681s] -- Added test 'xmllint' to check XML markup files
[1.683s] -- Configuring done
[1.687s] [31mCMake Error at CMakeLists.txt:16 (add_executable):
[1.687s]   Cannot find source file:
[1.687s] 
[1.687s]     src/publisher_member_function.cpp
[1.687s] 
[1.687s]   Tried extensions .c .C .c++ .cc .cpp .cxx .cu .mpp .m .M .mm .ixx .cppm .h
[1.688s]   .hh .h++ .hm .hpp .hxx .in .txx .f .F .for .f77 .f90 .f95 .f03 .hip .ispc
[1.688s] 
[1.688s] [0m
[1.688s] [31mCMake Error at CMakeLists.txt:23 (add_executable):
[1.688s]   Cannot find source file:
[1.689s] 
[1.689s]     src/subscriber_member_function.cpp
[1.689s] 
[1.689s]   Tried extensions .c .C .c++ .cc .cpp .cxx .cu .mpp .m .M .mm .ixx .cppm .h
[1.689s]   .hh .h++ .hm .hpp .hxx .in .txx .f .F .for .f77 .f90 .f95 .f03 .hip .ispc
[1.689s] 
[1.689s] [0m
[1.690s] [31mCMake Error at CMakeLists.txt:16 (add_executable):
[1.690s]   No SOURCES given to target: talker
[1.690s] 
[1.690s] [0m
[1.690s] [31mCMake Error at CMakeLists.txt:23 (add_executable):
[1.690s]   No SOURCES given to target: listener
[1.691s] 
[1.691s] [0m
[1.691s] [0mCMake Generate step failed.  Build files cannot be regenerated correctly.[0m
[1.699s] Invoked command in '/home/ph/ros2_firstw/src/build/cpp_pubsub' returned '1': CMAKE_PREFIX_PATH=/opt/ros/humble /usr/bin/cmake /home/ph/ros2_firstw/src/cpp_pubsub -DCMAKE_INSTALL_PREFIX=/home/ph/ros2_firstw/src/install/cpp_pubsub
