[0.015s] Invoking command in '/home/ph/ros2_firstw/build/my_package': /usr/bin/cmake /home/ph/ros2_firstw/src/firstpkg -DCMAKE_INSTALL_PREFIX=/home/ph/ros2_firstw/install/my_package
[0.096s] -- The C compiler identification is GNU 11.4.0
[0.210s] -- The CXX compiler identification is GNU 11.4.0
[0.222s] -- Detecting C compiler ABI info
[0.323s] -- Detecting C compiler ABI info - done
[0.336s] -- Check for working C compiler: /usr/bin/cc - skipped
[0.336s] -- Detecting C compile features
[0.336s] -- Detecting C compile features - done
[0.340s] -- Detecting CXX compiler ABI info
[0.463s] -- Detecting CXX compiler ABI info - done
[0.474s] -- Check for working CXX compiler: /usr/bin/c++ - skipped
[0.474s] -- Detecting CXX compile features
[0.475s] -- Detecting CXX compile features - done
[0.488s] [31mCMake Error at CMakeLists.txt:9 (find_package):
[0.488s]   By not providing "Findament_cmake.cmake" in CMAKE_MODULE_PATH this project
[0.488s]   has asked CMake to find a package configuration file provided by
[0.488s]   "ament_cmake", but CMake did not find one.
[0.488s] 
[0.488s]   Could not find a package configuration file provided by "ament_cmake" with
[0.489s]   any of the following names:
[0.489s] 
[0.489s]     ament_cmakeConfig.cmake
[0.489s]     ament_cmake-config.cmake
[0.489s] 
[0.489s]   Add the installation prefix of "ament_cmake" to CMAKE_PREFIX_PATH or set
[0.489s]   "ament_cmake_DIR" to a directory containing one of the above files.  If
[0.489s]   "ament_cmake" provides a separate development package or SDK, be sure it
[0.489s]   has been installed.
[0.489s] 
[0.490s] [0m
[0.490s] -- Configuring incomplete, errors occurred!
[0.490s] See also "/home/ph/ros2_firstw/build/my_package/CMakeFiles/CMakeOutput.log".
[0.504s] Invoked command in '/home/ph/ros2_firstw/build/my_package' returned '1': /usr/bin/cmake /home/ph/ros2_firstw/src/firstpkg -DCMAKE_INSTALL_PREFIX=/home/ph/ros2_firstw/install/my_package
