[0.042s] Invoking command in '/home/ph/ros2_firstw/build/action_tutorials_interfaces': CMAKE_PREFIX_PATH=${CMAKE_PREFIX_PATH}:/opt/ros/humble /usr/bin/cmake --build /home/ph/ros2_firstw/build/action_tutorials_interfaces -- -j8 -l8
[0.151s] [  9%] Built target action_tutorials_interfaces__rosidl_generator_c
[0.177s] [ 12%] Built target action_tutorials_interfaces__cpp
[0.257s] [ 12%] Built target ament_cmake_python_copy_action_tutorials_interfaces
[0.277s] [ 22%] Built target action_tutorials_interfaces__rosidl_typesupport_c
[0.294s] [ 32%] Built target action_tutorials_interfaces__rosidl_typesupport_introspection_c
[0.299s] [ 41%] Built target action_tutorials_interfaces__rosidl_typesupport_fastrtps_c
[0.308s] [ 51%] Built target action_tutorials_interfaces__rosidl_typesupport_cpp
[0.319s] [ 61%] Built target action_tutorials_interfaces__rosidl_typesupport_fastrtps_cpp
[0.341s] [ 70%] Built target action_tutorials_interfaces__rosidl_typesupport_introspection_cpp
[0.423s] [ 70%] Built target action_tutorials_interfaces
[0.477s] [ 74%] Built target action_tutorials_interfaces__py
[0.545s] [ 80%] Built target action_tutorials_interfaces__rosidl_generator_py
[0.631s] [ 87%] Built target action_tutorials_interfaces__rosidl_typesupport_c__pyext
[0.650s] [ 93%] Built target action_tutorials_interfaces__rosidl_typesupport_introspection_c__pyext
[0.659s] [100%] Built target action_tutorials_interfaces__rosidl_typesupport_fastrtps_c__pyext
[0.920s] running egg_info
[0.922s] writing action_tutorials_interfaces.egg-info/PKG-INFO
[0.922s] writing dependency_links to action_tutorials_interfaces.egg-info/dependency_links.txt
[0.923s] writing top-level names to action_tutorials_interfaces.egg-info/top_level.txt
[0.933s] reading manifest file 'action_tutorials_interfaces.egg-info/SOURCES.txt'
[0.935s] writing manifest file 'action_tutorials_interfaces.egg-info/SOURCES.txt'
[1.002s] [100%] Built target ament_cmake_python_build_action_tutorials_interfaces_egg
[1.037s] Invoked command in '/home/ph/ros2_firstw/build/action_tutorials_interfaces' returned '0': CMAKE_PREFIX_PATH=${CMAKE_PREFIX_PATH}:/opt/ros/humble /usr/bin/cmake --build /home/ph/ros2_firstw/build/action_tutorials_interfaces -- -j8 -l8
[1.042s] Invoking command in '/home/ph/ros2_firstw/build/action_tutorials_interfaces': CMAKE_PREFIX_PATH=${CMAKE_PREFIX_PATH}:/opt/ros/humble /usr/bin/cmake --install /home/ph/ros2_firstw/build/action_tutorials_interfaces
[1.062s] -- Install configuration: ""
[1.062s] -- Up-to-date: /home/ph/ros2_firstw/install/action_tutorials_interfaces/share/ament_index/resource_index/rosidl_interfaces/action_tutorials_interfaces
[1.062s] -- Up-to-date: /home/ph/ros2_firstw/install/action_tutorials_interfaces/include/action_tutorials_interfaces/action_tutorials_interfaces
[1.063s] -- Up-to-date: /home/ph/ros2_firstw/install/action_tutorials_interfaces/include/action_tutorials_interfaces/action_tutorials_interfaces/action
[1.063s] -- Up-to-date: /home/ph/ros2_firstw/install/action_tutorials_interfaces/include/action_tutorials_interfaces/action_tutorials_interfaces/action/fibonacci.h
[1.063s] -- Up-to-date: /home/ph/ros2_firstw/install/action_tutorials_interfaces/include/action_tutorials_interfaces/action_tutorials_interfaces/action/detail
[1.063s] -- Up-to-date: /home/ph/ros2_firstw/install/action_tutorials_interfaces/include/action_tutorials_interfaces/action_tutorials_interfaces/action/detail/fibonacci__functions.h
[1.063s] -- Up-to-date: /home/ph/ros2_firstw/install/action_tutorials_interfaces/include/action_tutorials_interfaces/action_tutorials_interfaces/action/detail/fibonacci__type_support.h
[1.063s] -- Up-to-date: /home/ph/ros2_firstw/install/action_tutorials_interfaces/include/action_tutorials_interfaces/action_tutorials_interfaces/action/detail/fibonacci__functions.c
[1.063s] -- Up-to-date: /home/ph/ros2_firstw/install/action_tutorials_interfaces/include/action_tutorials_interfaces/action_tutorials_interfaces/action/detail/fibonacci__struct.h
[1.064s] -- Up-to-date: /home/ph/ros2_firstw/install/action_tutorials_interfaces/include/action_tutorials_interfaces/action_tutorials_interfaces/msg
[1.064s] -- Up-to-date: /home/ph/ros2_firstw/install/action_tutorials_interfaces/include/action_tutorials_interfaces/action_tutorials_interfaces/msg/rosidl_generator_c__visibility_control.h
[1.064s] -- Up-to-date: /home/ph/ros2_firstw/install/action_tutorials_interfaces/share/action_tutorials_interfaces/environment/library_path.sh
[1.064s] -- Up-to-date: /home/ph/ros2_firstw/install/action_tutorials_interfaces/share/action_tutorials_interfaces/environment/library_path.dsv
[1.064s] -- Up-to-date: /home/ph/ros2_firstw/install/action_tutorials_interfaces/lib/libaction_tutorials_interfaces__rosidl_generator_c.so
[1.065s] -- Up-to-date: /home/ph/ros2_firstw/install/action_tutorials_interfaces/include/action_tutorials_interfaces/action_tutorials_interfaces
[1.065s] -- Up-to-date: /home/ph/ros2_firstw/install/action_tutorials_interfaces/include/action_tutorials_interfaces/action_tutorials_interfaces/action
[1.069s] -- Up-to-date: /home/ph/ros2_firstw/install/action_tutorials_interfaces/include/action_tutorials_interfaces/action_tutorials_interfaces/action/detail
[1.069s] -- Up-to-date: /home/ph/ros2_firstw/install/action_tutorials_interfaces/include/action_tutorials_interfaces/action_tutorials_interfaces/action/detail/fibonacci__rosidl_typesupport_fastrtps_c.h
[1.069s] -- Up-to-date: /home/ph/ros2_firstw/install/action_tutorials_interfaces/include/action_tutorials_interfaces/action_tutorials_interfaces/msg
[1.070s] -- Up-to-date: /home/ph/ros2_firstw/install/action_tutorials_interfaces/include/action_tutorials_interfaces/action_tutorials_interfaces/msg/rosidl_typesupport_fastrtps_c__visibility_control.h
[1.070s] -- Up-to-date: /home/ph/ros2_firstw/install/action_tutorials_interfaces/lib/libaction_tutorials_interfaces__rosidl_typesupport_fastrtps_c.so
[1.070s] -- Up-to-date: /home/ph/ros2_firstw/install/action_tutorials_interfaces/include/action_tutorials_interfaces/action_tutorials_interfaces
[1.070s] -- Up-to-date: /home/ph/ros2_firstw/install/action_tutorials_interfaces/include/action_tutorials_interfaces/action_tutorials_interfaces/action
[1.070s] -- Up-to-date: /home/ph/ros2_firstw/install/action_tutorials_interfaces/include/action_tutorials_interfaces/action_tutorials_interfaces/action/detail
[1.070s] -- Up-to-date: /home/ph/ros2_firstw/install/action_tutorials_interfaces/include/action_tutorials_interfaces/action_tutorials_interfaces/action/detail/fibonacci__rosidl_typesupport_introspection_c.h
[1.071s] -- Up-to-date: /home/ph/ros2_firstw/install/action_tutorials_interfaces/include/action_tutorials_interfaces/action_tutorials_interfaces/action/detail/fibonacci__type_support.c
[1.071s] -- Up-to-date: /home/ph/ros2_firstw/install/action_tutorials_interfaces/include/action_tutorials_interfaces/action_tutorials_interfaces/msg
[1.071s] -- Up-to-date: /home/ph/ros2_firstw/install/action_tutorials_interfaces/include/action_tutorials_interfaces/action_tutorials_interfaces/msg/rosidl_typesupport_introspection_c__visibility_control.h
[1.072s] -- Up-to-date: /home/ph/ros2_firstw/install/action_tutorials_interfaces/lib/libaction_tutorials_interfaces__rosidl_typesupport_introspection_c.so
[1.072s] -- Up-to-date: /home/ph/ros2_firstw/install/action_tutorials_interfaces/lib/libaction_tutorials_interfaces__rosidl_typesupport_c.so
[1.072s] -- Up-to-date: /home/ph/ros2_firstw/install/action_tutorials_interfaces/include/action_tutorials_interfaces/action_tutorials_interfaces
[1.072s] -- Up-to-date: /home/ph/ros2_firstw/install/action_tutorials_interfaces/include/action_tutorials_interfaces/action_tutorials_interfaces/action
[1.073s] -- Up-to-date: /home/ph/ros2_firstw/install/action_tutorials_interfaces/include/action_tutorials_interfaces/action_tutorials_interfaces/action/fibonacci.hpp
[1.073s] -- Up-to-date: /home/ph/ros2_firstw/install/action_tutorials_interfaces/include/action_tutorials_interfaces/action_tutorials_interfaces/action/detail
[1.073s] -- Up-to-date: /home/ph/ros2_firstw/install/action_tutorials_interfaces/include/action_tutorials_interfaces/action_tutorials_interfaces/action/detail/fibonacci__struct.hpp
[1.073s] -- Up-to-date: /home/ph/ros2_firstw/install/action_tutorials_interfaces/include/action_tutorials_interfaces/action_tutorials_interfaces/action/detail/fibonacci__builder.hpp
[1.074s] -- Up-to-date: /home/ph/ros2_firstw/install/action_tutorials_interfaces/include/action_tutorials_interfaces/action_tutorials_interfaces/action/detail/fibonacci__type_support.hpp
[1.074s] -- Up-to-date: /home/ph/ros2_firstw/install/action_tutorials_interfaces/include/action_tutorials_interfaces/action_tutorials_interfaces/action/detail/fibonacci__traits.hpp
[1.074s] -- Up-to-date: /home/ph/ros2_firstw/install/action_tutorials_interfaces/include/action_tutorials_interfaces/action_tutorials_interfaces/msg
[1.074s] -- Up-to-date: /home/ph/ros2_firstw/install/action_tutorials_interfaces/include/action_tutorials_interfaces/action_tutorials_interfaces/msg/rosidl_generator_cpp__visibility_control.hpp
[1.074s] -- Up-to-date: /home/ph/ros2_firstw/install/action_tutorials_interfaces/include/action_tutorials_interfaces/action_tutorials_interfaces
[1.074s] -- Up-to-date: /home/ph/ros2_firstw/install/action_tutorials_interfaces/include/action_tutorials_interfaces/action_tutorials_interfaces/action
[1.075s] -- Up-to-date: /home/ph/ros2_firstw/install/action_tutorials_interfaces/include/action_tutorials_interfaces/action_tutorials_interfaces/action/detail
[1.075s] -- Up-to-date: /home/ph/ros2_firstw/install/action_tutorials_interfaces/include/action_tutorials_interfaces/action_tutorials_interfaces/action/detail/dds_fastrtps
[1.075s] -- Up-to-date: /home/ph/ros2_firstw/install/action_tutorials_interfaces/include/action_tutorials_interfaces/action_tutorials_interfaces/action/detail/fibonacci__rosidl_typesupport_fastrtps_cpp.hpp
[1.075s] -- Up-to-date: /home/ph/ros2_firstw/install/action_tutorials_interfaces/include/action_tutorials_interfaces/action_tutorials_interfaces/msg
[1.075s] -- Up-to-date: /home/ph/ros2_firstw/install/action_tutorials_interfaces/include/action_tutorials_interfaces/action_tutorials_interfaces/msg/rosidl_typesupport_fastrtps_cpp__visibility_control.h
[1.075s] -- Up-to-date: /home/ph/ros2_firstw/install/action_tutorials_interfaces/lib/libaction_tutorials_interfaces__rosidl_typesupport_fastrtps_cpp.so
[1.076s] -- Up-to-date: /home/ph/ros2_firstw/install/action_tutorials_interfaces/include/action_tutorials_interfaces/action_tutorials_interfaces
[1.076s] -- Up-to-date: /home/ph/ros2_firstw/install/action_tutorials_interfaces/include/action_tutorials_interfaces/action_tutorials_interfaces/action
[1.076s] -- Up-to-date: /home/ph/ros2_firstw/install/action_tutorials_interfaces/include/action_tutorials_interfaces/action_tutorials_interfaces/action/detail
[1.076s] -- Up-to-date: /home/ph/ros2_firstw/install/action_tutorials_interfaces/include/action_tutorials_interfaces/action_tutorials_interfaces/action/detail/fibonacci__rosidl_typesupport_introspection_cpp.hpp
[1.077s] -- Up-to-date: /home/ph/ros2_firstw/install/action_tutorials_interfaces/include/action_tutorials_interfaces/action_tutorials_interfaces/action/detail/fibonacci__type_support.cpp
[1.077s] -- Up-to-date: /home/ph/ros2_firstw/install/action_tutorials_interfaces/lib/libaction_tutorials_interfaces__rosidl_typesupport_introspection_cpp.so
[1.077s] -- Up-to-date: /home/ph/ros2_firstw/install/action_tutorials_interfaces/lib/libaction_tutorials_interfaces__rosidl_typesupport_cpp.so
[1.077s] -- Up-to-date: /home/ph/ros2_firstw/install/action_tutorials_interfaces/share/action_tutorials_interfaces/environment/pythonpath.sh
[1.078s] -- Up-to-date: /home/ph/ros2_firstw/install/action_tutorials_interfaces/share/action_tutorials_interfaces/environment/pythonpath.dsv
[1.078s] -- Up-to-date: /home/ph/ros2_firstw/install/action_tutorials_interfaces/local/lib/python3.10/dist-packages/action_tutorials_interfaces-0.0.0-py3.10.egg-info
[1.078s] -- Installing: /home/ph/ros2_firstw/install/action_tutorials_interfaces/local/lib/python3.10/dist-packages/action_tutorials_interfaces-0.0.0-py3.10.egg-info/top_level.txt
[1.079s] -- Installing: /home/ph/ros2_firstw/install/action_tutorials_interfaces/local/lib/python3.10/dist-packages/action_tutorials_interfaces-0.0.0-py3.10.egg-info/PKG-INFO
[1.079s] -- Installing: /home/ph/ros2_firstw/install/action_tutorials_interfaces/local/lib/python3.10/dist-packages/action_tutorials_interfaces-0.0.0-py3.10.egg-info/SOURCES.txt
[1.079s] -- Installing: /home/ph/ros2_firstw/install/action_tutorials_interfaces/local/lib/python3.10/dist-packages/action_tutorials_interfaces-0.0.0-py3.10.egg-info/dependency_links.txt
[1.079s] -- Up-to-date: /home/ph/ros2_firstw/install/action_tutorials_interfaces/local/lib/python3.10/dist-packages/action_tutorials_interfaces
[1.079s] -- Up-to-date: /home/ph/ros2_firstw/install/action_tutorials_interfaces/local/lib/python3.10/dist-packages/action_tutorials_interfaces/action_tutorials_interfaces_s__rosidl_typesupport_introspection_c.cpython-310-x86_64-linux-gnu.so
[1.079s] -- Up-to-date: /home/ph/ros2_firstw/install/action_tutorials_interfaces/local/lib/python3.10/dist-packages/action_tutorials_interfaces/action
[1.080s] -- Up-to-date: /home/ph/ros2_firstw/install/action_tutorials_interfaces/local/lib/python3.10/dist-packages/action_tutorials_interfaces/action/_fibonacci.py
[1.080s] -- Up-to-date: /home/ph/ros2_firstw/install/action_tutorials_interfaces/local/lib/python3.10/dist-packages/action_tutorials_interfaces/action/_fibonacci_s.c
[1.080s] -- Up-to-date: /home/ph/ros2_firstw/install/action_tutorials_interfaces/local/lib/python3.10/dist-packages/action_tutorials_interfaces/action/__init__.py
[1.080s] -- Up-to-date: /home/ph/ros2_firstw/install/action_tutorials_interfaces/local/lib/python3.10/dist-packages/action_tutorials_interfaces/action_tutorials_interfaces_s__rosidl_typesupport_c.cpython-310-x86_64-linux-gnu.so
[1.080s] -- Up-to-date: /home/ph/ros2_firstw/install/action_tutorials_interfaces/local/lib/python3.10/dist-packages/action_tutorials_interfaces/_action_tutorials_interfaces_s.ep.rosidl_typesupport_c.c
[1.081s] -- Up-to-date: /home/ph/ros2_firstw/install/action_tutorials_interfaces/local/lib/python3.10/dist-packages/action_tutorials_interfaces/libaction_tutorials_interfaces__rosidl_generator_py.so
[1.081s] -- Up-to-date: /home/ph/ros2_firstw/install/action_tutorials_interfaces/local/lib/python3.10/dist-packages/action_tutorials_interfaces/action_tutorials_interfaces_s__rosidl_typesupport_fastrtps_c.cpython-310-x86_64-linux-gnu.so
[1.081s] -- Up-to-date: /home/ph/ros2_firstw/install/action_tutorials_interfaces/local/lib/python3.10/dist-packages/action_tutorials_interfaces/__init__.py
[1.081s] -- Up-to-date: /home/ph/ros2_firstw/install/action_tutorials_interfaces/local/lib/python3.10/dist-packages/action_tutorials_interfaces/_action_tutorials_interfaces_s.ep.rosidl_typesupport_introspection_c.c
[1.081s] -- Up-to-date: /home/ph/ros2_firstw/install/action_tutorials_interfaces/local/lib/python3.10/dist-packages/action_tutorials_interfaces/_action_tutorials_interfaces_s.ep.rosidl_typesupport_fastrtps_c.c
[1.170s] Listing '/home/ph/ros2_firstw/install/action_tutorials_interfaces/local/lib/python3.10/dist-packages/action_tutorials_interfaces'...
[1.173s] Listing '/home/ph/ros2_firstw/install/action_tutorials_interfaces/local/lib/python3.10/dist-packages/action_tutorials_interfaces/action'...
[1.186s] -- Up-to-date: /home/ph/ros2_firstw/install/action_tutorials_interfaces/local/lib/python3.10/dist-packages/action_tutorials_interfaces/action_tutorials_interfaces_s__rosidl_typesupport_fastrtps_c.cpython-310-x86_64-linux-gnu.so
[1.186s] -- Up-to-date: /home/ph/ros2_firstw/install/action_tutorials_interfaces/local/lib/python3.10/dist-packages/action_tutorials_interfaces/action_tutorials_interfaces_s__rosidl_typesupport_introspection_c.cpython-310-x86_64-linux-gnu.so
[1.187s] -- Up-to-date: /home/ph/ros2_firstw/install/action_tutorials_interfaces/local/lib/python3.10/dist-packages/action_tutorials_interfaces/action_tutorials_interfaces_s__rosidl_typesupport_c.cpython-310-x86_64-linux-gnu.so
[1.187s] -- Up-to-date: /home/ph/ros2_firstw/install/action_tutorials_interfaces/lib/libaction_tutorials_interfaces__rosidl_generator_py.so
[1.187s] -- Up-to-date: /home/ph/ros2_firstw/install/action_tutorials_interfaces/share/action_tutorials_interfaces/action/Fibonacci.idl
[1.202s] -- Up-to-date: /home/ph/ros2_firstw/install/action_tutorials_interfaces/share/action_tutorials_interfaces/action/Fibonacci.action
[1.203s] -- Up-to-date: /home/ph/ros2_firstw/install/action_tutorials_interfaces/share/ament_index/resource_index/package_run_dependencies/action_tutorials_interfaces
[1.204s] -- Up-to-date: /home/ph/ros2_firstw/install/action_tutorials_interfaces/share/ament_index/resource_index/parent_prefix_path/action_tutorials_interfaces
[1.204s] -- Up-to-date: /home/ph/ros2_firstw/install/action_tutorials_interfaces/share/action_tutorials_interfaces/environment/ament_prefix_path.sh
[1.204s] -- Up-to-date: /home/ph/ros2_firstw/install/action_tutorials_interfaces/share/action_tutorials_interfaces/environment/ament_prefix_path.dsv
[1.204s] -- Up-to-date: /home/ph/ros2_firstw/install/action_tutorials_interfaces/share/action_tutorials_interfaces/environment/path.sh
[1.205s] -- Up-to-date: /home/ph/ros2_firstw/install/action_tutorials_interfaces/share/action_tutorials_interfaces/environment/path.dsv
[1.205s] -- Up-to-date: /home/ph/ros2_firstw/install/action_tutorials_interfaces/share/action_tutorials_interfaces/local_setup.bash
[1.205s] -- Up-to-date: /home/ph/ros2_firstw/install/action_tutorials_interfaces/share/action_tutorials_interfaces/local_setup.sh
[1.205s] -- Up-to-date: /home/ph/ros2_firstw/install/action_tutorials_interfaces/share/action_tutorials_interfaces/local_setup.zsh
[1.205s] -- Up-to-date: /home/ph/ros2_firstw/install/action_tutorials_interfaces/share/action_tutorials_interfaces/local_setup.dsv
[1.206s] -- Installing: /home/ph/ros2_firstw/install/action_tutorials_interfaces/share/action_tutorials_interfaces/package.dsv
[1.206s] -- Up-to-date: /home/ph/ros2_firstw/install/action_tutorials_interfaces/share/ament_index/resource_index/packages/action_tutorials_interfaces
[1.206s] -- Up-to-date: /home/ph/ros2_firstw/install/action_tutorials_interfaces/share/action_tutorials_interfaces/cmake/export_action_tutorials_interfaces__rosidl_generator_cExport.cmake
[1.207s] -- Up-to-date: /home/ph/ros2_firstw/install/action_tutorials_interfaces/share/action_tutorials_interfaces/cmake/export_action_tutorials_interfaces__rosidl_generator_cExport-noconfig.cmake
[1.207s] -- Up-to-date: /home/ph/ros2_firstw/install/action_tutorials_interfaces/share/action_tutorials_interfaces/cmake/export_action_tutorials_interfaces__rosidl_typesupport_fastrtps_cExport.cmake
[1.207s] -- Up-to-date: /home/ph/ros2_firstw/install/action_tutorials_interfaces/share/action_tutorials_interfaces/cmake/export_action_tutorials_interfaces__rosidl_typesupport_fastrtps_cExport-noconfig.cmake
[1.207s] -- Up-to-date: /home/ph/ros2_firstw/install/action_tutorials_interfaces/share/action_tutorials_interfaces/cmake/action_tutorials_interfaces__rosidl_typesupport_introspection_cExport.cmake
[1.208s] -- Up-to-date: /home/ph/ros2_firstw/install/action_tutorials_interfaces/share/action_tutorials_interfaces/cmake/action_tutorials_interfaces__rosidl_typesupport_introspection_cExport-noconfig.cmake
[1.208s] -- Up-to-date: /home/ph/ros2_firstw/install/action_tutorials_interfaces/share/action_tutorials_interfaces/cmake/action_tutorials_interfaces__rosidl_typesupport_cExport.cmake
[1.208s] -- Up-to-date: /home/ph/ros2_firstw/install/action_tutorials_interfaces/share/action_tutorials_interfaces/cmake/action_tutorials_interfaces__rosidl_typesupport_cExport-noconfig.cmake
[1.208s] -- Up-to-date: /home/ph/ros2_firstw/install/action_tutorials_interfaces/share/action_tutorials_interfaces/cmake/export_action_tutorials_interfaces__rosidl_generator_cppExport.cmake
[1.209s] -- Up-to-date: /home/ph/ros2_firstw/install/action_tutorials_interfaces/share/action_tutorials_interfaces/cmake/export_action_tutorials_interfaces__rosidl_typesupport_fastrtps_cppExport.cmake
[1.209s] -- Up-to-date: /home/ph/ros2_firstw/install/action_tutorials_interfaces/share/action_tutorials_interfaces/cmake/export_action_tutorials_interfaces__rosidl_typesupport_fastrtps_cppExport-noconfig.cmake
[1.210s] -- Up-to-date: /home/ph/ros2_firstw/install/action_tutorials_interfaces/share/action_tutorials_interfaces/cmake/action_tutorials_interfaces__rosidl_typesupport_introspection_cppExport.cmake
[1.210s] -- Up-to-date: /home/ph/ros2_firstw/install/action_tutorials_interfaces/share/action_tutorials_interfaces/cmake/action_tutorials_interfaces__rosidl_typesupport_introspection_cppExport-noconfig.cmake
[1.210s] -- Up-to-date: /home/ph/ros2_firstw/install/action_tutorials_interfaces/share/action_tutorials_interfaces/cmake/action_tutorials_interfaces__rosidl_typesupport_cppExport.cmake
[1.211s] -- Up-to-date: /home/ph/ros2_firstw/install/action_tutorials_interfaces/share/action_tutorials_interfaces/cmake/action_tutorials_interfaces__rosidl_typesupport_cppExport-noconfig.cmake
[1.211s] -- Up-to-date: /home/ph/ros2_firstw/install/action_tutorials_interfaces/share/action_tutorials_interfaces/cmake/export_action_tutorials_interfaces__rosidl_generator_pyExport.cmake
[1.213s] -- Up-to-date: /home/ph/ros2_firstw/install/action_tutorials_interfaces/share/action_tutorials_interfaces/cmake/export_action_tutorials_interfaces__rosidl_generator_pyExport-noconfig.cmake
[1.215s] -- Up-to-date: /home/ph/ros2_firstw/install/action_tutorials_interfaces/share/action_tutorials_interfaces/cmake/rosidl_cmake-extras.cmake
[1.215s] -- Up-to-date: /home/ph/ros2_firstw/install/action_tutorials_interfaces/share/action_tutorials_interfaces/cmake/ament_cmake_export_dependencies-extras.cmake
[1.215s] -- Up-to-date: /home/ph/ros2_firstw/install/action_tutorials_interfaces/share/action_tutorials_interfaces/cmake/ament_cmake_export_include_directories-extras.cmake
[1.216s] -- Up-to-date: /home/ph/ros2_firstw/install/action_tutorials_interfaces/share/action_tutorials_interfaces/cmake/ament_cmake_export_libraries-extras.cmake
[1.216s] -- Up-to-date: /home/ph/ros2_firstw/install/action_tutorials_interfaces/share/action_tutorials_interfaces/cmake/ament_cmake_export_targets-extras.cmake
[1.218s] -- Up-to-date: /home/ph/ros2_firstw/install/action_tutorials_interfaces/share/action_tutorials_interfaces/cmake/rosidl_cmake_export_typesupport_targets-extras.cmake
[1.219s] -- Up-to-date: /home/ph/ros2_firstw/install/action_tutorials_interfaces/share/action_tutorials_interfaces/cmake/rosidl_cmake_export_typesupport_libraries-extras.cmake
[1.220s] -- Up-to-date: /home/ph/ros2_firstw/install/action_tutorials_interfaces/share/action_tutorials_interfaces/cmake/action_tutorials_interfacesConfig.cmake
[1.220s] -- Up-to-date: /home/ph/ros2_firstw/install/action_tutorials_interfaces/share/action_tutorials_interfaces/cmake/action_tutorials_interfacesConfig-version.cmake
[1.220s] -- Up-to-date: /home/ph/ros2_firstw/install/action_tutorials_interfaces/share/action_tutorials_interfaces/package.xml
[1.230s] Invoked command in '/home/ph/ros2_firstw/build/action_tutorials_interfaces' returned '0': CMAKE_PREFIX_PATH=${CMAKE_PREFIX_PATH}:/opt/ros/humble /usr/bin/cmake --install /home/ph/ros2_firstw/build/action_tutorials_interfaces
