[2.923s] Invoking command in '/home/ph/ws/helios16p_ws/src/helios16p_cane_robot': PYTHONPATH=/home/ph/ws/helios16p_ws/build/helios16p_cane_robot/prefix_override:/usr/lib/python3/dist-packages/colcon_core/task/python/colcon_distutils_commands:/home/ph/ws/helios16p_ws/install/helios16p_cane_robot/lib/python3.10/site-packages:${PYTHONPATH} /usr/bin/python3 -W ignore:setup.py install is deprecated -W ignore:easy_install command is deprecated setup.py egg_info --egg-base ../../build/helios16p_cane_robot build --build-base /home/ph/ws/helios16p_ws/build/helios16p_cane_robot/build install --record /home/ph/ws/helios16p_ws/build/helios16p_cane_robot/install.log --single-version-externally-managed install_data
[3.906s] running egg_info
[3.976s] writing ../../build/helios16p_cane_robot/helios16p_cane_robot.egg-info/PKG-INFO
[3.978s] writing dependency_links to ../../build/helios16p_cane_robot/helios16p_cane_robot.egg-info/dependency_links.txt
[3.979s] writing requirements to ../../build/helios16p_cane_robot/helios16p_cane_robot.egg-info/requires.txt
[3.980s] writing top-level names to ../../build/helios16p_cane_robot/helios16p_cane_robot.egg-info/top_level.txt
[4.128s] reading manifest file '../../build/helios16p_cane_robot/helios16p_cane_robot.egg-info/SOURCES.txt'
[4.132s] writing manifest file '../../build/helios16p_cane_robot/helios16p_cane_robot.egg-info/SOURCES.txt'
[4.133s] running build
[4.134s] running build_py
[4.134s] copying helios16p_cane_robot/__init__.py -> /home/ph/ws/helios16p_ws/build/helios16p_cane_robot/build/lib/helios16p_cane_robot
[4.135s] running install
[4.149s] running install_lib
[4.222s] running install_data
[4.223s] copying resource/helios16p_cane_robot -> /home/ph/ws/helios16p_ws/install/helios16p_cane_robot/share/ament_index/resource_index/packages
[4.224s] copying package.xml -> /home/ph/ws/helios16p_ws/install/helios16p_cane_robot/share/helios16p_cane_robot
[4.225s] copying launch/helios16p_cane_robot.launch.py -> /home/ph/ws/helios16p_ws/install/helios16p_cane_robot/share/helios16p_cane_robot/launch
[4.225s] copying launch/L.py -> /home/ph/ws/helios16p_ws/install/helios16p_cane_robot/share/helios16p_cane_robot/launch
[4.226s] running install_egg_info
[4.300s] removing '/home/ph/ws/helios16p_ws/install/helios16p_cane_robot/lib/python3.10/site-packages/helios16p_cane_robot-0.0.0-py3.10.egg-info' (and everything under it)
[4.301s] Copying ../../build/helios16p_cane_robot/helios16p_cane_robot.egg-info to /home/ph/ws/helios16p_ws/install/helios16p_cane_robot/lib/python3.10/site-packages/helios16p_cane_robot-0.0.0-py3.10.egg-info
[4.303s] running install_scripts
[4.874s] writing list of installed files to '/home/ph/ws/helios16p_ws/build/helios16p_cane_robot/install.log'
[4.967s] Invoked command in '/home/ph/ws/helios16p_ws/src/helios16p_cane_robot' returned '0': PYTHONPATH=/home/ph/ws/helios16p_ws/build/helios16p_cane_robot/prefix_override:/usr/lib/python3/dist-packages/colcon_core/task/python/colcon_distutils_commands:/home/ph/ws/helios16p_ws/install/helios16p_cane_robot/lib/python3.10/site-packages:${PYTHONPATH} /usr/bin/python3 -W ignore:setup.py install is deprecated -W ignore:easy_install command is deprecated setup.py egg_info --egg-base ../../build/helios16p_cane_robot build --build-base /home/ph/ws/helios16p_ws/build/helios16p_cane_robot/build install --record /home/ph/ws/helios16p_ws/build/helios16p_cane_robot/install.log --single-version-externally-managed install_data
