[0.028s] Invoking command in '/home/ph/ws/lidar_ws/build/rslidar_msg': CMAKE_PREFIX_PATH=${CMAKE_PREFIX_PATH}:/home/ph/ws/lidar_ws/install/helios16p_cane_robot:/opt/ros/humble /usr/bin/cmake /home/ph/ws/lidar_ws/src/rslidar_msg -DCMAKE_INSTALL_PREFIX=/home/ph/ws/lidar_ws/install/rslidar_msg
[0.039s] [0mCMake Deprecation Warning at CMakeLists.txt:1 (cmake_minimum_required):
[0.039s]   Compatibility with CMake < 3.10 will be removed from a future version of
[0.039s]   CMake.
[0.040s] 
[0.040s]   Update the VERSION argument <min> value.  Or, use the <min>...<max> syntax
[0.040s]   to tell CMake that the project requires at least <min> but has been updated
[0.040s]   to work with policies introduced by <max> or earlier.
[0.041s] 
[0.041s] [0m
[0.179s] -- The C compiler identification is GNU 11.4.0
[0.385s] -- The CXX compiler identification is GNU 11.4.0
[0.408s] -- Detecting C compiler ABI info
[0.574s] -- Detecting C compiler ABI info - done
[0.622s] -- Check for working C compiler: /usr/bin/cc - skipped
[0.623s] -- Detecting C compile features
[0.624s] -- Detecting C compile features - done
[0.658s] -- Detecting CXX compiler ABI info
[0.870s] -- Detecting CXX compiler ABI info - done
[0.921s] -- Check for working CXX compiler: /usr/bin/c++ - skipped
[0.922s] -- Detecting CXX compile features
[0.924s] -- Detecting CXX compile features - done
[0.964s] -- Found ament_cmake: 1.3.12 (/opt/ros/humble/share/ament_cmake/cmake)
[1.372s] -- Found Python3: /usr/bin/python3 (found version "3.10.12") found components: Interpreter
[1.720s] -- Found std_msgs: 4.9.0 (/opt/ros/humble/share/std_msgs/cmake)
[1.897s] -- Found rosidl_generator_c: 3.1.7 (/opt/ros/humble/share/rosidl_generator_c/cmake)
[1.923s] -- Found rosidl_adapter: 3.1.7 (/opt/ros/humble/share/rosidl_adapter/cmake)
[1.967s] -- Found rosidl_generator_cpp: 3.1.7 (/opt/ros/humble/share/rosidl_generator_cpp/cmake)
[2.029s] -- Using all available rosidl_typesupport_c: rosidl_typesupport_fastrtps_c;rosidl_typesupport_introspection_c
[2.110s] -- Using all available rosidl_typesupport_cpp: rosidl_typesupport_fastrtps_cpp;rosidl_typesupport_introspection_cpp
[2.239s] -- Found rclcpp: 16.0.15 (/opt/ros/humble/share/rclcpp/cmake)
[2.435s] -- Found rmw_implementation_cmake: 6.1.2 (/opt/ros/humble/share/rmw_implementation_cmake/cmake)
[2.450s] -- Found rmw_fastrtps_cpp: 6.2.9 (/opt/ros/humble/share/rmw_fastrtps_cpp/cmake)
[2.780s] -- Found OpenSSL: /usr/lib/x86_64-linux-gnu/libcrypto.so (found version "3.0.2")
[2.895s] -- Found FastRTPS: /opt/ros/humble/include
[3.048s] -- Using RMW implementation 'rmw_fastrtps_cpp' as default
[3.093s] -- Performing Test CMAKE_HAVE_LIBC_PTHREAD
[3.291s] -- Performing Test CMAKE_HAVE_LIBC_PTHREAD - Success
[3.293s] -- Found Threads: TRUE
[3.489s] -- Found rosidl_default_generators: 1.2.0 (/opt/ros/humble/share/rosidl_default_generators/cmake)
[4.745s] -- Found ament_cmake_ros: 0.10.0 (/opt/ros/humble/share/ament_cmake_ros/cmake)
[6.841s] -- Using all available rosidl_typesupport_c: rosidl_typesupport_fastrtps_c;rosidl_typesupport_introspection_c
[7.662s] -- Using all available rosidl_typesupport_cpp: rosidl_typesupport_fastrtps_cpp;rosidl_typesupport_introspection_cpp
[7.668s] [33mCMake Warning (dev) at /opt/ros/humble/share/rosidl_generator_py/cmake/rosidl_generator_py_generate_interfaces.cmake:20 (find_package):
[7.668s]   Policy CMP0148 is not set: The FindPythonInterp and FindPythonLibs modules
[7.669s]   are removed.  Run "cmake --help-policy CMP0148" for policy details.  Use
[7.669s]   the cmake_policy command to set the policy and suppress this warning.
[7.669s] 
[7.670s] Call Stack (most recent call first):
[7.670s]   /opt/ros/humble/share/ament_cmake_core/cmake/core/ament_execute_extensions.cmake:48 (include)
[7.670s]   /opt/ros/humble/share/rosidl_cmake/cmake/rosidl_generate_interfaces.cmake:286 (ament_execute_extensions)
[7.670s]   CMakeLists.txt:25 (rosidl_generate_interfaces)
[7.671s] This warning is for project developers.  Use -Wno-dev to suppress it.
[7.671s] [0m
[7.728s] -- Found PythonInterp: /usr/bin/python3 (found suitable version "3.10.12", minimum required is "3.6")
[7.738s] -- Found python_cmake_module: 0.10.0 (/opt/ros/humble/share/python_cmake_module/cmake)
[7.741s] [33mCMake Warning (dev) at /opt/ros/humble/share/python_cmake_module/cmake/Modules/FindPythonExtra.cmake:52 (find_package):
[7.742s]   Policy CMP0148 is not set: The FindPythonInterp and FindPythonLibs modules
[7.742s]   are removed.  Run "cmake --help-policy CMP0148" for policy details.  Use
[7.742s]   the cmake_policy command to set the policy and suppress this warning.
[7.742s] 
[7.743s] Call Stack (most recent call first):
[7.743s]   /opt/ros/humble/share/rosidl_generator_py/cmake/rosidl_generator_py_generate_interfaces.cmake:23 (find_package)
[7.743s]   /opt/ros/humble/share/ament_cmake_core/cmake/core/ament_execute_extensions.cmake:48 (include)
[7.743s]   /opt/ros/humble/share/rosidl_cmake/cmake/rosidl_generate_interfaces.cmake:286 (ament_execute_extensions)
[7.744s]   CMakeLists.txt:25 (rosidl_generate_interfaces)
[7.744s] This warning is for project developers.  Use -Wno-dev to suppress it.
[7.744s] [0m
[7.798s] [33mCMake Warning (dev) at /opt/ros/humble/share/python_cmake_module/cmake/Modules/FindPythonExtra.cmake:140 (find_package):
[7.799s]   Policy CMP0148 is not set: The FindPythonInterp and FindPythonLibs modules
[7.799s]   are removed.  Run "cmake --help-policy CMP0148" for policy details.  Use
[7.799s]   the cmake_policy command to set the policy and suppress this warning.
[7.799s] 
[7.800s] Call Stack (most recent call first):
[7.800s]   /opt/ros/humble/share/rosidl_generator_py/cmake/rosidl_generator_py_generate_interfaces.cmake:23 (find_package)
[7.800s]   /opt/ros/humble/share/ament_cmake_core/cmake/core/ament_execute_extensions.cmake:48 (include)
[7.801s]   /opt/ros/humble/share/rosidl_cmake/cmake/rosidl_generate_interfaces.cmake:286 (ament_execute_extensions)
[7.801s]   CMakeLists.txt:25 (rosidl_generate_interfaces)
[7.801s] This warning is for project developers.  Use -Wno-dev to suppress it.
[7.801s] [0m
[7.832s] -- Found PythonLibs: /usr/lib/x86_64-linux-gnu/libpython3.10.so (found suitable version "3.10.12", minimum required is "3.5")
[7.832s] -- Using PYTHON_EXECUTABLE: /usr/bin/python3
[7.833s] -- Using PYTHON_INCLUDE_DIRS: /usr/include/python3.10
[7.833s] -- Using PYTHON_LIBRARIES: /usr/lib/x86_64-linux-gnu/libpython3.10.so
[7.890s] -- Found PythonExtra: .so
[8.048s] -- Found ament_lint_auto: 0.12.14 (/opt/ros/humble/share/ament_lint_auto/cmake)
[8.171s] -- Added test 'copyright' to check source files copyright and LICENSE
[8.200s] -- Added test 'lint_cmake' to check CMake code style
[8.217s] -- Added test 'xmllint' to check XML markup files
[8.228s] -- Configuring done (8.2s)
[8.353s] -- Generating done (0.1s)
[8.378s] -- Build files have been written to: /home/ph/ws/lidar_ws/build/rslidar_msg
[8.407s] Invoked command in '/home/ph/ws/lidar_ws/build/rslidar_msg' returned '0': CMAKE_PREFIX_PATH=${CMAKE_PREFIX_PATH}:/home/ph/ws/lidar_ws/install/helios16p_cane_robot:/opt/ros/humble /usr/bin/cmake /home/ph/ws/lidar_ws/src/rslidar_msg -DCMAKE_INSTALL_PREFIX=/home/ph/ws/lidar_ws/install/rslidar_msg
[8.412s] Invoking command in '/home/ph/ws/lidar_ws/build/rslidar_msg': CMAKE_PREFIX_PATH=${CMAKE_PREFIX_PATH}:/home/ph/ws/lidar_ws/install/helios16p_cane_robot:/opt/ros/humble /usr/bin/cmake --build /home/ph/ws/lidar_ws/build/rslidar_msg -- -j8 -l8
[8.480s] [  3%] [1m[34mGenerating C code for ROS interfaces[0m
[8.498s] [  6%] [1m[34mGenerating C++ code for ROS interfaces[0m
[8.508s] [  6%] Built target ament_cmake_python_copy_rslidar_msg
[9.185s] [  6%] Built target rslidar_msg__cpp
[9.201s] running egg_info
[9.203s] [ 12%] [1m[34mGenerating C++ type support for eProsima Fast-RTPS[0m
[9.204s] [ 12%] [1m[34mGenerating C++ type support dispatch for ROS interfaces[0m
[9.207s] [ 16%] [1m[34mGenerating C++ introspection for ROS interfaces[0m
[9.216s] [ 19%] [32mBuilding C object CMakeFiles/rslidar_msg__rosidl_generator_c.dir/rosidl_generator_c/rslidar_msg/msg/detail/rslidar_packet__functions.c.o[0m
[9.273s] creating rslidar_msg.egg-info
[9.274s] writing rslidar_msg.egg-info/PKG-INFO
[9.275s] writing dependency_links to rslidar_msg.egg-info/dependency_links.txt
[9.276s] writing top-level names to rslidar_msg.egg-info/top_level.txt
[9.276s] writing manifest file 'rslidar_msg.egg-info/SOURCES.txt'
[9.388s] [ 22%] [1m[32mLinking C shared library librslidar_msg__rosidl_generator_c.so[0m
[9.477s] reading manifest file 'rslidar_msg.egg-info/SOURCES.txt'
[9.478s] [ 22%] Built target rslidar_msg__rosidl_generator_c
[9.481s] writing manifest file 'rslidar_msg.egg-info/SOURCES.txt'
[9.500s] [ 29%] [1m[34mGenerating C type support for eProsima Fast-RTPS[0m
[9.500s] [ 29%] [1m[34mGenerating C introspection for ROS interfaces[0m
[9.510s] [ 32%] [1m[34mGenerating C type support dispatch for ROS interfaces[0m
[9.577s] [ 32%] Built target ament_cmake_python_build_rslidar_msg_egg
[10.041s] [ 35%] [32mBuilding CXX object CMakeFiles/rslidar_msg__rosidl_typesupport_cpp.dir/rosidl_typesupport_cpp/rslidar_msg/msg/rslidar_packet__type_support.cpp.o[0m
[10.242s] [ 38%] [32mBuilding CXX object CMakeFiles/rslidar_msg__rosidl_typesupport_c.dir/rosidl_typesupport_c/rslidar_msg/msg/rslidar_packet__type_support.cpp.o[0m
[10.260s] [ 41%] [32mBuilding CXX object CMakeFiles/rslidar_msg__rosidl_typesupport_introspection_cpp.dir/rosidl_typesupport_introspection_cpp/rslidar_msg/msg/detail/rslidar_packet__type_support.cpp.o[0m
[10.265s] [ 45%] [32mBuilding CXX object CMakeFiles/rslidar_msg__rosidl_typesupport_fastrtps_cpp.dir/rosidl_typesupport_fastrtps_cpp/rslidar_msg/msg/detail/dds_fastrtps/rslidar_packet__type_support.cpp.o[0m
[10.298s] [ 48%] [32mBuilding C object CMakeFiles/rslidar_msg__rosidl_typesupport_introspection_c.dir/rosidl_typesupport_introspection_c/rslidar_msg/msg/detail/rslidar_packet__type_support.c.o[0m
[10.349s] [ 51%] [1m[32mLinking CXX shared library librslidar_msg__rosidl_typesupport_c.so[0m
[10.411s] [ 54%] [1m[32mLinking C shared library librslidar_msg__rosidl_typesupport_introspection_c.so[0m
[10.473s] [ 54%] Built target rslidar_msg__rosidl_typesupport_c
[10.490s] [ 54%] Built target rslidar_msg__rosidl_typesupport_introspection_c
[10.496s] [ 58%] [32mBuilding CXX object CMakeFiles/rslidar_msg__rosidl_typesupport_fastrtps_c.dir/rosidl_typesupport_fastrtps_c/rslidar_msg/msg/detail/rslidar_packet__type_support_c.cpp.o[0m
[10.982s] [ 61%] [1m[32mLinking CXX shared library librslidar_msg__rosidl_typesupport_cpp.so[0m
[11.082s] [ 61%] Built target rslidar_msg__rosidl_typesupport_cpp
[11.435s] [ 64%] [1m[32mLinking CXX shared library librslidar_msg__rosidl_typesupport_introspection_cpp.so[0m
[11.442s] [ 67%] [1m[32mLinking CXX shared library librslidar_msg__rosidl_typesupport_fastrtps_c.so[0m
[11.520s] [ 70%] [1m[32mLinking CXX shared library librslidar_msg__rosidl_typesupport_fastrtps_cpp.so[0m
[11.661s] [ 70%] Built target rslidar_msg__rosidl_typesupport_introspection_cpp
[11.668s] [ 70%] Built target rslidar_msg__rosidl_typesupport_fastrtps_c
[11.728s] [ 70%] Built target rslidar_msg__rosidl_typesupport_fastrtps_cpp
[11.761s] [ 70%] Built target rslidar_msg
[11.794s] [ 74%] [1m[34mGenerating Python code for ROS interfaces[0m
[12.607s] [ 74%] Built target rslidar_msg__py
[12.639s] [ 77%] [32mBuilding C object CMakeFiles/rslidar_msg__rosidl_generator_py.dir/rosidl_generator_py/rslidar_msg/msg/_rslidar_packet_s.c.o[0m
[13.010s] [ 80%] [1m[32mLinking C shared library rosidl_generator_py/rslidar_msg/librslidar_msg__rosidl_generator_py.so[0m
[13.099s] [ 80%] Built target rslidar_msg__rosidl_generator_py
[13.131s] [ 90%] [32mBuilding C object CMakeFiles/rslidar_msg__rosidl_typesupport_c__pyext.dir/rosidl_generator_py/rslidar_msg/_rslidar_msg_s.ep.rosidl_typesupport_c.c.o[0m
[13.132s] [ 90%] [32mBuilding C object CMakeFiles/rslidar_msg__rosidl_typesupport_fastrtps_c__pyext.dir/rosidl_generator_py/rslidar_msg/_rslidar_msg_s.ep.rosidl_typesupport_fastrtps_c.c.o[0m
[13.132s] [ 90%] [32mBuilding C object CMakeFiles/rslidar_msg__rosidl_typesupport_introspection_c__pyext.dir/rosidl_generator_py/rslidar_msg/_rslidar_msg_s.ep.rosidl_typesupport_introspection_c.c.o[0m
[13.408s] [100%] [1m[32mLinking C shared library rosidl_generator_py/rslidar_msg/rslidar_msg_s__rosidl_typesupport_introspection_c.cpython-310-x86_64-linux-gnu.so[0m
[13.408s] [100%] [1m[32mLinking C shared library rosidl_generator_py/rslidar_msg/rslidar_msg_s__rosidl_typesupport_fastrtps_c.cpython-310-x86_64-linux-gnu.so[0m
[13.408s] [100%] [1m[32mLinking C shared library rosidl_generator_py/rslidar_msg/rslidar_msg_s__rosidl_typesupport_c.cpython-310-x86_64-linux-gnu.so[0m
[13.493s] [100%] Built target rslidar_msg__rosidl_typesupport_fastrtps_c__pyext
[13.494s] [100%] Built target rslidar_msg__rosidl_typesupport_c__pyext
[13.494s] [100%] Built target rslidar_msg__rosidl_typesupport_introspection_c__pyext
[13.514s] Invoked command in '/home/ph/ws/lidar_ws/build/rslidar_msg' returned '0': CMAKE_PREFIX_PATH=${CMAKE_PREFIX_PATH}:/home/ph/ws/lidar_ws/install/helios16p_cane_robot:/opt/ros/humble /usr/bin/cmake --build /home/ph/ws/lidar_ws/build/rslidar_msg -- -j8 -l8
[13.530s] Invoking command in '/home/ph/ws/lidar_ws/build/rslidar_msg': CMAKE_PREFIX_PATH=${CMAKE_PREFIX_PATH}:/home/ph/ws/lidar_ws/install/helios16p_cane_robot:/opt/ros/humble /usr/bin/cmake --install /home/ph/ws/lidar_ws/build/rslidar_msg
[13.542s] -- Install configuration: ""
[13.543s] -- Installing: /home/ph/ws/lidar_ws/install/rslidar_msg/share/ament_index/resource_index/rosidl_interfaces/rslidar_msg
[13.543s] -- Installing: /home/ph/ws/lidar_ws/install/rslidar_msg/include/rslidar_msg/rslidar_msg
[13.544s] -- Installing: /home/ph/ws/lidar_ws/install/rslidar_msg/include/rslidar_msg/rslidar_msg/msg
[13.544s] -- Installing: /home/ph/ws/lidar_ws/install/rslidar_msg/include/rslidar_msg/rslidar_msg/msg/rosidl_generator_c__visibility_control.h
[13.544s] -- Installing: /home/ph/ws/lidar_ws/install/rslidar_msg/include/rslidar_msg/rslidar_msg/msg/detail
[13.545s] -- Installing: /home/ph/ws/lidar_ws/install/rslidar_msg/include/rslidar_msg/rslidar_msg/msg/detail/rslidar_packet__functions.c
[13.545s] -- Installing: /home/ph/ws/lidar_ws/install/rslidar_msg/include/rslidar_msg/rslidar_msg/msg/detail/rslidar_packet__struct.h
[13.546s] -- Installing: /home/ph/ws/lidar_ws/install/rslidar_msg/include/rslidar_msg/rslidar_msg/msg/detail/rslidar_packet__functions.h
[13.546s] -- Installing: /home/ph/ws/lidar_ws/install/rslidar_msg/include/rslidar_msg/rslidar_msg/msg/detail/rslidar_packet__type_support.h
[13.546s] -- Installing: /home/ph/ws/lidar_ws/install/rslidar_msg/include/rslidar_msg/rslidar_msg/msg/rslidar_packet.h
[13.547s] -- Installing: /home/ph/ws/lidar_ws/install/rslidar_msg/share/rslidar_msg/environment/library_path.sh
[13.548s] -- Installing: /home/ph/ws/lidar_ws/install/rslidar_msg/share/rslidar_msg/environment/library_path.dsv
[13.548s] -- Installing: /home/ph/ws/lidar_ws/install/rslidar_msg/lib/librslidar_msg__rosidl_generator_c.so
[13.550s] -- Set non-toolchain portion of runtime path of "/home/ph/ws/lidar_ws/install/rslidar_msg/lib/librslidar_msg__rosidl_generator_c.so" to ""
[13.550s] -- Up-to-date: /home/ph/ws/lidar_ws/install/rslidar_msg/include/rslidar_msg/rslidar_msg
[13.550s] -- Up-to-date: /home/ph/ws/lidar_ws/install/rslidar_msg/include/rslidar_msg/rslidar_msg/msg
[13.550s] -- Up-to-date: /home/ph/ws/lidar_ws/install/rslidar_msg/include/rslidar_msg/rslidar_msg/msg/detail
[13.550s] -- Installing: /home/ph/ws/lidar_ws/install/rslidar_msg/include/rslidar_msg/rslidar_msg/msg/detail/rslidar_packet__rosidl_typesupport_fastrtps_c.h
[13.551s] -- Installing: /home/ph/ws/lidar_ws/install/rslidar_msg/include/rslidar_msg/rslidar_msg/msg/rosidl_typesupport_fastrtps_c__visibility_control.h
[13.551s] -- Installing: /home/ph/ws/lidar_ws/install/rslidar_msg/lib/librslidar_msg__rosidl_typesupport_fastrtps_c.so
[13.553s] -- Set non-toolchain portion of runtime path of "/home/ph/ws/lidar_ws/install/rslidar_msg/lib/librslidar_msg__rosidl_typesupport_fastrtps_c.so" to ""
[13.553s] -- Up-to-date: /home/ph/ws/lidar_ws/install/rslidar_msg/include/rslidar_msg/rslidar_msg
[13.553s] -- Up-to-date: /home/ph/ws/lidar_ws/install/rslidar_msg/include/rslidar_msg/rslidar_msg/msg
[13.553s] -- Installing: /home/ph/ws/lidar_ws/install/rslidar_msg/include/rslidar_msg/rslidar_msg/msg/rosidl_generator_cpp__visibility_control.hpp
[13.553s] -- Up-to-date: /home/ph/ws/lidar_ws/install/rslidar_msg/include/rslidar_msg/rslidar_msg/msg/detail
[13.554s] -- Installing: /home/ph/ws/lidar_ws/install/rslidar_msg/include/rslidar_msg/rslidar_msg/msg/detail/rslidar_packet__builder.hpp
[13.554s] -- Installing: /home/ph/ws/lidar_ws/install/rslidar_msg/include/rslidar_msg/rslidar_msg/msg/detail/rslidar_packet__traits.hpp
[13.555s] -- Installing: /home/ph/ws/lidar_ws/install/rslidar_msg/include/rslidar_msg/rslidar_msg/msg/detail/rslidar_packet__struct.hpp
[13.555s] -- Installing: /home/ph/ws/lidar_ws/install/rslidar_msg/include/rslidar_msg/rslidar_msg/msg/detail/rslidar_packet__type_support.hpp
[13.555s] -- Installing: /home/ph/ws/lidar_ws/install/rslidar_msg/include/rslidar_msg/rslidar_msg/msg/rslidar_packet.hpp
[13.556s] -- Up-to-date: /home/ph/ws/lidar_ws/install/rslidar_msg/include/rslidar_msg/rslidar_msg
[13.556s] -- Up-to-date: /home/ph/ws/lidar_ws/install/rslidar_msg/include/rslidar_msg/rslidar_msg/msg
[13.556s] -- Installing: /home/ph/ws/lidar_ws/install/rslidar_msg/include/rslidar_msg/rslidar_msg/msg/rosidl_typesupport_fastrtps_cpp__visibility_control.h
[13.557s] -- Up-to-date: /home/ph/ws/lidar_ws/install/rslidar_msg/include/rslidar_msg/rslidar_msg/msg/detail
[13.557s] -- Installing: /home/ph/ws/lidar_ws/install/rslidar_msg/include/rslidar_msg/rslidar_msg/msg/detail/rslidar_packet__rosidl_typesupport_fastrtps_cpp.hpp
[13.557s] -- Installing: /home/ph/ws/lidar_ws/install/rslidar_msg/include/rslidar_msg/rslidar_msg/msg/detail/dds_fastrtps
[13.558s] -- Installing: /home/ph/ws/lidar_ws/install/rslidar_msg/lib/librslidar_msg__rosidl_typesupport_fastrtps_cpp.so
[13.559s] -- Set non-toolchain portion of runtime path of "/home/ph/ws/lidar_ws/install/rslidar_msg/lib/librslidar_msg__rosidl_typesupport_fastrtps_cpp.so" to ""
[13.559s] -- Up-to-date: /home/ph/ws/lidar_ws/install/rslidar_msg/include/rslidar_msg/rslidar_msg
[13.560s] -- Up-to-date: /home/ph/ws/lidar_ws/install/rslidar_msg/include/rslidar_msg/rslidar_msg/msg
[13.560s] -- Installing: /home/ph/ws/lidar_ws/install/rslidar_msg/include/rslidar_msg/rslidar_msg/msg/rosidl_typesupport_introspection_c__visibility_control.h
[13.560s] -- Up-to-date: /home/ph/ws/lidar_ws/install/rslidar_msg/include/rslidar_msg/rslidar_msg/msg/detail
[13.560s] -- Installing: /home/ph/ws/lidar_ws/install/rslidar_msg/include/rslidar_msg/rslidar_msg/msg/detail/rslidar_packet__type_support.c
[13.561s] -- Installing: /home/ph/ws/lidar_ws/install/rslidar_msg/include/rslidar_msg/rslidar_msg/msg/detail/rslidar_packet__rosidl_typesupport_introspection_c.h
[13.561s] -- Installing: /home/ph/ws/lidar_ws/install/rslidar_msg/lib/librslidar_msg__rosidl_typesupport_introspection_c.so
[13.562s] -- Set non-toolchain portion of runtime path of "/home/ph/ws/lidar_ws/install/rslidar_msg/lib/librslidar_msg__rosidl_typesupport_introspection_c.so" to ""
[13.563s] -- Installing: /home/ph/ws/lidar_ws/install/rslidar_msg/lib/librslidar_msg__rosidl_typesupport_c.so
[13.564s] -- Set non-toolchain portion of runtime path of "/home/ph/ws/lidar_ws/install/rslidar_msg/lib/librslidar_msg__rosidl_typesupport_c.so" to ""
[13.564s] -- Up-to-date: /home/ph/ws/lidar_ws/install/rslidar_msg/include/rslidar_msg/rslidar_msg
[13.564s] -- Up-to-date: /home/ph/ws/lidar_ws/install/rslidar_msg/include/rslidar_msg/rslidar_msg/msg
[13.564s] -- Up-to-date: /home/ph/ws/lidar_ws/install/rslidar_msg/include/rslidar_msg/rslidar_msg/msg/detail
[13.565s] -- Installing: /home/ph/ws/lidar_ws/install/rslidar_msg/include/rslidar_msg/rslidar_msg/msg/detail/rslidar_packet__type_support.cpp
[13.565s] -- Installing: /home/ph/ws/lidar_ws/install/rslidar_msg/include/rslidar_msg/rslidar_msg/msg/detail/rslidar_packet__rosidl_typesupport_introspection_cpp.hpp
[13.565s] -- Installing: /home/ph/ws/lidar_ws/install/rslidar_msg/lib/librslidar_msg__rosidl_typesupport_introspection_cpp.so
[13.567s] -- Set non-toolchain portion of runtime path of "/home/ph/ws/lidar_ws/install/rslidar_msg/lib/librslidar_msg__rosidl_typesupport_introspection_cpp.so" to ""
[13.567s] -- Installing: /home/ph/ws/lidar_ws/install/rslidar_msg/lib/librslidar_msg__rosidl_typesupport_cpp.so
[13.568s] -- Set non-toolchain portion of runtime path of "/home/ph/ws/lidar_ws/install/rslidar_msg/lib/librslidar_msg__rosidl_typesupport_cpp.so" to ""
[13.568s] -- Installing: /home/ph/ws/lidar_ws/install/rslidar_msg/share/rslidar_msg/environment/pythonpath.sh
[13.569s] -- Installing: /home/ph/ws/lidar_ws/install/rslidar_msg/share/rslidar_msg/environment/pythonpath.dsv
[13.569s] -- Installing: /home/ph/ws/lidar_ws/install/rslidar_msg/local/lib/python3.10/dist-packages/rslidar_msg-0.0.0-py3.10.egg-info
[13.570s] -- Installing: /home/ph/ws/lidar_ws/install/rslidar_msg/local/lib/python3.10/dist-packages/rslidar_msg-0.0.0-py3.10.egg-info/top_level.txt
[13.570s] -- Installing: /home/ph/ws/lidar_ws/install/rslidar_msg/local/lib/python3.10/dist-packages/rslidar_msg-0.0.0-py3.10.egg-info/PKG-INFO
[13.571s] -- Installing: /home/ph/ws/lidar_ws/install/rslidar_msg/local/lib/python3.10/dist-packages/rslidar_msg-0.0.0-py3.10.egg-info/SOURCES.txt
[13.571s] -- Installing: /home/ph/ws/lidar_ws/install/rslidar_msg/local/lib/python3.10/dist-packages/rslidar_msg-0.0.0-py3.10.egg-info/dependency_links.txt
[13.571s] -- Installing: /home/ph/ws/lidar_ws/install/rslidar_msg/local/lib/python3.10/dist-packages/rslidar_msg
[13.572s] -- Installing: /home/ph/ws/lidar_ws/install/rslidar_msg/local/lib/python3.10/dist-packages/rslidar_msg/rslidar_msg_s__rosidl_typesupport_c.cpython-310-x86_64-linux-gnu.so
[13.572s] -- Installing: /home/ph/ws/lidar_ws/install/rslidar_msg/local/lib/python3.10/dist-packages/rslidar_msg/librslidar_msg__rosidl_generator_py.so
[13.573s] -- Installing: /home/ph/ws/lidar_ws/install/rslidar_msg/local/lib/python3.10/dist-packages/rslidar_msg/_rslidar_msg_s.ep.rosidl_typesupport_c.c
[13.573s] -- Installing: /home/ph/ws/lidar_ws/install/rslidar_msg/local/lib/python3.10/dist-packages/rslidar_msg/rslidar_msg_s__rosidl_typesupport_introspection_c.cpython-310-x86_64-linux-gnu.so
[13.574s] -- Installing: /home/ph/ws/lidar_ws/install/rslidar_msg/local/lib/python3.10/dist-packages/rslidar_msg/_rslidar_msg_s.ep.rosidl_typesupport_introspection_c.c
[13.574s] -- Installing: /home/ph/ws/lidar_ws/install/rslidar_msg/local/lib/python3.10/dist-packages/rslidar_msg/rslidar_msg_s__rosidl_typesupport_fastrtps_c.cpython-310-x86_64-linux-gnu.so
[13.575s] -- Installing: /home/ph/ws/lidar_ws/install/rslidar_msg/local/lib/python3.10/dist-packages/rslidar_msg/__init__.py
[13.575s] -- Installing: /home/ph/ws/lidar_ws/install/rslidar_msg/local/lib/python3.10/dist-packages/rslidar_msg/_rslidar_msg_s.ep.rosidl_typesupport_fastrtps_c.c
[13.575s] -- Installing: /home/ph/ws/lidar_ws/install/rslidar_msg/local/lib/python3.10/dist-packages/rslidar_msg/msg
[13.576s] -- Installing: /home/ph/ws/lidar_ws/install/rslidar_msg/local/lib/python3.10/dist-packages/rslidar_msg/msg/_rslidar_packet_s.c
[13.576s] -- Installing: /home/ph/ws/lidar_ws/install/rslidar_msg/local/lib/python3.10/dist-packages/rslidar_msg/msg/__init__.py
[13.577s] -- Installing: /home/ph/ws/lidar_ws/install/rslidar_msg/local/lib/python3.10/dist-packages/rslidar_msg/msg/_rslidar_packet.py
[13.672s] Listing '/home/ph/ws/lidar_ws/install/rslidar_msg/local/lib/python3.10/dist-packages/rslidar_msg'...
[13.672s] Compiling '/home/ph/ws/lidar_ws/install/rslidar_msg/local/lib/python3.10/dist-packages/rslidar_msg/__init__.py'...
[13.672s] Listing '/home/ph/ws/lidar_ws/install/rslidar_msg/local/lib/python3.10/dist-packages/rslidar_msg/msg'...
[13.672s] Compiling '/home/ph/ws/lidar_ws/install/rslidar_msg/local/lib/python3.10/dist-packages/rslidar_msg/msg/__init__.py'...
[13.673s] Compiling '/home/ph/ws/lidar_ws/install/rslidar_msg/local/lib/python3.10/dist-packages/rslidar_msg/msg/_rslidar_packet.py'...
[13.684s] -- Installing: /home/ph/ws/lidar_ws/install/rslidar_msg/local/lib/python3.10/dist-packages/rslidar_msg/rslidar_msg_s__rosidl_typesupport_fastrtps_c.cpython-310-x86_64-linux-gnu.so
[13.685s] -- Set non-toolchain portion of runtime path of "/home/ph/ws/lidar_ws/install/rslidar_msg/local/lib/python3.10/dist-packages/rslidar_msg/rslidar_msg_s__rosidl_typesupport_fastrtps_c.cpython-310-x86_64-linux-gnu.so" to ""
[13.686s] -- Installing: /home/ph/ws/lidar_ws/install/rslidar_msg/local/lib/python3.10/dist-packages/rslidar_msg/rslidar_msg_s__rosidl_typesupport_introspection_c.cpython-310-x86_64-linux-gnu.so
[13.687s] -- Set non-toolchain portion of runtime path of "/home/ph/ws/lidar_ws/install/rslidar_msg/local/lib/python3.10/dist-packages/rslidar_msg/rslidar_msg_s__rosidl_typesupport_introspection_c.cpython-310-x86_64-linux-gnu.so" to ""
[13.688s] -- Installing: /home/ph/ws/lidar_ws/install/rslidar_msg/local/lib/python3.10/dist-packages/rslidar_msg/rslidar_msg_s__rosidl_typesupport_c.cpython-310-x86_64-linux-gnu.so
[13.689s] -- Set non-toolchain portion of runtime path of "/home/ph/ws/lidar_ws/install/rslidar_msg/local/lib/python3.10/dist-packages/rslidar_msg/rslidar_msg_s__rosidl_typesupport_c.cpython-310-x86_64-linux-gnu.so" to ""
[13.689s] -- Installing: /home/ph/ws/lidar_ws/install/rslidar_msg/lib/librslidar_msg__rosidl_generator_py.so
[13.690s] -- Set non-toolchain portion of runtime path of "/home/ph/ws/lidar_ws/install/rslidar_msg/lib/librslidar_msg__rosidl_generator_py.so" to ""
[13.691s] -- Installing: /home/ph/ws/lidar_ws/install/rslidar_msg/share/rslidar_msg/msg/RslidarPacket.idl
[13.691s] -- Installing: /home/ph/ws/lidar_ws/install/rslidar_msg/share/rslidar_msg/msg/RslidarPacket.msg
[13.692s] -- Installing: /home/ph/ws/lidar_ws/install/rslidar_msg/share/ament_index/resource_index/package_run_dependencies/rslidar_msg
[13.692s] -- Installing: /home/ph/ws/lidar_ws/install/rslidar_msg/share/ament_index/resource_index/parent_prefix_path/rslidar_msg
[13.693s] -- Installing: /home/ph/ws/lidar_ws/install/rslidar_msg/share/rslidar_msg/environment/ament_prefix_path.sh
[13.693s] -- Installing: /home/ph/ws/lidar_ws/install/rslidar_msg/share/rslidar_msg/environment/ament_prefix_path.dsv
[13.694s] -- Installing: /home/ph/ws/lidar_ws/install/rslidar_msg/share/rslidar_msg/environment/path.sh
[13.694s] -- Installing: /home/ph/ws/lidar_ws/install/rslidar_msg/share/rslidar_msg/environment/path.dsv
[13.695s] -- Installing: /home/ph/ws/lidar_ws/install/rslidar_msg/share/rslidar_msg/local_setup.bash
[13.695s] -- Installing: /home/ph/ws/lidar_ws/install/rslidar_msg/share/rslidar_msg/local_setup.sh
[13.696s] -- Installing: /home/ph/ws/lidar_ws/install/rslidar_msg/share/rslidar_msg/local_setup.zsh
[13.696s] -- Installing: /home/ph/ws/lidar_ws/install/rslidar_msg/share/rslidar_msg/local_setup.dsv
[13.697s] -- Installing: /home/ph/ws/lidar_ws/install/rslidar_msg/share/rslidar_msg/package.dsv
[13.697s] -- Installing: /home/ph/ws/lidar_ws/install/rslidar_msg/share/ament_index/resource_index/packages/rslidar_msg
[13.698s] -- Installing: /home/ph/ws/lidar_ws/install/rslidar_msg/share/rslidar_msg/cmake/export_rslidar_msg__rosidl_generator_cExport.cmake
[13.699s] -- Installing: /home/ph/ws/lidar_ws/install/rslidar_msg/share/rslidar_msg/cmake/export_rslidar_msg__rosidl_generator_cExport-noconfig.cmake
[13.699s] -- Installing: /home/ph/ws/lidar_ws/install/rslidar_msg/share/rslidar_msg/cmake/export_rslidar_msg__rosidl_typesupport_fastrtps_cExport.cmake
[13.700s] -- Installing: /home/ph/ws/lidar_ws/install/rslidar_msg/share/rslidar_msg/cmake/export_rslidar_msg__rosidl_typesupport_fastrtps_cExport-noconfig.cmake
[13.700s] -- Installing: /home/ph/ws/lidar_ws/install/rslidar_msg/share/rslidar_msg/cmake/export_rslidar_msg__rosidl_generator_cppExport.cmake
[13.701s] -- Installing: /home/ph/ws/lidar_ws/install/rslidar_msg/share/rslidar_msg/cmake/export_rslidar_msg__rosidl_typesupport_fastrtps_cppExport.cmake
[13.701s] -- Installing: /home/ph/ws/lidar_ws/install/rslidar_msg/share/rslidar_msg/cmake/export_rslidar_msg__rosidl_typesupport_fastrtps_cppExport-noconfig.cmake
[13.702s] -- Installing: /home/ph/ws/lidar_ws/install/rslidar_msg/share/rslidar_msg/cmake/rslidar_msg__rosidl_typesupport_introspection_cExport.cmake
[13.702s] -- Installing: /home/ph/ws/lidar_ws/install/rslidar_msg/share/rslidar_msg/cmake/rslidar_msg__rosidl_typesupport_introspection_cExport-noconfig.cmake
[13.703s] -- Installing: /home/ph/ws/lidar_ws/install/rslidar_msg/share/rslidar_msg/cmake/rslidar_msg__rosidl_typesupport_cExport.cmake
[13.703s] -- Installing: /home/ph/ws/lidar_ws/install/rslidar_msg/share/rslidar_msg/cmake/rslidar_msg__rosidl_typesupport_cExport-noconfig.cmake
[13.704s] -- Installing: /home/ph/ws/lidar_ws/install/rslidar_msg/share/rslidar_msg/cmake/rslidar_msg__rosidl_typesupport_introspection_cppExport.cmake
[13.704s] -- Installing: /home/ph/ws/lidar_ws/install/rslidar_msg/share/rslidar_msg/cmake/rslidar_msg__rosidl_typesupport_introspection_cppExport-noconfig.cmake
[13.705s] -- Installing: /home/ph/ws/lidar_ws/install/rslidar_msg/share/rslidar_msg/cmake/rslidar_msg__rosidl_typesupport_cppExport.cmake
[13.705s] -- Installing: /home/ph/ws/lidar_ws/install/rslidar_msg/share/rslidar_msg/cmake/rslidar_msg__rosidl_typesupport_cppExport-noconfig.cmake
[13.706s] -- Installing: /home/ph/ws/lidar_ws/install/rslidar_msg/share/rslidar_msg/cmake/export_rslidar_msg__rosidl_generator_pyExport.cmake
[13.706s] -- Installing: /home/ph/ws/lidar_ws/install/rslidar_msg/share/rslidar_msg/cmake/export_rslidar_msg__rosidl_generator_pyExport-noconfig.cmake
[13.707s] -- Installing: /home/ph/ws/lidar_ws/install/rslidar_msg/share/rslidar_msg/cmake/rosidl_cmake-extras.cmake
[13.707s] -- Installing: /home/ph/ws/lidar_ws/install/rslidar_msg/share/rslidar_msg/cmake/ament_cmake_export_dependencies-extras.cmake
[13.708s] -- Installing: /home/ph/ws/lidar_ws/install/rslidar_msg/share/rslidar_msg/cmake/ament_cmake_export_include_directories-extras.cmake
[13.708s] -- Installing: /home/ph/ws/lidar_ws/install/rslidar_msg/share/rslidar_msg/cmake/ament_cmake_export_libraries-extras.cmake
[13.709s] -- Installing: /home/ph/ws/lidar_ws/install/rslidar_msg/share/rslidar_msg/cmake/ament_cmake_export_targets-extras.cmake
[13.709s] -- Installing: /home/ph/ws/lidar_ws/install/rslidar_msg/share/rslidar_msg/cmake/rosidl_cmake_export_typesupport_targets-extras.cmake
[13.710s] -- Installing: /home/ph/ws/lidar_ws/install/rslidar_msg/share/rslidar_msg/cmake/rosidl_cmake_export_typesupport_libraries-extras.cmake
[13.710s] -- Installing: /home/ph/ws/lidar_ws/install/rslidar_msg/share/rslidar_msg/cmake/rslidar_msgConfig.cmake
[13.711s] -- Installing: /home/ph/ws/lidar_ws/install/rslidar_msg/share/rslidar_msg/cmake/rslidar_msgConfig-version.cmake
[13.711s] -- Installing: /home/ph/ws/lidar_ws/install/rslidar_msg/share/rslidar_msg/package.xml
[13.716s] Invoked command in '/home/ph/ws/lidar_ws/build/rslidar_msg' returned '0': CMAKE_PREFIX_PATH=${CMAKE_PREFIX_PATH}:/home/ph/ws/lidar_ws/install/helios16p_cane_robot:/opt/ros/humble /usr/bin/cmake --install /home/ph/ws/lidar_ws/build/rslidar_msg
