[0.022s] Invoking command in '/home/ph/ros2_firstw/build/action_tutorials_cpp': CMAKE_PREFIX_PATH=/home/ph/ros2_firstw/install/action_tutorials_interfaces:/home/ph/ros2_firstw/install/action_tutorials_cpp:/home/ph/ros2_firstw/install/cpp_srvcli:/home/ph/ros2_firstw/install/cpp_pubsub:/home/ph/ros2_firstw/install/tutorial_interfaces:/home/ph/ros2_firstw/install/turtlesim:/home/ph/ros2_firstw/install/more_interfaces:/home/ph/ros2_firstw/install/firstpkg:/home/ph/ros2_firstw/install/cpp_parameters:/opt/ros/humble LD_LIBRARY_PATH=/home/ph/ros2_firstw/install/action_tutorials_interfaces/lib:/home/ph/ros2_firstw/install/action_tutorials_cpp/lib:/home/ph/ros2_firstw/install/tutorial_interfaces/lib:/home/ph/ros2_firstw/install/turtlesim/lib:/home/ph/ros2_firstw/install/more_interfaces/lib:/opt/ros/humble/opt/rviz_ogre_vendor/lib:/opt/ros/humble/lib/x86_64-linux-gnu:/opt/ros/humble/lib /usr/bin/cmake --build /home/ph/ros2_firstw/build/action_tutorials_cpp -- -j8 -l8
[0.106s] [35m[1mConsolidate compiler generated dependencies of target action_client[0m
[0.130s] [ 37%] [32mBuilding CXX object CMakeFiles/action_server.dir/src/fibonacci_action_server.cpp.o[0m
[0.130s] [ 37%] Built target fibonacci_action_client
[0.132s] [ 62%] Built target fibonacci_action_server
[0.134s] [ 75%] [32mBuilding CXX object CMakeFiles/action_client.dir/src/fibonacci_action_client.cpp.o[0m
[4.923s] [ 87%] [32m[1mLinking CXX shared library libaction_server.so[0m
[5.271s] [ 87%] Built target action_server
[5.421s] [100%] [32m[1mLinking CXX shared library libaction_client.so[0m
[5.675s] [100%] Built target action_client
[5.705s] Invoked command in '/home/ph/ros2_firstw/build/action_tutorials_cpp' returned '0': CMAKE_PREFIX_PATH=/home/ph/ros2_firstw/install/action_tutorials_interfaces:/home/ph/ros2_firstw/install/action_tutorials_cpp:/home/ph/ros2_firstw/install/cpp_srvcli:/home/ph/ros2_firstw/install/cpp_pubsub:/home/ph/ros2_firstw/install/tutorial_interfaces:/home/ph/ros2_firstw/install/turtlesim:/home/ph/ros2_firstw/install/more_interfaces:/home/ph/ros2_firstw/install/firstpkg:/home/ph/ros2_firstw/install/cpp_parameters:/opt/ros/humble LD_LIBRARY_PATH=/home/ph/ros2_firstw/install/action_tutorials_interfaces/lib:/home/ph/ros2_firstw/install/action_tutorials_cpp/lib:/home/ph/ros2_firstw/install/tutorial_interfaces/lib:/home/ph/ros2_firstw/install/turtlesim/lib:/home/ph/ros2_firstw/install/more_interfaces/lib:/opt/ros/humble/opt/rviz_ogre_vendor/lib:/opt/ros/humble/lib/x86_64-linux-gnu:/opt/ros/humble/lib /usr/bin/cmake --build /home/ph/ros2_firstw/build/action_tutorials_cpp -- -j8 -l8
[5.709s] Invoking command in '/home/ph/ros2_firstw/build/action_tutorials_cpp': CMAKE_PREFIX_PATH=/home/ph/ros2_firstw/install/action_tutorials_interfaces:/home/ph/ros2_firstw/install/action_tutorials_cpp:/home/ph/ros2_firstw/install/cpp_srvcli:/home/ph/ros2_firstw/install/cpp_pubsub:/home/ph/ros2_firstw/install/tutorial_interfaces:/home/ph/ros2_firstw/install/turtlesim:/home/ph/ros2_firstw/install/more_interfaces:/home/ph/ros2_firstw/install/firstpkg:/home/ph/ros2_firstw/install/cpp_parameters:/opt/ros/humble LD_LIBRARY_PATH=/home/ph/ros2_firstw/install/action_tutorials_interfaces/lib:/home/ph/ros2_firstw/install/action_tutorials_cpp/lib:/home/ph/ros2_firstw/install/tutorial_interfaces/lib:/home/ph/ros2_firstw/install/turtlesim/lib:/home/ph/ros2_firstw/install/more_interfaces/lib:/opt/ros/humble/opt/rviz_ogre_vendor/lib:/opt/ros/humble/lib/x86_64-linux-gnu:/opt/ros/humble/lib /usr/bin/cmake --install /home/ph/ros2_firstw/build/action_tutorials_cpp
[5.718s] -- Install configuration: ""
[5.719s] -- Up-to-date: /home/ph/ros2_firstw/install/action_tutorials_cpp/lib/action_tutorials_cpp/fibonacci_action_client
[5.719s] -- Installing: /home/ph/ros2_firstw/install/action_tutorials_cpp/lib/libaction_client.so
[5.722s] -- Set runtime path of "/home/ph/ros2_firstw/install/action_tutorials_cpp/lib/libaction_client.so" to ""
[5.722s] -- Up-to-date: /home/ph/ros2_firstw/install/action_tutorials_cpp/lib/action_tutorials_cpp/fibonacci_action_server
[5.722s] -- Installing: /home/ph/ros2_firstw/install/action_tutorials_cpp/lib/libaction_server.so
[5.725s] -- Set runtime path of "/home/ph/ros2_firstw/install/action_tutorials_cpp/lib/libaction_server.so" to ""
[5.725s] -- Up-to-date: /home/ph/ros2_firstw/install/action_tutorials_cpp/share/ament_index/resource_index/package_run_dependencies/action_tutorials_cpp
[5.725s] -- Up-to-date: /home/ph/ros2_firstw/install/action_tutorials_cpp/share/ament_index/resource_index/parent_prefix_path/action_tutorials_cpp
[5.725s] -- Up-to-date: /home/ph/ros2_firstw/install/action_tutorials_cpp/share/action_tutorials_cpp/environment/ament_prefix_path.sh
[5.725s] -- Up-to-date: /home/ph/ros2_firstw/install/action_tutorials_cpp/share/action_tutorials_cpp/environment/ament_prefix_path.dsv
[5.726s] -- Up-to-date: /home/ph/ros2_firstw/install/action_tutorials_cpp/share/action_tutorials_cpp/environment/path.sh
[5.726s] -- Up-to-date: /home/ph/ros2_firstw/install/action_tutorials_cpp/share/action_tutorials_cpp/environment/path.dsv
[5.726s] -- Up-to-date: /home/ph/ros2_firstw/install/action_tutorials_cpp/share/action_tutorials_cpp/local_setup.bash
[5.726s] -- Up-to-date: /home/ph/ros2_firstw/install/action_tutorials_cpp/share/action_tutorials_cpp/local_setup.sh
[5.726s] -- Up-to-date: /home/ph/ros2_firstw/install/action_tutorials_cpp/share/action_tutorials_cpp/local_setup.zsh
[5.726s] -- Up-to-date: /home/ph/ros2_firstw/install/action_tutorials_cpp/share/action_tutorials_cpp/local_setup.dsv
[5.726s] -- Installing: /home/ph/ros2_firstw/install/action_tutorials_cpp/share/action_tutorials_cpp/package.dsv
[5.726s] -- Up-to-date: /home/ph/ros2_firstw/install/action_tutorials_cpp/share/ament_index/resource_index/packages/action_tutorials_cpp
[5.727s] -- Up-to-date: /home/ph/ros2_firstw/install/action_tutorials_cpp/share/ament_index/resource_index/rclcpp_components/action_tutorials_cpp
[5.727s] -- Up-to-date: /home/ph/ros2_firstw/install/action_tutorials_cpp/share/action_tutorials_cpp/cmake/action_tutorials_cppConfig.cmake
[5.727s] -- Up-to-date: /home/ph/ros2_firstw/install/action_tutorials_cpp/share/action_tutorials_cpp/cmake/action_tutorials_cppConfig-version.cmake
[5.727s] -- Up-to-date: /home/ph/ros2_firstw/install/action_tutorials_cpp/share/action_tutorials_cpp/package.xml
[5.729s] Invoked command in '/home/ph/ros2_firstw/build/action_tutorials_cpp' returned '0': CMAKE_PREFIX_PATH=/home/ph/ros2_firstw/install/action_tutorials_interfaces:/home/ph/ros2_firstw/install/action_tutorials_cpp:/home/ph/ros2_firstw/install/cpp_srvcli:/home/ph/ros2_firstw/install/cpp_pubsub:/home/ph/ros2_firstw/install/tutorial_interfaces:/home/ph/ros2_firstw/install/turtlesim:/home/ph/ros2_firstw/install/more_interfaces:/home/ph/ros2_firstw/install/firstpkg:/home/ph/ros2_firstw/install/cpp_parameters:/opt/ros/humble LD_LIBRARY_PATH=/home/ph/ros2_firstw/install/action_tutorials_interfaces/lib:/home/ph/ros2_firstw/install/action_tutorials_cpp/lib:/home/ph/ros2_firstw/install/tutorial_interfaces/lib:/home/ph/ros2_firstw/install/turtlesim/lib:/home/ph/ros2_firstw/install/more_interfaces/lib:/opt/ros/humble/opt/rviz_ogre_vendor/lib:/opt/ros/humble/lib/x86_64-linux-gnu:/opt/ros/humble/lib /usr/bin/cmake --install /home/ph/ros2_firstw/build/action_tutorials_cpp
