[0.048s] Invoking command in '/home/ph/ros2_firstw/build/action_tutorials_interfaces': CMAKE_PREFIX_PATH=${CMAKE_PREFIX_PATH}:/opt/ros/humble /usr/bin/cmake --build /home/ph/ros2_firstw/build/action_tutorials_interfaces -- -j8 -l8
[0.191s] [  3%] Built target action_tutorials_interfaces__cpp
[0.222s] [ 12%] Built target action_tutorials_interfaces__rosidl_generator_c
[0.262s] [ 12%] Built target ament_cmake_python_copy_action_tutorials_interfaces
[0.322s] [ 22%] Built target action_tutorials_interfaces__rosidl_typesupport_fastrtps_cpp
[0.366s] [ 32%] Built target action_tutorials_interfaces__rosidl_typesupport_introspection_cpp
[0.367s] [ 41%] Built target action_tutorials_interfaces__rosidl_typesupport_fastrtps_c
[0.367s] [ 51%] Built target action_tutorials_interfaces__rosidl_typesupport_introspection_c
[0.389s] [ 70%] Built target action_tutorials_interfaces__rosidl_typesupport_c
[0.391s] [ 70%] Built target action_tutorials_interfaces__rosidl_typesupport_cpp
[0.461s] [ 70%] Built target action_tutorials_interfaces
[0.533s] [ 74%] Built target action_tutorials_interfaces__py
[0.597s] [ 80%] Built target action_tutorials_interfaces__rosidl_generator_py
[0.706s] [ 90%] Built target action_tutorials_interfaces__rosidl_typesupport_c__pyext
[0.709s] [ 93%] Built target action_tutorials_interfaces__rosidl_typesupport_introspection_c__pyext
[0.719s] [100%] Built target action_tutorials_interfaces__rosidl_typesupport_fastrtps_c__pyext
[0.928s] running egg_info
[0.929s] writing action_tutorials_interfaces.egg-info/PKG-INFO
[0.930s] writing dependency_links to action_tutorials_interfaces.egg-info/dependency_links.txt
[0.930s] writing top-level names to action_tutorials_interfaces.egg-info/top_level.txt
[0.938s] reading manifest file 'action_tutorials_interfaces.egg-info/SOURCES.txt'
[0.939s] writing manifest file 'action_tutorials_interfaces.egg-info/SOURCES.txt'
[1.009s] [100%] Built target ament_cmake_python_build_action_tutorials_interfaces_egg
[1.032s] Invoked command in '/home/ph/ros2_firstw/build/action_tutorials_interfaces' returned '0': CMAKE_PREFIX_PATH=${CMAKE_PREFIX_PATH}:/opt/ros/humble /usr/bin/cmake --build /home/ph/ros2_firstw/build/action_tutorials_interfaces -- -j8 -l8
[1.036s] Invoking command in '/home/ph/ros2_firstw/build/action_tutorials_interfaces': CMAKE_PREFIX_PATH=${CMAKE_PREFIX_PATH}:/opt/ros/humble /usr/bin/cmake --install /home/ph/ros2_firstw/build/action_tutorials_interfaces
[1.051s] -- Install configuration: ""
[1.052s] -- Up-to-date: /home/ph/ros2_firstw/install/action_tutorials_interfaces/share/ament_index/resource_index/rosidl_interfaces/action_tutorials_interfaces
[1.052s] -- Up-to-date: /home/ph/ros2_firstw/install/action_tutorials_interfaces/include/action_tutorials_interfaces/action_tutorials_interfaces
[1.052s] -- Up-to-date: /home/ph/ros2_firstw/install/action_tutorials_interfaces/include/action_tutorials_interfaces/action_tutorials_interfaces/action
[1.052s] -- Up-to-date: /home/ph/ros2_firstw/install/action_tutorials_interfaces/include/action_tutorials_interfaces/action_tutorials_interfaces/action/fibonacci.h
[1.052s] -- Up-to-date: /home/ph/ros2_firstw/install/action_tutorials_interfaces/include/action_tutorials_interfaces/action_tutorials_interfaces/action/detail
[1.053s] -- Up-to-date: /home/ph/ros2_firstw/install/action_tutorials_interfaces/include/action_tutorials_interfaces/action_tutorials_interfaces/action/detail/fibonacci__functions.h
[1.053s] -- Up-to-date: /home/ph/ros2_firstw/install/action_tutorials_interfaces/include/action_tutorials_interfaces/action_tutorials_interfaces/action/detail/fibonacci__type_support.h
[1.053s] -- Up-to-date: /home/ph/ros2_firstw/install/action_tutorials_interfaces/include/action_tutorials_interfaces/action_tutorials_interfaces/action/detail/fibonacci__functions.c
[1.053s] -- Up-to-date: /home/ph/ros2_firstw/install/action_tutorials_interfaces/include/action_tutorials_interfaces/action_tutorials_interfaces/action/detail/fibonacci__struct.h
[1.053s] -- Up-to-date: /home/ph/ros2_firstw/install/action_tutorials_interfaces/include/action_tutorials_interfaces/action_tutorials_interfaces/msg
[1.053s] -- Up-to-date: /home/ph/ros2_firstw/install/action_tutorials_interfaces/include/action_tutorials_interfaces/action_tutorials_interfaces/msg/rosidl_generator_c__visibility_control.h
[1.053s] -- Up-to-date: /home/ph/ros2_firstw/install/action_tutorials_interfaces/share/action_tutorials_interfaces/environment/library_path.sh
[1.054s] -- Up-to-date: /home/ph/ros2_firstw/install/action_tutorials_interfaces/share/action_tutorials_interfaces/environment/library_path.dsv
[1.054s] -- Up-to-date: /home/ph/ros2_firstw/install/action_tutorials_interfaces/lib/libaction_tutorials_interfaces__rosidl_generator_c.so
[1.054s] -- Up-to-date: /home/ph/ros2_firstw/install/action_tutorials_interfaces/include/action_tutorials_interfaces/action_tutorials_interfaces
[1.055s] -- Up-to-date: /home/ph/ros2_firstw/install/action_tutorials_interfaces/include/action_tutorials_interfaces/action_tutorials_interfaces/action
[1.055s] -- Up-to-date: /home/ph/ros2_firstw/install/action_tutorials_interfaces/include/action_tutorials_interfaces/action_tutorials_interfaces/action/detail
[1.055s] -- Up-to-date: /home/ph/ros2_firstw/install/action_tutorials_interfaces/include/action_tutorials_interfaces/action_tutorials_interfaces/action/detail/fibonacci__rosidl_typesupport_fastrtps_c.h
[1.055s] -- Up-to-date: /home/ph/ros2_firstw/install/action_tutorials_interfaces/include/action_tutorials_interfaces/action_tutorials_interfaces/msg
[1.055s] -- Up-to-date: /home/ph/ros2_firstw/install/action_tutorials_interfaces/include/action_tutorials_interfaces/action_tutorials_interfaces/msg/rosidl_typesupport_fastrtps_c__visibility_control.h
[1.059s] -- Up-to-date: /home/ph/ros2_firstw/install/action_tutorials_interfaces/lib/libaction_tutorials_interfaces__rosidl_typesupport_fastrtps_c.so
[1.059s] -- Up-to-date: /home/ph/ros2_firstw/install/action_tutorials_interfaces/include/action_tutorials_interfaces/action_tutorials_interfaces
[1.059s] -- Up-to-date: /home/ph/ros2_firstw/install/action_tutorials_interfaces/include/action_tutorials_interfaces/action_tutorials_interfaces/action
[1.059s] -- Up-to-date: /home/ph/ros2_firstw/install/action_tutorials_interfaces/include/action_tutorials_interfaces/action_tutorials_interfaces/action/detail
[1.059s] -- Up-to-date: /home/ph/ros2_firstw/install/action_tutorials_interfaces/include/action_tutorials_interfaces/action_tutorials_interfaces/action/detail/fibonacci__rosidl_typesupport_introspection_c.h
[1.059s] -- Up-to-date: /home/ph/ros2_firstw/install/action_tutorials_interfaces/include/action_tutorials_interfaces/action_tutorials_interfaces/action/detail/fibonacci__type_support.c
[1.060s] -- Up-to-date: /home/ph/ros2_firstw/install/action_tutorials_interfaces/include/action_tutorials_interfaces/action_tutorials_interfaces/msg
[1.060s] -- Up-to-date: /home/ph/ros2_firstw/install/action_tutorials_interfaces/include/action_tutorials_interfaces/action_tutorials_interfaces/msg/rosidl_typesupport_introspection_c__visibility_control.h
[1.060s] -- Up-to-date: /home/ph/ros2_firstw/install/action_tutorials_interfaces/lib/libaction_tutorials_interfaces__rosidl_typesupport_introspection_c.so
[1.062s] -- Up-to-date: /home/ph/ros2_firstw/install/action_tutorials_interfaces/lib/libaction_tutorials_interfaces__rosidl_typesupport_c.so
[1.062s] -- Up-to-date: /home/ph/ros2_firstw/install/action_tutorials_interfaces/include/action_tutorials_interfaces/action_tutorials_interfaces
[1.062s] -- Up-to-date: /home/ph/ros2_firstw/install/action_tutorials_interfaces/include/action_tutorials_interfaces/action_tutorials_interfaces/action
[1.062s] -- Up-to-date: /home/ph/ros2_firstw/install/action_tutorials_interfaces/include/action_tutorials_interfaces/action_tutorials_interfaces/action/fibonacci.hpp
[1.062s] -- Up-to-date: /home/ph/ros2_firstw/install/action_tutorials_interfaces/include/action_tutorials_interfaces/action_tutorials_interfaces/action/detail
[1.062s] -- Up-to-date: /home/ph/ros2_firstw/install/action_tutorials_interfaces/include/action_tutorials_interfaces/action_tutorials_interfaces/action/detail/fibonacci__struct.hpp
[1.064s] -- Up-to-date: /home/ph/ros2_firstw/install/action_tutorials_interfaces/include/action_tutorials_interfaces/action_tutorials_interfaces/action/detail/fibonacci__builder.hpp
[1.064s] -- Up-to-date: /home/ph/ros2_firstw/install/action_tutorials_interfaces/include/action_tutorials_interfaces/action_tutorials_interfaces/action/detail/fibonacci__type_support.hpp
[1.064s] -- Up-to-date: /home/ph/ros2_firstw/install/action_tutorials_interfaces/include/action_tutorials_interfaces/action_tutorials_interfaces/action/detail/fibonacci__traits.hpp
[1.064s] -- Up-to-date: /home/ph/ros2_firstw/install/action_tutorials_interfaces/include/action_tutorials_interfaces/action_tutorials_interfaces/msg
[1.064s] -- Up-to-date: /home/ph/ros2_firstw/install/action_tutorials_interfaces/include/action_tutorials_interfaces/action_tutorials_interfaces/msg/rosidl_generator_cpp__visibility_control.hpp
[1.065s] -- Up-to-date: /home/ph/ros2_firstw/install/action_tutorials_interfaces/include/action_tutorials_interfaces/action_tutorials_interfaces
[1.065s] -- Up-to-date: /home/ph/ros2_firstw/install/action_tutorials_interfaces/include/action_tutorials_interfaces/action_tutorials_interfaces/action
[1.065s] -- Up-to-date: /home/ph/ros2_firstw/install/action_tutorials_interfaces/include/action_tutorials_interfaces/action_tutorials_interfaces/action/detail
[1.065s] -- Up-to-date: /home/ph/ros2_firstw/install/action_tutorials_interfaces/include/action_tutorials_interfaces/action_tutorials_interfaces/action/detail/dds_fastrtps
[1.065s] -- Up-to-date: /home/ph/ros2_firstw/install/action_tutorials_interfaces/include/action_tutorials_interfaces/action_tutorials_interfaces/action/detail/fibonacci__rosidl_typesupport_fastrtps_cpp.hpp
[1.066s] -- Up-to-date: /home/ph/ros2_firstw/install/action_tutorials_interfaces/include/action_tutorials_interfaces/action_tutorials_interfaces/msg
[1.066s] -- Up-to-date: /home/ph/ros2_firstw/install/action_tutorials_interfaces/include/action_tutorials_interfaces/action_tutorials_interfaces/msg/rosidl_typesupport_fastrtps_cpp__visibility_control.h
[1.066s] -- Up-to-date: /home/ph/ros2_firstw/install/action_tutorials_interfaces/lib/libaction_tutorials_interfaces__rosidl_typesupport_fastrtps_cpp.so
[1.066s] -- Up-to-date: /home/ph/ros2_firstw/install/action_tutorials_interfaces/include/action_tutorials_interfaces/action_tutorials_interfaces
[1.067s] -- Up-to-date: /home/ph/ros2_firstw/install/action_tutorials_interfaces/include/action_tutorials_interfaces/action_tutorials_interfaces/action
[1.067s] -- Up-to-date: /home/ph/ros2_firstw/install/action_tutorials_interfaces/include/action_tutorials_interfaces/action_tutorials_interfaces/action/detail
[1.067s] -- Up-to-date: /home/ph/ros2_firstw/install/action_tutorials_interfaces/include/action_tutorials_interfaces/action_tutorials_interfaces/action/detail/fibonacci__rosidl_typesupport_introspection_cpp.hpp
[1.068s] -- Up-to-date: /home/ph/ros2_firstw/install/action_tutorials_interfaces/include/action_tutorials_interfaces/action_tutorials_interfaces/action/detail/fibonacci__type_support.cpp
[1.071s] -- Up-to-date: /home/ph/ros2_firstw/install/action_tutorials_interfaces/lib/libaction_tutorials_interfaces__rosidl_typesupport_introspection_cpp.so
[1.071s] -- Up-to-date: /home/ph/ros2_firstw/install/action_tutorials_interfaces/lib/libaction_tutorials_interfaces__rosidl_typesupport_cpp.so
[1.072s] -- Up-to-date: /home/ph/ros2_firstw/install/action_tutorials_interfaces/share/action_tutorials_interfaces/environment/pythonpath.sh
[1.072s] -- Up-to-date: /home/ph/ros2_firstw/install/action_tutorials_interfaces/share/action_tutorials_interfaces/environment/pythonpath.dsv
[1.072s] -- Up-to-date: /home/ph/ros2_firstw/install/action_tutorials_interfaces/local/lib/python3.10/dist-packages/action_tutorials_interfaces-0.0.0-py3.10.egg-info
[1.072s] -- Installing: /home/ph/ros2_firstw/install/action_tutorials_interfaces/local/lib/python3.10/dist-packages/action_tutorials_interfaces-0.0.0-py3.10.egg-info/top_level.txt
[1.072s] -- Installing: /home/ph/ros2_firstw/install/action_tutorials_interfaces/local/lib/python3.10/dist-packages/action_tutorials_interfaces-0.0.0-py3.10.egg-info/PKG-INFO
[1.073s] -- Installing: /home/ph/ros2_firstw/install/action_tutorials_interfaces/local/lib/python3.10/dist-packages/action_tutorials_interfaces-0.0.0-py3.10.egg-info/SOURCES.txt
[1.073s] -- Installing: /home/ph/ros2_firstw/install/action_tutorials_interfaces/local/lib/python3.10/dist-packages/action_tutorials_interfaces-0.0.0-py3.10.egg-info/dependency_links.txt
[1.073s] -- Up-to-date: /home/ph/ros2_firstw/install/action_tutorials_interfaces/local/lib/python3.10/dist-packages/action_tutorials_interfaces
[1.073s] -- Up-to-date: /home/ph/ros2_firstw/install/action_tutorials_interfaces/local/lib/python3.10/dist-packages/action_tutorials_interfaces/action_tutorials_interfaces_s__rosidl_typesupport_introspection_c.cpython-310-x86_64-linux-gnu.so
[1.073s] -- Up-to-date: /home/ph/ros2_firstw/install/action_tutorials_interfaces/local/lib/python3.10/dist-packages/action_tutorials_interfaces/action
[1.074s] -- Up-to-date: /home/ph/ros2_firstw/install/action_tutorials_interfaces/local/lib/python3.10/dist-packages/action_tutorials_interfaces/action/_fibonacci.py
[1.074s] -- Up-to-date: /home/ph/ros2_firstw/install/action_tutorials_interfaces/local/lib/python3.10/dist-packages/action_tutorials_interfaces/action/_fibonacci_s.c
[1.074s] -- Up-to-date: /home/ph/ros2_firstw/install/action_tutorials_interfaces/local/lib/python3.10/dist-packages/action_tutorials_interfaces/action/__init__.py
[1.074s] -- Up-to-date: /home/ph/ros2_firstw/install/action_tutorials_interfaces/local/lib/python3.10/dist-packages/action_tutorials_interfaces/action_tutorials_interfaces_s__rosidl_typesupport_c.cpython-310-x86_64-linux-gnu.so
[1.075s] -- Up-to-date: /home/ph/ros2_firstw/install/action_tutorials_interfaces/local/lib/python3.10/dist-packages/action_tutorials_interfaces/_action_tutorials_interfaces_s.ep.rosidl_typesupport_c.c
[1.075s] -- Up-to-date: /home/ph/ros2_firstw/install/action_tutorials_interfaces/local/lib/python3.10/dist-packages/action_tutorials_interfaces/libaction_tutorials_interfaces__rosidl_generator_py.so
[1.075s] -- Up-to-date: /home/ph/ros2_firstw/install/action_tutorials_interfaces/local/lib/python3.10/dist-packages/action_tutorials_interfaces/action_tutorials_interfaces_s__rosidl_typesupport_fastrtps_c.cpython-310-x86_64-linux-gnu.so
[1.075s] -- Up-to-date: /home/ph/ros2_firstw/install/action_tutorials_interfaces/local/lib/python3.10/dist-packages/action_tutorials_interfaces/__init__.py
[1.075s] -- Up-to-date: /home/ph/ros2_firstw/install/action_tutorials_interfaces/local/lib/python3.10/dist-packages/action_tutorials_interfaces/_action_tutorials_interfaces_s.ep.rosidl_typesupport_introspection_c.c
[1.075s] -- Up-to-date: /home/ph/ros2_firstw/install/action_tutorials_interfaces/local/lib/python3.10/dist-packages/action_tutorials_interfaces/_action_tutorials_interfaces_s.ep.rosidl_typesupport_fastrtps_c.c
[1.155s] Listing '/home/ph/ros2_firstw/install/action_tutorials_interfaces/local/lib/python3.10/dist-packages/action_tutorials_interfaces'...
[1.155s] Listing '/home/ph/ros2_firstw/install/action_tutorials_interfaces/local/lib/python3.10/dist-packages/action_tutorials_interfaces/action'...
[1.167s] -- Up-to-date: /home/ph/ros2_firstw/install/action_tutorials_interfaces/local/lib/python3.10/dist-packages/action_tutorials_interfaces/action_tutorials_interfaces_s__rosidl_typesupport_fastrtps_c.cpython-310-x86_64-linux-gnu.so
[1.170s] -- Up-to-date: /home/ph/ros2_firstw/install/action_tutorials_interfaces/local/lib/python3.10/dist-packages/action_tutorials_interfaces/action_tutorials_interfaces_s__rosidl_typesupport_introspection_c.cpython-310-x86_64-linux-gnu.so
[1.174s] -- Up-to-date: /home/ph/ros2_firstw/install/action_tutorials_interfaces/local/lib/python3.10/dist-packages/action_tutorials_interfaces/action_tutorials_interfaces_s__rosidl_typesupport_c.cpython-310-x86_64-linux-gnu.so
[1.176s] -- Up-to-date: /home/ph/ros2_firstw/install/action_tutorials_interfaces/lib/libaction_tutorials_interfaces__rosidl_generator_py.so
[1.178s] -- Up-to-date: /home/ph/ros2_firstw/install/action_tutorials_interfaces/share/action_tutorials_interfaces/action/Fibonacci.idl
[1.178s] -- Up-to-date: /home/ph/ros2_firstw/install/action_tutorials_interfaces/share/action_tutorials_interfaces/action/Fibonacci.action
[1.179s] -- Up-to-date: /home/ph/ros2_firstw/install/action_tutorials_interfaces/share/ament_index/resource_index/package_run_dependencies/action_tutorials_interfaces
[1.179s] -- Up-to-date: /home/ph/ros2_firstw/install/action_tutorials_interfaces/share/ament_index/resource_index/parent_prefix_path/action_tutorials_interfaces
[1.180s] -- Up-to-date: /home/ph/ros2_firstw/install/action_tutorials_interfaces/share/action_tutorials_interfaces/environment/ament_prefix_path.sh
[1.180s] -- Up-to-date: /home/ph/ros2_firstw/install/action_tutorials_interfaces/share/action_tutorials_interfaces/environment/ament_prefix_path.dsv
[1.181s] -- Up-to-date: /home/ph/ros2_firstw/install/action_tutorials_interfaces/share/action_tutorials_interfaces/environment/path.sh
[1.181s] -- Up-to-date: /home/ph/ros2_firstw/install/action_tutorials_interfaces/share/action_tutorials_interfaces/environment/path.dsv
[1.181s] -- Up-to-date: /home/ph/ros2_firstw/install/action_tutorials_interfaces/share/action_tutorials_interfaces/local_setup.bash
[1.182s] -- Up-to-date: /home/ph/ros2_firstw/install/action_tutorials_interfaces/share/action_tutorials_interfaces/local_setup.sh
[1.182s] -- Up-to-date: /home/ph/ros2_firstw/install/action_tutorials_interfaces/share/action_tutorials_interfaces/local_setup.zsh
[1.183s] -- Up-to-date: /home/ph/ros2_firstw/install/action_tutorials_interfaces/share/action_tutorials_interfaces/local_setup.dsv
[1.183s] -- Installing: /home/ph/ros2_firstw/install/action_tutorials_interfaces/share/action_tutorials_interfaces/package.dsv
[1.183s] -- Up-to-date: /home/ph/ros2_firstw/install/action_tutorials_interfaces/share/ament_index/resource_index/packages/action_tutorials_interfaces
[1.185s] -- Up-to-date: /home/ph/ros2_firstw/install/action_tutorials_interfaces/share/action_tutorials_interfaces/cmake/export_action_tutorials_interfaces__rosidl_generator_cExport.cmake
[1.185s] -- Up-to-date: /home/ph/ros2_firstw/install/action_tutorials_interfaces/share/action_tutorials_interfaces/cmake/export_action_tutorials_interfaces__rosidl_generator_cExport-noconfig.cmake
[1.186s] -- Up-to-date: /home/ph/ros2_firstw/install/action_tutorials_interfaces/share/action_tutorials_interfaces/cmake/export_action_tutorials_interfaces__rosidl_typesupport_fastrtps_cExport.cmake
[1.186s] -- Up-to-date: /home/ph/ros2_firstw/install/action_tutorials_interfaces/share/action_tutorials_interfaces/cmake/export_action_tutorials_interfaces__rosidl_typesupport_fastrtps_cExport-noconfig.cmake
[1.186s] -- Up-to-date: /home/ph/ros2_firstw/install/action_tutorials_interfaces/share/action_tutorials_interfaces/cmake/action_tutorials_interfaces__rosidl_typesupport_introspection_cExport.cmake
[1.187s] -- Up-to-date: /home/ph/ros2_firstw/install/action_tutorials_interfaces/share/action_tutorials_interfaces/cmake/action_tutorials_interfaces__rosidl_typesupport_introspection_cExport-noconfig.cmake
[1.187s] -- Up-to-date: /home/ph/ros2_firstw/install/action_tutorials_interfaces/share/action_tutorials_interfaces/cmake/action_tutorials_interfaces__rosidl_typesupport_cExport.cmake
[1.188s] -- Up-to-date: /home/ph/ros2_firstw/install/action_tutorials_interfaces/share/action_tutorials_interfaces/cmake/action_tutorials_interfaces__rosidl_typesupport_cExport-noconfig.cmake
[1.191s] -- Up-to-date: /home/ph/ros2_firstw/install/action_tutorials_interfaces/share/action_tutorials_interfaces/cmake/export_action_tutorials_interfaces__rosidl_generator_cppExport.cmake
[1.197s] -- Up-to-date: /home/ph/ros2_firstw/install/action_tutorials_interfaces/share/action_tutorials_interfaces/cmake/export_action_tutorials_interfaces__rosidl_typesupport_fastrtps_cppExport.cmake
[1.198s] -- Up-to-date: /home/ph/ros2_firstw/install/action_tutorials_interfaces/share/action_tutorials_interfaces/cmake/export_action_tutorials_interfaces__rosidl_typesupport_fastrtps_cppExport-noconfig.cmake
[1.199s] -- Up-to-date: /home/ph/ros2_firstw/install/action_tutorials_interfaces/share/action_tutorials_interfaces/cmake/action_tutorials_interfaces__rosidl_typesupport_introspection_cppExport.cmake
[1.199s] -- Up-to-date: /home/ph/ros2_firstw/install/action_tutorials_interfaces/share/action_tutorials_interfaces/cmake/action_tutorials_interfaces__rosidl_typesupport_introspection_cppExport-noconfig.cmake
[1.219s] -- Up-to-date: /home/ph/ros2_firstw/install/action_tutorials_interfaces/share/action_tutorials_interfaces/cmake/action_tutorials_interfaces__rosidl_typesupport_cppExport.cmake
[1.220s] -- Up-to-date: /home/ph/ros2_firstw/install/action_tutorials_interfaces/share/action_tutorials_interfaces/cmake/action_tutorials_interfaces__rosidl_typesupport_cppExport-noconfig.cmake
[1.220s] -- Up-to-date: /home/ph/ros2_firstw/install/action_tutorials_interfaces/share/action_tutorials_interfaces/cmake/export_action_tutorials_interfaces__rosidl_generator_pyExport.cmake
[1.220s] -- Up-to-date: /home/ph/ros2_firstw/install/action_tutorials_interfaces/share/action_tutorials_interfaces/cmake/export_action_tutorials_interfaces__rosidl_generator_pyExport-noconfig.cmake
[1.220s] -- Up-to-date: /home/ph/ros2_firstw/install/action_tutorials_interfaces/share/action_tutorials_interfaces/cmake/rosidl_cmake-extras.cmake
[1.220s] -- Up-to-date: /home/ph/ros2_firstw/install/action_tutorials_interfaces/share/action_tutorials_interfaces/cmake/ament_cmake_export_dependencies-extras.cmake
[1.220s] -- Up-to-date: /home/ph/ros2_firstw/install/action_tutorials_interfaces/share/action_tutorials_interfaces/cmake/ament_cmake_export_include_directories-extras.cmake
[1.220s] -- Up-to-date: /home/ph/ros2_firstw/install/action_tutorials_interfaces/share/action_tutorials_interfaces/cmake/ament_cmake_export_libraries-extras.cmake
[1.220s] -- Up-to-date: /home/ph/ros2_firstw/install/action_tutorials_interfaces/share/action_tutorials_interfaces/cmake/ament_cmake_export_targets-extras.cmake
[1.221s] -- Up-to-date: /home/ph/ros2_firstw/install/action_tutorials_interfaces/share/action_tutorials_interfaces/cmake/rosidl_cmake_export_typesupport_targets-extras.cmake
[1.221s] -- Up-to-date: /home/ph/ros2_firstw/install/action_tutorials_interfaces/share/action_tutorials_interfaces/cmake/rosidl_cmake_export_typesupport_libraries-extras.cmake
[1.221s] -- Up-to-date: /home/ph/ros2_firstw/install/action_tutorials_interfaces/share/action_tutorials_interfaces/cmake/action_tutorials_interfacesConfig.cmake
[1.221s] -- Up-to-date: /home/ph/ros2_firstw/install/action_tutorials_interfaces/share/action_tutorials_interfaces/cmake/action_tutorials_interfacesConfig-version.cmake
[1.221s] -- Up-to-date: /home/ph/ros2_firstw/install/action_tutorials_interfaces/share/action_tutorials_interfaces/package.xml
[1.256s] Invoked command in '/home/ph/ros2_firstw/build/action_tutorials_interfaces' returned '0': CMAKE_PREFIX_PATH=${CMAKE_PREFIX_PATH}:/opt/ros/humble /usr/bin/cmake --install /home/ph/ros2_firstw/build/action_tutorials_interfaces
