[0.015s] Invoking command in '/home/ph/ros2_firstw/build/turtlesim': CMAKE_PREFIX_PATH=${CMAKE_PREFIX_PATH}:/home/ph/ros2_firstw/src/install/launch_testing_examples:/home/ph/ros2_firstw/src/install/examples_rclpy_pointcloud_publisher:/home/ph/ros2_firstw/src/install/examples_rclpy_minimal_subscriber:/home/ph/ros2_firstw/src/install/examples_rclpy_minimal_service:/home/ph/ros2_firstw/src/install/examples_rclpy_minimal_publisher:/home/ph/ros2_firstw/src/install/examples_rclpy_minimal_client:/home/ph/ros2_firstw/src/install/examples_rclpy_minimal_action_server:/home/ph/ros2_firstw/src/install/examples_rclpy_minimal_action_client:/home/ph/ros2_firstw/src/install/examples_rclpy_guard_conditions:/home/ph/ros2_firstw/src/install/examples_rclpy_executors:/opt/ros/humble /usr/bin/cmake --build /home/ph/ros2_firstw/build/turtlesim -- -j8 -l8
[0.100s] [35m[1mConsolidate compiler generated dependencies of target turtlesim__rosidl_generator_c[0m
[0.117s] [  1%] Built target turtlesim__cpp
[0.119s] [ 11%] Built target turtlesim__rosidl_generator_c
[0.139s] [ 11%] Built target ament_cmake_python_copy_turtlesim
[0.139s] [35m[1mConsolidate compiler generated dependencies of target turtlesim__rosidl_typesupport_c[0m
[0.139s] [35m[1mConsolidate compiler generated dependencies of target turtlesim__rosidl_typesupport_introspection_c[0m
[0.139s] [35m[1mConsolidate compiler generated dependencies of target turtlesim__rosidl_typesupport_cpp[0m
[0.140s] [35m[1mConsolidate compiler generated dependencies of target turtlesim__rosidl_typesupport_introspection_cpp[0m
[0.140s] [35m[1mConsolidate compiler generated dependencies of target turtlesim__rosidl_typesupport_fastrtps_cpp[0m
[0.141s] [35m[1mConsolidate compiler generated dependencies of target turtlesim__rosidl_typesupport_fastrtps_c[0m
[0.161s] [ 27%] Built target turtlesim__rosidl_typesupport_introspection_c
[0.162s] [ 31%] Built target turtlesim__rosidl_typesupport_c
[0.170s] [ 50%] Built target turtlesim__rosidl_typesupport_cpp
[0.170s] [ 51%] Built target turtlesim__rosidl_typesupport_introspection_cpp
[0.173s] [ 63%] Built target turtlesim__rosidl_typesupport_fastrtps_cpp
[0.174s] [ 71%] Built target turtlesim__rosidl_typesupport_fastrtps_c
[0.188s] [35m[1mConsolidate compiler generated dependencies of target mimic[0m
[0.189s] [35m[1mConsolidate compiler generated dependencies of target turtle_teleop_key[0m
[0.191s] [35m[1mConsolidate compiler generated dependencies of target draw_square[0m
[0.192s] [35m[1mConsolidate compiler generated dependencies of target turtlesim_node[0m
[0.210s] [ 71%] Built target turtlesim
[0.218s] [ 73%] Built target mimic
[0.220s] [ 75%] Built target turtle_teleop_key
[0.223s] [ 77%] Built target draw_square
[0.236s] [ 78%] [32mBuilding CXX object CMakeFiles/turtlesim_node.dir/src/turtle_frame.cpp.o[0m
[0.244s] [ 79%] Built target turtlesim__py
[0.263s] [35m[1mConsolidate compiler generated dependencies of target turtlesim__rosidl_generator_py[0m
[0.291s] [ 88%] Built target turtlesim__rosidl_generator_py
[0.307s] [35m[1mConsolidate compiler generated dependencies of target turtlesim__rosidl_typesupport_introspection_c__pyext[0m
[0.310s] [35m[1mConsolidate compiler generated dependencies of target turtlesim__rosidl_typesupport_c__pyext[0m
[0.311s] [35m[1mConsolidate compiler generated dependencies of target turtlesim__rosidl_typesupport_fastrtps_c__pyext[0m
[0.329s] [ 90%] Built target turtlesim__rosidl_typesupport_introspection_c__pyext
[0.332s] [ 92%] Built target turtlesim__rosidl_typesupport_fastrtps_c__pyext
[0.332s] [ 94%] Built target turtlesim__rosidl_typesupport_c__pyext
[0.501s] running egg_info
[0.502s] writing turtlesim.egg-info/PKG-INFO
[0.502s] writing dependency_links to turtlesim.egg-info/dependency_links.txt
[0.503s] writing top-level names to turtlesim.egg-info/top_level.txt
[0.506s] reading manifest file 'turtlesim.egg-info/SOURCES.txt'
[0.506s] writing manifest file 'turtlesim.egg-info/SOURCES.txt'
[0.550s] [ 94%] Built target ament_cmake_python_build_turtlesim_egg
[13.406s] [ 95%] [32m[1mLinking CXX executable turtlesim_node[0m
[16.340s] [100%] Built target turtlesim_node
[16.359s] Invoked command in '/home/ph/ros2_firstw/build/turtlesim' returned '0': CMAKE_PREFIX_PATH=${CMAKE_PREFIX_PATH}:/home/ph/ros2_firstw/src/install/launch_testing_examples:/home/ph/ros2_firstw/src/install/examples_rclpy_pointcloud_publisher:/home/ph/ros2_firstw/src/install/examples_rclpy_minimal_subscriber:/home/ph/ros2_firstw/src/install/examples_rclpy_minimal_service:/home/ph/ros2_firstw/src/install/examples_rclpy_minimal_publisher:/home/ph/ros2_firstw/src/install/examples_rclpy_minimal_client:/home/ph/ros2_firstw/src/install/examples_rclpy_minimal_action_server:/home/ph/ros2_firstw/src/install/examples_rclpy_minimal_action_client:/home/ph/ros2_firstw/src/install/examples_rclpy_guard_conditions:/home/ph/ros2_firstw/src/install/examples_rclpy_executors:/opt/ros/humble /usr/bin/cmake --build /home/ph/ros2_firstw/build/turtlesim -- -j8 -l8
[16.383s] Invoking command in '/home/ph/ros2_firstw/build/turtlesim': CMAKE_PREFIX_PATH=${CMAKE_PREFIX_PATH}:/home/ph/ros2_firstw/src/install/launch_testing_examples:/home/ph/ros2_firstw/src/install/examples_rclpy_pointcloud_publisher:/home/ph/ros2_firstw/src/install/examples_rclpy_minimal_subscriber:/home/ph/ros2_firstw/src/install/examples_rclpy_minimal_service:/home/ph/ros2_firstw/src/install/examples_rclpy_minimal_publisher:/home/ph/ros2_firstw/src/install/examples_rclpy_minimal_client:/home/ph/ros2_firstw/src/install/examples_rclpy_minimal_action_server:/home/ph/ros2_firstw/src/install/examples_rclpy_minimal_action_client:/home/ph/ros2_firstw/src/install/examples_rclpy_guard_conditions:/home/ph/ros2_firstw/src/install/examples_rclpy_executors:/opt/ros/humble /usr/bin/cmake --install /home/ph/ros2_firstw/build/turtlesim
[16.394s] -- Install configuration: ""
[16.394s] -- Up-to-date: /home/ph/ros2_firstw/install/turtlesim/share/ament_index/resource_index/rosidl_interfaces/turtlesim
[16.395s] -- Up-to-date: /home/ph/ros2_firstw/install/turtlesim/include/turtlesim/turtlesim
[16.395s] -- Up-to-date: /home/ph/ros2_firstw/install/turtlesim/include/turtlesim/turtlesim/action
[16.396s] -- Up-to-date: /home/ph/ros2_firstw/install/turtlesim/include/turtlesim/turtlesim/action/rotate_absolute.h
[16.396s] -- Up-to-date: /home/ph/ros2_firstw/install/turtlesim/include/turtlesim/turtlesim/action/detail
[16.396s] -- Up-to-date: /home/ph/ros2_firstw/install/turtlesim/include/turtlesim/turtlesim/action/detail/rotate_absolute__struct.h
[16.396s] -- Up-to-date: /home/ph/ros2_firstw/install/turtlesim/include/turtlesim/turtlesim/action/detail/rotate_absolute__functions.h
[16.397s] -- Up-to-date: /home/ph/ros2_firstw/install/turtlesim/include/turtlesim/turtlesim/action/detail/rotate_absolute__functions.c
[16.397s] -- Up-to-date: /home/ph/ros2_firstw/install/turtlesim/include/turtlesim/turtlesim/action/detail/rotate_absolute__type_support.h
[16.397s] -- Up-to-date: /home/ph/ros2_firstw/install/turtlesim/include/turtlesim/turtlesim/srv
[16.398s] -- Up-to-date: /home/ph/ros2_firstw/install/turtlesim/include/turtlesim/turtlesim/srv/kill.h
[16.398s] -- Up-to-date: /home/ph/ros2_firstw/install/turtlesim/include/turtlesim/turtlesim/srv/teleport_relative.h
[16.399s] -- Up-to-date: /home/ph/ros2_firstw/install/turtlesim/include/turtlesim/turtlesim/srv/detail
[16.399s] -- Up-to-date: /home/ph/ros2_firstw/install/turtlesim/include/turtlesim/turtlesim/srv/detail/kill__struct.h
[16.399s] -- Up-to-date: /home/ph/ros2_firstw/install/turtlesim/include/turtlesim/turtlesim/srv/detail/set_pen__functions.h
[16.399s] -- Up-to-date: /home/ph/ros2_firstw/install/turtlesim/include/turtlesim/turtlesim/srv/detail/teleport_relative__type_support.h
[16.400s] -- Up-to-date: /home/ph/ros2_firstw/install/turtlesim/include/turtlesim/turtlesim/srv/detail/spawn__struct.h
[16.400s] -- Up-to-date: /home/ph/ros2_firstw/install/turtlesim/include/turtlesim/turtlesim/srv/detail/teleport_absolute__functions.h
[16.400s] -- Up-to-date: /home/ph/ros2_firstw/install/turtlesim/include/turtlesim/turtlesim/srv/detail/teleport_absolute__type_support.h
[16.400s] -- Up-to-date: /home/ph/ros2_firstw/install/turtlesim/include/turtlesim/turtlesim/srv/detail/kill__type_support.h
[16.401s] -- Up-to-date: /home/ph/ros2_firstw/install/turtlesim/include/turtlesim/turtlesim/srv/detail/spawn__functions.c
[16.401s] -- Up-to-date: /home/ph/ros2_firstw/install/turtlesim/include/turtlesim/turtlesim/srv/detail/set_pen__struct.h
[16.401s] -- Up-to-date: /home/ph/ros2_firstw/install/turtlesim/include/turtlesim/turtlesim/srv/detail/teleport_relative__struct.h
[16.401s] -- Up-to-date: /home/ph/ros2_firstw/install/turtlesim/include/turtlesim/turtlesim/srv/detail/teleport_absolute__functions.c
[16.402s] -- Up-to-date: /home/ph/ros2_firstw/install/turtlesim/include/turtlesim/turtlesim/srv/detail/spawn__functions.h
[16.402s] -- Up-to-date: /home/ph/ros2_firstw/install/turtlesim/include/turtlesim/turtlesim/srv/detail/kill__functions.c
[16.402s] -- Up-to-date: /home/ph/ros2_firstw/install/turtlesim/include/turtlesim/turtlesim/srv/detail/spawn__type_support.h
[16.402s] -- Up-to-date: /home/ph/ros2_firstw/install/turtlesim/include/turtlesim/turtlesim/srv/detail/set_pen__type_support.h
[16.402s] -- Up-to-date: /home/ph/ros2_firstw/install/turtlesim/include/turtlesim/turtlesim/srv/detail/teleport_relative__functions.h
[16.403s] -- Up-to-date: /home/ph/ros2_firstw/install/turtlesim/include/turtlesim/turtlesim/srv/detail/kill__functions.h
[16.403s] -- Up-to-date: /home/ph/ros2_firstw/install/turtlesim/include/turtlesim/turtlesim/srv/detail/set_pen__functions.c
[16.403s] -- Up-to-date: /home/ph/ros2_firstw/install/turtlesim/include/turtlesim/turtlesim/srv/detail/teleport_absolute__struct.h
[16.403s] -- Up-to-date: /home/ph/ros2_firstw/install/turtlesim/include/turtlesim/turtlesim/srv/detail/teleport_relative__functions.c
[16.403s] -- Up-to-date: /home/ph/ros2_firstw/install/turtlesim/include/turtlesim/turtlesim/srv/teleport_absolute.h
[16.404s] -- Up-to-date: /home/ph/ros2_firstw/install/turtlesim/include/turtlesim/turtlesim/srv/spawn.h
[16.404s] -- Up-to-date: /home/ph/ros2_firstw/install/turtlesim/include/turtlesim/turtlesim/srv/set_pen.h
[16.404s] -- Up-to-date: /home/ph/ros2_firstw/install/turtlesim/include/turtlesim/turtlesim/msg
[16.404s] -- Up-to-date: /home/ph/ros2_firstw/install/turtlesim/include/turtlesim/turtlesim/msg/color.h
[16.404s] -- Up-to-date: /home/ph/ros2_firstw/install/turtlesim/include/turtlesim/turtlesim/msg/rosidl_generator_c__visibility_control.h
[16.405s] -- Up-to-date: /home/ph/ros2_firstw/install/turtlesim/include/turtlesim/turtlesim/msg/detail
[16.405s] -- Up-to-date: /home/ph/ros2_firstw/install/turtlesim/include/turtlesim/turtlesim/msg/detail/pose__functions.c
[16.405s] -- Up-to-date: /home/ph/ros2_firstw/install/turtlesim/include/turtlesim/turtlesim/msg/detail/pose__functions.h
[16.405s] -- Up-to-date: /home/ph/ros2_firstw/install/turtlesim/include/turtlesim/turtlesim/msg/detail/color__functions.c
[16.406s] -- Up-to-date: /home/ph/ros2_firstw/install/turtlesim/include/turtlesim/turtlesim/msg/detail/color__struct.h
[16.406s] -- Up-to-date: /home/ph/ros2_firstw/install/turtlesim/include/turtlesim/turtlesim/msg/detail/pose__struct.h
[16.406s] -- Up-to-date: /home/ph/ros2_firstw/install/turtlesim/include/turtlesim/turtlesim/msg/detail/color__type_support.h
[16.406s] -- Up-to-date: /home/ph/ros2_firstw/install/turtlesim/include/turtlesim/turtlesim/msg/detail/pose__type_support.h
[16.406s] -- Up-to-date: /home/ph/ros2_firstw/install/turtlesim/include/turtlesim/turtlesim/msg/detail/color__functions.h
[16.406s] -- Up-to-date: /home/ph/ros2_firstw/install/turtlesim/include/turtlesim/turtlesim/msg/pose.h
[16.407s] -- Up-to-date: /home/ph/ros2_firstw/install/turtlesim/share/turtlesim/environment/library_path.sh
[16.407s] -- Up-to-date: /home/ph/ros2_firstw/install/turtlesim/share/turtlesim/environment/library_path.dsv
[16.407s] -- Up-to-date: /home/ph/ros2_firstw/install/turtlesim/lib/libturtlesim__rosidl_generator_c.so
[16.407s] -- Up-to-date: /home/ph/ros2_firstw/install/turtlesim/include/turtlesim/turtlesim
[16.407s] -- Up-to-date: /home/ph/ros2_firstw/install/turtlesim/include/turtlesim/turtlesim/action
[16.408s] -- Up-to-date: /home/ph/ros2_firstw/install/turtlesim/include/turtlesim/turtlesim/action/detail
[16.408s] -- Up-to-date: /home/ph/ros2_firstw/install/turtlesim/include/turtlesim/turtlesim/action/detail/rotate_absolute__rosidl_typesupport_fastrtps_c.h
[16.408s] -- Up-to-date: /home/ph/ros2_firstw/install/turtlesim/include/turtlesim/turtlesim/srv
[16.408s] -- Up-to-date: /home/ph/ros2_firstw/install/turtlesim/include/turtlesim/turtlesim/srv/detail
[16.408s] -- Up-to-date: /home/ph/ros2_firstw/install/turtlesim/include/turtlesim/turtlesim/srv/detail/set_pen__rosidl_typesupport_fastrtps_c.h
[16.408s] -- Up-to-date: /home/ph/ros2_firstw/install/turtlesim/include/turtlesim/turtlesim/srv/detail/kill__rosidl_typesupport_fastrtps_c.h
[16.409s] -- Up-to-date: /home/ph/ros2_firstw/install/turtlesim/include/turtlesim/turtlesim/srv/detail/teleport_relative__rosidl_typesupport_fastrtps_c.h
[16.409s] -- Up-to-date: /home/ph/ros2_firstw/install/turtlesim/include/turtlesim/turtlesim/srv/detail/spawn__rosidl_typesupport_fastrtps_c.h
[16.409s] -- Up-to-date: /home/ph/ros2_firstw/install/turtlesim/include/turtlesim/turtlesim/srv/detail/teleport_absolute__rosidl_typesupport_fastrtps_c.h
[16.409s] -- Up-to-date: /home/ph/ros2_firstw/install/turtlesim/include/turtlesim/turtlesim/msg
[16.409s] -- Up-to-date: /home/ph/ros2_firstw/install/turtlesim/include/turtlesim/turtlesim/msg/detail
[16.409s] -- Up-to-date: /home/ph/ros2_firstw/install/turtlesim/include/turtlesim/turtlesim/msg/detail/color__rosidl_typesupport_fastrtps_c.h
[16.410s] -- Up-to-date: /home/ph/ros2_firstw/install/turtlesim/include/turtlesim/turtlesim/msg/detail/pose__rosidl_typesupport_fastrtps_c.h
[16.410s] -- Up-to-date: /home/ph/ros2_firstw/install/turtlesim/include/turtlesim/turtlesim/msg/rosidl_typesupport_fastrtps_c__visibility_control.h
[16.410s] -- Up-to-date: /home/ph/ros2_firstw/install/turtlesim/lib/libturtlesim__rosidl_typesupport_fastrtps_c.so
[16.410s] -- Up-to-date: /home/ph/ros2_firstw/install/turtlesim/include/turtlesim/turtlesim
[16.410s] -- Up-to-date: /home/ph/ros2_firstw/install/turtlesim/include/turtlesim/turtlesim/action
[16.410s] -- Up-to-date: /home/ph/ros2_firstw/install/turtlesim/include/turtlesim/turtlesim/action/rotate_absolute.hpp
[16.411s] -- Up-to-date: /home/ph/ros2_firstw/install/turtlesim/include/turtlesim/turtlesim/action/detail
[16.411s] -- Up-to-date: /home/ph/ros2_firstw/install/turtlesim/include/turtlesim/turtlesim/action/detail/rotate_absolute__type_support.hpp
[16.411s] -- Up-to-date: /home/ph/ros2_firstw/install/turtlesim/include/turtlesim/turtlesim/action/detail/rotate_absolute__struct.hpp
[16.411s] -- Up-to-date: /home/ph/ros2_firstw/install/turtlesim/include/turtlesim/turtlesim/action/detail/rotate_absolute__builder.hpp
[16.411s] -- Up-to-date: /home/ph/ros2_firstw/install/turtlesim/include/turtlesim/turtlesim/action/detail/rotate_absolute__traits.hpp
[16.412s] -- Up-to-date: /home/ph/ros2_firstw/install/turtlesim/include/turtlesim/turtlesim/srv
[16.412s] -- Up-to-date: /home/ph/ros2_firstw/install/turtlesim/include/turtlesim/turtlesim/srv/spawn.hpp
[16.412s] -- Up-to-date: /home/ph/ros2_firstw/install/turtlesim/include/turtlesim/turtlesim/srv/teleport_relative.hpp
[16.412s] -- Up-to-date: /home/ph/ros2_firstw/install/turtlesim/include/turtlesim/turtlesim/srv/kill.hpp
[16.412s] -- Up-to-date: /home/ph/ros2_firstw/install/turtlesim/include/turtlesim/turtlesim/srv/detail
[16.412s] -- Up-to-date: /home/ph/ros2_firstw/install/turtlesim/include/turtlesim/turtlesim/srv/detail/teleport_absolute__struct.hpp
[16.413s] -- Up-to-date: /home/ph/ros2_firstw/install/turtlesim/include/turtlesim/turtlesim/srv/detail/set_pen__type_support.hpp
[16.413s] -- Up-to-date: /home/ph/ros2_firstw/install/turtlesim/include/turtlesim/turtlesim/srv/detail/spawn__builder.hpp
[16.413s] -- Up-to-date: /home/ph/ros2_firstw/install/turtlesim/include/turtlesim/turtlesim/srv/detail/teleport_absolute__type_support.hpp
[16.413s] -- Up-to-date: /home/ph/ros2_firstw/install/turtlesim/include/turtlesim/turtlesim/srv/detail/set_pen__traits.hpp
[16.413s] -- Up-to-date: /home/ph/ros2_firstw/install/turtlesim/include/turtlesim/turtlesim/srv/detail/teleport_relative__type_support.hpp
[16.414s] -- Up-to-date: /home/ph/ros2_firstw/install/turtlesim/include/turtlesim/turtlesim/srv/detail/spawn__type_support.hpp
[16.414s] -- Up-to-date: /home/ph/ros2_firstw/install/turtlesim/include/turtlesim/turtlesim/srv/detail/teleport_absolute__builder.hpp
[16.414s] -- Up-to-date: /home/ph/ros2_firstw/install/turtlesim/include/turtlesim/turtlesim/srv/detail/kill__type_support.hpp
[16.414s] -- Up-to-date: /home/ph/ros2_firstw/install/turtlesim/include/turtlesim/turtlesim/srv/detail/teleport_absolute__traits.hpp
[16.414s] -- Up-to-date: /home/ph/ros2_firstw/install/turtlesim/include/turtlesim/turtlesim/srv/detail/set_pen__builder.hpp
[16.414s] -- Up-to-date: /home/ph/ros2_firstw/install/turtlesim/include/turtlesim/turtlesim/srv/detail/teleport_relative__struct.hpp
[16.415s] -- Up-to-date: /home/ph/ros2_firstw/install/turtlesim/include/turtlesim/turtlesim/srv/detail/teleport_relative__builder.hpp
[16.415s] -- Up-to-date: /home/ph/ros2_firstw/install/turtlesim/include/turtlesim/turtlesim/srv/detail/kill__builder.hpp
[16.415s] -- Up-to-date: /home/ph/ros2_firstw/install/turtlesim/include/turtlesim/turtlesim/srv/detail/kill__traits.hpp
[16.415s] -- Up-to-date: /home/ph/ros2_firstw/install/turtlesim/include/turtlesim/turtlesim/srv/detail/set_pen__struct.hpp
[16.415s] -- Up-to-date: /home/ph/ros2_firstw/install/turtlesim/include/turtlesim/turtlesim/srv/detail/kill__struct.hpp
[16.415s] -- Up-to-date: /home/ph/ros2_firstw/install/turtlesim/include/turtlesim/turtlesim/srv/detail/teleport_relative__traits.hpp
[16.416s] -- Up-to-date: /home/ph/ros2_firstw/install/turtlesim/include/turtlesim/turtlesim/srv/detail/spawn__struct.hpp
[16.416s] -- Up-to-date: /home/ph/ros2_firstw/install/turtlesim/include/turtlesim/turtlesim/srv/detail/spawn__traits.hpp
[16.416s] -- Up-to-date: /home/ph/ros2_firstw/install/turtlesim/include/turtlesim/turtlesim/srv/set_pen.hpp
[16.416s] -- Up-to-date: /home/ph/ros2_firstw/install/turtlesim/include/turtlesim/turtlesim/srv/teleport_absolute.hpp
[16.416s] -- Up-to-date: /home/ph/ros2_firstw/install/turtlesim/include/turtlesim/turtlesim/msg
[16.417s] -- Up-to-date: /home/ph/ros2_firstw/install/turtlesim/include/turtlesim/turtlesim/msg/rosidl_generator_cpp__visibility_control.hpp
[16.417s] -- Up-to-date: /home/ph/ros2_firstw/install/turtlesim/include/turtlesim/turtlesim/msg/pose.hpp
[16.417s] -- Up-to-date: /home/ph/ros2_firstw/install/turtlesim/include/turtlesim/turtlesim/msg/detail
[16.417s] -- Up-to-date: /home/ph/ros2_firstw/install/turtlesim/include/turtlesim/turtlesim/msg/detail/pose__struct.hpp
[16.417s] -- Up-to-date: /home/ph/ros2_firstw/install/turtlesim/include/turtlesim/turtlesim/msg/detail/pose__traits.hpp
[16.417s] -- Up-to-date: /home/ph/ros2_firstw/install/turtlesim/include/turtlesim/turtlesim/msg/detail/color__type_support.hpp
[16.418s] -- Up-to-date: /home/ph/ros2_firstw/install/turtlesim/include/turtlesim/turtlesim/msg/detail/color__builder.hpp
[16.418s] -- Up-to-date: /home/ph/ros2_firstw/install/turtlesim/include/turtlesim/turtlesim/msg/detail/pose__type_support.hpp
[16.418s] -- Up-to-date: /home/ph/ros2_firstw/install/turtlesim/include/turtlesim/turtlesim/msg/detail/color__traits.hpp
[16.418s] -- Up-to-date: /home/ph/ros2_firstw/install/turtlesim/include/turtlesim/turtlesim/msg/detail/pose__builder.hpp
[16.418s] -- Up-to-date: /home/ph/ros2_firstw/install/turtlesim/include/turtlesim/turtlesim/msg/detail/color__struct.hpp
[16.419s] -- Up-to-date: /home/ph/ros2_firstw/install/turtlesim/include/turtlesim/turtlesim/msg/color.hpp
[16.419s] -- Up-to-date: /home/ph/ros2_firstw/install/turtlesim/include/turtlesim/turtlesim
[16.419s] -- Up-to-date: /home/ph/ros2_firstw/install/turtlesim/include/turtlesim/turtlesim/action
[16.419s] -- Up-to-date: /home/ph/ros2_firstw/install/turtlesim/include/turtlesim/turtlesim/action/detail
[16.419s] -- Up-to-date: /home/ph/ros2_firstw/install/turtlesim/include/turtlesim/turtlesim/action/detail/rotate_absolute__rosidl_typesupport_fastrtps_cpp.hpp
[16.420s] -- Up-to-date: /home/ph/ros2_firstw/install/turtlesim/include/turtlesim/turtlesim/action/detail/dds_fastrtps
[16.420s] -- Up-to-date: /home/ph/ros2_firstw/install/turtlesim/include/turtlesim/turtlesim/srv
[16.420s] -- Up-to-date: /home/ph/ros2_firstw/install/turtlesim/include/turtlesim/turtlesim/srv/detail
[16.420s] -- Up-to-date: /home/ph/ros2_firstw/install/turtlesim/include/turtlesim/turtlesim/srv/detail/spawn__rosidl_typesupport_fastrtps_cpp.hpp
[16.420s] -- Up-to-date: /home/ph/ros2_firstw/install/turtlesim/include/turtlesim/turtlesim/srv/detail/set_pen__rosidl_typesupport_fastrtps_cpp.hpp
[16.420s] -- Up-to-date: /home/ph/ros2_firstw/install/turtlesim/include/turtlesim/turtlesim/srv/detail/kill__rosidl_typesupport_fastrtps_cpp.hpp
[16.421s] -- Up-to-date: /home/ph/ros2_firstw/install/turtlesim/include/turtlesim/turtlesim/srv/detail/dds_fastrtps
[16.421s] -- Up-to-date: /home/ph/ros2_firstw/install/turtlesim/include/turtlesim/turtlesim/srv/detail/teleport_relative__rosidl_typesupport_fastrtps_cpp.hpp
[16.421s] -- Up-to-date: /home/ph/ros2_firstw/install/turtlesim/include/turtlesim/turtlesim/srv/detail/teleport_absolute__rosidl_typesupport_fastrtps_cpp.hpp
[16.421s] -- Up-to-date: /home/ph/ros2_firstw/install/turtlesim/include/turtlesim/turtlesim/msg
[16.421s] -- Up-to-date: /home/ph/ros2_firstw/install/turtlesim/include/turtlesim/turtlesim/msg/rosidl_typesupport_fastrtps_cpp__visibility_control.h
[16.421s] -- Up-to-date: /home/ph/ros2_firstw/install/turtlesim/include/turtlesim/turtlesim/msg/detail
[16.421s] -- Up-to-date: /home/ph/ros2_firstw/install/turtlesim/include/turtlesim/turtlesim/msg/detail/color__rosidl_typesupport_fastrtps_cpp.hpp
[16.422s] -- Up-to-date: /home/ph/ros2_firstw/install/turtlesim/include/turtlesim/turtlesim/msg/detail/dds_fastrtps
[16.422s] -- Up-to-date: /home/ph/ros2_firstw/install/turtlesim/include/turtlesim/turtlesim/msg/detail/pose__rosidl_typesupport_fastrtps_cpp.hpp
[16.422s] -- Up-to-date: /home/ph/ros2_firstw/install/turtlesim/lib/libturtlesim__rosidl_typesupport_fastrtps_cpp.so
[16.422s] -- Up-to-date: /home/ph/ros2_firstw/install/turtlesim/include/turtlesim/turtlesim
[16.422s] -- Up-to-date: /home/ph/ros2_firstw/install/turtlesim/include/turtlesim/turtlesim/action
[16.422s] -- Up-to-date: /home/ph/ros2_firstw/install/turtlesim/include/turtlesim/turtlesim/action/detail
[16.423s] -- Up-to-date: /home/ph/ros2_firstw/install/turtlesim/include/turtlesim/turtlesim/action/detail/rotate_absolute__type_support.c
[16.423s] -- Up-to-date: /home/ph/ros2_firstw/install/turtlesim/include/turtlesim/turtlesim/action/detail/rotate_absolute__rosidl_typesupport_introspection_c.h
[16.423s] -- Up-to-date: /home/ph/ros2_firstw/install/turtlesim/include/turtlesim/turtlesim/srv
[16.423s] -- Up-to-date: /home/ph/ros2_firstw/install/turtlesim/include/turtlesim/turtlesim/srv/detail
[16.423s] -- Up-to-date: /home/ph/ros2_firstw/install/turtlesim/include/turtlesim/turtlesim/srv/detail/spawn__type_support.c
[16.423s] -- Up-to-date: /home/ph/ros2_firstw/install/turtlesim/include/turtlesim/turtlesim/srv/detail/set_pen__rosidl_typesupport_introspection_c.h
[16.424s] -- Up-to-date: /home/ph/ros2_firstw/install/turtlesim/include/turtlesim/turtlesim/srv/detail/teleport_relative__type_support.c
[16.424s] -- Up-to-date: /home/ph/ros2_firstw/install/turtlesim/include/turtlesim/turtlesim/srv/detail/teleport_absolute__type_support.c
[16.424s] -- Up-to-date: /home/ph/ros2_firstw/install/turtlesim/include/turtlesim/turtlesim/srv/detail/spawn__rosidl_typesupport_introspection_c.h
[16.424s] -- Up-to-date: /home/ph/ros2_firstw/install/turtlesim/include/turtlesim/turtlesim/srv/detail/set_pen__type_support.c
[16.424s] -- Up-to-date: /home/ph/ros2_firstw/install/turtlesim/include/turtlesim/turtlesim/srv/detail/kill__rosidl_typesupport_introspection_c.h
[16.425s] -- Up-to-date: /home/ph/ros2_firstw/install/turtlesim/include/turtlesim/turtlesim/srv/detail/teleport_relative__rosidl_typesupport_introspection_c.h
[16.425s] -- Up-to-date: /home/ph/ros2_firstw/install/turtlesim/include/turtlesim/turtlesim/srv/detail/teleport_absolute__rosidl_typesupport_introspection_c.h
[16.425s] -- Up-to-date: /home/ph/ros2_firstw/install/turtlesim/include/turtlesim/turtlesim/srv/detail/kill__type_support.c
[16.425s] -- Up-to-date: /home/ph/ros2_firstw/install/turtlesim/include/turtlesim/turtlesim/msg
[16.425s] -- Up-to-date: /home/ph/ros2_firstw/install/turtlesim/include/turtlesim/turtlesim/msg/rosidl_typesupport_introspection_c__visibility_control.h
[16.425s] -- Up-to-date: /home/ph/ros2_firstw/install/turtlesim/include/turtlesim/turtlesim/msg/detail
[16.426s] -- Up-to-date: /home/ph/ros2_firstw/install/turtlesim/include/turtlesim/turtlesim/msg/detail/color__rosidl_typesupport_introspection_c.h
[16.426s] -- Up-to-date: /home/ph/ros2_firstw/install/turtlesim/include/turtlesim/turtlesim/msg/detail/pose__type_support.c
[16.426s] -- Up-to-date: /home/ph/ros2_firstw/install/turtlesim/include/turtlesim/turtlesim/msg/detail/pose__rosidl_typesupport_introspection_c.h
[16.426s] -- Up-to-date: /home/ph/ros2_firstw/install/turtlesim/include/turtlesim/turtlesim/msg/detail/color__type_support.c
[16.426s] -- Up-to-date: /home/ph/ros2_firstw/install/turtlesim/lib/libturtlesim__rosidl_typesupport_introspection_c.so
[16.426s] -- Up-to-date: /home/ph/ros2_firstw/install/turtlesim/lib/libturtlesim__rosidl_typesupport_c.so
[16.426s] -- Up-to-date: /home/ph/ros2_firstw/install/turtlesim/include/turtlesim/turtlesim
[16.427s] -- Up-to-date: /home/ph/ros2_firstw/install/turtlesim/include/turtlesim/turtlesim/action
[16.427s] -- Up-to-date: /home/ph/ros2_firstw/install/turtlesim/include/turtlesim/turtlesim/action/detail
[16.427s] -- Up-to-date: /home/ph/ros2_firstw/install/turtlesim/include/turtlesim/turtlesim/action/detail/rotate_absolute__type_support.cpp
[16.427s] -- Up-to-date: /home/ph/ros2_firstw/install/turtlesim/include/turtlesim/turtlesim/action/detail/rotate_absolute__rosidl_typesupport_introspection_cpp.hpp
[16.427s] -- Up-to-date: /home/ph/ros2_firstw/install/turtlesim/include/turtlesim/turtlesim/srv
[16.427s] -- Up-to-date: /home/ph/ros2_firstw/install/turtlesim/include/turtlesim/turtlesim/srv/detail
[16.428s] -- Up-to-date: /home/ph/ros2_firstw/install/turtlesim/include/turtlesim/turtlesim/srv/detail/teleport_absolute__rosidl_typesupport_introspection_cpp.hpp
[16.428s] -- Up-to-date: /home/ph/ros2_firstw/install/turtlesim/include/turtlesim/turtlesim/srv/detail/kill__type_support.cpp
[16.428s] -- Up-to-date: /home/ph/ros2_firstw/install/turtlesim/include/turtlesim/turtlesim/srv/detail/teleport_absolute__type_support.cpp
[16.428s] -- Up-to-date: /home/ph/ros2_firstw/install/turtlesim/include/turtlesim/turtlesim/srv/detail/spawn__type_support.cpp
[16.428s] -- Up-to-date: /home/ph/ros2_firstw/install/turtlesim/include/turtlesim/turtlesim/srv/detail/teleport_relative__rosidl_typesupport_introspection_cpp.hpp
[16.428s] -- Up-to-date: /home/ph/ros2_firstw/install/turtlesim/include/turtlesim/turtlesim/srv/detail/set_pen__type_support.cpp
[16.429s] -- Up-to-date: /home/ph/ros2_firstw/install/turtlesim/include/turtlesim/turtlesim/srv/detail/set_pen__rosidl_typesupport_introspection_cpp.hpp
[16.429s] -- Up-to-date: /home/ph/ros2_firstw/install/turtlesim/include/turtlesim/turtlesim/srv/detail/kill__rosidl_typesupport_introspection_cpp.hpp
[16.429s] -- Up-to-date: /home/ph/ros2_firstw/install/turtlesim/include/turtlesim/turtlesim/srv/detail/teleport_relative__type_support.cpp
[16.429s] -- Up-to-date: /home/ph/ros2_firstw/install/turtlesim/include/turtlesim/turtlesim/srv/detail/spawn__rosidl_typesupport_introspection_cpp.hpp
[16.429s] -- Up-to-date: /home/ph/ros2_firstw/install/turtlesim/include/turtlesim/turtlesim/msg
[16.429s] -- Up-to-date: /home/ph/ros2_firstw/install/turtlesim/include/turtlesim/turtlesim/msg/detail
[16.429s] -- Up-to-date: /home/ph/ros2_firstw/install/turtlesim/include/turtlesim/turtlesim/msg/detail/pose__rosidl_typesupport_introspection_cpp.hpp
[16.430s] -- Up-to-date: /home/ph/ros2_firstw/install/turtlesim/include/turtlesim/turtlesim/msg/detail/color__rosidl_typesupport_introspection_cpp.hpp
[16.430s] -- Up-to-date: /home/ph/ros2_firstw/install/turtlesim/include/turtlesim/turtlesim/msg/detail/pose__type_support.cpp
[16.430s] -- Up-to-date: /home/ph/ros2_firstw/install/turtlesim/include/turtlesim/turtlesim/msg/detail/color__type_support.cpp
[16.430s] -- Up-to-date: /home/ph/ros2_firstw/install/turtlesim/lib/libturtlesim__rosidl_typesupport_introspection_cpp.so
[16.430s] -- Up-to-date: /home/ph/ros2_firstw/install/turtlesim/lib/libturtlesim__rosidl_typesupport_cpp.so
[16.430s] -- Up-to-date: /home/ph/ros2_firstw/install/turtlesim/share/turtlesim/environment/pythonpath.sh
[16.431s] -- Up-to-date: /home/ph/ros2_firstw/install/turtlesim/share/turtlesim/environment/pythonpath.dsv
[16.431s] -- Up-to-date: /home/ph/ros2_firstw/install/turtlesim/local/lib/python3.10/dist-packages/turtlesim-1.4.3-py3.10.egg-info
[16.431s] -- Installing: /home/ph/ros2_firstw/install/turtlesim/local/lib/python3.10/dist-packages/turtlesim-1.4.3-py3.10.egg-info/top_level.txt
[16.431s] -- Installing: /home/ph/ros2_firstw/install/turtlesim/local/lib/python3.10/dist-packages/turtlesim-1.4.3-py3.10.egg-info/PKG-INFO
[16.431s] -- Installing: /home/ph/ros2_firstw/install/turtlesim/local/lib/python3.10/dist-packages/turtlesim-1.4.3-py3.10.egg-info/SOURCES.txt
[16.431s] -- Installing: /home/ph/ros2_firstw/install/turtlesim/local/lib/python3.10/dist-packages/turtlesim-1.4.3-py3.10.egg-info/dependency_links.txt
[16.432s] -- Up-to-date: /home/ph/ros2_firstw/install/turtlesim/local/lib/python3.10/dist-packages/turtlesim
[16.432s] -- Up-to-date: /home/ph/ros2_firstw/install/turtlesim/local/lib/python3.10/dist-packages/turtlesim/turtlesim_s__rosidl_typesupport_fastrtps_c.cpython-310-x86_64-linux-gnu.so
[16.432s] -- Up-to-date: /home/ph/ros2_firstw/install/turtlesim/local/lib/python3.10/dist-packages/turtlesim/action
[16.432s] -- Up-to-date: /home/ph/ros2_firstw/install/turtlesim/local/lib/python3.10/dist-packages/turtlesim/action/_rotate_absolute.py
[16.432s] -- Up-to-date: /home/ph/ros2_firstw/install/turtlesim/local/lib/python3.10/dist-packages/turtlesim/action/__init__.py
[16.432s] -- Up-to-date: /home/ph/ros2_firstw/install/turtlesim/local/lib/python3.10/dist-packages/turtlesim/action/_rotate_absolute_s.c
[16.433s] -- Up-to-date: /home/ph/ros2_firstw/install/turtlesim/local/lib/python3.10/dist-packages/turtlesim/turtlesim_s__rosidl_typesupport_introspection_c.cpython-310-x86_64-linux-gnu.so
[16.433s] -- Up-to-date: /home/ph/ros2_firstw/install/turtlesim/local/lib/python3.10/dist-packages/turtlesim/_turtlesim_s.ep.rosidl_typesupport_c.c
[16.433s] -- Up-to-date: /home/ph/ros2_firstw/install/turtlesim/local/lib/python3.10/dist-packages/turtlesim/libturtlesim__rosidl_generator_py.so
[16.433s] -- Up-to-date: /home/ph/ros2_firstw/install/turtlesim/local/lib/python3.10/dist-packages/turtlesim/turtlesim_s__rosidl_typesupport_c.cpython-310-x86_64-linux-gnu.so
[16.433s] -- Up-to-date: /home/ph/ros2_firstw/install/turtlesim/local/lib/python3.10/dist-packages/turtlesim/_turtlesim_s.ep.rosidl_typesupport_fastrtps_c.c
[16.433s] -- Up-to-date: /home/ph/ros2_firstw/install/turtlesim/local/lib/python3.10/dist-packages/turtlesim/srv
[16.434s] -- Up-to-date: /home/ph/ros2_firstw/install/turtlesim/local/lib/python3.10/dist-packages/turtlesim/srv/_kill_s.c
[16.434s] -- Up-to-date: /home/ph/ros2_firstw/install/turtlesim/local/lib/python3.10/dist-packages/turtlesim/srv/_teleport_relative.py
[16.434s] -- Up-to-date: /home/ph/ros2_firstw/install/turtlesim/local/lib/python3.10/dist-packages/turtlesim/srv/_teleport_absolute.py
[16.434s] -- Up-to-date: /home/ph/ros2_firstw/install/turtlesim/local/lib/python3.10/dist-packages/turtlesim/srv/_teleport_absolute_s.c
[16.434s] -- Up-to-date: /home/ph/ros2_firstw/install/turtlesim/local/lib/python3.10/dist-packages/turtlesim/srv/_spawn.py
[16.434s] -- Up-to-date: /home/ph/ros2_firstw/install/turtlesim/local/lib/python3.10/dist-packages/turtlesim/srv/_set_pen.py
[16.434s] -- Up-to-date: /home/ph/ros2_firstw/install/turtlesim/local/lib/python3.10/dist-packages/turtlesim/srv/_teleport_relative_s.c
[16.435s] -- Up-to-date: /home/ph/ros2_firstw/install/turtlesim/local/lib/python3.10/dist-packages/turtlesim/srv/_set_pen_s.c
[16.435s] -- Up-to-date: /home/ph/ros2_firstw/install/turtlesim/local/lib/python3.10/dist-packages/turtlesim/srv/__init__.py
[16.435s] -- Up-to-date: /home/ph/ros2_firstw/install/turtlesim/local/lib/python3.10/dist-packages/turtlesim/srv/_spawn_s.c
[16.435s] -- Up-to-date: /home/ph/ros2_firstw/install/turtlesim/local/lib/python3.10/dist-packages/turtlesim/srv/_kill.py
[16.435s] -- Up-to-date: /home/ph/ros2_firstw/install/turtlesim/local/lib/python3.10/dist-packages/turtlesim/__init__.py
[16.435s] -- Up-to-date: /home/ph/ros2_firstw/install/turtlesim/local/lib/python3.10/dist-packages/turtlesim/_turtlesim_s.ep.rosidl_typesupport_introspection_c.c
[16.436s] -- Up-to-date: /home/ph/ros2_firstw/install/turtlesim/local/lib/python3.10/dist-packages/turtlesim/msg
[16.436s] -- Up-to-date: /home/ph/ros2_firstw/install/turtlesim/local/lib/python3.10/dist-packages/turtlesim/msg/_color.py
[16.436s] -- Up-to-date: /home/ph/ros2_firstw/install/turtlesim/local/lib/python3.10/dist-packages/turtlesim/msg/_color_s.c
[16.436s] -- Up-to-date: /home/ph/ros2_firstw/install/turtlesim/local/lib/python3.10/dist-packages/turtlesim/msg/__init__.py
[16.436s] -- Up-to-date: /home/ph/ros2_firstw/install/turtlesim/local/lib/python3.10/dist-packages/turtlesim/msg/_pose_s.c
[16.436s] -- Up-to-date: /home/ph/ros2_firstw/install/turtlesim/local/lib/python3.10/dist-packages/turtlesim/msg/_pose.py
[16.448s] Listing '/home/ph/ros2_firstw/install/turtlesim/local/lib/python3.10/dist-packages/turtlesim'...
[16.448s] Listing '/home/ph/ros2_firstw/install/turtlesim/local/lib/python3.10/dist-packages/turtlesim/action'...
[16.448s] Listing '/home/ph/ros2_firstw/install/turtlesim/local/lib/python3.10/dist-packages/turtlesim/msg'...
[16.448s] Listing '/home/ph/ros2_firstw/install/turtlesim/local/lib/python3.10/dist-packages/turtlesim/srv'...
[16.453s] -- Up-to-date: /home/ph/ros2_firstw/install/turtlesim/local/lib/python3.10/dist-packages/turtlesim/turtlesim_s__rosidl_typesupport_fastrtps_c.cpython-310-x86_64-linux-gnu.so
[16.454s] -- Up-to-date: /home/ph/ros2_firstw/install/turtlesim/local/lib/python3.10/dist-packages/turtlesim/turtlesim_s__rosidl_typesupport_introspection_c.cpython-310-x86_64-linux-gnu.so
[16.454s] -- Up-to-date: /home/ph/ros2_firstw/install/turtlesim/local/lib/python3.10/dist-packages/turtlesim/turtlesim_s__rosidl_typesupport_c.cpython-310-x86_64-linux-gnu.so
[16.455s] -- Up-to-date: /home/ph/ros2_firstw/install/turtlesim/lib/libturtlesim__rosidl_generator_py.so
[16.455s] -- Up-to-date: /home/ph/ros2_firstw/install/turtlesim/share/turtlesim/action/RotateAbsolute.idl
[16.455s] -- Up-to-date: /home/ph/ros2_firstw/install/turtlesim/share/turtlesim/msg/Color.idl
[16.456s] -- Up-to-date: /home/ph/ros2_firstw/install/turtlesim/share/turtlesim/msg/Pose.idl
[16.456s] -- Up-to-date: /home/ph/ros2_firstw/install/turtlesim/share/turtlesim/srv/Kill.idl
[16.456s] -- Up-to-date: /home/ph/ros2_firstw/install/turtlesim/share/turtlesim/srv/SetPen.idl
[16.456s] -- Up-to-date: /home/ph/ros2_firstw/install/turtlesim/share/turtlesim/srv/Spawn.idl
[16.457s] -- Up-to-date: /home/ph/ros2_firstw/install/turtlesim/share/turtlesim/srv/TeleportAbsolute.idl
[16.457s] -- Up-to-date: /home/ph/ros2_firstw/install/turtlesim/share/turtlesim/srv/TeleportRelative.idl
[16.457s] -- Up-to-date: /home/ph/ros2_firstw/install/turtlesim/share/turtlesim/action/RotateAbsolute.action
[16.457s] -- Up-to-date: /home/ph/ros2_firstw/install/turtlesim/share/turtlesim/msg/Color.msg
[16.457s] -- Up-to-date: /home/ph/ros2_firstw/install/turtlesim/share/turtlesim/msg/Pose.msg
[16.458s] -- Up-to-date: /home/ph/ros2_firstw/install/turtlesim/share/turtlesim/srv/Kill.srv
[16.458s] -- Up-to-date: /home/ph/ros2_firstw/install/turtlesim/share/turtlesim/srv/Kill_Request.msg
[16.458s] -- Up-to-date: /home/ph/ros2_firstw/install/turtlesim/share/turtlesim/srv/Kill_Response.msg
[16.458s] -- Up-to-date: /home/ph/ros2_firstw/install/turtlesim/share/turtlesim/srv/SetPen.srv
[16.458s] -- Up-to-date: /home/ph/ros2_firstw/install/turtlesim/share/turtlesim/srv/SetPen_Request.msg
[16.458s] -- Up-to-date: /home/ph/ros2_firstw/install/turtlesim/share/turtlesim/srv/SetPen_Response.msg
[16.458s] -- Up-to-date: /home/ph/ros2_firstw/install/turtlesim/share/turtlesim/srv/Spawn.srv
[16.459s] -- Up-to-date: /home/ph/ros2_firstw/install/turtlesim/share/turtlesim/srv/Spawn_Request.msg
[16.459s] -- Up-to-date: /home/ph/ros2_firstw/install/turtlesim/share/turtlesim/srv/Spawn_Response.msg
[16.459s] -- Up-to-date: /home/ph/ros2_firstw/install/turtlesim/share/turtlesim/srv/TeleportAbsolute.srv
[16.459s] -- Up-to-date: /home/ph/ros2_firstw/install/turtlesim/share/turtlesim/srv/TeleportAbsolute_Request.msg
[16.459s] -- Up-to-date: /home/ph/ros2_firstw/install/turtlesim/share/turtlesim/srv/TeleportAbsolute_Response.msg
[16.459s] -- Up-to-date: /home/ph/ros2_firstw/install/turtlesim/share/turtlesim/srv/TeleportRelative.srv
[16.460s] -- Up-to-date: /home/ph/ros2_firstw/install/turtlesim/share/turtlesim/srv/TeleportRelative_Request.msg
[16.460s] -- Up-to-date: /home/ph/ros2_firstw/install/turtlesim/share/turtlesim/srv/TeleportRelative_Response.msg
[16.460s] -- Installing: /home/ph/ros2_firstw/install/turtlesim/lib/turtlesim/turtlesim_node
[16.473s] -- Set runtime path of "/home/ph/ros2_firstw/install/turtlesim/lib/turtlesim/turtlesim_node" to ""
[16.473s] -- Up-to-date: /home/ph/ros2_firstw/install/turtlesim/lib/turtlesim/turtle_teleop_key
[16.473s] -- Up-to-date: /home/ph/ros2_firstw/install/turtlesim/lib/turtlesim/draw_square
[16.474s] -- Up-to-date: /home/ph/ros2_firstw/install/turtlesim/lib/turtlesim/mimic
[16.474s] -- Up-to-date: /home/ph/ros2_firstw/install/turtlesim/share/turtlesim/images
[16.474s] -- Up-to-date: /home/ph/ros2_firstw/install/turtlesim/share/turtlesim/images/bouncy.png
[16.474s] -- Up-to-date: /home/ph/ros2_firstw/install/turtlesim/share/turtlesim/images/dashing.png
[16.475s] -- Up-to-date: /home/ph/ros2_firstw/install/turtlesim/share/turtlesim/images/galactic.png
[16.475s] -- Up-to-date: /home/ph/ros2_firstw/install/turtlesim/share/turtlesim/images/crystal.png
[16.475s] -- Up-to-date: /home/ph/ros2_firstw/install/turtlesim/share/turtlesim/images/rolling.png
[16.475s] -- Up-to-date: /home/ph/ros2_firstw/install/turtlesim/share/turtlesim/images/foxy.png
[16.475s] -- Up-to-date: /home/ph/ros2_firstw/install/turtlesim/share/turtlesim/images/ardent.png
[16.476s] -- Up-to-date: /home/ph/ros2_firstw/install/turtlesim/share/turtlesim/images/eloquent.png
[16.476s] -- Up-to-date: /home/ph/ros2_firstw/install/turtlesim/share/turtlesim/images/humble.png
[16.476s] -- Up-to-date: /home/ph/ros2_firstw/install/turtlesim/share/turtlesim/launch
[16.476s] -- Up-to-date: /home/ph/ros2_firstw/install/turtlesim/share/turtlesim/launch/multisim.launch.py
[16.476s] -- Up-to-date: /home/ph/ros2_firstw/install/turtlesim/share/ament_index/resource_index/package_run_dependencies/turtlesim
[16.477s] -- Up-to-date: /home/ph/ros2_firstw/install/turtlesim/share/ament_index/resource_index/parent_prefix_path/turtlesim
[16.477s] -- Up-to-date: /home/ph/ros2_firstw/install/turtlesim/share/turtlesim/environment/ament_prefix_path.sh
[16.477s] -- Up-to-date: /home/ph/ros2_firstw/install/turtlesim/share/turtlesim/environment/ament_prefix_path.dsv
[16.477s] -- Up-to-date: /home/ph/ros2_firstw/install/turtlesim/share/turtlesim/environment/path.sh
[16.477s] -- Up-to-date: /home/ph/ros2_firstw/install/turtlesim/share/turtlesim/environment/path.dsv
[16.478s] -- Up-to-date: /home/ph/ros2_firstw/install/turtlesim/share/turtlesim/local_setup.bash
[16.478s] -- Up-to-date: /home/ph/ros2_firstw/install/turtlesim/share/turtlesim/local_setup.sh
[16.478s] -- Up-to-date: /home/ph/ros2_firstw/install/turtlesim/share/turtlesim/local_setup.zsh
[16.478s] -- Up-to-date: /home/ph/ros2_firstw/install/turtlesim/share/turtlesim/local_setup.dsv
[16.478s] -- Installing: /home/ph/ros2_firstw/install/turtlesim/share/turtlesim/package.dsv
[16.478s] -- Up-to-date: /home/ph/ros2_firstw/install/turtlesim/share/ament_index/resource_index/packages/turtlesim
[16.479s] -- Up-to-date: /home/ph/ros2_firstw/install/turtlesim/share/turtlesim/cmake/export_turtlesim__rosidl_generator_cExport.cmake
[16.479s] -- Up-to-date: /home/ph/ros2_firstw/install/turtlesim/share/turtlesim/cmake/export_turtlesim__rosidl_generator_cExport-noconfig.cmake
[16.479s] -- Up-to-date: /home/ph/ros2_firstw/install/turtlesim/share/turtlesim/cmake/export_turtlesim__rosidl_typesupport_fastrtps_cExport.cmake
[16.479s] -- Up-to-date: /home/ph/ros2_firstw/install/turtlesim/share/turtlesim/cmake/export_turtlesim__rosidl_typesupport_fastrtps_cExport-noconfig.cmake
[16.479s] -- Up-to-date: /home/ph/ros2_firstw/install/turtlesim/share/turtlesim/cmake/export_turtlesim__rosidl_generator_cppExport.cmake
[16.479s] -- Up-to-date: /home/ph/ros2_firstw/install/turtlesim/share/turtlesim/cmake/export_turtlesim__rosidl_typesupport_fastrtps_cppExport.cmake
[16.480s] -- Up-to-date: /home/ph/ros2_firstw/install/turtlesim/share/turtlesim/cmake/export_turtlesim__rosidl_typesupport_fastrtps_cppExport-noconfig.cmake
[16.480s] -- Up-to-date: /home/ph/ros2_firstw/install/turtlesim/share/turtlesim/cmake/turtlesim__rosidl_typesupport_introspection_cExport.cmake
[16.481s] -- Up-to-date: /home/ph/ros2_firstw/install/turtlesim/share/turtlesim/cmake/turtlesim__rosidl_typesupport_introspection_cExport-noconfig.cmake
[16.481s] -- Up-to-date: /home/ph/ros2_firstw/install/turtlesim/share/turtlesim/cmake/turtlesim__rosidl_typesupport_cExport.cmake
[16.482s] -- Up-to-date: /home/ph/ros2_firstw/install/turtlesim/share/turtlesim/cmake/turtlesim__rosidl_typesupport_cExport-noconfig.cmake
[16.482s] -- Up-to-date: /home/ph/ros2_firstw/install/turtlesim/share/turtlesim/cmake/turtlesim__rosidl_typesupport_introspection_cppExport.cmake
[16.482s] -- Up-to-date: /home/ph/ros2_firstw/install/turtlesim/share/turtlesim/cmake/turtlesim__rosidl_typesupport_introspection_cppExport-noconfig.cmake
[16.483s] -- Up-to-date: /home/ph/ros2_firstw/install/turtlesim/share/turtlesim/cmake/turtlesim__rosidl_typesupport_cppExport.cmake
[16.483s] -- Up-to-date: /home/ph/ros2_firstw/install/turtlesim/share/turtlesim/cmake/turtlesim__rosidl_typesupport_cppExport-noconfig.cmake
[16.483s] -- Up-to-date: /home/ph/ros2_firstw/install/turtlesim/share/turtlesim/cmake/export_turtlesim__rosidl_generator_pyExport.cmake
[16.484s] -- Up-to-date: /home/ph/ros2_firstw/install/turtlesim/share/turtlesim/cmake/export_turtlesim__rosidl_generator_pyExport-noconfig.cmake
[16.484s] -- Up-to-date: /home/ph/ros2_firstw/install/turtlesim/share/turtlesim/cmake/rosidl_cmake-extras.cmake
[16.484s] -- Up-to-date: /home/ph/ros2_firstw/install/turtlesim/share/turtlesim/cmake/ament_cmake_export_dependencies-extras.cmake
[16.484s] -- Up-to-date: /home/ph/ros2_firstw/install/turtlesim/share/turtlesim/cmake/ament_cmake_export_include_directories-extras.cmake
[16.484s] -- Up-to-date: /home/ph/ros2_firstw/install/turtlesim/share/turtlesim/cmake/ament_cmake_export_libraries-extras.cmake
[16.485s] -- Up-to-date: /home/ph/ros2_firstw/install/turtlesim/share/turtlesim/cmake/ament_cmake_export_targets-extras.cmake
[16.485s] -- Up-to-date: /home/ph/ros2_firstw/install/turtlesim/share/turtlesim/cmake/rosidl_cmake_export_typesupport_targets-extras.cmake
[16.485s] -- Up-to-date: /home/ph/ros2_firstw/install/turtlesim/share/turtlesim/cmake/rosidl_cmake_export_typesupport_libraries-extras.cmake
[16.485s] -- Up-to-date: /home/ph/ros2_firstw/install/turtlesim/share/turtlesim/cmake/turtlesimConfig.cmake
[16.485s] -- Up-to-date: /home/ph/ros2_firstw/install/turtlesim/share/turtlesim/cmake/turtlesimConfig-version.cmake
[16.486s] -- Up-to-date: /home/ph/ros2_firstw/install/turtlesim/share/turtlesim/package.xml
[16.486s] Invoked command in '/home/ph/ros2_firstw/build/turtlesim' returned '0': CMAKE_PREFIX_PATH=${CMAKE_PREFIX_PATH}:/home/ph/ros2_firstw/src/install/launch_testing_examples:/home/ph/ros2_firstw/src/install/examples_rclpy_pointcloud_publisher:/home/ph/ros2_firstw/src/install/examples_rclpy_minimal_subscriber:/home/ph/ros2_firstw/src/install/examples_rclpy_minimal_service:/home/ph/ros2_firstw/src/install/examples_rclpy_minimal_publisher:/home/ph/ros2_firstw/src/install/examples_rclpy_minimal_client:/home/ph/ros2_firstw/src/install/examples_rclpy_minimal_action_server:/home/ph/ros2_firstw/src/install/examples_rclpy_minimal_action_client:/home/ph/ros2_firstw/src/install/examples_rclpy_guard_conditions:/home/ph/ros2_firstw/src/install/examples_rclpy_executors:/opt/ros/humble /usr/bin/cmake --install /home/ph/ros2_firstw/build/turtlesim
