[0.038s] Invoking command in '/home/ph/ws/lidar_ws/build/kiss_icp': CMAKE_PREFIX_PATH=${CMAKE_PREFIX_PATH}:/home/ph/ws/lidar_ws/install/helios16p_cane_robot:/opt/ros/humble /usr/bin/cmake --build /home/ph/ws/lidar_ws/build/kiss_icp -- -j8 -l8
[0.212s] [ 14%] Built target kiss_icp_metrics
[0.213s] [ 28%] Built target kiss_icp_node
[0.220s] [ 71%] Built target kiss_icp_core
[0.267s] [ 85%] Built target kiss_icp_pipeline
[0.330s] [100%] Built target odometry_component
[0.349s] Invoked command in '/home/ph/ws/lidar_ws/build/kiss_icp' returned '0': CMAKE_PREFIX_PATH=${CMAKE_PREFIX_PATH}:/home/ph/ws/lidar_ws/install/helios16p_cane_robot:/opt/ros/humble /usr/bin/cmake --build /home/ph/ws/lidar_ws/build/kiss_icp -- -j8 -l8
[0.367s] Invoking command in '/home/ph/ws/lidar_ws/build/kiss_icp': CMAKE_PREFIX_PATH=${CMAKE_PREFIX_PATH}:/home/ph/ws/lidar_ws/install/helios16p_cane_robot:/opt/ros/humble /usr/bin/cmake --install /home/ph/ws/lidar_ws/build/kiss_icp
[0.379s] -- Install configuration: "Release"
[0.383s] -- Up-to-date: /home/ph/ws/lidar_ws/install/kiss_icp/lib/kiss_icp/kiss_icp_node
[0.386s] -- Up-to-date: /home/ph/ws/lidar_ws/install/kiss_icp/lib/libodometry_component.so
[0.387s] -- Up-to-date: /home/ph/ws/lidar_ws/install/kiss_icp/share/kiss_icp//launch
[0.388s] -- Up-to-date: /home/ph/ws/lidar_ws/install/kiss_icp/share/kiss_icp//launch/odometry.launch.py
[0.388s] -- Up-to-date: /home/ph/ws/lidar_ws/install/kiss_icp/share/kiss_icp//rviz
[0.389s] -- Up-to-date: /home/ph/ws/lidar_ws/install/kiss_icp/share/kiss_icp//rviz/kiss_icp.rviz
[0.389s] -- Up-to-date: /home/ph/ws/lidar_ws/install/kiss_icp/share/kiss_icp//config
[0.390s] -- Up-to-date: /home/ph/ws/lidar_ws/install/kiss_icp/share/kiss_icp//config/config.yaml
[0.390s] -- Up-to-date: /home/ph/ws/lidar_ws/install/kiss_icp/share/ament_index/resource_index/package_run_dependencies/kiss_icp
[0.390s] -- Up-to-date: /home/ph/ws/lidar_ws/install/kiss_icp/share/ament_index/resource_index/parent_prefix_path/kiss_icp
[0.391s] -- Up-to-date: /home/ph/ws/lidar_ws/install/kiss_icp/share/kiss_icp/environment/ament_prefix_path.sh
[0.392s] -- Up-to-date: /home/ph/ws/lidar_ws/install/kiss_icp/share/kiss_icp/environment/ament_prefix_path.dsv
[0.392s] -- Up-to-date: /home/ph/ws/lidar_ws/install/kiss_icp/share/kiss_icp/environment/path.sh
[0.392s] -- Up-to-date: /home/ph/ws/lidar_ws/install/kiss_icp/share/kiss_icp/environment/path.dsv
[0.393s] -- Up-to-date: /home/ph/ws/lidar_ws/install/kiss_icp/share/kiss_icp/local_setup.bash
[0.393s] -- Up-to-date: /home/ph/ws/lidar_ws/install/kiss_icp/share/kiss_icp/local_setup.sh
[0.393s] -- Up-to-date: /home/ph/ws/lidar_ws/install/kiss_icp/share/kiss_icp/local_setup.zsh
[0.393s] -- Up-to-date: /home/ph/ws/lidar_ws/install/kiss_icp/share/kiss_icp/local_setup.dsv
[0.394s] -- Installing: /home/ph/ws/lidar_ws/install/kiss_icp/share/kiss_icp/package.dsv
[0.394s] -- Up-to-date: /home/ph/ws/lidar_ws/install/kiss_icp/share/ament_index/resource_index/packages/kiss_icp
[0.395s] -- Up-to-date: /home/ph/ws/lidar_ws/install/kiss_icp/share/ament_index/resource_index/rclcpp_components/kiss_icp
[0.395s] -- Up-to-date: /home/ph/ws/lidar_ws/install/kiss_icp/share/kiss_icp/cmake/kiss_icpConfig.cmake
[0.396s] -- Up-to-date: /home/ph/ws/lidar_ws/install/kiss_icp/share/kiss_icp/cmake/kiss_icpConfig-version.cmake
[0.396s] -- Up-to-date: /home/ph/ws/lidar_ws/install/kiss_icp/share/kiss_icp/package.xml
[0.401s] Invoked command in '/home/ph/ws/lidar_ws/build/kiss_icp' returned '0': CMAKE_PREFIX_PATH=${CMAKE_PREFIX_PATH}:/home/ph/ws/lidar_ws/install/helios16p_cane_robot:/opt/ros/humble /usr/bin/cmake --install /home/ph/ws/lidar_ws/build/kiss_icp
