[0.051s] Invoking command in '/home/ph/ros2_firstw/build/launchpkg': CMAKE_PREFIX_PATH=${CMAKE_PREFIX_PATH}:/opt/ros/humble /usr/bin/cmake /home/ph/ros2_firstw/src/launchpkg -DCMAKE_INSTALL_PREFIX=/home/ph/ros2_firstw/install/launchpkg
[0.469s] -- The C compiler identification is GNU 11.4.0
[0.763s] -- The CXX compiler identification is GNU 11.4.0
[0.783s] -- Detecting C compiler ABI info
[0.910s] -- Detecting C compiler ABI info - done
[0.922s] -- Check for working C compiler: /usr/bin/cc - skipped
[0.923s] -- Detecting C compile features
[0.924s] -- Detecting C compile features - done
[0.931s] -- Detecting CXX compiler ABI info
[1.076s] -- Detecting CXX compiler ABI info - done
[1.088s] -- Check for working CXX compiler: /usr/bin/c++ - skipped
[1.088s] -- Detecting CXX compile features
[1.089s] -- Detecting CXX compile features - done
[1.098s] -- Found ament_cmake: 1.3.12 (/opt/ros/humble/share/ament_cmake/cmake)
[1.395s] -- Found Python3: /usr/bin/python3 (found version "3.10.12") found components: Interpreter 
[1.616s] [31mCMake Error at CMakeLists.txt:10 (find_package):
[1.616s]   By not providing "Findros2launch.cmake" in CMAKE_MODULE_PATH this project
[1.616s]   has asked CMake to find a package configuration file provided by
[1.616s]   "ros2launch", but CMake did not find one.
[1.616s] 
[1.616s]   Could not find a package configuration file provided by "ros2launch" with
[1.616s]   any of the following names:
[1.616s] 
[1.616s]     ros2launchConfig.cmake
[1.617s]     ros2launch-config.cmake
[1.617s] 
[1.617s]   Add the installation prefix of "ros2launch" to CMAKE_PREFIX_PATH or set
[1.617s]   "ros2launch_DIR" to a directory containing one of the above files.  If
[1.617s]   "ros2launch" provides a separate development package or SDK, be sure it has
[1.617s]   been installed.
[1.617s] 
[1.617s] [0m
[1.617s] -- Configuring incomplete, errors occurred!
[1.617s] See also "/home/ph/ros2_firstw/build/launchpkg/CMakeFiles/CMakeOutput.log".
[1.622s] Invoked command in '/home/ph/ros2_firstw/build/launchpkg' returned '1': CMAKE_PREFIX_PATH=${CMAKE_PREFIX_PATH}:/opt/ros/humble /usr/bin/cmake /home/ph/ros2_firstw/src/launchpkg -DCMAKE_INSTALL_PREFIX=/home/ph/ros2_firstw/install/launchpkg
