[0.015s] Invoking command in '/home/ph/fourth_ws/build/urdf_launch': CMAKE_PREFIX_PATH=/opt/ros/humble:${CMAKE_PREFIX_PATH} /usr/bin/cmake --build /home/ph/fourth_ws/build/urdf_launch -- -j8 -l8
[0.056s] -- Found ament_cmake: 1.3.12 (/opt/ros/humble/share/ament_cmake/cmake)
[0.308s] -- Configuring done
[0.317s] -- Generating done
[0.320s] -- Build files have been written to: /home/ph/fourth_ws/build/urdf_launch
[0.352s] Invoked command in '/home/ph/fourth_ws/build/urdf_launch' returned '0': CMAKE_PREFIX_PATH=/opt/ros/humble:${CMAKE_PREFIX_PATH} /usr/bin/cmake --build /home/ph/fourth_ws/build/urdf_launch -- -j8 -l8
[0.367s] Invoking command in '/home/ph/fourth_ws/build/urdf_launch': CMAKE_PREFIX_PATH=/opt/ros/humble:${CMAKE_PREFIX_PATH} /usr/bin/cmake --install /home/ph/fourth_ws/build/urdf_launch
[0.376s] -- Install configuration: ""
[0.376s] -- Up-to-date: /home/ph/fourth_ws/install/urdf_launch/share/urdf_launch/config
[0.376s] -- Installing: /home/ph/fourth_ws/install/urdf_launch/share/urdf_launch/config/urdf.rviz
[0.377s] -- Up-to-date: /home/ph/fourth_ws/install/urdf_launch/share/urdf_launch/launch
[0.377s] -- Installing: /home/ph/fourth_ws/install/urdf_launch/share/urdf_launch/launch/display.launch.py
[0.377s] -- Installing: /home/ph/fourth_ws/install/urdf_launch/share/urdf_launch/launch/description.launch.py
[0.377s] -- Up-to-date: /home/ph/fourth_ws/install/urdf_launch/share/ament_index/resource_index/package_run_dependencies/urdf_launch
[0.377s] -- Up-to-date: /home/ph/fourth_ws/install/urdf_launch/share/ament_index/resource_index/parent_prefix_path/urdf_launch
[0.378s] -- Up-to-date: /home/ph/fourth_ws/install/urdf_launch/share/urdf_launch/environment/ament_prefix_path.sh
[0.378s] -- Installing: /home/ph/fourth_ws/install/urdf_launch/share/urdf_launch/environment/ament_prefix_path.dsv
[0.378s] -- Up-to-date: /home/ph/fourth_ws/install/urdf_launch/share/urdf_launch/environment/path.sh
[0.379s] -- Installing: /home/ph/fourth_ws/install/urdf_launch/share/urdf_launch/environment/path.dsv
[0.379s] -- Up-to-date: /home/ph/fourth_ws/install/urdf_launch/share/urdf_launch/local_setup.bash
[0.379s] -- Up-to-date: /home/ph/fourth_ws/install/urdf_launch/share/urdf_launch/local_setup.sh
[0.379s] -- Up-to-date: /home/ph/fourth_ws/install/urdf_launch/share/urdf_launch/local_setup.zsh
[0.379s] -- Installing: /home/ph/fourth_ws/install/urdf_launch/share/urdf_launch/local_setup.dsv
[0.380s] -- Installing: /home/ph/fourth_ws/install/urdf_launch/share/urdf_launch/package.dsv
[0.380s] -- Up-to-date: /home/ph/fourth_ws/install/urdf_launch/share/ament_index/resource_index/packages/urdf_launch
[0.380s] -- Up-to-date: /home/ph/fourth_ws/install/urdf_launch/share/urdf_launch/cmake/urdf_launchConfig.cmake
[0.380s] -- Up-to-date: /home/ph/fourth_ws/install/urdf_launch/share/urdf_launch/cmake/urdf_launchConfig-version.cmake
[0.380s] -- Installing: /home/ph/fourth_ws/install/urdf_launch/share/urdf_launch/package.xml
[0.383s] Invoked command in '/home/ph/fourth_ws/build/urdf_launch' returned '0': CMAKE_PREFIX_PATH=/opt/ros/humble:${CMAKE_PREFIX_PATH} /usr/bin/cmake --install /home/ph/fourth_ws/build/urdf_launch
