[0.044s] Invoking command in '/home/ph/ros2_firstw/build/tutorial_interfaces': CMAKE_PREFIX_PATH=/opt/ros/humble /usr/bin/cmake /home/ph/ros2_firstw/src/tutorial_interfaces -DCMAKE_INSTALL_PREFIX=/home/ph/ros2_firstw/install/tutorial_interfaces
[0.071s] -- Found ament_cmake: 1.3.12 (/opt/ros/humble/share/ament_cmake/cmake)
[0.361s] -- Found geometry_msgs: 4.9.0 (/opt/ros/humble/share/geometry_msgs/cmake)
[0.409s] -- Found rosidl_generator_c: 3.1.7 (/opt/ros/humble/share/rosidl_generator_c/cmake)
[0.415s] -- Found rosidl_adapter: 3.1.7 (/opt/ros/humble/share/rosidl_adapter/cmake)
[0.425s] -- Found rosidl_generator_cpp: 3.1.7 (/opt/ros/humble/share/rosidl_generator_cpp/cmake)
[0.442s] -- Using all available rosidl_typesupport_c: rosidl_typesupport_fastrtps_c;rosidl_typesupport_introspection_c
[0.466s] -- Using all available rosidl_typesupport_cpp: rosidl_typesupport_fastrtps_cpp;rosidl_typesupport_introspection_cpp
[0.528s] -- Found rosidl_default_generators: 1.2.0 (/opt/ros/humble/share/rosidl_default_generators/cmake)
[0.896s] [31mCMake Error at /opt/ros/humble/share/rosidl_adapter/cmake/rosidl_adapt_interfaces.cmake:59 (message):
[0.896s]   execute_process(/usr/bin/python3 -m rosidl_adapter --package-name
[0.896s]   tutorial_interfaces --arguments-file
[0.897s]   /home/ph/ros2_firstw/build/tutorial_interfaces/rosidl_adapter__arguments__tutorial_interfaces.json
[0.897s]   --output-dir
[0.897s]   /home/ph/ros2_firstw/build/tutorial_interfaces/rosidl_adapter/tutorial_interfaces
[0.897s]   --output-file
[0.898s]   /home/ph/ros2_firstw/build/tutorial_interfaces/rosidl_adapter/tutorial_interfaces.idls)
[0.898s]   returned error code 1:
[0.898s] 
[0.898s]   Error processing 'float4 radius' of 'tutorial_interfaces/Sphere': ''float4'
[0.899s]   is an invalid message name.  It should have the pattern
[0.899s]   '^[A-Z][A-Za-z0-9]*$''
[0.899s] 
[0.899s]   Traceback (most recent call last):
[0.899s] 
[0.900s]     File "/usr/lib/python3.10/runpy.py", line 196, in _run_module_as_main
[0.900s]       return _run_code(code, main_globals, None,
[0.900s]     File "/usr/lib/python3.10/runpy.py", line 86, in _run_code
[0.900s]       exec(code, run_globals)
[0.901s]     File "/opt/ros/humble/local/lib/python3.10/dist-packages/rosidl_adapter/__main__.py", line 19, in <module>
[0.901s]       sys.exit(main())
[0.901s]     File "/opt/ros/humble/local/lib/python3.10/dist-packages/rosidl_adapter/main.py", line 53, in main
[0.901s]       abs_idl_file = convert_to_idl(
[0.901s]     File "/opt/ros/humble/local/lib/python3.10/dist-packages/rosidl_adapter/__init__.py", line 19, in convert_to_idl
[0.902s]       return convert_msg_to_idl(
[0.902s]     File "/opt/ros/humble/local/lib/python3.10/dist-packages/rosidl_adapter/msg/__init__.py", line 28, in convert_msg_to_idl
[0.902s]       msg = parse_message_string(package_name, input_file.stem, content)
[0.902s]     File "/opt/ros/humble/local/lib/python3.10/dist-packages/rosidl_adapter/parser.py", line 520, in parse_message_string
[0.902s]       Type(type_string, context_package_name=pkg_name),
[0.903s]     File "/opt/ros/humble/local/lib/python3.10/dist-packages/rosidl_adapter/parser.py", line 277, in __init__
[0.903s]       super(Type, self).__init__(
[0.903s]     File "/opt/ros/humble/local/lib/python3.10/dist-packages/rosidl_adapter/parser.py", line 205, in __init__
[0.903s]       raise InvalidResourceName(
[0.903s] 
[0.904s]   rosidl_adapter.parser.InvalidResourceName: 'float4' is an invalid message
[0.904s]   name.  It should have the pattern '^[A-Z][A-Za-z0-9]*$'
[0.904s] 
[0.904s] Call Stack (most recent call first):
[0.904s]   /opt/ros/humble/share/rosidl_cmake/cmake/rosidl_generate_interfaces.cmake:130 (rosidl_adapt_interfaces)
[0.905s]   CMakeLists.txt:13 (rosidl_generate_interfaces)
[0.905s] 
[0.905s] [0m
[0.905s] -- Configuring incomplete, errors occurred!
[0.905s] See also "/home/ph/ros2_firstw/build/tutorial_interfaces/CMakeFiles/CMakeOutput.log".
[0.917s] Invoked command in '/home/ph/ros2_firstw/build/tutorial_interfaces' returned '1': CMAKE_PREFIX_PATH=/opt/ros/humble /usr/bin/cmake /home/ph/ros2_firstw/src/tutorial_interfaces -DCMAKE_INSTALL_PREFIX=/home/ph/ros2_firstw/install/tutorial_interfaces
