[1.082s] Invoking command in '/home/ph/wsfake/helios16p_ws/src/helios16p_cane_robot': PYTHONPATH=/home/ph/wsfake/helios16p_ws/build/helios16p_cane_robot/prefix_override:/usr/lib/python3/dist-packages/colcon_core/task/python/colcon_distutils_commands:/home/ph/wsfake/helios16p_ws/install/helios16p_cane_robot/lib/python3.10/site-packages:${PYTHONPATH} /usr/bin/python3 -W ignore:setup.py install is deprecated -W ignore:easy_install command is deprecated setup.py egg_info --egg-base ../../build/helios16p_cane_robot build --build-base /home/ph/wsfake/helios16p_ws/build/helios16p_cane_robot/build install --record /home/ph/wsfake/helios16p_ws/build/helios16p_cane_robot/install.log --single-version-externally-managed install_data
[1.444s] running egg_info
[1.470s] creating ../../build/helios16p_cane_robot/helios16p_cane_robot.egg-info
[1.470s] writing ../../build/helios16p_cane_robot/helios16p_cane_robot.egg-info/PKG-INFO
[1.470s] writing dependency_links to ../../build/helios16p_cane_robot/helios16p_cane_robot.egg-info/dependency_links.txt
[1.471s] writing requirements to ../../build/helios16p_cane_robot/helios16p_cane_robot.egg-info/requires.txt
[1.471s] writing top-level names to ../../build/helios16p_cane_robot/helios16p_cane_robot.egg-info/top_level.txt
[1.471s] writing manifest file '../../build/helios16p_cane_robot/helios16p_cane_robot.egg-info/SOURCES.txt'
[1.524s] reading manifest file '../../build/helios16p_cane_robot/helios16p_cane_robot.egg-info/SOURCES.txt'
[1.526s] writing manifest file '../../build/helios16p_cane_robot/helios16p_cane_robot.egg-info/SOURCES.txt'
[1.526s] running build
[1.526s] running build_py
[1.526s] creating /home/ph/wsfake/helios16p_ws/build/helios16p_cane_robot/build/lib/helios16p_cane_robot
[1.526s] copying helios16p_cane_robot/__init__.py -> /home/ph/wsfake/helios16p_ws/build/helios16p_cane_robot/build/lib/helios16p_cane_robot
[1.527s] running install
[1.531s] running install_lib
[1.557s] creating /home/ph/wsfake/helios16p_ws/install/helios16p_cane_robot/lib/python3.10/site-packages/helios16p_cane_robot
[1.558s] copying /home/ph/wsfake/helios16p_ws/build/helios16p_cane_robot/build/lib/helios16p_cane_robot/__init__.py -> /home/ph/wsfake/helios16p_ws/install/helios16p_cane_robot/lib/python3.10/site-packages/helios16p_cane_robot
[1.558s] byte-compiling /home/ph/wsfake/helios16p_ws/install/helios16p_cane_robot/lib/python3.10/site-packages/helios16p_cane_robot/__init__.py to __init__.cpython-310.pyc
[1.558s] running install_data
[1.558s] creating /home/ph/wsfake/helios16p_ws/install/helios16p_cane_robot/share/ament_index/resource_index/packages
[1.559s] copying resource/helios16p_cane_robot -> /home/ph/wsfake/helios16p_ws/install/helios16p_cane_robot/share/ament_index/resource_index/packages
[1.559s] copying package.xml -> /home/ph/wsfake/helios16p_ws/install/helios16p_cane_robot/share/helios16p_cane_robot
[1.559s] creating /home/ph/wsfake/helios16p_ws/install/helios16p_cane_robot/share/helios16p_cane_robot/launch
[1.560s] copying launch/helios16p_cane_robot.launch.py -> /home/ph/wsfake/helios16p_ws/install/helios16p_cane_robot/share/helios16p_cane_robot/launch
[1.560s] copying launch/helios16p.launch.py -> /home/ph/wsfake/helios16p_ws/install/helios16p_cane_robot/share/helios16p_cane_robot/launch
[1.560s] running install_egg_info
[1.587s] Copying ../../build/helios16p_cane_robot/helios16p_cane_robot.egg-info to /home/ph/wsfake/helios16p_ws/install/helios16p_cane_robot/lib/python3.10/site-packages/helios16p_cane_robot-0.0.0-py3.10.egg-info
[1.588s] running install_scripts
[1.788s] writing list of installed files to '/home/ph/wsfake/helios16p_ws/build/helios16p_cane_robot/install.log'
[1.829s] Invoked command in '/home/ph/wsfake/helios16p_ws/src/helios16p_cane_robot' returned '0': PYTHONPATH=/home/ph/wsfake/helios16p_ws/build/helios16p_cane_robot/prefix_override:/usr/lib/python3/dist-packages/colcon_core/task/python/colcon_distutils_commands:/home/ph/wsfake/helios16p_ws/install/helios16p_cane_robot/lib/python3.10/site-packages:${PYTHONPATH} /usr/bin/python3 -W ignore:setup.py install is deprecated -W ignore:easy_install command is deprecated setup.py egg_info --egg-base ../../build/helios16p_cane_robot build --build-base /home/ph/wsfake/helios16p_ws/build/helios16p_cane_robot/build install --record /home/ph/wsfake/helios16p_ws/build/helios16p_cane_robot/install.log --single-version-externally-managed install_data
