[0.146s] DEBUG:colcon:Command line arguments: ['/usr/bin/colcon', 'build']
[0.146s] DEBUG:colcon:Parsed command line arguments: Namespace(log_base=None, log_level=None, verb_name='build', build_base='build', install_base='install', merge_install=False, symlink_install=False, test_result_base=None, continue_on_error=False, executor='parallel', parallel_workers=8, event_handlers=None, ignore_user_meta=False, metas=['./colcon.meta'], base_paths=['.'], packages_ignore=None, packages_ignore_regex=None, paths=None, packages_up_to=None, packages_up_to_regex=None, packages_above=None, packages_above_and_dependencies=None, packages_above_depth=None, packages_select_by_dep=None, packages_skip_by_dep=None, packages_skip_up_to=None, packages_select_build_failed=False, packages_skip_build_finished=False, packages_select_test_failures=False, packages_skip_test_passed=False, packages_select=None, packages_skip=None, packages_select_regex=None, packages_skip_regex=None, packages_start=None, packages_end=None, allow_overriding=[], cmake_args=None, cmake_target=None, cmake_target_skip_unavailable=False, cmake_clean_cache=False, cmake_clean_first=False, cmake_force_configure=False, ament_cmake_args=None, catkin_cmake_args=None, catkin_skip_building_tests=False, mixin_files=None, mixin=None, verb_parser=<colcon_mixin.mixin.mixin_argument.MixinArgumentDecorator object at 0x7fbaf21c7d00>, verb_extension=<colcon_core.verb.build.BuildVerb object at 0x7fbaf21c7310>, main=<bound method BuildVerb.main of <colcon_core.verb.build.BuildVerb object at 0x7fbaf21c7310>>, mixin_verb=('build',))
[0.365s] Level 1:colcon.colcon_core.package_discovery:discover_packages(colcon_meta) check parameters
[0.365s] Level 1:colcon.colcon_core.package_discovery:discover_packages(recursive) check parameters
[0.365s] Level 1:colcon.colcon_core.package_discovery:discover_packages(ignore) check parameters
[0.365s] Level 1:colcon.colcon_core.package_discovery:discover_packages(path) check parameters
[0.365s] Level 1:colcon.colcon_core.package_discovery:discover_packages(colcon_meta) discover
[0.365s] Level 1:colcon.colcon_core.package_discovery:discover_packages(recursive) discover
[0.365s] INFO:colcon.colcon_core.package_discovery:Crawling recursively for packages in '/home/ph/launch_ws'
[0.366s] Level 1:colcon.colcon_core.package_identification:_identify(.) by extensions ['ignore', 'ignore_ament_install']
[0.366s] Level 1:colcon.colcon_core.package_identification:_identify(.) by extension 'ignore'
[0.366s] Level 1:colcon.colcon_core.package_identification:_identify(.) by extension 'ignore_ament_install'
[0.366s] Level 1:colcon.colcon_core.package_identification:_identify(.) by extensions ['colcon_pkg']
[0.366s] Level 1:colcon.colcon_core.package_identification:_identify(.) by extension 'colcon_pkg'
[0.366s] Level 1:colcon.colcon_core.package_identification:_identify(.) by extensions ['colcon_meta']
[0.366s] Level 1:colcon.colcon_core.package_identification:_identify(.) by extension 'colcon_meta'
[0.366s] Level 1:colcon.colcon_core.package_identification:_identify(.) by extensions ['ros']
[0.366s] Level 1:colcon.colcon_core.package_identification:_identify(.) by extension 'ros'
[0.380s] Level 1:colcon.colcon_core.package_identification:_identify(.) by extensions ['cmake', 'python']
[0.380s] Level 1:colcon.colcon_core.package_identification:_identify(.) by extension 'cmake'
[0.380s] Level 1:colcon.colcon_core.package_identification:_identify(.) by extension 'python'
[0.380s] Level 1:colcon.colcon_core.package_identification:_identify(.) by extensions ['python_setup_py']
[0.380s] Level 1:colcon.colcon_core.package_identification:_identify(.) by extension 'python_setup_py'
[0.380s] Level 1:colcon.colcon_core.package_identification:_identify(build) by extensions ['ignore', 'ignore_ament_install']
[0.381s] Level 1:colcon.colcon_core.package_identification:_identify(build) by extension 'ignore'
[0.381s] Level 1:colcon.colcon_core.package_identification:_identify(build) ignored
[0.381s] Level 1:colcon.colcon_core.package_identification:_identify(install) by extensions ['ignore', 'ignore_ament_install']
[0.381s] Level 1:colcon.colcon_core.package_identification:_identify(install) by extension 'ignore'
[0.381s] Level 1:colcon.colcon_core.package_identification:_identify(install) ignored
[0.381s] Level 1:colcon.colcon_core.package_identification:_identify(log) by extensions ['ignore', 'ignore_ament_install']
[0.381s] Level 1:colcon.colcon_core.package_identification:_identify(log) by extension 'ignore'
[0.381s] Level 1:colcon.colcon_core.package_identification:_identify(log) ignored
[0.381s] Level 1:colcon.colcon_core.package_identification:_identify(src) by extensions ['ignore', 'ignore_ament_install']
[0.381s] Level 1:colcon.colcon_core.package_identification:_identify(src) by extension 'ignore'
[0.381s] Level 1:colcon.colcon_core.package_identification:_identify(src) by extension 'ignore_ament_install'
[0.382s] Level 1:colcon.colcon_core.package_identification:_identify(src) by extensions ['colcon_pkg']
[0.382s] Level 1:colcon.colcon_core.package_identification:_identify(src) by extension 'colcon_pkg'
[0.382s] Level 1:colcon.colcon_core.package_identification:_identify(src) by extensions ['colcon_meta']
[0.382s] Level 1:colcon.colcon_core.package_identification:_identify(src) by extension 'colcon_meta'
[0.382s] Level 1:colcon.colcon_core.package_identification:_identify(src) by extensions ['ros']
[0.382s] Level 1:colcon.colcon_core.package_identification:_identify(src) by extension 'ros'
[0.382s] Level 1:colcon.colcon_core.package_identification:_identify(src) by extensions ['cmake', 'python']
[0.382s] Level 1:colcon.colcon_core.package_identification:_identify(src) by extension 'cmake'
[0.382s] Level 1:colcon.colcon_core.package_identification:_identify(src) by extension 'python'
[0.382s] Level 1:colcon.colcon_core.package_identification:_identify(src) by extensions ['python_setup_py']
[0.382s] Level 1:colcon.colcon_core.package_identification:_identify(src) by extension 'python_setup_py'
[0.382s] Level 1:colcon.colcon_core.package_identification:_identify(src/cpp_launch_example) by extensions ['ignore', 'ignore_ament_install']
[0.382s] Level 1:colcon.colcon_core.package_identification:_identify(src/cpp_launch_example) by extension 'ignore'
[0.382s] Level 1:colcon.colcon_core.package_identification:_identify(src/cpp_launch_example) by extension 'ignore_ament_install'
[0.382s] Level 1:colcon.colcon_core.package_identification:_identify(src/cpp_launch_example) by extensions ['colcon_pkg']
[0.382s] Level 1:colcon.colcon_core.package_identification:_identify(src/cpp_launch_example) by extension 'colcon_pkg'
[0.382s] Level 1:colcon.colcon_core.package_identification:_identify(src/cpp_launch_example) by extensions ['colcon_meta']
[0.382s] Level 1:colcon.colcon_core.package_identification:_identify(src/cpp_launch_example) by extension 'colcon_meta'
[0.383s] Level 1:colcon.colcon_core.package_identification:_identify(src/cpp_launch_example) by extensions ['ros']
[0.383s] Level 1:colcon.colcon_core.package_identification:_identify(src/cpp_launch_example) by extension 'ros'
[0.385s] DEBUG:colcon.colcon_core.package_identification:Package 'src/cpp_launch_example' with type 'ros.ament_cmake' and name 'cpp_launch_example'
[0.385s] Level 1:colcon.colcon_core.package_identification:_identify(src/launch_tutorial) by extensions ['ignore', 'ignore_ament_install']
[0.386s] Level 1:colcon.colcon_core.package_identification:_identify(src/launch_tutorial) by extension 'ignore'
[0.386s] Level 1:colcon.colcon_core.package_identification:_identify(src/launch_tutorial) by extension 'ignore_ament_install'
[0.386s] Level 1:colcon.colcon_core.package_identification:_identify(src/launch_tutorial) by extensions ['colcon_pkg']
[0.386s] Level 1:colcon.colcon_core.package_identification:_identify(src/launch_tutorial) by extension 'colcon_pkg'
[0.386s] Level 1:colcon.colcon_core.package_identification:_identify(src/launch_tutorial) by extensions ['colcon_meta']
[0.386s] Level 1:colcon.colcon_core.package_identification:_identify(src/launch_tutorial) by extension 'colcon_meta'
[0.386s] Level 1:colcon.colcon_core.package_identification:_identify(src/launch_tutorial) by extensions ['ros']
[0.386s] Level 1:colcon.colcon_core.package_identification:_identify(src/launch_tutorial) by extension 'ros'
[0.401s] DEBUG:colcon.colcon_core.package_identification:Package 'src/launch_tutorial' with type 'ros.ament_cmake' and name 'launch_tutorial'
[0.401s] Level 1:colcon.colcon_core.package_identification:_identify(src/py_launch_example) by extensions ['ignore', 'ignore_ament_install']
[0.401s] Level 1:colcon.colcon_core.package_identification:_identify(src/py_launch_example) by extension 'ignore'
[0.401s] Level 1:colcon.colcon_core.package_identification:_identify(src/py_launch_example) by extension 'ignore_ament_install'
[0.401s] Level 1:colcon.colcon_core.package_identification:_identify(src/py_launch_example) by extensions ['colcon_pkg']
[0.401s] Level 1:colcon.colcon_core.package_identification:_identify(src/py_launch_example) by extension 'colcon_pkg'
[0.401s] Level 1:colcon.colcon_core.package_identification:_identify(src/py_launch_example) by extensions ['colcon_meta']
[0.401s] Level 1:colcon.colcon_core.package_identification:_identify(src/py_launch_example) by extension 'colcon_meta'
[0.402s] Level 1:colcon.colcon_core.package_identification:_identify(src/py_launch_example) by extensions ['ros']
[0.402s] Level 1:colcon.colcon_core.package_identification:_identify(src/py_launch_example) by extension 'ros'
[0.402s] DEBUG:colcon.colcon_core.package_identification:Package 'src/py_launch_example' with type 'ros.ament_python' and name 'py_launch_example'
[0.402s] Level 1:colcon.colcon_core.package_discovery:discover_packages(recursive) using defaults
[0.402s] Level 1:colcon.colcon_core.package_discovery:discover_packages(ignore) discover
[0.402s] Level 1:colcon.colcon_core.package_discovery:discover_packages(ignore) using defaults
[0.402s] Level 1:colcon.colcon_core.package_discovery:discover_packages(path) discover
[0.402s] Level 1:colcon.colcon_core.package_discovery:discover_packages(path) using defaults
[0.425s] Level 1:colcon.colcon_core.package_discovery:discover_packages(prefix_path) check parameters
[0.425s] Level 1:colcon.colcon_core.package_discovery:discover_packages(prefix_path) discover
[0.427s] DEBUG:colcon.colcon_installed_package_information.package_discovery:Found 3 installed packages in /home/ph/launch_ws/install
[0.428s] DEBUG:colcon.colcon_installed_package_information.package_discovery:Found 15 installed packages in /home/ph/ros2_firstw/install
[0.430s] DEBUG:colcon.colcon_installed_package_information.package_discovery:Found 323 installed packages in /opt/ros/humble
[0.432s] Level 1:colcon.colcon_core.package_discovery:discover_packages(prefix_path) using defaults
[0.485s] Level 5:colcon.colcon_core.verb:set package 'cpp_launch_example' build argument 'cmake_args' from command line to 'None'
[0.486s] Level 5:colcon.colcon_core.verb:set package 'cpp_launch_example' build argument 'cmake_target' from command line to 'None'
[0.486s] Level 5:colcon.colcon_core.verb:set package 'cpp_launch_example' build argument 'cmake_target_skip_unavailable' from command line to 'False'
[0.486s] Level 5:colcon.colcon_core.verb:set package 'cpp_launch_example' build argument 'cmake_clean_cache' from command line to 'False'
[0.486s] Level 5:colcon.colcon_core.verb:set package 'cpp_launch_example' build argument 'cmake_clean_first' from command line to 'False'
[0.486s] Level 5:colcon.colcon_core.verb:set package 'cpp_launch_example' build argument 'cmake_force_configure' from command line to 'False'
[0.486s] Level 5:colcon.colcon_core.verb:set package 'cpp_launch_example' build argument 'ament_cmake_args' from command line to 'None'
[0.486s] Level 5:colcon.colcon_core.verb:set package 'cpp_launch_example' build argument 'catkin_cmake_args' from command line to 'None'
[0.486s] Level 5:colcon.colcon_core.verb:set package 'cpp_launch_example' build argument 'catkin_skip_building_tests' from command line to 'False'
[0.486s] DEBUG:colcon.colcon_core.verb:Building package 'cpp_launch_example' with the following arguments: {'ament_cmake_args': None, 'build_base': '/home/ph/launch_ws/build/cpp_launch_example', 'catkin_cmake_args': None, 'catkin_skip_building_tests': False, 'cmake_args': None, 'cmake_clean_cache': False, 'cmake_clean_first': False, 'cmake_force_configure': False, 'cmake_target': None, 'cmake_target_skip_unavailable': False, 'install_base': '/home/ph/launch_ws/install/cpp_launch_example', 'merge_install': False, 'path': '/home/ph/launch_ws/src/cpp_launch_example', 'symlink_install': False, 'test_result_base': None}
[0.486s] Level 5:colcon.colcon_core.verb:set package 'launch_tutorial' build argument 'cmake_args' from command line to 'None'
[0.486s] Level 5:colcon.colcon_core.verb:set package 'launch_tutorial' build argument 'cmake_target' from command line to 'None'
[0.486s] Level 5:colcon.colcon_core.verb:set package 'launch_tutorial' build argument 'cmake_target_skip_unavailable' from command line to 'False'
[0.486s] Level 5:colcon.colcon_core.verb:set package 'launch_tutorial' build argument 'cmake_clean_cache' from command line to 'False'
[0.486s] Level 5:colcon.colcon_core.verb:set package 'launch_tutorial' build argument 'cmake_clean_first' from command line to 'False'
[0.486s] Level 5:colcon.colcon_core.verb:set package 'launch_tutorial' build argument 'cmake_force_configure' from command line to 'False'
[0.486s] Level 5:colcon.colcon_core.verb:set package 'launch_tutorial' build argument 'ament_cmake_args' from command line to 'None'
[0.486s] Level 5:colcon.colcon_core.verb:set package 'launch_tutorial' build argument 'catkin_cmake_args' from command line to 'None'
[0.486s] Level 5:colcon.colcon_core.verb:set package 'launch_tutorial' build argument 'catkin_skip_building_tests' from command line to 'False'
[0.487s] DEBUG:colcon.colcon_core.verb:Building package 'launch_tutorial' with the following arguments: {'ament_cmake_args': None, 'build_base': '/home/ph/launch_ws/build/launch_tutorial', 'catkin_cmake_args': None, 'catkin_skip_building_tests': False, 'cmake_args': None, 'cmake_clean_cache': False, 'cmake_clean_first': False, 'cmake_force_configure': False, 'cmake_target': None, 'cmake_target_skip_unavailable': False, 'install_base': '/home/ph/launch_ws/install/launch_tutorial', 'merge_install': False, 'path': '/home/ph/launch_ws/src/launch_tutorial', 'symlink_install': False, 'test_result_base': None}
[0.487s] Level 5:colcon.colcon_core.verb:set package 'py_launch_example' build argument 'cmake_args' from command line to 'None'
[0.487s] Level 5:colcon.colcon_core.verb:set package 'py_launch_example' build argument 'cmake_target' from command line to 'None'
[0.487s] Level 5:colcon.colcon_core.verb:set package 'py_launch_example' build argument 'cmake_target_skip_unavailable' from command line to 'False'
[0.487s] Level 5:colcon.colcon_core.verb:set package 'py_launch_example' build argument 'cmake_clean_cache' from command line to 'False'
[0.487s] Level 5:colcon.colcon_core.verb:set package 'py_launch_example' build argument 'cmake_clean_first' from command line to 'False'
[0.487s] Level 5:colcon.colcon_core.verb:set package 'py_launch_example' build argument 'cmake_force_configure' from command line to 'False'
[0.487s] Level 5:colcon.colcon_core.verb:set package 'py_launch_example' build argument 'ament_cmake_args' from command line to 'None'
[0.487s] Level 5:colcon.colcon_core.verb:set package 'py_launch_example' build argument 'catkin_cmake_args' from command line to 'None'
[0.487s] Level 5:colcon.colcon_core.verb:set package 'py_launch_example' build argument 'catkin_skip_building_tests' from command line to 'False'
[0.487s] DEBUG:colcon.colcon_core.verb:Building package 'py_launch_example' with the following arguments: {'ament_cmake_args': None, 'build_base': '/home/ph/launch_ws/build/py_launch_example', 'catkin_cmake_args': None, 'catkin_skip_building_tests': False, 'cmake_args': None, 'cmake_clean_cache': False, 'cmake_clean_first': False, 'cmake_force_configure': False, 'cmake_target': None, 'cmake_target_skip_unavailable': False, 'install_base': '/home/ph/launch_ws/install/py_launch_example', 'merge_install': False, 'path': '/home/ph/launch_ws/src/py_launch_example', 'symlink_install': False, 'test_result_base': None}
[0.487s] INFO:colcon.colcon_core.executor:Executing jobs using 'parallel' executor
[0.489s] DEBUG:colcon.colcon_parallel_executor.executor.parallel:run_until_complete
[0.489s] INFO:colcon.colcon_ros.task.ament_cmake.build:Building ROS package in '/home/ph/launch_ws/src/cpp_launch_example' with build type 'ament_cmake'
[0.489s] INFO:colcon.colcon_cmake.task.cmake.build:Building CMake package in '/home/ph/launch_ws/src/cpp_launch_example'
[0.492s] INFO:colcon.colcon_core.plugin_system:Skipping extension 'colcon_core.shell.bat': Not used on non-Windows systems
[0.492s] INFO:colcon.colcon_core.shell:Skip shell extension 'powershell' for command environment: Not usable outside of PowerShell
[0.492s] DEBUG:colcon.colcon_core.shell:Skip shell extension 'dsv' for command environment
[0.498s] INFO:colcon.colcon_ros.task.ament_cmake.build:Building ROS package in '/home/ph/launch_ws/src/launch_tutorial' with build type 'ament_cmake'
[0.498s] INFO:colcon.colcon_cmake.task.cmake.build:Building CMake package in '/home/ph/launch_ws/src/launch_tutorial'
[0.498s] INFO:colcon.colcon_core.shell:Skip shell extension 'powershell' for command environment: Not usable outside of PowerShell
[0.498s] DEBUG:colcon.colcon_core.shell:Skip shell extension 'dsv' for command environment
[0.504s] INFO:colcon.colcon_ros.task.ament_python.build:Building ROS package in '/home/ph/launch_ws/src/py_launch_example' with build type 'ament_python'
[0.504s] Level 1:colcon.colcon_core.shell:create_environment_hook('py_launch_example', 'ament_prefix_path')
[0.505s] INFO:colcon.colcon_core.shell:Creating environment hook '/home/ph/launch_ws/install/py_launch_example/share/py_launch_example/hook/ament_prefix_path.ps1'
[0.506s] INFO:colcon.colcon_core.shell:Creating environment descriptor '/home/ph/launch_ws/install/py_launch_example/share/py_launch_example/hook/ament_prefix_path.dsv'
[0.506s] INFO:colcon.colcon_core.shell:Creating environment hook '/home/ph/launch_ws/install/py_launch_example/share/py_launch_example/hook/ament_prefix_path.sh'
[0.507s] INFO:colcon.colcon_core.shell:Skip shell extension 'powershell' for command environment: Not usable outside of PowerShell
[0.507s] DEBUG:colcon.colcon_core.shell:Skip shell extension 'dsv' for command environment
[0.521s] DEBUG:colcon.colcon_core.event_handler.log_command:Invoking command in '/home/ph/launch_ws/build/cpp_launch_example': CMAKE_PREFIX_PATH=${CMAKE_PREFIX_PATH}:/home/ph/launch_ws/install/py_launch_example:/opt/ros/humble /usr/bin/cmake --build /home/ph/launch_ws/build/cpp_launch_example -- -j8 -l8
[0.526s] DEBUG:colcon.colcon_core.event_handler.log_command:Invoking command in '/home/ph/launch_ws/build/launch_tutorial': CMAKE_PREFIX_PATH=${CMAKE_PREFIX_PATH}:/home/ph/launch_ws/install/py_launch_example:/opt/ros/humble /usr/bin/cmake --build /home/ph/launch_ws/build/launch_tutorial -- -j8 -l8
[0.865s] INFO:colcon.colcon_core.task.python.build:Building Python package in '/home/ph/launch_ws/src/py_launch_example'
[0.866s] INFO:colcon.colcon_core.shell:Skip shell extension 'powershell' for command environment: Not usable outside of PowerShell
[0.866s] DEBUG:colcon.colcon_core.shell:Skip shell extension 'dsv' for command environment
[0.876s] DEBUG:colcon.colcon_core.event_handler.log_command:Invoked command in '/home/ph/launch_ws/build/launch_tutorial' returned '0': CMAKE_PREFIX_PATH=${CMAKE_PREFIX_PATH}:/home/ph/launch_ws/install/py_launch_example:/opt/ros/humble /usr/bin/cmake --build /home/ph/launch_ws/build/launch_tutorial -- -j8 -l8
[0.903s] DEBUG:colcon.colcon_core.event_handler.log_command:Invoking command in '/home/ph/launch_ws/build/launch_tutorial': CMAKE_PREFIX_PATH=${CMAKE_PREFIX_PATH}:/home/ph/launch_ws/install/py_launch_example:/opt/ros/humble /usr/bin/cmake --install /home/ph/launch_ws/build/launch_tutorial
[0.904s] DEBUG:colcon.colcon_core.event_handler.log_command:Invoked command in '/home/ph/launch_ws/build/cpp_launch_example' returned '0': CMAKE_PREFIX_PATH=${CMAKE_PREFIX_PATH}:/home/ph/launch_ws/install/py_launch_example:/opt/ros/humble /usr/bin/cmake --build /home/ph/launch_ws/build/cpp_launch_example -- -j8 -l8
[0.910s] DEBUG:colcon.colcon_core.event_handler.log_command:Invoking command in '/home/ph/launch_ws/build/cpp_launch_example': CMAKE_PREFIX_PATH=${CMAKE_PREFIX_PATH}:/home/ph/launch_ws/install/py_launch_example:/opt/ros/humble /usr/bin/cmake --install /home/ph/launch_ws/build/cpp_launch_example
[0.924s] Level 1:colcon.colcon_core.environment:create_environment_scripts_only(launch_tutorial)
[0.925s] DEBUG:colcon.colcon_core.event_handler.log_command:Invoked command in '/home/ph/launch_ws/build/launch_tutorial' returned '0': CMAKE_PREFIX_PATH=${CMAKE_PREFIX_PATH}:/home/ph/launch_ws/install/py_launch_example:/opt/ros/humble /usr/bin/cmake --install /home/ph/launch_ws/build/launch_tutorial
[0.928s] Level 1:colcon.colcon_core.environment:checking '/home/ph/launch_ws/install/launch_tutorial' for CMake module files
[0.929s] Level 1:colcon.colcon_core.environment:checking '/home/ph/launch_ws/install/launch_tutorial' for CMake config files
[0.929s] Level 1:colcon.colcon_core.shell:create_environment_hook('launch_tutorial', 'cmake_prefix_path')
[0.930s] INFO:colcon.colcon_core.shell:Creating environment hook '/home/ph/launch_ws/install/launch_tutorial/share/launch_tutorial/hook/cmake_prefix_path.ps1'
[0.931s] INFO:colcon.colcon_core.shell:Creating environment descriptor '/home/ph/launch_ws/install/launch_tutorial/share/launch_tutorial/hook/cmake_prefix_path.dsv'
[0.932s] INFO:colcon.colcon_core.shell:Creating environment hook '/home/ph/launch_ws/install/launch_tutorial/share/launch_tutorial/hook/cmake_prefix_path.sh'
[0.934s] Level 1:colcon.colcon_core.environment:checking '/home/ph/launch_ws/install/launch_tutorial/bin'
[0.935s] Level 1:colcon.colcon_core.environment:checking '/home/ph/launch_ws/install/launch_tutorial/lib/pkgconfig/launch_tutorial.pc'
[0.935s] Level 1:colcon.colcon_core.environment:checking '/home/ph/launch_ws/install/launch_tutorial/lib/python3.10/site-packages'
[0.936s] Level 1:colcon.colcon_core.environment:checking '/home/ph/launch_ws/install/launch_tutorial/bin'
[0.936s] INFO:colcon.colcon_core.shell:Creating package script '/home/ph/launch_ws/install/launch_tutorial/share/launch_tutorial/package.ps1'
[0.938s] INFO:colcon.colcon_core.shell:Creating package descriptor '/home/ph/launch_ws/install/launch_tutorial/share/launch_tutorial/package.dsv'
[0.939s] INFO:colcon.colcon_core.shell:Creating package script '/home/ph/launch_ws/install/launch_tutorial/share/launch_tutorial/package.sh'
[0.941s] INFO:colcon.colcon_core.shell:Creating package script '/home/ph/launch_ws/install/launch_tutorial/share/launch_tutorial/package.bash'
[0.943s] INFO:colcon.colcon_core.shell:Creating package script '/home/ph/launch_ws/install/launch_tutorial/share/launch_tutorial/package.zsh'
[0.945s] Level 1:colcon.colcon_core.environment:create_file_with_runtime_dependencies(/home/ph/launch_ws/install/launch_tutorial/share/colcon-core/packages/launch_tutorial)
[0.946s] Level 1:colcon.colcon_core.environment:create_environment_scripts_only(launch_tutorial)
[0.947s] Level 1:colcon.colcon_core.environment:checking '/home/ph/launch_ws/install/launch_tutorial' for CMake module files
[0.948s] Level 1:colcon.colcon_core.environment:checking '/home/ph/launch_ws/install/launch_tutorial' for CMake config files
[0.949s] Level 1:colcon.colcon_core.shell:create_environment_hook('launch_tutorial', 'cmake_prefix_path')
[0.950s] INFO:colcon.colcon_core.shell:Creating environment hook '/home/ph/launch_ws/install/launch_tutorial/share/launch_tutorial/hook/cmake_prefix_path.ps1'
[0.951s] INFO:colcon.colcon_core.shell:Creating environment descriptor '/home/ph/launch_ws/install/launch_tutorial/share/launch_tutorial/hook/cmake_prefix_path.dsv'
[0.952s] INFO:colcon.colcon_core.shell:Creating environment hook '/home/ph/launch_ws/install/launch_tutorial/share/launch_tutorial/hook/cmake_prefix_path.sh'
[0.953s] Level 1:colcon.colcon_core.environment:checking '/home/ph/launch_ws/install/launch_tutorial/bin'
[0.953s] Level 1:colcon.colcon_core.environment:checking '/home/ph/launch_ws/install/launch_tutorial/lib/pkgconfig/launch_tutorial.pc'
[0.954s] Level 1:colcon.colcon_core.environment:checking '/home/ph/launch_ws/install/launch_tutorial/lib/python3.10/site-packages'
[0.955s] Level 1:colcon.colcon_core.environment:checking '/home/ph/launch_ws/install/launch_tutorial/bin'
[0.955s] INFO:colcon.colcon_core.shell:Creating package script '/home/ph/launch_ws/install/launch_tutorial/share/launch_tutorial/package.ps1'
[0.957s] INFO:colcon.colcon_core.shell:Creating package descriptor '/home/ph/launch_ws/install/launch_tutorial/share/launch_tutorial/package.dsv'
[0.959s] INFO:colcon.colcon_core.shell:Creating package script '/home/ph/launch_ws/install/launch_tutorial/share/launch_tutorial/package.sh'
[0.960s] INFO:colcon.colcon_core.shell:Creating package script '/home/ph/launch_ws/install/launch_tutorial/share/launch_tutorial/package.bash'
[0.961s] INFO:colcon.colcon_core.shell:Creating package script '/home/ph/launch_ws/install/launch_tutorial/share/launch_tutorial/package.zsh'
[0.962s] Level 1:colcon.colcon_core.environment:create_file_with_runtime_dependencies(/home/ph/launch_ws/install/launch_tutorial/share/colcon-core/packages/launch_tutorial)
[0.964s] Level 1:colcon.colcon_core.environment:create_environment_scripts_only(cpp_launch_example)
[0.965s] Level 1:colcon.colcon_core.environment:checking '/home/ph/launch_ws/install/cpp_launch_example' for CMake module files
[0.967s] DEBUG:colcon.colcon_core.event_handler.log_command:Invoked command in '/home/ph/launch_ws/build/cpp_launch_example' returned '0': CMAKE_PREFIX_PATH=${CMAKE_PREFIX_PATH}:/home/ph/launch_ws/install/py_launch_example:/opt/ros/humble /usr/bin/cmake --install /home/ph/launch_ws/build/cpp_launch_example
[0.967s] Level 1:colcon.colcon_core.environment:checking '/home/ph/launch_ws/install/cpp_launch_example' for CMake config files
[0.968s] Level 1:colcon.colcon_core.shell:create_environment_hook('cpp_launch_example', 'cmake_prefix_path')
[0.968s] INFO:colcon.colcon_core.shell:Creating environment hook '/home/ph/launch_ws/install/cpp_launch_example/share/cpp_launch_example/hook/cmake_prefix_path.ps1'
[0.970s] INFO:colcon.colcon_core.shell:Creating environment descriptor '/home/ph/launch_ws/install/cpp_launch_example/share/cpp_launch_example/hook/cmake_prefix_path.dsv'
[0.971s] INFO:colcon.colcon_core.shell:Creating environment hook '/home/ph/launch_ws/install/cpp_launch_example/share/cpp_launch_example/hook/cmake_prefix_path.sh'
[0.972s] Level 1:colcon.colcon_core.environment:checking '/home/ph/launch_ws/install/cpp_launch_example/bin'
[0.972s] Level 1:colcon.colcon_core.environment:checking '/home/ph/launch_ws/install/cpp_launch_example/lib/pkgconfig/cpp_launch_example.pc'
[0.973s] Level 1:colcon.colcon_core.environment:checking '/home/ph/launch_ws/install/cpp_launch_example/lib/python3.10/site-packages'
[0.973s] Level 1:colcon.colcon_core.environment:checking '/home/ph/launch_ws/install/cpp_launch_example/bin'
[0.973s] INFO:colcon.colcon_core.shell:Creating package script '/home/ph/launch_ws/install/cpp_launch_example/share/cpp_launch_example/package.ps1'
[0.974s] INFO:colcon.colcon_core.shell:Creating package descriptor '/home/ph/launch_ws/install/cpp_launch_example/share/cpp_launch_example/package.dsv'
[0.975s] INFO:colcon.colcon_core.shell:Creating package script '/home/ph/launch_ws/install/cpp_launch_example/share/cpp_launch_example/package.sh'
[0.975s] INFO:colcon.colcon_core.shell:Creating package script '/home/ph/launch_ws/install/cpp_launch_example/share/cpp_launch_example/package.bash'
[0.975s] INFO:colcon.colcon_core.shell:Creating package script '/home/ph/launch_ws/install/cpp_launch_example/share/cpp_launch_example/package.zsh'
[0.976s] Level 1:colcon.colcon_core.environment:create_file_with_runtime_dependencies(/home/ph/launch_ws/install/cpp_launch_example/share/colcon-core/packages/cpp_launch_example)
[0.976s] Level 1:colcon.colcon_core.environment:create_environment_scripts_only(cpp_launch_example)
[0.977s] Level 1:colcon.colcon_core.environment:checking '/home/ph/launch_ws/install/cpp_launch_example' for CMake module files
[0.977s] Level 1:colcon.colcon_core.environment:checking '/home/ph/launch_ws/install/cpp_launch_example' for CMake config files
[0.977s] Level 1:colcon.colcon_core.shell:create_environment_hook('cpp_launch_example', 'cmake_prefix_path')
[0.978s] INFO:colcon.colcon_core.shell:Creating environment hook '/home/ph/launch_ws/install/cpp_launch_example/share/cpp_launch_example/hook/cmake_prefix_path.ps1'
[0.978s] INFO:colcon.colcon_core.shell:Creating environment descriptor '/home/ph/launch_ws/install/cpp_launch_example/share/cpp_launch_example/hook/cmake_prefix_path.dsv'
[0.979s] INFO:colcon.colcon_core.shell:Creating environment hook '/home/ph/launch_ws/install/cpp_launch_example/share/cpp_launch_example/hook/cmake_prefix_path.sh'
[0.979s] Level 1:colcon.colcon_core.environment:checking '/home/ph/launch_ws/install/cpp_launch_example/bin'
[0.979s] Level 1:colcon.colcon_core.environment:checking '/home/ph/launch_ws/install/cpp_launch_example/lib/pkgconfig/cpp_launch_example.pc'
[0.979s] Level 1:colcon.colcon_core.environment:checking '/home/ph/launch_ws/install/cpp_launch_example/lib/python3.10/site-packages'
[0.980s] Level 1:colcon.colcon_core.environment:checking '/home/ph/launch_ws/install/cpp_launch_example/bin'
[0.980s] INFO:colcon.colcon_core.shell:Creating package script '/home/ph/launch_ws/install/cpp_launch_example/share/cpp_launch_example/package.ps1'
[0.981s] INFO:colcon.colcon_core.shell:Creating package descriptor '/home/ph/launch_ws/install/cpp_launch_example/share/cpp_launch_example/package.dsv'
[0.981s] INFO:colcon.colcon_core.shell:Creating package script '/home/ph/launch_ws/install/cpp_launch_example/share/cpp_launch_example/package.sh'
[0.982s] INFO:colcon.colcon_core.shell:Creating package script '/home/ph/launch_ws/install/cpp_launch_example/share/cpp_launch_example/package.bash'
[0.982s] INFO:colcon.colcon_core.shell:Creating package script '/home/ph/launch_ws/install/cpp_launch_example/share/cpp_launch_example/package.zsh'
[0.983s] Level 1:colcon.colcon_core.environment:create_file_with_runtime_dependencies(/home/ph/launch_ws/install/cpp_launch_example/share/colcon-core/packages/cpp_launch_example)
[1.394s] DEBUG:colcon.colcon_core.event_handler.log_command:Invoking command in '/home/ph/launch_ws/src/py_launch_example': PYTHONPATH=/home/ph/launch_ws/build/py_launch_example/prefix_override:/usr/lib/python3/dist-packages/colcon_core/task/python/colcon_distutils_commands:/home/ph/launch_ws/install/py_launch_example/lib/python3.10/site-packages:${PYTHONPATH} /usr/bin/python3 -W ignore:setup.py install is deprecated -W ignore:easy_install command is deprecated setup.py egg_info --egg-base ../../build/py_launch_example build --build-base /home/ph/launch_ws/build/py_launch_example/build install --record /home/ph/launch_ws/build/py_launch_example/install.log --single-version-externally-managed install_data
[1.769s] Level 1:colcon.colcon_core.environment:checking '/home/ph/launch_ws/install/py_launch_example' for CMake module files
[1.770s] DEBUG:colcon.colcon_core.event_handler.log_command:Invoked command in '/home/ph/launch_ws/src/py_launch_example' returned '0': PYTHONPATH=/home/ph/launch_ws/build/py_launch_example/prefix_override:/usr/lib/python3/dist-packages/colcon_core/task/python/colcon_distutils_commands:/home/ph/launch_ws/install/py_launch_example/lib/python3.10/site-packages:${PYTHONPATH} /usr/bin/python3 -W ignore:setup.py install is deprecated -W ignore:easy_install command is deprecated setup.py egg_info --egg-base ../../build/py_launch_example build --build-base /home/ph/launch_ws/build/py_launch_example/build install --record /home/ph/launch_ws/build/py_launch_example/install.log --single-version-externally-managed install_data
[1.771s] Level 1:colcon.colcon_core.environment:checking '/home/ph/launch_ws/install/py_launch_example' for CMake config files
[1.772s] Level 1:colcon.colcon_core.environment:checking '/home/ph/launch_ws/install/py_launch_example/lib'
[1.773s] Level 1:colcon.colcon_core.environment:checking '/home/ph/launch_ws/install/py_launch_example/bin'
[1.773s] Level 1:colcon.colcon_core.environment:checking '/home/ph/launch_ws/install/py_launch_example/lib/pkgconfig/py_launch_example.pc'
[1.774s] Level 1:colcon.colcon_core.environment:checking '/home/ph/launch_ws/install/py_launch_example/lib/python3.10/site-packages'
[1.774s] Level 1:colcon.colcon_core.shell:create_environment_hook('py_launch_example', 'pythonpath')
[1.774s] INFO:colcon.colcon_core.shell:Creating environment hook '/home/ph/launch_ws/install/py_launch_example/share/py_launch_example/hook/pythonpath.ps1'
[1.776s] INFO:colcon.colcon_core.shell:Creating environment descriptor '/home/ph/launch_ws/install/py_launch_example/share/py_launch_example/hook/pythonpath.dsv'
[1.777s] INFO:colcon.colcon_core.shell:Creating environment hook '/home/ph/launch_ws/install/py_launch_example/share/py_launch_example/hook/pythonpath.sh'
[1.779s] Level 1:colcon.colcon_core.environment:checking '/home/ph/launch_ws/install/py_launch_example/bin'
[1.779s] Level 1:colcon.colcon_core.environment:create_environment_scripts_only(py_launch_example)
[1.780s] INFO:colcon.colcon_core.shell:Creating package script '/home/ph/launch_ws/install/py_launch_example/share/py_launch_example/package.ps1'
[1.781s] INFO:colcon.colcon_core.shell:Creating package descriptor '/home/ph/launch_ws/install/py_launch_example/share/py_launch_example/package.dsv'
[1.783s] INFO:colcon.colcon_core.shell:Creating package script '/home/ph/launch_ws/install/py_launch_example/share/py_launch_example/package.sh'
[1.784s] INFO:colcon.colcon_core.shell:Creating package script '/home/ph/launch_ws/install/py_launch_example/share/py_launch_example/package.bash'
[1.785s] INFO:colcon.colcon_core.shell:Creating package script '/home/ph/launch_ws/install/py_launch_example/share/py_launch_example/package.zsh'
[1.786s] Level 1:colcon.colcon_core.environment:create_file_with_runtime_dependencies(/home/ph/launch_ws/install/py_launch_example/share/colcon-core/packages/py_launch_example)
[1.787s] DEBUG:colcon.colcon_parallel_executor.executor.parallel:closing loop
[1.787s] DEBUG:colcon.colcon_parallel_executor.executor.parallel:loop closed
[1.788s] DEBUG:colcon.colcon_parallel_executor.executor.parallel:run_until_complete finished with '0'
[1.788s] DEBUG:colcon.colcon_core.event_reactor:joining thread
[1.805s] INFO:colcon.colcon_core.plugin_system:Skipping extension 'colcon_notification.desktop_notification.terminal_notifier': Not used on non-Darwin systems
[1.805s] INFO:colcon.colcon_core.plugin_system:Skipping extension 'colcon_notification.desktop_notification.win32': Not used on non-Windows systems
[1.806s] INFO:colcon.colcon_notification.desktop_notification:Sending desktop notification using 'notify2'
[1.835s] DEBUG:colcon.colcon_core.event_reactor:joined thread
[1.836s] INFO:colcon.colcon_core.shell:Creating prefix script '/home/ph/launch_ws/install/local_setup.ps1'
[1.838s] INFO:colcon.colcon_core.shell:Creating prefix util module '/home/ph/launch_ws/install/_local_setup_util_ps1.py'
[1.842s] INFO:colcon.colcon_core.shell:Creating prefix chain script '/home/ph/launch_ws/install/setup.ps1'
[1.848s] INFO:colcon.colcon_core.shell:Creating prefix script '/home/ph/launch_ws/install/local_setup.sh'
[1.850s] INFO:colcon.colcon_core.shell:Creating prefix util module '/home/ph/launch_ws/install/_local_setup_util_sh.py'
[1.851s] INFO:colcon.colcon_core.shell:Creating prefix chain script '/home/ph/launch_ws/install/setup.sh'
[1.856s] INFO:colcon.colcon_core.shell:Creating prefix script '/home/ph/launch_ws/install/local_setup.bash'
[1.858s] INFO:colcon.colcon_core.shell:Creating prefix chain script '/home/ph/launch_ws/install/setup.bash'
[1.862s] INFO:colcon.colcon_core.shell:Creating prefix script '/home/ph/launch_ws/install/local_setup.zsh'
[1.863s] INFO:colcon.colcon_core.shell:Creating prefix chain script '/home/ph/launch_ws/install/setup.zsh'
