[0.028s] Invoking command in '/home/ph/ros2_firstw/build/tutorial_interfaces': CMAKE_PREFIX_PATH=${CMAKE_PREFIX_PATH}:/opt/ros/humble /usr/bin/cmake --build /home/ph/ros2_firstw/build/tutorial_interfaces -- -j8 -l8
[0.111s] [  2%] Built target tutorial_interfaces__cpp
[0.121s] [ 12%] Built target tutorial_interfaces__rosidl_generator_c
[0.143s] [ 12%] Built target ament_cmake_python_copy_tutorial_interfaces
[0.185s] [ 23%] Built target tutorial_interfaces__rosidl_typesupport_introspection_c
[0.204s] [ 34%] Built target tutorial_interfaces__rosidl_typesupport_fastrtps_cpp
[0.210s] [ 44%] Built target tutorial_interfaces__rosidl_typesupport_cpp
[0.214s] [ 55%] Built target tutorial_interfaces__rosidl_typesupport_introspection_cpp
[0.224s] [ 65%] Built target tutorial_interfaces__rosidl_typesupport_c
[0.226s] [ 76%] Built target tutorial_interfaces__rosidl_typesupport_fastrtps_c
[0.269s] [ 76%] Built target tutorial_interfaces
[0.308s] [ 78%] Built target tutorial_interfaces__py
[0.353s] [ 87%] Built target tutorial_interfaces__rosidl_generator_py
[0.405s] [ 91%] Built target tutorial_interfaces__rosidl_typesupport_introspection_c__pyext
[0.410s] [ 95%] Built target tutorial_interfaces__rosidl_typesupport_fastrtps_c__pyext
[0.415s] [100%] Built target tutorial_interfaces__rosidl_typesupport_c__pyext
[0.632s] running egg_info
[0.633s] writing tutorial_interfaces.egg-info/PKG-INFO
[0.633s] writing dependency_links to tutorial_interfaces.egg-info/dependency_links.txt
[0.633s] writing top-level names to tutorial_interfaces.egg-info/top_level.txt
[0.638s] reading manifest file 'tutorial_interfaces.egg-info/SOURCES.txt'
[0.639s] writing manifest file 'tutorial_interfaces.egg-info/SOURCES.txt'
[0.687s] [100%] Built target ament_cmake_python_build_tutorial_interfaces_egg
[0.713s] Invoked command in '/home/ph/ros2_firstw/build/tutorial_interfaces' returned '0': CMAKE_PREFIX_PATH=${CMAKE_PREFIX_PATH}:/opt/ros/humble /usr/bin/cmake --build /home/ph/ros2_firstw/build/tutorial_interfaces -- -j8 -l8
[0.716s] Invoking command in '/home/ph/ros2_firstw/build/tutorial_interfaces': CMAKE_PREFIX_PATH=${CMAKE_PREFIX_PATH}:/opt/ros/humble /usr/bin/cmake --install /home/ph/ros2_firstw/build/tutorial_interfaces
[0.726s] -- Install configuration: ""
[0.726s] -- Up-to-date: /home/ph/ros2_firstw/install/tutorial_interfaces/share/ament_index/resource_index/rosidl_interfaces/tutorial_interfaces
[0.726s] -- Up-to-date: /home/ph/ros2_firstw/install/tutorial_interfaces/include/tutorial_interfaces/tutorial_interfaces
[0.727s] -- Up-to-date: /home/ph/ros2_firstw/install/tutorial_interfaces/include/tutorial_interfaces/tutorial_interfaces/srv
[0.727s] -- Up-to-date: /home/ph/ros2_firstw/install/tutorial_interfaces/include/tutorial_interfaces/tutorial_interfaces/srv/add_three_ints.h
[0.727s] -- Up-to-date: /home/ph/ros2_firstw/install/tutorial_interfaces/include/tutorial_interfaces/tutorial_interfaces/srv/detail
[0.727s] -- Up-to-date: /home/ph/ros2_firstw/install/tutorial_interfaces/include/tutorial_interfaces/tutorial_interfaces/srv/detail/add_three_ints__functions.c
[0.727s] -- Up-to-date: /home/ph/ros2_firstw/install/tutorial_interfaces/include/tutorial_interfaces/tutorial_interfaces/srv/detail/add_three_ints__type_support.h
[0.728s] -- Up-to-date: /home/ph/ros2_firstw/install/tutorial_interfaces/include/tutorial_interfaces/tutorial_interfaces/srv/detail/add_three_ints__functions.h
[0.728s] -- Up-to-date: /home/ph/ros2_firstw/install/tutorial_interfaces/include/tutorial_interfaces/tutorial_interfaces/srv/detail/add_three_ints__struct.h
[0.728s] -- Up-to-date: /home/ph/ros2_firstw/install/tutorial_interfaces/include/tutorial_interfaces/tutorial_interfaces/msg
[0.728s] -- Up-to-date: /home/ph/ros2_firstw/install/tutorial_interfaces/include/tutorial_interfaces/tutorial_interfaces/msg/num.h
[0.729s] -- Up-to-date: /home/ph/ros2_firstw/install/tutorial_interfaces/include/tutorial_interfaces/tutorial_interfaces/msg/rosidl_generator_c__visibility_control.h
[0.729s] -- Up-to-date: /home/ph/ros2_firstw/install/tutorial_interfaces/include/tutorial_interfaces/tutorial_interfaces/msg/sphere.h
[0.729s] -- Up-to-date: /home/ph/ros2_firstw/install/tutorial_interfaces/include/tutorial_interfaces/tutorial_interfaces/msg/detail
[0.730s] -- Up-to-date: /home/ph/ros2_firstw/install/tutorial_interfaces/include/tutorial_interfaces/tutorial_interfaces/msg/detail/num__struct.h
[0.730s] -- Up-to-date: /home/ph/ros2_firstw/install/tutorial_interfaces/include/tutorial_interfaces/tutorial_interfaces/msg/detail/sphere__struct.h
[0.730s] -- Up-to-date: /home/ph/ros2_firstw/install/tutorial_interfaces/include/tutorial_interfaces/tutorial_interfaces/msg/detail/sphere__functions.c
[0.731s] -- Up-to-date: /home/ph/ros2_firstw/install/tutorial_interfaces/include/tutorial_interfaces/tutorial_interfaces/msg/detail/num__type_support.h
[0.731s] -- Up-to-date: /home/ph/ros2_firstw/install/tutorial_interfaces/include/tutorial_interfaces/tutorial_interfaces/msg/detail/sphere__functions.h
[0.731s] -- Up-to-date: /home/ph/ros2_firstw/install/tutorial_interfaces/include/tutorial_interfaces/tutorial_interfaces/msg/detail/num__functions.h
[0.731s] -- Up-to-date: /home/ph/ros2_firstw/install/tutorial_interfaces/include/tutorial_interfaces/tutorial_interfaces/msg/detail/sphere__type_support.h
[0.732s] -- Up-to-date: /home/ph/ros2_firstw/install/tutorial_interfaces/include/tutorial_interfaces/tutorial_interfaces/msg/detail/num__functions.c
[0.732s] -- Up-to-date: /home/ph/ros2_firstw/install/tutorial_interfaces/share/tutorial_interfaces/environment/library_path.sh
[0.732s] -- Up-to-date: /home/ph/ros2_firstw/install/tutorial_interfaces/share/tutorial_interfaces/environment/library_path.dsv
[0.732s] -- Up-to-date: /home/ph/ros2_firstw/install/tutorial_interfaces/lib/libtutorial_interfaces__rosidl_generator_c.so
[0.733s] -- Up-to-date: /home/ph/ros2_firstw/install/tutorial_interfaces/include/tutorial_interfaces/tutorial_interfaces
[0.733s] -- Up-to-date: /home/ph/ros2_firstw/install/tutorial_interfaces/include/tutorial_interfaces/tutorial_interfaces/srv
[0.733s] -- Up-to-date: /home/ph/ros2_firstw/install/tutorial_interfaces/include/tutorial_interfaces/tutorial_interfaces/srv/detail
[0.734s] -- Up-to-date: /home/ph/ros2_firstw/install/tutorial_interfaces/include/tutorial_interfaces/tutorial_interfaces/srv/detail/add_three_ints__rosidl_typesupport_fastrtps_c.h
[0.734s] -- Up-to-date: /home/ph/ros2_firstw/install/tutorial_interfaces/include/tutorial_interfaces/tutorial_interfaces/msg
[0.734s] -- Up-to-date: /home/ph/ros2_firstw/install/tutorial_interfaces/include/tutorial_interfaces/tutorial_interfaces/msg/detail
[0.735s] -- Up-to-date: /home/ph/ros2_firstw/install/tutorial_interfaces/include/tutorial_interfaces/tutorial_interfaces/msg/detail/num__rosidl_typesupport_fastrtps_c.h
[0.735s] -- Up-to-date: /home/ph/ros2_firstw/install/tutorial_interfaces/include/tutorial_interfaces/tutorial_interfaces/msg/detail/sphere__rosidl_typesupport_fastrtps_c.h
[0.735s] -- Up-to-date: /home/ph/ros2_firstw/install/tutorial_interfaces/include/tutorial_interfaces/tutorial_interfaces/msg/rosidl_typesupport_fastrtps_c__visibility_control.h
[0.735s] -- Up-to-date: /home/ph/ros2_firstw/install/tutorial_interfaces/lib/libtutorial_interfaces__rosidl_typesupport_fastrtps_c.so
[0.735s] -- Up-to-date: /home/ph/ros2_firstw/install/tutorial_interfaces/include/tutorial_interfaces/tutorial_interfaces
[0.736s] -- Up-to-date: /home/ph/ros2_firstw/install/tutorial_interfaces/include/tutorial_interfaces/tutorial_interfaces/srv
[0.736s] -- Up-to-date: /home/ph/ros2_firstw/install/tutorial_interfaces/include/tutorial_interfaces/tutorial_interfaces/srv/add_three_ints.hpp
[0.736s] -- Up-to-date: /home/ph/ros2_firstw/install/tutorial_interfaces/include/tutorial_interfaces/tutorial_interfaces/srv/detail
[0.736s] -- Up-to-date: /home/ph/ros2_firstw/install/tutorial_interfaces/include/tutorial_interfaces/tutorial_interfaces/srv/detail/add_three_ints__type_support.hpp
[0.736s] -- Up-to-date: /home/ph/ros2_firstw/install/tutorial_interfaces/include/tutorial_interfaces/tutorial_interfaces/srv/detail/add_three_ints__traits.hpp
[0.737s] -- Up-to-date: /home/ph/ros2_firstw/install/tutorial_interfaces/include/tutorial_interfaces/tutorial_interfaces/srv/detail/add_three_ints__builder.hpp
[0.737s] -- Up-to-date: /home/ph/ros2_firstw/install/tutorial_interfaces/include/tutorial_interfaces/tutorial_interfaces/srv/detail/add_three_ints__struct.hpp
[0.737s] -- Up-to-date: /home/ph/ros2_firstw/install/tutorial_interfaces/include/tutorial_interfaces/tutorial_interfaces/msg
[0.737s] -- Up-to-date: /home/ph/ros2_firstw/install/tutorial_interfaces/include/tutorial_interfaces/tutorial_interfaces/msg/rosidl_generator_cpp__visibility_control.hpp
[0.737s] -- Up-to-date: /home/ph/ros2_firstw/install/tutorial_interfaces/include/tutorial_interfaces/tutorial_interfaces/msg/num.hpp
[0.738s] -- Up-to-date: /home/ph/ros2_firstw/install/tutorial_interfaces/include/tutorial_interfaces/tutorial_interfaces/msg/detail
[0.738s] -- Up-to-date: /home/ph/ros2_firstw/install/tutorial_interfaces/include/tutorial_interfaces/tutorial_interfaces/msg/detail/num__traits.hpp
[0.738s] -- Up-to-date: /home/ph/ros2_firstw/install/tutorial_interfaces/include/tutorial_interfaces/tutorial_interfaces/msg/detail/sphere__struct.hpp
[0.738s] -- Up-to-date: /home/ph/ros2_firstw/install/tutorial_interfaces/include/tutorial_interfaces/tutorial_interfaces/msg/detail/sphere__traits.hpp
[0.738s] -- Up-to-date: /home/ph/ros2_firstw/install/tutorial_interfaces/include/tutorial_interfaces/tutorial_interfaces/msg/detail/num__struct.hpp
[0.739s] -- Up-to-date: /home/ph/ros2_firstw/install/tutorial_interfaces/include/tutorial_interfaces/tutorial_interfaces/msg/detail/num__builder.hpp
[0.739s] -- Up-to-date: /home/ph/ros2_firstw/install/tutorial_interfaces/include/tutorial_interfaces/tutorial_interfaces/msg/detail/sphere__builder.hpp
[0.739s] -- Up-to-date: /home/ph/ros2_firstw/install/tutorial_interfaces/include/tutorial_interfaces/tutorial_interfaces/msg/detail/num__type_support.hpp
[0.739s] -- Up-to-date: /home/ph/ros2_firstw/install/tutorial_interfaces/include/tutorial_interfaces/tutorial_interfaces/msg/detail/sphere__type_support.hpp
[0.739s] -- Up-to-date: /home/ph/ros2_firstw/install/tutorial_interfaces/include/tutorial_interfaces/tutorial_interfaces/msg/sphere.hpp
[0.740s] -- Up-to-date: /home/ph/ros2_firstw/install/tutorial_interfaces/include/tutorial_interfaces/tutorial_interfaces
[0.740s] -- Up-to-date: /home/ph/ros2_firstw/install/tutorial_interfaces/include/tutorial_interfaces/tutorial_interfaces/srv
[0.740s] -- Up-to-date: /home/ph/ros2_firstw/install/tutorial_interfaces/include/tutorial_interfaces/tutorial_interfaces/srv/detail
[0.740s] -- Up-to-date: /home/ph/ros2_firstw/install/tutorial_interfaces/include/tutorial_interfaces/tutorial_interfaces/srv/detail/add_three_ints__rosidl_typesupport_fastrtps_cpp.hpp
[0.740s] -- Up-to-date: /home/ph/ros2_firstw/install/tutorial_interfaces/include/tutorial_interfaces/tutorial_interfaces/srv/detail/dds_fastrtps
[0.740s] -- Up-to-date: /home/ph/ros2_firstw/install/tutorial_interfaces/include/tutorial_interfaces/tutorial_interfaces/msg
[0.741s] -- Up-to-date: /home/ph/ros2_firstw/install/tutorial_interfaces/include/tutorial_interfaces/tutorial_interfaces/msg/rosidl_typesupport_fastrtps_cpp__visibility_control.h
[0.741s] -- Up-to-date: /home/ph/ros2_firstw/install/tutorial_interfaces/include/tutorial_interfaces/tutorial_interfaces/msg/detail
[0.741s] -- Up-to-date: /home/ph/ros2_firstw/install/tutorial_interfaces/include/tutorial_interfaces/tutorial_interfaces/msg/detail/dds_fastrtps
[0.741s] -- Up-to-date: /home/ph/ros2_firstw/install/tutorial_interfaces/include/tutorial_interfaces/tutorial_interfaces/msg/detail/num__rosidl_typesupport_fastrtps_cpp.hpp
[0.741s] -- Up-to-date: /home/ph/ros2_firstw/install/tutorial_interfaces/include/tutorial_interfaces/tutorial_interfaces/msg/detail/sphere__rosidl_typesupport_fastrtps_cpp.hpp
[0.741s] -- Up-to-date: /home/ph/ros2_firstw/install/tutorial_interfaces/lib/libtutorial_interfaces__rosidl_typesupport_fastrtps_cpp.so
[0.742s] -- Up-to-date: /home/ph/ros2_firstw/install/tutorial_interfaces/include/tutorial_interfaces/tutorial_interfaces
[0.742s] -- Up-to-date: /home/ph/ros2_firstw/install/tutorial_interfaces/include/tutorial_interfaces/tutorial_interfaces/srv
[0.742s] -- Up-to-date: /home/ph/ros2_firstw/install/tutorial_interfaces/include/tutorial_interfaces/tutorial_interfaces/srv/detail
[0.742s] -- Up-to-date: /home/ph/ros2_firstw/install/tutorial_interfaces/include/tutorial_interfaces/tutorial_interfaces/srv/detail/add_three_ints__rosidl_typesupport_introspection_c.h
[0.742s] -- Up-to-date: /home/ph/ros2_firstw/install/tutorial_interfaces/include/tutorial_interfaces/tutorial_interfaces/srv/detail/add_three_ints__type_support.c
[0.743s] -- Up-to-date: /home/ph/ros2_firstw/install/tutorial_interfaces/include/tutorial_interfaces/tutorial_interfaces/msg
[0.743s] -- Up-to-date: /home/ph/ros2_firstw/install/tutorial_interfaces/include/tutorial_interfaces/tutorial_interfaces/msg/rosidl_typesupport_introspection_c__visibility_control.h
[0.743s] -- Up-to-date: /home/ph/ros2_firstw/install/tutorial_interfaces/include/tutorial_interfaces/tutorial_interfaces/msg/detail
[0.743s] -- Up-to-date: /home/ph/ros2_firstw/install/tutorial_interfaces/include/tutorial_interfaces/tutorial_interfaces/msg/detail/num__type_support.c
[0.743s] -- Up-to-date: /home/ph/ros2_firstw/install/tutorial_interfaces/include/tutorial_interfaces/tutorial_interfaces/msg/detail/sphere__type_support.c
[0.744s] -- Up-to-date: /home/ph/ros2_firstw/install/tutorial_interfaces/include/tutorial_interfaces/tutorial_interfaces/msg/detail/sphere__rosidl_typesupport_introspection_c.h
[0.744s] -- Up-to-date: /home/ph/ros2_firstw/install/tutorial_interfaces/include/tutorial_interfaces/tutorial_interfaces/msg/detail/num__rosidl_typesupport_introspection_c.h
[0.744s] -- Up-to-date: /home/ph/ros2_firstw/install/tutorial_interfaces/lib/libtutorial_interfaces__rosidl_typesupport_introspection_c.so
[0.744s] -- Up-to-date: /home/ph/ros2_firstw/install/tutorial_interfaces/lib/libtutorial_interfaces__rosidl_typesupport_c.so
[0.744s] -- Up-to-date: /home/ph/ros2_firstw/install/tutorial_interfaces/include/tutorial_interfaces/tutorial_interfaces
[0.744s] -- Up-to-date: /home/ph/ros2_firstw/install/tutorial_interfaces/include/tutorial_interfaces/tutorial_interfaces/srv
[0.745s] -- Up-to-date: /home/ph/ros2_firstw/install/tutorial_interfaces/include/tutorial_interfaces/tutorial_interfaces/srv/detail
[0.745s] -- Up-to-date: /home/ph/ros2_firstw/install/tutorial_interfaces/include/tutorial_interfaces/tutorial_interfaces/srv/detail/add_three_ints__rosidl_typesupport_introspection_cpp.hpp
[0.745s] -- Up-to-date: /home/ph/ros2_firstw/install/tutorial_interfaces/include/tutorial_interfaces/tutorial_interfaces/srv/detail/add_three_ints__type_support.cpp
[0.745s] -- Up-to-date: /home/ph/ros2_firstw/install/tutorial_interfaces/include/tutorial_interfaces/tutorial_interfaces/msg
[0.745s] -- Up-to-date: /home/ph/ros2_firstw/install/tutorial_interfaces/include/tutorial_interfaces/tutorial_interfaces/msg/detail
[0.746s] -- Up-to-date: /home/ph/ros2_firstw/install/tutorial_interfaces/include/tutorial_interfaces/tutorial_interfaces/msg/detail/sphere__type_support.cpp
[0.746s] -- Up-to-date: /home/ph/ros2_firstw/install/tutorial_interfaces/include/tutorial_interfaces/tutorial_interfaces/msg/detail/num__rosidl_typesupport_introspection_cpp.hpp
[0.746s] -- Up-to-date: /home/ph/ros2_firstw/install/tutorial_interfaces/include/tutorial_interfaces/tutorial_interfaces/msg/detail/num__type_support.cpp
[0.746s] -- Up-to-date: /home/ph/ros2_firstw/install/tutorial_interfaces/include/tutorial_interfaces/tutorial_interfaces/msg/detail/sphere__rosidl_typesupport_introspection_cpp.hpp
[0.746s] -- Up-to-date: /home/ph/ros2_firstw/install/tutorial_interfaces/lib/libtutorial_interfaces__rosidl_typesupport_introspection_cpp.so
[0.746s] -- Up-to-date: /home/ph/ros2_firstw/install/tutorial_interfaces/lib/libtutorial_interfaces__rosidl_typesupport_cpp.so
[0.747s] -- Up-to-date: /home/ph/ros2_firstw/install/tutorial_interfaces/share/tutorial_interfaces/environment/pythonpath.sh
[0.747s] -- Up-to-date: /home/ph/ros2_firstw/install/tutorial_interfaces/share/tutorial_interfaces/environment/pythonpath.dsv
[0.747s] -- Up-to-date: /home/ph/ros2_firstw/install/tutorial_interfaces/local/lib/python3.10/dist-packages/tutorial_interfaces-0.0.0-py3.10.egg-info
[0.747s] -- Installing: /home/ph/ros2_firstw/install/tutorial_interfaces/local/lib/python3.10/dist-packages/tutorial_interfaces-0.0.0-py3.10.egg-info/top_level.txt
[0.747s] -- Installing: /home/ph/ros2_firstw/install/tutorial_interfaces/local/lib/python3.10/dist-packages/tutorial_interfaces-0.0.0-py3.10.egg-info/PKG-INFO
[0.748s] -- Installing: /home/ph/ros2_firstw/install/tutorial_interfaces/local/lib/python3.10/dist-packages/tutorial_interfaces-0.0.0-py3.10.egg-info/SOURCES.txt
[0.748s] -- Installing: /home/ph/ros2_firstw/install/tutorial_interfaces/local/lib/python3.10/dist-packages/tutorial_interfaces-0.0.0-py3.10.egg-info/dependency_links.txt
[0.748s] -- Up-to-date: /home/ph/ros2_firstw/install/tutorial_interfaces/local/lib/python3.10/dist-packages/tutorial_interfaces
[0.748s] -- Up-to-date: /home/ph/ros2_firstw/install/tutorial_interfaces/local/lib/python3.10/dist-packages/tutorial_interfaces/tutorial_interfaces_s__rosidl_typesupport_fastrtps_c.cpython-310-x86_64-linux-gnu.so
[0.748s] -- Up-to-date: /home/ph/ros2_firstw/install/tutorial_interfaces/local/lib/python3.10/dist-packages/tutorial_interfaces/tutorial_interfaces_s__rosidl_typesupport_introspection_c.cpython-310-x86_64-linux-gnu.so
[0.748s] -- Up-to-date: /home/ph/ros2_firstw/install/tutorial_interfaces/local/lib/python3.10/dist-packages/tutorial_interfaces/srv
[0.749s] -- Up-to-date: /home/ph/ros2_firstw/install/tutorial_interfaces/local/lib/python3.10/dist-packages/tutorial_interfaces/srv/_add_three_ints.py
[0.749s] -- Up-to-date: /home/ph/ros2_firstw/install/tutorial_interfaces/local/lib/python3.10/dist-packages/tutorial_interfaces/srv/__init__.py
[0.749s] -- Up-to-date: /home/ph/ros2_firstw/install/tutorial_interfaces/local/lib/python3.10/dist-packages/tutorial_interfaces/srv/_add_three_ints_s.c
[0.749s] -- Up-to-date: /home/ph/ros2_firstw/install/tutorial_interfaces/local/lib/python3.10/dist-packages/tutorial_interfaces/__init__.py
[0.750s] -- Up-to-date: /home/ph/ros2_firstw/install/tutorial_interfaces/local/lib/python3.10/dist-packages/tutorial_interfaces/_tutorial_interfaces_s.ep.rosidl_typesupport_c.c
[0.750s] -- Up-to-date: /home/ph/ros2_firstw/install/tutorial_interfaces/local/lib/python3.10/dist-packages/tutorial_interfaces/tutorial_interfaces_s__rosidl_typesupport_c.cpython-310-x86_64-linux-gnu.so
[0.750s] -- Up-to-date: /home/ph/ros2_firstw/install/tutorial_interfaces/local/lib/python3.10/dist-packages/tutorial_interfaces/libtutorial_interfaces__rosidl_generator_py.so
[0.750s] -- Up-to-date: /home/ph/ros2_firstw/install/tutorial_interfaces/local/lib/python3.10/dist-packages/tutorial_interfaces/_tutorial_interfaces_s.ep.rosidl_typesupport_introspection_c.c
[0.750s] -- Up-to-date: /home/ph/ros2_firstw/install/tutorial_interfaces/local/lib/python3.10/dist-packages/tutorial_interfaces/_tutorial_interfaces_s.ep.rosidl_typesupport_fastrtps_c.c
[0.750s] -- Up-to-date: /home/ph/ros2_firstw/install/tutorial_interfaces/local/lib/python3.10/dist-packages/tutorial_interfaces/msg
[0.751s] -- Up-to-date: /home/ph/ros2_firstw/install/tutorial_interfaces/local/lib/python3.10/dist-packages/tutorial_interfaces/msg/_sphere_s.c
[0.751s] -- Up-to-date: /home/ph/ros2_firstw/install/tutorial_interfaces/local/lib/python3.10/dist-packages/tutorial_interfaces/msg/_sphere.py
[0.751s] -- Up-to-date: /home/ph/ros2_firstw/install/tutorial_interfaces/local/lib/python3.10/dist-packages/tutorial_interfaces/msg/__init__.py
[0.751s] -- Up-to-date: /home/ph/ros2_firstw/install/tutorial_interfaces/local/lib/python3.10/dist-packages/tutorial_interfaces/msg/_num.py
[0.751s] -- Up-to-date: /home/ph/ros2_firstw/install/tutorial_interfaces/local/lib/python3.10/dist-packages/tutorial_interfaces/msg/_num_s.c
[0.777s] Listing '/home/ph/ros2_firstw/install/tutorial_interfaces/local/lib/python3.10/dist-packages/tutorial_interfaces'...
[0.777s] Listing '/home/ph/ros2_firstw/install/tutorial_interfaces/local/lib/python3.10/dist-packages/tutorial_interfaces/msg'...
[0.777s] Listing '/home/ph/ros2_firstw/install/tutorial_interfaces/local/lib/python3.10/dist-packages/tutorial_interfaces/srv'...
[0.785s] -- Up-to-date: /home/ph/ros2_firstw/install/tutorial_interfaces/local/lib/python3.10/dist-packages/tutorial_interfaces/tutorial_interfaces_s__rosidl_typesupport_fastrtps_c.cpython-310-x86_64-linux-gnu.so
[0.786s] -- Up-to-date: /home/ph/ros2_firstw/install/tutorial_interfaces/local/lib/python3.10/dist-packages/tutorial_interfaces/tutorial_interfaces_s__rosidl_typesupport_introspection_c.cpython-310-x86_64-linux-gnu.so
[0.787s] -- Up-to-date: /home/ph/ros2_firstw/install/tutorial_interfaces/local/lib/python3.10/dist-packages/tutorial_interfaces/tutorial_interfaces_s__rosidl_typesupport_c.cpython-310-x86_64-linux-gnu.so
[0.788s] -- Up-to-date: /home/ph/ros2_firstw/install/tutorial_interfaces/lib/libtutorial_interfaces__rosidl_generator_py.so
[0.788s] -- Up-to-date: /home/ph/ros2_firstw/install/tutorial_interfaces/share/tutorial_interfaces/msg/Num.idl
[0.788s] -- Up-to-date: /home/ph/ros2_firstw/install/tutorial_interfaces/share/tutorial_interfaces/msg/Sphere.idl
[0.789s] -- Up-to-date: /home/ph/ros2_firstw/install/tutorial_interfaces/share/tutorial_interfaces/srv/AddThreeInts.idl
[0.789s] -- Up-to-date: /home/ph/ros2_firstw/install/tutorial_interfaces/share/tutorial_interfaces/msg/Num.msg
[0.789s] -- Up-to-date: /home/ph/ros2_firstw/install/tutorial_interfaces/share/tutorial_interfaces/msg/Sphere.msg
[0.789s] -- Up-to-date: /home/ph/ros2_firstw/install/tutorial_interfaces/share/tutorial_interfaces/srv/AddThreeInts.srv
[0.790s] -- Up-to-date: /home/ph/ros2_firstw/install/tutorial_interfaces/share/tutorial_interfaces/srv/AddThreeInts_Request.msg
[0.790s] -- Up-to-date: /home/ph/ros2_firstw/install/tutorial_interfaces/share/tutorial_interfaces/srv/AddThreeInts_Response.msg
[0.790s] -- Up-to-date: /home/ph/ros2_firstw/install/tutorial_interfaces/share/ament_index/resource_index/package_run_dependencies/tutorial_interfaces
[0.790s] -- Up-to-date: /home/ph/ros2_firstw/install/tutorial_interfaces/share/ament_index/resource_index/parent_prefix_path/tutorial_interfaces
[0.791s] -- Up-to-date: /home/ph/ros2_firstw/install/tutorial_interfaces/share/tutorial_interfaces/environment/ament_prefix_path.sh
[0.791s] -- Up-to-date: /home/ph/ros2_firstw/install/tutorial_interfaces/share/tutorial_interfaces/environment/ament_prefix_path.dsv
[0.791s] -- Up-to-date: /home/ph/ros2_firstw/install/tutorial_interfaces/share/tutorial_interfaces/environment/path.sh
[0.792s] -- Up-to-date: /home/ph/ros2_firstw/install/tutorial_interfaces/share/tutorial_interfaces/environment/path.dsv
[0.792s] -- Up-to-date: /home/ph/ros2_firstw/install/tutorial_interfaces/share/tutorial_interfaces/local_setup.bash
[0.792s] -- Up-to-date: /home/ph/ros2_firstw/install/tutorial_interfaces/share/tutorial_interfaces/local_setup.sh
[0.792s] -- Up-to-date: /home/ph/ros2_firstw/install/tutorial_interfaces/share/tutorial_interfaces/local_setup.zsh
[0.793s] -- Up-to-date: /home/ph/ros2_firstw/install/tutorial_interfaces/share/tutorial_interfaces/local_setup.dsv
[0.793s] -- Installing: /home/ph/ros2_firstw/install/tutorial_interfaces/share/tutorial_interfaces/package.dsv
[0.793s] -- Up-to-date: /home/ph/ros2_firstw/install/tutorial_interfaces/share/ament_index/resource_index/packages/tutorial_interfaces
[0.793s] -- Up-to-date: /home/ph/ros2_firstw/install/tutorial_interfaces/share/tutorial_interfaces/cmake/export_tutorial_interfaces__rosidl_generator_cExport.cmake
[0.794s] -- Up-to-date: /home/ph/ros2_firstw/install/tutorial_interfaces/share/tutorial_interfaces/cmake/export_tutorial_interfaces__rosidl_generator_cExport-noconfig.cmake
[0.794s] -- Up-to-date: /home/ph/ros2_firstw/install/tutorial_interfaces/share/tutorial_interfaces/cmake/export_tutorial_interfaces__rosidl_typesupport_fastrtps_cExport.cmake
[0.794s] -- Up-to-date: /home/ph/ros2_firstw/install/tutorial_interfaces/share/tutorial_interfaces/cmake/export_tutorial_interfaces__rosidl_typesupport_fastrtps_cExport-noconfig.cmake
[0.794s] -- Up-to-date: /home/ph/ros2_firstw/install/tutorial_interfaces/share/tutorial_interfaces/cmake/export_tutorial_interfaces__rosidl_generator_cppExport.cmake
[0.795s] -- Up-to-date: /home/ph/ros2_firstw/install/tutorial_interfaces/share/tutorial_interfaces/cmake/export_tutorial_interfaces__rosidl_typesupport_fastrtps_cppExport.cmake
[0.795s] -- Up-to-date: /home/ph/ros2_firstw/install/tutorial_interfaces/share/tutorial_interfaces/cmake/export_tutorial_interfaces__rosidl_typesupport_fastrtps_cppExport-noconfig.cmake
[0.795s] -- Up-to-date: /home/ph/ros2_firstw/install/tutorial_interfaces/share/tutorial_interfaces/cmake/tutorial_interfaces__rosidl_typesupport_introspection_cExport.cmake
[0.795s] -- Up-to-date: /home/ph/ros2_firstw/install/tutorial_interfaces/share/tutorial_interfaces/cmake/tutorial_interfaces__rosidl_typesupport_introspection_cExport-noconfig.cmake
[0.795s] -- Up-to-date: /home/ph/ros2_firstw/install/tutorial_interfaces/share/tutorial_interfaces/cmake/tutorial_interfaces__rosidl_typesupport_cExport.cmake
[0.796s] -- Up-to-date: /home/ph/ros2_firstw/install/tutorial_interfaces/share/tutorial_interfaces/cmake/tutorial_interfaces__rosidl_typesupport_cExport-noconfig.cmake
[0.796s] -- Up-to-date: /home/ph/ros2_firstw/install/tutorial_interfaces/share/tutorial_interfaces/cmake/tutorial_interfaces__rosidl_typesupport_introspection_cppExport.cmake
[0.796s] -- Up-to-date: /home/ph/ros2_firstw/install/tutorial_interfaces/share/tutorial_interfaces/cmake/tutorial_interfaces__rosidl_typesupport_introspection_cppExport-noconfig.cmake
[0.796s] -- Up-to-date: /home/ph/ros2_firstw/install/tutorial_interfaces/share/tutorial_interfaces/cmake/tutorial_interfaces__rosidl_typesupport_cppExport.cmake
[0.797s] -- Up-to-date: /home/ph/ros2_firstw/install/tutorial_interfaces/share/tutorial_interfaces/cmake/tutorial_interfaces__rosidl_typesupport_cppExport-noconfig.cmake
[0.797s] -- Up-to-date: /home/ph/ros2_firstw/install/tutorial_interfaces/share/tutorial_interfaces/cmake/export_tutorial_interfaces__rosidl_generator_pyExport.cmake
[0.797s] -- Up-to-date: /home/ph/ros2_firstw/install/tutorial_interfaces/share/tutorial_interfaces/cmake/export_tutorial_interfaces__rosidl_generator_pyExport-noconfig.cmake
[0.798s] -- Up-to-date: /home/ph/ros2_firstw/install/tutorial_interfaces/share/tutorial_interfaces/cmake/rosidl_cmake-extras.cmake
[0.798s] -- Up-to-date: /home/ph/ros2_firstw/install/tutorial_interfaces/share/tutorial_interfaces/cmake/ament_cmake_export_dependencies-extras.cmake
[0.798s] -- Up-to-date: /home/ph/ros2_firstw/install/tutorial_interfaces/share/tutorial_interfaces/cmake/ament_cmake_export_include_directories-extras.cmake
[0.798s] -- Up-to-date: /home/ph/ros2_firstw/install/tutorial_interfaces/share/tutorial_interfaces/cmake/ament_cmake_export_libraries-extras.cmake
[0.799s] -- Up-to-date: /home/ph/ros2_firstw/install/tutorial_interfaces/share/tutorial_interfaces/cmake/ament_cmake_export_targets-extras.cmake
[0.799s] -- Up-to-date: /home/ph/ros2_firstw/install/tutorial_interfaces/share/tutorial_interfaces/cmake/rosidl_cmake_export_typesupport_targets-extras.cmake
[0.799s] -- Up-to-date: /home/ph/ros2_firstw/install/tutorial_interfaces/share/tutorial_interfaces/cmake/rosidl_cmake_export_typesupport_libraries-extras.cmake
[0.799s] -- Up-to-date: /home/ph/ros2_firstw/install/tutorial_interfaces/share/tutorial_interfaces/cmake/tutorial_interfacesConfig.cmake
[0.799s] -- Up-to-date: /home/ph/ros2_firstw/install/tutorial_interfaces/share/tutorial_interfaces/cmake/tutorial_interfacesConfig-version.cmake
[0.799s] -- Up-to-date: /home/ph/ros2_firstw/install/tutorial_interfaces/share/tutorial_interfaces/package.xml
[0.806s] Invoked command in '/home/ph/ros2_firstw/build/tutorial_interfaces' returned '0': CMAKE_PREFIX_PATH=${CMAKE_PREFIX_PATH}:/opt/ros/humble /usr/bin/cmake --install /home/ph/ros2_firstw/build/tutorial_interfaces
