[1.281s] Invoking command in '/home/ph/launch_ws/src/launch_tutorial': PYTHONPATH=/home/ph/launch_ws/build/launch_tutorial/prefix_override:/usr/lib/python3/dist-packages/colcon_core/task/python/colcon_distutils_commands:/home/ph/launch_ws/install/launch_tutorial/lib/python3.10/site-packages:${PYTHONPATH} /usr/bin/python3 -W ignore:setup.py install is deprecated -W ignore:easy_install command is deprecated setup.py egg_info --egg-base ../../build/launch_tutorial build --build-base /home/ph/launch_ws/build/launch_tutorial/build install --record /home/ph/launch_ws/build/launch_tutorial/install.log --single-version-externally-managed install_data
[1.594s] running egg_info
[1.595s] writing ../../build/launch_tutorial/launch_tutorial.egg-info/PKG-INFO
[1.595s] writing dependency_links to ../../build/launch_tutorial/launch_tutorial.egg-info/dependency_links.txt
[1.595s] writing entry points to ../../build/launch_tutorial/launch_tutorial.egg-info/entry_points.txt
[1.596s] writing requirements to ../../build/launch_tutorial/launch_tutorial.egg-info/requires.txt
[1.596s] writing top-level names to ../../build/launch_tutorial/launch_tutorial.egg-info/top_level.txt
[1.598s] reading manifest file '../../build/launch_tutorial/launch_tutorial.egg-info/SOURCES.txt'
[1.598s] adding license file 'LICENSE'
[1.599s] writing manifest file '../../build/launch_tutorial/launch_tutorial.egg-info/SOURCES.txt'
[1.599s] running build
[1.599s] running build_py
[1.600s] running install
[1.600s] running install_lib
[1.602s] running install_data
[1.602s] copying launch/turtlesim_world_3.launch.py -> /home/ph/launch_ws/install/launch_tutorial/share/launch_tutorial/launch
[1.602s] copying launch/turtlesim_world_1.launch.py -> /home/ph/launch_ws/install/launch_tutorial/share/launch_tutorial/launch
[1.602s] copying launch/launch_turtlesim.launch.py -> /home/ph/launch_ws/install/launch_tutorial/share/launch_tutorial/launch
[1.602s] copying launch/turtlesim_world_2.launch.py -> /home/ph/launch_ws/install/launch_tutorial/share/launch_tutorial/launch
[1.602s] running install_egg_info
[1.605s] removing '/home/ph/launch_ws/install/launch_tutorial/lib/python3.10/site-packages/launch_tutorial-0.0.0-py3.10.egg-info' (and everything under it)
[1.605s] Copying ../../build/launch_tutorial/launch_tutorial.egg-info to /home/ph/launch_ws/install/launch_tutorial/lib/python3.10/site-packages/launch_tutorial-0.0.0-py3.10.egg-info
[1.606s] running install_scripts
[1.634s] writing list of installed files to '/home/ph/launch_ws/build/launch_tutorial/install.log'
[1.676s] Invoked command in '/home/ph/launch_ws/src/launch_tutorial' returned '0': PYTHONPATH=/home/ph/launch_ws/build/launch_tutorial/prefix_override:/usr/lib/python3/dist-packages/colcon_core/task/python/colcon_distutils_commands:/home/ph/launch_ws/install/launch_tutorial/lib/python3.10/site-packages:${PYTHONPATH} /usr/bin/python3 -W ignore:setup.py install is deprecated -W ignore:easy_install command is deprecated setup.py egg_info --egg-base ../../build/launch_tutorial build --build-base /home/ph/launch_ws/build/launch_tutorial/build install --record /home/ph/launch_ws/build/launch_tutorial/install.log --single-version-externally-managed install_data
