[0.191s] DEBUG:colcon:Command line arguments: ['/usr/bin/colcon', 'build']
[0.192s] DEBUG:colcon:Parsed command line arguments: Namespace(log_base=None, log_level=None, verb_name='build', build_base='build', install_base='install', merge_install=False, symlink_install=False, test_result_base=None, continue_on_error=False, executor='parallel', parallel_workers=8, event_handlers=None, ignore_user_meta=False, metas=['./colcon.meta'], base_paths=['.'], packages_ignore=None, packages_ignore_regex=None, paths=None, packages_up_to=None, packages_up_to_regex=None, packages_above=None, packages_above_and_dependencies=None, packages_above_depth=None, packages_select_by_dep=None, packages_skip_by_dep=None, packages_skip_up_to=None, packages_select_build_failed=False, packages_skip_build_finished=False, packages_select_test_failures=False, packages_skip_test_passed=False, packages_select=None, packages_skip=None, packages_select_regex=None, packages_skip_regex=None, packages_start=None, packages_end=None, allow_overriding=[], cmake_args=None, cmake_target=None, cmake_target_skip_unavailable=False, cmake_clean_cache=False, cmake_clean_first=False, cmake_force_configure=False, ament_cmake_args=None, catkin_cmake_args=None, catkin_skip_building_tests=False, mixin_files=None, mixin=None, verb_parser=<colcon_mixin.mixin.mixin_argument.MixinArgumentDecorator object at 0x7c4dbc8fae60>, verb_extension=<colcon_core.verb.build.BuildVerb object at 0x7c4dbc8fa470>, main=<bound method BuildVerb.main of <colcon_core.verb.build.BuildVerb object at 0x7c4dbc8fa470>>, mixin_verb=('build',))
[0.612s] Level 1:colcon.colcon_core.package_discovery:discover_packages(colcon_meta) check parameters
[0.612s] Level 1:colcon.colcon_core.package_discovery:discover_packages(recursive) check parameters
[0.612s] Level 1:colcon.colcon_core.package_discovery:discover_packages(ignore) check parameters
[0.612s] Level 1:colcon.colcon_core.package_discovery:discover_packages(path) check parameters
[0.612s] Level 1:colcon.colcon_core.package_discovery:discover_packages(colcon_meta) discover
[0.612s] Level 1:colcon.colcon_core.package_discovery:discover_packages(recursive) discover
[0.612s] INFO:colcon.colcon_core.package_discovery:Crawling recursively for packages in '/home/ph/fourth_ws'
[0.612s] Level 1:colcon.colcon_core.package_identification:_identify(.) by extensions ['ignore', 'ignore_ament_install']
[0.612s] Level 1:colcon.colcon_core.package_identification:_identify(.) by extension 'ignore'
[0.612s] Level 1:colcon.colcon_core.package_identification:_identify(.) by extension 'ignore_ament_install'
[0.612s] Level 1:colcon.colcon_core.package_identification:_identify(.) by extensions ['colcon_pkg']
[0.612s] Level 1:colcon.colcon_core.package_identification:_identify(.) by extension 'colcon_pkg'
[0.612s] Level 1:colcon.colcon_core.package_identification:_identify(.) by extensions ['colcon_meta']
[0.612s] Level 1:colcon.colcon_core.package_identification:_identify(.) by extension 'colcon_meta'
[0.612s] Level 1:colcon.colcon_core.package_identification:_identify(.) by extensions ['ros']
[0.612s] Level 1:colcon.colcon_core.package_identification:_identify(.) by extension 'ros'
[0.626s] Level 1:colcon.colcon_core.package_identification:_identify(.) by extensions ['cmake', 'python']
[0.626s] Level 1:colcon.colcon_core.package_identification:_identify(.) by extension 'cmake'
[0.626s] Level 1:colcon.colcon_core.package_identification:_identify(.) by extension 'python'
[0.626s] Level 1:colcon.colcon_core.package_identification:_identify(.) by extensions ['python_setup_py']
[0.626s] Level 1:colcon.colcon_core.package_identification:_identify(.) by extension 'python_setup_py'
[0.626s] Level 1:colcon.colcon_core.package_identification:_identify(build) by extensions ['ignore', 'ignore_ament_install']
[0.626s] Level 1:colcon.colcon_core.package_identification:_identify(build) by extension 'ignore'
[0.626s] Level 1:colcon.colcon_core.package_identification:_identify(build) ignored
[0.627s] Level 1:colcon.colcon_core.package_identification:_identify(install) by extensions ['ignore', 'ignore_ament_install']
[0.627s] Level 1:colcon.colcon_core.package_identification:_identify(install) by extension 'ignore'
[0.627s] Level 1:colcon.colcon_core.package_identification:_identify(install) ignored
[0.627s] Level 1:colcon.colcon_core.package_identification:_identify(log) by extensions ['ignore', 'ignore_ament_install']
[0.627s] Level 1:colcon.colcon_core.package_identification:_identify(log) by extension 'ignore'
[0.627s] Level 1:colcon.colcon_core.package_identification:_identify(log) ignored
[0.627s] Level 1:colcon.colcon_core.package_identification:_identify(src) by extensions ['ignore', 'ignore_ament_install']
[0.627s] Level 1:colcon.colcon_core.package_identification:_identify(src) by extension 'ignore'
[0.627s] Level 1:colcon.colcon_core.package_identification:_identify(src) by extension 'ignore_ament_install'
[0.627s] Level 1:colcon.colcon_core.package_identification:_identify(src) by extensions ['colcon_pkg']
[0.627s] Level 1:colcon.colcon_core.package_identification:_identify(src) by extension 'colcon_pkg'
[0.627s] Level 1:colcon.colcon_core.package_identification:_identify(src) by extensions ['colcon_meta']
[0.628s] Level 1:colcon.colcon_core.package_identification:_identify(src) by extension 'colcon_meta'
[0.628s] Level 1:colcon.colcon_core.package_identification:_identify(src) by extensions ['ros']
[0.628s] Level 1:colcon.colcon_core.package_identification:_identify(src) by extension 'ros'
[0.628s] Level 1:colcon.colcon_core.package_identification:_identify(src) by extensions ['cmake', 'python']
[0.628s] Level 1:colcon.colcon_core.package_identification:_identify(src) by extension 'cmake'
[0.628s] Level 1:colcon.colcon_core.package_identification:_identify(src) by extension 'python'
[0.628s] Level 1:colcon.colcon_core.package_identification:_identify(src) by extensions ['python_setup_py']
[0.628s] Level 1:colcon.colcon_core.package_identification:_identify(src) by extension 'python_setup_py'
[0.628s] Level 1:colcon.colcon_core.package_identification:_identify(src/urdf_launch) by extensions ['ignore', 'ignore_ament_install']
[0.628s] Level 1:colcon.colcon_core.package_identification:_identify(src/urdf_launch) by extension 'ignore'
[0.628s] Level 1:colcon.colcon_core.package_identification:_identify(src/urdf_launch) by extension 'ignore_ament_install'
[0.628s] Level 1:colcon.colcon_core.package_identification:_identify(src/urdf_launch) by extensions ['colcon_pkg']
[0.628s] Level 1:colcon.colcon_core.package_identification:_identify(src/urdf_launch) by extension 'colcon_pkg'
[0.628s] Level 1:colcon.colcon_core.package_identification:_identify(src/urdf_launch) by extensions ['colcon_meta']
[0.628s] Level 1:colcon.colcon_core.package_identification:_identify(src/urdf_launch) by extension 'colcon_meta'
[0.628s] Level 1:colcon.colcon_core.package_identification:_identify(src/urdf_launch) by extensions ['ros']
[0.628s] Level 1:colcon.colcon_core.package_identification:_identify(src/urdf_launch) by extension 'ros'
[0.632s] DEBUG:colcon.colcon_core.package_identification:Package 'src/urdf_launch' with type 'ros.ament_cmake' and name 'urdf_launch'
[0.632s] Level 1:colcon.colcon_core.package_identification:_identify(src/urdf_sim_tutorial) by extensions ['ignore', 'ignore_ament_install']
[0.632s] Level 1:colcon.colcon_core.package_identification:_identify(src/urdf_sim_tutorial) by extension 'ignore'
[0.632s] Level 1:colcon.colcon_core.package_identification:_identify(src/urdf_sim_tutorial) by extension 'ignore_ament_install'
[0.632s] Level 1:colcon.colcon_core.package_identification:_identify(src/urdf_sim_tutorial) by extensions ['colcon_pkg']
[0.632s] Level 1:colcon.colcon_core.package_identification:_identify(src/urdf_sim_tutorial) by extension 'colcon_pkg'
[0.632s] Level 1:colcon.colcon_core.package_identification:_identify(src/urdf_sim_tutorial) by extensions ['colcon_meta']
[0.632s] Level 1:colcon.colcon_core.package_identification:_identify(src/urdf_sim_tutorial) by extension 'colcon_meta'
[0.632s] Level 1:colcon.colcon_core.package_identification:_identify(src/urdf_sim_tutorial) by extensions ['ros']
[0.632s] Level 1:colcon.colcon_core.package_identification:_identify(src/urdf_sim_tutorial) by extension 'ros'
[0.647s] DEBUG:colcon.colcon_core.package_identification:Package 'src/urdf_sim_tutorial' with type 'ros.ament_cmake' and name 'urdf_sim_tutorial'
[0.647s] Level 1:colcon.colcon_core.package_identification:_identify(src/urdf_tutorial) by extensions ['ignore', 'ignore_ament_install']
[0.647s] Level 1:colcon.colcon_core.package_identification:_identify(src/urdf_tutorial) by extension 'ignore'
[0.647s] Level 1:colcon.colcon_core.package_identification:_identify(src/urdf_tutorial) by extension 'ignore_ament_install'
[0.647s] Level 1:colcon.colcon_core.package_identification:_identify(src/urdf_tutorial) by extensions ['colcon_pkg']
[0.647s] Level 1:colcon.colcon_core.package_identification:_identify(src/urdf_tutorial) by extension 'colcon_pkg'
[0.647s] Level 1:colcon.colcon_core.package_identification:_identify(src/urdf_tutorial) by extensions ['colcon_meta']
[0.647s] Level 1:colcon.colcon_core.package_identification:_identify(src/urdf_tutorial) by extension 'colcon_meta'
[0.647s] Level 1:colcon.colcon_core.package_identification:_identify(src/urdf_tutorial) by extensions ['ros']
[0.647s] Level 1:colcon.colcon_core.package_identification:_identify(src/urdf_tutorial) by extension 'ros'
[0.648s] DEBUG:colcon.colcon_core.package_identification:Package 'src/urdf_tutorial' with type 'ros.ament_cmake' and name 'urdf_tutorial'
[0.648s] Level 1:colcon.colcon_core.package_discovery:discover_packages(recursive) using defaults
[0.648s] Level 1:colcon.colcon_core.package_discovery:discover_packages(ignore) discover
[0.648s] Level 1:colcon.colcon_core.package_discovery:discover_packages(ignore) using defaults
[0.648s] Level 1:colcon.colcon_core.package_discovery:discover_packages(path) discover
[0.648s] Level 1:colcon.colcon_core.package_discovery:discover_packages(path) using defaults
[0.681s] Level 1:colcon.colcon_core.package_discovery:discover_packages(prefix_path) check parameters
[0.681s] Level 1:colcon.colcon_core.package_discovery:discover_packages(prefix_path) discover
[0.686s] DEBUG:colcon.colcon_installed_package_information.package_discovery:Found 3 installed packages in /home/ph/fourth_ws/install
[0.688s] DEBUG:colcon.colcon_installed_package_information.package_discovery:Found 336 installed packages in /opt/ros/humble
[0.690s] Level 1:colcon.colcon_core.package_discovery:discover_packages(prefix_path) using defaults
[0.833s] Level 5:colcon.colcon_core.verb:set package 'urdf_launch' build argument 'cmake_args' from command line to 'None'
[0.833s] Level 5:colcon.colcon_core.verb:set package 'urdf_launch' build argument 'cmake_target' from command line to 'None'
[0.833s] Level 5:colcon.colcon_core.verb:set package 'urdf_launch' build argument 'cmake_target_skip_unavailable' from command line to 'False'
[0.833s] Level 5:colcon.colcon_core.verb:set package 'urdf_launch' build argument 'cmake_clean_cache' from command line to 'False'
[0.834s] Level 5:colcon.colcon_core.verb:set package 'urdf_launch' build argument 'cmake_clean_first' from command line to 'False'
[0.834s] Level 5:colcon.colcon_core.verb:set package 'urdf_launch' build argument 'cmake_force_configure' from command line to 'False'
[0.834s] Level 5:colcon.colcon_core.verb:set package 'urdf_launch' build argument 'ament_cmake_args' from command line to 'None'
[0.834s] Level 5:colcon.colcon_core.verb:set package 'urdf_launch' build argument 'catkin_cmake_args' from command line to 'None'
[0.834s] Level 5:colcon.colcon_core.verb:set package 'urdf_launch' build argument 'catkin_skip_building_tests' from command line to 'False'
[0.834s] DEBUG:colcon.colcon_core.verb:Building package 'urdf_launch' with the following arguments: {'ament_cmake_args': None, 'build_base': '/home/ph/fourth_ws/build/urdf_launch', 'catkin_cmake_args': None, 'catkin_skip_building_tests': False, 'cmake_args': None, 'cmake_clean_cache': False, 'cmake_clean_first': False, 'cmake_force_configure': False, 'cmake_target': None, 'cmake_target_skip_unavailable': False, 'install_base': '/home/ph/fourth_ws/install/urdf_launch', 'merge_install': False, 'path': '/home/ph/fourth_ws/src/urdf_launch', 'symlink_install': False, 'test_result_base': None}
[0.834s] Level 5:colcon.colcon_core.verb:set package 'urdf_tutorial' build argument 'cmake_args' from command line to 'None'
[0.834s] Level 5:colcon.colcon_core.verb:set package 'urdf_tutorial' build argument 'cmake_target' from command line to 'None'
[0.834s] Level 5:colcon.colcon_core.verb:set package 'urdf_tutorial' build argument 'cmake_target_skip_unavailable' from command line to 'False'
[0.834s] Level 5:colcon.colcon_core.verb:set package 'urdf_tutorial' build argument 'cmake_clean_cache' from command line to 'False'
[0.834s] Level 5:colcon.colcon_core.verb:set package 'urdf_tutorial' build argument 'cmake_clean_first' from command line to 'False'
[0.834s] Level 5:colcon.colcon_core.verb:set package 'urdf_tutorial' build argument 'cmake_force_configure' from command line to 'False'
[0.834s] Level 5:colcon.colcon_core.verb:set package 'urdf_tutorial' build argument 'ament_cmake_args' from command line to 'None'
[0.834s] Level 5:colcon.colcon_core.verb:set package 'urdf_tutorial' build argument 'catkin_cmake_args' from command line to 'None'
[0.834s] Level 5:colcon.colcon_core.verb:set package 'urdf_tutorial' build argument 'catkin_skip_building_tests' from command line to 'False'
[0.834s] DEBUG:colcon.colcon_core.verb:Building package 'urdf_tutorial' with the following arguments: {'ament_cmake_args': None, 'build_base': '/home/ph/fourth_ws/build/urdf_tutorial', 'catkin_cmake_args': None, 'catkin_skip_building_tests': False, 'cmake_args': None, 'cmake_clean_cache': False, 'cmake_clean_first': False, 'cmake_force_configure': False, 'cmake_target': None, 'cmake_target_skip_unavailable': False, 'install_base': '/home/ph/fourth_ws/install/urdf_tutorial', 'merge_install': False, 'path': '/home/ph/fourth_ws/src/urdf_tutorial', 'symlink_install': False, 'test_result_base': None}
[0.835s] Level 5:colcon.colcon_core.verb:set package 'urdf_sim_tutorial' build argument 'cmake_args' from command line to 'None'
[0.835s] Level 5:colcon.colcon_core.verb:set package 'urdf_sim_tutorial' build argument 'cmake_target' from command line to 'None'
[0.835s] Level 5:colcon.colcon_core.verb:set package 'urdf_sim_tutorial' build argument 'cmake_target_skip_unavailable' from command line to 'False'
[0.835s] Level 5:colcon.colcon_core.verb:set package 'urdf_sim_tutorial' build argument 'cmake_clean_cache' from command line to 'False'
[0.835s] Level 5:colcon.colcon_core.verb:set package 'urdf_sim_tutorial' build argument 'cmake_clean_first' from command line to 'False'
[0.835s] Level 5:colcon.colcon_core.verb:set package 'urdf_sim_tutorial' build argument 'cmake_force_configure' from command line to 'False'
[0.835s] Level 5:colcon.colcon_core.verb:set package 'urdf_sim_tutorial' build argument 'ament_cmake_args' from command line to 'None'
[0.835s] Level 5:colcon.colcon_core.verb:set package 'urdf_sim_tutorial' build argument 'catkin_cmake_args' from command line to 'None'
[0.835s] Level 5:colcon.colcon_core.verb:set package 'urdf_sim_tutorial' build argument 'catkin_skip_building_tests' from command line to 'False'
[0.835s] DEBUG:colcon.colcon_core.verb:Building package 'urdf_sim_tutorial' with the following arguments: {'ament_cmake_args': None, 'build_base': '/home/ph/fourth_ws/build/urdf_sim_tutorial', 'catkin_cmake_args': None, 'catkin_skip_building_tests': False, 'cmake_args': None, 'cmake_clean_cache': False, 'cmake_clean_first': False, 'cmake_force_configure': False, 'cmake_target': None, 'cmake_target_skip_unavailable': False, 'install_base': '/home/ph/fourth_ws/install/urdf_sim_tutorial', 'merge_install': False, 'path': '/home/ph/fourth_ws/src/urdf_sim_tutorial', 'symlink_install': False, 'test_result_base': None}
[0.835s] INFO:colcon.colcon_core.executor:Executing jobs using 'parallel' executor
[0.836s] DEBUG:colcon.colcon_parallel_executor.executor.parallel:run_until_complete
[0.836s] INFO:colcon.colcon_ros.task.ament_cmake.build:Building ROS package in '/home/ph/fourth_ws/src/urdf_launch' with build type 'ament_cmake'
[0.837s] INFO:colcon.colcon_cmake.task.cmake.build:Building CMake package in '/home/ph/fourth_ws/src/urdf_launch'
[0.842s] INFO:colcon.colcon_core.plugin_system:Skipping extension 'colcon_core.shell.bat': Not used on non-Windows systems
[0.842s] INFO:colcon.colcon_core.shell:Skip shell extension 'powershell' for command environment: Not usable outside of PowerShell
[0.842s] DEBUG:colcon.colcon_core.shell:Skip shell extension 'dsv' for command environment
[0.858s] DEBUG:colcon.colcon_core.event_handler.log_command:Invoking command in '/home/ph/fourth_ws/build/urdf_launch': CMAKE_PREFIX_PATH=/opt/ros/humble:${CMAKE_PREFIX_PATH} /usr/bin/cmake --build /home/ph/fourth_ws/build/urdf_launch -- -j8 -l8
[0.950s] DEBUG:colcon.colcon_core.event_handler.log_command:Invoked command in '/home/ph/fourth_ws/build/urdf_launch' returned '0': CMAKE_PREFIX_PATH=/opt/ros/humble:${CMAKE_PREFIX_PATH} /usr/bin/cmake --build /home/ph/fourth_ws/build/urdf_launch -- -j8 -l8
[0.967s] DEBUG:colcon.colcon_core.event_handler.log_command:Invoking command in '/home/ph/fourth_ws/build/urdf_launch': CMAKE_PREFIX_PATH=/opt/ros/humble:${CMAKE_PREFIX_PATH} /usr/bin/cmake --install /home/ph/fourth_ws/build/urdf_launch
[0.986s] Level 1:colcon.colcon_core.environment:create_environment_scripts_only(urdf_launch)
[0.987s] DEBUG:colcon.colcon_core.event_handler.log_command:Invoked command in '/home/ph/fourth_ws/build/urdf_launch' returned '0': CMAKE_PREFIX_PATH=/opt/ros/humble:${CMAKE_PREFIX_PATH} /usr/bin/cmake --install /home/ph/fourth_ws/build/urdf_launch
[0.993s] Level 1:colcon.colcon_core.environment:checking '/home/ph/fourth_ws/install/urdf_launch' for CMake module files
[0.994s] Level 1:colcon.colcon_core.environment:checking '/home/ph/fourth_ws/install/urdf_launch' for CMake config files
[0.994s] Level 1:colcon.colcon_core.shell:create_environment_hook('urdf_launch', 'cmake_prefix_path')
[0.994s] INFO:colcon.colcon_core.shell:Creating environment hook '/home/ph/fourth_ws/install/urdf_launch/share/urdf_launch/hook/cmake_prefix_path.ps1'
[0.995s] INFO:colcon.colcon_core.shell:Creating environment descriptor '/home/ph/fourth_ws/install/urdf_launch/share/urdf_launch/hook/cmake_prefix_path.dsv'
[0.996s] INFO:colcon.colcon_core.shell:Creating environment hook '/home/ph/fourth_ws/install/urdf_launch/share/urdf_launch/hook/cmake_prefix_path.sh'
[0.997s] Level 1:colcon.colcon_core.environment:checking '/home/ph/fourth_ws/install/urdf_launch/bin'
[0.998s] Level 1:colcon.colcon_core.environment:checking '/home/ph/fourth_ws/install/urdf_launch/lib/pkgconfig/urdf_launch.pc'
[0.998s] Level 1:colcon.colcon_core.environment:checking '/home/ph/fourth_ws/install/urdf_launch/lib/python3.10/site-packages'
[0.998s] Level 1:colcon.colcon_core.environment:checking '/home/ph/fourth_ws/install/urdf_launch/bin'
[0.999s] INFO:colcon.colcon_core.shell:Creating package script '/home/ph/fourth_ws/install/urdf_launch/share/urdf_launch/package.ps1'
[1.000s] INFO:colcon.colcon_core.shell:Creating package descriptor '/home/ph/fourth_ws/install/urdf_launch/share/urdf_launch/package.dsv'
[1.001s] INFO:colcon.colcon_core.shell:Creating package script '/home/ph/fourth_ws/install/urdf_launch/share/urdf_launch/package.sh'
[1.002s] INFO:colcon.colcon_core.shell:Creating package script '/home/ph/fourth_ws/install/urdf_launch/share/urdf_launch/package.bash'
[1.003s] INFO:colcon.colcon_core.shell:Creating package script '/home/ph/fourth_ws/install/urdf_launch/share/urdf_launch/package.zsh'
[1.004s] Level 1:colcon.colcon_core.environment:create_file_with_runtime_dependencies(/home/ph/fourth_ws/install/urdf_launch/share/colcon-core/packages/urdf_launch)
[1.005s] Level 1:colcon.colcon_core.environment:create_environment_scripts_only(urdf_launch)
[1.005s] Level 1:colcon.colcon_core.environment:checking '/home/ph/fourth_ws/install/urdf_launch' for CMake module files
[1.005s] Level 1:colcon.colcon_core.environment:checking '/home/ph/fourth_ws/install/urdf_launch' for CMake config files
[1.006s] Level 1:colcon.colcon_core.shell:create_environment_hook('urdf_launch', 'cmake_prefix_path')
[1.006s] INFO:colcon.colcon_core.shell:Creating environment hook '/home/ph/fourth_ws/install/urdf_launch/share/urdf_launch/hook/cmake_prefix_path.ps1'
[1.006s] INFO:colcon.colcon_core.shell:Creating environment descriptor '/home/ph/fourth_ws/install/urdf_launch/share/urdf_launch/hook/cmake_prefix_path.dsv'
[1.007s] INFO:colcon.colcon_core.shell:Creating environment hook '/home/ph/fourth_ws/install/urdf_launch/share/urdf_launch/hook/cmake_prefix_path.sh'
[1.007s] Level 1:colcon.colcon_core.environment:checking '/home/ph/fourth_ws/install/urdf_launch/bin'
[1.007s] Level 1:colcon.colcon_core.environment:checking '/home/ph/fourth_ws/install/urdf_launch/lib/pkgconfig/urdf_launch.pc'
[1.008s] Level 1:colcon.colcon_core.environment:checking '/home/ph/fourth_ws/install/urdf_launch/lib/python3.10/site-packages'
[1.008s] Level 1:colcon.colcon_core.environment:checking '/home/ph/fourth_ws/install/urdf_launch/bin'
[1.008s] INFO:colcon.colcon_core.shell:Creating package script '/home/ph/fourth_ws/install/urdf_launch/share/urdf_launch/package.ps1'
[1.009s] INFO:colcon.colcon_core.shell:Creating package descriptor '/home/ph/fourth_ws/install/urdf_launch/share/urdf_launch/package.dsv'
[1.009s] INFO:colcon.colcon_core.shell:Creating package script '/home/ph/fourth_ws/install/urdf_launch/share/urdf_launch/package.sh'
[1.010s] INFO:colcon.colcon_core.shell:Creating package script '/home/ph/fourth_ws/install/urdf_launch/share/urdf_launch/package.bash'
[1.010s] INFO:colcon.colcon_core.shell:Creating package script '/home/ph/fourth_ws/install/urdf_launch/share/urdf_launch/package.zsh'
[1.011s] Level 1:colcon.colcon_core.environment:create_file_with_runtime_dependencies(/home/ph/fourth_ws/install/urdf_launch/share/colcon-core/packages/urdf_launch)
[1.011s] INFO:colcon.colcon_ros.task.ament_cmake.build:Building ROS package in '/home/ph/fourth_ws/src/urdf_tutorial' with build type 'ament_cmake'
[1.011s] INFO:colcon.colcon_cmake.task.cmake.build:Building CMake package in '/home/ph/fourth_ws/src/urdf_tutorial'
[1.012s] INFO:colcon.colcon_core.shell:Skip shell extension 'powershell' for command environment: Not usable outside of PowerShell
[1.012s] DEBUG:colcon.colcon_core.shell:Skip shell extension 'dsv' for command environment
[1.038s] DEBUG:colcon.colcon_core.event_handler.log_command:Invoking command in '/home/ph/fourth_ws/build/urdf_tutorial': CMAKE_PREFIX_PATH=/home/ph/fourth_ws/install/urdf_launch:/opt/ros/humble:/home/ph/fourth_ws/install/urdf_sim_tutorial:/home/ph/fourth_ws/install/urdf_tutorial /usr/bin/cmake --build /home/ph/fourth_ws/build/urdf_tutorial -- -j8 -l8
[1.108s] DEBUG:colcon.colcon_core.event_handler.log_command:Invoked command in '/home/ph/fourth_ws/build/urdf_tutorial' returned '0': CMAKE_PREFIX_PATH=/home/ph/fourth_ws/install/urdf_launch:/opt/ros/humble:/home/ph/fourth_ws/install/urdf_sim_tutorial:/home/ph/fourth_ws/install/urdf_tutorial /usr/bin/cmake --build /home/ph/fourth_ws/build/urdf_tutorial -- -j8 -l8
[1.112s] DEBUG:colcon.colcon_core.event_handler.log_command:Invoking command in '/home/ph/fourth_ws/build/urdf_tutorial': CMAKE_PREFIX_PATH=/home/ph/fourth_ws/install/urdf_launch:/opt/ros/humble:/home/ph/fourth_ws/install/urdf_sim_tutorial:/home/ph/fourth_ws/install/urdf_tutorial /usr/bin/cmake --install /home/ph/fourth_ws/build/urdf_tutorial
[1.128s] Level 1:colcon.colcon_core.environment:create_environment_scripts_only(urdf_tutorial)
[1.129s] Level 1:colcon.colcon_core.environment:checking '/home/ph/fourth_ws/install/urdf_tutorial' for CMake module files
[1.131s] Level 1:colcon.colcon_core.environment:checking '/home/ph/fourth_ws/install/urdf_tutorial' for CMake config files
[1.133s] Level 1:colcon.colcon_core.shell:create_environment_hook('urdf_tutorial', 'cmake_prefix_path')
[1.133s] INFO:colcon.colcon_core.shell:Creating environment hook '/home/ph/fourth_ws/install/urdf_tutorial/share/urdf_tutorial/hook/cmake_prefix_path.ps1'
[1.134s] DEBUG:colcon.colcon_core.event_handler.log_command:Invoked command in '/home/ph/fourth_ws/build/urdf_tutorial' returned '0': CMAKE_PREFIX_PATH=/home/ph/fourth_ws/install/urdf_launch:/opt/ros/humble:/home/ph/fourth_ws/install/urdf_sim_tutorial:/home/ph/fourth_ws/install/urdf_tutorial /usr/bin/cmake --install /home/ph/fourth_ws/build/urdf_tutorial
[1.134s] INFO:colcon.colcon_core.shell:Creating environment descriptor '/home/ph/fourth_ws/install/urdf_tutorial/share/urdf_tutorial/hook/cmake_prefix_path.dsv'
[1.135s] INFO:colcon.colcon_core.shell:Creating environment hook '/home/ph/fourth_ws/install/urdf_tutorial/share/urdf_tutorial/hook/cmake_prefix_path.sh'
[1.135s] Level 1:colcon.colcon_core.environment:checking '/home/ph/fourth_ws/install/urdf_tutorial/bin'
[1.136s] Level 1:colcon.colcon_core.environment:checking '/home/ph/fourth_ws/install/urdf_tutorial/lib/pkgconfig/urdf_tutorial.pc'
[1.136s] Level 1:colcon.colcon_core.environment:checking '/home/ph/fourth_ws/install/urdf_tutorial/lib/python3.10/site-packages'
[1.136s] Level 1:colcon.colcon_core.environment:checking '/home/ph/fourth_ws/install/urdf_tutorial/bin'
[1.137s] INFO:colcon.colcon_core.shell:Creating package script '/home/ph/fourth_ws/install/urdf_tutorial/share/urdf_tutorial/package.ps1'
[1.137s] INFO:colcon.colcon_core.shell:Creating package descriptor '/home/ph/fourth_ws/install/urdf_tutorial/share/urdf_tutorial/package.dsv'
[1.138s] INFO:colcon.colcon_core.shell:Creating package script '/home/ph/fourth_ws/install/urdf_tutorial/share/urdf_tutorial/package.sh'
[1.138s] INFO:colcon.colcon_core.shell:Creating package script '/home/ph/fourth_ws/install/urdf_tutorial/share/urdf_tutorial/package.bash'
[1.139s] INFO:colcon.colcon_core.shell:Creating package script '/home/ph/fourth_ws/install/urdf_tutorial/share/urdf_tutorial/package.zsh'
[1.140s] Level 1:colcon.colcon_core.environment:create_file_with_runtime_dependencies(/home/ph/fourth_ws/install/urdf_tutorial/share/colcon-core/packages/urdf_tutorial)
[1.141s] Level 1:colcon.colcon_core.environment:create_environment_scripts_only(urdf_tutorial)
[1.142s] Level 1:colcon.colcon_core.environment:checking '/home/ph/fourth_ws/install/urdf_tutorial' for CMake module files
[1.143s] Level 1:colcon.colcon_core.environment:checking '/home/ph/fourth_ws/install/urdf_tutorial' for CMake config files
[1.143s] Level 1:colcon.colcon_core.shell:create_environment_hook('urdf_tutorial', 'cmake_prefix_path')
[1.144s] INFO:colcon.colcon_core.shell:Creating environment hook '/home/ph/fourth_ws/install/urdf_tutorial/share/urdf_tutorial/hook/cmake_prefix_path.ps1'
[1.145s] INFO:colcon.colcon_core.shell:Creating environment descriptor '/home/ph/fourth_ws/install/urdf_tutorial/share/urdf_tutorial/hook/cmake_prefix_path.dsv'
[1.146s] INFO:colcon.colcon_core.shell:Creating environment hook '/home/ph/fourth_ws/install/urdf_tutorial/share/urdf_tutorial/hook/cmake_prefix_path.sh'
[1.147s] Level 1:colcon.colcon_core.environment:checking '/home/ph/fourth_ws/install/urdf_tutorial/bin'
[1.147s] Level 1:colcon.colcon_core.environment:checking '/home/ph/fourth_ws/install/urdf_tutorial/lib/pkgconfig/urdf_tutorial.pc'
[1.148s] Level 1:colcon.colcon_core.environment:checking '/home/ph/fourth_ws/install/urdf_tutorial/lib/python3.10/site-packages'
[1.149s] Level 1:colcon.colcon_core.environment:checking '/home/ph/fourth_ws/install/urdf_tutorial/bin'
[1.150s] INFO:colcon.colcon_core.shell:Creating package script '/home/ph/fourth_ws/install/urdf_tutorial/share/urdf_tutorial/package.ps1'
[1.151s] INFO:colcon.colcon_core.shell:Creating package descriptor '/home/ph/fourth_ws/install/urdf_tutorial/share/urdf_tutorial/package.dsv'
[1.152s] INFO:colcon.colcon_core.shell:Creating package script '/home/ph/fourth_ws/install/urdf_tutorial/share/urdf_tutorial/package.sh'
[1.153s] INFO:colcon.colcon_core.shell:Creating package script '/home/ph/fourth_ws/install/urdf_tutorial/share/urdf_tutorial/package.bash'
[1.154s] INFO:colcon.colcon_core.shell:Creating package script '/home/ph/fourth_ws/install/urdf_tutorial/share/urdf_tutorial/package.zsh'
[1.155s] Level 1:colcon.colcon_core.environment:create_file_with_runtime_dependencies(/home/ph/fourth_ws/install/urdf_tutorial/share/colcon-core/packages/urdf_tutorial)
[1.156s] INFO:colcon.colcon_ros.task.ament_cmake.build:Building ROS package in '/home/ph/fourth_ws/src/urdf_sim_tutorial' with build type 'ament_cmake'
[1.156s] INFO:colcon.colcon_cmake.task.cmake.build:Building CMake package in '/home/ph/fourth_ws/src/urdf_sim_tutorial'
[1.157s] INFO:colcon.colcon_core.shell:Skip shell extension 'powershell' for command environment: Not usable outside of PowerShell
[1.157s] DEBUG:colcon.colcon_core.shell:Skip shell extension 'dsv' for command environment
[1.185s] DEBUG:colcon.colcon_core.event_handler.log_command:Invoking command in '/home/ph/fourth_ws/build/urdf_sim_tutorial': CMAKE_PREFIX_PATH=/opt/ros/humble:/home/ph/fourth_ws/install/urdf_tutorial:/home/ph/fourth_ws/install/urdf_launch:/home/ph/fourth_ws/install/urdf_sim_tutorial /usr/bin/cmake --build /home/ph/fourth_ws/build/urdf_sim_tutorial -- -j8 -l8
[1.263s] DEBUG:colcon.colcon_core.event_handler.log_command:Invoked command in '/home/ph/fourth_ws/build/urdf_sim_tutorial' returned '0': CMAKE_PREFIX_PATH=/opt/ros/humble:/home/ph/fourth_ws/install/urdf_tutorial:/home/ph/fourth_ws/install/urdf_launch:/home/ph/fourth_ws/install/urdf_sim_tutorial /usr/bin/cmake --build /home/ph/fourth_ws/build/urdf_sim_tutorial -- -j8 -l8
[1.266s] DEBUG:colcon.colcon_core.event_handler.log_command:Invoking command in '/home/ph/fourth_ws/build/urdf_sim_tutorial': CMAKE_PREFIX_PATH=/opt/ros/humble:/home/ph/fourth_ws/install/urdf_tutorial:/home/ph/fourth_ws/install/urdf_launch:/home/ph/fourth_ws/install/urdf_sim_tutorial /usr/bin/cmake --install /home/ph/fourth_ws/build/urdf_sim_tutorial
[1.285s] Level 1:colcon.colcon_core.environment:create_environment_scripts_only(urdf_sim_tutorial)
[1.285s] Level 1:colcon.colcon_core.environment:checking '/home/ph/fourth_ws/install/urdf_sim_tutorial' for CMake module files
[1.289s] DEBUG:colcon.colcon_core.event_handler.log_command:Invoked command in '/home/ph/fourth_ws/build/urdf_sim_tutorial' returned '0': CMAKE_PREFIX_PATH=/opt/ros/humble:/home/ph/fourth_ws/install/urdf_tutorial:/home/ph/fourth_ws/install/urdf_launch:/home/ph/fourth_ws/install/urdf_sim_tutorial /usr/bin/cmake --install /home/ph/fourth_ws/build/urdf_sim_tutorial
[1.289s] Level 1:colcon.colcon_core.environment:checking '/home/ph/fourth_ws/install/urdf_sim_tutorial' for CMake config files
[1.289s] Level 1:colcon.colcon_core.shell:create_environment_hook('urdf_sim_tutorial', 'cmake_prefix_path')
[1.290s] INFO:colcon.colcon_core.shell:Creating environment hook '/home/ph/fourth_ws/install/urdf_sim_tutorial/share/urdf_sim_tutorial/hook/cmake_prefix_path.ps1'
[1.291s] INFO:colcon.colcon_core.shell:Creating environment descriptor '/home/ph/fourth_ws/install/urdf_sim_tutorial/share/urdf_sim_tutorial/hook/cmake_prefix_path.dsv'
[1.291s] INFO:colcon.colcon_core.shell:Creating environment hook '/home/ph/fourth_ws/install/urdf_sim_tutorial/share/urdf_sim_tutorial/hook/cmake_prefix_path.sh'
[1.292s] Level 1:colcon.colcon_core.environment:checking '/home/ph/fourth_ws/install/urdf_sim_tutorial/bin'
[1.292s] Level 1:colcon.colcon_core.environment:checking '/home/ph/fourth_ws/install/urdf_sim_tutorial/lib/pkgconfig/urdf_sim_tutorial.pc'
[1.293s] Level 1:colcon.colcon_core.environment:checking '/home/ph/fourth_ws/install/urdf_sim_tutorial/lib/python3.10/site-packages'
[1.293s] Level 1:colcon.colcon_core.environment:checking '/home/ph/fourth_ws/install/urdf_sim_tutorial/bin'
[1.294s] INFO:colcon.colcon_core.shell:Creating package script '/home/ph/fourth_ws/install/urdf_sim_tutorial/share/urdf_sim_tutorial/package.ps1'
[1.294s] INFO:colcon.colcon_core.shell:Creating package descriptor '/home/ph/fourth_ws/install/urdf_sim_tutorial/share/urdf_sim_tutorial/package.dsv'
[1.295s] INFO:colcon.colcon_core.shell:Creating package script '/home/ph/fourth_ws/install/urdf_sim_tutorial/share/urdf_sim_tutorial/package.sh'
[1.295s] INFO:colcon.colcon_core.shell:Creating package script '/home/ph/fourth_ws/install/urdf_sim_tutorial/share/urdf_sim_tutorial/package.bash'
[1.296s] INFO:colcon.colcon_core.shell:Creating package script '/home/ph/fourth_ws/install/urdf_sim_tutorial/share/urdf_sim_tutorial/package.zsh'
[1.296s] Level 1:colcon.colcon_core.environment:create_file_with_runtime_dependencies(/home/ph/fourth_ws/install/urdf_sim_tutorial/share/colcon-core/packages/urdf_sim_tutorial)
[1.297s] Level 1:colcon.colcon_core.environment:create_environment_scripts_only(urdf_sim_tutorial)
[1.298s] Level 1:colcon.colcon_core.environment:checking '/home/ph/fourth_ws/install/urdf_sim_tutorial' for CMake module files
[1.298s] Level 1:colcon.colcon_core.environment:checking '/home/ph/fourth_ws/install/urdf_sim_tutorial' for CMake config files
[1.299s] Level 1:colcon.colcon_core.shell:create_environment_hook('urdf_sim_tutorial', 'cmake_prefix_path')
[1.299s] INFO:colcon.colcon_core.shell:Creating environment hook '/home/ph/fourth_ws/install/urdf_sim_tutorial/share/urdf_sim_tutorial/hook/cmake_prefix_path.ps1'
[1.299s] INFO:colcon.colcon_core.shell:Creating environment descriptor '/home/ph/fourth_ws/install/urdf_sim_tutorial/share/urdf_sim_tutorial/hook/cmake_prefix_path.dsv'
[1.300s] INFO:colcon.colcon_core.shell:Creating environment hook '/home/ph/fourth_ws/install/urdf_sim_tutorial/share/urdf_sim_tutorial/hook/cmake_prefix_path.sh'
[1.300s] Level 1:colcon.colcon_core.environment:checking '/home/ph/fourth_ws/install/urdf_sim_tutorial/bin'
[1.300s] Level 1:colcon.colcon_core.environment:checking '/home/ph/fourth_ws/install/urdf_sim_tutorial/lib/pkgconfig/urdf_sim_tutorial.pc'
[1.301s] Level 1:colcon.colcon_core.environment:checking '/home/ph/fourth_ws/install/urdf_sim_tutorial/lib/python3.10/site-packages'
[1.301s] Level 1:colcon.colcon_core.environment:checking '/home/ph/fourth_ws/install/urdf_sim_tutorial/bin'
[1.301s] INFO:colcon.colcon_core.shell:Creating package script '/home/ph/fourth_ws/install/urdf_sim_tutorial/share/urdf_sim_tutorial/package.ps1'
[1.302s] INFO:colcon.colcon_core.shell:Creating package descriptor '/home/ph/fourth_ws/install/urdf_sim_tutorial/share/urdf_sim_tutorial/package.dsv'
[1.303s] INFO:colcon.colcon_core.shell:Creating package script '/home/ph/fourth_ws/install/urdf_sim_tutorial/share/urdf_sim_tutorial/package.sh'
[1.303s] INFO:colcon.colcon_core.shell:Creating package script '/home/ph/fourth_ws/install/urdf_sim_tutorial/share/urdf_sim_tutorial/package.bash'
[1.304s] INFO:colcon.colcon_core.shell:Creating package script '/home/ph/fourth_ws/install/urdf_sim_tutorial/share/urdf_sim_tutorial/package.zsh'
[1.304s] Level 1:colcon.colcon_core.environment:create_file_with_runtime_dependencies(/home/ph/fourth_ws/install/urdf_sim_tutorial/share/colcon-core/packages/urdf_sim_tutorial)
[1.304s] DEBUG:colcon.colcon_parallel_executor.executor.parallel:closing loop
[1.305s] DEBUG:colcon.colcon_parallel_executor.executor.parallel:loop closed
[1.305s] DEBUG:colcon.colcon_parallel_executor.executor.parallel:run_until_complete finished with '0'
[1.305s] DEBUG:colcon.colcon_core.event_reactor:joining thread
[1.312s] INFO:colcon.colcon_core.plugin_system:Skipping extension 'colcon_notification.desktop_notification.terminal_notifier': Not used on non-Darwin systems
[1.312s] INFO:colcon.colcon_core.plugin_system:Skipping extension 'colcon_notification.desktop_notification.win32': Not used on non-Windows systems
[1.313s] INFO:colcon.colcon_notification.desktop_notification:Sending desktop notification using 'notify2'
[1.393s] DEBUG:colcon.colcon_core.event_reactor:joined thread
[1.394s] INFO:colcon.colcon_core.shell:Creating prefix script '/home/ph/fourth_ws/install/local_setup.ps1'
[1.398s] INFO:colcon.colcon_core.shell:Creating prefix util module '/home/ph/fourth_ws/install/_local_setup_util_ps1.py'
[1.403s] INFO:colcon.colcon_core.shell:Creating prefix chain script '/home/ph/fourth_ws/install/setup.ps1'
[1.407s] INFO:colcon.colcon_core.shell:Creating prefix script '/home/ph/fourth_ws/install/local_setup.sh'
[1.409s] INFO:colcon.colcon_core.shell:Creating prefix util module '/home/ph/fourth_ws/install/_local_setup_util_sh.py'
[1.411s] INFO:colcon.colcon_core.shell:Creating prefix chain script '/home/ph/fourth_ws/install/setup.sh'
[1.415s] INFO:colcon.colcon_core.shell:Creating prefix script '/home/ph/fourth_ws/install/local_setup.bash'
[1.417s] INFO:colcon.colcon_core.shell:Creating prefix chain script '/home/ph/fourth_ws/install/setup.bash'
[1.421s] INFO:colcon.colcon_core.shell:Creating prefix script '/home/ph/fourth_ws/install/local_setup.zsh'
[1.424s] INFO:colcon.colcon_core.shell:Creating prefix chain script '/home/ph/fourth_ws/install/setup.zsh'
