[0.025s] Invoking command in '/home/ph/ros2_firstw/build/action_tutorials_cpp': CMAKE_PREFIX_PATH=/home/ph/ros2_firstw/install/action_tutorials_interfaces:/home/ph/ros2_firstw/install/nnnode:/home/ph/ros2_firstw/install/cpp_srvcli:/home/ph/ros2_firstw/install/cpp_pubsub:/home/ph/ros2_firstw/install/tutorial_interfaces:/home/ph/ros2_firstw/install/turtlesim:/home/ph/ros2_firstw/install/more_interfaces:/home/ph/ros2_firstw/install/firstpkg:/home/ph/ros2_firstw/install/cpp_parameters:/home/ph/ros2_firstw/install/action_tutorials_cpp:/opt/ros/humble LD_LIBRARY_PATH=/home/ph/ros2_firstw/install/action_tutorials_interfaces/lib:/home/ph/ros2_firstw/install/tutorial_interfaces/lib:/home/ph/ros2_firstw/install/turtlesim/lib:/home/ph/ros2_firstw/install/more_interfaces/lib:/home/ph/ros2_firstw/install/action_tutorials_cpp/lib:/opt/ros/humble/opt/rviz_ogre_vendor/lib:/opt/ros/humble/lib/x86_64-linux-gnu:/opt/ros/humble/lib /usr/bin/cmake --build /home/ph/ros2_firstw/build/action_tutorials_cpp -- -j8 -l8
[0.188s] [ 25%] Built target action_server
[0.190s] [ 50%] Built target action_client
[0.192s] [ 75%] Built target fibonacci_action_client
[0.194s] [100%] Built target fibonacci_action_server
[0.239s] Invoked command in '/home/ph/ros2_firstw/build/action_tutorials_cpp' returned '0': CMAKE_PREFIX_PATH=/home/ph/ros2_firstw/install/action_tutorials_interfaces:/home/ph/ros2_firstw/install/nnnode:/home/ph/ros2_firstw/install/cpp_srvcli:/home/ph/ros2_firstw/install/cpp_pubsub:/home/ph/ros2_firstw/install/tutorial_interfaces:/home/ph/ros2_firstw/install/turtlesim:/home/ph/ros2_firstw/install/more_interfaces:/home/ph/ros2_firstw/install/firstpkg:/home/ph/ros2_firstw/install/cpp_parameters:/home/ph/ros2_firstw/install/action_tutorials_cpp:/opt/ros/humble LD_LIBRARY_PATH=/home/ph/ros2_firstw/install/action_tutorials_interfaces/lib:/home/ph/ros2_firstw/install/tutorial_interfaces/lib:/home/ph/ros2_firstw/install/turtlesim/lib:/home/ph/ros2_firstw/install/more_interfaces/lib:/home/ph/ros2_firstw/install/action_tutorials_cpp/lib:/opt/ros/humble/opt/rviz_ogre_vendor/lib:/opt/ros/humble/lib/x86_64-linux-gnu:/opt/ros/humble/lib /usr/bin/cmake --build /home/ph/ros2_firstw/build/action_tutorials_cpp -- -j8 -l8
[0.241s] Invoking command in '/home/ph/ros2_firstw/build/action_tutorials_cpp': CMAKE_PREFIX_PATH=/home/ph/ros2_firstw/install/action_tutorials_interfaces:/home/ph/ros2_firstw/install/nnnode:/home/ph/ros2_firstw/install/cpp_srvcli:/home/ph/ros2_firstw/install/cpp_pubsub:/home/ph/ros2_firstw/install/tutorial_interfaces:/home/ph/ros2_firstw/install/turtlesim:/home/ph/ros2_firstw/install/more_interfaces:/home/ph/ros2_firstw/install/firstpkg:/home/ph/ros2_firstw/install/cpp_parameters:/home/ph/ros2_firstw/install/action_tutorials_cpp:/opt/ros/humble LD_LIBRARY_PATH=/home/ph/ros2_firstw/install/action_tutorials_interfaces/lib:/home/ph/ros2_firstw/install/tutorial_interfaces/lib:/home/ph/ros2_firstw/install/turtlesim/lib:/home/ph/ros2_firstw/install/more_interfaces/lib:/home/ph/ros2_firstw/install/action_tutorials_cpp/lib:/opt/ros/humble/opt/rviz_ogre_vendor/lib:/opt/ros/humble/lib/x86_64-linux-gnu:/opt/ros/humble/lib /usr/bin/cmake --install /home/ph/ros2_firstw/build/action_tutorials_cpp
[0.253s] -- Install configuration: ""
[0.254s] -- Up-to-date: /home/ph/ros2_firstw/install/action_tutorials_cpp/lib/action_tutorials_cpp/fibonacci_action_client
[0.254s] -- Up-to-date: /home/ph/ros2_firstw/install/action_tutorials_cpp/lib/libaction_client.so
[0.255s] -- Up-to-date: /home/ph/ros2_firstw/install/action_tutorials_cpp/lib/action_tutorials_cpp/fibonacci_action_server
[0.256s] -- Up-to-date: /home/ph/ros2_firstw/install/action_tutorials_cpp/lib/libaction_server.so
[0.257s] -- Up-to-date: /home/ph/ros2_firstw/install/action_tutorials_cpp/share/ament_index/resource_index/package_run_dependencies/action_tutorials_cpp
[0.257s] -- Up-to-date: /home/ph/ros2_firstw/install/action_tutorials_cpp/share/ament_index/resource_index/parent_prefix_path/action_tutorials_cpp
[0.258s] -- Up-to-date: /home/ph/ros2_firstw/install/action_tutorials_cpp/share/action_tutorials_cpp/environment/ament_prefix_path.sh
[0.259s] -- Up-to-date: /home/ph/ros2_firstw/install/action_tutorials_cpp/share/action_tutorials_cpp/environment/ament_prefix_path.dsv
[0.259s] -- Up-to-date: /home/ph/ros2_firstw/install/action_tutorials_cpp/share/action_tutorials_cpp/environment/path.sh
[0.260s] -- Up-to-date: /home/ph/ros2_firstw/install/action_tutorials_cpp/share/action_tutorials_cpp/environment/path.dsv
[0.260s] -- Up-to-date: /home/ph/ros2_firstw/install/action_tutorials_cpp/share/action_tutorials_cpp/local_setup.bash
[0.260s] -- Up-to-date: /home/ph/ros2_firstw/install/action_tutorials_cpp/share/action_tutorials_cpp/local_setup.sh
[0.260s] -- Up-to-date: /home/ph/ros2_firstw/install/action_tutorials_cpp/share/action_tutorials_cpp/local_setup.zsh
[0.260s] -- Up-to-date: /home/ph/ros2_firstw/install/action_tutorials_cpp/share/action_tutorials_cpp/local_setup.dsv
[0.260s] -- Installing: /home/ph/ros2_firstw/install/action_tutorials_cpp/share/action_tutorials_cpp/package.dsv
[0.261s] -- Up-to-date: /home/ph/ros2_firstw/install/action_tutorials_cpp/share/ament_index/resource_index/packages/action_tutorials_cpp
[0.261s] -- Up-to-date: /home/ph/ros2_firstw/install/action_tutorials_cpp/share/ament_index/resource_index/rclcpp_components/action_tutorials_cpp
[0.261s] -- Up-to-date: /home/ph/ros2_firstw/install/action_tutorials_cpp/share/action_tutorials_cpp/cmake/action_tutorials_cppConfig.cmake
[0.262s] -- Up-to-date: /home/ph/ros2_firstw/install/action_tutorials_cpp/share/action_tutorials_cpp/cmake/action_tutorials_cppConfig-version.cmake
[0.262s] -- Up-to-date: /home/ph/ros2_firstw/install/action_tutorials_cpp/share/action_tutorials_cpp/package.xml
[0.265s] Invoked command in '/home/ph/ros2_firstw/build/action_tutorials_cpp' returned '0': CMAKE_PREFIX_PATH=/home/ph/ros2_firstw/install/action_tutorials_interfaces:/home/ph/ros2_firstw/install/nnnode:/home/ph/ros2_firstw/install/cpp_srvcli:/home/ph/ros2_firstw/install/cpp_pubsub:/home/ph/ros2_firstw/install/tutorial_interfaces:/home/ph/ros2_firstw/install/turtlesim:/home/ph/ros2_firstw/install/more_interfaces:/home/ph/ros2_firstw/install/firstpkg:/home/ph/ros2_firstw/install/cpp_parameters:/home/ph/ros2_firstw/install/action_tutorials_cpp:/opt/ros/humble LD_LIBRARY_PATH=/home/ph/ros2_firstw/install/action_tutorials_interfaces/lib:/home/ph/ros2_firstw/install/tutorial_interfaces/lib:/home/ph/ros2_firstw/install/turtlesim/lib:/home/ph/ros2_firstw/install/more_interfaces/lib:/home/ph/ros2_firstw/install/action_tutorials_cpp/lib:/opt/ros/humble/opt/rviz_ogre_vendor/lib:/opt/ros/humble/lib/x86_64-linux-gnu:/opt/ros/humble/lib /usr/bin/cmake --install /home/ph/ros2_firstw/build/action_tutorials_cpp
