[0.028s] Invoking command in '/home/ph/ws/lidar_ws/build/kiss_icp': CMAKE_PREFIX_PATH=/opt/ros/humble /usr/bin/cmake --build /home/ph/ws/lidar_ws/build/kiss_icp -- -j8 -l8
[0.246s] [ 14%] Built target kiss_icp_metrics
[0.248s] [ 57%] Built target kiss_icp_core
[0.264s] [ 71%] Built target kiss_icp_node
[0.301s] [ 85%] Built target kiss_icp_pipeline
[0.431s] [100%] Built target odometry_component
[0.450s] Invoked command in '/home/ph/ws/lidar_ws/build/kiss_icp' returned '0': CMAKE_PREFIX_PATH=/opt/ros/humble /usr/bin/cmake --build /home/ph/ws/lidar_ws/build/kiss_icp -- -j8 -l8
[0.466s] Invoking command in '/home/ph/ws/lidar_ws/build/kiss_icp': CMAKE_PREFIX_PATH=/opt/ros/humble /usr/bin/cmake --install /home/ph/ws/lidar_ws/build/kiss_icp
[0.475s] -- Install configuration: "Release"
[0.477s] -- Up-to-date: /home/ph/ws/lidar_ws/install/kiss_icp/lib/kiss_icp/kiss_icp_node
[0.478s] -- Up-to-date: /home/ph/ws/lidar_ws/install/kiss_icp/lib/libodometry_component.so
[0.479s] -- Up-to-date: /home/ph/ws/lidar_ws/install/kiss_icp/share/kiss_icp//launch
[0.479s] -- Up-to-date: /home/ph/ws/lidar_ws/install/kiss_icp/share/kiss_icp//launch/odometry.launch.py
[0.479s] -- Up-to-date: /home/ph/ws/lidar_ws/install/kiss_icp/share/kiss_icp//rviz
[0.480s] -- Up-to-date: /home/ph/ws/lidar_ws/install/kiss_icp/share/kiss_icp//rviz/kiss_icp.rviz
[0.480s] -- Up-to-date: /home/ph/ws/lidar_ws/install/kiss_icp/share/kiss_icp//config
[0.480s] -- Up-to-date: /home/ph/ws/lidar_ws/install/kiss_icp/share/kiss_icp//config/config.yaml
[0.480s] -- Up-to-date: /home/ph/ws/lidar_ws/install/kiss_icp/share/ament_index/resource_index/package_run_dependencies/kiss_icp
[0.481s] -- Up-to-date: /home/ph/ws/lidar_ws/install/kiss_icp/share/ament_index/resource_index/parent_prefix_path/kiss_icp
[0.481s] -- Up-to-date: /home/ph/ws/lidar_ws/install/kiss_icp/share/kiss_icp/environment/ament_prefix_path.sh
[0.481s] -- Up-to-date: /home/ph/ws/lidar_ws/install/kiss_icp/share/kiss_icp/environment/ament_prefix_path.dsv
[0.481s] -- Up-to-date: /home/ph/ws/lidar_ws/install/kiss_icp/share/kiss_icp/environment/path.sh
[0.482s] -- Up-to-date: /home/ph/ws/lidar_ws/install/kiss_icp/share/kiss_icp/environment/path.dsv
[0.482s] -- Up-to-date: /home/ph/ws/lidar_ws/install/kiss_icp/share/kiss_icp/local_setup.bash
[0.482s] -- Up-to-date: /home/ph/ws/lidar_ws/install/kiss_icp/share/kiss_icp/local_setup.sh
[0.482s] -- Up-to-date: /home/ph/ws/lidar_ws/install/kiss_icp/share/kiss_icp/local_setup.zsh
[0.483s] -- Up-to-date: /home/ph/ws/lidar_ws/install/kiss_icp/share/kiss_icp/local_setup.dsv
[0.483s] -- Installing: /home/ph/ws/lidar_ws/install/kiss_icp/share/kiss_icp/package.dsv
[0.483s] -- Up-to-date: /home/ph/ws/lidar_ws/install/kiss_icp/share/ament_index/resource_index/packages/kiss_icp
[0.483s] -- Up-to-date: /home/ph/ws/lidar_ws/install/kiss_icp/share/ament_index/resource_index/rclcpp_components/kiss_icp
[0.483s] -- Up-to-date: /home/ph/ws/lidar_ws/install/kiss_icp/share/kiss_icp/cmake/kiss_icpConfig.cmake
[0.484s] -- Up-to-date: /home/ph/ws/lidar_ws/install/kiss_icp/share/kiss_icp/cmake/kiss_icpConfig-version.cmake
[0.484s] -- Up-to-date: /home/ph/ws/lidar_ws/install/kiss_icp/share/kiss_icp/package.xml
[0.486s] Invoked command in '/home/ph/ws/lidar_ws/build/kiss_icp' returned '0': CMAKE_PREFIX_PATH=/opt/ros/humble /usr/bin/cmake --install /home/ph/ws/lidar_ws/build/kiss_icp
