[0.019s] Invoking command in '/home/ph/ros2_firstw/build/nnnode': CMAKE_PREFIX_PATH=${CMAKE_PREFIX_PATH}:/opt/ros/humble /usr/bin/cmake /home/ph/ros2_firstw/src/nnnode -DCMAKE_INSTALL_PREFIX=/home/ph/ros2_firstw/install/nnnode
[0.252s] -- The C compiler identification is GNU 11.4.0
[0.429s] -- The CXX compiler identification is GNU 11.4.0
[0.456s] -- Detecting C compiler ABI info
[0.603s] -- Detecting C compiler ABI info - done
[0.614s] -- Check for working C compiler: /usr/bin/cc - skipped
[0.615s] -- Detecting C compile features
[0.616s] -- Detecting C compile features - done
[0.620s] -- Detecting CXX compiler ABI info
[0.778s] -- Detecting CXX compiler ABI info - done
[0.808s] -- Check for working CXX compiler: /usr/bin/c++ - skipped
[0.809s] -- Detecting CXX compile features
[0.810s] -- Detecting CXX compile features - done
[0.828s] -- Found ament_cmake: 1.3.12 (/opt/ros/humble/share/ament_cmake/cmake)
[1.029s] -- Found Python3: /usr/bin/python3 (found version "3.10.12") found components: Interpreter 
[1.237s] -- Found rclcpp: 16.0.15 (/opt/ros/humble/share/rclcpp/cmake)
[1.340s] -- Found rosidl_generator_c: 3.1.7 (/opt/ros/humble/share/rosidl_generator_c/cmake)
[1.353s] -- Found rosidl_adapter: 3.1.7 (/opt/ros/humble/share/rosidl_adapter/cmake)
[1.372s] -- Found rosidl_generator_cpp: 3.1.7 (/opt/ros/humble/share/rosidl_generator_cpp/cmake)
[1.398s] -- Using all available rosidl_typesupport_c: rosidl_typesupport_fastrtps_c;rosidl_typesupport_introspection_c
[1.432s] -- Using all available rosidl_typesupport_cpp: rosidl_typesupport_fastrtps_cpp;rosidl_typesupport_introspection_cpp
[1.525s] -- Found rmw_implementation_cmake: 6.1.2 (/opt/ros/humble/share/rmw_implementation_cmake/cmake)
[1.531s] -- Found rmw_fastrtps_cpp: 6.2.9 (/opt/ros/humble/share/rmw_fastrtps_cpp/cmake)
[1.726s] -- Found OpenSSL: /usr/lib/x86_64-linux-gnu/libcrypto.so (found version "3.0.2")  
[1.767s] -- Found FastRTPS: /opt/ros/humble/include  
[1.826s] -- Using RMW implementation 'rmw_fastrtps_cpp' as default
[1.846s] -- Looking for pthread.h
[1.997s] -- Looking for pthread.h - found
[1.998s] -- Performing Test CMAKE_HAVE_LIBC_PTHREAD
[2.129s] -- Performing Test CMAKE_HAVE_LIBC_PTHREAD - Success
[2.131s] -- Found Threads: TRUE  
[2.237s] [31mCMake Error at CMakeLists.txt:11 (find_package):
[2.237s]   By not providing "Findmemory.cmake" in CMAKE_MODULE_PATH this project has
[2.237s]   asked CMake to find a package configuration file provided by "memory", but
[2.238s]   CMake did not find one.
[2.238s] 
[2.238s]   Could not find a package configuration file provided by "memory" with any
[2.238s]   of the following names:
[2.238s] 
[2.238s]     memoryConfig.cmake
[2.238s]     memory-config.cmake
[2.238s] 
[2.238s]   Add the installation prefix of "memory" to CMAKE_PREFIX_PATH or set
[2.239s]   "memory_DIR" to a directory containing one of the above files.  If "memory"
[2.239s]   provides a separate development package or SDK, be sure it has been
[2.239s]   installed.
[2.239s] 
[2.239s] [0m
[2.239s] -- Configuring incomplete, errors occurred!
[2.239s] See also "/home/ph/ros2_firstw/build/nnnode/CMakeFiles/CMakeOutput.log".
[2.249s] Invoked command in '/home/ph/ros2_firstw/build/nnnode' returned '1': CMAKE_PREFIX_PATH=${CMAKE_PREFIX_PATH}:/opt/ros/humble /usr/bin/cmake /home/ph/ros2_firstw/src/nnnode -DCMAKE_INSTALL_PREFIX=/home/ph/ros2_firstw/install/nnnode
