[0.419s] DEBUG:colcon:Command line arguments: ['/usr/bin/colcon', 'build', '--packages-select', 'helios16_cane_robot']
[0.419s] DEBUG:colcon:Parsed command line arguments: Namespace(log_base=None, log_level=None, verb_name='build', build_base='build', install_base='install', merge_install=False, symlink_install=False, test_result_base=None, continue_on_error=False, executor='parallel', parallel_workers=8, event_handlers=None, ignore_user_meta=False, metas=['./colcon.meta'], base_paths=['.'], packages_ignore=None, packages_ignore_regex=None, paths=None, packages_up_to=None, packages_up_to_regex=None, packages_above=None, packages_above_and_dependencies=None, packages_above_depth=None, packages_select_by_dep=None, packages_skip_by_dep=None, packages_skip_up_to=None, packages_select_build_failed=False, packages_skip_build_finished=False, packages_select_test_failures=False, packages_skip_test_passed=False, packages_select=['helios16_cane_robot'], packages_skip=None, packages_select_regex=None, packages_skip_regex=None, packages_start=None, packages_end=None, allow_overriding=[], cmake_args=None, cmake_target=None, cmake_target_skip_unavailable=False, cmake_clean_cache=False, cmake_clean_first=False, cmake_force_configure=False, ament_cmake_args=None, catkin_cmake_args=None, catkin_skip_building_tests=False, mixin_files=None, mixin=None, verb_parser=<colcon_mixin.mixin.mixin_argument.MixinArgumentDecorator object at 0x735f2bb35870>, verb_extension=<colcon_core.verb.build.BuildVerb object at 0x735f2bb34e80>, main=<bound method BuildVerb.main of <colcon_core.verb.build.BuildVerb object at 0x735f2bb34e80>>, mixin_verb=('build',))
[0.572s] Level 1:colcon.colcon_core.package_discovery:discover_packages(colcon_meta) check parameters
[0.572s] Level 1:colcon.colcon_core.package_discovery:discover_packages(recursive) check parameters
[0.572s] Level 1:colcon.colcon_core.package_discovery:discover_packages(ignore) check parameters
[0.572s] Level 1:colcon.colcon_core.package_discovery:discover_packages(path) check parameters
[0.573s] Level 1:colcon.colcon_core.package_discovery:discover_packages(colcon_meta) discover
[0.573s] Level 1:colcon.colcon_core.package_discovery:discover_packages(recursive) discover
[0.573s] INFO:colcon.colcon_core.package_discovery:Crawling recursively for packages in '/home/ph/ws/helios16p_ws'
[0.573s] Level 1:colcon.colcon_core.package_identification:_identify(.) by extensions ['ignore', 'ignore_ament_install']
[0.573s] Level 1:colcon.colcon_core.package_identification:_identify(.) by extension 'ignore'
[0.574s] Level 1:colcon.colcon_core.package_identification:_identify(.) by extension 'ignore_ament_install'
[0.574s] Level 1:colcon.colcon_core.package_identification:_identify(.) by extensions ['colcon_pkg']
[0.574s] Level 1:colcon.colcon_core.package_identification:_identify(.) by extension 'colcon_pkg'
[0.574s] Level 1:colcon.colcon_core.package_identification:_identify(.) by extensions ['colcon_meta']
[0.574s] Level 1:colcon.colcon_core.package_identification:_identify(.) by extension 'colcon_meta'
[0.574s] Level 1:colcon.colcon_core.package_identification:_identify(.) by extensions ['ros']
[0.574s] Level 1:colcon.colcon_core.package_identification:_identify(.) by extension 'ros'
[0.647s] Level 1:colcon.colcon_core.package_identification:_identify(.) by extensions ['cmake', 'python']
[0.647s] Level 1:colcon.colcon_core.package_identification:_identify(.) by extension 'cmake'
[0.647s] Level 1:colcon.colcon_core.package_identification:_identify(.) by extension 'python'
[0.648s] Level 1:colcon.colcon_core.package_identification:_identify(.) by extensions ['python_setup_py']
[0.648s] Level 1:colcon.colcon_core.package_identification:_identify(.) by extension 'python_setup_py'
[0.648s] Level 1:colcon.colcon_core.package_identification:_identify(build) by extensions ['ignore', 'ignore_ament_install']
[0.648s] Level 1:colcon.colcon_core.package_identification:_identify(build) by extension 'ignore'
[0.648s] Level 1:colcon.colcon_core.package_identification:_identify(build) ignored
[0.649s] Level 1:colcon.colcon_core.package_identification:_identify(install) by extensions ['ignore', 'ignore_ament_install']
[0.649s] Level 1:colcon.colcon_core.package_identification:_identify(install) by extension 'ignore'
[0.649s] Level 1:colcon.colcon_core.package_identification:_identify(install) ignored
[0.650s] Level 1:colcon.colcon_core.package_identification:_identify(log) by extensions ['ignore', 'ignore_ament_install']
[0.650s] Level 1:colcon.colcon_core.package_identification:_identify(log) by extension 'ignore'
[0.650s] Level 1:colcon.colcon_core.package_identification:_identify(log) ignored
[0.650s] Level 1:colcon.colcon_core.package_identification:_identify(maps) by extensions ['ignore', 'ignore_ament_install']
[0.650s] Level 1:colcon.colcon_core.package_identification:_identify(maps) by extension 'ignore'
[0.651s] Level 1:colcon.colcon_core.package_identification:_identify(maps) by extension 'ignore_ament_install'
[0.651s] Level 1:colcon.colcon_core.package_identification:_identify(maps) by extensions ['colcon_pkg']
[0.651s] Level 1:colcon.colcon_core.package_identification:_identify(maps) by extension 'colcon_pkg'
[0.651s] Level 1:colcon.colcon_core.package_identification:_identify(maps) by extensions ['colcon_meta']
[0.651s] Level 1:colcon.colcon_core.package_identification:_identify(maps) by extension 'colcon_meta'
[0.651s] Level 1:colcon.colcon_core.package_identification:_identify(maps) by extensions ['ros']
[0.651s] Level 1:colcon.colcon_core.package_identification:_identify(maps) by extension 'ros'
[0.651s] Level 1:colcon.colcon_core.package_identification:_identify(maps) by extensions ['cmake', 'python']
[0.652s] Level 1:colcon.colcon_core.package_identification:_identify(maps) by extension 'cmake'
[0.652s] Level 1:colcon.colcon_core.package_identification:_identify(maps) by extension 'python'
[0.652s] Level 1:colcon.colcon_core.package_identification:_identify(maps) by extensions ['python_setup_py']
[0.652s] Level 1:colcon.colcon_core.package_identification:_identify(maps) by extension 'python_setup_py'
[0.652s] Level 1:colcon.colcon_core.package_identification:_identify(old_frames) by extensions ['ignore', 'ignore_ament_install']
[0.652s] Level 1:colcon.colcon_core.package_identification:_identify(old_frames) by extension 'ignore'
[0.653s] Level 1:colcon.colcon_core.package_identification:_identify(old_frames) by extension 'ignore_ament_install'
[0.653s] Level 1:colcon.colcon_core.package_identification:_identify(old_frames) by extensions ['colcon_pkg']
[0.653s] Level 1:colcon.colcon_core.package_identification:_identify(old_frames) by extension 'colcon_pkg'
[0.653s] Level 1:colcon.colcon_core.package_identification:_identify(old_frames) by extensions ['colcon_meta']
[0.653s] Level 1:colcon.colcon_core.package_identification:_identify(old_frames) by extension 'colcon_meta'
[0.653s] Level 1:colcon.colcon_core.package_identification:_identify(old_frames) by extensions ['ros']
[0.653s] Level 1:colcon.colcon_core.package_identification:_identify(old_frames) by extension 'ros'
[0.654s] Level 1:colcon.colcon_core.package_identification:_identify(old_frames) by extensions ['cmake', 'python']
[0.654s] Level 1:colcon.colcon_core.package_identification:_identify(old_frames) by extension 'cmake'
[0.654s] Level 1:colcon.colcon_core.package_identification:_identify(old_frames) by extension 'python'
[0.654s] Level 1:colcon.colcon_core.package_identification:_identify(old_frames) by extensions ['python_setup_py']
[0.654s] Level 1:colcon.colcon_core.package_identification:_identify(old_frames) by extension 'python_setup_py'
[0.654s] Level 1:colcon.colcon_core.package_identification:_identify(src) by extensions ['ignore', 'ignore_ament_install']
[0.654s] Level 1:colcon.colcon_core.package_identification:_identify(src) by extension 'ignore'
[0.655s] Level 1:colcon.colcon_core.package_identification:_identify(src) by extension 'ignore_ament_install'
[0.655s] Level 1:colcon.colcon_core.package_identification:_identify(src) by extensions ['colcon_pkg']
[0.655s] Level 1:colcon.colcon_core.package_identification:_identify(src) by extension 'colcon_pkg'
[0.655s] Level 1:colcon.colcon_core.package_identification:_identify(src) by extensions ['colcon_meta']
[0.655s] Level 1:colcon.colcon_core.package_identification:_identify(src) by extension 'colcon_meta'
[0.655s] Level 1:colcon.colcon_core.package_identification:_identify(src) by extensions ['ros']
[0.655s] Level 1:colcon.colcon_core.package_identification:_identify(src) by extension 'ros'
[0.656s] Level 1:colcon.colcon_core.package_identification:_identify(src) by extensions ['cmake', 'python']
[0.656s] Level 1:colcon.colcon_core.package_identification:_identify(src) by extension 'cmake'
[0.656s] Level 1:colcon.colcon_core.package_identification:_identify(src) by extension 'python'
[0.656s] Level 1:colcon.colcon_core.package_identification:_identify(src) by extensions ['python_setup_py']
[0.656s] Level 1:colcon.colcon_core.package_identification:_identify(src) by extension 'python_setup_py'
[0.656s] Level 1:colcon.colcon_core.package_identification:_identify(src/helios16p_cane_robot) by extensions ['ignore', 'ignore_ament_install']
[0.657s] Level 1:colcon.colcon_core.package_identification:_identify(src/helios16p_cane_robot) by extension 'ignore'
[0.657s] Level 1:colcon.colcon_core.package_identification:_identify(src/helios16p_cane_robot) by extension 'ignore_ament_install'
[0.657s] Level 1:colcon.colcon_core.package_identification:_identify(src/helios16p_cane_robot) by extensions ['colcon_pkg']
[0.657s] Level 1:colcon.colcon_core.package_identification:_identify(src/helios16p_cane_robot) by extension 'colcon_pkg'
[0.657s] Level 1:colcon.colcon_core.package_identification:_identify(src/helios16p_cane_robot) by extensions ['colcon_meta']
[0.657s] Level 1:colcon.colcon_core.package_identification:_identify(src/helios16p_cane_robot) by extension 'colcon_meta'
[0.657s] Level 1:colcon.colcon_core.package_identification:_identify(src/helios16p_cane_robot) by extensions ['ros']
[0.657s] Level 1:colcon.colcon_core.package_identification:_identify(src/helios16p_cane_robot) by extension 'ros'
[0.666s] DEBUG:colcon.colcon_core.package_identification:Package 'src/helios16p_cane_robot' with type 'ros.ament_python' and name 'helios16p_cane_robot'
[0.666s] Level 1:colcon.colcon_core.package_identification:_identify(src/kiss-icp) by extensions ['ignore', 'ignore_ament_install']
[0.666s] Level 1:colcon.colcon_core.package_identification:_identify(src/kiss-icp) by extension 'ignore'
[0.667s] Level 1:colcon.colcon_core.package_identification:_identify(src/kiss-icp) by extension 'ignore_ament_install'
[0.667s] Level 1:colcon.colcon_core.package_identification:_identify(src/kiss-icp) by extensions ['colcon_pkg']
[0.667s] Level 1:colcon.colcon_core.package_identification:_identify(src/kiss-icp) by extension 'colcon_pkg'
[0.667s] Level 1:colcon.colcon_core.package_identification:_identify(src/kiss-icp) by extensions ['colcon_meta']
[0.667s] Level 1:colcon.colcon_core.package_identification:_identify(src/kiss-icp) by extension 'colcon_meta'
[0.667s] Level 1:colcon.colcon_core.package_identification:_identify(src/kiss-icp) by extensions ['ros']
[0.667s] Level 1:colcon.colcon_core.package_identification:_identify(src/kiss-icp) by extension 'ros'
[0.668s] Level 1:colcon.colcon_core.package_identification:_identify(src/kiss-icp) by extensions ['cmake', 'python']
[0.668s] Level 1:colcon.colcon_core.package_identification:_identify(src/kiss-icp) by extension 'cmake'
[0.668s] Level 1:colcon.colcon_core.package_identification:_identify(src/kiss-icp) by extension 'python'
[0.668s] Level 1:colcon.colcon_core.package_identification:_identify(src/kiss-icp) by extensions ['python_setup_py']
[0.668s] Level 1:colcon.colcon_core.package_identification:_identify(src/kiss-icp) by extension 'python_setup_py'
[0.668s] Level 1:colcon.colcon_core.package_identification:_identify(src/kiss-icp/config) by extensions ['ignore', 'ignore_ament_install']
[0.669s] Level 1:colcon.colcon_core.package_identification:_identify(src/kiss-icp/config) by extension 'ignore'
[0.669s] Level 1:colcon.colcon_core.package_identification:_identify(src/kiss-icp/config) by extension 'ignore_ament_install'
[0.669s] Level 1:colcon.colcon_core.package_identification:_identify(src/kiss-icp/config) by extensions ['colcon_pkg']
[0.669s] Level 1:colcon.colcon_core.package_identification:_identify(src/kiss-icp/config) by extension 'colcon_pkg'
[0.669s] Level 1:colcon.colcon_core.package_identification:_identify(src/kiss-icp/config) by extensions ['colcon_meta']
[0.669s] Level 1:colcon.colcon_core.package_identification:_identify(src/kiss-icp/config) by extension 'colcon_meta'
[0.669s] Level 1:colcon.colcon_core.package_identification:_identify(src/kiss-icp/config) by extensions ['ros']
[0.670s] Level 1:colcon.colcon_core.package_identification:_identify(src/kiss-icp/config) by extension 'ros'
[0.670s] Level 1:colcon.colcon_core.package_identification:_identify(src/kiss-icp/config) by extensions ['cmake', 'python']
[0.670s] Level 1:colcon.colcon_core.package_identification:_identify(src/kiss-icp/config) by extension 'cmake'
[0.670s] Level 1:colcon.colcon_core.package_identification:_identify(src/kiss-icp/config) by extension 'python'
[0.670s] Level 1:colcon.colcon_core.package_identification:_identify(src/kiss-icp/config) by extensions ['python_setup_py']
[0.670s] Level 1:colcon.colcon_core.package_identification:_identify(src/kiss-icp/config) by extension 'python_setup_py'
[0.671s] Level 1:colcon.colcon_core.package_identification:_identify(src/kiss-icp/cpp) by extensions ['ignore', 'ignore_ament_install']
[0.671s] Level 1:colcon.colcon_core.package_identification:_identify(src/kiss-icp/cpp) by extension 'ignore'
[0.671s] Level 1:colcon.colcon_core.package_identification:_identify(src/kiss-icp/cpp) ignored
[0.671s] Level 1:colcon.colcon_core.package_identification:_identify(src/kiss-icp/eval) by extensions ['ignore', 'ignore_ament_install']
[0.671s] Level 1:colcon.colcon_core.package_identification:_identify(src/kiss-icp/eval) by extension 'ignore'
[0.671s] Level 1:colcon.colcon_core.package_identification:_identify(src/kiss-icp/eval) by extension 'ignore_ament_install'
[0.672s] Level 1:colcon.colcon_core.package_identification:_identify(src/kiss-icp/eval) by extensions ['colcon_pkg']
[0.672s] Level 1:colcon.colcon_core.package_identification:_identify(src/kiss-icp/eval) by extension 'colcon_pkg'
[0.672s] Level 1:colcon.colcon_core.package_identification:_identify(src/kiss-icp/eval) by extensions ['colcon_meta']
[0.672s] Level 1:colcon.colcon_core.package_identification:_identify(src/kiss-icp/eval) by extension 'colcon_meta'
[0.672s] Level 1:colcon.colcon_core.package_identification:_identify(src/kiss-icp/eval) by extensions ['ros']
[0.672s] Level 1:colcon.colcon_core.package_identification:_identify(src/kiss-icp/eval) by extension 'ros'
[0.672s] Level 1:colcon.colcon_core.package_identification:_identify(src/kiss-icp/eval) by extensions ['cmake', 'python']
[0.673s] Level 1:colcon.colcon_core.package_identification:_identify(src/kiss-icp/eval) by extension 'cmake'
[0.673s] Level 1:colcon.colcon_core.package_identification:_identify(src/kiss-icp/eval) by extension 'python'
[0.673s] Level 1:colcon.colcon_core.package_identification:_identify(src/kiss-icp/eval) by extensions ['python_setup_py']
[0.673s] Level 1:colcon.colcon_core.package_identification:_identify(src/kiss-icp/eval) by extension 'python_setup_py'
[0.673s] Level 1:colcon.colcon_core.package_identification:_identify(src/kiss-icp/python) by extensions ['ignore', 'ignore_ament_install']
[0.673s] Level 1:colcon.colcon_core.package_identification:_identify(src/kiss-icp/python) by extension 'ignore'
[0.673s] Level 1:colcon.colcon_core.package_identification:_identify(src/kiss-icp/python) ignored
[0.674s] Level 1:colcon.colcon_core.package_identification:_identify(src/kiss-icp/ros) by extensions ['ignore', 'ignore_ament_install']
[0.674s] Level 1:colcon.colcon_core.package_identification:_identify(src/kiss-icp/ros) by extension 'ignore'
[0.674s] Level 1:colcon.colcon_core.package_identification:_identify(src/kiss-icp/ros) by extension 'ignore_ament_install'
[0.674s] Level 1:colcon.colcon_core.package_identification:_identify(src/kiss-icp/ros) by extensions ['colcon_pkg']
[0.674s] Level 1:colcon.colcon_core.package_identification:_identify(src/kiss-icp/ros) by extension 'colcon_pkg'
[0.675s] Level 1:colcon.colcon_core.package_identification:_identify(src/kiss-icp/ros) by extensions ['colcon_meta']
[0.675s] Level 1:colcon.colcon_core.package_identification:_identify(src/kiss-icp/ros) by extension 'colcon_meta'
[0.675s] Level 1:colcon.colcon_core.package_identification:_identify(src/kiss-icp/ros) by extensions ['ros']
[0.675s] Level 1:colcon.colcon_core.package_identification:_identify(src/kiss-icp/ros) by extension 'ros'
[0.680s] DEBUG:colcon.colcon_core.package_identification:Package 'src/kiss-icp/ros' with type 'ros.ament_cmake' and name 'kiss_icp'
[0.680s] Level 1:colcon.colcon_core.package_identification:_identify(src/rslidar_msg) by extensions ['ignore', 'ignore_ament_install']
[0.680s] Level 1:colcon.colcon_core.package_identification:_identify(src/rslidar_msg) by extension 'ignore'
[0.681s] Level 1:colcon.colcon_core.package_identification:_identify(src/rslidar_msg) by extension 'ignore_ament_install'
[0.681s] Level 1:colcon.colcon_core.package_identification:_identify(src/rslidar_msg) by extensions ['colcon_pkg']
[0.681s] Level 1:colcon.colcon_core.package_identification:_identify(src/rslidar_msg) by extension 'colcon_pkg'
[0.681s] Level 1:colcon.colcon_core.package_identification:_identify(src/rslidar_msg) by extensions ['colcon_meta']
[0.681s] Level 1:colcon.colcon_core.package_identification:_identify(src/rslidar_msg) by extension 'colcon_meta'
[0.681s] Level 1:colcon.colcon_core.package_identification:_identify(src/rslidar_msg) by extensions ['ros']
[0.681s] Level 1:colcon.colcon_core.package_identification:_identify(src/rslidar_msg) by extension 'ros'
[0.684s] DEBUG:colcon.colcon_core.package_identification:Package 'src/rslidar_msg' with type 'ros.ament_cmake' and name 'rslidar_msg'
[0.684s] Level 1:colcon.colcon_core.package_identification:_identify(src/rslidar_sdk) by extensions ['ignore', 'ignore_ament_install']
[0.684s] Level 1:colcon.colcon_core.package_identification:_identify(src/rslidar_sdk) by extension 'ignore'
[0.684s] Level 1:colcon.colcon_core.package_identification:_identify(src/rslidar_sdk) by extension 'ignore_ament_install'
[0.685s] Level 1:colcon.colcon_core.package_identification:_identify(src/rslidar_sdk) by extensions ['colcon_pkg']
[0.685s] Level 1:colcon.colcon_core.package_identification:_identify(src/rslidar_sdk) by extension 'colcon_pkg'
[0.685s] Level 1:colcon.colcon_core.package_identification:_identify(src/rslidar_sdk) by extensions ['colcon_meta']
[0.685s] Level 1:colcon.colcon_core.package_identification:_identify(src/rslidar_sdk) by extension 'colcon_meta'
[0.685s] Level 1:colcon.colcon_core.package_identification:_identify(src/rslidar_sdk) by extensions ['ros']
[0.685s] Level 1:colcon.colcon_core.package_identification:_identify(src/rslidar_sdk) by extension 'ros'
[0.709s] DEBUG:colcon.colcon_core.package_identification:Package 'src/rslidar_sdk' with type 'ros.ament_cmake' and name 'rslidar_sdk'
[0.710s] Level 1:colcon.colcon_core.package_discovery:discover_packages(recursive) using defaults
[0.710s] Level 1:colcon.colcon_core.package_discovery:discover_packages(ignore) discover
[0.710s] Level 1:colcon.colcon_core.package_discovery:discover_packages(ignore) using defaults
[0.710s] Level 1:colcon.colcon_core.package_discovery:discover_packages(path) discover
[0.710s] Level 1:colcon.colcon_core.package_discovery:discover_packages(path) using defaults
[0.711s] WARNING:colcon.colcon_core.package_selection:ignoring unknown package 'helios16_cane_robot' in --packages-select
[0.771s] INFO:colcon.colcon_core.package_selection:Skipping not selected package 'helios16p_cane_robot' in 'src/helios16p_cane_robot'
[0.771s] INFO:colcon.colcon_core.package_selection:Skipping not selected package 'kiss_icp' in 'src/kiss-icp/ros'
[0.772s] INFO:colcon.colcon_core.package_selection:Skipping not selected package 'rslidar_msg' in 'src/rslidar_msg'
[0.772s] INFO:colcon.colcon_core.package_selection:Skipping not selected package 'rslidar_sdk' in 'src/rslidar_sdk'
[0.773s] Level 1:colcon.colcon_core.package_discovery:discover_packages(prefix_path) check parameters
[0.773s] Level 1:colcon.colcon_core.package_discovery:discover_packages(prefix_path) discover
[0.781s] DEBUG:colcon.colcon_installed_package_information.package_discovery:Found 4 installed packages in /home/ph/ws/helios16p_ws/install
[0.787s] DEBUG:colcon.colcon_installed_package_information.package_discovery:Found 461 installed packages in /opt/ros/humble
[0.794s] Level 1:colcon.colcon_core.package_discovery:discover_packages(prefix_path) using defaults
[0.986s] INFO:colcon.colcon_core.executor:Executing jobs using 'parallel' executor
[0.989s] DEBUG:colcon.colcon_parallel_executor.executor.parallel:run_until_complete
[0.989s] DEBUG:colcon.colcon_parallel_executor.executor.parallel:closing loop
[0.990s] DEBUG:colcon.colcon_parallel_executor.executor.parallel:loop closed
[0.990s] DEBUG:colcon.colcon_parallel_executor.executor.parallel:run_until_complete finished with '0'
[0.990s] DEBUG:colcon.colcon_core.event_reactor:joining thread
[1.005s] INFO:colcon.colcon_core.plugin_system:Skipping extension 'colcon_notification.desktop_notification.terminal_notifier': Not used on non-Darwin systems
[1.006s] INFO:colcon.colcon_core.plugin_system:Skipping extension 'colcon_notification.desktop_notification.win32': Not used on non-Windows systems
[1.006s] INFO:colcon.colcon_notification.desktop_notification:Sending desktop notification using 'notify2'
[1.059s] DEBUG:colcon.colcon_core.event_reactor:joined thread
[1.067s] INFO:colcon.colcon_core.plugin_system:Skipping extension 'colcon_core.shell.bat': Not used on non-Windows systems
[1.068s] INFO:colcon.colcon_core.shell:Creating prefix script '/home/ph/ws/helios16p_ws/install/local_setup.ps1'
[1.071s] INFO:colcon.colcon_core.shell:Creating prefix util module '/home/ph/ws/helios16p_ws/install/_local_setup_util_ps1.py'
[1.075s] INFO:colcon.colcon_core.shell:Creating prefix chain script '/home/ph/ws/helios16p_ws/install/setup.ps1'
[1.079s] INFO:colcon.colcon_core.shell:Creating prefix script '/home/ph/ws/helios16p_ws/install/local_setup.sh'
[1.081s] INFO:colcon.colcon_core.shell:Creating prefix util module '/home/ph/ws/helios16p_ws/install/_local_setup_util_sh.py'
[1.083s] INFO:colcon.colcon_core.shell:Creating prefix chain script '/home/ph/ws/helios16p_ws/install/setup.sh'
[1.087s] INFO:colcon.colcon_core.shell:Creating prefix script '/home/ph/ws/helios16p_ws/install/local_setup.bash'
[1.089s] INFO:colcon.colcon_core.shell:Creating prefix chain script '/home/ph/ws/helios16p_ws/install/setup.bash'
[1.094s] INFO:colcon.colcon_core.shell:Creating prefix script '/home/ph/ws/helios16p_ws/install/local_setup.zsh'
[1.097s] INFO:colcon.colcon_core.shell:Creating prefix chain script '/home/ph/ws/helios16p_ws/install/setup.zsh'
