[0.029s] Invoking command in '/home/ph/ws/lidar_ws/build/livox_ros_driver2': /usr/bin/cmake /home/ph/ws/lidar_ws/src/ws_livox/src/livox_ros_driver2 -DCMAKE_INSTALL_PREFIX=/home/ph/ws/lidar_ws/install/livox_ros_driver2
[0.141s] -- The C compiler identification is GNU 11.4.0
[0.276s] -- The CXX compiler identification is GNU 11.4.0
[0.289s] -- Detecting C compiler ABI info
[0.385s] -- Detecting C compiler ABI info - done
[0.409s] -- Check for working C compiler: /usr/bin/cc - skipped
[0.410s] -- Detecting C compile features
[0.411s] -- Detecting C compile features - done
[0.432s] -- Detecting CXX compiler ABI info
[0.547s] -- Detecting CXX compiler ABI info - done
[0.572s] -- Check for working CXX compiler: /usr/bin/c++ - skipped
[0.573s] -- Detecting CXX compile features
[0.573s] -- Detecting CXX compile features - done
[0.581s] -- livox_ros_driver2 version: 1.2.4
[0.585s] -- Found ament_cmake_auto: 1.3.12 (/opt/ros/humble/share/ament_cmake_auto/cmake)
[0.839s] -- Found Python3: /usr/bin/python3 (found version "3.10.12") found components: Interpreter
[1.148s] [0mCMake Error: File /home/ph/ws/lidar_ws/src/ws_livox/src/livox_ros_driver2/package.xml does not exist.[0m
[1.148s] [31mCMake Error at /opt/ros/humble/share/ament_cmake_core/cmake/core/stamp.cmake:24 (configure_file):
[1.148s]   configure_file Problem configuring file
[1.148s] Call Stack (most recent call first):
[1.148s]   /opt/ros/humble/share/ament_cmake_core/cmake/core/ament_package_xml.cmake:73 (stamp)
[1.149s]   /opt/ros/humble/share/ament_cmake_core/cmake/core/ament_package_xml.cmake:49 (_ament_package_xml)
[1.149s]   /opt/ros/humble/share/ament_cmake_auto/cmake/ament_auto_find_build_dependencies.cmake:42 (ament_package_xml)
[1.149s]   CMakeLists.txt:225 (ament_auto_find_build_dependencies)
[1.149s] 
[1.149s] [0m
[1.180s] [33mCMake Warning (dev) at /usr/lib/x86_64-linux-gnu/cmake/pcl/PCLConfig.cmake:146 (find_package):
[1.181s]   Policy CMP0144 is not set: find_package uses upper-case <PACKAGENAME>_ROOT
[1.181s]   variables.  Run "cmake --help-policy CMP0144" for policy details.  Use the
[1.181s]   cmake_policy command to set the policy and suppress this warning.
[1.181s] 
[1.182s]   CMake variable EIGEN_ROOT is set to:
[1.182s] 
[1.182s]     /usr/include/eigen3
[1.182s] 
[1.182s]   For compatibility, find_package is ignoring the variable, but code in a
[1.182s]   .cmake module might still use it.
[1.183s] Call Stack (most recent call first):
[1.183s]   /usr/lib/x86_64-linux-gnu/cmake/pcl/PCLConfig.cmake:299 (find_eigen)
[1.183s]   /usr/lib/x86_64-linux-gnu/cmake/pcl/PCLConfig.cmake:543 (find_external_library)
[1.183s]   CMakeLists.txt:226 (find_package)
[1.183s] This warning is for project developers.  Use -Wno-dev to suppress it.
[1.188s] [0m
[1.208s] -- Checking for module 'eigen3'
[1.248s] --   Found eigen3, version 3.4.0
[1.373s] -- Found Eigen: /usr/include/eigen3 (Required is at least version "3.1")
[1.377s] -- Eigen found (include: /usr/include/eigen3, version: 3.4.0)
[1.377s] [33mCMake Warning (dev) at /usr/lib/x86_64-linux-gnu/cmake/pcl/PCLConfig.cmake:128 (find_package):
[1.378s]   Policy CMP0167 is not set: The FindBoost module is removed.  Run "cmake
[1.378s]   --help-policy CMP0167" for policy details.  Use the cmake_policy command to
[1.378s]   set the policy and suppress this warning.
[1.378s] 
[1.378s] Call Stack (most recent call first):
[1.378s]   /usr/lib/x86_64-linux-gnu/cmake/pcl/PCLConfig.cmake:297 (find_boost)
[1.378s]   /usr/lib/x86_64-linux-gnu/cmake/pcl/PCLConfig.cmake:543 (find_external_library)
[1.379s]   CMakeLists.txt:226 (find_package)
[1.379s] This warning is for project developers.  Use -Wno-dev to suppress it.
[1.379s] [0m
[1.461s] -- Found Boost: /usr/lib/x86_64-linux-gnu/cmake/Boost-1.74.0/BoostConfig.cmake (found suitable version "1.74.0", minimum required is "1.65.0") found components: system filesystem date_time iostreams serialization
[1.472s] [33mCMake Warning (dev) at /usr/lib/x86_64-linux-gnu/cmake/pcl/Modules/FindFLANN.cmake:44 (find_package):
[1.472s]   Policy CMP0144 is not set: find_package uses upper-case <PACKAGENAME>_ROOT
[1.472s]   variables.  Run "cmake --help-policy CMP0144" for policy details.  Use the
[1.472s]   cmake_policy command to set the policy and suppress this warning.
[1.472s] 
[1.472s]   CMake variable FLANN_ROOT is set to:
[1.473s] 
[1.473s]     /usr
[1.473s] 
[1.473s]   For compatibility, find_package is ignoring the variable, but code in a
[1.474s]   .cmake module might still use it.
[1.474s] Call Stack (most recent call first):
[1.474s]   /usr/lib/x86_64-linux-gnu/cmake/pcl/PCLConfig.cmake:256 (find_package)
[1.474s]   /usr/lib/x86_64-linux-gnu/cmake/pcl/PCLConfig.cmake:301 (find_flann)
[1.474s]   /usr/lib/x86_64-linux-gnu/cmake/pcl/PCLConfig.cmake:543 (find_external_library)
[1.474s]   CMakeLists.txt:226 (find_package)
[1.474s] This warning is for project developers.  Use -Wno-dev to suppress it.
[1.475s] [0m
[1.549s] -- Checking for module 'flann'
[1.594s] --   Found flann, version 1.9.1
[1.863s] -- Found FLANN: /usr/lib/x86_64-linux-gnu/libflann_cpp.so
[1.863s] -- FLANN found (include: /usr/include, lib: /usr/lib/x86_64-linux-gnu/libflann_cpp.so)
[1.942s] -- Performing Test CMAKE_HAVE_LIBC_PTHREAD
[2.224s] -- Performing Test CMAKE_HAVE_LIBC_PTHREAD - Success
[2.229s] -- Found Threads: TRUE
[2.239s] -- Found GLEW: /usr/lib/x86_64-linux-gnu/libGLEW.so
[2.295s] -- Found OpenGL: /usr/lib/x86_64-linux-gnu/libOpenGL.so  found components: OpenGL GLX
[2.960s] -- Found MPI_C: /usr/lib/x86_64-linux-gnu/libmpi.so (found version "3.1")
[2.964s] -- Found MPI: TRUE (found version "3.1") found components: C
[2.975s] -- Found JsonCpp: /usr/lib/x86_64-linux-gnu/libjsoncpp.so (found suitable version "1.9.5", minimum required is "0.7.0")
[3.038s] -- Found ZLIB: /usr/lib/x86_64-linux-gnu/libz.so (found version "1.2.11")
[3.117s] -- Found PNG: /usr/lib/x86_64-linux-gnu/libpng.so (found version "1.6.37")
[3.154s] -- Found Eigen3: /usr/include/eigen3 (found version "3.4.0")
[3.802s] -- Found X11: /usr/include
[3.808s] -- Looking for XOpenDisplay in /usr/lib/x86_64-linux-gnu/libX11.so;/usr/lib/x86_64-linux-gnu/libXext.so
[4.114s] -- Looking for XOpenDisplay in /usr/lib/x86_64-linux-gnu/libX11.so;/usr/lib/x86_64-linux-gnu/libXext.so - found
[4.120s] -- Looking for gethostbyname
[4.408s] -- Looking for gethostbyname - found
[4.408s] -- Looking for connect
[4.696s] -- Looking for connect - found
[4.697s] -- Looking for remove
[5.012s] -- Looking for remove - found
[5.012s] -- Looking for shmat
[5.297s] -- Looking for shmat - found
[5.299s] -- Looking for IceConnectionNumber in ICE
[5.622s] -- Looking for IceConnectionNumber in ICE - found
[6.120s] -- Found EXPAT: /usr/lib/x86_64-linux-gnu/libexpat.so (found version "2.4.7")
[6.132s] -- Found double-conversion: /usr/lib/x86_64-linux-gnu/libdouble-conversion.so
[6.149s] -- Found LZ4: /usr/lib/x86_64-linux-gnu/liblz4.so (found version "1.9.3")
[6.160s] -- Found LZMA: /usr/lib/x86_64-linux-gnu/liblzma.so (found version "5.2.5")
[6.206s] -- Found JPEG: /usr/lib/x86_64-linux-gnu/libjpeg.so (found version "80")
[6.260s] -- Found TIFF: /usr/lib/x86_64-linux-gnu/libtiff.so (found version "4.3.0")
[6.269s] -- Found Freetype: /usr/lib/x86_64-linux-gnu/libfreetype.so (found version "2.11.1")
[6.288s] -- Found utf8cpp: /usr/include/utf8cpp
[6.516s] -- Checking for module 'libusb-1.0'
[6.566s] --   Found libusb-1.0, version 1.0.25
[6.683s] -- Found libusb: /usr/lib/x86_64-linux-gnu/libusb-1.0.so
[6.687s] -- Found OpenNI: /usr/lib/libOpenNI.so;libusb::libusb (found version "1.5.4.0")
[6.687s] -- OpenNI found (version: 1.5.4.0, include: /usr/include/ni, lib: /usr/lib/libOpenNI.so;libusb::libusb)
[6.888s] -- Found OpenNI2: /usr/lib/x86_64-linux-gnu/libOpenNI2.so;libusb::libusb (found version "2.2.0.33")
[6.892s] -- OpenNI2 found (version: 2.2.0.33, include: /usr/include/openni2, lib: /usr/lib/x86_64-linux-gnu/libOpenNI2.so;libusb::libusb)
[6.894s] [0m** WARNING ** io features related to pcap will be disabled[0m
[7.839s] [33mCMake Warning (dev) at /usr/lib/x86_64-linux-gnu/cmake/pcl/PCLConfig.cmake:128 (find_package):
[7.839s]   Policy CMP0167 is not set: The FindBoost module is removed.  Run "cmake
[7.840s]   --help-policy CMP0167" for policy details.  Use the cmake_policy command to
[7.840s]   set the policy and suppress this warning.
[7.840s] 
[7.840s] Call Stack (most recent call first):
[7.844s]   /usr/lib/x86_64-linux-gnu/cmake/pcl/PCLConfig.cmake:297 (find_boost)
[7.844s]   /usr/lib/x86_64-linux-gnu/cmake/pcl/PCLConfig.cmake:543 (find_external_library)
[7.844s]   CMakeLists.txt:226 (find_package)
[7.844s] This warning is for project developers.  Use -Wno-dev to suppress it.
[7.848s] [0m
[7.875s] -- Eigen found (include: /usr/include/eigen3, version: 3.4.0)
[7.892s] -- OpenNI found (version: 1.5.4.0, include: /usr/include/ni, lib: /usr/lib/libOpenNI.so;libusb::libusb)
[7.912s] -- OpenNI2 found (version: 2.2.0.33, include: /usr/include/openni2, lib: /usr/lib/x86_64-linux-gnu/libOpenNI2.so;libusb::libusb)
[9.011s] -- Found Qhull version 8.0.2
[10.002s] -- OpenNI found (version: 1.5.4.0, include: /usr/include/ni, lib: /usr/lib/libOpenNI.so;libusb::libusb)
[10.979s] -- looking for PCL_COMMON
[10.986s] -- Found PCL_COMMON: /usr/lib/x86_64-linux-gnu/libpcl_common.so
[10.987s] -- looking for PCL_KDTREE
[10.991s] -- Found PCL_KDTREE: /usr/lib/x86_64-linux-gnu/libpcl_kdtree.so
[10.991s] -- looking for PCL_OCTREE
[10.998s] -- Found PCL_OCTREE: /usr/lib/x86_64-linux-gnu/libpcl_octree.so
[10.999s] -- looking for PCL_SEARCH
[11.003s] -- Found PCL_SEARCH: /usr/lib/x86_64-linux-gnu/libpcl_search.so
[11.003s] -- looking for PCL_SAMPLE_CONSENSUS
[11.010s] -- Found PCL_SAMPLE_CONSENSUS: /usr/lib/x86_64-linux-gnu/libpcl_sample_consensus.so
[11.011s] -- looking for PCL_FILTERS
[11.014s] -- Found PCL_FILTERS: /usr/lib/x86_64-linux-gnu/libpcl_filters.so
[11.015s] -- looking for PCL_2D
[11.019s] -- Found PCL_2D: /usr/include/pcl-1.12
[11.020s] -- looking for PCL_GEOMETRY
[11.020s] -- Found PCL_GEOMETRY: /usr/include/pcl-1.12
[11.022s] -- looking for PCL_IO
[11.026s] -- Found PCL_IO: /usr/lib/x86_64-linux-gnu/libpcl_io.so
[11.027s] -- looking for PCL_FEATURES
[11.033s] -- Found PCL_FEATURES: /usr/lib/x86_64-linux-gnu/libpcl_features.so
[11.037s] -- looking for PCL_ML
[11.039s] -- Found PCL_ML: /usr/lib/x86_64-linux-gnu/libpcl_ml.so
[11.043s] -- looking for PCL_SEGMENTATION
[11.046s] -- Found PCL_SEGMENTATION: /usr/lib/x86_64-linux-gnu/libpcl_segmentation.so
[11.047s] -- looking for PCL_VISUALIZATION
[11.053s] -- Found PCL_VISUALIZATION: /usr/lib/x86_64-linux-gnu/libpcl_visualization.so
[11.054s] -- looking for PCL_SURFACE
[11.059s] -- Found PCL_SURFACE: /usr/lib/x86_64-linux-gnu/libpcl_surface.so
[11.060s] -- looking for PCL_REGISTRATION
[11.068s] -- Found PCL_REGISTRATION: /usr/lib/x86_64-linux-gnu/libpcl_registration.so
[11.069s] -- looking for PCL_KEYPOINTS
[11.072s] -- Found PCL_KEYPOINTS: /usr/lib/x86_64-linux-gnu/libpcl_keypoints.so
[11.073s] -- looking for PCL_TRACKING
[11.078s] -- Found PCL_TRACKING: /usr/lib/x86_64-linux-gnu/libpcl_tracking.so
[11.079s] -- looking for PCL_RECOGNITION
[11.085s] -- Found PCL_RECOGNITION: /usr/lib/x86_64-linux-gnu/libpcl_recognition.so
[11.086s] -- looking for PCL_STEREO
[11.092s] -- Found PCL_STEREO: /usr/lib/x86_64-linux-gnu/libpcl_stereo.so
[11.093s] -- looking for PCL_APPS
[11.099s] -- Found PCL_APPS: /usr/lib/x86_64-linux-gnu/libpcl_apps.so
[11.101s] -- looking for PCL_IN_HAND_SCANNER
[11.102s] -- Found PCL_IN_HAND_SCANNER: /usr/include/pcl-1.12
[11.103s] -- looking for PCL_MODELER
[11.105s] -- Found PCL_MODELER: /usr/include/pcl-1.12
[11.108s] -- looking for PCL_POINT_CLOUD_EDITOR
[11.109s] -- Found PCL_POINT_CLOUD_EDITOR: /usr/include/pcl-1.12
[11.109s] -- looking for PCL_OUTOFCORE
[11.114s] -- Found PCL_OUTOFCORE: /usr/lib/x86_64-linux-gnu/libpcl_outofcore.so
[11.114s] -- looking for PCL_PEOPLE
[11.123s] -- Found PCL_PEOPLE: /usr/lib/x86_64-linux-gnu/libpcl_people.so
[11.126s] -- Found PCL: pcl_common;pcl_kdtree;pcl_octree;pcl_search;pcl_sample_consensus;pcl_filters;pcl_io;pcl_features;pcl_ml;pcl_segmentation;pcl_visualization;pcl_surface;pcl_registration;pcl_keypoints;pcl_tracking;pcl_recognition;pcl_stereo;pcl_apps;pcl_outofcore;pcl_people;Boost::system;Boost::filesystem;Boost::date_time;Boost::iostreams;Boost::serialization;/usr/lib/libOpenNI.so;libusb::libusb;/usr/lib/x86_64-linux-gnu/libOpenNI2.so;libusb::libusb;VTK::ChartsCore;VTK::CommonColor;VTK::CommonComputationalGeometry;VTK::CommonCore;VTK::CommonDataModel;VTK::CommonExecutionModel;VTK::CommonMath;VTK::CommonMisc;VTK::CommonTransforms;VTK::FiltersCore;VTK::FiltersExtraction;VTK::FiltersGeneral;VTK::FiltersGeometry;VTK::FiltersModeling;VTK::FiltersSources;VTK::ImagingCore;VTK::ImagingSources;VTK::InteractionImage;VTK::InteractionStyle;VTK::InteractionWidgets;VTK::IOCore;VTK::IOGeometry;VTK::IOImage;VTK::IOLegacy;VTK::IOPLY;VTK::RenderingAnnotation;VTK::RenderingCore;VTK::RenderingContext2D;VTK::RenderingLOD;VTK::RenderingFreeType;VTK::ViewsCore;VTK::ViewsContext2D;VTK::RenderingOpenGL2;VTK::GUISupportQt;FLANN::FLANN;QHULL::QHULL
[11.133s] -- Found std_msgs: 4.9.0 (/opt/ros/humble/share/std_msgs/cmake)
[11.246s] -- Found rosidl_generator_c: 3.1.7 (/opt/ros/humble/share/rosidl_generator_c/cmake)
[11.267s] -- Found rosidl_adapter: 3.1.7 (/opt/ros/humble/share/rosidl_adapter/cmake)
[11.296s] -- Found rosidl_generator_cpp: 3.1.7 (/opt/ros/humble/share/rosidl_generator_cpp/cmake)
[11.340s] -- Using all available rosidl_typesupport_c: rosidl_typesupport_fastrtps_c;rosidl_typesupport_introspection_c
[11.398s] -- Using all available rosidl_typesupport_cpp: rosidl_typesupport_fastrtps_cpp;rosidl_typesupport_introspection_cpp
[11.506s] -- Found rosidl_default_generators: 1.2.0 (/opt/ros/humble/share/rosidl_default_generators/cmake)
[11.546s] -- Found PkgConfig: /usr/bin/pkg-config (found version "0.29.2")
[11.551s] -- Checking for module 'apr-1'
[11.563s] --   No package 'apr-1' found
[12.338s] [0mCMake Error: File /home/ph/ws/lidar_ws/src/ws_livox/src/livox_ros_driver2/package.xml does not exist.[0m
[12.339s] [31mCMake Error at /opt/ros/humble/share/ament_cmake_core/cmake/core/stamp.cmake:24 (configure_file):
[12.339s]   configure_file Problem configuring file
[12.340s] Call Stack (most recent call first):
[12.340s]   /opt/ros/humble/share/ament_cmake_core/cmake/core/ament_package_xml.cmake:73 (stamp)
[12.341s]   /opt/ros/humble/share/ament_cmake_core/cmake/core/ament_package_xml.cmake:49 (_ament_package_xml)
[12.341s]   /opt/ros/humble/share/rosidl_cmake/cmake/rosidl_generate_interfaces.cmake:226 (ament_package_xml)
[12.342s]   CMakeLists.txt:241 (rosidl_generate_interfaces)
[12.343s] 
[12.343s] [0m
[12.343s] [31mCMake Error at /opt/ros/humble/share/rosidl_cmake/cmake/rosidl_generate_interfaces.cmake:229 (message):
[12.343s]   Packages installing interfaces must include
[12.343s]   '<member_of_group>rosidl_interface_packages</member_of_group>' in their
[12.343s]   package.xml
[12.344s] Call Stack (most recent call first):
[12.344s]   CMakeLists.txt:241 (rosidl_generate_interfaces)
[12.344s] 
[12.346s] [0m
[12.347s] -- Configuring incomplete, errors occurred!
[12.420s] Invoked command in '/home/ph/ws/lidar_ws/build/livox_ros_driver2' returned '1': /usr/bin/cmake /home/ph/ws/lidar_ws/src/ws_livox/src/livox_ros_driver2 -DCMAKE_INSTALL_PREFIX=/home/ph/ws/lidar_ws/install/livox_ros_driver2
