-- The C compiler identification is GNU 11.4.0
-- The CXX compiler identification is GNU 11.4.0
-- Detecting C compiler ABI info
-- Detecting C compiler ABI info - done
-- Check for working C compiler: /usr/bin/cc - skipped
-- Detecting C compile features
-- Detecting C compile features - done
-- Detecting CXX compiler ABI info
-- Detecting CXX compiler ABI info - done
-- Check for working CXX compiler: /usr/bin/c++ - skipped
-- Detecting CXX compile features
-- Detecting CXX compile features - done
-- Found ament_cmake: 1.3.12 (/opt/ros/humble/share/ament_cmake/cmake)
-- Found std_msgs: 4.9.0 (/opt/ros/humble/share/std_msgs/cmake)
-- Found rosidl_generator_c: 3.1.7 (/opt/ros/humble/share/rosidl_generator_c/cmake)
-- Found rosidl_adapter: 3.1.7 (/opt/ros/humble/share/rosidl_adapter/cmake)
-- Found rosidl_generator_cpp: 3.1.7 (/opt/ros/humble/share/rosidl_generator_cpp/cmake)
-- Using all available rosidl_typesupport_c: rosidl_typesupport_fastrtps_c;rosidl_typesupport_introspection_c
-- Using all available rosidl_typesupport_cpp: rosidl_typesupport_fastrtps_cpp;rosidl_typesupport_introspection_cpp
-- Found rclcpp: 16.0.16 (/opt/ros/humble/share/rclcpp/cmake)
-- Found rmw_implementation_cmake: 6.1.2 (/opt/ros/humble/share/rmw_implementation_cmake/cmake)
-- Found rmw_fastrtps_cpp: 6.2.9 (/opt/ros/humble/share/rmw_fastrtps_cpp/cmake)
-- Using RMW implementation 'rmw_fastrtps_cpp' as default
-- Found rosidl_default_generators: 1.2.0 (/opt/ros/humble/share/rosidl_default_generators/cmake)
-- Found ament_cmake_ros: 0.10.0 (/opt/ros/humble/share/ament_cmake_ros/cmake)
-- Using all available rosidl_typesupport_c: rosidl_typesupport_fastrtps_c;rosidl_typesupport_introspection_c
-- Using all available rosidl_typesupport_cpp: rosidl_typesupport_fastrtps_cpp;rosidl_typesupport_introspection_cpp
-- Found python_cmake_module: 0.10.0 (/opt/ros/humble/share/python_cmake_module/cmake)
-- Using PYTHON_EXECUTABLE: /usr/bin/python3
-- Using PYTHON_INCLUDE_DIRS: /usr/include/python3.10
-- Using PYTHON_LIBRARIES: /usr/lib/x86_64-linux-gnu/libpython3.10.so
-- Found ament_lint_auto: 0.12.14 (/opt/ros/humble/share/ament_lint_auto/cmake)
-- Added test 'copyright' to check source files copyright and LICENSE
-- Added test 'lint_cmake' to check CMake code style
-- Added test 'xmllint' to check XML markup files
-- Configuring done (3.7s)
-- Generating done (0.1s)
-- Build files have been written to: /home/ph/ws/lidar_ws/build/rslidar_msg
[  3%] Built target rslidar_msg__cpp
[  6%] [32mBuilding C object CMakeFiles/rslidar_msg__rosidl_generator_c.dir/rosidl_generator_c/rslidar_msg/msg/detail/rslidar_packet__functions.c.o[0m
[  6%] Built target ament_cmake_python_copy_rslidar_msg
[ 16%] [32mBuilding CXX object CMakeFiles/rslidar_msg__rosidl_typesupport_fastrtps_cpp.dir/rosidl_typesupport_fastrtps_cpp/rslidar_msg/msg/detail/dds_fastrtps/rslidar_packet__type_support.cpp.o[0m
[ 16%] [32mBuilding CXX object CMakeFiles/rslidar_msg__rosidl_typesupport_cpp.dir/rosidl_typesupport_cpp/rslidar_msg/msg/rslidar_packet__type_support.cpp.o[0m
[ 16%] [32mBuilding CXX object CMakeFiles/rslidar_msg__rosidl_typesupport_introspection_cpp.dir/rosidl_typesupport_introspection_cpp/rslidar_msg/msg/detail/rslidar_packet__type_support.cpp.o[0m
[ 19%] [1m[32mLinking C shared library librslidar_msg__rosidl_generator_c.so[0m
[ 22%] Built target rslidar_msg__rosidl_generator_c
[ 25%] [32mBuilding CXX object CMakeFiles/rslidar_msg__rosidl_typesupport_c.dir/rosidl_typesupport_c/rslidar_msg/msg/rslidar_packet__type_support.cpp.o[0m
[ 29%] [32mBuilding C object CMakeFiles/rslidar_msg__rosidl_typesupport_introspection_c.dir/rosidl_typesupport_introspection_c/rslidar_msg/msg/detail/rslidar_packet__type_support.c.o[0m
[ 32%] [32mBuilding CXX object CMakeFiles/rslidar_msg__rosidl_typesupport_fastrtps_c.dir/rosidl_typesupport_fastrtps_c/rslidar_msg/msg/detail/rslidar_packet__type_support_c.cpp.o[0m
[ 35%] [1m[32mLinking CXX shared library librslidar_msg__rosidl_typesupport_c.so[0m
[ 38%] [1m[32mLinking C shared library librslidar_msg__rosidl_typesupport_introspection_c.so[0m
[ 41%] Built target rslidar_msg__rosidl_typesupport_c
[ 45%] Built target rslidar_msg__rosidl_typesupport_introspection_c
running egg_info
[ 48%] [1m[32mLinking CXX shared library librslidar_msg__rosidl_typesupport_cpp.so[0m
writing rslidar_msg.egg-info/PKG-INFO
writing dependency_links to rslidar_msg.egg-info/dependency_links.txt
writing top-level names to rslidar_msg.egg-info/top_level.txt
[ 51%] Built target rslidar_msg__rosidl_typesupport_cpp
reading manifest file 'rslidar_msg.egg-info/SOURCES.txt'
writing manifest file 'rslidar_msg.egg-info/SOURCES.txt'
[ 51%] Built target ament_cmake_python_build_rslidar_msg_egg
[ 54%] [1m[32mLinking CXX shared library librslidar_msg__rosidl_typesupport_introspection_cpp.so[0m
[ 58%] [1m[32mLinking CXX shared library librslidar_msg__rosidl_typesupport_fastrtps_cpp.so[0m
[ 61%] [1m[32mLinking CXX shared library librslidar_msg__rosidl_typesupport_fastrtps_c.so[0m
[ 64%] Built target rslidar_msg__rosidl_typesupport_introspection_cpp
[ 67%] Built target rslidar_msg__rosidl_typesupport_fastrtps_cpp
[ 70%] Built target rslidar_msg__rosidl_typesupport_fastrtps_c
[ 70%] Built target rslidar_msg
[ 74%] Built target rslidar_msg__py
[ 77%] [32mBuilding C object CMakeFiles/rslidar_msg__rosidl_generator_py.dir/rosidl_generator_py/rslidar_msg/msg/_rslidar_packet_s.c.o[0m
[ 80%] [1m[32mLinking C shared library rosidl_generator_py/rslidar_msg/librslidar_msg__rosidl_generator_py.so[0m
[ 80%] Built target rslidar_msg__rosidl_generator_py
[ 87%] [32mBuilding C object CMakeFiles/rslidar_msg__rosidl_typesupport_introspection_c__pyext.dir/rosidl_generator_py/rslidar_msg/_rslidar_msg_s.ep.rosidl_typesupport_introspection_c.c.o[0m
[ 87%] [32mBuilding C object CMakeFiles/rslidar_msg__rosidl_typesupport_c__pyext.dir/rosidl_generator_py/rslidar_msg/_rslidar_msg_s.ep.rosidl_typesupport_c.c.o[0m
[ 90%] [32mBuilding C object CMakeFiles/rslidar_msg__rosidl_typesupport_fastrtps_c__pyext.dir/rosidl_generator_py/rslidar_msg/_rslidar_msg_s.ep.rosidl_typesupport_fastrtps_c.c.o[0m
[ 93%] [1m[32mLinking C shared library rosidl_generator_py/rslidar_msg/rslidar_msg_s__rosidl_typesupport_introspection_c.cpython-310-x86_64-linux-gnu.so[0m
[ 96%] [1m[32mLinking C shared library rosidl_generator_py/rslidar_msg/rslidar_msg_s__rosidl_typesupport_c.cpython-310-x86_64-linux-gnu.so[0m
[100%] [1m[32mLinking C shared library rosidl_generator_py/rslidar_msg/rslidar_msg_s__rosidl_typesupport_fastrtps_c.cpython-310-x86_64-linux-gnu.so[0m
[100%] Built target rslidar_msg__rosidl_typesupport_introspection_c__pyext
[100%] Built target rslidar_msg__rosidl_typesupport_c__pyext
[100%] Built target rslidar_msg__rosidl_typesupport_fastrtps_c__pyext
-- Install configuration: ""
-- Up-to-date: /home/ph/ws/lidar_ws/install/rslidar_msg/share/ament_index/resource_index/rosidl_interfaces/rslidar_msg
-- Up-to-date: /home/ph/ws/lidar_ws/install/rslidar_msg/include/rslidar_msg/rslidar_msg
-- Up-to-date: /home/ph/ws/lidar_ws/install/rslidar_msg/include/rslidar_msg/rslidar_msg/msg
-- Up-to-date: /home/ph/ws/lidar_ws/install/rslidar_msg/include/rslidar_msg/rslidar_msg/msg/rosidl_generator_c__visibility_control.h
-- Up-to-date: /home/ph/ws/lidar_ws/install/rslidar_msg/include/rslidar_msg/rslidar_msg/msg/detail
-- Up-to-date: /home/ph/ws/lidar_ws/install/rslidar_msg/include/rslidar_msg/rslidar_msg/msg/detail/rslidar_packet__functions.c
-- Up-to-date: /home/ph/ws/lidar_ws/install/rslidar_msg/include/rslidar_msg/rslidar_msg/msg/detail/rslidar_packet__struct.h
-- Up-to-date: /home/ph/ws/lidar_ws/install/rslidar_msg/include/rslidar_msg/rslidar_msg/msg/detail/rslidar_packet__functions.h
-- Up-to-date: /home/ph/ws/lidar_ws/install/rslidar_msg/include/rslidar_msg/rslidar_msg/msg/detail/rslidar_packet__type_support.h
-- Up-to-date: /home/ph/ws/lidar_ws/install/rslidar_msg/include/rslidar_msg/rslidar_msg/msg/rslidar_packet.h
-- Installing: /home/ph/ws/lidar_ws/install/rslidar_msg/share/rslidar_msg/environment/library_path.sh
-- Installing: /home/ph/ws/lidar_ws/install/rslidar_msg/share/rslidar_msg/environment/library_path.dsv
-- Installing: /home/ph/ws/lidar_ws/install/rslidar_msg/lib/librslidar_msg__rosidl_generator_c.so
-- Set non-toolchain portion of runtime path of "/home/ph/ws/lidar_ws/install/rslidar_msg/lib/librslidar_msg__rosidl_generator_c.so" to ""
-- Up-to-date: /home/ph/ws/lidar_ws/install/rslidar_msg/include/rslidar_msg/rslidar_msg
-- Up-to-date: /home/ph/ws/lidar_ws/install/rslidar_msg/include/rslidar_msg/rslidar_msg/msg
-- Up-to-date: /home/ph/ws/lidar_ws/install/rslidar_msg/include/rslidar_msg/rslidar_msg/msg/detail
-- Up-to-date: /home/ph/ws/lidar_ws/install/rslidar_msg/include/rslidar_msg/rslidar_msg/msg/detail/rslidar_packet__rosidl_typesupport_fastrtps_c.h
-- Up-to-date: /home/ph/ws/lidar_ws/install/rslidar_msg/include/rslidar_msg/rslidar_msg/msg/rosidl_typesupport_fastrtps_c__visibility_control.h
-- Installing: /home/ph/ws/lidar_ws/install/rslidar_msg/lib/librslidar_msg__rosidl_typesupport_fastrtps_c.so
-- Set non-toolchain portion of runtime path of "/home/ph/ws/lidar_ws/install/rslidar_msg/lib/librslidar_msg__rosidl_typesupport_fastrtps_c.so" to ""
-- Up-to-date: /home/ph/ws/lidar_ws/install/rslidar_msg/include/rslidar_msg/rslidar_msg
-- Up-to-date: /home/ph/ws/lidar_ws/install/rslidar_msg/include/rslidar_msg/rslidar_msg/msg
-- Up-to-date: /home/ph/ws/lidar_ws/install/rslidar_msg/include/rslidar_msg/rslidar_msg/msg/rosidl_generator_cpp__visibility_control.hpp
-- Up-to-date: /home/ph/ws/lidar_ws/install/rslidar_msg/include/rslidar_msg/rslidar_msg/msg/detail
-- Up-to-date: /home/ph/ws/lidar_ws/install/rslidar_msg/include/rslidar_msg/rslidar_msg/msg/detail/rslidar_packet__builder.hpp
-- Up-to-date: /home/ph/ws/lidar_ws/install/rslidar_msg/include/rslidar_msg/rslidar_msg/msg/detail/rslidar_packet__traits.hpp
-- Up-to-date: /home/ph/ws/lidar_ws/install/rslidar_msg/include/rslidar_msg/rslidar_msg/msg/detail/rslidar_packet__struct.hpp
-- Up-to-date: /home/ph/ws/lidar_ws/install/rslidar_msg/include/rslidar_msg/rslidar_msg/msg/detail/rslidar_packet__type_support.hpp
-- Up-to-date: /home/ph/ws/lidar_ws/install/rslidar_msg/include/rslidar_msg/rslidar_msg/msg/rslidar_packet.hpp
-- Up-to-date: /home/ph/ws/lidar_ws/install/rslidar_msg/include/rslidar_msg/rslidar_msg
-- Up-to-date: /home/ph/ws/lidar_ws/install/rslidar_msg/include/rslidar_msg/rslidar_msg/msg
-- Up-to-date: /home/ph/ws/lidar_ws/install/rslidar_msg/include/rslidar_msg/rslidar_msg/msg/rosidl_typesupport_fastrtps_cpp__visibility_control.h
-- Up-to-date: /home/ph/ws/lidar_ws/install/rslidar_msg/include/rslidar_msg/rslidar_msg/msg/detail
-- Up-to-date: /home/ph/ws/lidar_ws/install/rslidar_msg/include/rslidar_msg/rslidar_msg/msg/detail/rslidar_packet__rosidl_typesupport_fastrtps_cpp.hpp
-- Installing: /home/ph/ws/lidar_ws/install/rslidar_msg/include/rslidar_msg/rslidar_msg/msg/detail/dds_fastrtps
-- Installing: /home/ph/ws/lidar_ws/install/rslidar_msg/lib/librslidar_msg__rosidl_typesupport_fastrtps_cpp.so
-- Set non-toolchain portion of runtime path of "/home/ph/ws/lidar_ws/install/rslidar_msg/lib/librslidar_msg__rosidl_typesupport_fastrtps_cpp.so" to ""
-- Up-to-date: /home/ph/ws/lidar_ws/install/rslidar_msg/include/rslidar_msg/rslidar_msg
-- Up-to-date: /home/ph/ws/lidar_ws/install/rslidar_msg/include/rslidar_msg/rslidar_msg/msg
-- Up-to-date: /home/ph/ws/lidar_ws/install/rslidar_msg/include/rslidar_msg/rslidar_msg/msg/rosidl_typesupport_introspection_c__visibility_control.h
-- Up-to-date: /home/ph/ws/lidar_ws/install/rslidar_msg/include/rslidar_msg/rslidar_msg/msg/detail
-- Up-to-date: /home/ph/ws/lidar_ws/install/rslidar_msg/include/rslidar_msg/rslidar_msg/msg/detail/rslidar_packet__type_support.c
-- Up-to-date: /home/ph/ws/lidar_ws/install/rslidar_msg/include/rslidar_msg/rslidar_msg/msg/detail/rslidar_packet__rosidl_typesupport_introspection_c.h
-- Installing: /home/ph/ws/lidar_ws/install/rslidar_msg/lib/librslidar_msg__rosidl_typesupport_introspection_c.so
-- Set non-toolchain portion of runtime path of "/home/ph/ws/lidar_ws/install/rslidar_msg/lib/librslidar_msg__rosidl_typesupport_introspection_c.so" to ""
-- Installing: /home/ph/ws/lidar_ws/install/rslidar_msg/lib/librslidar_msg__rosidl_typesupport_c.so
-- Set non-toolchain portion of runtime path of "/home/ph/ws/lidar_ws/install/rslidar_msg/lib/librslidar_msg__rosidl_typesupport_c.so" to ""
-- Up-to-date: /home/ph/ws/lidar_ws/install/rslidar_msg/include/rslidar_msg/rslidar_msg
-- Up-to-date: /home/ph/ws/lidar_ws/install/rslidar_msg/include/rslidar_msg/rslidar_msg/msg
-- Up-to-date: /home/ph/ws/lidar_ws/install/rslidar_msg/include/rslidar_msg/rslidar_msg/msg/detail
-- Up-to-date: /home/ph/ws/lidar_ws/install/rslidar_msg/include/rslidar_msg/rslidar_msg/msg/detail/rslidar_packet__type_support.cpp
-- Up-to-date: /home/ph/ws/lidar_ws/install/rslidar_msg/include/rslidar_msg/rslidar_msg/msg/detail/rslidar_packet__rosidl_typesupport_introspection_cpp.hpp
-- Installing: /home/ph/ws/lidar_ws/install/rslidar_msg/lib/librslidar_msg__rosidl_typesupport_introspection_cpp.so
-- Set non-toolchain portion of runtime path of "/home/ph/ws/lidar_ws/install/rslidar_msg/lib/librslidar_msg__rosidl_typesupport_introspection_cpp.so" to ""
-- Installing: /home/ph/ws/lidar_ws/install/rslidar_msg/lib/librslidar_msg__rosidl_typesupport_cpp.so
-- Set non-toolchain portion of runtime path of "/home/ph/ws/lidar_ws/install/rslidar_msg/lib/librslidar_msg__rosidl_typesupport_cpp.so" to ""
-- Up-to-date: /home/ph/ws/lidar_ws/install/rslidar_msg/share/rslidar_msg/environment/pythonpath.sh
-- Installing: /home/ph/ws/lidar_ws/install/rslidar_msg/share/rslidar_msg/environment/pythonpath.dsv
-- Up-to-date: /home/ph/ws/lidar_ws/install/rslidar_msg/local/lib/python3.10/dist-packages/rslidar_msg-0.0.0-py3.10.egg-info
-- Installing: /home/ph/ws/lidar_ws/install/rslidar_msg/local/lib/python3.10/dist-packages/rslidar_msg-0.0.0-py3.10.egg-info/top_level.txt
-- Installing: /home/ph/ws/lidar_ws/install/rslidar_msg/local/lib/python3.10/dist-packages/rslidar_msg-0.0.0-py3.10.egg-info/PKG-INFO
-- Installing: /home/ph/ws/lidar_ws/install/rslidar_msg/local/lib/python3.10/dist-packages/rslidar_msg-0.0.0-py3.10.egg-info/SOURCES.txt
-- Installing: /home/ph/ws/lidar_ws/install/rslidar_msg/local/lib/python3.10/dist-packages/rslidar_msg-0.0.0-py3.10.egg-info/dependency_links.txt
-- Up-to-date: /home/ph/ws/lidar_ws/install/rslidar_msg/local/lib/python3.10/dist-packages/rslidar_msg
-- Installing: /home/ph/ws/lidar_ws/install/rslidar_msg/local/lib/python3.10/dist-packages/rslidar_msg/rslidar_msg_s__rosidl_typesupport_c.cpython-310-x86_64-linux-gnu.so
-- Installing: /home/ph/ws/lidar_ws/install/rslidar_msg/local/lib/python3.10/dist-packages/rslidar_msg/librslidar_msg__rosidl_generator_py.so
-- Up-to-date: /home/ph/ws/lidar_ws/install/rslidar_msg/local/lib/python3.10/dist-packages/rslidar_msg/_rslidar_msg_s.ep.rosidl_typesupport_c.c
-- Installing: /home/ph/ws/lidar_ws/install/rslidar_msg/local/lib/python3.10/dist-packages/rslidar_msg/rslidar_msg_s__rosidl_typesupport_introspection_c.cpython-310-x86_64-linux-gnu.so
-- Up-to-date: /home/ph/ws/lidar_ws/install/rslidar_msg/local/lib/python3.10/dist-packages/rslidar_msg/_rslidar_msg_s.ep.rosidl_typesupport_introspection_c.c
-- Installing: /home/ph/ws/lidar_ws/install/rslidar_msg/local/lib/python3.10/dist-packages/rslidar_msg/rslidar_msg_s__rosidl_typesupport_fastrtps_c.cpython-310-x86_64-linux-gnu.so
-- Installing: /home/ph/ws/lidar_ws/install/rslidar_msg/local/lib/python3.10/dist-packages/rslidar_msg/__init__.py
-- Up-to-date: /home/ph/ws/lidar_ws/install/rslidar_msg/local/lib/python3.10/dist-packages/rslidar_msg/_rslidar_msg_s.ep.rosidl_typesupport_fastrtps_c.c
-- Up-to-date: /home/ph/ws/lidar_ws/install/rslidar_msg/local/lib/python3.10/dist-packages/rslidar_msg/msg
-- Up-to-date: /home/ph/ws/lidar_ws/install/rslidar_msg/local/lib/python3.10/dist-packages/rslidar_msg/msg/_rslidar_packet_s.c
-- Up-to-date: /home/ph/ws/lidar_ws/install/rslidar_msg/local/lib/python3.10/dist-packages/rslidar_msg/msg/__init__.py
-- Up-to-date: /home/ph/ws/lidar_ws/install/rslidar_msg/local/lib/python3.10/dist-packages/rslidar_msg/msg/_rslidar_packet.py
Listing '/home/ph/ws/lidar_ws/install/rslidar_msg/local/lib/python3.10/dist-packages/rslidar_msg'...
Compiling '/home/ph/ws/lidar_ws/install/rslidar_msg/local/lib/python3.10/dist-packages/rslidar_msg/__init__.py'...
Listing '/home/ph/ws/lidar_ws/install/rslidar_msg/local/lib/python3.10/dist-packages/rslidar_msg/msg'...
Compiling '/home/ph/ws/lidar_ws/install/rslidar_msg/local/lib/python3.10/dist-packages/rslidar_msg/msg/__init__.py'...
Compiling '/home/ph/ws/lidar_ws/install/rslidar_msg/local/lib/python3.10/dist-packages/rslidar_msg/msg/_rslidar_packet.py'...
-- Installing: /home/ph/ws/lidar_ws/install/rslidar_msg/local/lib/python3.10/dist-packages/rslidar_msg/rslidar_msg_s__rosidl_typesupport_fastrtps_c.cpython-310-x86_64-linux-gnu.so
-- Set non-toolchain portion of runtime path of "/home/ph/ws/lidar_ws/install/rslidar_msg/local/lib/python3.10/dist-packages/rslidar_msg/rslidar_msg_s__rosidl_typesupport_fastrtps_c.cpython-310-x86_64-linux-gnu.so" to ""
-- Installing: /home/ph/ws/lidar_ws/install/rslidar_msg/local/lib/python3.10/dist-packages/rslidar_msg/rslidar_msg_s__rosidl_typesupport_introspection_c.cpython-310-x86_64-linux-gnu.so
-- Set non-toolchain portion of runtime path of "/home/ph/ws/lidar_ws/install/rslidar_msg/local/lib/python3.10/dist-packages/rslidar_msg/rslidar_msg_s__rosidl_typesupport_introspection_c.cpython-310-x86_64-linux-gnu.so" to ""
-- Installing: /home/ph/ws/lidar_ws/install/rslidar_msg/local/lib/python3.10/dist-packages/rslidar_msg/rslidar_msg_s__rosidl_typesupport_c.cpython-310-x86_64-linux-gnu.so
-- Set non-toolchain portion of runtime path of "/home/ph/ws/lidar_ws/install/rslidar_msg/local/lib/python3.10/dist-packages/rslidar_msg/rslidar_msg_s__rosidl_typesupport_c.cpython-310-x86_64-linux-gnu.so" to ""
-- Installing: /home/ph/ws/lidar_ws/install/rslidar_msg/lib/librslidar_msg__rosidl_generator_py.so
-- Set non-toolchain portion of runtime path of "/home/ph/ws/lidar_ws/install/rslidar_msg/lib/librslidar_msg__rosidl_generator_py.so" to ""
-- Up-to-date: /home/ph/ws/lidar_ws/install/rslidar_msg/share/rslidar_msg/msg/RslidarPacket.idl
-- Up-to-date: /home/ph/ws/lidar_ws/install/rslidar_msg/share/rslidar_msg/msg/RslidarPacket.msg
-- Up-to-date: /home/ph/ws/lidar_ws/install/rslidar_msg/share/ament_index/resource_index/package_run_dependencies/rslidar_msg
-- Installing: /home/ph/ws/lidar_ws/install/rslidar_msg/share/ament_index/resource_index/parent_prefix_path/rslidar_msg
-- Installing: /home/ph/ws/lidar_ws/install/rslidar_msg/share/rslidar_msg/environment/ament_prefix_path.sh
-- Installing: /home/ph/ws/lidar_ws/install/rslidar_msg/share/rslidar_msg/environment/ament_prefix_path.dsv
-- Installing: /home/ph/ws/lidar_ws/install/rslidar_msg/share/rslidar_msg/environment/path.sh
-- Installing: /home/ph/ws/lidar_ws/install/rslidar_msg/share/rslidar_msg/environment/path.dsv
-- Up-to-date: /home/ph/ws/lidar_ws/install/rslidar_msg/share/rslidar_msg/local_setup.bash
-- Up-to-date: /home/ph/ws/lidar_ws/install/rslidar_msg/share/rslidar_msg/local_setup.sh
-- Up-to-date: /home/ph/ws/lidar_ws/install/rslidar_msg/share/rslidar_msg/local_setup.zsh
-- Installing: /home/ph/ws/lidar_ws/install/rslidar_msg/share/rslidar_msg/local_setup.dsv
-- Installing: /home/ph/ws/lidar_ws/install/rslidar_msg/share/rslidar_msg/package.dsv
-- Up-to-date: /home/ph/ws/lidar_ws/install/rslidar_msg/share/ament_index/resource_index/packages/rslidar_msg
-- Old export file "/home/ph/ws/lidar_ws/install/rslidar_msg/share/rslidar_msg/cmake/export_rslidar_msg__rosidl_generator_cExport.cmake" will be replaced.  Removing files [/home/ph/ws/lidar_ws/install/rslidar_msg/share/rslidar_msg/cmake/export_rslidar_msg__rosidl_generator_cExport-noconfig.cmake].
-- Installing: /home/ph/ws/lidar_ws/install/rslidar_msg/share/rslidar_msg/cmake/export_rslidar_msg__rosidl_generator_cExport.cmake
-- Installing: /home/ph/ws/lidar_ws/install/rslidar_msg/share/rslidar_msg/cmake/export_rslidar_msg__rosidl_generator_cExport-noconfig.cmake
-- Old export file "/home/ph/ws/lidar_ws/install/rslidar_msg/share/rslidar_msg/cmake/export_rslidar_msg__rosidl_typesupport_fastrtps_cExport.cmake" will be replaced.  Removing files [/home/ph/ws/lidar_ws/install/rslidar_msg/share/rslidar_msg/cmake/export_rslidar_msg__rosidl_typesupport_fastrtps_cExport-noconfig.cmake].
-- Installing: /home/ph/ws/lidar_ws/install/rslidar_msg/share/rslidar_msg/cmake/export_rslidar_msg__rosidl_typesupport_fastrtps_cExport.cmake
-- Installing: /home/ph/ws/lidar_ws/install/rslidar_msg/share/rslidar_msg/cmake/export_rslidar_msg__rosidl_typesupport_fastrtps_cExport-noconfig.cmake
-- Installing: /home/ph/ws/lidar_ws/install/rslidar_msg/share/rslidar_msg/cmake/export_rslidar_msg__rosidl_generator_cppExport.cmake
-- Old export file "/home/ph/ws/lidar_ws/install/rslidar_msg/share/rslidar_msg/cmake/export_rslidar_msg__rosidl_typesupport_fastrtps_cppExport.cmake" will be replaced.  Removing files [/home/ph/ws/lidar_ws/install/rslidar_msg/share/rslidar_msg/cmake/export_rslidar_msg__rosidl_typesupport_fastrtps_cppExport-noconfig.cmake].
-- Installing: /home/ph/ws/lidar_ws/install/rslidar_msg/share/rslidar_msg/cmake/export_rslidar_msg__rosidl_typesupport_fastrtps_cppExport.cmake
-- Installing: /home/ph/ws/lidar_ws/install/rslidar_msg/share/rslidar_msg/cmake/export_rslidar_msg__rosidl_typesupport_fastrtps_cppExport-noconfig.cmake
-- Old export file "/home/ph/ws/lidar_ws/install/rslidar_msg/share/rslidar_msg/cmake/rslidar_msg__rosidl_typesupport_introspection_cExport.cmake" will be replaced.  Removing files [/home/ph/ws/lidar_ws/install/rslidar_msg/share/rslidar_msg/cmake/rslidar_msg__rosidl_typesupport_introspection_cExport-noconfig.cmake].
-- Installing: /home/ph/ws/lidar_ws/install/rslidar_msg/share/rslidar_msg/cmake/rslidar_msg__rosidl_typesupport_introspection_cExport.cmake
-- Installing: /home/ph/ws/lidar_ws/install/rslidar_msg/share/rslidar_msg/cmake/rslidar_msg__rosidl_typesupport_introspection_cExport-noconfig.cmake
-- Old export file "/home/ph/ws/lidar_ws/install/rslidar_msg/share/rslidar_msg/cmake/rslidar_msg__rosidl_typesupport_cExport.cmake" will be replaced.  Removing files [/home/ph/ws/lidar_ws/install/rslidar_msg/share/rslidar_msg/cmake/rslidar_msg__rosidl_typesupport_cExport-noconfig.cmake].
-- Installing: /home/ph/ws/lidar_ws/install/rslidar_msg/share/rslidar_msg/cmake/rslidar_msg__rosidl_typesupport_cExport.cmake
-- Installing: /home/ph/ws/lidar_ws/install/rslidar_msg/share/rslidar_msg/cmake/rslidar_msg__rosidl_typesupport_cExport-noconfig.cmake
-- Old export file "/home/ph/ws/lidar_ws/install/rslidar_msg/share/rslidar_msg/cmake/rslidar_msg__rosidl_typesupport_introspection_cppExport.cmake" will be replaced.  Removing files [/home/ph/ws/lidar_ws/install/rslidar_msg/share/rslidar_msg/cmake/rslidar_msg__rosidl_typesupport_introspection_cppExport-noconfig.cmake].
-- Installing: /home/ph/ws/lidar_ws/install/rslidar_msg/share/rslidar_msg/cmake/rslidar_msg__rosidl_typesupport_introspection_cppExport.cmake
-- Installing: /home/ph/ws/lidar_ws/install/rslidar_msg/share/rslidar_msg/cmake/rslidar_msg__rosidl_typesupport_introspection_cppExport-noconfig.cmake
-- Old export file "/home/ph/ws/lidar_ws/install/rslidar_msg/share/rslidar_msg/cmake/rslidar_msg__rosidl_typesupport_cppExport.cmake" will be replaced.  Removing files [/home/ph/ws/lidar_ws/install/rslidar_msg/share/rslidar_msg/cmake/rslidar_msg__rosidl_typesupport_cppExport-noconfig.cmake].
-- Installing: /home/ph/ws/lidar_ws/install/rslidar_msg/share/rslidar_msg/cmake/rslidar_msg__rosidl_typesupport_cppExport.cmake
-- Installing: /home/ph/ws/lidar_ws/install/rslidar_msg/share/rslidar_msg/cmake/rslidar_msg__rosidl_typesupport_cppExport-noconfig.cmake
-- Old export file "/home/ph/ws/lidar_ws/install/rslidar_msg/share/rslidar_msg/cmake/export_rslidar_msg__rosidl_generator_pyExport.cmake" will be replaced.  Removing files [/home/ph/ws/lidar_ws/install/rslidar_msg/share/rslidar_msg/cmake/export_rslidar_msg__rosidl_generator_pyExport-noconfig.cmake].
-- Installing: /home/ph/ws/lidar_ws/install/rslidar_msg/share/rslidar_msg/cmake/export_rslidar_msg__rosidl_generator_pyExport.cmake
-- Installing: /home/ph/ws/lidar_ws/install/rslidar_msg/share/rslidar_msg/cmake/export_rslidar_msg__rosidl_generator_pyExport-noconfig.cmake
-- Up-to-date: /home/ph/ws/lidar_ws/install/rslidar_msg/share/rslidar_msg/cmake/rosidl_cmake-extras.cmake
-- Up-to-date: /home/ph/ws/lidar_ws/install/rslidar_msg/share/rslidar_msg/cmake/ament_cmake_export_dependencies-extras.cmake
-- Up-to-date: /home/ph/ws/lidar_ws/install/rslidar_msg/share/rslidar_msg/cmake/ament_cmake_export_include_directories-extras.cmake
-- Up-to-date: /home/ph/ws/lidar_ws/install/rslidar_msg/share/rslidar_msg/cmake/ament_cmake_export_libraries-extras.cmake
-- Up-to-date: /home/ph/ws/lidar_ws/install/rslidar_msg/share/rslidar_msg/cmake/ament_cmake_export_targets-extras.cmake
-- Up-to-date: /home/ph/ws/lidar_ws/install/rslidar_msg/share/rslidar_msg/cmake/rosidl_cmake_export_typesupport_targets-extras.cmake
-- Up-to-date: /home/ph/ws/lidar_ws/install/rslidar_msg/share/rslidar_msg/cmake/rosidl_cmake_export_typesupport_libraries-extras.cmake
-- Up-to-date: /home/ph/ws/lidar_ws/install/rslidar_msg/share/rslidar_msg/cmake/rslidar_msgConfig.cmake
-- Up-to-date: /home/ph/ws/lidar_ws/install/rslidar_msg/share/rslidar_msg/cmake/rslidar_msgConfig-version.cmake
-- Up-to-date: /home/ph/ws/lidar_ws/install/rslidar_msg/share/rslidar_msg/package.xml
