[0.019s] Invoking command in '/home/ph/ws/lidar_ws/build/rslidar_msg': CMAKE_PREFIX_PATH=/opt/ros/humble /usr/bin/cmake --build /home/ph/ws/lidar_ws/build/rslidar_msg -- -j8 -l8
[0.043s] [0mCMake Deprecation Warning at CMakeLists.txt:1 (cmake_minimum_required):
[0.043s]   Compatibility with CMake < 3.10 will be removed from a future version of
[0.043s]   CMake.
[0.043s] 
[0.043s]   Update the VERSION argument <min> value.  Or, use the <min>...<max> syntax
[0.043s]   to tell CMake that the project requires at least <min> but has been updated
[0.043s]   to work with policies introduced by <max> or earlier.
[0.044s] 
[0.044s] [0m
[0.114s] -- The C compiler identification is GNU 11.4.0
[0.241s] -- The CXX compiler identification is GNU 11.4.0
[0.263s] -- Detecting C compiler ABI info
[0.376s] -- Detecting C compiler ABI info - done
[0.426s] -- Check for working C compiler: /usr/bin/cc - skipped
[0.426s] -- Detecting C compile features
[0.427s] -- Detecting C compile features - done
[0.453s] -- Detecting CXX compiler ABI info
[0.560s] -- Detecting CXX compiler ABI info - done
[0.582s] -- Check for working CXX compiler: /usr/bin/c++ - skipped
[0.582s] -- Detecting CXX compile features
[0.583s] -- Detecting CXX compile features - done
[0.594s] -- Found ament_cmake: 1.3.12 (/opt/ros/humble/share/ament_cmake/cmake)
[0.874s] -- Found std_msgs: 4.9.0 (/opt/ros/humble/share/std_msgs/cmake)
[0.925s] -- Found rosidl_generator_c: 3.1.7 (/opt/ros/humble/share/rosidl_generator_c/cmake)
[0.928s] -- Found rosidl_adapter: 3.1.7 (/opt/ros/humble/share/rosidl_adapter/cmake)
[0.936s] -- Found rosidl_generator_cpp: 3.1.7 (/opt/ros/humble/share/rosidl_generator_cpp/cmake)
[0.949s] -- Using all available rosidl_typesupport_c: rosidl_typesupport_fastrtps_c;rosidl_typesupport_introspection_c
[0.966s] -- Using all available rosidl_typesupport_cpp: rosidl_typesupport_fastrtps_cpp;rosidl_typesupport_introspection_cpp
[1.000s] -- Found rclcpp: 16.0.16 (/opt/ros/humble/share/rclcpp/cmake)
[1.039s] -- Found rmw_implementation_cmake: 6.1.2 (/opt/ros/humble/share/rmw_implementation_cmake/cmake)
[1.040s] -- Found rmw_fastrtps_cpp: 6.2.9 (/opt/ros/humble/share/rmw_fastrtps_cpp/cmake)
[1.200s] -- Using RMW implementation 'rmw_fastrtps_cpp' as default
[1.262s] -- Found rosidl_default_generators: 1.2.0 (/opt/ros/humble/share/rosidl_default_generators/cmake)
[1.934s] -- Found ament_cmake_ros: 0.10.0 (/opt/ros/humble/share/ament_cmake_ros/cmake)
[3.092s] -- Using all available rosidl_typesupport_c: rosidl_typesupport_fastrtps_c;rosidl_typesupport_introspection_c
[3.571s] -- Using all available rosidl_typesupport_cpp: rosidl_typesupport_fastrtps_cpp;rosidl_typesupport_introspection_cpp
[3.574s] [33mCMake Warning (dev) at /opt/ros/humble/share/rosidl_generator_py/cmake/rosidl_generator_py_generate_interfaces.cmake:20 (find_package):
[3.574s]   Policy CMP0148 is not set: The FindPythonInterp and FindPythonLibs modules
[3.574s]   are removed.  Run "cmake --help-policy CMP0148" for policy details.  Use
[3.574s]   the cmake_policy command to set the policy and suppress this warning.
[3.574s] 
[3.575s] Call Stack (most recent call first):
[3.575s]   /opt/ros/humble/share/ament_cmake_core/cmake/core/ament_execute_extensions.cmake:48 (include)
[3.575s]   /opt/ros/humble/share/rosidl_cmake/cmake/rosidl_generate_interfaces.cmake:286 (ament_execute_extensions)
[3.575s]   CMakeLists.txt:25 (rosidl_generate_interfaces)
[3.575s] This warning is for project developers.  Use -Wno-dev to suppress it.
[3.575s] [0m
[3.615s] -- Found python_cmake_module: 0.10.0 (/opt/ros/humble/share/python_cmake_module/cmake)
[3.619s] [33mCMake Warning (dev) at /opt/ros/humble/share/python_cmake_module/cmake/Modules/FindPythonExtra.cmake:52 (find_package):
[3.619s]   Policy CMP0148 is not set: The FindPythonInterp and FindPythonLibs modules
[3.619s]   are removed.  Run "cmake --help-policy CMP0148" for policy details.  Use
[3.619s]   the cmake_policy command to set the policy and suppress this warning.
[3.619s] 
[3.620s] Call Stack (most recent call first):
[3.620s]   /opt/ros/humble/share/rosidl_generator_py/cmake/rosidl_generator_py_generate_interfaces.cmake:23 (find_package)
[3.620s]   /opt/ros/humble/share/ament_cmake_core/cmake/core/ament_execute_extensions.cmake:48 (include)
[3.620s]   /opt/ros/humble/share/rosidl_cmake/cmake/rosidl_generate_interfaces.cmake:286 (ament_execute_extensions)
[3.620s]   CMakeLists.txt:25 (rosidl_generate_interfaces)
[3.621s] This warning is for project developers.  Use -Wno-dev to suppress it.
[3.621s] [0m
[3.657s] [33mCMake Warning (dev) at /opt/ros/humble/share/python_cmake_module/cmake/Modules/FindPythonExtra.cmake:140 (find_package):
[3.657s]   Policy CMP0148 is not set: The FindPythonInterp and FindPythonLibs modules
[3.657s]   are removed.  Run "cmake --help-policy CMP0148" for policy details.  Use
[3.657s]   the cmake_policy command to set the policy and suppress this warning.
[3.657s] 
[3.657s] Call Stack (most recent call first):
[3.657s]   /opt/ros/humble/share/rosidl_generator_py/cmake/rosidl_generator_py_generate_interfaces.cmake:23 (find_package)
[3.658s]   /opt/ros/humble/share/ament_cmake_core/cmake/core/ament_execute_extensions.cmake:48 (include)
[3.658s]   /opt/ros/humble/share/rosidl_cmake/cmake/rosidl_generate_interfaces.cmake:286 (ament_execute_extensions)
[3.658s]   CMakeLists.txt:25 (rosidl_generate_interfaces)
[3.658s] This warning is for project developers.  Use -Wno-dev to suppress it.
[3.658s] [0m
[3.665s] -- Using PYTHON_EXECUTABLE: /usr/bin/python3
[3.665s] -- Using PYTHON_INCLUDE_DIRS: /usr/include/python3.10
[3.665s] -- Using PYTHON_LIBRARIES: /usr/lib/x86_64-linux-gnu/libpython3.10.so
[3.726s] -- Found ament_lint_auto: 0.12.14 (/opt/ros/humble/share/ament_lint_auto/cmake)
[3.751s] -- Added test 'copyright' to check source files copyright and LICENSE
[3.755s] -- Added test 'lint_cmake' to check CMake code style
[3.758s] -- Added test 'xmllint' to check XML markup files
[3.760s] -- Configuring done (3.7s)
[3.818s] -- Generating done (0.1s)
[3.855s] -- Build files have been written to: /home/ph/ws/lidar_ws/build/rslidar_msg
[3.901s] [  3%] Built target rslidar_msg__cpp
[3.902s] [  6%] [32mBuilding C object CMakeFiles/rslidar_msg__rosidl_generator_c.dir/rosidl_generator_c/rslidar_msg/msg/detail/rslidar_packet__functions.c.o[0m
[3.912s] [  6%] Built target ament_cmake_python_copy_rslidar_msg
[3.924s] [ 16%] [32mBuilding CXX object CMakeFiles/rslidar_msg__rosidl_typesupport_fastrtps_cpp.dir/rosidl_typesupport_fastrtps_cpp/rslidar_msg/msg/detail/dds_fastrtps/rslidar_packet__type_support.cpp.o[0m
[3.924s] [ 16%] [32mBuilding CXX object CMakeFiles/rslidar_msg__rosidl_typesupport_cpp.dir/rosidl_typesupport_cpp/rslidar_msg/msg/rslidar_packet__type_support.cpp.o[0m
[3.924s] [ 16%] [32mBuilding CXX object CMakeFiles/rslidar_msg__rosidl_typesupport_introspection_cpp.dir/rosidl_typesupport_introspection_cpp/rslidar_msg/msg/detail/rslidar_packet__type_support.cpp.o[0m
[3.992s] [ 19%] [1m[32mLinking C shared library librslidar_msg__rosidl_generator_c.so[0m
[4.051s] [ 22%] Built target rslidar_msg__rosidl_generator_c
[4.078s] [ 25%] [32mBuilding CXX object CMakeFiles/rslidar_msg__rosidl_typesupport_c.dir/rosidl_typesupport_c/rslidar_msg/msg/rslidar_packet__type_support.cpp.o[0m
[4.078s] [ 29%] [32mBuilding C object CMakeFiles/rslidar_msg__rosidl_typesupport_introspection_c.dir/rosidl_typesupport_introspection_c/rslidar_msg/msg/detail/rslidar_packet__type_support.c.o[0m
[4.081s] [ 32%] [32mBuilding CXX object CMakeFiles/rslidar_msg__rosidl_typesupport_fastrtps_c.dir/rosidl_typesupport_fastrtps_c/rslidar_msg/msg/detail/rslidar_packet__type_support_c.cpp.o[0m
[4.138s] [ 35%] [1m[32mLinking CXX shared library librslidar_msg__rosidl_typesupport_c.so[0m
[4.170s] [ 38%] [1m[32mLinking C shared library librslidar_msg__rosidl_typesupport_introspection_c.so[0m
[4.217s] [ 41%] Built target rslidar_msg__rosidl_typesupport_c
[4.225s] [ 45%] Built target rslidar_msg__rosidl_typesupport_introspection_c
[4.336s] running egg_info
[4.350s] [ 48%] [1m[32mLinking CXX shared library librslidar_msg__rosidl_typesupport_cpp.so[0m
[4.394s] writing rslidar_msg.egg-info/PKG-INFO
[4.396s] writing dependency_links to rslidar_msg.egg-info/dependency_links.txt
[4.397s] writing top-level names to rslidar_msg.egg-info/top_level.txt
[4.411s] [ 51%] Built target rslidar_msg__rosidl_typesupport_cpp
[4.509s] reading manifest file 'rslidar_msg.egg-info/SOURCES.txt'
[4.511s] writing manifest file 'rslidar_msg.egg-info/SOURCES.txt'
[4.568s] [ 51%] Built target ament_cmake_python_build_rslidar_msg_egg
[4.598s] [ 54%] [1m[32mLinking CXX shared library librslidar_msg__rosidl_typesupport_introspection_cpp.so[0m
[4.630s] [ 58%] [1m[32mLinking CXX shared library librslidar_msg__rosidl_typesupport_fastrtps_cpp.so[0m
[4.668s] [ 61%] [1m[32mLinking CXX shared library librslidar_msg__rosidl_typesupport_fastrtps_c.so[0m
[4.731s] [ 64%] Built target rslidar_msg__rosidl_typesupport_introspection_cpp
[4.753s] [ 67%] Built target rslidar_msg__rosidl_typesupport_fastrtps_cpp
[4.794s] [ 70%] Built target rslidar_msg__rosidl_typesupport_fastrtps_c
[4.826s] [ 70%] Built target rslidar_msg
[4.857s] [ 74%] Built target rslidar_msg__py
[4.906s] [ 77%] [32mBuilding C object CMakeFiles/rslidar_msg__rosidl_generator_py.dir/rosidl_generator_py/rslidar_msg/msg/_rslidar_packet_s.c.o[0m
[5.079s] [ 80%] [1m[32mLinking C shared library rosidl_generator_py/rslidar_msg/librslidar_msg__rosidl_generator_py.so[0m
[5.138s] [ 80%] Built target rslidar_msg__rosidl_generator_py
[5.160s] [ 87%] [32mBuilding C object CMakeFiles/rslidar_msg__rosidl_typesupport_introspection_c__pyext.dir/rosidl_generator_py/rslidar_msg/_rslidar_msg_s.ep.rosidl_typesupport_introspection_c.c.o[0m
[5.160s] [ 87%] [32mBuilding C object CMakeFiles/rslidar_msg__rosidl_typesupport_c__pyext.dir/rosidl_generator_py/rslidar_msg/_rslidar_msg_s.ep.rosidl_typesupport_c.c.o[0m
[5.170s] [ 90%] [32mBuilding C object CMakeFiles/rslidar_msg__rosidl_typesupport_fastrtps_c__pyext.dir/rosidl_generator_py/rslidar_msg/_rslidar_msg_s.ep.rosidl_typesupport_fastrtps_c.c.o[0m
[5.283s] [ 93%] [1m[32mLinking C shared library rosidl_generator_py/rslidar_msg/rslidar_msg_s__rosidl_typesupport_introspection_c.cpython-310-x86_64-linux-gnu.so[0m
[5.284s] [ 96%] [1m[32mLinking C shared library rosidl_generator_py/rslidar_msg/rslidar_msg_s__rosidl_typesupport_c.cpython-310-x86_64-linux-gnu.so[0m
[5.294s] [100%] [1m[32mLinking C shared library rosidl_generator_py/rslidar_msg/rslidar_msg_s__rosidl_typesupport_fastrtps_c.cpython-310-x86_64-linux-gnu.so[0m
[5.326s] [100%] Built target rslidar_msg__rosidl_typesupport_introspection_c__pyext
[5.326s] [100%] Built target rslidar_msg__rosidl_typesupport_c__pyext
[5.339s] [100%] Built target rslidar_msg__rosidl_typesupport_fastrtps_c__pyext
[5.350s] Invoked command in '/home/ph/ws/lidar_ws/build/rslidar_msg' returned '0': CMAKE_PREFIX_PATH=/opt/ros/humble /usr/bin/cmake --build /home/ph/ws/lidar_ws/build/rslidar_msg -- -j8 -l8
[5.358s] Invoking command in '/home/ph/ws/lidar_ws/build/rslidar_msg': CMAKE_PREFIX_PATH=/opt/ros/humble /usr/bin/cmake --install /home/ph/ws/lidar_ws/build/rslidar_msg
[5.362s] -- Install configuration: ""
[5.362s] -- Up-to-date: /home/ph/ws/lidar_ws/install/rslidar_msg/share/ament_index/resource_index/rosidl_interfaces/rslidar_msg
[5.362s] -- Up-to-date: /home/ph/ws/lidar_ws/install/rslidar_msg/include/rslidar_msg/rslidar_msg
[5.363s] -- Up-to-date: /home/ph/ws/lidar_ws/install/rslidar_msg/include/rslidar_msg/rslidar_msg/msg
[5.363s] -- Up-to-date: /home/ph/ws/lidar_ws/install/rslidar_msg/include/rslidar_msg/rslidar_msg/msg/rosidl_generator_c__visibility_control.h
[5.363s] -- Up-to-date: /home/ph/ws/lidar_ws/install/rslidar_msg/include/rslidar_msg/rslidar_msg/msg/detail
[5.363s] -- Up-to-date: /home/ph/ws/lidar_ws/install/rslidar_msg/include/rslidar_msg/rslidar_msg/msg/detail/rslidar_packet__functions.c
[5.363s] -- Up-to-date: /home/ph/ws/lidar_ws/install/rslidar_msg/include/rslidar_msg/rslidar_msg/msg/detail/rslidar_packet__struct.h
[5.363s] -- Up-to-date: /home/ph/ws/lidar_ws/install/rslidar_msg/include/rslidar_msg/rslidar_msg/msg/detail/rslidar_packet__functions.h
[5.363s] -- Up-to-date: /home/ph/ws/lidar_ws/install/rslidar_msg/include/rslidar_msg/rslidar_msg/msg/detail/rslidar_packet__type_support.h
[5.363s] -- Up-to-date: /home/ph/ws/lidar_ws/install/rslidar_msg/include/rslidar_msg/rslidar_msg/msg/rslidar_packet.h
[5.364s] -- Installing: /home/ph/ws/lidar_ws/install/rslidar_msg/share/rslidar_msg/environment/library_path.sh
[5.364s] -- Installing: /home/ph/ws/lidar_ws/install/rslidar_msg/share/rslidar_msg/environment/library_path.dsv
[5.364s] -- Installing: /home/ph/ws/lidar_ws/install/rslidar_msg/lib/librslidar_msg__rosidl_generator_c.so
[5.364s] -- Set non-toolchain portion of runtime path of "/home/ph/ws/lidar_ws/install/rslidar_msg/lib/librslidar_msg__rosidl_generator_c.so" to ""
[5.364s] -- Up-to-date: /home/ph/ws/lidar_ws/install/rslidar_msg/include/rslidar_msg/rslidar_msg
[5.364s] -- Up-to-date: /home/ph/ws/lidar_ws/install/rslidar_msg/include/rslidar_msg/rslidar_msg/msg
[5.364s] -- Up-to-date: /home/ph/ws/lidar_ws/install/rslidar_msg/include/rslidar_msg/rslidar_msg/msg/detail
[5.364s] -- Up-to-date: /home/ph/ws/lidar_ws/install/rslidar_msg/include/rslidar_msg/rslidar_msg/msg/detail/rslidar_packet__rosidl_typesupport_fastrtps_c.h
[5.365s] -- Up-to-date: /home/ph/ws/lidar_ws/install/rslidar_msg/include/rslidar_msg/rslidar_msg/msg/rosidl_typesupport_fastrtps_c__visibility_control.h
[5.365s] -- Installing: /home/ph/ws/lidar_ws/install/rslidar_msg/lib/librslidar_msg__rosidl_typesupport_fastrtps_c.so
[5.365s] -- Set non-toolchain portion of runtime path of "/home/ph/ws/lidar_ws/install/rslidar_msg/lib/librslidar_msg__rosidl_typesupport_fastrtps_c.so" to ""
[5.365s] -- Up-to-date: /home/ph/ws/lidar_ws/install/rslidar_msg/include/rslidar_msg/rslidar_msg
[5.365s] -- Up-to-date: /home/ph/ws/lidar_ws/install/rslidar_msg/include/rslidar_msg/rslidar_msg/msg
[5.365s] -- Up-to-date: /home/ph/ws/lidar_ws/install/rslidar_msg/include/rslidar_msg/rslidar_msg/msg/rosidl_generator_cpp__visibility_control.hpp
[5.365s] -- Up-to-date: /home/ph/ws/lidar_ws/install/rslidar_msg/include/rslidar_msg/rslidar_msg/msg/detail
[5.366s] -- Up-to-date: /home/ph/ws/lidar_ws/install/rslidar_msg/include/rslidar_msg/rslidar_msg/msg/detail/rslidar_packet__builder.hpp
[5.366s] -- Up-to-date: /home/ph/ws/lidar_ws/install/rslidar_msg/include/rslidar_msg/rslidar_msg/msg/detail/rslidar_packet__traits.hpp
[5.366s] -- Up-to-date: /home/ph/ws/lidar_ws/install/rslidar_msg/include/rslidar_msg/rslidar_msg/msg/detail/rslidar_packet__struct.hpp
[5.366s] -- Up-to-date: /home/ph/ws/lidar_ws/install/rslidar_msg/include/rslidar_msg/rslidar_msg/msg/detail/rslidar_packet__type_support.hpp
[5.366s] -- Up-to-date: /home/ph/ws/lidar_ws/install/rslidar_msg/include/rslidar_msg/rslidar_msg/msg/rslidar_packet.hpp
[5.366s] -- Up-to-date: /home/ph/ws/lidar_ws/install/rslidar_msg/include/rslidar_msg/rslidar_msg
[5.366s] -- Up-to-date: /home/ph/ws/lidar_ws/install/rslidar_msg/include/rslidar_msg/rslidar_msg/msg
[5.366s] -- Up-to-date: /home/ph/ws/lidar_ws/install/rslidar_msg/include/rslidar_msg/rslidar_msg/msg/rosidl_typesupport_fastrtps_cpp__visibility_control.h
[5.367s] -- Up-to-date: /home/ph/ws/lidar_ws/install/rslidar_msg/include/rslidar_msg/rslidar_msg/msg/detail
[5.367s] -- Up-to-date: /home/ph/ws/lidar_ws/install/rslidar_msg/include/rslidar_msg/rslidar_msg/msg/detail/rslidar_packet__rosidl_typesupport_fastrtps_cpp.hpp
[5.367s] -- Installing: /home/ph/ws/lidar_ws/install/rslidar_msg/include/rslidar_msg/rslidar_msg/msg/detail/dds_fastrtps
[5.367s] -- Installing: /home/ph/ws/lidar_ws/install/rslidar_msg/lib/librslidar_msg__rosidl_typesupport_fastrtps_cpp.so
[5.367s] -- Set non-toolchain portion of runtime path of "/home/ph/ws/lidar_ws/install/rslidar_msg/lib/librslidar_msg__rosidl_typesupport_fastrtps_cpp.so" to ""
[5.367s] -- Up-to-date: /home/ph/ws/lidar_ws/install/rslidar_msg/include/rslidar_msg/rslidar_msg
[5.367s] -- Up-to-date: /home/ph/ws/lidar_ws/install/rslidar_msg/include/rslidar_msg/rslidar_msg/msg
[5.367s] -- Up-to-date: /home/ph/ws/lidar_ws/install/rslidar_msg/include/rslidar_msg/rslidar_msg/msg/rosidl_typesupport_introspection_c__visibility_control.h
[5.368s] -- Up-to-date: /home/ph/ws/lidar_ws/install/rslidar_msg/include/rslidar_msg/rslidar_msg/msg/detail
[5.368s] -- Up-to-date: /home/ph/ws/lidar_ws/install/rslidar_msg/include/rslidar_msg/rslidar_msg/msg/detail/rslidar_packet__type_support.c
[5.368s] -- Up-to-date: /home/ph/ws/lidar_ws/install/rslidar_msg/include/rslidar_msg/rslidar_msg/msg/detail/rslidar_packet__rosidl_typesupport_introspection_c.h
[5.368s] -- Installing: /home/ph/ws/lidar_ws/install/rslidar_msg/lib/librslidar_msg__rosidl_typesupport_introspection_c.so
[5.368s] -- Set non-toolchain portion of runtime path of "/home/ph/ws/lidar_ws/install/rslidar_msg/lib/librslidar_msg__rosidl_typesupport_introspection_c.so" to ""
[5.368s] -- Installing: /home/ph/ws/lidar_ws/install/rslidar_msg/lib/librslidar_msg__rosidl_typesupport_c.so
[5.368s] -- Set non-toolchain portion of runtime path of "/home/ph/ws/lidar_ws/install/rslidar_msg/lib/librslidar_msg__rosidl_typesupport_c.so" to ""
[5.368s] -- Up-to-date: /home/ph/ws/lidar_ws/install/rslidar_msg/include/rslidar_msg/rslidar_msg
[5.369s] -- Up-to-date: /home/ph/ws/lidar_ws/install/rslidar_msg/include/rslidar_msg/rslidar_msg/msg
[5.369s] -- Up-to-date: /home/ph/ws/lidar_ws/install/rslidar_msg/include/rslidar_msg/rslidar_msg/msg/detail
[5.369s] -- Up-to-date: /home/ph/ws/lidar_ws/install/rslidar_msg/include/rslidar_msg/rslidar_msg/msg/detail/rslidar_packet__type_support.cpp
[5.369s] -- Up-to-date: /home/ph/ws/lidar_ws/install/rslidar_msg/include/rslidar_msg/rslidar_msg/msg/detail/rslidar_packet__rosidl_typesupport_introspection_cpp.hpp
[5.369s] -- Installing: /home/ph/ws/lidar_ws/install/rslidar_msg/lib/librslidar_msg__rosidl_typesupport_introspection_cpp.so
[5.369s] -- Set non-toolchain portion of runtime path of "/home/ph/ws/lidar_ws/install/rslidar_msg/lib/librslidar_msg__rosidl_typesupport_introspection_cpp.so" to ""
[5.369s] -- Installing: /home/ph/ws/lidar_ws/install/rslidar_msg/lib/librslidar_msg__rosidl_typesupport_cpp.so
[5.369s] -- Set non-toolchain portion of runtime path of "/home/ph/ws/lidar_ws/install/rslidar_msg/lib/librslidar_msg__rosidl_typesupport_cpp.so" to ""
[5.370s] -- Up-to-date: /home/ph/ws/lidar_ws/install/rslidar_msg/share/rslidar_msg/environment/pythonpath.sh
[5.370s] -- Installing: /home/ph/ws/lidar_ws/install/rslidar_msg/share/rslidar_msg/environment/pythonpath.dsv
[5.370s] -- Up-to-date: /home/ph/ws/lidar_ws/install/rslidar_msg/local/lib/python3.10/dist-packages/rslidar_msg-0.0.0-py3.10.egg-info
[5.370s] -- Installing: /home/ph/ws/lidar_ws/install/rslidar_msg/local/lib/python3.10/dist-packages/rslidar_msg-0.0.0-py3.10.egg-info/top_level.txt
[5.370s] -- Installing: /home/ph/ws/lidar_ws/install/rslidar_msg/local/lib/python3.10/dist-packages/rslidar_msg-0.0.0-py3.10.egg-info/PKG-INFO
[5.370s] -- Installing: /home/ph/ws/lidar_ws/install/rslidar_msg/local/lib/python3.10/dist-packages/rslidar_msg-0.0.0-py3.10.egg-info/SOURCES.txt
[5.370s] -- Installing: /home/ph/ws/lidar_ws/install/rslidar_msg/local/lib/python3.10/dist-packages/rslidar_msg-0.0.0-py3.10.egg-info/dependency_links.txt
[5.370s] -- Up-to-date: /home/ph/ws/lidar_ws/install/rslidar_msg/local/lib/python3.10/dist-packages/rslidar_msg
[5.371s] -- Installing: /home/ph/ws/lidar_ws/install/rslidar_msg/local/lib/python3.10/dist-packages/rslidar_msg/rslidar_msg_s__rosidl_typesupport_c.cpython-310-x86_64-linux-gnu.so
[5.371s] -- Installing: /home/ph/ws/lidar_ws/install/rslidar_msg/local/lib/python3.10/dist-packages/rslidar_msg/librslidar_msg__rosidl_generator_py.so
[5.371s] -- Up-to-date: /home/ph/ws/lidar_ws/install/rslidar_msg/local/lib/python3.10/dist-packages/rslidar_msg/_rslidar_msg_s.ep.rosidl_typesupport_c.c
[5.371s] -- Installing: /home/ph/ws/lidar_ws/install/rslidar_msg/local/lib/python3.10/dist-packages/rslidar_msg/rslidar_msg_s__rosidl_typesupport_introspection_c.cpython-310-x86_64-linux-gnu.so
[5.371s] -- Up-to-date: /home/ph/ws/lidar_ws/install/rslidar_msg/local/lib/python3.10/dist-packages/rslidar_msg/_rslidar_msg_s.ep.rosidl_typesupport_introspection_c.c
[5.371s] -- Installing: /home/ph/ws/lidar_ws/install/rslidar_msg/local/lib/python3.10/dist-packages/rslidar_msg/rslidar_msg_s__rosidl_typesupport_fastrtps_c.cpython-310-x86_64-linux-gnu.so
[5.371s] -- Installing: /home/ph/ws/lidar_ws/install/rslidar_msg/local/lib/python3.10/dist-packages/rslidar_msg/__init__.py
[5.372s] -- Up-to-date: /home/ph/ws/lidar_ws/install/rslidar_msg/local/lib/python3.10/dist-packages/rslidar_msg/_rslidar_msg_s.ep.rosidl_typesupport_fastrtps_c.c
[5.372s] -- Up-to-date: /home/ph/ws/lidar_ws/install/rslidar_msg/local/lib/python3.10/dist-packages/rslidar_msg/msg
[5.372s] -- Up-to-date: /home/ph/ws/lidar_ws/install/rslidar_msg/local/lib/python3.10/dist-packages/rslidar_msg/msg/_rslidar_packet_s.c
[5.372s] -- Up-to-date: /home/ph/ws/lidar_ws/install/rslidar_msg/local/lib/python3.10/dist-packages/rslidar_msg/msg/__init__.py
[5.372s] -- Up-to-date: /home/ph/ws/lidar_ws/install/rslidar_msg/local/lib/python3.10/dist-packages/rslidar_msg/msg/_rslidar_packet.py
[5.414s] Listing '/home/ph/ws/lidar_ws/install/rslidar_msg/local/lib/python3.10/dist-packages/rslidar_msg'...
[5.414s] Compiling '/home/ph/ws/lidar_ws/install/rslidar_msg/local/lib/python3.10/dist-packages/rslidar_msg/__init__.py'...
[5.414s] Listing '/home/ph/ws/lidar_ws/install/rslidar_msg/local/lib/python3.10/dist-packages/rslidar_msg/msg'...
[5.414s] Compiling '/home/ph/ws/lidar_ws/install/rslidar_msg/local/lib/python3.10/dist-packages/rslidar_msg/msg/__init__.py'...
[5.414s] Compiling '/home/ph/ws/lidar_ws/install/rslidar_msg/local/lib/python3.10/dist-packages/rslidar_msg/msg/_rslidar_packet.py'...
[5.421s] -- Installing: /home/ph/ws/lidar_ws/install/rslidar_msg/local/lib/python3.10/dist-packages/rslidar_msg/rslidar_msg_s__rosidl_typesupport_fastrtps_c.cpython-310-x86_64-linux-gnu.so
[5.422s] -- Set non-toolchain portion of runtime path of "/home/ph/ws/lidar_ws/install/rslidar_msg/local/lib/python3.10/dist-packages/rslidar_msg/rslidar_msg_s__rosidl_typesupport_fastrtps_c.cpython-310-x86_64-linux-gnu.so" to ""
[5.423s] -- Installing: /home/ph/ws/lidar_ws/install/rslidar_msg/local/lib/python3.10/dist-packages/rslidar_msg/rslidar_msg_s__rosidl_typesupport_introspection_c.cpython-310-x86_64-linux-gnu.so
[5.424s] -- Set non-toolchain portion of runtime path of "/home/ph/ws/lidar_ws/install/rslidar_msg/local/lib/python3.10/dist-packages/rslidar_msg/rslidar_msg_s__rosidl_typesupport_introspection_c.cpython-310-x86_64-linux-gnu.so" to ""
[5.424s] -- Installing: /home/ph/ws/lidar_ws/install/rslidar_msg/local/lib/python3.10/dist-packages/rslidar_msg/rslidar_msg_s__rosidl_typesupport_c.cpython-310-x86_64-linux-gnu.so
[5.425s] -- Set non-toolchain portion of runtime path of "/home/ph/ws/lidar_ws/install/rslidar_msg/local/lib/python3.10/dist-packages/rslidar_msg/rslidar_msg_s__rosidl_typesupport_c.cpython-310-x86_64-linux-gnu.so" to ""
[5.426s] -- Installing: /home/ph/ws/lidar_ws/install/rslidar_msg/lib/librslidar_msg__rosidl_generator_py.so
[5.427s] -- Set non-toolchain portion of runtime path of "/home/ph/ws/lidar_ws/install/rslidar_msg/lib/librslidar_msg__rosidl_generator_py.so" to ""
[5.427s] -- Up-to-date: /home/ph/ws/lidar_ws/install/rslidar_msg/share/rslidar_msg/msg/RslidarPacket.idl
[5.428s] -- Up-to-date: /home/ph/ws/lidar_ws/install/rslidar_msg/share/rslidar_msg/msg/RslidarPacket.msg
[5.428s] -- Up-to-date: /home/ph/ws/lidar_ws/install/rslidar_msg/share/ament_index/resource_index/package_run_dependencies/rslidar_msg
[5.428s] -- Installing: /home/ph/ws/lidar_ws/install/rslidar_msg/share/ament_index/resource_index/parent_prefix_path/rslidar_msg
[5.429s] -- Installing: /home/ph/ws/lidar_ws/install/rslidar_msg/share/rslidar_msg/environment/ament_prefix_path.sh
[5.429s] -- Installing: /home/ph/ws/lidar_ws/install/rslidar_msg/share/rslidar_msg/environment/ament_prefix_path.dsv
[5.429s] -- Installing: /home/ph/ws/lidar_ws/install/rslidar_msg/share/rslidar_msg/environment/path.sh
[5.430s] -- Installing: /home/ph/ws/lidar_ws/install/rslidar_msg/share/rslidar_msg/environment/path.dsv
[5.431s] -- Up-to-date: /home/ph/ws/lidar_ws/install/rslidar_msg/share/rslidar_msg/local_setup.bash
[5.431s] -- Up-to-date: /home/ph/ws/lidar_ws/install/rslidar_msg/share/rslidar_msg/local_setup.sh
[5.431s] -- Up-to-date: /home/ph/ws/lidar_ws/install/rslidar_msg/share/rslidar_msg/local_setup.zsh
[5.432s] -- Installing: /home/ph/ws/lidar_ws/install/rslidar_msg/share/rslidar_msg/local_setup.dsv
[5.432s] -- Installing: /home/ph/ws/lidar_ws/install/rslidar_msg/share/rslidar_msg/package.dsv
[5.432s] -- Up-to-date: /home/ph/ws/lidar_ws/install/rslidar_msg/share/ament_index/resource_index/packages/rslidar_msg
[5.433s] -- Old export file "/home/ph/ws/lidar_ws/install/rslidar_msg/share/rslidar_msg/cmake/export_rslidar_msg__rosidl_generator_cExport.cmake" will be replaced.  Removing files [/home/ph/ws/lidar_ws/install/rslidar_msg/share/rslidar_msg/cmake/export_rslidar_msg__rosidl_generator_cExport-noconfig.cmake].
[5.433s] -- Installing: /home/ph/ws/lidar_ws/install/rslidar_msg/share/rslidar_msg/cmake/export_rslidar_msg__rosidl_generator_cExport.cmake
[5.434s] -- Installing: /home/ph/ws/lidar_ws/install/rslidar_msg/share/rslidar_msg/cmake/export_rslidar_msg__rosidl_generator_cExport-noconfig.cmake
[5.434s] -- Old export file "/home/ph/ws/lidar_ws/install/rslidar_msg/share/rslidar_msg/cmake/export_rslidar_msg__rosidl_typesupport_fastrtps_cExport.cmake" will be replaced.  Removing files [/home/ph/ws/lidar_ws/install/rslidar_msg/share/rslidar_msg/cmake/export_rslidar_msg__rosidl_typesupport_fastrtps_cExport-noconfig.cmake].
[5.435s] -- Installing: /home/ph/ws/lidar_ws/install/rslidar_msg/share/rslidar_msg/cmake/export_rslidar_msg__rosidl_typesupport_fastrtps_cExport.cmake
[5.435s] -- Installing: /home/ph/ws/lidar_ws/install/rslidar_msg/share/rslidar_msg/cmake/export_rslidar_msg__rosidl_typesupport_fastrtps_cExport-noconfig.cmake
[5.436s] -- Installing: /home/ph/ws/lidar_ws/install/rslidar_msg/share/rslidar_msg/cmake/export_rslidar_msg__rosidl_generator_cppExport.cmake
[5.437s] -- Old export file "/home/ph/ws/lidar_ws/install/rslidar_msg/share/rslidar_msg/cmake/export_rslidar_msg__rosidl_typesupport_fastrtps_cppExport.cmake" will be replaced.  Removing files [/home/ph/ws/lidar_ws/install/rslidar_msg/share/rslidar_msg/cmake/export_rslidar_msg__rosidl_typesupport_fastrtps_cppExport-noconfig.cmake].
[5.437s] -- Installing: /home/ph/ws/lidar_ws/install/rslidar_msg/share/rslidar_msg/cmake/export_rslidar_msg__rosidl_typesupport_fastrtps_cppExport.cmake
[5.438s] -- Installing: /home/ph/ws/lidar_ws/install/rslidar_msg/share/rslidar_msg/cmake/export_rslidar_msg__rosidl_typesupport_fastrtps_cppExport-noconfig.cmake
[5.438s] -- Old export file "/home/ph/ws/lidar_ws/install/rslidar_msg/share/rslidar_msg/cmake/rslidar_msg__rosidl_typesupport_introspection_cExport.cmake" will be replaced.  Removing files [/home/ph/ws/lidar_ws/install/rslidar_msg/share/rslidar_msg/cmake/rslidar_msg__rosidl_typesupport_introspection_cExport-noconfig.cmake].
[5.439s] -- Installing: /home/ph/ws/lidar_ws/install/rslidar_msg/share/rslidar_msg/cmake/rslidar_msg__rosidl_typesupport_introspection_cExport.cmake
[5.439s] -- Installing: /home/ph/ws/lidar_ws/install/rslidar_msg/share/rslidar_msg/cmake/rslidar_msg__rosidl_typesupport_introspection_cExport-noconfig.cmake
[5.440s] -- Old export file "/home/ph/ws/lidar_ws/install/rslidar_msg/share/rslidar_msg/cmake/rslidar_msg__rosidl_typesupport_cExport.cmake" will be replaced.  Removing files [/home/ph/ws/lidar_ws/install/rslidar_msg/share/rslidar_msg/cmake/rslidar_msg__rosidl_typesupport_cExport-noconfig.cmake].
[5.440s] -- Installing: /home/ph/ws/lidar_ws/install/rslidar_msg/share/rslidar_msg/cmake/rslidar_msg__rosidl_typesupport_cExport.cmake
[5.441s] -- Installing: /home/ph/ws/lidar_ws/install/rslidar_msg/share/rslidar_msg/cmake/rslidar_msg__rosidl_typesupport_cExport-noconfig.cmake
[5.442s] -- Old export file "/home/ph/ws/lidar_ws/install/rslidar_msg/share/rslidar_msg/cmake/rslidar_msg__rosidl_typesupport_introspection_cppExport.cmake" will be replaced.  Removing files [/home/ph/ws/lidar_ws/install/rslidar_msg/share/rslidar_msg/cmake/rslidar_msg__rosidl_typesupport_introspection_cppExport-noconfig.cmake].
[5.442s] -- Installing: /home/ph/ws/lidar_ws/install/rslidar_msg/share/rslidar_msg/cmake/rslidar_msg__rosidl_typesupport_introspection_cppExport.cmake
[5.442s] -- Installing: /home/ph/ws/lidar_ws/install/rslidar_msg/share/rslidar_msg/cmake/rslidar_msg__rosidl_typesupport_introspection_cppExport-noconfig.cmake
[5.443s] -- Old export file "/home/ph/ws/lidar_ws/install/rslidar_msg/share/rslidar_msg/cmake/rslidar_msg__rosidl_typesupport_cppExport.cmake" will be replaced.  Removing files [/home/ph/ws/lidar_ws/install/rslidar_msg/share/rslidar_msg/cmake/rslidar_msg__rosidl_typesupport_cppExport-noconfig.cmake].
[5.443s] -- Installing: /home/ph/ws/lidar_ws/install/rslidar_msg/share/rslidar_msg/cmake/rslidar_msg__rosidl_typesupport_cppExport.cmake
[5.444s] -- Installing: /home/ph/ws/lidar_ws/install/rslidar_msg/share/rslidar_msg/cmake/rslidar_msg__rosidl_typesupport_cppExport-noconfig.cmake
[5.445s] -- Old export file "/home/ph/ws/lidar_ws/install/rslidar_msg/share/rslidar_msg/cmake/export_rslidar_msg__rosidl_generator_pyExport.cmake" will be replaced.  Removing files [/home/ph/ws/lidar_ws/install/rslidar_msg/share/rslidar_msg/cmake/export_rslidar_msg__rosidl_generator_pyExport-noconfig.cmake].
[5.445s] -- Installing: /home/ph/ws/lidar_ws/install/rslidar_msg/share/rslidar_msg/cmake/export_rslidar_msg__rosidl_generator_pyExport.cmake
[5.445s] -- Installing: /home/ph/ws/lidar_ws/install/rslidar_msg/share/rslidar_msg/cmake/export_rslidar_msg__rosidl_generator_pyExport-noconfig.cmake
[5.446s] -- Up-to-date: /home/ph/ws/lidar_ws/install/rslidar_msg/share/rslidar_msg/cmake/rosidl_cmake-extras.cmake
[5.446s] -- Up-to-date: /home/ph/ws/lidar_ws/install/rslidar_msg/share/rslidar_msg/cmake/ament_cmake_export_dependencies-extras.cmake
[5.446s] -- Up-to-date: /home/ph/ws/lidar_ws/install/rslidar_msg/share/rslidar_msg/cmake/ament_cmake_export_include_directories-extras.cmake
[5.447s] -- Up-to-date: /home/ph/ws/lidar_ws/install/rslidar_msg/share/rslidar_msg/cmake/ament_cmake_export_libraries-extras.cmake
[5.447s] -- Up-to-date: /home/ph/ws/lidar_ws/install/rslidar_msg/share/rslidar_msg/cmake/ament_cmake_export_targets-extras.cmake
[5.447s] -- Up-to-date: /home/ph/ws/lidar_ws/install/rslidar_msg/share/rslidar_msg/cmake/rosidl_cmake_export_typesupport_targets-extras.cmake
[5.447s] -- Up-to-date: /home/ph/ws/lidar_ws/install/rslidar_msg/share/rslidar_msg/cmake/rosidl_cmake_export_typesupport_libraries-extras.cmake
[5.448s] -- Up-to-date: /home/ph/ws/lidar_ws/install/rslidar_msg/share/rslidar_msg/cmake/rslidar_msgConfig.cmake
[5.448s] -- Up-to-date: /home/ph/ws/lidar_ws/install/rslidar_msg/share/rslidar_msg/cmake/rslidar_msgConfig-version.cmake
[5.448s] -- Up-to-date: /home/ph/ws/lidar_ws/install/rslidar_msg/share/rslidar_msg/package.xml
[5.452s] Invoked command in '/home/ph/ws/lidar_ws/build/rslidar_msg' returned '0': CMAKE_PREFIX_PATH=/opt/ros/humble /usr/bin/cmake --install /home/ph/ws/lidar_ws/build/rslidar_msg
