-- Found ament_cmake: 1.3.12 (/opt/ros/humble/share/ament_cmake/cmake)
-- Found ament_lint_auto: 0.12.14 (/opt/ros/humble/share/ament_lint_auto/cmake)
-- Added test 'lint_cmake' to check CMake code style
-- Added test 'xmllint' to check XML markup files
-- Configuring done
-- Generating done
-- Build files have been written to: /home/ph/ros2_firstw/build/launchpkg
-- Install configuration: ""
-- Installing: /home/ph/ros2_firstw/install/launchpkg/share/ament_index/resource_index/package_run_dependencies/launchpkg
-- Installing: /home/ph/ros2_firstw/install/launchpkg/share/ament_index/resource_index/parent_prefix_path/launchpkg
-- Installing: /home/ph/ros2_firstw/install/launchpkg/share/launchpkg/environment/ament_prefix_path.sh
-- Installing: /home/ph/ros2_firstw/install/launchpkg/share/launchpkg/environment/ament_prefix_path.dsv
-- Installing: /home/ph/ros2_firstw/install/launchpkg/share/launchpkg/environment/path.sh
-- Installing: /home/ph/ros2_firstw/install/launchpkg/share/launchpkg/environment/path.dsv
-- Installing: /home/ph/ros2_firstw/install/launchpkg/share/launchpkg/local_setup.bash
-- Installing: /home/ph/ros2_firstw/install/launchpkg/share/launchpkg/local_setup.sh
-- Installing: /home/ph/ros2_firstw/install/launchpkg/share/launchpkg/local_setup.zsh
-- Installing: /home/ph/ros2_firstw/install/launchpkg/share/launchpkg/local_setup.dsv
-- Installing: /home/ph/ros2_firstw/install/launchpkg/share/launchpkg/package.dsv
-- Installing: /home/ph/ros2_firstw/install/launchpkg/share/ament_index/resource_index/packages/launchpkg
-- Installing: /home/ph/ros2_firstw/install/launchpkg/share/launchpkg/cmake/launchpkgConfig.cmake
-- Installing: /home/ph/ros2_firstw/install/launchpkg/share/launchpkg/cmake/launchpkgConfig-version.cmake
-- Installing: /home/ph/ros2_firstw/install/launchpkg/share/launchpkg/package.xml
