[0.047s] Invoking command in '/home/ph/ros2_firstw/build/launchpkg': CMAKE_PREFIX_PATH=${CMAKE_PREFIX_PATH}:/opt/ros/humble /usr/bin/cmake /home/ph/ros2_firstw/src/launchpkg -DCMAKE_INSTALL_PREFIX=/home/ph/ros2_firstw/install/launchpkg
[0.077s] -- Found ament_cmake: 1.3.12 (/opt/ros/humble/share/ament_cmake/cmake)
[0.553s] -- Found ament_lint_auto: 0.12.14 (/opt/ros/humble/share/ament_lint_auto/cmake)
[0.797s] -- Added test 'lint_cmake' to check CMake code style
[0.800s] -- Added test 'xmllint' to check XML markup files
[0.803s] -- Configuring done
[0.808s] -- Generating done
[0.810s] -- Build files have been written to: /home/ph/ros2_firstw/build/launchpkg
[0.815s] Invoked command in '/home/ph/ros2_firstw/build/launchpkg' returned '0': CMAKE_PREFIX_PATH=${CMAKE_PREFIX_PATH}:/opt/ros/humble /usr/bin/cmake /home/ph/ros2_firstw/src/launchpkg -DCMAKE_INSTALL_PREFIX=/home/ph/ros2_firstw/install/launchpkg
[0.818s] Invoking command in '/home/ph/ros2_firstw/build/launchpkg': CMAKE_PREFIX_PATH=${CMAKE_PREFIX_PATH}:/opt/ros/humble /usr/bin/cmake --build /home/ph/ros2_firstw/build/launchpkg -- -j8 -l8
[0.883s] Invoked command in '/home/ph/ros2_firstw/build/launchpkg' returned '0': CMAKE_PREFIX_PATH=${CMAKE_PREFIX_PATH}:/opt/ros/humble /usr/bin/cmake --build /home/ph/ros2_firstw/build/launchpkg -- -j8 -l8
[0.886s] Invoking command in '/home/ph/ros2_firstw/build/launchpkg': CMAKE_PREFIX_PATH=${CMAKE_PREFIX_PATH}:/opt/ros/humble /usr/bin/cmake --install /home/ph/ros2_firstw/build/launchpkg
[0.899s] -- Install configuration: ""
[0.899s] -- Installing: /home/ph/ros2_firstw/install/launchpkg/share/ament_index/resource_index/package_run_dependencies/launchpkg
[0.899s] -- Installing: /home/ph/ros2_firstw/install/launchpkg/share/ament_index/resource_index/parent_prefix_path/launchpkg
[0.900s] -- Installing: /home/ph/ros2_firstw/install/launchpkg/share/launchpkg/environment/ament_prefix_path.sh
[0.900s] -- Installing: /home/ph/ros2_firstw/install/launchpkg/share/launchpkg/environment/ament_prefix_path.dsv
[0.900s] -- Installing: /home/ph/ros2_firstw/install/launchpkg/share/launchpkg/environment/path.sh
[0.900s] -- Installing: /home/ph/ros2_firstw/install/launchpkg/share/launchpkg/environment/path.dsv
[0.900s] -- Installing: /home/ph/ros2_firstw/install/launchpkg/share/launchpkg/local_setup.bash
[0.901s] -- Installing: /home/ph/ros2_firstw/install/launchpkg/share/launchpkg/local_setup.sh
[0.901s] -- Installing: /home/ph/ros2_firstw/install/launchpkg/share/launchpkg/local_setup.zsh
[0.901s] -- Installing: /home/ph/ros2_firstw/install/launchpkg/share/launchpkg/local_setup.dsv
[0.901s] -- Installing: /home/ph/ros2_firstw/install/launchpkg/share/launchpkg/package.dsv
[0.902s] -- Installing: /home/ph/ros2_firstw/install/launchpkg/share/ament_index/resource_index/packages/launchpkg
[0.902s] -- Installing: /home/ph/ros2_firstw/install/launchpkg/share/launchpkg/cmake/launchpkgConfig.cmake
[0.903s] -- Installing: /home/ph/ros2_firstw/install/launchpkg/share/launchpkg/cmake/launchpkgConfig-version.cmake
[0.903s] -- Installing: /home/ph/ros2_firstw/install/launchpkg/share/launchpkg/package.xml
[0.911s] Invoked command in '/home/ph/ros2_firstw/build/launchpkg' returned '0': CMAKE_PREFIX_PATH=${CMAKE_PREFIX_PATH}:/opt/ros/humble /usr/bin/cmake --install /home/ph/ros2_firstw/build/launchpkg
