[0.139s] DEBUG:colcon:Command line arguments: ['/usr/bin/colcon', 'build']
[0.139s] DEBUG:colcon:Parsed command line arguments: Namespace(log_base=None, log_level=None, verb_name='build', build_base='build', install_base='install', merge_install=False, symlink_install=False, test_result_base=None, continue_on_error=False, executor='parallel', parallel_workers=8, event_handlers=None, ignore_user_meta=False, metas=['./colcon.meta'], base_paths=['.'], packages_ignore=None, packages_ignore_regex=None, paths=None, packages_up_to=None, packages_up_to_regex=None, packages_above=None, packages_above_and_dependencies=None, packages_above_depth=None, packages_select_by_dep=None, packages_skip_by_dep=None, packages_skip_up_to=None, packages_select_build_failed=False, packages_skip_build_finished=False, packages_select_test_failures=False, packages_skip_test_passed=False, packages_select=None, packages_skip=None, packages_select_regex=None, packages_skip_regex=None, packages_start=None, packages_end=None, allow_overriding=[], cmake_args=None, cmake_target=None, cmake_target_skip_unavailable=False, cmake_clean_cache=False, cmake_clean_first=False, cmake_force_configure=False, ament_cmake_args=None, catkin_cmake_args=None, catkin_skip_building_tests=False, mixin_files=None, mixin=None, verb_parser=<colcon_mixin.mixin.mixin_argument.MixinArgumentDecorator object at 0x74026046ee60>, verb_extension=<colcon_core.verb.build.BuildVerb object at 0x74026046e470>, main=<bound method BuildVerb.main of <colcon_core.verb.build.BuildVerb object at 0x74026046e470>>, mixin_verb=('build',))
[0.355s] Level 1:colcon.colcon_core.package_discovery:discover_packages(colcon_meta) check parameters
[0.355s] Level 1:colcon.colcon_core.package_discovery:discover_packages(recursive) check parameters
[0.355s] Level 1:colcon.colcon_core.package_discovery:discover_packages(ignore) check parameters
[0.355s] Level 1:colcon.colcon_core.package_discovery:discover_packages(path) check parameters
[0.355s] Level 1:colcon.colcon_core.package_discovery:discover_packages(colcon_meta) discover
[0.355s] Level 1:colcon.colcon_core.package_discovery:discover_packages(recursive) discover
[0.355s] INFO:colcon.colcon_core.package_discovery:Crawling recursively for packages in '/home/ph/fourth_ws'
[0.355s] Level 1:colcon.colcon_core.package_identification:_identify(.) by extensions ['ignore', 'ignore_ament_install']
[0.355s] Level 1:colcon.colcon_core.package_identification:_identify(.) by extension 'ignore'
[0.355s] Level 1:colcon.colcon_core.package_identification:_identify(.) by extension 'ignore_ament_install'
[0.355s] Level 1:colcon.colcon_core.package_identification:_identify(.) by extensions ['colcon_pkg']
[0.355s] Level 1:colcon.colcon_core.package_identification:_identify(.) by extension 'colcon_pkg'
[0.355s] Level 1:colcon.colcon_core.package_identification:_identify(.) by extensions ['colcon_meta']
[0.355s] Level 1:colcon.colcon_core.package_identification:_identify(.) by extension 'colcon_meta'
[0.355s] Level 1:colcon.colcon_core.package_identification:_identify(.) by extensions ['ros']
[0.355s] Level 1:colcon.colcon_core.package_identification:_identify(.) by extension 'ros'
[0.369s] Level 1:colcon.colcon_core.package_identification:_identify(.) by extensions ['cmake', 'python']
[0.369s] Level 1:colcon.colcon_core.package_identification:_identify(.) by extension 'cmake'
[0.369s] Level 1:colcon.colcon_core.package_identification:_identify(.) by extension 'python'
[0.369s] Level 1:colcon.colcon_core.package_identification:_identify(.) by extensions ['python_setup_py']
[0.369s] Level 1:colcon.colcon_core.package_identification:_identify(.) by extension 'python_setup_py'
[0.369s] Level 1:colcon.colcon_core.package_identification:_identify(build) by extensions ['ignore', 'ignore_ament_install']
[0.369s] Level 1:colcon.colcon_core.package_identification:_identify(build) by extension 'ignore'
[0.369s] Level 1:colcon.colcon_core.package_identification:_identify(build) ignored
[0.369s] Level 1:colcon.colcon_core.package_identification:_identify(install) by extensions ['ignore', 'ignore_ament_install']
[0.369s] Level 1:colcon.colcon_core.package_identification:_identify(install) by extension 'ignore'
[0.369s] Level 1:colcon.colcon_core.package_identification:_identify(install) ignored
[0.370s] Level 1:colcon.colcon_core.package_identification:_identify(log) by extensions ['ignore', 'ignore_ament_install']
[0.370s] Level 1:colcon.colcon_core.package_identification:_identify(log) by extension 'ignore'
[0.370s] Level 1:colcon.colcon_core.package_identification:_identify(log) ignored
[0.370s] Level 1:colcon.colcon_core.package_identification:_identify(src) by extensions ['ignore', 'ignore_ament_install']
[0.370s] Level 1:colcon.colcon_core.package_identification:_identify(src) by extension 'ignore'
[0.370s] Level 1:colcon.colcon_core.package_identification:_identify(src) by extension 'ignore_ament_install'
[0.370s] Level 1:colcon.colcon_core.package_identification:_identify(src) by extensions ['colcon_pkg']
[0.370s] Level 1:colcon.colcon_core.package_identification:_identify(src) by extension 'colcon_pkg'
[0.370s] Level 1:colcon.colcon_core.package_identification:_identify(src) by extensions ['colcon_meta']
[0.370s] Level 1:colcon.colcon_core.package_identification:_identify(src) by extension 'colcon_meta'
[0.370s] Level 1:colcon.colcon_core.package_identification:_identify(src) by extensions ['ros']
[0.370s] Level 1:colcon.colcon_core.package_identification:_identify(src) by extension 'ros'
[0.370s] Level 1:colcon.colcon_core.package_identification:_identify(src) by extensions ['cmake', 'python']
[0.370s] Level 1:colcon.colcon_core.package_identification:_identify(src) by extension 'cmake'
[0.370s] Level 1:colcon.colcon_core.package_identification:_identify(src) by extension 'python'
[0.370s] Level 1:colcon.colcon_core.package_identification:_identify(src) by extensions ['python_setup_py']
[0.370s] Level 1:colcon.colcon_core.package_identification:_identify(src) by extension 'python_setup_py'
[0.370s] Level 1:colcon.colcon_core.package_identification:_identify(src/urdf_launch) by extensions ['ignore', 'ignore_ament_install']
[0.371s] Level 1:colcon.colcon_core.package_identification:_identify(src/urdf_launch) by extension 'ignore'
[0.371s] Level 1:colcon.colcon_core.package_identification:_identify(src/urdf_launch) by extension 'ignore_ament_install'
[0.371s] Level 1:colcon.colcon_core.package_identification:_identify(src/urdf_launch) by extensions ['colcon_pkg']
[0.371s] Level 1:colcon.colcon_core.package_identification:_identify(src/urdf_launch) by extension 'colcon_pkg'
[0.371s] Level 1:colcon.colcon_core.package_identification:_identify(src/urdf_launch) by extensions ['colcon_meta']
[0.371s] Level 1:colcon.colcon_core.package_identification:_identify(src/urdf_launch) by extension 'colcon_meta'
[0.371s] Level 1:colcon.colcon_core.package_identification:_identify(src/urdf_launch) by extensions ['ros']
[0.371s] Level 1:colcon.colcon_core.package_identification:_identify(src/urdf_launch) by extension 'ros'
[0.374s] DEBUG:colcon.colcon_core.package_identification:Package 'src/urdf_launch' with type 'ros.ament_cmake' and name 'urdf_launch'
[0.374s] Level 1:colcon.colcon_core.package_identification:_identify(src/urdf_sim_tutorial) by extensions ['ignore', 'ignore_ament_install']
[0.374s] Level 1:colcon.colcon_core.package_identification:_identify(src/urdf_sim_tutorial) by extension 'ignore'
[0.374s] Level 1:colcon.colcon_core.package_identification:_identify(src/urdf_sim_tutorial) by extension 'ignore_ament_install'
[0.374s] Level 1:colcon.colcon_core.package_identification:_identify(src/urdf_sim_tutorial) by extensions ['colcon_pkg']
[0.374s] Level 1:colcon.colcon_core.package_identification:_identify(src/urdf_sim_tutorial) by extension 'colcon_pkg'
[0.374s] Level 1:colcon.colcon_core.package_identification:_identify(src/urdf_sim_tutorial) by extensions ['colcon_meta']
[0.374s] Level 1:colcon.colcon_core.package_identification:_identify(src/urdf_sim_tutorial) by extension 'colcon_meta'
[0.374s] Level 1:colcon.colcon_core.package_identification:_identify(src/urdf_sim_tutorial) by extensions ['ros']
[0.374s] Level 1:colcon.colcon_core.package_identification:_identify(src/urdf_sim_tutorial) by extension 'ros'
[0.389s] DEBUG:colcon.colcon_core.package_identification:Package 'src/urdf_sim_tutorial' with type 'ros.ament_cmake' and name 'urdf_sim_tutorial'
[0.389s] Level 1:colcon.colcon_core.package_identification:_identify(src/urdf_tutorial) by extensions ['ignore', 'ignore_ament_install']
[0.389s] Level 1:colcon.colcon_core.package_identification:_identify(src/urdf_tutorial) by extension 'ignore'
[0.390s] Level 1:colcon.colcon_core.package_identification:_identify(src/urdf_tutorial) by extension 'ignore_ament_install'
[0.390s] Level 1:colcon.colcon_core.package_identification:_identify(src/urdf_tutorial) by extensions ['colcon_pkg']
[0.390s] Level 1:colcon.colcon_core.package_identification:_identify(src/urdf_tutorial) by extension 'colcon_pkg'
[0.390s] Level 1:colcon.colcon_core.package_identification:_identify(src/urdf_tutorial) by extensions ['colcon_meta']
[0.390s] Level 1:colcon.colcon_core.package_identification:_identify(src/urdf_tutorial) by extension 'colcon_meta'
[0.390s] Level 1:colcon.colcon_core.package_identification:_identify(src/urdf_tutorial) by extensions ['ros']
[0.390s] Level 1:colcon.colcon_core.package_identification:_identify(src/urdf_tutorial) by extension 'ros'
[0.390s] DEBUG:colcon.colcon_core.package_identification:Package 'src/urdf_tutorial' with type 'ros.ament_cmake' and name 'urdf_tutorial'
[0.390s] Level 1:colcon.colcon_core.package_discovery:discover_packages(recursive) using defaults
[0.391s] Level 1:colcon.colcon_core.package_discovery:discover_packages(ignore) discover
[0.391s] Level 1:colcon.colcon_core.package_discovery:discover_packages(ignore) using defaults
[0.391s] Level 1:colcon.colcon_core.package_discovery:discover_packages(path) discover
[0.391s] Level 1:colcon.colcon_core.package_discovery:discover_packages(path) using defaults
[0.413s] Level 1:colcon.colcon_core.package_discovery:discover_packages(prefix_path) check parameters
[0.413s] Level 1:colcon.colcon_core.package_discovery:discover_packages(prefix_path) discover
[0.414s] DEBUG:colcon.colcon_installed_package_information.package_discovery:Found 3 installed packages in /home/ph/fourth_ws/install
[0.416s] DEBUG:colcon.colcon_installed_package_information.package_discovery:Found 336 installed packages in /opt/ros/humble
[0.419s] Level 1:colcon.colcon_core.package_discovery:discover_packages(prefix_path) using defaults
[0.472s] Level 5:colcon.colcon_core.verb:set package 'urdf_launch' build argument 'cmake_args' from command line to 'None'
[0.472s] Level 5:colcon.colcon_core.verb:set package 'urdf_launch' build argument 'cmake_target' from command line to 'None'
[0.472s] Level 5:colcon.colcon_core.verb:set package 'urdf_launch' build argument 'cmake_target_skip_unavailable' from command line to 'False'
[0.472s] Level 5:colcon.colcon_core.verb:set package 'urdf_launch' build argument 'cmake_clean_cache' from command line to 'False'
[0.472s] Level 5:colcon.colcon_core.verb:set package 'urdf_launch' build argument 'cmake_clean_first' from command line to 'False'
[0.472s] Level 5:colcon.colcon_core.verb:set package 'urdf_launch' build argument 'cmake_force_configure' from command line to 'False'
[0.472s] Level 5:colcon.colcon_core.verb:set package 'urdf_launch' build argument 'ament_cmake_args' from command line to 'None'
[0.472s] Level 5:colcon.colcon_core.verb:set package 'urdf_launch' build argument 'catkin_cmake_args' from command line to 'None'
[0.472s] Level 5:colcon.colcon_core.verb:set package 'urdf_launch' build argument 'catkin_skip_building_tests' from command line to 'False'
[0.472s] DEBUG:colcon.colcon_core.verb:Building package 'urdf_launch' with the following arguments: {'ament_cmake_args': None, 'build_base': '/home/ph/fourth_ws/build/urdf_launch', 'catkin_cmake_args': None, 'catkin_skip_building_tests': False, 'cmake_args': None, 'cmake_clean_cache': False, 'cmake_clean_first': False, 'cmake_force_configure': False, 'cmake_target': None, 'cmake_target_skip_unavailable': False, 'install_base': '/home/ph/fourth_ws/install/urdf_launch', 'merge_install': False, 'path': '/home/ph/fourth_ws/src/urdf_launch', 'symlink_install': False, 'test_result_base': None}
[0.472s] Level 5:colcon.colcon_core.verb:set package 'urdf_tutorial' build argument 'cmake_args' from command line to 'None'
[0.472s] Level 5:colcon.colcon_core.verb:set package 'urdf_tutorial' build argument 'cmake_target' from command line to 'None'
[0.473s] Level 5:colcon.colcon_core.verb:set package 'urdf_tutorial' build argument 'cmake_target_skip_unavailable' from command line to 'False'
[0.473s] Level 5:colcon.colcon_core.verb:set package 'urdf_tutorial' build argument 'cmake_clean_cache' from command line to 'False'
[0.473s] Level 5:colcon.colcon_core.verb:set package 'urdf_tutorial' build argument 'cmake_clean_first' from command line to 'False'
[0.473s] Level 5:colcon.colcon_core.verb:set package 'urdf_tutorial' build argument 'cmake_force_configure' from command line to 'False'
[0.473s] Level 5:colcon.colcon_core.verb:set package 'urdf_tutorial' build argument 'ament_cmake_args' from command line to 'None'
[0.473s] Level 5:colcon.colcon_core.verb:set package 'urdf_tutorial' build argument 'catkin_cmake_args' from command line to 'None'
[0.473s] Level 5:colcon.colcon_core.verb:set package 'urdf_tutorial' build argument 'catkin_skip_building_tests' from command line to 'False'
[0.473s] DEBUG:colcon.colcon_core.verb:Building package 'urdf_tutorial' with the following arguments: {'ament_cmake_args': None, 'build_base': '/home/ph/fourth_ws/build/urdf_tutorial', 'catkin_cmake_args': None, 'catkin_skip_building_tests': False, 'cmake_args': None, 'cmake_clean_cache': False, 'cmake_clean_first': False, 'cmake_force_configure': False, 'cmake_target': None, 'cmake_target_skip_unavailable': False, 'install_base': '/home/ph/fourth_ws/install/urdf_tutorial', 'merge_install': False, 'path': '/home/ph/fourth_ws/src/urdf_tutorial', 'symlink_install': False, 'test_result_base': None}
[0.473s] Level 5:colcon.colcon_core.verb:set package 'urdf_sim_tutorial' build argument 'cmake_args' from command line to 'None'
[0.473s] Level 5:colcon.colcon_core.verb:set package 'urdf_sim_tutorial' build argument 'cmake_target' from command line to 'None'
[0.473s] Level 5:colcon.colcon_core.verb:set package 'urdf_sim_tutorial' build argument 'cmake_target_skip_unavailable' from command line to 'False'
[0.473s] Level 5:colcon.colcon_core.verb:set package 'urdf_sim_tutorial' build argument 'cmake_clean_cache' from command line to 'False'
[0.473s] Level 5:colcon.colcon_core.verb:set package 'urdf_sim_tutorial' build argument 'cmake_clean_first' from command line to 'False'
[0.473s] Level 5:colcon.colcon_core.verb:set package 'urdf_sim_tutorial' build argument 'cmake_force_configure' from command line to 'False'
[0.473s] Level 5:colcon.colcon_core.verb:set package 'urdf_sim_tutorial' build argument 'ament_cmake_args' from command line to 'None'
[0.473s] Level 5:colcon.colcon_core.verb:set package 'urdf_sim_tutorial' build argument 'catkin_cmake_args' from command line to 'None'
[0.473s] Level 5:colcon.colcon_core.verb:set package 'urdf_sim_tutorial' build argument 'catkin_skip_building_tests' from command line to 'False'
[0.473s] DEBUG:colcon.colcon_core.verb:Building package 'urdf_sim_tutorial' with the following arguments: {'ament_cmake_args': None, 'build_base': '/home/ph/fourth_ws/build/urdf_sim_tutorial', 'catkin_cmake_args': None, 'catkin_skip_building_tests': False, 'cmake_args': None, 'cmake_clean_cache': False, 'cmake_clean_first': False, 'cmake_force_configure': False, 'cmake_target': None, 'cmake_target_skip_unavailable': False, 'install_base': '/home/ph/fourth_ws/install/urdf_sim_tutorial', 'merge_install': False, 'path': '/home/ph/fourth_ws/src/urdf_sim_tutorial', 'symlink_install': False, 'test_result_base': None}
[0.473s] INFO:colcon.colcon_core.executor:Executing jobs using 'parallel' executor
[0.475s] DEBUG:colcon.colcon_parallel_executor.executor.parallel:run_until_complete
[0.475s] INFO:colcon.colcon_ros.task.ament_cmake.build:Building ROS package in '/home/ph/fourth_ws/src/urdf_launch' with build type 'ament_cmake'
[0.475s] INFO:colcon.colcon_cmake.task.cmake.build:Building CMake package in '/home/ph/fourth_ws/src/urdf_launch'
[0.477s] INFO:colcon.colcon_core.plugin_system:Skipping extension 'colcon_core.shell.bat': Not used on non-Windows systems
[0.478s] INFO:colcon.colcon_core.shell:Skip shell extension 'powershell' for command environment: Not usable outside of PowerShell
[0.478s] DEBUG:colcon.colcon_core.shell:Skip shell extension 'dsv' for command environment
[0.493s] DEBUG:colcon.colcon_core.event_handler.log_command:Invoking command in '/home/ph/fourth_ws/build/urdf_launch': CMAKE_PREFIX_PATH=/opt/ros/humble:${CMAKE_PREFIX_PATH} /usr/bin/cmake --build /home/ph/fourth_ws/build/urdf_launch -- -j8 -l8
[0.551s] DEBUG:colcon.colcon_core.event_handler.log_command:Invoked command in '/home/ph/fourth_ws/build/urdf_launch' returned '0': CMAKE_PREFIX_PATH=/opt/ros/humble:${CMAKE_PREFIX_PATH} /usr/bin/cmake --build /home/ph/fourth_ws/build/urdf_launch -- -j8 -l8
[0.568s] DEBUG:colcon.colcon_core.event_handler.log_command:Invoking command in '/home/ph/fourth_ws/build/urdf_launch': CMAKE_PREFIX_PATH=/opt/ros/humble:${CMAKE_PREFIX_PATH} /usr/bin/cmake --install /home/ph/fourth_ws/build/urdf_launch
[0.583s] Level 1:colcon.colcon_core.environment:create_environment_scripts_only(urdf_launch)
[0.584s] DEBUG:colcon.colcon_core.event_handler.log_command:Invoked command in '/home/ph/fourth_ws/build/urdf_launch' returned '0': CMAKE_PREFIX_PATH=/opt/ros/humble:${CMAKE_PREFIX_PATH} /usr/bin/cmake --install /home/ph/fourth_ws/build/urdf_launch
[0.587s] Level 1:colcon.colcon_core.environment:checking '/home/ph/fourth_ws/install/urdf_launch' for CMake module files
[0.587s] Level 1:colcon.colcon_core.environment:checking '/home/ph/fourth_ws/install/urdf_launch' for CMake config files
[0.588s] Level 1:colcon.colcon_core.shell:create_environment_hook('urdf_launch', 'cmake_prefix_path')
[0.588s] INFO:colcon.colcon_core.shell:Creating environment hook '/home/ph/fourth_ws/install/urdf_launch/share/urdf_launch/hook/cmake_prefix_path.ps1'
[0.589s] INFO:colcon.colcon_core.shell:Creating environment descriptor '/home/ph/fourth_ws/install/urdf_launch/share/urdf_launch/hook/cmake_prefix_path.dsv'
[0.590s] INFO:colcon.colcon_core.shell:Creating environment hook '/home/ph/fourth_ws/install/urdf_launch/share/urdf_launch/hook/cmake_prefix_path.sh'
[0.591s] Level 1:colcon.colcon_core.environment:checking '/home/ph/fourth_ws/install/urdf_launch/bin'
[0.591s] Level 1:colcon.colcon_core.environment:checking '/home/ph/fourth_ws/install/urdf_launch/lib/pkgconfig/urdf_launch.pc'
[0.591s] Level 1:colcon.colcon_core.environment:checking '/home/ph/fourth_ws/install/urdf_launch/lib/python3.10/site-packages'
[0.592s] Level 1:colcon.colcon_core.environment:checking '/home/ph/fourth_ws/install/urdf_launch/bin'
[0.592s] INFO:colcon.colcon_core.shell:Creating package script '/home/ph/fourth_ws/install/urdf_launch/share/urdf_launch/package.ps1'
[0.593s] INFO:colcon.colcon_core.shell:Creating package descriptor '/home/ph/fourth_ws/install/urdf_launch/share/urdf_launch/package.dsv'
[0.594s] INFO:colcon.colcon_core.shell:Creating package script '/home/ph/fourth_ws/install/urdf_launch/share/urdf_launch/package.sh'
[0.595s] INFO:colcon.colcon_core.shell:Creating package script '/home/ph/fourth_ws/install/urdf_launch/share/urdf_launch/package.bash'
[0.596s] INFO:colcon.colcon_core.shell:Creating package script '/home/ph/fourth_ws/install/urdf_launch/share/urdf_launch/package.zsh'
[0.597s] Level 1:colcon.colcon_core.environment:create_file_with_runtime_dependencies(/home/ph/fourth_ws/install/urdf_launch/share/colcon-core/packages/urdf_launch)
[0.598s] Level 1:colcon.colcon_core.environment:create_environment_scripts_only(urdf_launch)
[0.599s] Level 1:colcon.colcon_core.environment:checking '/home/ph/fourth_ws/install/urdf_launch' for CMake module files
[0.600s] Level 1:colcon.colcon_core.environment:checking '/home/ph/fourth_ws/install/urdf_launch' for CMake config files
[0.600s] Level 1:colcon.colcon_core.shell:create_environment_hook('urdf_launch', 'cmake_prefix_path')
[0.601s] INFO:colcon.colcon_core.shell:Creating environment hook '/home/ph/fourth_ws/install/urdf_launch/share/urdf_launch/hook/cmake_prefix_path.ps1'
[0.602s] INFO:colcon.colcon_core.shell:Creating environment descriptor '/home/ph/fourth_ws/install/urdf_launch/share/urdf_launch/hook/cmake_prefix_path.dsv'
[0.603s] INFO:colcon.colcon_core.shell:Creating environment hook '/home/ph/fourth_ws/install/urdf_launch/share/urdf_launch/hook/cmake_prefix_path.sh'
[0.604s] Level 1:colcon.colcon_core.environment:checking '/home/ph/fourth_ws/install/urdf_launch/bin'
[0.605s] Level 1:colcon.colcon_core.environment:checking '/home/ph/fourth_ws/install/urdf_launch/lib/pkgconfig/urdf_launch.pc'
[0.605s] Level 1:colcon.colcon_core.environment:checking '/home/ph/fourth_ws/install/urdf_launch/lib/python3.10/site-packages'
[0.606s] Level 1:colcon.colcon_core.environment:checking '/home/ph/fourth_ws/install/urdf_launch/bin'
[0.607s] INFO:colcon.colcon_core.shell:Creating package script '/home/ph/fourth_ws/install/urdf_launch/share/urdf_launch/package.ps1'
[0.608s] INFO:colcon.colcon_core.shell:Creating package descriptor '/home/ph/fourth_ws/install/urdf_launch/share/urdf_launch/package.dsv'
[0.609s] INFO:colcon.colcon_core.shell:Creating package script '/home/ph/fourth_ws/install/urdf_launch/share/urdf_launch/package.sh'
[0.610s] INFO:colcon.colcon_core.shell:Creating package script '/home/ph/fourth_ws/install/urdf_launch/share/urdf_launch/package.bash'
[0.612s] INFO:colcon.colcon_core.shell:Creating package script '/home/ph/fourth_ws/install/urdf_launch/share/urdf_launch/package.zsh'
[0.613s] Level 1:colcon.colcon_core.environment:create_file_with_runtime_dependencies(/home/ph/fourth_ws/install/urdf_launch/share/colcon-core/packages/urdf_launch)
[0.614s] INFO:colcon.colcon_ros.task.ament_cmake.build:Building ROS package in '/home/ph/fourth_ws/src/urdf_tutorial' with build type 'ament_cmake'
[0.614s] INFO:colcon.colcon_cmake.task.cmake.build:Building CMake package in '/home/ph/fourth_ws/src/urdf_tutorial'
[0.615s] INFO:colcon.colcon_core.shell:Skip shell extension 'powershell' for command environment: Not usable outside of PowerShell
[0.615s] DEBUG:colcon.colcon_core.shell:Skip shell extension 'dsv' for command environment
[0.632s] DEBUG:colcon.colcon_core.event_handler.log_command:Invoking command in '/home/ph/fourth_ws/build/urdf_tutorial': AMENT_PREFIX_PATH=/home/ph/fourth_ws/install/urdf_launch:${AMENT_PREFIX_PATH} CMAKE_PREFIX_PATH=/home/ph/fourth_ws/install/urdf_launch:/opt/ros/humble:${CMAKE_PREFIX_PATH} /usr/bin/cmake --build /home/ph/fourth_ws/build/urdf_tutorial -- -j8 -l8
[0.703s] DEBUG:colcon.colcon_core.event_handler.log_command:Invoked command in '/home/ph/fourth_ws/build/urdf_tutorial' returned '0': AMENT_PREFIX_PATH=/home/ph/fourth_ws/install/urdf_launch:${AMENT_PREFIX_PATH} CMAKE_PREFIX_PATH=/home/ph/fourth_ws/install/urdf_launch:/opt/ros/humble:${CMAKE_PREFIX_PATH} /usr/bin/cmake --build /home/ph/fourth_ws/build/urdf_tutorial -- -j8 -l8
[0.707s] DEBUG:colcon.colcon_core.event_handler.log_command:Invoking command in '/home/ph/fourth_ws/build/urdf_tutorial': AMENT_PREFIX_PATH=/home/ph/fourth_ws/install/urdf_launch:${AMENT_PREFIX_PATH} CMAKE_PREFIX_PATH=/home/ph/fourth_ws/install/urdf_launch:/opt/ros/humble:${CMAKE_PREFIX_PATH} /usr/bin/cmake --install /home/ph/fourth_ws/build/urdf_tutorial
[0.733s] Level 1:colcon.colcon_core.environment:create_environment_scripts_only(urdf_tutorial)
[0.734s] Level 1:colcon.colcon_core.environment:checking '/home/ph/fourth_ws/install/urdf_tutorial' for CMake module files
[0.737s] DEBUG:colcon.colcon_core.event_handler.log_command:Invoked command in '/home/ph/fourth_ws/build/urdf_tutorial' returned '0': AMENT_PREFIX_PATH=/home/ph/fourth_ws/install/urdf_launch:${AMENT_PREFIX_PATH} CMAKE_PREFIX_PATH=/home/ph/fourth_ws/install/urdf_launch:/opt/ros/humble:${CMAKE_PREFIX_PATH} /usr/bin/cmake --install /home/ph/fourth_ws/build/urdf_tutorial
[0.738s] Level 1:colcon.colcon_core.environment:checking '/home/ph/fourth_ws/install/urdf_tutorial' for CMake config files
[0.738s] Level 1:colcon.colcon_core.shell:create_environment_hook('urdf_tutorial', 'cmake_prefix_path')
[0.739s] INFO:colcon.colcon_core.shell:Creating environment hook '/home/ph/fourth_ws/install/urdf_tutorial/share/urdf_tutorial/hook/cmake_prefix_path.ps1'
[0.740s] INFO:colcon.colcon_core.shell:Creating environment descriptor '/home/ph/fourth_ws/install/urdf_tutorial/share/urdf_tutorial/hook/cmake_prefix_path.dsv'
[0.741s] INFO:colcon.colcon_core.shell:Creating environment hook '/home/ph/fourth_ws/install/urdf_tutorial/share/urdf_tutorial/hook/cmake_prefix_path.sh'
[0.742s] Level 1:colcon.colcon_core.environment:checking '/home/ph/fourth_ws/install/urdf_tutorial/bin'
[0.742s] Level 1:colcon.colcon_core.environment:checking '/home/ph/fourth_ws/install/urdf_tutorial/lib/pkgconfig/urdf_tutorial.pc'
[0.742s] Level 1:colcon.colcon_core.environment:checking '/home/ph/fourth_ws/install/urdf_tutorial/lib/python3.10/site-packages'
[0.743s] Level 1:colcon.colcon_core.environment:checking '/home/ph/fourth_ws/install/urdf_tutorial/bin'
[0.743s] INFO:colcon.colcon_core.shell:Creating package script '/home/ph/fourth_ws/install/urdf_tutorial/share/urdf_tutorial/package.ps1'
[0.744s] INFO:colcon.colcon_core.shell:Creating package descriptor '/home/ph/fourth_ws/install/urdf_tutorial/share/urdf_tutorial/package.dsv'
[0.745s] INFO:colcon.colcon_core.shell:Creating package script '/home/ph/fourth_ws/install/urdf_tutorial/share/urdf_tutorial/package.sh'
[0.745s] INFO:colcon.colcon_core.shell:Creating package script '/home/ph/fourth_ws/install/urdf_tutorial/share/urdf_tutorial/package.bash'
[0.746s] INFO:colcon.colcon_core.shell:Creating package script '/home/ph/fourth_ws/install/urdf_tutorial/share/urdf_tutorial/package.zsh'
[0.746s] Level 1:colcon.colcon_core.environment:create_file_with_runtime_dependencies(/home/ph/fourth_ws/install/urdf_tutorial/share/colcon-core/packages/urdf_tutorial)
[0.747s] Level 1:colcon.colcon_core.environment:create_environment_scripts_only(urdf_tutorial)
[0.747s] Level 1:colcon.colcon_core.environment:checking '/home/ph/fourth_ws/install/urdf_tutorial' for CMake module files
[0.748s] Level 1:colcon.colcon_core.environment:checking '/home/ph/fourth_ws/install/urdf_tutorial' for CMake config files
[0.748s] Level 1:colcon.colcon_core.shell:create_environment_hook('urdf_tutorial', 'cmake_prefix_path')
[0.748s] INFO:colcon.colcon_core.shell:Creating environment hook '/home/ph/fourth_ws/install/urdf_tutorial/share/urdf_tutorial/hook/cmake_prefix_path.ps1'
[0.749s] INFO:colcon.colcon_core.shell:Creating environment descriptor '/home/ph/fourth_ws/install/urdf_tutorial/share/urdf_tutorial/hook/cmake_prefix_path.dsv'
[0.749s] INFO:colcon.colcon_core.shell:Creating environment hook '/home/ph/fourth_ws/install/urdf_tutorial/share/urdf_tutorial/hook/cmake_prefix_path.sh'
[0.750s] Level 1:colcon.colcon_core.environment:checking '/home/ph/fourth_ws/install/urdf_tutorial/bin'
[0.750s] Level 1:colcon.colcon_core.environment:checking '/home/ph/fourth_ws/install/urdf_tutorial/lib/pkgconfig/urdf_tutorial.pc'
[0.750s] Level 1:colcon.colcon_core.environment:checking '/home/ph/fourth_ws/install/urdf_tutorial/lib/python3.10/site-packages'
[0.750s] Level 1:colcon.colcon_core.environment:checking '/home/ph/fourth_ws/install/urdf_tutorial/bin'
[0.751s] INFO:colcon.colcon_core.shell:Creating package script '/home/ph/fourth_ws/install/urdf_tutorial/share/urdf_tutorial/package.ps1'
[0.751s] INFO:colcon.colcon_core.shell:Creating package descriptor '/home/ph/fourth_ws/install/urdf_tutorial/share/urdf_tutorial/package.dsv'
[0.752s] INFO:colcon.colcon_core.shell:Creating package script '/home/ph/fourth_ws/install/urdf_tutorial/share/urdf_tutorial/package.sh'
[0.752s] INFO:colcon.colcon_core.shell:Creating package script '/home/ph/fourth_ws/install/urdf_tutorial/share/urdf_tutorial/package.bash'
[0.753s] INFO:colcon.colcon_core.shell:Creating package script '/home/ph/fourth_ws/install/urdf_tutorial/share/urdf_tutorial/package.zsh'
[0.753s] Level 1:colcon.colcon_core.environment:create_file_with_runtime_dependencies(/home/ph/fourth_ws/install/urdf_tutorial/share/colcon-core/packages/urdf_tutorial)
[0.754s] INFO:colcon.colcon_ros.task.ament_cmake.build:Building ROS package in '/home/ph/fourth_ws/src/urdf_sim_tutorial' with build type 'ament_cmake'
[0.754s] INFO:colcon.colcon_cmake.task.cmake.build:Building CMake package in '/home/ph/fourth_ws/src/urdf_sim_tutorial'
[0.754s] INFO:colcon.colcon_core.shell:Skip shell extension 'powershell' for command environment: Not usable outside of PowerShell
[0.754s] DEBUG:colcon.colcon_core.shell:Skip shell extension 'dsv' for command environment
[0.770s] DEBUG:colcon.colcon_core.event_handler.log_command:Invoking command in '/home/ph/fourth_ws/build/urdf_sim_tutorial': AMENT_PREFIX_PATH=/home/ph/fourth_ws/install/urdf_launch:${AMENT_PREFIX_PATH} CMAKE_PREFIX_PATH=/opt/ros/humble:/home/ph/fourth_ws/install/urdf_tutorial:/home/ph/fourth_ws/install/urdf_launch /usr/bin/cmake /home/ph/fourth_ws/src/urdf_sim_tutorial -DCMAKE_INSTALL_PREFIX=/home/ph/fourth_ws/install/urdf_sim_tutorial
[1.201s] DEBUG:colcon.colcon_core.event_handler.log_command:Invoked command in '/home/ph/fourth_ws/build/urdf_sim_tutorial' returned '0': AMENT_PREFIX_PATH=/home/ph/fourth_ws/install/urdf_launch:${AMENT_PREFIX_PATH} CMAKE_PREFIX_PATH=/opt/ros/humble:/home/ph/fourth_ws/install/urdf_tutorial:/home/ph/fourth_ws/install/urdf_launch /usr/bin/cmake /home/ph/fourth_ws/src/urdf_sim_tutorial -DCMAKE_INSTALL_PREFIX=/home/ph/fourth_ws/install/urdf_sim_tutorial
[1.205s] DEBUG:colcon.colcon_core.event_handler.log_command:Invoking command in '/home/ph/fourth_ws/build/urdf_sim_tutorial': AMENT_PREFIX_PATH=/home/ph/fourth_ws/install/urdf_launch:${AMENT_PREFIX_PATH} CMAKE_PREFIX_PATH=/opt/ros/humble:/home/ph/fourth_ws/install/urdf_tutorial:/home/ph/fourth_ws/install/urdf_launch /usr/bin/cmake --build /home/ph/fourth_ws/build/urdf_sim_tutorial -- -j8 -l8
[1.286s] DEBUG:colcon.colcon_core.event_handler.log_command:Invoked command in '/home/ph/fourth_ws/build/urdf_sim_tutorial' returned '0': AMENT_PREFIX_PATH=/home/ph/fourth_ws/install/urdf_launch:${AMENT_PREFIX_PATH} CMAKE_PREFIX_PATH=/opt/ros/humble:/home/ph/fourth_ws/install/urdf_tutorial:/home/ph/fourth_ws/install/urdf_launch /usr/bin/cmake --build /home/ph/fourth_ws/build/urdf_sim_tutorial -- -j8 -l8
[1.289s] DEBUG:colcon.colcon_core.event_handler.log_command:Invoking command in '/home/ph/fourth_ws/build/urdf_sim_tutorial': AMENT_PREFIX_PATH=/home/ph/fourth_ws/install/urdf_launch:${AMENT_PREFIX_PATH} CMAKE_PREFIX_PATH=/opt/ros/humble:/home/ph/fourth_ws/install/urdf_tutorial:/home/ph/fourth_ws/install/urdf_launch /usr/bin/cmake --install /home/ph/fourth_ws/build/urdf_sim_tutorial
[1.311s] Level 1:colcon.colcon_core.environment:create_environment_scripts_only(urdf_sim_tutorial)
[1.312s] DEBUG:colcon.colcon_core.event_handler.log_command:Invoked command in '/home/ph/fourth_ws/build/urdf_sim_tutorial' returned '0': AMENT_PREFIX_PATH=/home/ph/fourth_ws/install/urdf_launch:${AMENT_PREFIX_PATH} CMAKE_PREFIX_PATH=/opt/ros/humble:/home/ph/fourth_ws/install/urdf_tutorial:/home/ph/fourth_ws/install/urdf_launch /usr/bin/cmake --install /home/ph/fourth_ws/build/urdf_sim_tutorial
[1.312s] Level 1:colcon.colcon_core.environment:checking '/home/ph/fourth_ws/install/urdf_sim_tutorial' for CMake module files
[1.314s] Level 1:colcon.colcon_core.environment:checking '/home/ph/fourth_ws/install/urdf_sim_tutorial' for CMake config files
[1.314s] Level 1:colcon.colcon_core.shell:create_environment_hook('urdf_sim_tutorial', 'cmake_prefix_path')
[1.315s] INFO:colcon.colcon_core.shell:Creating environment hook '/home/ph/fourth_ws/install/urdf_sim_tutorial/share/urdf_sim_tutorial/hook/cmake_prefix_path.ps1'
[1.316s] INFO:colcon.colcon_core.shell:Creating environment descriptor '/home/ph/fourth_ws/install/urdf_sim_tutorial/share/urdf_sim_tutorial/hook/cmake_prefix_path.dsv'
[1.316s] INFO:colcon.colcon_core.shell:Creating environment hook '/home/ph/fourth_ws/install/urdf_sim_tutorial/share/urdf_sim_tutorial/hook/cmake_prefix_path.sh'
[1.318s] Level 1:colcon.colcon_core.environment:checking '/home/ph/fourth_ws/install/urdf_sim_tutorial/bin'
[1.318s] Level 1:colcon.colcon_core.environment:checking '/home/ph/fourth_ws/install/urdf_sim_tutorial/lib/pkgconfig/urdf_sim_tutorial.pc'
[1.319s] Level 1:colcon.colcon_core.environment:checking '/home/ph/fourth_ws/install/urdf_sim_tutorial/lib/python3.10/site-packages'
[1.319s] Level 1:colcon.colcon_core.environment:checking '/home/ph/fourth_ws/install/urdf_sim_tutorial/bin'
[1.320s] INFO:colcon.colcon_core.shell:Creating package script '/home/ph/fourth_ws/install/urdf_sim_tutorial/share/urdf_sim_tutorial/package.ps1'
[1.320s] INFO:colcon.colcon_core.shell:Creating package descriptor '/home/ph/fourth_ws/install/urdf_sim_tutorial/share/urdf_sim_tutorial/package.dsv'
[1.321s] INFO:colcon.colcon_core.shell:Creating package script '/home/ph/fourth_ws/install/urdf_sim_tutorial/share/urdf_sim_tutorial/package.sh'
[1.321s] INFO:colcon.colcon_core.shell:Creating package script '/home/ph/fourth_ws/install/urdf_sim_tutorial/share/urdf_sim_tutorial/package.bash'
[1.322s] INFO:colcon.colcon_core.shell:Creating package script '/home/ph/fourth_ws/install/urdf_sim_tutorial/share/urdf_sim_tutorial/package.zsh'
[1.322s] Level 1:colcon.colcon_core.environment:create_file_with_runtime_dependencies(/home/ph/fourth_ws/install/urdf_sim_tutorial/share/colcon-core/packages/urdf_sim_tutorial)
[1.323s] Level 1:colcon.colcon_core.environment:create_environment_scripts_only(urdf_sim_tutorial)
[1.323s] Level 1:colcon.colcon_core.environment:checking '/home/ph/fourth_ws/install/urdf_sim_tutorial' for CMake module files
[1.324s] Level 1:colcon.colcon_core.environment:checking '/home/ph/fourth_ws/install/urdf_sim_tutorial' for CMake config files
[1.324s] Level 1:colcon.colcon_core.shell:create_environment_hook('urdf_sim_tutorial', 'cmake_prefix_path')
[1.324s] INFO:colcon.colcon_core.shell:Creating environment hook '/home/ph/fourth_ws/install/urdf_sim_tutorial/share/urdf_sim_tutorial/hook/cmake_prefix_path.ps1'
[1.325s] INFO:colcon.colcon_core.shell:Creating environment descriptor '/home/ph/fourth_ws/install/urdf_sim_tutorial/share/urdf_sim_tutorial/hook/cmake_prefix_path.dsv'
[1.325s] INFO:colcon.colcon_core.shell:Creating environment hook '/home/ph/fourth_ws/install/urdf_sim_tutorial/share/urdf_sim_tutorial/hook/cmake_prefix_path.sh'
[1.325s] Level 1:colcon.colcon_core.environment:checking '/home/ph/fourth_ws/install/urdf_sim_tutorial/bin'
[1.325s] Level 1:colcon.colcon_core.environment:checking '/home/ph/fourth_ws/install/urdf_sim_tutorial/lib/pkgconfig/urdf_sim_tutorial.pc'
[1.326s] Level 1:colcon.colcon_core.environment:checking '/home/ph/fourth_ws/install/urdf_sim_tutorial/lib/python3.10/site-packages'
[1.326s] Level 1:colcon.colcon_core.environment:checking '/home/ph/fourth_ws/install/urdf_sim_tutorial/bin'
[1.326s] INFO:colcon.colcon_core.shell:Creating package script '/home/ph/fourth_ws/install/urdf_sim_tutorial/share/urdf_sim_tutorial/package.ps1'
[1.327s] INFO:colcon.colcon_core.shell:Creating package descriptor '/home/ph/fourth_ws/install/urdf_sim_tutorial/share/urdf_sim_tutorial/package.dsv'
[1.327s] INFO:colcon.colcon_core.shell:Creating package script '/home/ph/fourth_ws/install/urdf_sim_tutorial/share/urdf_sim_tutorial/package.sh'
[1.328s] INFO:colcon.colcon_core.shell:Creating package script '/home/ph/fourth_ws/install/urdf_sim_tutorial/share/urdf_sim_tutorial/package.bash'
[1.328s] INFO:colcon.colcon_core.shell:Creating package script '/home/ph/fourth_ws/install/urdf_sim_tutorial/share/urdf_sim_tutorial/package.zsh'
[1.329s] Level 1:colcon.colcon_core.environment:create_file_with_runtime_dependencies(/home/ph/fourth_ws/install/urdf_sim_tutorial/share/colcon-core/packages/urdf_sim_tutorial)
[1.329s] DEBUG:colcon.colcon_parallel_executor.executor.parallel:closing loop
[1.329s] DEBUG:colcon.colcon_parallel_executor.executor.parallel:loop closed
[1.329s] DEBUG:colcon.colcon_parallel_executor.executor.parallel:run_until_complete finished with '0'
[1.330s] DEBUG:colcon.colcon_core.event_reactor:joining thread
[1.341s] INFO:colcon.colcon_core.plugin_system:Skipping extension 'colcon_notification.desktop_notification.terminal_notifier': Not used on non-Darwin systems
[1.341s] INFO:colcon.colcon_core.plugin_system:Skipping extension 'colcon_notification.desktop_notification.win32': Not used on non-Windows systems
[1.341s] INFO:colcon.colcon_notification.desktop_notification:Sending desktop notification using 'notify2'
[1.359s] DEBUG:colcon.colcon_core.event_reactor:joined thread
[1.359s] INFO:colcon.colcon_core.shell:Creating prefix script '/home/ph/fourth_ws/install/local_setup.ps1'
[1.362s] INFO:colcon.colcon_core.shell:Creating prefix util module '/home/ph/fourth_ws/install/_local_setup_util_ps1.py'
[1.367s] INFO:colcon.colcon_core.shell:Creating prefix chain script '/home/ph/fourth_ws/install/setup.ps1'
[1.370s] INFO:colcon.colcon_core.shell:Creating prefix script '/home/ph/fourth_ws/install/local_setup.sh'
[1.372s] INFO:colcon.colcon_core.shell:Creating prefix util module '/home/ph/fourth_ws/install/_local_setup_util_sh.py'
[1.373s] INFO:colcon.colcon_core.shell:Creating prefix chain script '/home/ph/fourth_ws/install/setup.sh'
[1.376s] INFO:colcon.colcon_core.shell:Creating prefix script '/home/ph/fourth_ws/install/local_setup.bash'
[1.377s] INFO:colcon.colcon_core.shell:Creating prefix chain script '/home/ph/fourth_ws/install/setup.bash'
[1.380s] INFO:colcon.colcon_core.shell:Creating prefix script '/home/ph/fourth_ws/install/local_setup.zsh'
[1.381s] INFO:colcon.colcon_core.shell:Creating prefix chain script '/home/ph/fourth_ws/install/setup.zsh'
