[0.041s] Invoking command in '/home/ph/ros2_firstw/build/more_interfaces': CMAKE_PREFIX_PATH=${CMAKE_PREFIX_PATH}:/opt/ros/humble /usr/bin/cmake --build /home/ph/ros2_firstw/build/more_interfaces -- -j8 -l8
[0.167s] [  9%] Built target more_interfaces__rosidl_generator_c
[0.184s] [ 12%] Built target more_interfaces__cpp
[0.204s] [ 12%] Built target ament_cmake_python_copy_more_interfaces
[0.323s] [ 21%] Built target more_interfaces__rosidl_typesupport_fastrtps_c
[0.325s] [ 30%] Built target more_interfaces__rosidl_typesupport_fastrtps_cpp
[0.345s] [ 39%] Built target more_interfaces__rosidl_typesupport_introspection_c
[0.366s] [ 48%] Built target more_interfaces__rosidl_typesupport_cpp
[0.366s] [ 57%] Built target more_interfaces__rosidl_typesupport_c
[0.367s] [ 66%] Built target more_interfaces__rosidl_typesupport_introspection_cpp
[0.445s] [ 66%] Built target more_interfaces
[0.457s] [ 72%] Built target publish_address_book
[0.512s] [ 75%] Built target more_interfaces__py
[0.589s] [ 81%] Built target more_interfaces__rosidl_generator_py
[0.662s] [ 87%] Built target more_interfaces__rosidl_typesupport_fastrtps_c__pyext
[0.683s] [ 93%] Built target more_interfaces__rosidl_typesupport_c__pyext
[0.685s] [100%] Built target more_interfaces__rosidl_typesupport_introspection_c__pyext
[0.904s] running egg_info
[0.905s] writing more_interfaces.egg-info/PKG-INFO
[0.905s] writing dependency_links to more_interfaces.egg-info/dependency_links.txt
[0.906s] writing top-level names to more_interfaces.egg-info/top_level.txt
[0.912s] reading manifest file 'more_interfaces.egg-info/SOURCES.txt'
[0.913s] writing manifest file 'more_interfaces.egg-info/SOURCES.txt'
[0.980s] [100%] Built target ament_cmake_python_build_more_interfaces_egg
[1.005s] Invoked command in '/home/ph/ros2_firstw/build/more_interfaces' returned '0': CMAKE_PREFIX_PATH=${CMAKE_PREFIX_PATH}:/opt/ros/humble /usr/bin/cmake --build /home/ph/ros2_firstw/build/more_interfaces -- -j8 -l8
[1.009s] Invoking command in '/home/ph/ros2_firstw/build/more_interfaces': CMAKE_PREFIX_PATH=${CMAKE_PREFIX_PATH}:/opt/ros/humble /usr/bin/cmake --install /home/ph/ros2_firstw/build/more_interfaces
[1.027s] -- Install configuration: ""
[1.027s] -- Up-to-date: /home/ph/ros2_firstw/install/more_interfaces/share/ament_index/resource_index/rosidl_interfaces/more_interfaces
[1.027s] -- Up-to-date: /home/ph/ros2_firstw/install/more_interfaces/include/more_interfaces/more_interfaces
[1.027s] -- Up-to-date: /home/ph/ros2_firstw/install/more_interfaces/include/more_interfaces/more_interfaces/msg
[1.027s] -- Up-to-date: /home/ph/ros2_firstw/install/more_interfaces/include/more_interfaces/more_interfaces/msg/rosidl_generator_c__visibility_control.h
[1.027s] -- Up-to-date: /home/ph/ros2_firstw/install/more_interfaces/include/more_interfaces/more_interfaces/msg/address_book.h
[1.028s] -- Up-to-date: /home/ph/ros2_firstw/install/more_interfaces/include/more_interfaces/more_interfaces/msg/detail
[1.028s] -- Up-to-date: /home/ph/ros2_firstw/install/more_interfaces/include/more_interfaces/more_interfaces/msg/detail/address_book__type_support.h
[1.028s] -- Up-to-date: /home/ph/ros2_firstw/install/more_interfaces/include/more_interfaces/more_interfaces/msg/detail/address_book__functions.c
[1.028s] -- Up-to-date: /home/ph/ros2_firstw/install/more_interfaces/include/more_interfaces/more_interfaces/msg/detail/address_book__struct.h
[1.028s] -- Up-to-date: /home/ph/ros2_firstw/install/more_interfaces/include/more_interfaces/more_interfaces/msg/detail/address_book__functions.h
[1.028s] -- Up-to-date: /home/ph/ros2_firstw/install/more_interfaces/share/more_interfaces/environment/library_path.sh
[1.028s] -- Up-to-date: /home/ph/ros2_firstw/install/more_interfaces/share/more_interfaces/environment/library_path.dsv
[1.029s] -- Up-to-date: /home/ph/ros2_firstw/install/more_interfaces/lib/libmore_interfaces__rosidl_generator_c.so
[1.029s] -- Up-to-date: /home/ph/ros2_firstw/install/more_interfaces/include/more_interfaces/more_interfaces
[1.029s] -- Up-to-date: /home/ph/ros2_firstw/install/more_interfaces/include/more_interfaces/more_interfaces/msg
[1.029s] -- Up-to-date: /home/ph/ros2_firstw/install/more_interfaces/include/more_interfaces/more_interfaces/msg/detail
[1.029s] -- Up-to-date: /home/ph/ros2_firstw/install/more_interfaces/include/more_interfaces/more_interfaces/msg/detail/address_book__rosidl_typesupport_fastrtps_c.h
[1.029s] -- Up-to-date: /home/ph/ros2_firstw/install/more_interfaces/include/more_interfaces/more_interfaces/msg/rosidl_typesupport_fastrtps_c__visibility_control.h
[1.029s] -- Up-to-date: /home/ph/ros2_firstw/install/more_interfaces/lib/libmore_interfaces__rosidl_typesupport_fastrtps_c.so
[1.029s] -- Up-to-date: /home/ph/ros2_firstw/install/more_interfaces/include/more_interfaces/more_interfaces
[1.030s] -- Up-to-date: /home/ph/ros2_firstw/install/more_interfaces/include/more_interfaces/more_interfaces/msg
[1.030s] -- Up-to-date: /home/ph/ros2_firstw/install/more_interfaces/include/more_interfaces/more_interfaces/msg/rosidl_typesupport_introspection_c__visibility_control.h
[1.030s] -- Up-to-date: /home/ph/ros2_firstw/install/more_interfaces/include/more_interfaces/more_interfaces/msg/detail
[1.030s] -- Up-to-date: /home/ph/ros2_firstw/install/more_interfaces/include/more_interfaces/more_interfaces/msg/detail/address_book__rosidl_typesupport_introspection_c.h
[1.030s] -- Up-to-date: /home/ph/ros2_firstw/install/more_interfaces/include/more_interfaces/more_interfaces/msg/detail/address_book__type_support.c
[1.030s] -- Up-to-date: /home/ph/ros2_firstw/install/more_interfaces/lib/libmore_interfaces__rosidl_typesupport_introspection_c.so
[1.030s] -- Up-to-date: /home/ph/ros2_firstw/install/more_interfaces/lib/libmore_interfaces__rosidl_typesupport_c.so
[1.031s] -- Up-to-date: /home/ph/ros2_firstw/install/more_interfaces/include/more_interfaces/more_interfaces
[1.031s] -- Up-to-date: /home/ph/ros2_firstw/install/more_interfaces/include/more_interfaces/more_interfaces/msg
[1.031s] -- Up-to-date: /home/ph/ros2_firstw/install/more_interfaces/include/more_interfaces/more_interfaces/msg/rosidl_generator_cpp__visibility_control.hpp
[1.051s] -- Up-to-date: /home/ph/ros2_firstw/install/more_interfaces/include/more_interfaces/more_interfaces/msg/address_book.hpp
[1.051s] -- Up-to-date: /home/ph/ros2_firstw/install/more_interfaces/include/more_interfaces/more_interfaces/msg/detail
[1.052s] -- Up-to-date: /home/ph/ros2_firstw/install/more_interfaces/include/more_interfaces/more_interfaces/msg/detail/address_book__struct.hpp
[1.052s] -- Up-to-date: /home/ph/ros2_firstw/install/more_interfaces/include/more_interfaces/more_interfaces/msg/detail/address_book__traits.hpp
[1.052s] -- Up-to-date: /home/ph/ros2_firstw/install/more_interfaces/include/more_interfaces/more_interfaces/msg/detail/address_book__builder.hpp
[1.055s] -- Up-to-date: /home/ph/ros2_firstw/install/more_interfaces/include/more_interfaces/more_interfaces/msg/detail/address_book__type_support.hpp
[1.055s] -- Up-to-date: /home/ph/ros2_firstw/install/more_interfaces/include/more_interfaces/more_interfaces
[1.055s] -- Up-to-date: /home/ph/ros2_firstw/install/more_interfaces/include/more_interfaces/more_interfaces/msg
[1.055s] -- Up-to-date: /home/ph/ros2_firstw/install/more_interfaces/include/more_interfaces/more_interfaces/msg/rosidl_typesupport_fastrtps_cpp__visibility_control.h
[1.055s] -- Up-to-date: /home/ph/ros2_firstw/install/more_interfaces/include/more_interfaces/more_interfaces/msg/detail
[1.056s] -- Up-to-date: /home/ph/ros2_firstw/install/more_interfaces/include/more_interfaces/more_interfaces/msg/detail/address_book__rosidl_typesupport_fastrtps_cpp.hpp
[1.056s] -- Up-to-date: /home/ph/ros2_firstw/install/more_interfaces/include/more_interfaces/more_interfaces/msg/detail/dds_fastrtps
[1.056s] -- Up-to-date: /home/ph/ros2_firstw/install/more_interfaces/lib/libmore_interfaces__rosidl_typesupport_fastrtps_cpp.so
[1.056s] -- Up-to-date: /home/ph/ros2_firstw/install/more_interfaces/include/more_interfaces/more_interfaces
[1.057s] -- Up-to-date: /home/ph/ros2_firstw/install/more_interfaces/include/more_interfaces/more_interfaces/msg
[1.057s] -- Up-to-date: /home/ph/ros2_firstw/install/more_interfaces/include/more_interfaces/more_interfaces/msg/detail
[1.057s] -- Up-to-date: /home/ph/ros2_firstw/install/more_interfaces/include/more_interfaces/more_interfaces/msg/detail/address_book__rosidl_typesupport_introspection_cpp.hpp
[1.057s] -- Up-to-date: /home/ph/ros2_firstw/install/more_interfaces/include/more_interfaces/more_interfaces/msg/detail/address_book__type_support.cpp
[1.057s] -- Up-to-date: /home/ph/ros2_firstw/install/more_interfaces/lib/libmore_interfaces__rosidl_typesupport_introspection_cpp.so
[1.057s] -- Up-to-date: /home/ph/ros2_firstw/install/more_interfaces/lib/libmore_interfaces__rosidl_typesupport_cpp.so
[1.058s] -- Up-to-date: /home/ph/ros2_firstw/install/more_interfaces/share/more_interfaces/environment/pythonpath.sh
[1.058s] -- Up-to-date: /home/ph/ros2_firstw/install/more_interfaces/share/more_interfaces/environment/pythonpath.dsv
[1.058s] -- Up-to-date: /home/ph/ros2_firstw/install/more_interfaces/local/lib/python3.10/dist-packages/more_interfaces-0.0.0-py3.10.egg-info
[1.059s] -- Installing: /home/ph/ros2_firstw/install/more_interfaces/local/lib/python3.10/dist-packages/more_interfaces-0.0.0-py3.10.egg-info/top_level.txt
[1.059s] -- Installing: /home/ph/ros2_firstw/install/more_interfaces/local/lib/python3.10/dist-packages/more_interfaces-0.0.0-py3.10.egg-info/PKG-INFO
[1.059s] -- Installing: /home/ph/ros2_firstw/install/more_interfaces/local/lib/python3.10/dist-packages/more_interfaces-0.0.0-py3.10.egg-info/SOURCES.txt
[1.059s] -- Installing: /home/ph/ros2_firstw/install/more_interfaces/local/lib/python3.10/dist-packages/more_interfaces-0.0.0-py3.10.egg-info/dependency_links.txt
[1.059s] -- Up-to-date: /home/ph/ros2_firstw/install/more_interfaces/local/lib/python3.10/dist-packages/more_interfaces
[1.059s] -- Up-to-date: /home/ph/ros2_firstw/install/more_interfaces/local/lib/python3.10/dist-packages/more_interfaces/more_interfaces_s__rosidl_typesupport_introspection_c.cpython-310-x86_64-linux-gnu.so
[1.060s] -- Up-to-date: /home/ph/ros2_firstw/install/more_interfaces/local/lib/python3.10/dist-packages/more_interfaces/_more_interfaces_s.ep.rosidl_typesupport_c.c
[1.060s] -- Up-to-date: /home/ph/ros2_firstw/install/more_interfaces/local/lib/python3.10/dist-packages/more_interfaces/more_interfaces_s__rosidl_typesupport_fastrtps_c.cpython-310-x86_64-linux-gnu.so
[1.060s] -- Up-to-date: /home/ph/ros2_firstw/install/more_interfaces/local/lib/python3.10/dist-packages/more_interfaces/_more_interfaces_s.ep.rosidl_typesupport_fastrtps_c.c
[1.060s] -- Up-to-date: /home/ph/ros2_firstw/install/more_interfaces/local/lib/python3.10/dist-packages/more_interfaces/_more_interfaces_s.ep.rosidl_typesupport_introspection_c.c
[1.060s] -- Up-to-date: /home/ph/ros2_firstw/install/more_interfaces/local/lib/python3.10/dist-packages/more_interfaces/libmore_interfaces__rosidl_generator_py.so
[1.060s] -- Up-to-date: /home/ph/ros2_firstw/install/more_interfaces/local/lib/python3.10/dist-packages/more_interfaces/__init__.py
[1.060s] -- Up-to-date: /home/ph/ros2_firstw/install/more_interfaces/local/lib/python3.10/dist-packages/more_interfaces/more_interfaces_s__rosidl_typesupport_c.cpython-310-x86_64-linux-gnu.so
[1.061s] -- Up-to-date: /home/ph/ros2_firstw/install/more_interfaces/local/lib/python3.10/dist-packages/more_interfaces/msg
[1.061s] -- Up-to-date: /home/ph/ros2_firstw/install/more_interfaces/local/lib/python3.10/dist-packages/more_interfaces/msg/_address_book_s.c
[1.061s] -- Up-to-date: /home/ph/ros2_firstw/install/more_interfaces/local/lib/python3.10/dist-packages/more_interfaces/msg/_address_book.py
[1.061s] -- Up-to-date: /home/ph/ros2_firstw/install/more_interfaces/local/lib/python3.10/dist-packages/more_interfaces/msg/__init__.py
[1.097s] Listing '/home/ph/ros2_firstw/install/more_interfaces/local/lib/python3.10/dist-packages/more_interfaces'...
[1.101s] Listing '/home/ph/ros2_firstw/install/more_interfaces/local/lib/python3.10/dist-packages/more_interfaces/msg'...
[1.108s] -- Up-to-date: /home/ph/ros2_firstw/install/more_interfaces/local/lib/python3.10/dist-packages/more_interfaces/more_interfaces_s__rosidl_typesupport_fastrtps_c.cpython-310-x86_64-linux-gnu.so
[1.109s] -- Up-to-date: /home/ph/ros2_firstw/install/more_interfaces/local/lib/python3.10/dist-packages/more_interfaces/more_interfaces_s__rosidl_typesupport_introspection_c.cpython-310-x86_64-linux-gnu.so
[1.110s] -- Up-to-date: /home/ph/ros2_firstw/install/more_interfaces/local/lib/python3.10/dist-packages/more_interfaces/more_interfaces_s__rosidl_typesupport_c.cpython-310-x86_64-linux-gnu.so
[1.111s] -- Up-to-date: /home/ph/ros2_firstw/install/more_interfaces/lib/libmore_interfaces__rosidl_generator_py.so
[1.111s] -- Up-to-date: /home/ph/ros2_firstw/install/more_interfaces/share/more_interfaces/msg/AddressBook.idl
[1.111s] -- Up-to-date: /home/ph/ros2_firstw/install/more_interfaces/share/more_interfaces/msg/AddressBook.msg
[1.111s] -- Up-to-date: /home/ph/ros2_firstw/install/more_interfaces/lib/more_interfaces/publish_address_book
[1.111s] -- Up-to-date: /home/ph/ros2_firstw/install/more_interfaces/share/ament_index/resource_index/package_run_dependencies/more_interfaces
[1.113s] -- Up-to-date: /home/ph/ros2_firstw/install/more_interfaces/share/ament_index/resource_index/parent_prefix_path/more_interfaces
[1.115s] -- Up-to-date: /home/ph/ros2_firstw/install/more_interfaces/share/more_interfaces/environment/ament_prefix_path.sh
[1.116s] -- Up-to-date: /home/ph/ros2_firstw/install/more_interfaces/share/more_interfaces/environment/ament_prefix_path.dsv
[1.116s] -- Up-to-date: /home/ph/ros2_firstw/install/more_interfaces/share/more_interfaces/environment/path.sh
[1.116s] -- Up-to-date: /home/ph/ros2_firstw/install/more_interfaces/share/more_interfaces/environment/path.dsv
[1.116s] -- Up-to-date: /home/ph/ros2_firstw/install/more_interfaces/share/more_interfaces/local_setup.bash
[1.117s] -- Up-to-date: /home/ph/ros2_firstw/install/more_interfaces/share/more_interfaces/local_setup.sh
[1.117s] -- Up-to-date: /home/ph/ros2_firstw/install/more_interfaces/share/more_interfaces/local_setup.zsh
[1.117s] -- Up-to-date: /home/ph/ros2_firstw/install/more_interfaces/share/more_interfaces/local_setup.dsv
[1.117s] -- Installing: /home/ph/ros2_firstw/install/more_interfaces/share/more_interfaces/package.dsv
[1.117s] -- Up-to-date: /home/ph/ros2_firstw/install/more_interfaces/share/ament_index/resource_index/packages/more_interfaces
[1.118s] -- Up-to-date: /home/ph/ros2_firstw/install/more_interfaces/share/more_interfaces/cmake/export_more_interfaces__rosidl_generator_cExport.cmake
[1.118s] -- Up-to-date: /home/ph/ros2_firstw/install/more_interfaces/share/more_interfaces/cmake/export_more_interfaces__rosidl_generator_cExport-noconfig.cmake
[1.118s] -- Up-to-date: /home/ph/ros2_firstw/install/more_interfaces/share/more_interfaces/cmake/export_more_interfaces__rosidl_typesupport_fastrtps_cExport.cmake
[1.118s] -- Up-to-date: /home/ph/ros2_firstw/install/more_interfaces/share/more_interfaces/cmake/export_more_interfaces__rosidl_typesupport_fastrtps_cExport-noconfig.cmake
[1.118s] -- Up-to-date: /home/ph/ros2_firstw/install/more_interfaces/share/more_interfaces/cmake/more_interfaces__rosidl_typesupport_introspection_cExport.cmake
[1.118s] -- Up-to-date: /home/ph/ros2_firstw/install/more_interfaces/share/more_interfaces/cmake/more_interfaces__rosidl_typesupport_introspection_cExport-noconfig.cmake
[1.118s] -- Up-to-date: /home/ph/ros2_firstw/install/more_interfaces/share/more_interfaces/cmake/more_interfaces__rosidl_typesupport_cExport.cmake
[1.118s] -- Up-to-date: /home/ph/ros2_firstw/install/more_interfaces/share/more_interfaces/cmake/more_interfaces__rosidl_typesupport_cExport-noconfig.cmake
[1.119s] -- Up-to-date: /home/ph/ros2_firstw/install/more_interfaces/share/more_interfaces/cmake/export_more_interfaces__rosidl_generator_cppExport.cmake
[1.119s] -- Up-to-date: /home/ph/ros2_firstw/install/more_interfaces/share/more_interfaces/cmake/export_more_interfaces__rosidl_typesupport_fastrtps_cppExport.cmake
[1.119s] -- Up-to-date: /home/ph/ros2_firstw/install/more_interfaces/share/more_interfaces/cmake/export_more_interfaces__rosidl_typesupport_fastrtps_cppExport-noconfig.cmake
[1.119s] -- Up-to-date: /home/ph/ros2_firstw/install/more_interfaces/share/more_interfaces/cmake/more_interfaces__rosidl_typesupport_introspection_cppExport.cmake
[1.119s] -- Up-to-date: /home/ph/ros2_firstw/install/more_interfaces/share/more_interfaces/cmake/more_interfaces__rosidl_typesupport_introspection_cppExport-noconfig.cmake
[1.119s] -- Up-to-date: /home/ph/ros2_firstw/install/more_interfaces/share/more_interfaces/cmake/more_interfaces__rosidl_typesupport_cppExport.cmake
[1.119s] -- Up-to-date: /home/ph/ros2_firstw/install/more_interfaces/share/more_interfaces/cmake/more_interfaces__rosidl_typesupport_cppExport-noconfig.cmake
[1.119s] -- Up-to-date: /home/ph/ros2_firstw/install/more_interfaces/share/more_interfaces/cmake/export_more_interfaces__rosidl_generator_pyExport.cmake
[1.120s] -- Up-to-date: /home/ph/ros2_firstw/install/more_interfaces/share/more_interfaces/cmake/export_more_interfaces__rosidl_generator_pyExport-noconfig.cmake
[1.120s] -- Up-to-date: /home/ph/ros2_firstw/install/more_interfaces/share/more_interfaces/cmake/rosidl_cmake-extras.cmake
[1.120s] -- Up-to-date: /home/ph/ros2_firstw/install/more_interfaces/share/more_interfaces/cmake/ament_cmake_export_include_directories-extras.cmake
[1.120s] -- Up-to-date: /home/ph/ros2_firstw/install/more_interfaces/share/more_interfaces/cmake/ament_cmake_export_libraries-extras.cmake
[1.120s] -- Up-to-date: /home/ph/ros2_firstw/install/more_interfaces/share/more_interfaces/cmake/ament_cmake_export_targets-extras.cmake
[1.120s] -- Up-to-date: /home/ph/ros2_firstw/install/more_interfaces/share/more_interfaces/cmake/rosidl_cmake_export_typesupport_targets-extras.cmake
[1.121s] -- Up-to-date: /home/ph/ros2_firstw/install/more_interfaces/share/more_interfaces/cmake/ament_cmake_export_dependencies-extras.cmake
[1.122s] -- Up-to-date: /home/ph/ros2_firstw/install/more_interfaces/share/more_interfaces/cmake/rosidl_cmake_export_typesupport_libraries-extras.cmake
[1.123s] -- Up-to-date: /home/ph/ros2_firstw/install/more_interfaces/share/more_interfaces/cmake/more_interfacesConfig.cmake
[1.125s] -- Up-to-date: /home/ph/ros2_firstw/install/more_interfaces/share/more_interfaces/cmake/more_interfacesConfig-version.cmake
[1.126s] -- Up-to-date: /home/ph/ros2_firstw/install/more_interfaces/share/more_interfaces/package.xml
[1.141s] Invoked command in '/home/ph/ros2_firstw/build/more_interfaces' returned '0': CMAKE_PREFIX_PATH=${CMAKE_PREFIX_PATH}:/opt/ros/humble /usr/bin/cmake --install /home/ph/ros2_firstw/build/more_interfaces
