[0.036s] Invoking command in '/home/ph/ws/lidar_ws/build/rslidar_sdk': CMAKE_PREFIX_PATH=/home/ph/ws/lidar_ws/install/rslidar_msg:/home/ph/ws/lidar_ws/install/rslidar_sdk:/home/ph/ws/lidar_ws/install/kiss_icp:/home/ph/ws/lidar_ws/install/helios16p_cane_robot:/opt/ros/humble /usr/bin/cmake /home/ph/ws/lidar_ws/src/rslidar_sdk -DCMAKE_INSTALL_PREFIX=/home/ph/ws/lidar_ws/install/rslidar_sdk
[0.046s] [0mCMake Deprecation Warning at CMakeLists.txt:1 (cmake_minimum_required):
[0.047s]   Compatibility with CMake < 3.10 will be removed from a future version of
[0.047s]   CMake.
[0.047s] 
[0.047s]   Update the VERSION argument <min> value.  Or, use the <min>...<max> syntax
[0.047s]   to tell CMake that the project requires at least <min> but has been updated
[0.048s]   to work with policies introduced by <max> or earlier.
[0.048s] 
[0.048s] [0m
[0.184s] -- The C compiler identification is GNU 11.4.0
[0.380s] -- The CXX compiler identification is GNU 11.4.0
[0.403s] -- Detecting C compiler ABI info
[0.568s] -- Detecting C compiler ABI info - done
[0.614s] -- Check for working C compiler: /usr/bin/cc - skipped
[0.615s] -- Detecting C compile features
[0.616s] -- Detecting C compile features - done
[0.650s] -- Detecting CXX compiler ABI info
[0.845s] -- Detecting CXX compiler ABI info - done
[0.899s] -- Check for working CXX compiler: /usr/bin/c++ - skipped
[0.900s] -- Detecting CXX compile features
[0.902s] -- Detecting CXX compile features - done
[0.920s] [0m=============================================================[0m
[0.920s] [0m-- POINT_TYPE is XYZI[0m
[0.921s] [0m=============================================================[0m
[0.963s] [0m=============================================================[0m
[0.964s] [0m-- ROS Not Found. ROS Support is turned Off.[0m
[0.964s] [0m=============================================================[0m
[1.346s] -- Found Python3: /usr/bin/python3 (found version "3.10.12") found components: Interpreter
[1.845s] -- Found rosidl_generator_c: 3.1.7 (/opt/ros/humble/share/rosidl_generator_c/cmake)
[1.867s] -- Found rosidl_adapter: 3.1.7 (/opt/ros/humble/share/rosidl_adapter/cmake)
[1.905s] -- Found rosidl_generator_cpp: 3.1.7 (/opt/ros/humble/share/rosidl_generator_cpp/cmake)
[1.955s] -- Using all available rosidl_typesupport_c: rosidl_typesupport_fastrtps_c;rosidl_typesupport_introspection_c
[2.023s] -- Using all available rosidl_typesupport_cpp: rosidl_typesupport_fastrtps_cpp;rosidl_typesupport_introspection_cpp
[2.217s] -- Found rmw_implementation_cmake: 6.1.2 (/opt/ros/humble/share/rmw_implementation_cmake/cmake)
[2.229s] -- Found rmw_fastrtps_cpp: 6.2.9 (/opt/ros/humble/share/rmw_fastrtps_cpp/cmake)
[2.530s] -- Found OpenSSL: /usr/lib/x86_64-linux-gnu/libcrypto.so (found version "3.0.2")
[2.644s] -- Found FastRTPS: /opt/ros/humble/include
[2.794s] -- Using RMW implementation 'rmw_fastrtps_cpp' as default
[2.832s] -- Performing Test CMAKE_HAVE_LIBC_PTHREAD
[3.010s] -- Performing Test CMAKE_HAVE_LIBC_PTHREAD - Success
[3.014s] -- Found Threads: TRUE
[3.240s] [0m=============================================================[0m
[3.240s] [0m-- ROS2 Found. ROS2 Support is turned On.[0m
[3.241s] [0m=============================================================[0m
[3.250s] -- Found sensor_msgs: 4.9.0 (/opt/ros/humble/share/sensor_msgs/cmake)
[3.395s] -- Found rslidar_msg: 0.0.0 (/home/ph/ws/lidar_ws/install/rslidar_msg/share/rslidar_msg/cmake)
[3.467s] [0mCMake Deprecation Warning at src/rs_driver/CMakeLists.txt:1 (cmake_minimum_required):
[3.467s]   Compatibility with CMake < 3.10 will be removed from a future version of
[3.468s]   CMake.
[3.468s] 
[3.468s]   Update the VERSION argument <min> value.  Or, use the <min>...<max> syntax
[3.468s]   to tell CMake that the project requires at least <min> but has been updated
[3.468s]   to work with policies introduced by <max> or earlier.
[3.469s] 
[3.469s] [0m
[3.469s] [0m=============================================================[0m
[3.469s] [0m-- CMake run for UNIX GNU Compiler[0m
[3.469s] [0m=============================================================[0m
[3.471s] [0m=============================================================[0m
[3.471s] [0m-- rs_driver Version : v1.5.18[0m
[3.471s] [0m=============================================================[0m
[3.726s] -- Configuring done (3.7s)
[3.771s] -- Generating done (0.0s)
[3.779s] -- Build files have been written to: /home/ph/ws/lidar_ws/build/rslidar_sdk
[3.805s] Invoked command in '/home/ph/ws/lidar_ws/build/rslidar_sdk' returned '0': CMAKE_PREFIX_PATH=/home/ph/ws/lidar_ws/install/rslidar_msg:/home/ph/ws/lidar_ws/install/rslidar_sdk:/home/ph/ws/lidar_ws/install/kiss_icp:/home/ph/ws/lidar_ws/install/helios16p_cane_robot:/opt/ros/humble /usr/bin/cmake /home/ph/ws/lidar_ws/src/rslidar_sdk -DCMAKE_INSTALL_PREFIX=/home/ph/ws/lidar_ws/install/rslidar_sdk
[3.809s] Invoking command in '/home/ph/ws/lidar_ws/build/rslidar_sdk': CMAKE_PREFIX_PATH=/home/ph/ws/lidar_ws/install/rslidar_msg:/home/ph/ws/lidar_ws/install/rslidar_sdk:/home/ph/ws/lidar_ws/install/kiss_icp:/home/ph/ws/lidar_ws/install/helios16p_cane_robot:/opt/ros/humble /usr/bin/cmake --build /home/ph/ws/lidar_ws/build/rslidar_sdk -- -j8 -l8
[3.888s] [ 66%] [32mBuilding CXX object CMakeFiles/rslidar_sdk_node.dir/src/manager/node_manager.cpp.o[0m
[3.888s] [ 66%] [32mBuilding CXX object CMakeFiles/rslidar_sdk_node.dir/node/rslidar_sdk_node.cpp.o[0m
[56.376s] [100%] [1m[32mLinking CXX executable rslidar_sdk_node[0m
[57.021s] [100%] Built target rslidar_sdk_node
[57.040s] Invoked command in '/home/ph/ws/lidar_ws/build/rslidar_sdk' returned '0': CMAKE_PREFIX_PATH=/home/ph/ws/lidar_ws/install/rslidar_msg:/home/ph/ws/lidar_ws/install/rslidar_sdk:/home/ph/ws/lidar_ws/install/kiss_icp:/home/ph/ws/lidar_ws/install/helios16p_cane_robot:/opt/ros/humble /usr/bin/cmake --build /home/ph/ws/lidar_ws/build/rslidar_sdk -- -j8 -l8
[57.055s] Invoking command in '/home/ph/ws/lidar_ws/build/rslidar_sdk': CMAKE_PREFIX_PATH=/home/ph/ws/lidar_ws/install/rslidar_msg:/home/ph/ws/lidar_ws/install/rslidar_sdk:/home/ph/ws/lidar_ws/install/kiss_icp:/home/ph/ws/lidar_ws/install/helios16p_cane_robot:/opt/ros/humble /usr/bin/cmake --install /home/ph/ws/lidar_ws/build/rslidar_sdk
[57.065s] -- Install configuration: "Release"
[57.066s] -- Installing: /home/ph/ws/lidar_ws/install/rslidar_sdk/lib/rslidar_sdk/rslidar_sdk_node
[57.071s] -- Set non-toolchain portion of runtime path of "/home/ph/ws/lidar_ws/install/rslidar_sdk/lib/rslidar_sdk/rslidar_sdk_node" to ""
[57.072s] -- Installing: /home/ph/ws/lidar_ws/install/rslidar_sdk/share/rslidar_sdk/launch
[57.072s] -- Installing: /home/ph/ws/lidar_ws/install/rslidar_sdk/share/rslidar_sdk/launch/humble_start.py
[57.072s] -- Installing: /home/ph/ws/lidar_ws/install/rslidar_sdk/share/rslidar_sdk/launch/start.launch
[57.073s] -- Installing: /home/ph/ws/lidar_ws/install/rslidar_sdk/share/rslidar_sdk/launch/elequent_start.py
[57.074s] -- Installing: /home/ph/ws/lidar_ws/install/rslidar_sdk/share/rslidar_sdk/launch/start.py
[57.074s] -- Installing: /home/ph/ws/lidar_ws/install/rslidar_sdk/share/rslidar_sdk/rviz
[57.075s] -- Installing: /home/ph/ws/lidar_ws/install/rslidar_sdk/share/rslidar_sdk/rviz/rviz.rviz
[57.076s] -- Installing: /home/ph/ws/lidar_ws/install/rslidar_sdk/share/rslidar_sdk/rviz/rviz2.rviz
[57.077s] -- Installing: /home/ph/ws/lidar_ws/install/rslidar_sdk/share/ament_index/resource_index/package_run_dependencies/rslidar_sdk
[57.078s] -- Installing: /home/ph/ws/lidar_ws/install/rslidar_sdk/share/ament_index/resource_index/parent_prefix_path/rslidar_sdk
[57.078s] -- Installing: /home/ph/ws/lidar_ws/install/rslidar_sdk/share/rslidar_sdk/environment/ament_prefix_path.sh
[57.079s] -- Installing: /home/ph/ws/lidar_ws/install/rslidar_sdk/share/rslidar_sdk/environment/ament_prefix_path.dsv
[57.080s] -- Installing: /home/ph/ws/lidar_ws/install/rslidar_sdk/share/rslidar_sdk/environment/path.sh
[57.080s] -- Installing: /home/ph/ws/lidar_ws/install/rslidar_sdk/share/rslidar_sdk/environment/path.dsv
[57.081s] -- Installing: /home/ph/ws/lidar_ws/install/rslidar_sdk/share/rslidar_sdk/local_setup.bash
[57.081s] -- Installing: /home/ph/ws/lidar_ws/install/rslidar_sdk/share/rslidar_sdk/local_setup.sh
[57.082s] -- Installing: /home/ph/ws/lidar_ws/install/rslidar_sdk/share/rslidar_sdk/local_setup.zsh
[57.082s] -- Installing: /home/ph/ws/lidar_ws/install/rslidar_sdk/share/rslidar_sdk/local_setup.dsv
[57.083s] -- Installing: /home/ph/ws/lidar_ws/install/rslidar_sdk/share/rslidar_sdk/package.dsv
[57.084s] -- Installing: /home/ph/ws/lidar_ws/install/rslidar_sdk/share/ament_index/resource_index/packages/rslidar_sdk
[57.084s] -- Installing: /home/ph/ws/lidar_ws/install/rslidar_sdk/share/rslidar_sdk/cmake/rslidar_sdkConfig.cmake
[57.085s] -- Installing: /home/ph/ws/lidar_ws/install/rslidar_sdk/share/rslidar_sdk/cmake/rslidar_sdkConfig-version.cmake
[57.085s] -- Installing: /home/ph/ws/lidar_ws/install/rslidar_sdk/share/rslidar_sdk/package.xml
[57.091s] Invoked command in '/home/ph/ws/lidar_ws/build/rslidar_sdk' returned '0': CMAKE_PREFIX_PATH=/home/ph/ws/lidar_ws/install/rslidar_msg:/home/ph/ws/lidar_ws/install/rslidar_sdk:/home/ph/ws/lidar_ws/install/kiss_icp:/home/ph/ws/lidar_ws/install/helios16p_cane_robot:/opt/ros/humble /usr/bin/cmake --install /home/ph/ws/lidar_ws/build/rslidar_sdk
