[0.014s] Invoking command in '/home/ph/ros2_firstw/src/cpp_pubsub/build/cpp_pubsub': CMAKE_PREFIX_PATH=/opt/ros/humble /usr/bin/cmake /home/ph/ros2_firstw/src/cpp_pubsub -DCMAKE_INSTALL_PREFIX=/home/ph/ros2_firstw/src/cpp_pubsub/install/cpp_pubsub
[0.038s] -- Found ament_cmake: 1.3.12 (/opt/ros/humble/share/ament_cmake/cmake)
[0.200s] -- Found rclcpp: 16.0.15 (/opt/ros/humble/share/rclcpp/cmake)
[0.251s] -- Found rosidl_generator_c: 3.1.7 (/opt/ros/humble/share/rosidl_generator_c/cmake)
[0.254s] -- Found rosidl_adapter: 3.1.7 (/opt/ros/humble/share/rosidl_adapter/cmake)
[0.260s] -- Found rosidl_generator_cpp: 3.1.7 (/opt/ros/humble/share/rosidl_generator_cpp/cmake)
[0.271s] -- Using all available rosidl_typesupport_c: rosidl_typesupport_fastrtps_c;rosidl_typesupport_introspection_c
[0.286s] -- Using all available rosidl_typesupport_cpp: rosidl_typesupport_fastrtps_cpp;rosidl_typesupport_introspection_cpp
[0.322s] -- Found rmw_implementation_cmake: 6.1.2 (/opt/ros/humble/share/rmw_implementation_cmake/cmake)
[0.323s] -- Found rmw_fastrtps_cpp: 6.2.9 (/opt/ros/humble/share/rmw_fastrtps_cpp/cmake)
[0.454s] -- Using RMW implementation 'rmw_fastrtps_cpp' as default
[0.595s] -- Configuring done
[0.611s] -- Generating done
[0.617s] -- Build files have been written to: /home/ph/ros2_firstw/src/cpp_pubsub/build/cpp_pubsub
[0.626s] Invoked command in '/home/ph/ros2_firstw/src/cpp_pubsub/build/cpp_pubsub' returned '0': CMAKE_PREFIX_PATH=/opt/ros/humble /usr/bin/cmake /home/ph/ros2_firstw/src/cpp_pubsub -DCMAKE_INSTALL_PREFIX=/home/ph/ros2_firstw/src/cpp_pubsub/install/cpp_pubsub
[0.630s] Invoking command in '/home/ph/ros2_firstw/src/cpp_pubsub/build/cpp_pubsub': CMAKE_PREFIX_PATH=/opt/ros/humble /usr/bin/cmake --build /home/ph/ros2_firstw/src/cpp_pubsub/build/cpp_pubsub -- -j8 -l8
[0.709s] [ 25%] [32mBuilding CXX object CMakeFiles/talker.dir/src/publisher_member_function.cpp.o[0m
[0.710s] [ 50%] [32mBuilding CXX object CMakeFiles/listener.dir/src/subscriber_member_function.cpp.o[0m
[5.873s] [ 75%] [32m[1mLinking CXX executable talker[0m
[6.147s] [ 75%] Built target talker
[10.243s] [100%] [32m[1mLinking CXX executable listener[0m
[10.729s] [100%] Built target listener
[10.755s] Invoked command in '/home/ph/ros2_firstw/src/cpp_pubsub/build/cpp_pubsub' returned '0': CMAKE_PREFIX_PATH=/opt/ros/humble /usr/bin/cmake --build /home/ph/ros2_firstw/src/cpp_pubsub/build/cpp_pubsub -- -j8 -l8
[10.779s] Invoking command in '/home/ph/ros2_firstw/src/cpp_pubsub/build/cpp_pubsub': CMAKE_PREFIX_PATH=/opt/ros/humble /usr/bin/cmake --install /home/ph/ros2_firstw/src/cpp_pubsub/build/cpp_pubsub
[10.788s] -- Install configuration: ""
[10.789s] -- Installing: /home/ph/ros2_firstw/src/cpp_pubsub/install/cpp_pubsub/lib/cpp_pubsub/talker
[10.790s] -- Set runtime path of "/home/ph/ros2_firstw/src/cpp_pubsub/install/cpp_pubsub/lib/cpp_pubsub/talker" to ""
[10.790s] -- Up-to-date: /home/ph/ros2_firstw/src/cpp_pubsub/install/cpp_pubsub/lib/cpp_pubsub/talker
[10.791s] -- Installing: /home/ph/ros2_firstw/src/cpp_pubsub/install/cpp_pubsub/lib/cpp_pubsub/listener
[10.795s] -- Set runtime path of "/home/ph/ros2_firstw/src/cpp_pubsub/install/cpp_pubsub/lib/cpp_pubsub/listener" to ""
[10.796s] -- Installing: /home/ph/ros2_firstw/src/cpp_pubsub/install/cpp_pubsub/share/ament_index/resource_index/package_run_dependencies/cpp_pubsub
[10.796s] -- Installing: /home/ph/ros2_firstw/src/cpp_pubsub/install/cpp_pubsub/share/ament_index/resource_index/parent_prefix_path/cpp_pubsub
[10.796s] -- Installing: /home/ph/ros2_firstw/src/cpp_pubsub/install/cpp_pubsub/share/cpp_pubsub/environment/ament_prefix_path.sh
[10.796s] -- Installing: /home/ph/ros2_firstw/src/cpp_pubsub/install/cpp_pubsub/share/cpp_pubsub/environment/ament_prefix_path.dsv
[10.796s] -- Installing: /home/ph/ros2_firstw/src/cpp_pubsub/install/cpp_pubsub/share/cpp_pubsub/environment/path.sh
[10.797s] -- Installing: /home/ph/ros2_firstw/src/cpp_pubsub/install/cpp_pubsub/share/cpp_pubsub/environment/path.dsv
[10.797s] -- Installing: /home/ph/ros2_firstw/src/cpp_pubsub/install/cpp_pubsub/share/cpp_pubsub/local_setup.bash
[10.797s] -- Installing: /home/ph/ros2_firstw/src/cpp_pubsub/install/cpp_pubsub/share/cpp_pubsub/local_setup.sh
[10.797s] -- Installing: /home/ph/ros2_firstw/src/cpp_pubsub/install/cpp_pubsub/share/cpp_pubsub/local_setup.zsh
[10.797s] -- Installing: /home/ph/ros2_firstw/src/cpp_pubsub/install/cpp_pubsub/share/cpp_pubsub/local_setup.dsv
[10.798s] -- Installing: /home/ph/ros2_firstw/src/cpp_pubsub/install/cpp_pubsub/share/cpp_pubsub/package.dsv
[10.798s] -- Installing: /home/ph/ros2_firstw/src/cpp_pubsub/install/cpp_pubsub/share/ament_index/resource_index/packages/cpp_pubsub
[10.798s] -- Installing: /home/ph/ros2_firstw/src/cpp_pubsub/install/cpp_pubsub/share/cpp_pubsub/cmake/cpp_pubsubConfig.cmake
[10.798s] -- Installing: /home/ph/ros2_firstw/src/cpp_pubsub/install/cpp_pubsub/share/cpp_pubsub/cmake/cpp_pubsubConfig-version.cmake
[10.798s] -- Installing: /home/ph/ros2_firstw/src/cpp_pubsub/install/cpp_pubsub/share/cpp_pubsub/package.xml
[10.802s] Invoked command in '/home/ph/ros2_firstw/src/cpp_pubsub/build/cpp_pubsub' returned '0': CMAKE_PREFIX_PATH=/opt/ros/humble /usr/bin/cmake --install /home/ph/ros2_firstw/src/cpp_pubsub/build/cpp_pubsub
