[0.041s] Invoking command in '/home/ph/ros2_firstw/build/cpp_parameters': CMAKE_PREFIX_PATH=${CMAKE_PREFIX_PATH}:/opt/ros/humble /usr/bin/cmake --build /home/ph/ros2_firstw/build/cpp_parameters -- -j8 -l8
[0.231s] [100%] Built target minimal_param_node
[0.335s] Invoked command in '/home/ph/ros2_firstw/build/cpp_parameters' returned '0': CMAKE_PREFIX_PATH=${CMAKE_PREFIX_PATH}:/opt/ros/humble /usr/bin/cmake --build /home/ph/ros2_firstw/build/cpp_parameters -- -j8 -l8
[0.339s] Invoking command in '/home/ph/ros2_firstw/build/cpp_parameters': CMAKE_PREFIX_PATH=${CMAKE_PREFIX_PATH}:/opt/ros/humble /usr/bin/cmake --install /home/ph/ros2_firstw/build/cpp_parameters
[0.376s] -- Install configuration: ""
[0.376s] -- Up-to-date: /home/ph/ros2_firstw/install/cpp_parameters/lib/cpp_parameters/minimal_param_node
[0.376s] -- Up-to-date: /home/ph/ros2_firstw/install/cpp_parameters/share/cpp_parameters/launch
[0.377s] -- Up-to-date: /home/ph/ros2_firstw/install/cpp_parameters/share/cpp_parameters/launch/cpp_parameters_launch.py
[0.377s] -- Up-to-date: /home/ph/ros2_firstw/install/cpp_parameters/share/ament_index/resource_index/package_run_dependencies/cpp_parameters
[0.377s] -- Up-to-date: /home/ph/ros2_firstw/install/cpp_parameters/share/ament_index/resource_index/parent_prefix_path/cpp_parameters
[0.377s] -- Up-to-date: /home/ph/ros2_firstw/install/cpp_parameters/share/cpp_parameters/environment/ament_prefix_path.sh
[0.377s] -- Up-to-date: /home/ph/ros2_firstw/install/cpp_parameters/share/cpp_parameters/environment/ament_prefix_path.dsv
[0.377s] -- Up-to-date: /home/ph/ros2_firstw/install/cpp_parameters/share/cpp_parameters/environment/path.sh
[0.378s] -- Up-to-date: /home/ph/ros2_firstw/install/cpp_parameters/share/cpp_parameters/environment/path.dsv
[0.378s] -- Up-to-date: /home/ph/ros2_firstw/install/cpp_parameters/share/cpp_parameters/local_setup.bash
[0.378s] -- Up-to-date: /home/ph/ros2_firstw/install/cpp_parameters/share/cpp_parameters/local_setup.sh
[0.378s] -- Up-to-date: /home/ph/ros2_firstw/install/cpp_parameters/share/cpp_parameters/local_setup.zsh
[0.378s] -- Up-to-date: /home/ph/ros2_firstw/install/cpp_parameters/share/cpp_parameters/local_setup.dsv
[0.384s] -- Installing: /home/ph/ros2_firstw/install/cpp_parameters/share/cpp_parameters/package.dsv
[0.385s] -- Up-to-date: /home/ph/ros2_firstw/install/cpp_parameters/share/ament_index/resource_index/packages/cpp_parameters
[0.385s] -- Up-to-date: /home/ph/ros2_firstw/install/cpp_parameters/share/cpp_parameters/cmake/cpp_parametersConfig.cmake
[0.385s] -- Up-to-date: /home/ph/ros2_firstw/install/cpp_parameters/share/cpp_parameters/cmake/cpp_parametersConfig-version.cmake
[0.385s] -- Up-to-date: /home/ph/ros2_firstw/install/cpp_parameters/share/cpp_parameters/package.xml
[0.443s] Invoked command in '/home/ph/ros2_firstw/build/cpp_parameters' returned '0': CMAKE_PREFIX_PATH=${CMAKE_PREFIX_PATH}:/opt/ros/humble /usr/bin/cmake --install /home/ph/ros2_firstw/build/cpp_parameters
