[0.039s] Invoking command in '/home/ph/ros2_firstw/build/cpp_srvcli': CMAKE_PREFIX_PATH=/opt/ros/humble /usr/bin/cmake --build /home/ph/ros2_firstw/build/cpp_srvcli -- -j8 -l8
[0.164s] [ 50%] Built target client
[0.167s] [100%] Built target server
[0.210s] Invoked command in '/home/ph/ros2_firstw/build/cpp_srvcli' returned '0': CMAKE_PREFIX_PATH=/opt/ros/humble /usr/bin/cmake --build /home/ph/ros2_firstw/build/cpp_srvcli -- -j8 -l8
[0.214s] Invoking command in '/home/ph/ros2_firstw/build/cpp_srvcli': CMAKE_PREFIX_PATH=/opt/ros/humble /usr/bin/cmake --install /home/ph/ros2_firstw/build/cpp_srvcli
[0.238s] -- Install configuration: ""
[0.240s] -- Up-to-date: /home/ph/ros2_firstw/install/cpp_srvcli/lib/cpp_srvcli/server
[0.240s] -- Up-to-date: /home/ph/ros2_firstw/install/cpp_srvcli/lib/cpp_srvcli/client
[0.241s] -- Up-to-date: /home/ph/ros2_firstw/install/cpp_srvcli/share/ament_index/resource_index/package_run_dependencies/cpp_srvcli
[0.241s] -- Up-to-date: /home/ph/ros2_firstw/install/cpp_srvcli/share/ament_index/resource_index/parent_prefix_path/cpp_srvcli
[0.242s] -- Up-to-date: /home/ph/ros2_firstw/install/cpp_srvcli/share/cpp_srvcli/environment/ament_prefix_path.sh
[0.242s] -- Up-to-date: /home/ph/ros2_firstw/install/cpp_srvcli/share/cpp_srvcli/environment/ament_prefix_path.dsv
[0.242s] -- Up-to-date: /home/ph/ros2_firstw/install/cpp_srvcli/share/cpp_srvcli/environment/path.sh
[0.242s] -- Up-to-date: /home/ph/ros2_firstw/install/cpp_srvcli/share/cpp_srvcli/environment/path.dsv
[0.242s] -- Up-to-date: /home/ph/ros2_firstw/install/cpp_srvcli/share/cpp_srvcli/local_setup.bash
[0.242s] -- Up-to-date: /home/ph/ros2_firstw/install/cpp_srvcli/share/cpp_srvcli/local_setup.sh
[0.243s] -- Up-to-date: /home/ph/ros2_firstw/install/cpp_srvcli/share/cpp_srvcli/local_setup.zsh
[0.243s] -- Up-to-date: /home/ph/ros2_firstw/install/cpp_srvcli/share/cpp_srvcli/local_setup.dsv
[0.243s] -- Installing: /home/ph/ros2_firstw/install/cpp_srvcli/share/cpp_srvcli/package.dsv
[0.243s] -- Up-to-date: /home/ph/ros2_firstw/install/cpp_srvcli/share/ament_index/resource_index/packages/cpp_srvcli
[0.244s] -- Up-to-date: /home/ph/ros2_firstw/install/cpp_srvcli/share/cpp_srvcli/cmake/cpp_srvcliConfig.cmake
[0.244s] -- Up-to-date: /home/ph/ros2_firstw/install/cpp_srvcli/share/cpp_srvcli/cmake/cpp_srvcliConfig-version.cmake
[0.244s] -- Up-to-date: /home/ph/ros2_firstw/install/cpp_srvcli/share/cpp_srvcli/package.xml
[0.282s] Invoked command in '/home/ph/ros2_firstw/build/cpp_srvcli' returned '0': CMAKE_PREFIX_PATH=/opt/ros/humble /usr/bin/cmake --install /home/ph/ros2_firstw/build/cpp_srvcli
