[0.075s] Invoking command in '/home/ph/ros2_firstw/build/cpp_srvcli': CMAKE_PREFIX_PATH=/home/ph/ros2_firstw/install/tutorial_interfaces:/home/ph/ros2_firstw/install/nnnode:/home/ph/ros2_firstw/install/cpp_srvcli:/home/ph/ros2_firstw/install/cpp_pubsub:/home/ph/ros2_firstw/install/turtlesim:/home/ph/ros2_firstw/install/more_interfaces:/home/ph/ros2_firstw/install/firstpkg:/home/ph/ros2_firstw/install/cpp_parameters:/home/ph/ros2_firstw/install/action_tutorials_cpp:/home/ph/ros2_firstw/install/action_tutorials_interfaces:/opt/ros/humble /usr/bin/cmake --build /home/ph/ros2_firstw/build/cpp_srvcli -- -j8 -l8
[0.234s] [ 75%] Built target client
[0.234s] [100%] Built target server
[0.279s] Invoked command in '/home/ph/ros2_firstw/build/cpp_srvcli' returned '0': CMAKE_PREFIX_PATH=/home/ph/ros2_firstw/install/tutorial_interfaces:/home/ph/ros2_firstw/install/nnnode:/home/ph/ros2_firstw/install/cpp_srvcli:/home/ph/ros2_firstw/install/cpp_pubsub:/home/ph/ros2_firstw/install/turtlesim:/home/ph/ros2_firstw/install/more_interfaces:/home/ph/ros2_firstw/install/firstpkg:/home/ph/ros2_firstw/install/cpp_parameters:/home/ph/ros2_firstw/install/action_tutorials_cpp:/home/ph/ros2_firstw/install/action_tutorials_interfaces:/opt/ros/humble /usr/bin/cmake --build /home/ph/ros2_firstw/build/cpp_srvcli -- -j8 -l8
[0.286s] Invoking command in '/home/ph/ros2_firstw/build/cpp_srvcli': CMAKE_PREFIX_PATH=/home/ph/ros2_firstw/install/tutorial_interfaces:/home/ph/ros2_firstw/install/nnnode:/home/ph/ros2_firstw/install/cpp_srvcli:/home/ph/ros2_firstw/install/cpp_pubsub:/home/ph/ros2_firstw/install/turtlesim:/home/ph/ros2_firstw/install/more_interfaces:/home/ph/ros2_firstw/install/firstpkg:/home/ph/ros2_firstw/install/cpp_parameters:/home/ph/ros2_firstw/install/action_tutorials_cpp:/home/ph/ros2_firstw/install/action_tutorials_interfaces:/opt/ros/humble /usr/bin/cmake --install /home/ph/ros2_firstw/build/cpp_srvcli
[0.302s] -- Install configuration: ""
[0.305s] -- Up-to-date: /home/ph/ros2_firstw/install/cpp_srvcli/lib/cpp_srvcli/server
[0.306s] -- Up-to-date: /home/ph/ros2_firstw/install/cpp_srvcli/lib/cpp_srvcli/client
[0.306s] -- Up-to-date: /home/ph/ros2_firstw/install/cpp_srvcli/share/ament_index/resource_index/package_run_dependencies/cpp_srvcli
[0.306s] -- Up-to-date: /home/ph/ros2_firstw/install/cpp_srvcli/share/ament_index/resource_index/parent_prefix_path/cpp_srvcli
[0.306s] -- Up-to-date: /home/ph/ros2_firstw/install/cpp_srvcli/share/cpp_srvcli/environment/ament_prefix_path.sh
[0.306s] -- Up-to-date: /home/ph/ros2_firstw/install/cpp_srvcli/share/cpp_srvcli/environment/ament_prefix_path.dsv
[0.307s] -- Up-to-date: /home/ph/ros2_firstw/install/cpp_srvcli/share/cpp_srvcli/environment/path.sh
[0.307s] -- Up-to-date: /home/ph/ros2_firstw/install/cpp_srvcli/share/cpp_srvcli/environment/path.dsv
[0.307s] -- Up-to-date: /home/ph/ros2_firstw/install/cpp_srvcli/share/cpp_srvcli/local_setup.bash
[0.307s] -- Up-to-date: /home/ph/ros2_firstw/install/cpp_srvcli/share/cpp_srvcli/local_setup.sh
[0.307s] -- Up-to-date: /home/ph/ros2_firstw/install/cpp_srvcli/share/cpp_srvcli/local_setup.zsh
[0.307s] -- Up-to-date: /home/ph/ros2_firstw/install/cpp_srvcli/share/cpp_srvcli/local_setup.dsv
[0.307s] -- Installing: /home/ph/ros2_firstw/install/cpp_srvcli/share/cpp_srvcli/package.dsv
[0.307s] -- Up-to-date: /home/ph/ros2_firstw/install/cpp_srvcli/share/ament_index/resource_index/packages/cpp_srvcli
[0.308s] -- Up-to-date: /home/ph/ros2_firstw/install/cpp_srvcli/share/cpp_srvcli/cmake/cpp_srvcliConfig.cmake
[0.308s] -- Up-to-date: /home/ph/ros2_firstw/install/cpp_srvcli/share/cpp_srvcli/cmake/cpp_srvcliConfig-version.cmake
[0.308s] -- Up-to-date: /home/ph/ros2_firstw/install/cpp_srvcli/share/cpp_srvcli/package.xml
[0.311s] Invoked command in '/home/ph/ros2_firstw/build/cpp_srvcli' returned '0': CMAKE_PREFIX_PATH=/home/ph/ros2_firstw/install/tutorial_interfaces:/home/ph/ros2_firstw/install/nnnode:/home/ph/ros2_firstw/install/cpp_srvcli:/home/ph/ros2_firstw/install/cpp_pubsub:/home/ph/ros2_firstw/install/turtlesim:/home/ph/ros2_firstw/install/more_interfaces:/home/ph/ros2_firstw/install/firstpkg:/home/ph/ros2_firstw/install/cpp_parameters:/home/ph/ros2_firstw/install/action_tutorials_cpp:/home/ph/ros2_firstw/install/action_tutorials_interfaces:/opt/ros/humble /usr/bin/cmake --install /home/ph/ros2_firstw/build/cpp_srvcli
