[0.016s] Invoking command in '/home/ph/ros2_firstw/build/cpp_parameters': CMAKE_PREFIX_PATH=${CMAKE_PREFIX_PATH}:/opt/ros/humble /usr/bin/cmake /home/ph/ros2_firstw/src/cpp_parameters -DCMAKE_INSTALL_PREFIX=/home/ph/ros2_firstw/install/cpp_parameters
[0.194s] -- The C compiler identification is GNU 11.4.0
[0.290s] -- The CXX compiler identification is GNU 11.4.0
[0.319s] -- Detecting C compiler ABI info
[0.463s] -- Detecting C compiler ABI info - done
[0.489s] -- Check for working C compiler: /usr/bin/cc - skipped
[0.490s] -- Detecting C compile features
[0.492s] -- Detecting C compile features - done
[0.502s] -- Detecting CXX compiler ABI info
[0.652s] -- Detecting CXX compiler ABI info - done
[0.677s] -- Check for working CXX compiler: /usr/bin/c++ - skipped
[0.678s] -- Detecting CXX compile features
[0.679s] -- Detecting CXX compile features - done
[0.690s] -- Found ament_cmake: 1.3.12 (/opt/ros/humble/share/ament_cmake/cmake)
[0.911s] -- Found Python3: /usr/bin/python3 (found version "3.10.12") found components: Interpreter 
[1.095s] -- Found rclcpp: 16.0.15 (/opt/ros/humble/share/rclcpp/cmake)
[1.182s] -- Found rosidl_generator_c: 3.1.7 (/opt/ros/humble/share/rosidl_generator_c/cmake)
[1.196s] -- Found rosidl_adapter: 3.1.7 (/opt/ros/humble/share/rosidl_adapter/cmake)
[1.213s] -- Found rosidl_generator_cpp: 3.1.7 (/opt/ros/humble/share/rosidl_generator_cpp/cmake)
[1.237s] -- Using all available rosidl_typesupport_c: rosidl_typesupport_fastrtps_c;rosidl_typesupport_introspection_c
[1.269s] -- Using all available rosidl_typesupport_cpp: rosidl_typesupport_fastrtps_cpp;rosidl_typesupport_introspection_cpp
[1.354s] -- Found rmw_implementation_cmake: 6.1.2 (/opt/ros/humble/share/rmw_implementation_cmake/cmake)
[1.361s] -- Found rmw_fastrtps_cpp: 6.2.9 (/opt/ros/humble/share/rmw_fastrtps_cpp/cmake)
[1.533s] -- Found OpenSSL: /usr/lib/x86_64-linux-gnu/libcrypto.so (found version "3.0.2")  
[1.573s] -- Found FastRTPS: /opt/ros/humble/include  
[1.631s] -- Using RMW implementation 'rmw_fastrtps_cpp' as default
[1.648s] -- Looking for pthread.h
[1.790s] -- Looking for pthread.h - found
[1.791s] -- Performing Test CMAKE_HAVE_LIBC_PTHREAD
[1.951s] -- Performing Test CMAKE_HAVE_LIBC_PTHREAD - Success
[1.955s] -- Found Threads: TRUE  
[2.072s] -- Found ament_lint_auto: 0.12.14 (/opt/ros/humble/share/ament_lint_auto/cmake)
[2.216s] -- Added test 'cppcheck' to perform static code analysis on C / C++ code
[2.216s] -- Configured cppcheck include dirs: 
[2.216s] -- Configured cppcheck exclude dirs and/or files: 
[2.217s] -- Added test 'lint_cmake' to check CMake code style
[2.219s] -- Added test 'uncrustify' to check C / C++ code style
[2.219s] -- Configured uncrustify additional arguments: 
[2.220s] -- Added test 'xmllint' to check XML markup files
[2.222s] -- Configuring done
[2.226s] [31mCMake Error at CMakeLists.txt:11 (add_executable):
[2.226s]   Cannot find source file:
[2.226s] 
[2.226s]     src/cpp_parameters_node.cpp
[2.226s] 
[2.226s]   Tried extensions .c .C .c++ .cc .cpp .cxx .cu .mpp .m .M .mm .ixx .cppm .h
[2.227s]   .hh .h++ .hm .hpp .hxx .in .txx .f .F .for .f77 .f90 .f95 .f03 .hip .ispc
[2.227s] 
[2.227s] [0m
[2.227s] [31mCMake Error at CMakeLists.txt:11 (add_executable):
[2.227s]   No SOURCES given to target: minimal_param_node
[2.227s] 
[2.227s] [0m
[2.227s] [0mCMake Generate step failed.  Build files cannot be regenerated correctly.[0m
[2.238s] Invoked command in '/home/ph/ros2_firstw/build/cpp_parameters' returned '1': CMAKE_PREFIX_PATH=${CMAKE_PREFIX_PATH}:/opt/ros/humble /usr/bin/cmake /home/ph/ros2_firstw/src/cpp_parameters -DCMAKE_INSTALL_PREFIX=/home/ph/ros2_firstw/install/cpp_parameters
