[0.044s] Invoking command in '/home/ph/ros2_firstw/build/action_tutorials_interfaces': CMAKE_PREFIX_PATH=${CMAKE_PREFIX_PATH}:/opt/ros/humble /usr/bin/cmake --build /home/ph/ros2_firstw/build/action_tutorials_interfaces -- -j8 -l8
[0.164s] [  3%] Built target action_tutorials_interfaces__cpp
[0.180s] [ 12%] Built target action_tutorials_interfaces__rosidl_generator_c
[0.184s] [ 12%] Built target ament_cmake_python_copy_action_tutorials_interfaces
[0.281s] [ 22%] Built target action_tutorials_interfaces__rosidl_typesupport_c
[0.311s] [ 32%] Built target action_tutorials_interfaces__rosidl_typesupport_fastrtps_c
[0.313s] [ 41%] Built target action_tutorials_interfaces__rosidl_typesupport_introspection_cpp
[0.341s] [ 51%] Built target action_tutorials_interfaces__rosidl_typesupport_introspection_c
[0.362s] [ 61%] Built target action_tutorials_interfaces__rosidl_typesupport_fastrtps_cpp
[0.375s] [ 70%] Built target action_tutorials_interfaces__rosidl_typesupport_cpp
[0.430s] [ 70%] Built target action_tutorials_interfaces
[0.480s] [ 74%] Built target action_tutorials_interfaces__py
[0.555s] [ 80%] Built target action_tutorials_interfaces__rosidl_generator_py
[0.663s] [ 87%] Built target action_tutorials_interfaces__rosidl_typesupport_c__pyext
[0.666s] [ 93%] Built target action_tutorials_interfaces__rosidl_typesupport_fastrtps_c__pyext
[0.677s] [100%] Built target action_tutorials_interfaces__rosidl_typesupport_introspection_c__pyext
[0.930s] running egg_info
[0.932s] writing action_tutorials_interfaces.egg-info/PKG-INFO
[0.933s] writing dependency_links to action_tutorials_interfaces.egg-info/dependency_links.txt
[0.933s] writing top-level names to action_tutorials_interfaces.egg-info/top_level.txt
[0.945s] reading manifest file 'action_tutorials_interfaces.egg-info/SOURCES.txt'
[0.949s] writing manifest file 'action_tutorials_interfaces.egg-info/SOURCES.txt'
[1.006s] [100%] Built target ament_cmake_python_build_action_tutorials_interfaces_egg
[1.037s] Invoked command in '/home/ph/ros2_firstw/build/action_tutorials_interfaces' returned '0': CMAKE_PREFIX_PATH=${CMAKE_PREFIX_PATH}:/opt/ros/humble /usr/bin/cmake --build /home/ph/ros2_firstw/build/action_tutorials_interfaces -- -j8 -l8
[1.038s] Invoking command in '/home/ph/ros2_firstw/build/action_tutorials_interfaces': CMAKE_PREFIX_PATH=${CMAKE_PREFIX_PATH}:/opt/ros/humble /usr/bin/cmake --install /home/ph/ros2_firstw/build/action_tutorials_interfaces
[1.078s] -- Install configuration: ""
[1.079s] -- Up-to-date: /home/ph/ros2_firstw/install/action_tutorials_interfaces/share/ament_index/resource_index/rosidl_interfaces/action_tutorials_interfaces
[1.079s] -- Up-to-date: /home/ph/ros2_firstw/install/action_tutorials_interfaces/include/action_tutorials_interfaces/action_tutorials_interfaces
[1.079s] -- Up-to-date: /home/ph/ros2_firstw/install/action_tutorials_interfaces/include/action_tutorials_interfaces/action_tutorials_interfaces/action
[1.079s] -- Up-to-date: /home/ph/ros2_firstw/install/action_tutorials_interfaces/include/action_tutorials_interfaces/action_tutorials_interfaces/action/fibonacci.h
[1.080s] -- Up-to-date: /home/ph/ros2_firstw/install/action_tutorials_interfaces/include/action_tutorials_interfaces/action_tutorials_interfaces/action/detail
[1.080s] -- Up-to-date: /home/ph/ros2_firstw/install/action_tutorials_interfaces/include/action_tutorials_interfaces/action_tutorials_interfaces/action/detail/fibonacci__functions.h
[1.080s] -- Up-to-date: /home/ph/ros2_firstw/install/action_tutorials_interfaces/include/action_tutorials_interfaces/action_tutorials_interfaces/action/detail/fibonacci__type_support.h
[1.080s] -- Up-to-date: /home/ph/ros2_firstw/install/action_tutorials_interfaces/include/action_tutorials_interfaces/action_tutorials_interfaces/action/detail/fibonacci__functions.c
[1.081s] -- Up-to-date: /home/ph/ros2_firstw/install/action_tutorials_interfaces/include/action_tutorials_interfaces/action_tutorials_interfaces/action/detail/fibonacci__struct.h
[1.081s] -- Up-to-date: /home/ph/ros2_firstw/install/action_tutorials_interfaces/include/action_tutorials_interfaces/action_tutorials_interfaces/msg
[1.081s] -- Up-to-date: /home/ph/ros2_firstw/install/action_tutorials_interfaces/include/action_tutorials_interfaces/action_tutorials_interfaces/msg/rosidl_generator_c__visibility_control.h
[1.082s] -- Up-to-date: /home/ph/ros2_firstw/install/action_tutorials_interfaces/share/action_tutorials_interfaces/environment/library_path.sh
[1.082s] -- Up-to-date: /home/ph/ros2_firstw/install/action_tutorials_interfaces/share/action_tutorials_interfaces/environment/library_path.dsv
[1.083s] -- Up-to-date: /home/ph/ros2_firstw/install/action_tutorials_interfaces/lib/libaction_tutorials_interfaces__rosidl_generator_c.so
[1.083s] -- Up-to-date: /home/ph/ros2_firstw/install/action_tutorials_interfaces/include/action_tutorials_interfaces/action_tutorials_interfaces
[1.083s] -- Up-to-date: /home/ph/ros2_firstw/install/action_tutorials_interfaces/include/action_tutorials_interfaces/action_tutorials_interfaces/action
[1.084s] -- Up-to-date: /home/ph/ros2_firstw/install/action_tutorials_interfaces/include/action_tutorials_interfaces/action_tutorials_interfaces/action/detail
[1.084s] -- Up-to-date: /home/ph/ros2_firstw/install/action_tutorials_interfaces/include/action_tutorials_interfaces/action_tutorials_interfaces/action/detail/fibonacci__rosidl_typesupport_fastrtps_c.h
[1.084s] -- Up-to-date: /home/ph/ros2_firstw/install/action_tutorials_interfaces/include/action_tutorials_interfaces/action_tutorials_interfaces/msg
[1.084s] -- Up-to-date: /home/ph/ros2_firstw/install/action_tutorials_interfaces/include/action_tutorials_interfaces/action_tutorials_interfaces/msg/rosidl_typesupport_fastrtps_c__visibility_control.h
[1.084s] -- Up-to-date: /home/ph/ros2_firstw/install/action_tutorials_interfaces/lib/libaction_tutorials_interfaces__rosidl_typesupport_fastrtps_c.so
[1.084s] -- Up-to-date: /home/ph/ros2_firstw/install/action_tutorials_interfaces/include/action_tutorials_interfaces/action_tutorials_interfaces
[1.085s] -- Up-to-date: /home/ph/ros2_firstw/install/action_tutorials_interfaces/include/action_tutorials_interfaces/action_tutorials_interfaces/action
[1.085s] -- Up-to-date: /home/ph/ros2_firstw/install/action_tutorials_interfaces/include/action_tutorials_interfaces/action_tutorials_interfaces/action/detail
[1.085s] -- Up-to-date: /home/ph/ros2_firstw/install/action_tutorials_interfaces/include/action_tutorials_interfaces/action_tutorials_interfaces/action/detail/fibonacci__rosidl_typesupport_introspection_c.h
[1.085s] -- Up-to-date: /home/ph/ros2_firstw/install/action_tutorials_interfaces/include/action_tutorials_interfaces/action_tutorials_interfaces/action/detail/fibonacci__type_support.c
[1.086s] -- Up-to-date: /home/ph/ros2_firstw/install/action_tutorials_interfaces/include/action_tutorials_interfaces/action_tutorials_interfaces/msg
[1.086s] -- Up-to-date: /home/ph/ros2_firstw/install/action_tutorials_interfaces/include/action_tutorials_interfaces/action_tutorials_interfaces/msg/rosidl_typesupport_introspection_c__visibility_control.h
[1.086s] -- Up-to-date: /home/ph/ros2_firstw/install/action_tutorials_interfaces/lib/libaction_tutorials_interfaces__rosidl_typesupport_introspection_c.so
[1.086s] -- Up-to-date: /home/ph/ros2_firstw/install/action_tutorials_interfaces/lib/libaction_tutorials_interfaces__rosidl_typesupport_c.so
[1.086s] -- Up-to-date: /home/ph/ros2_firstw/install/action_tutorials_interfaces/include/action_tutorials_interfaces/action_tutorials_interfaces
[1.086s] -- Up-to-date: /home/ph/ros2_firstw/install/action_tutorials_interfaces/include/action_tutorials_interfaces/action_tutorials_interfaces/action
[1.086s] -- Up-to-date: /home/ph/ros2_firstw/install/action_tutorials_interfaces/include/action_tutorials_interfaces/action_tutorials_interfaces/action/fibonacci.hpp
[1.087s] -- Up-to-date: /home/ph/ros2_firstw/install/action_tutorials_interfaces/include/action_tutorials_interfaces/action_tutorials_interfaces/action/detail
[1.087s] -- Up-to-date: /home/ph/ros2_firstw/install/action_tutorials_interfaces/include/action_tutorials_interfaces/action_tutorials_interfaces/action/detail/fibonacci__struct.hpp
[1.087s] -- Up-to-date: /home/ph/ros2_firstw/install/action_tutorials_interfaces/include/action_tutorials_interfaces/action_tutorials_interfaces/action/detail/fibonacci__builder.hpp
[1.087s] -- Up-to-date: /home/ph/ros2_firstw/install/action_tutorials_interfaces/include/action_tutorials_interfaces/action_tutorials_interfaces/action/detail/fibonacci__type_support.hpp
[1.088s] -- Up-to-date: /home/ph/ros2_firstw/install/action_tutorials_interfaces/include/action_tutorials_interfaces/action_tutorials_interfaces/action/detail/fibonacci__traits.hpp
[1.088s] -- Up-to-date: /home/ph/ros2_firstw/install/action_tutorials_interfaces/include/action_tutorials_interfaces/action_tutorials_interfaces/msg
[1.088s] -- Up-to-date: /home/ph/ros2_firstw/install/action_tutorials_interfaces/include/action_tutorials_interfaces/action_tutorials_interfaces/msg/rosidl_generator_cpp__visibility_control.hpp
[1.088s] -- Up-to-date: /home/ph/ros2_firstw/install/action_tutorials_interfaces/include/action_tutorials_interfaces/action_tutorials_interfaces
[1.088s] -- Up-to-date: /home/ph/ros2_firstw/install/action_tutorials_interfaces/include/action_tutorials_interfaces/action_tutorials_interfaces/action
[1.089s] -- Up-to-date: /home/ph/ros2_firstw/install/action_tutorials_interfaces/include/action_tutorials_interfaces/action_tutorials_interfaces/action/detail
[1.089s] -- Up-to-date: /home/ph/ros2_firstw/install/action_tutorials_interfaces/include/action_tutorials_interfaces/action_tutorials_interfaces/action/detail/dds_fastrtps
[1.089s] -- Up-to-date: /home/ph/ros2_firstw/install/action_tutorials_interfaces/include/action_tutorials_interfaces/action_tutorials_interfaces/action/detail/fibonacci__rosidl_typesupport_fastrtps_cpp.hpp
[1.089s] -- Up-to-date: /home/ph/ros2_firstw/install/action_tutorials_interfaces/include/action_tutorials_interfaces/action_tutorials_interfaces/msg
[1.089s] -- Up-to-date: /home/ph/ros2_firstw/install/action_tutorials_interfaces/include/action_tutorials_interfaces/action_tutorials_interfaces/msg/rosidl_typesupport_fastrtps_cpp__visibility_control.h
[1.090s] -- Up-to-date: /home/ph/ros2_firstw/install/action_tutorials_interfaces/lib/libaction_tutorials_interfaces__rosidl_typesupport_fastrtps_cpp.so
[1.090s] -- Up-to-date: /home/ph/ros2_firstw/install/action_tutorials_interfaces/include/action_tutorials_interfaces/action_tutorials_interfaces
[1.091s] -- Up-to-date: /home/ph/ros2_firstw/install/action_tutorials_interfaces/include/action_tutorials_interfaces/action_tutorials_interfaces/action
[1.092s] -- Up-to-date: /home/ph/ros2_firstw/install/action_tutorials_interfaces/include/action_tutorials_interfaces/action_tutorials_interfaces/action/detail
[1.093s] -- Up-to-date: /home/ph/ros2_firstw/install/action_tutorials_interfaces/include/action_tutorials_interfaces/action_tutorials_interfaces/action/detail/fibonacci__rosidl_typesupport_introspection_cpp.hpp
[1.093s] -- Up-to-date: /home/ph/ros2_firstw/install/action_tutorials_interfaces/include/action_tutorials_interfaces/action_tutorials_interfaces/action/detail/fibonacci__type_support.cpp
[1.093s] -- Up-to-date: /home/ph/ros2_firstw/install/action_tutorials_interfaces/lib/libaction_tutorials_interfaces__rosidl_typesupport_introspection_cpp.so
[1.093s] -- Up-to-date: /home/ph/ros2_firstw/install/action_tutorials_interfaces/lib/libaction_tutorials_interfaces__rosidl_typesupport_cpp.so
[1.094s] -- Up-to-date: /home/ph/ros2_firstw/install/action_tutorials_interfaces/share/action_tutorials_interfaces/environment/pythonpath.sh
[1.094s] -- Up-to-date: /home/ph/ros2_firstw/install/action_tutorials_interfaces/share/action_tutorials_interfaces/environment/pythonpath.dsv
[1.094s] -- Up-to-date: /home/ph/ros2_firstw/install/action_tutorials_interfaces/local/lib/python3.10/dist-packages/action_tutorials_interfaces-0.0.0-py3.10.egg-info
[1.095s] -- Installing: /home/ph/ros2_firstw/install/action_tutorials_interfaces/local/lib/python3.10/dist-packages/action_tutorials_interfaces-0.0.0-py3.10.egg-info/top_level.txt
[1.095s] -- Installing: /home/ph/ros2_firstw/install/action_tutorials_interfaces/local/lib/python3.10/dist-packages/action_tutorials_interfaces-0.0.0-py3.10.egg-info/PKG-INFO
[1.095s] -- Installing: /home/ph/ros2_firstw/install/action_tutorials_interfaces/local/lib/python3.10/dist-packages/action_tutorials_interfaces-0.0.0-py3.10.egg-info/SOURCES.txt
[1.095s] -- Installing: /home/ph/ros2_firstw/install/action_tutorials_interfaces/local/lib/python3.10/dist-packages/action_tutorials_interfaces-0.0.0-py3.10.egg-info/dependency_links.txt
[1.095s] -- Up-to-date: /home/ph/ros2_firstw/install/action_tutorials_interfaces/local/lib/python3.10/dist-packages/action_tutorials_interfaces
[1.095s] -- Up-to-date: /home/ph/ros2_firstw/install/action_tutorials_interfaces/local/lib/python3.10/dist-packages/action_tutorials_interfaces/action_tutorials_interfaces_s__rosidl_typesupport_introspection_c.cpython-310-x86_64-linux-gnu.so
[1.096s] -- Up-to-date: /home/ph/ros2_firstw/install/action_tutorials_interfaces/local/lib/python3.10/dist-packages/action_tutorials_interfaces/action
[1.096s] -- Up-to-date: /home/ph/ros2_firstw/install/action_tutorials_interfaces/local/lib/python3.10/dist-packages/action_tutorials_interfaces/action/_fibonacci.py
[1.096s] -- Up-to-date: /home/ph/ros2_firstw/install/action_tutorials_interfaces/local/lib/python3.10/dist-packages/action_tutorials_interfaces/action/_fibonacci_s.c
[1.096s] -- Up-to-date: /home/ph/ros2_firstw/install/action_tutorials_interfaces/local/lib/python3.10/dist-packages/action_tutorials_interfaces/action/__init__.py
[1.096s] -- Up-to-date: /home/ph/ros2_firstw/install/action_tutorials_interfaces/local/lib/python3.10/dist-packages/action_tutorials_interfaces/action_tutorials_interfaces_s__rosidl_typesupport_c.cpython-310-x86_64-linux-gnu.so
[1.096s] -- Up-to-date: /home/ph/ros2_firstw/install/action_tutorials_interfaces/local/lib/python3.10/dist-packages/action_tutorials_interfaces/_action_tutorials_interfaces_s.ep.rosidl_typesupport_c.c
[1.097s] -- Up-to-date: /home/ph/ros2_firstw/install/action_tutorials_interfaces/local/lib/python3.10/dist-packages/action_tutorials_interfaces/libaction_tutorials_interfaces__rosidl_generator_py.so
[1.097s] -- Up-to-date: /home/ph/ros2_firstw/install/action_tutorials_interfaces/local/lib/python3.10/dist-packages/action_tutorials_interfaces/action_tutorials_interfaces_s__rosidl_typesupport_fastrtps_c.cpython-310-x86_64-linux-gnu.so
[1.097s] -- Up-to-date: /home/ph/ros2_firstw/install/action_tutorials_interfaces/local/lib/python3.10/dist-packages/action_tutorials_interfaces/__init__.py
[1.097s] -- Up-to-date: /home/ph/ros2_firstw/install/action_tutorials_interfaces/local/lib/python3.10/dist-packages/action_tutorials_interfaces/_action_tutorials_interfaces_s.ep.rosidl_typesupport_introspection_c.c
[1.097s] -- Up-to-date: /home/ph/ros2_firstw/install/action_tutorials_interfaces/local/lib/python3.10/dist-packages/action_tutorials_interfaces/_action_tutorials_interfaces_s.ep.rosidl_typesupport_fastrtps_c.c
[1.126s] Listing '/home/ph/ros2_firstw/install/action_tutorials_interfaces/local/lib/python3.10/dist-packages/action_tutorials_interfaces'...
[1.126s] Listing '/home/ph/ros2_firstw/install/action_tutorials_interfaces/local/lib/python3.10/dist-packages/action_tutorials_interfaces/action'...
[1.143s] -- Up-to-date: /home/ph/ros2_firstw/install/action_tutorials_interfaces/local/lib/python3.10/dist-packages/action_tutorials_interfaces/action_tutorials_interfaces_s__rosidl_typesupport_fastrtps_c.cpython-310-x86_64-linux-gnu.so
[1.143s] -- Up-to-date: /home/ph/ros2_firstw/install/action_tutorials_interfaces/local/lib/python3.10/dist-packages/action_tutorials_interfaces/action_tutorials_interfaces_s__rosidl_typesupport_introspection_c.cpython-310-x86_64-linux-gnu.so
[1.143s] -- Up-to-date: /home/ph/ros2_firstw/install/action_tutorials_interfaces/local/lib/python3.10/dist-packages/action_tutorials_interfaces/action_tutorials_interfaces_s__rosidl_typesupport_c.cpython-310-x86_64-linux-gnu.so
[1.143s] -- Up-to-date: /home/ph/ros2_firstw/install/action_tutorials_interfaces/lib/libaction_tutorials_interfaces__rosidl_generator_py.so
[1.144s] -- Up-to-date: /home/ph/ros2_firstw/install/action_tutorials_interfaces/share/action_tutorials_interfaces/action/Fibonacci.idl
[1.144s] -- Up-to-date: /home/ph/ros2_firstw/install/action_tutorials_interfaces/share/action_tutorials_interfaces/action/Fibonacci.action
[1.144s] -- Up-to-date: /home/ph/ros2_firstw/install/action_tutorials_interfaces/share/ament_index/resource_index/package_run_dependencies/action_tutorials_interfaces
[1.144s] -- Up-to-date: /home/ph/ros2_firstw/install/action_tutorials_interfaces/share/ament_index/resource_index/parent_prefix_path/action_tutorials_interfaces
[1.145s] -- Up-to-date: /home/ph/ros2_firstw/install/action_tutorials_interfaces/share/action_tutorials_interfaces/environment/ament_prefix_path.sh
[1.145s] -- Up-to-date: /home/ph/ros2_firstw/install/action_tutorials_interfaces/share/action_tutorials_interfaces/environment/ament_prefix_path.dsv
[1.146s] -- Up-to-date: /home/ph/ros2_firstw/install/action_tutorials_interfaces/share/action_tutorials_interfaces/environment/path.sh
[1.146s] -- Up-to-date: /home/ph/ros2_firstw/install/action_tutorials_interfaces/share/action_tutorials_interfaces/environment/path.dsv
[1.146s] -- Up-to-date: /home/ph/ros2_firstw/install/action_tutorials_interfaces/share/action_tutorials_interfaces/local_setup.bash
[1.146s] -- Up-to-date: /home/ph/ros2_firstw/install/action_tutorials_interfaces/share/action_tutorials_interfaces/local_setup.sh
[1.146s] -- Up-to-date: /home/ph/ros2_firstw/install/action_tutorials_interfaces/share/action_tutorials_interfaces/local_setup.zsh
[1.146s] -- Up-to-date: /home/ph/ros2_firstw/install/action_tutorials_interfaces/share/action_tutorials_interfaces/local_setup.dsv
[1.147s] -- Installing: /home/ph/ros2_firstw/install/action_tutorials_interfaces/share/action_tutorials_interfaces/package.dsv
[1.147s] -- Up-to-date: /home/ph/ros2_firstw/install/action_tutorials_interfaces/share/ament_index/resource_index/packages/action_tutorials_interfaces
[1.147s] -- Up-to-date: /home/ph/ros2_firstw/install/action_tutorials_interfaces/share/action_tutorials_interfaces/cmake/export_action_tutorials_interfaces__rosidl_generator_cExport.cmake
[1.147s] -- Up-to-date: /home/ph/ros2_firstw/install/action_tutorials_interfaces/share/action_tutorials_interfaces/cmake/export_action_tutorials_interfaces__rosidl_generator_cExport-noconfig.cmake
[1.147s] -- Up-to-date: /home/ph/ros2_firstw/install/action_tutorials_interfaces/share/action_tutorials_interfaces/cmake/export_action_tutorials_interfaces__rosidl_typesupport_fastrtps_cExport.cmake
[1.147s] -- Up-to-date: /home/ph/ros2_firstw/install/action_tutorials_interfaces/share/action_tutorials_interfaces/cmake/export_action_tutorials_interfaces__rosidl_typesupport_fastrtps_cExport-noconfig.cmake
[1.148s] -- Up-to-date: /home/ph/ros2_firstw/install/action_tutorials_interfaces/share/action_tutorials_interfaces/cmake/action_tutorials_interfaces__rosidl_typesupport_introspection_cExport.cmake
[1.148s] -- Up-to-date: /home/ph/ros2_firstw/install/action_tutorials_interfaces/share/action_tutorials_interfaces/cmake/action_tutorials_interfaces__rosidl_typesupport_introspection_cExport-noconfig.cmake
[1.148s] -- Up-to-date: /home/ph/ros2_firstw/install/action_tutorials_interfaces/share/action_tutorials_interfaces/cmake/action_tutorials_interfaces__rosidl_typesupport_cExport.cmake
[1.148s] -- Up-to-date: /home/ph/ros2_firstw/install/action_tutorials_interfaces/share/action_tutorials_interfaces/cmake/action_tutorials_interfaces__rosidl_typesupport_cExport-noconfig.cmake
[1.148s] -- Up-to-date: /home/ph/ros2_firstw/install/action_tutorials_interfaces/share/action_tutorials_interfaces/cmake/export_action_tutorials_interfaces__rosidl_generator_cppExport.cmake
[1.148s] -- Up-to-date: /home/ph/ros2_firstw/install/action_tutorials_interfaces/share/action_tutorials_interfaces/cmake/export_action_tutorials_interfaces__rosidl_typesupport_fastrtps_cppExport.cmake
[1.148s] -- Up-to-date: /home/ph/ros2_firstw/install/action_tutorials_interfaces/share/action_tutorials_interfaces/cmake/export_action_tutorials_interfaces__rosidl_typesupport_fastrtps_cppExport-noconfig.cmake
[1.149s] -- Up-to-date: /home/ph/ros2_firstw/install/action_tutorials_interfaces/share/action_tutorials_interfaces/cmake/action_tutorials_interfaces__rosidl_typesupport_introspection_cppExport.cmake
[1.149s] -- Up-to-date: /home/ph/ros2_firstw/install/action_tutorials_interfaces/share/action_tutorials_interfaces/cmake/action_tutorials_interfaces__rosidl_typesupport_introspection_cppExport-noconfig.cmake
[1.149s] -- Up-to-date: /home/ph/ros2_firstw/install/action_tutorials_interfaces/share/action_tutorials_interfaces/cmake/action_tutorials_interfaces__rosidl_typesupport_cppExport.cmake
[1.149s] -- Up-to-date: /home/ph/ros2_firstw/install/action_tutorials_interfaces/share/action_tutorials_interfaces/cmake/action_tutorials_interfaces__rosidl_typesupport_cppExport-noconfig.cmake
[1.149s] -- Up-to-date: /home/ph/ros2_firstw/install/action_tutorials_interfaces/share/action_tutorials_interfaces/cmake/export_action_tutorials_interfaces__rosidl_generator_pyExport.cmake
[1.149s] -- Up-to-date: /home/ph/ros2_firstw/install/action_tutorials_interfaces/share/action_tutorials_interfaces/cmake/export_action_tutorials_interfaces__rosidl_generator_pyExport-noconfig.cmake
[1.149s] -- Up-to-date: /home/ph/ros2_firstw/install/action_tutorials_interfaces/share/action_tutorials_interfaces/cmake/rosidl_cmake-extras.cmake
[1.149s] -- Up-to-date: /home/ph/ros2_firstw/install/action_tutorials_interfaces/share/action_tutorials_interfaces/cmake/ament_cmake_export_dependencies-extras.cmake
[1.149s] -- Up-to-date: /home/ph/ros2_firstw/install/action_tutorials_interfaces/share/action_tutorials_interfaces/cmake/ament_cmake_export_include_directories-extras.cmake
[1.149s] -- Up-to-date: /home/ph/ros2_firstw/install/action_tutorials_interfaces/share/action_tutorials_interfaces/cmake/ament_cmake_export_libraries-extras.cmake
[1.150s] -- Up-to-date: /home/ph/ros2_firstw/install/action_tutorials_interfaces/share/action_tutorials_interfaces/cmake/ament_cmake_export_targets-extras.cmake
[1.150s] -- Up-to-date: /home/ph/ros2_firstw/install/action_tutorials_interfaces/share/action_tutorials_interfaces/cmake/rosidl_cmake_export_typesupport_targets-extras.cmake
[1.150s] -- Up-to-date: /home/ph/ros2_firstw/install/action_tutorials_interfaces/share/action_tutorials_interfaces/cmake/rosidl_cmake_export_typesupport_libraries-extras.cmake
[1.150s] -- Up-to-date: /home/ph/ros2_firstw/install/action_tutorials_interfaces/share/action_tutorials_interfaces/cmake/action_tutorials_interfacesConfig.cmake
[1.150s] -- Up-to-date: /home/ph/ros2_firstw/install/action_tutorials_interfaces/share/action_tutorials_interfaces/cmake/action_tutorials_interfacesConfig-version.cmake
[1.150s] -- Up-to-date: /home/ph/ros2_firstw/install/action_tutorials_interfaces/share/action_tutorials_interfaces/package.xml
[1.194s] Invoked command in '/home/ph/ros2_firstw/build/action_tutorials_interfaces' returned '0': CMAKE_PREFIX_PATH=${CMAKE_PREFIX_PATH}:/opt/ros/humble /usr/bin/cmake --install /home/ph/ros2_firstw/build/action_tutorials_interfaces
