[2.663s] Invoking command in '/home/ph/ws/lidar_ws/src/helios16p_cane_robot': PYTHONPATH=/home/ph/ws/lidar_ws/build/helios16p_cane_robot/prefix_override:/usr/lib/python3/dist-packages/colcon_core/task/python/colcon_distutils_commands:/home/ph/ws/lidar_ws/install/helios16p_cane_robot/lib/python3.10/site-packages:${PYTHONPATH} /usr/bin/python3 -W ignore:setup.py install is deprecated -W ignore:easy_install command is deprecated setup.py egg_info --egg-base ../../build/helios16p_cane_robot build --build-base /home/ph/ws/lidar_ws/build/helios16p_cane_robot/build install --record /home/ph/ws/lidar_ws/build/helios16p_cane_robot/install.log --single-version-externally-managed install_data
[3.586s] running egg_info
[3.650s] writing ../../build/helios16p_cane_robot/helios16p_cane_robot.egg-info/PKG-INFO
[3.653s] writing dependency_links to ../../build/helios16p_cane_robot/helios16p_cane_robot.egg-info/dependency_links.txt
[3.653s] deleting ../../build/helios16p_cane_robot/helios16p_cane_robot.egg-info/entry_points.txt
[3.655s] writing requirements to ../../build/helios16p_cane_robot/helios16p_cane_robot.egg-info/requires.txt
[3.655s] writing top-level names to ../../build/helios16p_cane_robot/helios16p_cane_robot.egg-info/top_level.txt
[3.784s] reading manifest file '../../build/helios16p_cane_robot/helios16p_cane_robot.egg-info/SOURCES.txt'
[3.785s] Traceback (most recent call last):
[3.786s]   File "/home/ph/ws/lidar_ws/src/helios16p_cane_robot/setup.py", line 7, in <module>
[3.786s]     setup(
[3.786s]   File "/home/ph/.local/lib/python3.10/site-packages/setuptools/__init__.py", line 115, in setup
[3.787s]     return distutils.core.setup(**attrs)
[3.787s]   File "/home/ph/.local/lib/python3.10/site-packages/setuptools/_distutils/core.py", line 186, in setup
[3.788s]     return run_commands(dist)
[3.788s]   File "/home/ph/.local/lib/python3.10/site-packages/setuptools/_distutils/core.py", line 202, in run_commands
[3.788s]     dist.run_commands()
[3.789s]   File "/home/ph/.local/lib/python3.10/site-packages/setuptools/_distutils/dist.py", line 1002, in run_commands
[3.789s]     self.run_command(cmd)
[3.789s]   File "/home/ph/.local/lib/python3.10/site-packages/setuptools/dist.py", line 1102, in run_command
[3.789s]     super().run_command(command)
[3.790s]   File "/home/ph/.local/lib/python3.10/site-packages/setuptools/_distutils/dist.py", line 1021, in run_command
[3.790s]     cmd_obj.run()
[3.790s]   File "/home/ph/.local/lib/python3.10/site-packages/setuptools/command/egg_info.py", line 312, in run
[3.790s]     self.find_sources()
[3.791s]   File "/home/ph/.local/lib/python3.10/site-packages/setuptools/command/egg_info.py", line 320, in find_sources
[3.791s]     mm.run()
[3.791s]   File "/home/ph/.local/lib/python3.10/site-packages/setuptools/command/egg_info.py", line 548, in run
[3.791s]     self.prune_file_list()
[3.792s]   File "/home/ph/.local/lib/python3.10/site-packages/setuptools/command/sdist.py", line 162, in prune_file_list
[3.792s]     super().prune_file_list()
[3.792s]   File "/home/ph/.local/lib/python3.10/site-packages/setuptools/_distutils/command/sdist.py", line 386, in prune_file_list
[3.792s]     base_dir = self.distribution.get_fullname()
[3.793s]   File "/home/ph/.local/lib/python3.10/site-packages/setuptools/_core_metadata.py", line 275, in get_fullname
[3.793s]     return _distribution_fullname(self.get_name(), self.get_version())
[3.793s]   File "/home/ph/.local/lib/python3.10/site-packages/setuptools/_core_metadata.py", line 293, in _distribution_fullname
[3.793s]     canonicalize_version(version, strip_trailing_zero=False),
[3.794s] TypeError: canonicalize_version() got an unexpected keyword argument 'strip_trailing_zero'
[3.860s] Invoked command in '/home/ph/ws/lidar_ws/src/helios16p_cane_robot' returned '1': PYTHONPATH=/home/ph/ws/lidar_ws/build/helios16p_cane_robot/prefix_override:/usr/lib/python3/dist-packages/colcon_core/task/python/colcon_distutils_commands:/home/ph/ws/lidar_ws/install/helios16p_cane_robot/lib/python3.10/site-packages:${PYTHONPATH} /usr/bin/python3 -W ignore:setup.py install is deprecated -W ignore:easy_install command is deprecated setup.py egg_info --egg-base ../../build/helios16p_cane_robot build --build-base /home/ph/ws/lidar_ws/build/helios16p_cane_robot/build install --record /home/ph/ws/lidar_ws/build/helios16p_cane_robot/install.log --single-version-externally-managed install_data
