[0.024s] Invoking command in '/home/ph/ws/helios16p_ws/build/rslidar_sdk': CMAKE_PREFIX_PATH=/home/ph/ws/helios16p_ws/install/rslidar_msg:/home/ph/ws/helios16p_ws/install/rslidar_sdk:/home/ph/ws/helios16p_ws/install/kiss_icp:/home/ph/wsfake/helios16p_ws/install/rslidar_sdk:/home/ph/wsfake/helios16p_ws/install/rslidar_msg:/home/ph/wsfake/helios16p_ws/install/kiss_icp:/home/ph/ws/lidar_ws/install/rslidar_sdk:/home/ph/ws/lidar_ws/install/rslidar_msg:/home/ph/ws/lidar_ws/install/kiss_icp:/home/ph/ws/helios16p_ws/install/helios16p_cane_robot:/home/ph/wsfake/helios16p_ws/install/helios16p_cane_robot:/home/ph/ws/lidar_ws/install/helios16p_cane_robot:/opt/ros/humble /usr/bin/cmake /home/ph/ws/helios16p_ws/src/rslidar_sdk -DCMAKE_INSTALL_PREFIX=/home/ph/ws/helios16p_ws/install/rslidar_sdk
[0.041s] [0mCMake Deprecation Warning at CMakeLists.txt:1 (cmake_minimum_required):
[0.041s]   Compatibility with CMake < 3.10 will be removed from a future version of
[0.041s]   CMake.
[0.042s] 
[0.042s]   Update the VERSION argument <min> value.  Or, use the <min>...<max> syntax
[0.042s]   to tell CMake that the project requires at least <min> but has been updated
[0.042s]   to work with policies introduced by <max> or earlier.
[0.042s] 
[0.042s] [0m
[0.110s] -- The C compiler identification is GNU 11.4.0
[0.242s] -- The CXX compiler identification is GNU 11.4.0
[0.267s] -- Detecting C compiler ABI info
[0.405s] -- Detecting C compiler ABI info - done
[0.448s] -- Check for working C compiler: /usr/bin/cc - skipped
[0.448s] -- Detecting C compile features
[0.449s] -- Detecting C compile features - done
[0.480s] -- Detecting CXX compiler ABI info
[0.606s] -- Detecting CXX compiler ABI info - done
[0.660s] -- Check for working CXX compiler: /usr/bin/c++ - skipped
[0.660s] -- Detecting CXX compile features
[0.661s] -- Detecting CXX compile features - done
[0.677s] [0m=============================================================[0m
[0.677s] [0m-- POINT_TYPE is XYZI[0m
[0.677s] [0m=============================================================[0m
[0.696s] [0m=============================================================[0m
[0.697s] [0m-- ROS Not Found. ROS Support is turned Off.[0m
[0.697s] [0m=============================================================[0m
[0.909s] -- Found Python3: /usr/bin/python3 (found version "3.10.12") found components: Interpreter
[1.183s] -- Found rosidl_generator_c: 3.1.7 (/opt/ros/humble/share/rosidl_generator_c/cmake)
[1.192s] -- Found rosidl_adapter: 3.1.7 (/opt/ros/humble/share/rosidl_adapter/cmake)
[1.208s] -- Found rosidl_generator_cpp: 3.1.7 (/opt/ros/humble/share/rosidl_generator_cpp/cmake)
[1.230s] -- Using all available rosidl_typesupport_c: rosidl_typesupport_fastrtps_c;rosidl_typesupport_introspection_c
[1.259s] -- Using all available rosidl_typesupport_cpp: rosidl_typesupport_fastrtps_cpp;rosidl_typesupport_introspection_cpp
[1.341s] -- Found rmw_implementation_cmake: 6.1.2 (/opt/ros/humble/share/rmw_implementation_cmake/cmake)
[1.346s] -- Found rmw_fastrtps_cpp: 6.2.9 (/opt/ros/humble/share/rmw_fastrtps_cpp/cmake)
[1.528s] -- Found OpenSSL: /usr/lib/x86_64-linux-gnu/libcrypto.so (found version "3.0.2")
[1.581s] -- Found FastRTPS: /opt/ros/humble/include
[1.650s] -- Using RMW implementation 'rmw_fastrtps_cpp' as default
[1.665s] -- Performing Test CMAKE_HAVE_LIBC_PTHREAD
[1.780s] -- Performing Test CMAKE_HAVE_LIBC_PTHREAD - Success
[1.785s] -- Found Threads: TRUE
[1.896s] [0m=============================================================[0m
[1.896s] [0m-- ROS2 Found. ROS2 Support is turned On.[0m
[1.897s] [0m=============================================================[0m
[1.900s] -- Found sensor_msgs: 4.9.0 (/opt/ros/humble/share/sensor_msgs/cmake)
[1.965s] -- Found rslidar_msg: 0.0.0 (/home/ph/ws/helios16p_ws/install/rslidar_msg/share/rslidar_msg/cmake)
[1.996s] [0mCMake Deprecation Warning at src/rs_driver/CMakeLists.txt:1 (cmake_minimum_required):
[1.996s]   Compatibility with CMake < 3.10 will be removed from a future version of
[1.996s]   CMake.
[1.996s] 
[1.997s]   Update the VERSION argument <min> value.  Or, use the <min>...<max> syntax
[1.997s]   to tell CMake that the project requires at least <min> but has been updated
[1.997s]   to work with policies introduced by <max> or earlier.
[1.997s] 
[1.997s] [0m
[1.997s] [0m=============================================================[0m
[1.998s] [0m-- CMake run for UNIX GNU Compiler[0m
[1.998s] [0m=============================================================[0m
[2.000s] [0m=============================================================[0m
[2.001s] [0m-- rs_driver Version : v1.5.18[0m
[2.001s] [0m=============================================================[0m
[2.127s] -- Configuring done (2.1s)
[2.148s] -- Generating done (0.0s)
[2.181s] -- Build files have been written to: /home/ph/ws/helios16p_ws/build/rslidar_sdk
[2.193s] Invoked command in '/home/ph/ws/helios16p_ws/build/rslidar_sdk' returned '0': CMAKE_PREFIX_PATH=/home/ph/ws/helios16p_ws/install/rslidar_msg:/home/ph/ws/helios16p_ws/install/rslidar_sdk:/home/ph/ws/helios16p_ws/install/kiss_icp:/home/ph/wsfake/helios16p_ws/install/rslidar_sdk:/home/ph/wsfake/helios16p_ws/install/rslidar_msg:/home/ph/wsfake/helios16p_ws/install/kiss_icp:/home/ph/ws/lidar_ws/install/rslidar_sdk:/home/ph/ws/lidar_ws/install/rslidar_msg:/home/ph/ws/lidar_ws/install/kiss_icp:/home/ph/ws/helios16p_ws/install/helios16p_cane_robot:/home/ph/wsfake/helios16p_ws/install/helios16p_cane_robot:/home/ph/ws/lidar_ws/install/helios16p_cane_robot:/opt/ros/humble /usr/bin/cmake /home/ph/ws/helios16p_ws/src/rslidar_sdk -DCMAKE_INSTALL_PREFIX=/home/ph/ws/helios16p_ws/install/rslidar_sdk
[2.196s] Invoking command in '/home/ph/ws/helios16p_ws/build/rslidar_sdk': CMAKE_PREFIX_PATH=/home/ph/ws/helios16p_ws/install/rslidar_msg:/home/ph/ws/helios16p_ws/install/rslidar_sdk:/home/ph/ws/helios16p_ws/install/kiss_icp:/home/ph/wsfake/helios16p_ws/install/rslidar_sdk:/home/ph/wsfake/helios16p_ws/install/rslidar_msg:/home/ph/wsfake/helios16p_ws/install/kiss_icp:/home/ph/ws/lidar_ws/install/rslidar_sdk:/home/ph/ws/lidar_ws/install/rslidar_msg:/home/ph/ws/lidar_ws/install/kiss_icp:/home/ph/ws/helios16p_ws/install/helios16p_cane_robot:/home/ph/wsfake/helios16p_ws/install/helios16p_cane_robot:/home/ph/ws/lidar_ws/install/helios16p_cane_robot:/opt/ros/humble /usr/bin/cmake --build /home/ph/ws/helios16p_ws/build/rslidar_sdk -- -j8 -l8
[2.261s] [ 66%] [32mBuilding CXX object CMakeFiles/rslidar_sdk_node.dir/src/manager/node_manager.cpp.o[0m
[2.261s] [ 66%] [32mBuilding CXX object CMakeFiles/rslidar_sdk_node.dir/node/rslidar_sdk_node.cpp.o[0m
[25.868s] [100%] [1m[32mLinking CXX executable rslidar_sdk_node[0m
[26.244s] [100%] Built target rslidar_sdk_node
[26.263s] Invoked command in '/home/ph/ws/helios16p_ws/build/rslidar_sdk' returned '0': CMAKE_PREFIX_PATH=/home/ph/ws/helios16p_ws/install/rslidar_msg:/home/ph/ws/helios16p_ws/install/rslidar_sdk:/home/ph/ws/helios16p_ws/install/kiss_icp:/home/ph/wsfake/helios16p_ws/install/rslidar_sdk:/home/ph/wsfake/helios16p_ws/install/rslidar_msg:/home/ph/wsfake/helios16p_ws/install/kiss_icp:/home/ph/ws/lidar_ws/install/rslidar_sdk:/home/ph/ws/lidar_ws/install/rslidar_msg:/home/ph/ws/lidar_ws/install/kiss_icp:/home/ph/ws/helios16p_ws/install/helios16p_cane_robot:/home/ph/wsfake/helios16p_ws/install/helios16p_cane_robot:/home/ph/ws/lidar_ws/install/helios16p_cane_robot:/opt/ros/humble /usr/bin/cmake --build /home/ph/ws/helios16p_ws/build/rslidar_sdk -- -j8 -l8
[26.281s] Invoking command in '/home/ph/ws/helios16p_ws/build/rslidar_sdk': CMAKE_PREFIX_PATH=/home/ph/ws/helios16p_ws/install/rslidar_msg:/home/ph/ws/helios16p_ws/install/rslidar_sdk:/home/ph/ws/helios16p_ws/install/kiss_icp:/home/ph/wsfake/helios16p_ws/install/rslidar_sdk:/home/ph/wsfake/helios16p_ws/install/rslidar_msg:/home/ph/wsfake/helios16p_ws/install/kiss_icp:/home/ph/ws/lidar_ws/install/rslidar_sdk:/home/ph/ws/lidar_ws/install/rslidar_msg:/home/ph/ws/lidar_ws/install/kiss_icp:/home/ph/ws/helios16p_ws/install/helios16p_cane_robot:/home/ph/wsfake/helios16p_ws/install/helios16p_cane_robot:/home/ph/ws/lidar_ws/install/helios16p_cane_robot:/opt/ros/humble /usr/bin/cmake --install /home/ph/ws/helios16p_ws/build/rslidar_sdk
[26.291s] -- Install configuration: "Release"
[26.292s] -- Installing: /home/ph/ws/helios16p_ws/install/rslidar_sdk/lib/rslidar_sdk/rslidar_sdk_node
[26.298s] -- Set non-toolchain portion of runtime path of "/home/ph/ws/helios16p_ws/install/rslidar_sdk/lib/rslidar_sdk/rslidar_sdk_node" to ""
[26.298s] -- Installing: /home/ph/ws/helios16p_ws/install/rslidar_sdk/share/rslidar_sdk/launch
[26.298s] -- Installing: /home/ph/ws/helios16p_ws/install/rslidar_sdk/share/rslidar_sdk/launch/humble_start.py
[26.298s] -- Installing: /home/ph/ws/helios16p_ws/install/rslidar_sdk/share/rslidar_sdk/launch/start.launch
[26.298s] -- Installing: /home/ph/ws/helios16p_ws/install/rslidar_sdk/share/rslidar_sdk/launch/elequent_start.py
[26.299s] -- Installing: /home/ph/ws/helios16p_ws/install/rslidar_sdk/share/rslidar_sdk/launch/start.py
[26.299s] -- Installing: /home/ph/ws/helios16p_ws/install/rslidar_sdk/share/rslidar_sdk/rviz
[26.299s] -- Installing: /home/ph/ws/helios16p_ws/install/rslidar_sdk/share/rslidar_sdk/rviz/rviz.rviz
[26.299s] -- Installing: /home/ph/ws/helios16p_ws/install/rslidar_sdk/share/rslidar_sdk/rviz/rviz2.rviz
[26.300s] -- Installing: /home/ph/ws/helios16p_ws/install/rslidar_sdk/share/ament_index/resource_index/package_run_dependencies/rslidar_sdk
[26.300s] -- Installing: /home/ph/ws/helios16p_ws/install/rslidar_sdk/share/ament_index/resource_index/parent_prefix_path/rslidar_sdk
[26.300s] -- Installing: /home/ph/ws/helios16p_ws/install/rslidar_sdk/share/rslidar_sdk/environment/ament_prefix_path.sh
[26.300s] -- Installing: /home/ph/ws/helios16p_ws/install/rslidar_sdk/share/rslidar_sdk/environment/ament_prefix_path.dsv
[26.301s] -- Installing: /home/ph/ws/helios16p_ws/install/rslidar_sdk/share/rslidar_sdk/environment/path.sh
[26.301s] -- Installing: /home/ph/ws/helios16p_ws/install/rslidar_sdk/share/rslidar_sdk/environment/path.dsv
[26.301s] -- Installing: /home/ph/ws/helios16p_ws/install/rslidar_sdk/share/rslidar_sdk/local_setup.bash
[26.301s] -- Installing: /home/ph/ws/helios16p_ws/install/rslidar_sdk/share/rslidar_sdk/local_setup.sh
[26.301s] -- Installing: /home/ph/ws/helios16p_ws/install/rslidar_sdk/share/rslidar_sdk/local_setup.zsh
[26.302s] -- Installing: /home/ph/ws/helios16p_ws/install/rslidar_sdk/share/rslidar_sdk/local_setup.dsv
[26.302s] -- Installing: /home/ph/ws/helios16p_ws/install/rslidar_sdk/share/rslidar_sdk/package.dsv
[26.302s] -- Installing: /home/ph/ws/helios16p_ws/install/rslidar_sdk/share/ament_index/resource_index/packages/rslidar_sdk
[26.302s] -- Installing: /home/ph/ws/helios16p_ws/install/rslidar_sdk/share/rslidar_sdk/cmake/rslidar_sdkConfig.cmake
[26.302s] -- Installing: /home/ph/ws/helios16p_ws/install/rslidar_sdk/share/rslidar_sdk/cmake/rslidar_sdkConfig-version.cmake
[26.303s] -- Installing: /home/ph/ws/helios16p_ws/install/rslidar_sdk/share/rslidar_sdk/package.xml
[26.305s] Invoked command in '/home/ph/ws/helios16p_ws/build/rslidar_sdk' returned '0': CMAKE_PREFIX_PATH=/home/ph/ws/helios16p_ws/install/rslidar_msg:/home/ph/ws/helios16p_ws/install/rslidar_sdk:/home/ph/ws/helios16p_ws/install/kiss_icp:/home/ph/wsfake/helios16p_ws/install/rslidar_sdk:/home/ph/wsfake/helios16p_ws/install/rslidar_msg:/home/ph/wsfake/helios16p_ws/install/kiss_icp:/home/ph/ws/lidar_ws/install/rslidar_sdk:/home/ph/ws/lidar_ws/install/rslidar_msg:/home/ph/ws/lidar_ws/install/kiss_icp:/home/ph/ws/helios16p_ws/install/helios16p_cane_robot:/home/ph/wsfake/helios16p_ws/install/helios16p_cane_robot:/home/ph/ws/lidar_ws/install/helios16p_cane_robot:/opt/ros/humble /usr/bin/cmake --install /home/ph/ws/helios16p_ws/build/rslidar_sdk
