[0.047s] Invoking command in '/home/ph/ros2_firstw/build/tutorial_interfaces': CMAKE_PREFIX_PATH=${CMAKE_PREFIX_PATH}:/opt/ros/humble /usr/bin/cmake --build /home/ph/ros2_firstw/build/tutorial_interfaces -- -j8 -l8
[0.156s] [  2%] Built target tutorial_interfaces__cpp
[0.172s] [ 12%] Built target tutorial_interfaces__rosidl_generator_c
[0.221s] [ 12%] Built target ament_cmake_python_copy_tutorial_interfaces
[0.260s] [ 23%] Built target tutorial_interfaces__rosidl_typesupport_cpp
[0.291s] [ 34%] Built target tutorial_interfaces__rosidl_typesupport_introspection_cpp
[0.313s] [ 44%] Built target tutorial_interfaces__rosidl_typesupport_fastrtps_c
[0.319s] [ 55%] Built target tutorial_interfaces__rosidl_typesupport_fastrtps_cpp
[0.349s] [ 65%] Built target tutorial_interfaces__rosidl_typesupport_c
[0.362s] [ 76%] Built target tutorial_interfaces__rosidl_typesupport_introspection_c
[0.457s] [ 76%] Built target tutorial_interfaces
[0.529s] [ 78%] Built target tutorial_interfaces__py
[0.590s] [ 87%] Built target tutorial_interfaces__rosidl_generator_py
[0.702s] [ 91%] Built target tutorial_interfaces__rosidl_typesupport_fastrtps_c__pyext
[0.708s] [ 95%] Built target tutorial_interfaces__rosidl_typesupport_introspection_c__pyext
[0.711s] [100%] Built target tutorial_interfaces__rosidl_typesupport_c__pyext
[0.899s] running egg_info
[0.902s] writing tutorial_interfaces.egg-info/PKG-INFO
[0.902s] writing dependency_links to tutorial_interfaces.egg-info/dependency_links.txt
[0.902s] writing top-level names to tutorial_interfaces.egg-info/top_level.txt
[0.907s] reading manifest file 'tutorial_interfaces.egg-info/SOURCES.txt'
[0.911s] writing manifest file 'tutorial_interfaces.egg-info/SOURCES.txt'
[0.974s] [100%] Built target ament_cmake_python_build_tutorial_interfaces_egg
[0.998s] Invoked command in '/home/ph/ros2_firstw/build/tutorial_interfaces' returned '0': CMAKE_PREFIX_PATH=${CMAKE_PREFIX_PATH}:/opt/ros/humble /usr/bin/cmake --build /home/ph/ros2_firstw/build/tutorial_interfaces -- -j8 -l8
[1.002s] Invoking command in '/home/ph/ros2_firstw/build/tutorial_interfaces': CMAKE_PREFIX_PATH=${CMAKE_PREFIX_PATH}:/opt/ros/humble /usr/bin/cmake --install /home/ph/ros2_firstw/build/tutorial_interfaces
[1.015s] -- Install configuration: ""
[1.015s] -- Up-to-date: /home/ph/ros2_firstw/install/tutorial_interfaces/share/ament_index/resource_index/rosidl_interfaces/tutorial_interfaces
[1.015s] -- Up-to-date: /home/ph/ros2_firstw/install/tutorial_interfaces/include/tutorial_interfaces/tutorial_interfaces
[1.015s] -- Up-to-date: /home/ph/ros2_firstw/install/tutorial_interfaces/include/tutorial_interfaces/tutorial_interfaces/srv
[1.015s] -- Up-to-date: /home/ph/ros2_firstw/install/tutorial_interfaces/include/tutorial_interfaces/tutorial_interfaces/srv/add_three_ints.h
[1.016s] -- Up-to-date: /home/ph/ros2_firstw/install/tutorial_interfaces/include/tutorial_interfaces/tutorial_interfaces/srv/detail
[1.016s] -- Up-to-date: /home/ph/ros2_firstw/install/tutorial_interfaces/include/tutorial_interfaces/tutorial_interfaces/srv/detail/add_three_ints__functions.c
[1.016s] -- Up-to-date: /home/ph/ros2_firstw/install/tutorial_interfaces/include/tutorial_interfaces/tutorial_interfaces/srv/detail/add_three_ints__type_support.h
[1.016s] -- Up-to-date: /home/ph/ros2_firstw/install/tutorial_interfaces/include/tutorial_interfaces/tutorial_interfaces/srv/detail/add_three_ints__functions.h
[1.016s] -- Up-to-date: /home/ph/ros2_firstw/install/tutorial_interfaces/include/tutorial_interfaces/tutorial_interfaces/srv/detail/add_three_ints__struct.h
[1.017s] -- Up-to-date: /home/ph/ros2_firstw/install/tutorial_interfaces/include/tutorial_interfaces/tutorial_interfaces/msg
[1.017s] -- Up-to-date: /home/ph/ros2_firstw/install/tutorial_interfaces/include/tutorial_interfaces/tutorial_interfaces/msg/num.h
[1.017s] -- Up-to-date: /home/ph/ros2_firstw/install/tutorial_interfaces/include/tutorial_interfaces/tutorial_interfaces/msg/rosidl_generator_c__visibility_control.h
[1.017s] -- Up-to-date: /home/ph/ros2_firstw/install/tutorial_interfaces/include/tutorial_interfaces/tutorial_interfaces/msg/sphere.h
[1.017s] -- Up-to-date: /home/ph/ros2_firstw/install/tutorial_interfaces/include/tutorial_interfaces/tutorial_interfaces/msg/detail
[1.018s] -- Up-to-date: /home/ph/ros2_firstw/install/tutorial_interfaces/include/tutorial_interfaces/tutorial_interfaces/msg/detail/num__struct.h
[1.018s] -- Up-to-date: /home/ph/ros2_firstw/install/tutorial_interfaces/include/tutorial_interfaces/tutorial_interfaces/msg/detail/sphere__struct.h
[1.018s] -- Up-to-date: /home/ph/ros2_firstw/install/tutorial_interfaces/include/tutorial_interfaces/tutorial_interfaces/msg/detail/sphere__functions.c
[1.018s] -- Up-to-date: /home/ph/ros2_firstw/install/tutorial_interfaces/include/tutorial_interfaces/tutorial_interfaces/msg/detail/num__type_support.h
[1.018s] -- Up-to-date: /home/ph/ros2_firstw/install/tutorial_interfaces/include/tutorial_interfaces/tutorial_interfaces/msg/detail/sphere__functions.h
[1.019s] -- Up-to-date: /home/ph/ros2_firstw/install/tutorial_interfaces/include/tutorial_interfaces/tutorial_interfaces/msg/detail/num__functions.h
[1.019s] -- Up-to-date: /home/ph/ros2_firstw/install/tutorial_interfaces/include/tutorial_interfaces/tutorial_interfaces/msg/detail/sphere__type_support.h
[1.019s] -- Up-to-date: /home/ph/ros2_firstw/install/tutorial_interfaces/include/tutorial_interfaces/tutorial_interfaces/msg/detail/num__functions.c
[1.019s] -- Up-to-date: /home/ph/ros2_firstw/install/tutorial_interfaces/share/tutorial_interfaces/environment/library_path.sh
[1.019s] -- Up-to-date: /home/ph/ros2_firstw/install/tutorial_interfaces/share/tutorial_interfaces/environment/library_path.dsv
[1.020s] -- Up-to-date: /home/ph/ros2_firstw/install/tutorial_interfaces/lib/libtutorial_interfaces__rosidl_generator_c.so
[1.020s] -- Up-to-date: /home/ph/ros2_firstw/install/tutorial_interfaces/include/tutorial_interfaces/tutorial_interfaces
[1.020s] -- Up-to-date: /home/ph/ros2_firstw/install/tutorial_interfaces/include/tutorial_interfaces/tutorial_interfaces/srv
[1.020s] -- Up-to-date: /home/ph/ros2_firstw/install/tutorial_interfaces/include/tutorial_interfaces/tutorial_interfaces/srv/detail
[1.020s] -- Up-to-date: /home/ph/ros2_firstw/install/tutorial_interfaces/include/tutorial_interfaces/tutorial_interfaces/srv/detail/add_three_ints__rosidl_typesupport_fastrtps_c.h
[1.020s] -- Up-to-date: /home/ph/ros2_firstw/install/tutorial_interfaces/include/tutorial_interfaces/tutorial_interfaces/msg
[1.020s] -- Up-to-date: /home/ph/ros2_firstw/install/tutorial_interfaces/include/tutorial_interfaces/tutorial_interfaces/msg/detail
[1.020s] -- Up-to-date: /home/ph/ros2_firstw/install/tutorial_interfaces/include/tutorial_interfaces/tutorial_interfaces/msg/detail/num__rosidl_typesupport_fastrtps_c.h
[1.021s] -- Up-to-date: /home/ph/ros2_firstw/install/tutorial_interfaces/include/tutorial_interfaces/tutorial_interfaces/msg/detail/sphere__rosidl_typesupport_fastrtps_c.h
[1.021s] -- Up-to-date: /home/ph/ros2_firstw/install/tutorial_interfaces/include/tutorial_interfaces/tutorial_interfaces/msg/rosidl_typesupport_fastrtps_c__visibility_control.h
[1.021s] -- Up-to-date: /home/ph/ros2_firstw/install/tutorial_interfaces/lib/libtutorial_interfaces__rosidl_typesupport_fastrtps_c.so
[1.021s] -- Up-to-date: /home/ph/ros2_firstw/install/tutorial_interfaces/include/tutorial_interfaces/tutorial_interfaces
[1.021s] -- Up-to-date: /home/ph/ros2_firstw/install/tutorial_interfaces/include/tutorial_interfaces/tutorial_interfaces/srv
[1.021s] -- Up-to-date: /home/ph/ros2_firstw/install/tutorial_interfaces/include/tutorial_interfaces/tutorial_interfaces/srv/add_three_ints.hpp
[1.021s] -- Up-to-date: /home/ph/ros2_firstw/install/tutorial_interfaces/include/tutorial_interfaces/tutorial_interfaces/srv/detail
[1.021s] -- Up-to-date: /home/ph/ros2_firstw/install/tutorial_interfaces/include/tutorial_interfaces/tutorial_interfaces/srv/detail/add_three_ints__type_support.hpp
[1.022s] -- Up-to-date: /home/ph/ros2_firstw/install/tutorial_interfaces/include/tutorial_interfaces/tutorial_interfaces/srv/detail/add_three_ints__traits.hpp
[1.022s] -- Up-to-date: /home/ph/ros2_firstw/install/tutorial_interfaces/include/tutorial_interfaces/tutorial_interfaces/srv/detail/add_three_ints__builder.hpp
[1.022s] -- Up-to-date: /home/ph/ros2_firstw/install/tutorial_interfaces/include/tutorial_interfaces/tutorial_interfaces/srv/detail/add_three_ints__struct.hpp
[1.022s] -- Up-to-date: /home/ph/ros2_firstw/install/tutorial_interfaces/include/tutorial_interfaces/tutorial_interfaces/msg
[1.023s] -- Up-to-date: /home/ph/ros2_firstw/install/tutorial_interfaces/include/tutorial_interfaces/tutorial_interfaces/msg/rosidl_generator_cpp__visibility_control.hpp
[1.023s] -- Up-to-date: /home/ph/ros2_firstw/install/tutorial_interfaces/include/tutorial_interfaces/tutorial_interfaces/msg/num.hpp
[1.023s] -- Up-to-date: /home/ph/ros2_firstw/install/tutorial_interfaces/include/tutorial_interfaces/tutorial_interfaces/msg/detail
[1.024s] -- Up-to-date: /home/ph/ros2_firstw/install/tutorial_interfaces/include/tutorial_interfaces/tutorial_interfaces/msg/detail/num__traits.hpp
[1.024s] -- Up-to-date: /home/ph/ros2_firstw/install/tutorial_interfaces/include/tutorial_interfaces/tutorial_interfaces/msg/detail/sphere__struct.hpp
[1.024s] -- Up-to-date: /home/ph/ros2_firstw/install/tutorial_interfaces/include/tutorial_interfaces/tutorial_interfaces/msg/detail/sphere__traits.hpp
[1.025s] -- Up-to-date: /home/ph/ros2_firstw/install/tutorial_interfaces/include/tutorial_interfaces/tutorial_interfaces/msg/detail/num__struct.hpp
[1.025s] -- Up-to-date: /home/ph/ros2_firstw/install/tutorial_interfaces/include/tutorial_interfaces/tutorial_interfaces/msg/detail/num__builder.hpp
[1.025s] -- Up-to-date: /home/ph/ros2_firstw/install/tutorial_interfaces/include/tutorial_interfaces/tutorial_interfaces/msg/detail/sphere__builder.hpp
[1.025s] -- Up-to-date: /home/ph/ros2_firstw/install/tutorial_interfaces/include/tutorial_interfaces/tutorial_interfaces/msg/detail/num__type_support.hpp
[1.026s] -- Up-to-date: /home/ph/ros2_firstw/install/tutorial_interfaces/include/tutorial_interfaces/tutorial_interfaces/msg/detail/sphere__type_support.hpp
[1.026s] -- Up-to-date: /home/ph/ros2_firstw/install/tutorial_interfaces/include/tutorial_interfaces/tutorial_interfaces/msg/sphere.hpp
[1.026s] -- Up-to-date: /home/ph/ros2_firstw/install/tutorial_interfaces/include/tutorial_interfaces/tutorial_interfaces
[1.026s] -- Up-to-date: /home/ph/ros2_firstw/install/tutorial_interfaces/include/tutorial_interfaces/tutorial_interfaces/srv
[1.027s] -- Up-to-date: /home/ph/ros2_firstw/install/tutorial_interfaces/include/tutorial_interfaces/tutorial_interfaces/srv/detail
[1.027s] -- Up-to-date: /home/ph/ros2_firstw/install/tutorial_interfaces/include/tutorial_interfaces/tutorial_interfaces/srv/detail/add_three_ints__rosidl_typesupport_fastrtps_cpp.hpp
[1.027s] -- Up-to-date: /home/ph/ros2_firstw/install/tutorial_interfaces/include/tutorial_interfaces/tutorial_interfaces/srv/detail/dds_fastrtps
[1.028s] -- Up-to-date: /home/ph/ros2_firstw/install/tutorial_interfaces/include/tutorial_interfaces/tutorial_interfaces/msg
[1.028s] -- Up-to-date: /home/ph/ros2_firstw/install/tutorial_interfaces/include/tutorial_interfaces/tutorial_interfaces/msg/rosidl_typesupport_fastrtps_cpp__visibility_control.h
[1.028s] -- Up-to-date: /home/ph/ros2_firstw/install/tutorial_interfaces/include/tutorial_interfaces/tutorial_interfaces/msg/detail
[1.028s] -- Up-to-date: /home/ph/ros2_firstw/install/tutorial_interfaces/include/tutorial_interfaces/tutorial_interfaces/msg/detail/dds_fastrtps
[1.028s] -- Up-to-date: /home/ph/ros2_firstw/install/tutorial_interfaces/include/tutorial_interfaces/tutorial_interfaces/msg/detail/num__rosidl_typesupport_fastrtps_cpp.hpp
[1.028s] -- Up-to-date: /home/ph/ros2_firstw/install/tutorial_interfaces/include/tutorial_interfaces/tutorial_interfaces/msg/detail/sphere__rosidl_typesupport_fastrtps_cpp.hpp
[1.029s] -- Up-to-date: /home/ph/ros2_firstw/install/tutorial_interfaces/lib/libtutorial_interfaces__rosidl_typesupport_fastrtps_cpp.so
[1.029s] -- Up-to-date: /home/ph/ros2_firstw/install/tutorial_interfaces/include/tutorial_interfaces/tutorial_interfaces
[1.029s] -- Up-to-date: /home/ph/ros2_firstw/install/tutorial_interfaces/include/tutorial_interfaces/tutorial_interfaces/srv
[1.029s] -- Up-to-date: /home/ph/ros2_firstw/install/tutorial_interfaces/include/tutorial_interfaces/tutorial_interfaces/srv/detail
[1.029s] -- Up-to-date: /home/ph/ros2_firstw/install/tutorial_interfaces/include/tutorial_interfaces/tutorial_interfaces/srv/detail/add_three_ints__rosidl_typesupport_introspection_c.h
[1.030s] -- Up-to-date: /home/ph/ros2_firstw/install/tutorial_interfaces/include/tutorial_interfaces/tutorial_interfaces/srv/detail/add_three_ints__type_support.c
[1.030s] -- Up-to-date: /home/ph/ros2_firstw/install/tutorial_interfaces/include/tutorial_interfaces/tutorial_interfaces/msg
[1.031s] -- Up-to-date: /home/ph/ros2_firstw/install/tutorial_interfaces/include/tutorial_interfaces/tutorial_interfaces/msg/rosidl_typesupport_introspection_c__visibility_control.h
[1.031s] -- Up-to-date: /home/ph/ros2_firstw/install/tutorial_interfaces/include/tutorial_interfaces/tutorial_interfaces/msg/detail
[1.031s] -- Up-to-date: /home/ph/ros2_firstw/install/tutorial_interfaces/include/tutorial_interfaces/tutorial_interfaces/msg/detail/num__type_support.c
[1.031s] -- Up-to-date: /home/ph/ros2_firstw/install/tutorial_interfaces/include/tutorial_interfaces/tutorial_interfaces/msg/detail/sphere__type_support.c
[1.031s] -- Up-to-date: /home/ph/ros2_firstw/install/tutorial_interfaces/include/tutorial_interfaces/tutorial_interfaces/msg/detail/sphere__rosidl_typesupport_introspection_c.h
[1.032s] -- Up-to-date: /home/ph/ros2_firstw/install/tutorial_interfaces/include/tutorial_interfaces/tutorial_interfaces/msg/detail/num__rosidl_typesupport_introspection_c.h
[1.032s] -- Up-to-date: /home/ph/ros2_firstw/install/tutorial_interfaces/lib/libtutorial_interfaces__rosidl_typesupport_introspection_c.so
[1.033s] -- Up-to-date: /home/ph/ros2_firstw/install/tutorial_interfaces/lib/libtutorial_interfaces__rosidl_typesupport_c.so
[1.034s] -- Up-to-date: /home/ph/ros2_firstw/install/tutorial_interfaces/include/tutorial_interfaces/tutorial_interfaces
[1.034s] -- Up-to-date: /home/ph/ros2_firstw/install/tutorial_interfaces/include/tutorial_interfaces/tutorial_interfaces/srv
[1.035s] -- Up-to-date: /home/ph/ros2_firstw/install/tutorial_interfaces/include/tutorial_interfaces/tutorial_interfaces/srv/detail
[1.035s] -- Up-to-date: /home/ph/ros2_firstw/install/tutorial_interfaces/include/tutorial_interfaces/tutorial_interfaces/srv/detail/add_three_ints__rosidl_typesupport_introspection_cpp.hpp
[1.035s] -- Up-to-date: /home/ph/ros2_firstw/install/tutorial_interfaces/include/tutorial_interfaces/tutorial_interfaces/srv/detail/add_three_ints__type_support.cpp
[1.035s] -- Up-to-date: /home/ph/ros2_firstw/install/tutorial_interfaces/include/tutorial_interfaces/tutorial_interfaces/msg
[1.036s] -- Up-to-date: /home/ph/ros2_firstw/install/tutorial_interfaces/include/tutorial_interfaces/tutorial_interfaces/msg/detail
[1.036s] -- Up-to-date: /home/ph/ros2_firstw/install/tutorial_interfaces/include/tutorial_interfaces/tutorial_interfaces/msg/detail/sphere__type_support.cpp
[1.036s] -- Up-to-date: /home/ph/ros2_firstw/install/tutorial_interfaces/include/tutorial_interfaces/tutorial_interfaces/msg/detail/num__rosidl_typesupport_introspection_cpp.hpp
[1.036s] -- Up-to-date: /home/ph/ros2_firstw/install/tutorial_interfaces/include/tutorial_interfaces/tutorial_interfaces/msg/detail/num__type_support.cpp
[1.037s] -- Up-to-date: /home/ph/ros2_firstw/install/tutorial_interfaces/include/tutorial_interfaces/tutorial_interfaces/msg/detail/sphere__rosidl_typesupport_introspection_cpp.hpp
[1.037s] -- Up-to-date: /home/ph/ros2_firstw/install/tutorial_interfaces/lib/libtutorial_interfaces__rosidl_typesupport_introspection_cpp.so
[1.038s] -- Up-to-date: /home/ph/ros2_firstw/install/tutorial_interfaces/lib/libtutorial_interfaces__rosidl_typesupport_cpp.so
[1.039s] -- Up-to-date: /home/ph/ros2_firstw/install/tutorial_interfaces/share/tutorial_interfaces/environment/pythonpath.sh
[1.039s] -- Up-to-date: /home/ph/ros2_firstw/install/tutorial_interfaces/share/tutorial_interfaces/environment/pythonpath.dsv
[1.039s] -- Up-to-date: /home/ph/ros2_firstw/install/tutorial_interfaces/local/lib/python3.10/dist-packages/tutorial_interfaces-0.0.0-py3.10.egg-info
[1.039s] -- Installing: /home/ph/ros2_firstw/install/tutorial_interfaces/local/lib/python3.10/dist-packages/tutorial_interfaces-0.0.0-py3.10.egg-info/top_level.txt
[1.040s] -- Installing: /home/ph/ros2_firstw/install/tutorial_interfaces/local/lib/python3.10/dist-packages/tutorial_interfaces-0.0.0-py3.10.egg-info/PKG-INFO
[1.040s] -- Installing: /home/ph/ros2_firstw/install/tutorial_interfaces/local/lib/python3.10/dist-packages/tutorial_interfaces-0.0.0-py3.10.egg-info/SOURCES.txt
[1.040s] -- Installing: /home/ph/ros2_firstw/install/tutorial_interfaces/local/lib/python3.10/dist-packages/tutorial_interfaces-0.0.0-py3.10.egg-info/dependency_links.txt
[1.040s] -- Up-to-date: /home/ph/ros2_firstw/install/tutorial_interfaces/local/lib/python3.10/dist-packages/tutorial_interfaces
[1.040s] -- Up-to-date: /home/ph/ros2_firstw/install/tutorial_interfaces/local/lib/python3.10/dist-packages/tutorial_interfaces/tutorial_interfaces_s__rosidl_typesupport_fastrtps_c.cpython-310-x86_64-linux-gnu.so
[1.041s] -- Up-to-date: /home/ph/ros2_firstw/install/tutorial_interfaces/local/lib/python3.10/dist-packages/tutorial_interfaces/tutorial_interfaces_s__rosidl_typesupport_introspection_c.cpython-310-x86_64-linux-gnu.so
[1.041s] -- Up-to-date: /home/ph/ros2_firstw/install/tutorial_interfaces/local/lib/python3.10/dist-packages/tutorial_interfaces/srv
[1.041s] -- Up-to-date: /home/ph/ros2_firstw/install/tutorial_interfaces/local/lib/python3.10/dist-packages/tutorial_interfaces/srv/_add_three_ints.py
[1.041s] -- Up-to-date: /home/ph/ros2_firstw/install/tutorial_interfaces/local/lib/python3.10/dist-packages/tutorial_interfaces/srv/__init__.py
[1.041s] -- Up-to-date: /home/ph/ros2_firstw/install/tutorial_interfaces/local/lib/python3.10/dist-packages/tutorial_interfaces/srv/_add_three_ints_s.c
[1.041s] -- Up-to-date: /home/ph/ros2_firstw/install/tutorial_interfaces/local/lib/python3.10/dist-packages/tutorial_interfaces/__init__.py
[1.042s] -- Up-to-date: /home/ph/ros2_firstw/install/tutorial_interfaces/local/lib/python3.10/dist-packages/tutorial_interfaces/_tutorial_interfaces_s.ep.rosidl_typesupport_c.c
[1.042s] -- Up-to-date: /home/ph/ros2_firstw/install/tutorial_interfaces/local/lib/python3.10/dist-packages/tutorial_interfaces/tutorial_interfaces_s__rosidl_typesupport_c.cpython-310-x86_64-linux-gnu.so
[1.043s] -- Up-to-date: /home/ph/ros2_firstw/install/tutorial_interfaces/local/lib/python3.10/dist-packages/tutorial_interfaces/libtutorial_interfaces__rosidl_generator_py.so
[1.043s] -- Up-to-date: /home/ph/ros2_firstw/install/tutorial_interfaces/local/lib/python3.10/dist-packages/tutorial_interfaces/_tutorial_interfaces_s.ep.rosidl_typesupport_introspection_c.c
[1.043s] -- Up-to-date: /home/ph/ros2_firstw/install/tutorial_interfaces/local/lib/python3.10/dist-packages/tutorial_interfaces/_tutorial_interfaces_s.ep.rosidl_typesupport_fastrtps_c.c
[1.043s] -- Up-to-date: /home/ph/ros2_firstw/install/tutorial_interfaces/local/lib/python3.10/dist-packages/tutorial_interfaces/msg
[1.044s] -- Up-to-date: /home/ph/ros2_firstw/install/tutorial_interfaces/local/lib/python3.10/dist-packages/tutorial_interfaces/msg/_sphere_s.c
[1.045s] -- Up-to-date: /home/ph/ros2_firstw/install/tutorial_interfaces/local/lib/python3.10/dist-packages/tutorial_interfaces/msg/_sphere.py
[1.045s] -- Up-to-date: /home/ph/ros2_firstw/install/tutorial_interfaces/local/lib/python3.10/dist-packages/tutorial_interfaces/msg/__init__.py
[1.045s] -- Up-to-date: /home/ph/ros2_firstw/install/tutorial_interfaces/local/lib/python3.10/dist-packages/tutorial_interfaces/msg/_num.py
[1.045s] -- Up-to-date: /home/ph/ros2_firstw/install/tutorial_interfaces/local/lib/python3.10/dist-packages/tutorial_interfaces/msg/_num_s.c
[1.111s] Listing '/home/ph/ros2_firstw/install/tutorial_interfaces/local/lib/python3.10/dist-packages/tutorial_interfaces'...
[1.111s] Listing '/home/ph/ros2_firstw/install/tutorial_interfaces/local/lib/python3.10/dist-packages/tutorial_interfaces/msg'...
[1.112s] Listing '/home/ph/ros2_firstw/install/tutorial_interfaces/local/lib/python3.10/dist-packages/tutorial_interfaces/srv'...
[1.126s] -- Up-to-date: /home/ph/ros2_firstw/install/tutorial_interfaces/local/lib/python3.10/dist-packages/tutorial_interfaces/tutorial_interfaces_s__rosidl_typesupport_fastrtps_c.cpython-310-x86_64-linux-gnu.so
[1.126s] -- Up-to-date: /home/ph/ros2_firstw/install/tutorial_interfaces/local/lib/python3.10/dist-packages/tutorial_interfaces/tutorial_interfaces_s__rosidl_typesupport_introspection_c.cpython-310-x86_64-linux-gnu.so
[1.127s] -- Up-to-date: /home/ph/ros2_firstw/install/tutorial_interfaces/local/lib/python3.10/dist-packages/tutorial_interfaces/tutorial_interfaces_s__rosidl_typesupport_c.cpython-310-x86_64-linux-gnu.so
[1.127s] -- Up-to-date: /home/ph/ros2_firstw/install/tutorial_interfaces/lib/libtutorial_interfaces__rosidl_generator_py.so
[1.129s] -- Up-to-date: /home/ph/ros2_firstw/install/tutorial_interfaces/share/tutorial_interfaces/msg/Num.idl
[1.129s] -- Up-to-date: /home/ph/ros2_firstw/install/tutorial_interfaces/share/tutorial_interfaces/msg/Sphere.idl
[1.129s] -- Up-to-date: /home/ph/ros2_firstw/install/tutorial_interfaces/share/tutorial_interfaces/srv/AddThreeInts.idl
[1.129s] -- Up-to-date: /home/ph/ros2_firstw/install/tutorial_interfaces/share/tutorial_interfaces/msg/Num.msg
[1.130s] -- Up-to-date: /home/ph/ros2_firstw/install/tutorial_interfaces/share/tutorial_interfaces/msg/Sphere.msg
[1.131s] -- Up-to-date: /home/ph/ros2_firstw/install/tutorial_interfaces/share/tutorial_interfaces/srv/AddThreeInts.srv
[1.131s] -- Up-to-date: /home/ph/ros2_firstw/install/tutorial_interfaces/share/tutorial_interfaces/srv/AddThreeInts_Request.msg
[1.132s] -- Up-to-date: /home/ph/ros2_firstw/install/tutorial_interfaces/share/tutorial_interfaces/srv/AddThreeInts_Response.msg
[1.132s] -- Up-to-date: /home/ph/ros2_firstw/install/tutorial_interfaces/share/ament_index/resource_index/package_run_dependencies/tutorial_interfaces
[1.132s] -- Up-to-date: /home/ph/ros2_firstw/install/tutorial_interfaces/share/ament_index/resource_index/parent_prefix_path/tutorial_interfaces
[1.132s] -- Up-to-date: /home/ph/ros2_firstw/install/tutorial_interfaces/share/tutorial_interfaces/environment/ament_prefix_path.sh
[1.133s] -- Up-to-date: /home/ph/ros2_firstw/install/tutorial_interfaces/share/tutorial_interfaces/environment/ament_prefix_path.dsv
[1.133s] -- Up-to-date: /home/ph/ros2_firstw/install/tutorial_interfaces/share/tutorial_interfaces/environment/path.sh
[1.133s] -- Up-to-date: /home/ph/ros2_firstw/install/tutorial_interfaces/share/tutorial_interfaces/environment/path.dsv
[1.133s] -- Up-to-date: /home/ph/ros2_firstw/install/tutorial_interfaces/share/tutorial_interfaces/local_setup.bash
[1.133s] -- Up-to-date: /home/ph/ros2_firstw/install/tutorial_interfaces/share/tutorial_interfaces/local_setup.sh
[1.133s] -- Up-to-date: /home/ph/ros2_firstw/install/tutorial_interfaces/share/tutorial_interfaces/local_setup.zsh
[1.134s] -- Up-to-date: /home/ph/ros2_firstw/install/tutorial_interfaces/share/tutorial_interfaces/local_setup.dsv
[1.135s] -- Installing: /home/ph/ros2_firstw/install/tutorial_interfaces/share/tutorial_interfaces/package.dsv
[1.136s] -- Up-to-date: /home/ph/ros2_firstw/install/tutorial_interfaces/share/ament_index/resource_index/packages/tutorial_interfaces
[1.137s] -- Up-to-date: /home/ph/ros2_firstw/install/tutorial_interfaces/share/tutorial_interfaces/cmake/export_tutorial_interfaces__rosidl_generator_cExport.cmake
[1.137s] -- Up-to-date: /home/ph/ros2_firstw/install/tutorial_interfaces/share/tutorial_interfaces/cmake/export_tutorial_interfaces__rosidl_generator_cExport-noconfig.cmake
[1.137s] -- Up-to-date: /home/ph/ros2_firstw/install/tutorial_interfaces/share/tutorial_interfaces/cmake/export_tutorial_interfaces__rosidl_typesupport_fastrtps_cExport.cmake
[1.137s] -- Up-to-date: /home/ph/ros2_firstw/install/tutorial_interfaces/share/tutorial_interfaces/cmake/export_tutorial_interfaces__rosidl_typesupport_fastrtps_cExport-noconfig.cmake
[1.138s] -- Up-to-date: /home/ph/ros2_firstw/install/tutorial_interfaces/share/tutorial_interfaces/cmake/export_tutorial_interfaces__rosidl_generator_cppExport.cmake
[1.139s] -- Up-to-date: /home/ph/ros2_firstw/install/tutorial_interfaces/share/tutorial_interfaces/cmake/export_tutorial_interfaces__rosidl_typesupport_fastrtps_cppExport.cmake
[1.140s] -- Up-to-date: /home/ph/ros2_firstw/install/tutorial_interfaces/share/tutorial_interfaces/cmake/export_tutorial_interfaces__rosidl_typesupport_fastrtps_cppExport-noconfig.cmake
[1.140s] -- Up-to-date: /home/ph/ros2_firstw/install/tutorial_interfaces/share/tutorial_interfaces/cmake/tutorial_interfaces__rosidl_typesupport_introspection_cExport.cmake
[1.141s] -- Up-to-date: /home/ph/ros2_firstw/install/tutorial_interfaces/share/tutorial_interfaces/cmake/tutorial_interfaces__rosidl_typesupport_introspection_cExport-noconfig.cmake
[1.141s] -- Up-to-date: /home/ph/ros2_firstw/install/tutorial_interfaces/share/tutorial_interfaces/cmake/tutorial_interfaces__rosidl_typesupport_cExport.cmake
[1.141s] -- Up-to-date: /home/ph/ros2_firstw/install/tutorial_interfaces/share/tutorial_interfaces/cmake/tutorial_interfaces__rosidl_typesupport_cExport-noconfig.cmake
[1.141s] -- Up-to-date: /home/ph/ros2_firstw/install/tutorial_interfaces/share/tutorial_interfaces/cmake/tutorial_interfaces__rosidl_typesupport_introspection_cppExport.cmake
[1.141s] -- Up-to-date: /home/ph/ros2_firstw/install/tutorial_interfaces/share/tutorial_interfaces/cmake/tutorial_interfaces__rosidl_typesupport_introspection_cppExport-noconfig.cmake
[1.143s] -- Up-to-date: /home/ph/ros2_firstw/install/tutorial_interfaces/share/tutorial_interfaces/cmake/tutorial_interfaces__rosidl_typesupport_cppExport.cmake
[1.145s] -- Up-to-date: /home/ph/ros2_firstw/install/tutorial_interfaces/share/tutorial_interfaces/cmake/tutorial_interfaces__rosidl_typesupport_cppExport-noconfig.cmake
[1.145s] -- Up-to-date: /home/ph/ros2_firstw/install/tutorial_interfaces/share/tutorial_interfaces/cmake/export_tutorial_interfaces__rosidl_generator_pyExport.cmake
[1.146s] -- Up-to-date: /home/ph/ros2_firstw/install/tutorial_interfaces/share/tutorial_interfaces/cmake/export_tutorial_interfaces__rosidl_generator_pyExport-noconfig.cmake
[1.146s] -- Up-to-date: /home/ph/ros2_firstw/install/tutorial_interfaces/share/tutorial_interfaces/cmake/rosidl_cmake-extras.cmake
[1.147s] -- Up-to-date: /home/ph/ros2_firstw/install/tutorial_interfaces/share/tutorial_interfaces/cmake/ament_cmake_export_dependencies-extras.cmake
[1.147s] -- Up-to-date: /home/ph/ros2_firstw/install/tutorial_interfaces/share/tutorial_interfaces/cmake/ament_cmake_export_include_directories-extras.cmake
[1.147s] -- Up-to-date: /home/ph/ros2_firstw/install/tutorial_interfaces/share/tutorial_interfaces/cmake/ament_cmake_export_libraries-extras.cmake
[1.148s] -- Up-to-date: /home/ph/ros2_firstw/install/tutorial_interfaces/share/tutorial_interfaces/cmake/ament_cmake_export_targets-extras.cmake
[1.150s] -- Up-to-date: /home/ph/ros2_firstw/install/tutorial_interfaces/share/tutorial_interfaces/cmake/rosidl_cmake_export_typesupport_targets-extras.cmake
[1.151s] -- Up-to-date: /home/ph/ros2_firstw/install/tutorial_interfaces/share/tutorial_interfaces/cmake/rosidl_cmake_export_typesupport_libraries-extras.cmake
[1.151s] -- Up-to-date: /home/ph/ros2_firstw/install/tutorial_interfaces/share/tutorial_interfaces/cmake/tutorial_interfacesConfig.cmake
[1.152s] -- Up-to-date: /home/ph/ros2_firstw/install/tutorial_interfaces/share/tutorial_interfaces/cmake/tutorial_interfacesConfig-version.cmake
[1.153s] -- Up-to-date: /home/ph/ros2_firstw/install/tutorial_interfaces/share/tutorial_interfaces/package.xml
[1.189s] Invoked command in '/home/ph/ros2_firstw/build/tutorial_interfaces' returned '0': CMAKE_PREFIX_PATH=${CMAKE_PREFIX_PATH}:/opt/ros/humble /usr/bin/cmake --install /home/ph/ros2_firstw/build/tutorial_interfaces
