[0.142s] DEBUG:colcon:Command line arguments: ['/usr/bin/colcon', 'build']
[0.142s] DEBUG:colcon:Parsed command line arguments: Namespace(log_base=None, log_level=None, verb_name='build', build_base='build', install_base='install', merge_install=False, symlink_install=False, test_result_base=None, continue_on_error=False, executor='parallel', parallel_workers=8, event_handlers=None, ignore_user_meta=False, metas=['./colcon.meta'], base_paths=['.'], packages_ignore=None, packages_ignore_regex=None, paths=None, packages_up_to=None, packages_up_to_regex=None, packages_above=None, packages_above_and_dependencies=None, packages_above_depth=None, packages_select_by_dep=None, packages_skip_by_dep=None, packages_skip_up_to=None, packages_select_build_failed=False, packages_skip_build_finished=False, packages_select_test_failures=False, packages_skip_test_passed=False, packages_select=None, packages_skip=None, packages_select_regex=None, packages_skip_regex=None, packages_start=None, packages_end=None, allow_overriding=[], cmake_args=None, cmake_target=None, cmake_target_skip_unavailable=False, cmake_clean_cache=False, cmake_clean_first=False, cmake_force_configure=False, ament_cmake_args=None, catkin_cmake_args=None, catkin_skip_building_tests=False, mixin_files=None, mixin=None, verb_parser=<colcon_mixin.mixin.mixin_argument.MixinArgumentDecorator object at 0x77e5af74bf70>, verb_extension=<colcon_core.verb.build.BuildVerb object at 0x77e5af74b580>, main=<bound method BuildVerb.main of <colcon_core.verb.build.BuildVerb object at 0x77e5af74b580>>, mixin_verb=('build',))
[0.356s] Level 1:colcon.colcon_core.package_discovery:discover_packages(colcon_meta) check parameters
[0.356s] Level 1:colcon.colcon_core.package_discovery:discover_packages(recursive) check parameters
[0.356s] Level 1:colcon.colcon_core.package_discovery:discover_packages(ignore) check parameters
[0.356s] Level 1:colcon.colcon_core.package_discovery:discover_packages(path) check parameters
[0.356s] Level 1:colcon.colcon_core.package_discovery:discover_packages(colcon_meta) discover
[0.357s] Level 1:colcon.colcon_core.package_discovery:discover_packages(recursive) discover
[0.357s] INFO:colcon.colcon_core.package_discovery:Crawling recursively for packages in '/home/ph/launch_ws'
[0.357s] Level 1:colcon.colcon_core.package_identification:_identify(.) by extensions ['ignore', 'ignore_ament_install']
[0.357s] Level 1:colcon.colcon_core.package_identification:_identify(.) by extension 'ignore'
[0.357s] Level 1:colcon.colcon_core.package_identification:_identify(.) by extension 'ignore_ament_install'
[0.357s] Level 1:colcon.colcon_core.package_identification:_identify(.) by extensions ['colcon_pkg']
[0.357s] Level 1:colcon.colcon_core.package_identification:_identify(.) by extension 'colcon_pkg'
[0.357s] Level 1:colcon.colcon_core.package_identification:_identify(.) by extensions ['colcon_meta']
[0.357s] Level 1:colcon.colcon_core.package_identification:_identify(.) by extension 'colcon_meta'
[0.357s] Level 1:colcon.colcon_core.package_identification:_identify(.) by extensions ['ros']
[0.357s] Level 1:colcon.colcon_core.package_identification:_identify(.) by extension 'ros'
[0.370s] Level 1:colcon.colcon_core.package_identification:_identify(.) by extensions ['cmake', 'python']
[0.370s] Level 1:colcon.colcon_core.package_identification:_identify(.) by extension 'cmake'
[0.370s] Level 1:colcon.colcon_core.package_identification:_identify(.) by extension 'python'
[0.370s] Level 1:colcon.colcon_core.package_identification:_identify(.) by extensions ['python_setup_py']
[0.370s] Level 1:colcon.colcon_core.package_identification:_identify(.) by extension 'python_setup_py'
[0.370s] Level 1:colcon.colcon_core.package_identification:_identify(build) by extensions ['ignore', 'ignore_ament_install']
[0.371s] Level 1:colcon.colcon_core.package_identification:_identify(build) by extension 'ignore'
[0.371s] Level 1:colcon.colcon_core.package_identification:_identify(build) ignored
[0.371s] Level 1:colcon.colcon_core.package_identification:_identify(install) by extensions ['ignore', 'ignore_ament_install']
[0.371s] Level 1:colcon.colcon_core.package_identification:_identify(install) by extension 'ignore'
[0.371s] Level 1:colcon.colcon_core.package_identification:_identify(install) ignored
[0.371s] Level 1:colcon.colcon_core.package_identification:_identify(log) by extensions ['ignore', 'ignore_ament_install']
[0.371s] Level 1:colcon.colcon_core.package_identification:_identify(log) by extension 'ignore'
[0.371s] Level 1:colcon.colcon_core.package_identification:_identify(log) ignored
[0.371s] Level 1:colcon.colcon_core.package_identification:_identify(src) by extensions ['ignore', 'ignore_ament_install']
[0.371s] Level 1:colcon.colcon_core.package_identification:_identify(src) by extension 'ignore'
[0.371s] Level 1:colcon.colcon_core.package_identification:_identify(src) by extension 'ignore_ament_install'
[0.371s] Level 1:colcon.colcon_core.package_identification:_identify(src) by extensions ['colcon_pkg']
[0.372s] Level 1:colcon.colcon_core.package_identification:_identify(src) by extension 'colcon_pkg'
[0.372s] Level 1:colcon.colcon_core.package_identification:_identify(src) by extensions ['colcon_meta']
[0.372s] Level 1:colcon.colcon_core.package_identification:_identify(src) by extension 'colcon_meta'
[0.372s] Level 1:colcon.colcon_core.package_identification:_identify(src) by extensions ['ros']
[0.372s] Level 1:colcon.colcon_core.package_identification:_identify(src) by extension 'ros'
[0.372s] Level 1:colcon.colcon_core.package_identification:_identify(src) by extensions ['cmake', 'python']
[0.372s] Level 1:colcon.colcon_core.package_identification:_identify(src) by extension 'cmake'
[0.372s] Level 1:colcon.colcon_core.package_identification:_identify(src) by extension 'python'
[0.372s] Level 1:colcon.colcon_core.package_identification:_identify(src) by extensions ['python_setup_py']
[0.372s] Level 1:colcon.colcon_core.package_identification:_identify(src) by extension 'python_setup_py'
[0.372s] Level 1:colcon.colcon_core.package_identification:_identify(src/cpp_launch_example) by extensions ['ignore', 'ignore_ament_install']
[0.372s] Level 1:colcon.colcon_core.package_identification:_identify(src/cpp_launch_example) by extension 'ignore'
[0.372s] Level 1:colcon.colcon_core.package_identification:_identify(src/cpp_launch_example) by extension 'ignore_ament_install'
[0.372s] Level 1:colcon.colcon_core.package_identification:_identify(src/cpp_launch_example) by extensions ['colcon_pkg']
[0.372s] Level 1:colcon.colcon_core.package_identification:_identify(src/cpp_launch_example) by extension 'colcon_pkg'
[0.372s] Level 1:colcon.colcon_core.package_identification:_identify(src/cpp_launch_example) by extensions ['colcon_meta']
[0.372s] Level 1:colcon.colcon_core.package_identification:_identify(src/cpp_launch_example) by extension 'colcon_meta'
[0.372s] Level 1:colcon.colcon_core.package_identification:_identify(src/cpp_launch_example) by extensions ['ros']
[0.372s] Level 1:colcon.colcon_core.package_identification:_identify(src/cpp_launch_example) by extension 'ros'
[0.375s] DEBUG:colcon.colcon_core.package_identification:Package 'src/cpp_launch_example' with type 'ros.ament_cmake' and name 'cpp_launch_example'
[0.375s] Level 1:colcon.colcon_core.package_identification:_identify(src/launch_tutorial) by extensions ['ignore', 'ignore_ament_install']
[0.375s] Level 1:colcon.colcon_core.package_identification:_identify(src/launch_tutorial) by extension 'ignore'
[0.375s] Level 1:colcon.colcon_core.package_identification:_identify(src/launch_tutorial) by extension 'ignore_ament_install'
[0.375s] Level 1:colcon.colcon_core.package_identification:_identify(src/launch_tutorial) by extensions ['colcon_pkg']
[0.375s] Level 1:colcon.colcon_core.package_identification:_identify(src/launch_tutorial) by extension 'colcon_pkg'
[0.375s] Level 1:colcon.colcon_core.package_identification:_identify(src/launch_tutorial) by extensions ['colcon_meta']
[0.376s] Level 1:colcon.colcon_core.package_identification:_identify(src/launch_tutorial) by extension 'colcon_meta'
[0.376s] Level 1:colcon.colcon_core.package_identification:_identify(src/launch_tutorial) by extensions ['ros']
[0.376s] Level 1:colcon.colcon_core.package_identification:_identify(src/launch_tutorial) by extension 'ros'
[0.390s] DEBUG:colcon.colcon_core.package_identification:Package 'src/launch_tutorial' with type 'ros.ament_python' and name 'launch_tutorial'
[0.391s] Level 1:colcon.colcon_core.package_identification:_identify(src/py_launch_example) by extensions ['ignore', 'ignore_ament_install']
[0.391s] Level 1:colcon.colcon_core.package_identification:_identify(src/py_launch_example) by extension 'ignore'
[0.391s] Level 1:colcon.colcon_core.package_identification:_identify(src/py_launch_example) by extension 'ignore_ament_install'
[0.391s] Level 1:colcon.colcon_core.package_identification:_identify(src/py_launch_example) by extensions ['colcon_pkg']
[0.391s] Level 1:colcon.colcon_core.package_identification:_identify(src/py_launch_example) by extension 'colcon_pkg'
[0.391s] Level 1:colcon.colcon_core.package_identification:_identify(src/py_launch_example) by extensions ['colcon_meta']
[0.391s] Level 1:colcon.colcon_core.package_identification:_identify(src/py_launch_example) by extension 'colcon_meta'
[0.391s] Level 1:colcon.colcon_core.package_identification:_identify(src/py_launch_example) by extensions ['ros']
[0.391s] Level 1:colcon.colcon_core.package_identification:_identify(src/py_launch_example) by extension 'ros'
[0.392s] DEBUG:colcon.colcon_core.package_identification:Package 'src/py_launch_example' with type 'ros.ament_python' and name 'py_launch_example'
[0.392s] Level 1:colcon.colcon_core.package_discovery:discover_packages(recursive) using defaults
[0.392s] Level 1:colcon.colcon_core.package_discovery:discover_packages(ignore) discover
[0.392s] Level 1:colcon.colcon_core.package_discovery:discover_packages(ignore) using defaults
[0.392s] Level 1:colcon.colcon_core.package_discovery:discover_packages(path) discover
[0.392s] Level 1:colcon.colcon_core.package_discovery:discover_packages(path) using defaults
[0.414s] Level 1:colcon.colcon_core.package_discovery:discover_packages(prefix_path) check parameters
[0.414s] Level 1:colcon.colcon_core.package_discovery:discover_packages(prefix_path) discover
[0.417s] DEBUG:colcon.colcon_installed_package_information.package_discovery:Found 3 installed packages in /home/ph/launch_ws/install
[0.417s] DEBUG:colcon.colcon_installed_package_information.package_discovery:Found 15 installed packages in /home/ph/ros2_firstw/install
[0.419s] DEBUG:colcon.colcon_installed_package_information.package_discovery:Found 323 installed packages in /opt/ros/humble
[0.422s] Level 1:colcon.colcon_core.package_discovery:discover_packages(prefix_path) using defaults
[0.474s] Level 5:colcon.colcon_core.verb:set package 'cpp_launch_example' build argument 'cmake_args' from command line to 'None'
[0.474s] Level 5:colcon.colcon_core.verb:set package 'cpp_launch_example' build argument 'cmake_target' from command line to 'None'
[0.474s] Level 5:colcon.colcon_core.verb:set package 'cpp_launch_example' build argument 'cmake_target_skip_unavailable' from command line to 'False'
[0.474s] Level 5:colcon.colcon_core.verb:set package 'cpp_launch_example' build argument 'cmake_clean_cache' from command line to 'False'
[0.474s] Level 5:colcon.colcon_core.verb:set package 'cpp_launch_example' build argument 'cmake_clean_first' from command line to 'False'
[0.474s] Level 5:colcon.colcon_core.verb:set package 'cpp_launch_example' build argument 'cmake_force_configure' from command line to 'False'
[0.474s] Level 5:colcon.colcon_core.verb:set package 'cpp_launch_example' build argument 'ament_cmake_args' from command line to 'None'
[0.474s] Level 5:colcon.colcon_core.verb:set package 'cpp_launch_example' build argument 'catkin_cmake_args' from command line to 'None'
[0.474s] Level 5:colcon.colcon_core.verb:set package 'cpp_launch_example' build argument 'catkin_skip_building_tests' from command line to 'False'
[0.474s] DEBUG:colcon.colcon_core.verb:Building package 'cpp_launch_example' with the following arguments: {'ament_cmake_args': None, 'build_base': '/home/ph/launch_ws/build/cpp_launch_example', 'catkin_cmake_args': None, 'catkin_skip_building_tests': False, 'cmake_args': None, 'cmake_clean_cache': False, 'cmake_clean_first': False, 'cmake_force_configure': False, 'cmake_target': None, 'cmake_target_skip_unavailable': False, 'install_base': '/home/ph/launch_ws/install/cpp_launch_example', 'merge_install': False, 'path': '/home/ph/launch_ws/src/cpp_launch_example', 'symlink_install': False, 'test_result_base': None}
[0.474s] Level 5:colcon.colcon_core.verb:set package 'launch_tutorial' build argument 'cmake_args' from command line to 'None'
[0.474s] Level 5:colcon.colcon_core.verb:set package 'launch_tutorial' build argument 'cmake_target' from command line to 'None'
[0.474s] Level 5:colcon.colcon_core.verb:set package 'launch_tutorial' build argument 'cmake_target_skip_unavailable' from command line to 'False'
[0.474s] Level 5:colcon.colcon_core.verb:set package 'launch_tutorial' build argument 'cmake_clean_cache' from command line to 'False'
[0.475s] Level 5:colcon.colcon_core.verb:set package 'launch_tutorial' build argument 'cmake_clean_first' from command line to 'False'
[0.475s] Level 5:colcon.colcon_core.verb:set package 'launch_tutorial' build argument 'cmake_force_configure' from command line to 'False'
[0.475s] Level 5:colcon.colcon_core.verb:set package 'launch_tutorial' build argument 'ament_cmake_args' from command line to 'None'
[0.475s] Level 5:colcon.colcon_core.verb:set package 'launch_tutorial' build argument 'catkin_cmake_args' from command line to 'None'
[0.475s] Level 5:colcon.colcon_core.verb:set package 'launch_tutorial' build argument 'catkin_skip_building_tests' from command line to 'False'
[0.475s] DEBUG:colcon.colcon_core.verb:Building package 'launch_tutorial' with the following arguments: {'ament_cmake_args': None, 'build_base': '/home/ph/launch_ws/build/launch_tutorial', 'catkin_cmake_args': None, 'catkin_skip_building_tests': False, 'cmake_args': None, 'cmake_clean_cache': False, 'cmake_clean_first': False, 'cmake_force_configure': False, 'cmake_target': None, 'cmake_target_skip_unavailable': False, 'install_base': '/home/ph/launch_ws/install/launch_tutorial', 'merge_install': False, 'path': '/home/ph/launch_ws/src/launch_tutorial', 'symlink_install': False, 'test_result_base': None}
[0.475s] Level 5:colcon.colcon_core.verb:set package 'py_launch_example' build argument 'cmake_args' from command line to 'None'
[0.475s] Level 5:colcon.colcon_core.verb:set package 'py_launch_example' build argument 'cmake_target' from command line to 'None'
[0.475s] Level 5:colcon.colcon_core.verb:set package 'py_launch_example' build argument 'cmake_target_skip_unavailable' from command line to 'False'
[0.475s] Level 5:colcon.colcon_core.verb:set package 'py_launch_example' build argument 'cmake_clean_cache' from command line to 'False'
[0.475s] Level 5:colcon.colcon_core.verb:set package 'py_launch_example' build argument 'cmake_clean_first' from command line to 'False'
[0.475s] Level 5:colcon.colcon_core.verb:set package 'py_launch_example' build argument 'cmake_force_configure' from command line to 'False'
[0.475s] Level 5:colcon.colcon_core.verb:set package 'py_launch_example' build argument 'ament_cmake_args' from command line to 'None'
[0.475s] Level 5:colcon.colcon_core.verb:set package 'py_launch_example' build argument 'catkin_cmake_args' from command line to 'None'
[0.475s] Level 5:colcon.colcon_core.verb:set package 'py_launch_example' build argument 'catkin_skip_building_tests' from command line to 'False'
[0.475s] DEBUG:colcon.colcon_core.verb:Building package 'py_launch_example' with the following arguments: {'ament_cmake_args': None, 'build_base': '/home/ph/launch_ws/build/py_launch_example', 'catkin_cmake_args': None, 'catkin_skip_building_tests': False, 'cmake_args': None, 'cmake_clean_cache': False, 'cmake_clean_first': False, 'cmake_force_configure': False, 'cmake_target': None, 'cmake_target_skip_unavailable': False, 'install_base': '/home/ph/launch_ws/install/py_launch_example', 'merge_install': False, 'path': '/home/ph/launch_ws/src/py_launch_example', 'symlink_install': False, 'test_result_base': None}
[0.475s] INFO:colcon.colcon_core.executor:Executing jobs using 'parallel' executor
[0.477s] DEBUG:colcon.colcon_parallel_executor.executor.parallel:run_until_complete
[0.477s] INFO:colcon.colcon_ros.task.ament_cmake.build:Building ROS package in '/home/ph/launch_ws/src/cpp_launch_example' with build type 'ament_cmake'
[0.477s] INFO:colcon.colcon_cmake.task.cmake.build:Building CMake package in '/home/ph/launch_ws/src/cpp_launch_example'
[0.480s] INFO:colcon.colcon_core.plugin_system:Skipping extension 'colcon_core.shell.bat': Not used on non-Windows systems
[0.480s] INFO:colcon.colcon_core.shell:Skip shell extension 'powershell' for command environment: Not usable outside of PowerShell
[0.480s] DEBUG:colcon.colcon_core.shell:Skip shell extension 'dsv' for command environment
[0.486s] INFO:colcon.colcon_ros.task.ament_python.build:Building ROS package in '/home/ph/launch_ws/src/launch_tutorial' with build type 'ament_python'
[0.486s] Level 1:colcon.colcon_core.shell:create_environment_hook('launch_tutorial', 'ament_prefix_path')
[0.487s] INFO:colcon.colcon_core.shell:Creating environment hook '/home/ph/launch_ws/install/launch_tutorial/share/launch_tutorial/hook/ament_prefix_path.ps1'
[0.488s] INFO:colcon.colcon_core.shell:Creating environment descriptor '/home/ph/launch_ws/install/launch_tutorial/share/launch_tutorial/hook/ament_prefix_path.dsv'
[0.488s] INFO:colcon.colcon_core.shell:Creating environment hook '/home/ph/launch_ws/install/launch_tutorial/share/launch_tutorial/hook/ament_prefix_path.sh'
[0.489s] INFO:colcon.colcon_core.shell:Skip shell extension 'powershell' for command environment: Not usable outside of PowerShell
[0.489s] DEBUG:colcon.colcon_core.shell:Skip shell extension 'dsv' for command environment
[0.495s] INFO:colcon.colcon_ros.task.ament_python.build:Building ROS package in '/home/ph/launch_ws/src/py_launch_example' with build type 'ament_python'
[0.495s] Level 1:colcon.colcon_core.shell:create_environment_hook('py_launch_example', 'ament_prefix_path')
[0.496s] INFO:colcon.colcon_core.shell:Creating environment hook '/home/ph/launch_ws/install/py_launch_example/share/py_launch_example/hook/ament_prefix_path.ps1'
[0.496s] INFO:colcon.colcon_core.shell:Creating environment descriptor '/home/ph/launch_ws/install/py_launch_example/share/py_launch_example/hook/ament_prefix_path.dsv'
[0.497s] INFO:colcon.colcon_core.shell:Creating environment hook '/home/ph/launch_ws/install/py_launch_example/share/py_launch_example/hook/ament_prefix_path.sh'
[0.498s] INFO:colcon.colcon_core.shell:Skip shell extension 'powershell' for command environment: Not usable outside of PowerShell
[0.498s] DEBUG:colcon.colcon_core.shell:Skip shell extension 'dsv' for command environment
[0.512s] DEBUG:colcon.colcon_core.event_handler.log_command:Invoking command in '/home/ph/launch_ws/build/cpp_launch_example': CMAKE_PREFIX_PATH=${CMAKE_PREFIX_PATH}:/home/ph/launch_ws/install/py_launch_example:/opt/ros/humble /usr/bin/cmake --build /home/ph/launch_ws/build/cpp_launch_example -- -j8 -l8
[0.858s] INFO:colcon.colcon_core.task.python.build:Building Python package in '/home/ph/launch_ws/src/launch_tutorial'
[0.858s] INFO:colcon.colcon_core.shell:Skip shell extension 'powershell' for command environment: Not usable outside of PowerShell
[0.858s] DEBUG:colcon.colcon_core.shell:Skip shell extension 'dsv' for command environment
[1.198s] INFO:colcon.colcon_core.task.python.build:Building Python package in '/home/ph/launch_ws/src/py_launch_example'
[1.199s] INFO:colcon.colcon_core.shell:Skip shell extension 'powershell' for command environment: Not usable outside of PowerShell
[1.199s] DEBUG:colcon.colcon_core.shell:Skip shell extension 'dsv' for command environment
[1.211s] DEBUG:colcon.colcon_core.event_handler.log_command:Invoked command in '/home/ph/launch_ws/build/cpp_launch_example' returned '0': CMAKE_PREFIX_PATH=${CMAKE_PREFIX_PATH}:/home/ph/launch_ws/install/py_launch_example:/opt/ros/humble /usr/bin/cmake --build /home/ph/launch_ws/build/cpp_launch_example -- -j8 -l8
[1.226s] DEBUG:colcon.colcon_core.event_handler.log_command:Invoking command in '/home/ph/launch_ws/build/cpp_launch_example': CMAKE_PREFIX_PATH=${CMAKE_PREFIX_PATH}:/home/ph/launch_ws/install/py_launch_example:/opt/ros/humble /usr/bin/cmake --install /home/ph/launch_ws/build/cpp_launch_example
[1.241s] Level 1:colcon.colcon_core.environment:create_environment_scripts_only(cpp_launch_example)
[1.246s] DEBUG:colcon.colcon_core.event_handler.log_command:Invoked command in '/home/ph/launch_ws/build/cpp_launch_example' returned '0': CMAKE_PREFIX_PATH=${CMAKE_PREFIX_PATH}:/home/ph/launch_ws/install/py_launch_example:/opt/ros/humble /usr/bin/cmake --install /home/ph/launch_ws/build/cpp_launch_example
[1.248s] Level 1:colcon.colcon_core.environment:checking '/home/ph/launch_ws/install/cpp_launch_example' for CMake module files
[1.248s] Level 1:colcon.colcon_core.environment:checking '/home/ph/launch_ws/install/cpp_launch_example' for CMake config files
[1.248s] Level 1:colcon.colcon_core.shell:create_environment_hook('cpp_launch_example', 'cmake_prefix_path')
[1.249s] INFO:colcon.colcon_core.shell:Creating environment hook '/home/ph/launch_ws/install/cpp_launch_example/share/cpp_launch_example/hook/cmake_prefix_path.ps1'
[1.249s] INFO:colcon.colcon_core.shell:Creating environment descriptor '/home/ph/launch_ws/install/cpp_launch_example/share/cpp_launch_example/hook/cmake_prefix_path.dsv'
[1.250s] INFO:colcon.colcon_core.shell:Creating environment hook '/home/ph/launch_ws/install/cpp_launch_example/share/cpp_launch_example/hook/cmake_prefix_path.sh'
[1.251s] Level 1:colcon.colcon_core.environment:checking '/home/ph/launch_ws/install/cpp_launch_example/bin'
[1.251s] Level 1:colcon.colcon_core.environment:checking '/home/ph/launch_ws/install/cpp_launch_example/lib/pkgconfig/cpp_launch_example.pc'
[1.251s] Level 1:colcon.colcon_core.environment:checking '/home/ph/launch_ws/install/cpp_launch_example/lib/python3.10/site-packages'
[1.252s] Level 1:colcon.colcon_core.environment:checking '/home/ph/launch_ws/install/cpp_launch_example/bin'
[1.252s] INFO:colcon.colcon_core.shell:Creating package script '/home/ph/launch_ws/install/cpp_launch_example/share/cpp_launch_example/package.ps1'
[1.253s] INFO:colcon.colcon_core.shell:Creating package descriptor '/home/ph/launch_ws/install/cpp_launch_example/share/cpp_launch_example/package.dsv'
[1.254s] INFO:colcon.colcon_core.shell:Creating package script '/home/ph/launch_ws/install/cpp_launch_example/share/cpp_launch_example/package.sh'
[1.255s] INFO:colcon.colcon_core.shell:Creating package script '/home/ph/launch_ws/install/cpp_launch_example/share/cpp_launch_example/package.bash'
[1.256s] INFO:colcon.colcon_core.shell:Creating package script '/home/ph/launch_ws/install/cpp_launch_example/share/cpp_launch_example/package.zsh'
[1.257s] Level 1:colcon.colcon_core.environment:create_file_with_runtime_dependencies(/home/ph/launch_ws/install/cpp_launch_example/share/colcon-core/packages/cpp_launch_example)
[1.258s] Level 1:colcon.colcon_core.environment:create_environment_scripts_only(cpp_launch_example)
[1.259s] Level 1:colcon.colcon_core.environment:checking '/home/ph/launch_ws/install/cpp_launch_example' for CMake module files
[1.259s] Level 1:colcon.colcon_core.environment:checking '/home/ph/launch_ws/install/cpp_launch_example' for CMake config files
[1.259s] Level 1:colcon.colcon_core.shell:create_environment_hook('cpp_launch_example', 'cmake_prefix_path')
[1.260s] INFO:colcon.colcon_core.shell:Creating environment hook '/home/ph/launch_ws/install/cpp_launch_example/share/cpp_launch_example/hook/cmake_prefix_path.ps1'
[1.260s] INFO:colcon.colcon_core.shell:Creating environment descriptor '/home/ph/launch_ws/install/cpp_launch_example/share/cpp_launch_example/hook/cmake_prefix_path.dsv'
[1.261s] INFO:colcon.colcon_core.shell:Creating environment hook '/home/ph/launch_ws/install/cpp_launch_example/share/cpp_launch_example/hook/cmake_prefix_path.sh'
[1.262s] Level 1:colcon.colcon_core.environment:checking '/home/ph/launch_ws/install/cpp_launch_example/bin'
[1.262s] Level 1:colcon.colcon_core.environment:checking '/home/ph/launch_ws/install/cpp_launch_example/lib/pkgconfig/cpp_launch_example.pc'
[1.262s] Level 1:colcon.colcon_core.environment:checking '/home/ph/launch_ws/install/cpp_launch_example/lib/python3.10/site-packages'
[1.262s] Level 1:colcon.colcon_core.environment:checking '/home/ph/launch_ws/install/cpp_launch_example/bin'
[1.263s] INFO:colcon.colcon_core.shell:Creating package script '/home/ph/launch_ws/install/cpp_launch_example/share/cpp_launch_example/package.ps1'
[1.264s] INFO:colcon.colcon_core.shell:Creating package descriptor '/home/ph/launch_ws/install/cpp_launch_example/share/cpp_launch_example/package.dsv'
[1.265s] INFO:colcon.colcon_core.shell:Creating package script '/home/ph/launch_ws/install/cpp_launch_example/share/cpp_launch_example/package.sh'
[1.265s] INFO:colcon.colcon_core.shell:Creating package script '/home/ph/launch_ws/install/cpp_launch_example/share/cpp_launch_example/package.bash'
[1.266s] INFO:colcon.colcon_core.shell:Creating package script '/home/ph/launch_ws/install/cpp_launch_example/share/cpp_launch_example/package.zsh'
[1.266s] Level 1:colcon.colcon_core.environment:create_file_with_runtime_dependencies(/home/ph/launch_ws/install/cpp_launch_example/share/colcon-core/packages/cpp_launch_example)
[1.738s] DEBUG:colcon.colcon_core.event_handler.log_command:Invoking command in '/home/ph/launch_ws/src/py_launch_example': PYTHONPATH=/home/ph/launch_ws/build/py_launch_example/prefix_override:/usr/lib/python3/dist-packages/colcon_core/task/python/colcon_distutils_commands:/home/ph/launch_ws/install/py_launch_example/lib/python3.10/site-packages:${PYTHONPATH} /usr/bin/python3 -W ignore:setup.py install is deprecated -W ignore:easy_install command is deprecated setup.py egg_info --egg-base ../../build/py_launch_example build --build-base /home/ph/launch_ws/build/py_launch_example/build install --record /home/ph/launch_ws/build/py_launch_example/install.log --single-version-externally-managed install_data
[1.747s] DEBUG:colcon.colcon_core.event_handler.log_command:Invoking command in '/home/ph/launch_ws/src/launch_tutorial': PYTHONPATH=/home/ph/launch_ws/build/launch_tutorial/prefix_override:/usr/lib/python3/dist-packages/colcon_core/task/python/colcon_distutils_commands:/home/ph/launch_ws/install/launch_tutorial/lib/python3.10/site-packages:${PYTHONPATH} /usr/bin/python3 -W ignore:setup.py install is deprecated -W ignore:easy_install command is deprecated setup.py egg_info --egg-base ../../build/launch_tutorial build --build-base /home/ph/launch_ws/build/launch_tutorial/build install --record /home/ph/launch_ws/build/launch_tutorial/install.log --single-version-externally-managed install_data
[2.133s] Level 1:colcon.colcon_core.environment:checking '/home/ph/launch_ws/install/py_launch_example' for CMake module files
[2.134s] DEBUG:colcon.colcon_core.event_handler.log_command:Invoked command in '/home/ph/launch_ws/src/py_launch_example' returned '0': PYTHONPATH=/home/ph/launch_ws/build/py_launch_example/prefix_override:/usr/lib/python3/dist-packages/colcon_core/task/python/colcon_distutils_commands:/home/ph/launch_ws/install/py_launch_example/lib/python3.10/site-packages:${PYTHONPATH} /usr/bin/python3 -W ignore:setup.py install is deprecated -W ignore:easy_install command is deprecated setup.py egg_info --egg-base ../../build/py_launch_example build --build-base /home/ph/launch_ws/build/py_launch_example/build install --record /home/ph/launch_ws/build/py_launch_example/install.log --single-version-externally-managed install_data
[2.135s] Level 1:colcon.colcon_core.environment:checking '/home/ph/launch_ws/install/py_launch_example' for CMake config files
[2.136s] Level 1:colcon.colcon_core.environment:checking '/home/ph/launch_ws/install/py_launch_example/lib'
[2.137s] Level 1:colcon.colcon_core.environment:checking '/home/ph/launch_ws/install/py_launch_example/bin'
[2.137s] Level 1:colcon.colcon_core.environment:checking '/home/ph/launch_ws/install/py_launch_example/lib/pkgconfig/py_launch_example.pc'
[2.138s] Level 1:colcon.colcon_core.environment:checking '/home/ph/launch_ws/install/py_launch_example/lib/python3.10/site-packages'
[2.138s] Level 1:colcon.colcon_core.shell:create_environment_hook('py_launch_example', 'pythonpath')
[2.138s] INFO:colcon.colcon_core.shell:Creating environment hook '/home/ph/launch_ws/install/py_launch_example/share/py_launch_example/hook/pythonpath.ps1'
[2.140s] INFO:colcon.colcon_core.shell:Creating environment descriptor '/home/ph/launch_ws/install/py_launch_example/share/py_launch_example/hook/pythonpath.dsv'
[2.141s] INFO:colcon.colcon_core.shell:Creating environment hook '/home/ph/launch_ws/install/py_launch_example/share/py_launch_example/hook/pythonpath.sh'
[2.142s] Level 1:colcon.colcon_core.environment:checking '/home/ph/launch_ws/install/py_launch_example/bin'
[2.142s] Level 1:colcon.colcon_core.environment:create_environment_scripts_only(py_launch_example)
[2.143s] INFO:colcon.colcon_core.shell:Creating package script '/home/ph/launch_ws/install/py_launch_example/share/py_launch_example/package.ps1'
[2.144s] INFO:colcon.colcon_core.shell:Creating package descriptor '/home/ph/launch_ws/install/py_launch_example/share/py_launch_example/package.dsv'
[2.146s] INFO:colcon.colcon_core.shell:Creating package script '/home/ph/launch_ws/install/py_launch_example/share/py_launch_example/package.sh'
[2.147s] INFO:colcon.colcon_core.shell:Creating package script '/home/ph/launch_ws/install/py_launch_example/share/py_launch_example/package.bash'
[2.148s] INFO:colcon.colcon_core.shell:Creating package script '/home/ph/launch_ws/install/py_launch_example/share/py_launch_example/package.zsh'
[2.149s] Level 1:colcon.colcon_core.environment:create_file_with_runtime_dependencies(/home/ph/launch_ws/install/py_launch_example/share/colcon-core/packages/py_launch_example)
[2.152s] Level 1:colcon.colcon_core.environment:checking '/home/ph/launch_ws/install/launch_tutorial' for CMake module files
[2.153s] DEBUG:colcon.colcon_core.event_handler.log_command:Invoked command in '/home/ph/launch_ws/src/launch_tutorial' returned '0': PYTHONPATH=/home/ph/launch_ws/build/launch_tutorial/prefix_override:/usr/lib/python3/dist-packages/colcon_core/task/python/colcon_distutils_commands:/home/ph/launch_ws/install/launch_tutorial/lib/python3.10/site-packages:${PYTHONPATH} /usr/bin/python3 -W ignore:setup.py install is deprecated -W ignore:easy_install command is deprecated setup.py egg_info --egg-base ../../build/launch_tutorial build --build-base /home/ph/launch_ws/build/launch_tutorial/build install --record /home/ph/launch_ws/build/launch_tutorial/install.log --single-version-externally-managed install_data
[2.154s] Level 1:colcon.colcon_core.environment:checking '/home/ph/launch_ws/install/launch_tutorial' for CMake config files
[2.155s] Level 1:colcon.colcon_core.shell:create_environment_hook('launch_tutorial', 'cmake_prefix_path')
[2.156s] INFO:colcon.colcon_core.shell:Creating environment hook '/home/ph/launch_ws/install/launch_tutorial/share/launch_tutorial/hook/cmake_prefix_path.ps1'
[2.157s] INFO:colcon.colcon_core.shell:Creating environment descriptor '/home/ph/launch_ws/install/launch_tutorial/share/launch_tutorial/hook/cmake_prefix_path.dsv'
[2.158s] INFO:colcon.colcon_core.shell:Creating environment hook '/home/ph/launch_ws/install/launch_tutorial/share/launch_tutorial/hook/cmake_prefix_path.sh'
[2.160s] Level 1:colcon.colcon_core.environment:checking '/home/ph/launch_ws/install/launch_tutorial/lib'
[2.160s] Level 1:colcon.colcon_core.environment:checking '/home/ph/launch_ws/install/launch_tutorial/bin'
[2.160s] Level 1:colcon.colcon_core.environment:checking '/home/ph/launch_ws/install/launch_tutorial/lib/pkgconfig/launch_tutorial.pc'
[2.161s] Level 1:colcon.colcon_core.environment:checking '/home/ph/launch_ws/install/launch_tutorial/lib/python3.10/site-packages'
[2.161s] Level 1:colcon.colcon_core.shell:create_environment_hook('launch_tutorial', 'pythonpath')
[2.162s] INFO:colcon.colcon_core.shell:Creating environment hook '/home/ph/launch_ws/install/launch_tutorial/share/launch_tutorial/hook/pythonpath.ps1'
[2.163s] INFO:colcon.colcon_core.shell:Creating environment descriptor '/home/ph/launch_ws/install/launch_tutorial/share/launch_tutorial/hook/pythonpath.dsv'
[2.164s] INFO:colcon.colcon_core.shell:Creating environment hook '/home/ph/launch_ws/install/launch_tutorial/share/launch_tutorial/hook/pythonpath.sh'
[2.166s] Level 1:colcon.colcon_core.environment:checking '/home/ph/launch_ws/install/launch_tutorial/bin'
[2.166s] Level 1:colcon.colcon_core.environment:create_environment_scripts_only(launch_tutorial)
[2.167s] INFO:colcon.colcon_core.shell:Creating package script '/home/ph/launch_ws/install/launch_tutorial/share/launch_tutorial/package.ps1'
[2.168s] INFO:colcon.colcon_core.shell:Creating package descriptor '/home/ph/launch_ws/install/launch_tutorial/share/launch_tutorial/package.dsv'
[2.169s] INFO:colcon.colcon_core.shell:Creating package script '/home/ph/launch_ws/install/launch_tutorial/share/launch_tutorial/package.sh'
[2.170s] INFO:colcon.colcon_core.shell:Creating package script '/home/ph/launch_ws/install/launch_tutorial/share/launch_tutorial/package.bash'
[2.171s] INFO:colcon.colcon_core.shell:Creating package script '/home/ph/launch_ws/install/launch_tutorial/share/launch_tutorial/package.zsh'
[2.172s] Level 1:colcon.colcon_core.environment:create_file_with_runtime_dependencies(/home/ph/launch_ws/install/launch_tutorial/share/colcon-core/packages/launch_tutorial)
[2.172s] DEBUG:colcon.colcon_parallel_executor.executor.parallel:closing loop
[2.173s] DEBUG:colcon.colcon_parallel_executor.executor.parallel:loop closed
[2.173s] DEBUG:colcon.colcon_parallel_executor.executor.parallel:run_until_complete finished with '0'
[2.173s] DEBUG:colcon.colcon_core.event_reactor:joining thread
[2.187s] INFO:colcon.colcon_core.plugin_system:Skipping extension 'colcon_notification.desktop_notification.terminal_notifier': Not used on non-Darwin systems
[2.188s] INFO:colcon.colcon_core.plugin_system:Skipping extension 'colcon_notification.desktop_notification.win32': Not used on non-Windows systems
[2.188s] INFO:colcon.colcon_notification.desktop_notification:Sending desktop notification using 'notify2'
[2.212s] DEBUG:colcon.colcon_core.event_reactor:joined thread
[2.213s] INFO:colcon.colcon_core.shell:Creating prefix script '/home/ph/launch_ws/install/local_setup.ps1'
[2.216s] INFO:colcon.colcon_core.shell:Creating prefix util module '/home/ph/launch_ws/install/_local_setup_util_ps1.py'
[2.220s] INFO:colcon.colcon_core.shell:Creating prefix chain script '/home/ph/launch_ws/install/setup.ps1'
[2.225s] INFO:colcon.colcon_core.shell:Creating prefix script '/home/ph/launch_ws/install/local_setup.sh'
[2.226s] INFO:colcon.colcon_core.shell:Creating prefix util module '/home/ph/launch_ws/install/_local_setup_util_sh.py'
[2.228s] INFO:colcon.colcon_core.shell:Creating prefix chain script '/home/ph/launch_ws/install/setup.sh'
[2.232s] INFO:colcon.colcon_core.shell:Creating prefix script '/home/ph/launch_ws/install/local_setup.bash'
[2.234s] INFO:colcon.colcon_core.shell:Creating prefix chain script '/home/ph/launch_ws/install/setup.bash'
[2.238s] INFO:colcon.colcon_core.shell:Creating prefix script '/home/ph/launch_ws/install/local_setup.zsh'
[2.239s] INFO:colcon.colcon_core.shell:Creating prefix chain script '/home/ph/launch_ws/install/setup.zsh'
