[0.033s] Invoking command in '/home/ph/launch_ws/build/cpp_launch_example': CMAKE_PREFIX_PATH=${CMAKE_PREFIX_PATH}:/home/ph/launch_ws/install/py_launch_example:/opt/ros/humble /usr/bin/cmake --build /home/ph/launch_ws/build/cpp_launch_example -- -j8 -l8
[0.733s] Invoked command in '/home/ph/launch_ws/build/cpp_launch_example' returned '0': CMAKE_PREFIX_PATH=${CMAKE_PREFIX_PATH}:/home/ph/launch_ws/install/py_launch_example:/opt/ros/humble /usr/bin/cmake --build /home/ph/launch_ws/build/cpp_launch_example -- -j8 -l8
[0.750s] Invoking command in '/home/ph/launch_ws/build/cpp_launch_example': CMAKE_PREFIX_PATH=${CMAKE_PREFIX_PATH}:/home/ph/launch_ws/install/py_launch_example:/opt/ros/humble /usr/bin/cmake --install /home/ph/launch_ws/build/cpp_launch_example
[0.771s] -- Install configuration: ""
[0.771s] -- Up-to-date: /home/ph/launch_ws/install/cpp_launch_example/share/cpp_launch_example//launch
[0.771s] -- Up-to-date: /home/ph/launch_ws/install/cpp_launch_example/share/cpp_launch_example//launch/my_script_launch.xml
[0.771s] -- Up-to-date: /home/ph/launch_ws/install/cpp_launch_example/share/ament_index/resource_index/package_run_dependencies/cpp_launch_example
[0.771s] -- Up-to-date: /home/ph/launch_ws/install/cpp_launch_example/share/ament_index/resource_index/parent_prefix_path/cpp_launch_example
[0.771s] -- Up-to-date: /home/ph/launch_ws/install/cpp_launch_example/share/cpp_launch_example/environment/ament_prefix_path.sh
[0.772s] -- Up-to-date: /home/ph/launch_ws/install/cpp_launch_example/share/cpp_launch_example/environment/ament_prefix_path.dsv
[0.772s] -- Up-to-date: /home/ph/launch_ws/install/cpp_launch_example/share/cpp_launch_example/environment/path.sh
[0.772s] -- Up-to-date: /home/ph/launch_ws/install/cpp_launch_example/share/cpp_launch_example/environment/path.dsv
[0.772s] -- Up-to-date: /home/ph/launch_ws/install/cpp_launch_example/share/cpp_launch_example/local_setup.bash
[0.772s] -- Up-to-date: /home/ph/launch_ws/install/cpp_launch_example/share/cpp_launch_example/local_setup.sh
[0.772s] -- Up-to-date: /home/ph/launch_ws/install/cpp_launch_example/share/cpp_launch_example/local_setup.zsh
[0.772s] -- Up-to-date: /home/ph/launch_ws/install/cpp_launch_example/share/cpp_launch_example/local_setup.dsv
[0.773s] -- Installing: /home/ph/launch_ws/install/cpp_launch_example/share/cpp_launch_example/package.dsv
[0.773s] -- Up-to-date: /home/ph/launch_ws/install/cpp_launch_example/share/ament_index/resource_index/packages/cpp_launch_example
[0.773s] -- Up-to-date: /home/ph/launch_ws/install/cpp_launch_example/share/cpp_launch_example/cmake/cpp_launch_exampleConfig.cmake
[0.773s] -- Up-to-date: /home/ph/launch_ws/install/cpp_launch_example/share/cpp_launch_example/cmake/cpp_launch_exampleConfig-version.cmake
[0.773s] -- Up-to-date: /home/ph/launch_ws/install/cpp_launch_example/share/cpp_launch_example/package.xml
[0.775s] Invoked command in '/home/ph/launch_ws/build/cpp_launch_example' returned '0': CMAKE_PREFIX_PATH=${CMAKE_PREFIX_PATH}:/home/ph/launch_ws/install/py_launch_example:/opt/ros/humble /usr/bin/cmake --install /home/ph/launch_ws/build/cpp_launch_example
