[0mCMake Deprecation Warning at /home/ph/ws/lidar_ws/src/kiss-icp/cpp/kiss_icp/3rdparty/find_dependencies.cmake:25 (cmake_policy):
  The OLD behavior for policy CMP0135 will be removed from a future version
  of CMake.

  The cmake-policies(7) manual explains that the OLD behaviors of all
  policies are deprecated and that a policy should be set to OLD only under
  specific short-term circumstances.  Projects should be ported to the NEW
  behavior and not rely on setting a policy to OLD.
Call Stack (most recent call first):
  /home/ph/ws/lidar_ws/src/kiss-icp/cpp/kiss_icp/CMakeLists.txt:48 (include)

[0m
[0mCMake Deprecation Warning at /usr/share/cmake/tsl-robin-map/tsl-robin-mapTargets.cmake:7 (cmake_policy):
  Compatibility with CMake < 3.10 will be removed from a future version of
  CMake.

  Update the VERSION argument <min> value.  Or, use the <min>...<max> syntax
  to tell CMake that the project requires at least <min> but has been updated
  to work with policies introduced by <max> or earlier.
Call Stack (most recent call first):
  /usr/share/cmake/tsl-robin-map/tsl-robin-mapConfig.cmake:31 (include)
  /home/ph/ws/lidar_ws/src/kiss-icp/cpp/kiss_icp/3rdparty/find_dependencies.cmake:32 (find_package)
  /home/ph/ws/lidar_ws/src/kiss-icp/cpp/kiss_icp/3rdparty/find_dependencies.cmake:43 (find_external_dependency)
  /home/ph/ws/lidar_ws/src/kiss-icp/cpp/kiss_icp/CMakeLists.txt:48 (include)

[0m
-- Found ament_cmake: 1.3.12 (/opt/ros/humble/share/ament_cmake/cmake)
-- Found geometry_msgs: 4.9.0 (/opt/ros/humble/share/geometry_msgs/cmake)
-- Found rosidl_generator_c: 3.1.7 (/opt/ros/humble/share/rosidl_generator_c/cmake)
-- Found rosidl_adapter: 3.1.7 (/opt/ros/humble/share/rosidl_adapter/cmake)
-- Found rosidl_generator_cpp: 3.1.7 (/opt/ros/humble/share/rosidl_generator_cpp/cmake)
-- Using all available rosidl_typesupport_c: rosidl_typesupport_fastrtps_c;rosidl_typesupport_introspection_c
-- Using all available rosidl_typesupport_cpp: rosidl_typesupport_fastrtps_cpp;rosidl_typesupport_introspection_cpp
-- Found nav_msgs: 4.9.0 (/opt/ros/humble/share/nav_msgs/cmake)
-- Found rclcpp: 16.0.16 (/opt/ros/humble/share/rclcpp/cmake)
-- Found rmw_implementation_cmake: 6.1.2 (/opt/ros/humble/share/rmw_implementation_cmake/cmake)
-- Found rmw_fastrtps_cpp: 6.2.9 (/opt/ros/humble/share/rmw_fastrtps_cpp/cmake)
-- Using RMW implementation 'rmw_fastrtps_cpp' as default
-- Found rclcpp_components: 16.0.16 (/opt/ros/humble/share/rclcpp_components/cmake)
-- Found sensor_msgs: 4.9.0 (/opt/ros/humble/share/sensor_msgs/cmake)
-- Found tf2_ros: 0.25.17 (/opt/ros/humble/share/tf2_ros/cmake)
-- Found std_srvs: 4.9.0 (/opt/ros/humble/share/std_srvs/cmake)
-- Configuring done (1.2s)
-- Generating done (0.0s)
-- Build files have been written to: /home/ph/ws/lidar_ws/build/kiss_icp
[  7%] [32mBuilding CXX object kiss_icp/metrics/CMakeFiles/kiss_icp_metrics.dir/Metrics.cpp.o[0m
[ 21%] [32mBuilding CXX object kiss_icp/core/CMakeFiles/kiss_icp_core.dir/Registration.cpp.o[0m
[ 21%] [32mBuilding CXX object kiss_icp/core/CMakeFiles/kiss_icp_core.dir/VoxelUtils.cpp.o[0m
[ 28%] [32mBuilding CXX object kiss_icp/core/CMakeFiles/kiss_icp_core.dir/VoxelHashMap.cpp.o[0m
[ 35%] [32mBuilding CXX object kiss_icp/core/CMakeFiles/kiss_icp_core.dir/Preprocessing.cpp.o[0m
[ 42%] [32mBuilding CXX object kiss_icp/core/CMakeFiles/kiss_icp_core.dir/Threshold.cpp.o[0m
[ 50%] [32mBuilding CXX object CMakeFiles/kiss_icp_node.dir/rclcpp_components/node_main_kiss_icp_node.cpp.o[0m
[ 57%] [1m[32mLinking CXX executable kiss_icp_node[0m
[ 57%] Built target kiss_icp_node
[ 64%] [1m[32mLinking CXX static library libkiss_icp_core.a[0m
[ 64%] Built target kiss_icp_core
[ 71%] [32mBuilding CXX object kiss_icp/pipeline/CMakeFiles/kiss_icp_pipeline.dir/KissICP.cpp.o[0m
[ 78%] [1m[32mLinking CXX static library libkiss_icp_pipeline.a[0m
[ 78%] Built target kiss_icp_pipeline
[ 85%] [32mBuilding CXX object CMakeFiles/odometry_component.dir/src/OdometryServer.cpp.o[0m
[ 92%] [1m[32mLinking CXX static library libkiss_icp_metrics.a[0m
[ 92%] Built target kiss_icp_metrics
[100%] [1m[32mLinking CXX shared library libodometry_component.so[0m
[100%] Built target odometry_component
-- Install configuration: "Release"
-- Installing: /home/ph/ws/lidar_ws/install/kiss_icp/lib/kiss_icp/kiss_icp_node
-- Set non-toolchain portion of runtime path of "/home/ph/ws/lidar_ws/install/kiss_icp/lib/kiss_icp/kiss_icp_node" to ""
-- Installing: /home/ph/ws/lidar_ws/install/kiss_icp/lib/libodometry_component.so
-- Set non-toolchain portion of runtime path of "/home/ph/ws/lidar_ws/install/kiss_icp/lib/libodometry_component.so" to ""
-- Up-to-date: /home/ph/ws/lidar_ws/install/kiss_icp/share/kiss_icp//launch
-- Up-to-date: /home/ph/ws/lidar_ws/install/kiss_icp/share/kiss_icp//launch/odometry.launch.py
-- Up-to-date: /home/ph/ws/lidar_ws/install/kiss_icp/share/kiss_icp//rviz
-- Up-to-date: /home/ph/ws/lidar_ws/install/kiss_icp/share/kiss_icp//rviz/kiss_icp.rviz
-- Up-to-date: /home/ph/ws/lidar_ws/install/kiss_icp/share/kiss_icp//config
-- Up-to-date: /home/ph/ws/lidar_ws/install/kiss_icp/share/kiss_icp//config/config.yaml
-- Up-to-date: /home/ph/ws/lidar_ws/install/kiss_icp/share/ament_index/resource_index/package_run_dependencies/kiss_icp
-- Installing: /home/ph/ws/lidar_ws/install/kiss_icp/share/ament_index/resource_index/parent_prefix_path/kiss_icp
-- Installing: /home/ph/ws/lidar_ws/install/kiss_icp/share/kiss_icp/environment/ament_prefix_path.sh
-- Installing: /home/ph/ws/lidar_ws/install/kiss_icp/share/kiss_icp/environment/ament_prefix_path.dsv
-- Installing: /home/ph/ws/lidar_ws/install/kiss_icp/share/kiss_icp/environment/path.sh
-- Installing: /home/ph/ws/lidar_ws/install/kiss_icp/share/kiss_icp/environment/path.dsv
-- Up-to-date: /home/ph/ws/lidar_ws/install/kiss_icp/share/kiss_icp/local_setup.bash
-- Up-to-date: /home/ph/ws/lidar_ws/install/kiss_icp/share/kiss_icp/local_setup.sh
-- Up-to-date: /home/ph/ws/lidar_ws/install/kiss_icp/share/kiss_icp/local_setup.zsh
-- Installing: /home/ph/ws/lidar_ws/install/kiss_icp/share/kiss_icp/local_setup.dsv
-- Installing: /home/ph/ws/lidar_ws/install/kiss_icp/share/kiss_icp/package.dsv
-- Up-to-date: /home/ph/ws/lidar_ws/install/kiss_icp/share/ament_index/resource_index/packages/kiss_icp
-- Up-to-date: /home/ph/ws/lidar_ws/install/kiss_icp/share/ament_index/resource_index/rclcpp_components/kiss_icp
-- Up-to-date: /home/ph/ws/lidar_ws/install/kiss_icp/share/kiss_icp/cmake/kiss_icpConfig.cmake
-- Up-to-date: /home/ph/ws/lidar_ws/install/kiss_icp/share/kiss_icp/cmake/kiss_icpConfig-version.cmake
-- Up-to-date: /home/ph/ws/lidar_ws/install/kiss_icp/share/kiss_icp/package.xml
