[0.016s] Invoking command in '/home/ph/ws/lidar_ws/build/kiss_icp': CMAKE_PREFIX_PATH=/opt/ros/humble /usr/bin/cmake --build /home/ph/ws/lidar_ws/build/kiss_icp -- -j8 -l8
[0.046s] [0mCMake Deprecation Warning at /home/ph/ws/lidar_ws/src/kiss-icp/cpp/kiss_icp/3rdparty/find_dependencies.cmake:25 (cmake_policy):
[0.046s]   The OLD behavior for policy CMP0135 will be removed from a future version
[0.047s]   of CMake.
[0.047s] 
[0.047s]   The cmake-policies(7) manual explains that the OLD behaviors of all
[0.047s]   policies are deprecated and that a policy should be set to OLD only under
[0.047s]   specific short-term circumstances.  Projects should be ported to the NEW
[0.047s]   behavior and not rely on setting a policy to OLD.
[0.048s] Call Stack (most recent call first):
[0.048s]   /home/ph/ws/lidar_ws/src/kiss-icp/cpp/kiss_icp/CMakeLists.txt:48 (include)
[0.048s] 
[0.048s] [0m
[0.057s] [0mCMake Deprecation Warning at /usr/share/cmake/tsl-robin-map/tsl-robin-mapTargets.cmake:7 (cmake_policy):
[0.057s]   Compatibility with CMake < 3.10 will be removed from a future version of
[0.057s]   CMake.
[0.058s] 
[0.058s]   Update the VERSION argument <min> value.  Or, use the <min>...<max> syntax
[0.058s]   to tell CMake that the project requires at least <min> but has been updated
[0.058s]   to work with policies introduced by <max> or earlier.
[0.058s] Call Stack (most recent call first):
[0.058s]   /usr/share/cmake/tsl-robin-map/tsl-robin-mapConfig.cmake:31 (include)
[0.059s]   /home/ph/ws/lidar_ws/src/kiss-icp/cpp/kiss_icp/3rdparty/find_dependencies.cmake:32 (find_package)
[0.059s]   /home/ph/ws/lidar_ws/src/kiss-icp/cpp/kiss_icp/3rdparty/find_dependencies.cmake:43 (find_external_dependency)
[0.059s]   /home/ph/ws/lidar_ws/src/kiss-icp/cpp/kiss_icp/CMakeLists.txt:48 (include)
[0.059s] 
[0.059s] [0m
[0.059s] -- Found ament_cmake: 1.3.12 (/opt/ros/humble/share/ament_cmake/cmake)
[0.346s] -- Found geometry_msgs: 4.9.0 (/opt/ros/humble/share/geometry_msgs/cmake)
[0.409s] -- Found rosidl_generator_c: 3.1.7 (/opt/ros/humble/share/rosidl_generator_c/cmake)
[0.415s] -- Found rosidl_adapter: 3.1.7 (/opt/ros/humble/share/rosidl_adapter/cmake)
[0.429s] -- Found rosidl_generator_cpp: 3.1.7 (/opt/ros/humble/share/rosidl_generator_cpp/cmake)
[0.449s] -- Using all available rosidl_typesupport_c: rosidl_typesupport_fastrtps_c;rosidl_typesupport_introspection_c
[0.474s] -- Using all available rosidl_typesupport_cpp: rosidl_typesupport_fastrtps_cpp;rosidl_typesupport_introspection_cpp
[0.548s] -- Found nav_msgs: 4.9.0 (/opt/ros/humble/share/nav_msgs/cmake)
[0.582s] -- Found rclcpp: 16.0.16 (/opt/ros/humble/share/rclcpp/cmake)
[0.644s] -- Found rmw_implementation_cmake: 6.1.2 (/opt/ros/humble/share/rmw_implementation_cmake/cmake)
[0.647s] -- Found rmw_fastrtps_cpp: 6.2.9 (/opt/ros/humble/share/rmw_fastrtps_cpp/cmake)
[0.828s] -- Using RMW implementation 'rmw_fastrtps_cpp' as default
[0.905s] -- Found rclcpp_components: 16.0.16 (/opt/ros/humble/share/rclcpp_components/cmake)
[0.949s] -- Found sensor_msgs: 4.9.0 (/opt/ros/humble/share/sensor_msgs/cmake)
[0.983s] -- Found tf2_ros: 0.25.17 (/opt/ros/humble/share/tf2_ros/cmake)
[1.115s] -- Found std_srvs: 4.9.0 (/opt/ros/humble/share/std_srvs/cmake)
[1.258s] -- Configuring done (1.2s)
[1.303s] -- Generating done (0.0s)
[1.357s] -- Build files have been written to: /home/ph/ws/lidar_ws/build/kiss_icp
[1.427s] [  7%] [32mBuilding CXX object kiss_icp/metrics/CMakeFiles/kiss_icp_metrics.dir/Metrics.cpp.o[0m
[1.431s] [ 21%] [32mBuilding CXX object kiss_icp/core/CMakeFiles/kiss_icp_core.dir/Registration.cpp.o[0m
[1.431s] [ 21%] [32mBuilding CXX object kiss_icp/core/CMakeFiles/kiss_icp_core.dir/VoxelUtils.cpp.o[0m
[1.432s] [ 28%] [32mBuilding CXX object kiss_icp/core/CMakeFiles/kiss_icp_core.dir/VoxelHashMap.cpp.o[0m
[1.434s] [ 35%] [32mBuilding CXX object kiss_icp/core/CMakeFiles/kiss_icp_core.dir/Preprocessing.cpp.o[0m
[1.435s] [ 42%] [32mBuilding CXX object kiss_icp/core/CMakeFiles/kiss_icp_core.dir/Threshold.cpp.o[0m
[1.451s] [ 50%] [32mBuilding CXX object CMakeFiles/kiss_icp_node.dir/rclcpp_components/node_main_kiss_icp_node.cpp.o[0m
[7.312s] [ 57%] [1m[32mLinking CXX executable kiss_icp_node[0m
[7.551s] [ 57%] Built target kiss_icp_node
[11.693s] [ 64%] [1m[32mLinking CXX static library libkiss_icp_core.a[0m
[12.089s] [ 64%] Built target kiss_icp_core
[12.130s] [ 71%] [32mBuilding CXX object kiss_icp/pipeline/CMakeFiles/kiss_icp_pipeline.dir/KissICP.cpp.o[0m
[14.827s] [ 78%] [1m[32mLinking CXX static library libkiss_icp_pipeline.a[0m
[14.899s] [ 78%] Built target kiss_icp_pipeline
[14.967s] [ 85%] [32mBuilding CXX object CMakeFiles/odometry_component.dir/src/OdometryServer.cpp.o[0m
[18.541s] [ 92%] [1m[32mLinking CXX static library libkiss_icp_metrics.a[0m
[18.638s] [ 92%] Built target kiss_icp_metrics
[37.459s] [100%] [1m[32mLinking CXX shared library libodometry_component.so[0m
[37.822s] [100%] Built target odometry_component
[37.842s] Invoked command in '/home/ph/ws/lidar_ws/build/kiss_icp' returned '0': CMAKE_PREFIX_PATH=/opt/ros/humble /usr/bin/cmake --build /home/ph/ws/lidar_ws/build/kiss_icp -- -j8 -l8
[37.858s] Invoking command in '/home/ph/ws/lidar_ws/build/kiss_icp': CMAKE_PREFIX_PATH=/opt/ros/humble /usr/bin/cmake --install /home/ph/ws/lidar_ws/build/kiss_icp
[37.866s] -- Install configuration: "Release"
[37.868s] -- Installing: /home/ph/ws/lidar_ws/install/kiss_icp/lib/kiss_icp/kiss_icp_node
[37.870s] -- Set non-toolchain portion of runtime path of "/home/ph/ws/lidar_ws/install/kiss_icp/lib/kiss_icp/kiss_icp_node" to ""
[37.870s] -- Installing: /home/ph/ws/lidar_ws/install/kiss_icp/lib/libodometry_component.so
[37.876s] -- Set non-toolchain portion of runtime path of "/home/ph/ws/lidar_ws/install/kiss_icp/lib/libodometry_component.so" to ""
[37.876s] -- Up-to-date: /home/ph/ws/lidar_ws/install/kiss_icp/share/kiss_icp//launch
[37.876s] -- Up-to-date: /home/ph/ws/lidar_ws/install/kiss_icp/share/kiss_icp//launch/odometry.launch.py
[37.876s] -- Up-to-date: /home/ph/ws/lidar_ws/install/kiss_icp/share/kiss_icp//rviz
[37.877s] -- Up-to-date: /home/ph/ws/lidar_ws/install/kiss_icp/share/kiss_icp//rviz/kiss_icp.rviz
[37.877s] -- Up-to-date: /home/ph/ws/lidar_ws/install/kiss_icp/share/kiss_icp//config
[37.877s] -- Up-to-date: /home/ph/ws/lidar_ws/install/kiss_icp/share/kiss_icp//config/config.yaml
[37.877s] -- Up-to-date: /home/ph/ws/lidar_ws/install/kiss_icp/share/ament_index/resource_index/package_run_dependencies/kiss_icp
[37.877s] -- Installing: /home/ph/ws/lidar_ws/install/kiss_icp/share/ament_index/resource_index/parent_prefix_path/kiss_icp
[37.877s] -- Installing: /home/ph/ws/lidar_ws/install/kiss_icp/share/kiss_icp/environment/ament_prefix_path.sh
[37.877s] -- Installing: /home/ph/ws/lidar_ws/install/kiss_icp/share/kiss_icp/environment/ament_prefix_path.dsv
[37.878s] -- Installing: /home/ph/ws/lidar_ws/install/kiss_icp/share/kiss_icp/environment/path.sh
[37.878s] -- Installing: /home/ph/ws/lidar_ws/install/kiss_icp/share/kiss_icp/environment/path.dsv
[37.878s] -- Up-to-date: /home/ph/ws/lidar_ws/install/kiss_icp/share/kiss_icp/local_setup.bash
[37.878s] -- Up-to-date: /home/ph/ws/lidar_ws/install/kiss_icp/share/kiss_icp/local_setup.sh
[37.878s] -- Up-to-date: /home/ph/ws/lidar_ws/install/kiss_icp/share/kiss_icp/local_setup.zsh
[37.878s] -- Installing: /home/ph/ws/lidar_ws/install/kiss_icp/share/kiss_icp/local_setup.dsv
[37.878s] -- Installing: /home/ph/ws/lidar_ws/install/kiss_icp/share/kiss_icp/package.dsv
[37.879s] -- Up-to-date: /home/ph/ws/lidar_ws/install/kiss_icp/share/ament_index/resource_index/packages/kiss_icp
[37.879s] -- Up-to-date: /home/ph/ws/lidar_ws/install/kiss_icp/share/ament_index/resource_index/rclcpp_components/kiss_icp
[37.879s] -- Up-to-date: /home/ph/ws/lidar_ws/install/kiss_icp/share/kiss_icp/cmake/kiss_icpConfig.cmake
[37.879s] -- Up-to-date: /home/ph/ws/lidar_ws/install/kiss_icp/share/kiss_icp/cmake/kiss_icpConfig-version.cmake
[37.879s] -- Up-to-date: /home/ph/ws/lidar_ws/install/kiss_icp/share/kiss_icp/package.xml
[37.881s] Invoked command in '/home/ph/ws/lidar_ws/build/kiss_icp' returned '0': CMAKE_PREFIX_PATH=/opt/ros/humble /usr/bin/cmake --install /home/ph/ws/lidar_ws/build/kiss_icp
