[0.045s] Invoking command in '/home/ph/ros2_firstw/build/cpp_pubsub': CMAKE_PREFIX_PATH=/home/ph/ros2_firstw/install/tutorial_interfaces:/home/ph/ros2_firstw/install/action_tutorials_cpp:/home/ph/ros2_firstw/install/cpp_srvcli:/home/ph/ros2_firstw/install/cpp_pubsub:/home/ph/ros2_firstw/install/turtlesim:/home/ph/ros2_firstw/install/more_interfaces:/home/ph/ros2_firstw/install/firstpkg:/home/ph/ros2_firstw/install/cpp_parameters:/home/ph/ros2_firstw/install/action_tutorials_interfaces:/opt/ros/humble LD_LIBRARY_PATH=/home/ph/ros2_firstw/install/tutorial_interfaces/lib:/home/ph/ros2_firstw/install/action_tutorials_cpp/lib:/home/ph/ros2_firstw/install/turtlesim/lib:/home/ph/ros2_firstw/install/more_interfaces/lib:/home/ph/ros2_firstw/install/action_tutorials_interfaces/lib:/opt/ros/humble/opt/rviz_ogre_vendor/lib:/opt/ros/humble/lib/x86_64-linux-gnu:/opt/ros/humble/lib /usr/bin/cmake --build /home/ph/ros2_firstw/build/cpp_pubsub -- -j8 -l8
[0.154s] [ 50%] Built target talker
[0.158s] [100%] Built target listener
[0.180s] Invoked command in '/home/ph/ros2_firstw/build/cpp_pubsub' returned '0': CMAKE_PREFIX_PATH=/home/ph/ros2_firstw/install/tutorial_interfaces:/home/ph/ros2_firstw/install/action_tutorials_cpp:/home/ph/ros2_firstw/install/cpp_srvcli:/home/ph/ros2_firstw/install/cpp_pubsub:/home/ph/ros2_firstw/install/turtlesim:/home/ph/ros2_firstw/install/more_interfaces:/home/ph/ros2_firstw/install/firstpkg:/home/ph/ros2_firstw/install/cpp_parameters:/home/ph/ros2_firstw/install/action_tutorials_interfaces:/opt/ros/humble LD_LIBRARY_PATH=/home/ph/ros2_firstw/install/tutorial_interfaces/lib:/home/ph/ros2_firstw/install/action_tutorials_cpp/lib:/home/ph/ros2_firstw/install/turtlesim/lib:/home/ph/ros2_firstw/install/more_interfaces/lib:/home/ph/ros2_firstw/install/action_tutorials_interfaces/lib:/opt/ros/humble/opt/rviz_ogre_vendor/lib:/opt/ros/humble/lib/x86_64-linux-gnu:/opt/ros/humble/lib /usr/bin/cmake --build /home/ph/ros2_firstw/build/cpp_pubsub -- -j8 -l8
[0.183s] Invoking command in '/home/ph/ros2_firstw/build/cpp_pubsub': CMAKE_PREFIX_PATH=/home/ph/ros2_firstw/install/tutorial_interfaces:/home/ph/ros2_firstw/install/action_tutorials_cpp:/home/ph/ros2_firstw/install/cpp_srvcli:/home/ph/ros2_firstw/install/cpp_pubsub:/home/ph/ros2_firstw/install/turtlesim:/home/ph/ros2_firstw/install/more_interfaces:/home/ph/ros2_firstw/install/firstpkg:/home/ph/ros2_firstw/install/cpp_parameters:/home/ph/ros2_firstw/install/action_tutorials_interfaces:/opt/ros/humble LD_LIBRARY_PATH=/home/ph/ros2_firstw/install/tutorial_interfaces/lib:/home/ph/ros2_firstw/install/action_tutorials_cpp/lib:/home/ph/ros2_firstw/install/turtlesim/lib:/home/ph/ros2_firstw/install/more_interfaces/lib:/home/ph/ros2_firstw/install/action_tutorials_interfaces/lib:/opt/ros/humble/opt/rviz_ogre_vendor/lib:/opt/ros/humble/lib/x86_64-linux-gnu:/opt/ros/humble/lib /usr/bin/cmake --install /home/ph/ros2_firstw/build/cpp_pubsub
[0.195s] -- Install configuration: ""
[0.195s] -- Up-to-date: /home/ph/ros2_firstw/install/cpp_pubsub/lib/cpp_pubsub/talker
[0.196s] -- Up-to-date: /home/ph/ros2_firstw/install/cpp_pubsub/lib/cpp_pubsub/talker
[0.196s] -- Up-to-date: /home/ph/ros2_firstw/install/cpp_pubsub/lib/cpp_pubsub/listener
[0.197s] -- Up-to-date: /home/ph/ros2_firstw/install/cpp_pubsub/share/ament_index/resource_index/package_run_dependencies/cpp_pubsub
[0.197s] -- Up-to-date: /home/ph/ros2_firstw/install/cpp_pubsub/share/ament_index/resource_index/parent_prefix_path/cpp_pubsub
[0.197s] -- Up-to-date: /home/ph/ros2_firstw/install/cpp_pubsub/share/cpp_pubsub/environment/ament_prefix_path.sh
[0.197s] -- Up-to-date: /home/ph/ros2_firstw/install/cpp_pubsub/share/cpp_pubsub/environment/ament_prefix_path.dsv
[0.197s] -- Up-to-date: /home/ph/ros2_firstw/install/cpp_pubsub/share/cpp_pubsub/environment/path.sh
[0.197s] -- Up-to-date: /home/ph/ros2_firstw/install/cpp_pubsub/share/cpp_pubsub/environment/path.dsv
[0.198s] -- Up-to-date: /home/ph/ros2_firstw/install/cpp_pubsub/share/cpp_pubsub/local_setup.bash
[0.198s] -- Up-to-date: /home/ph/ros2_firstw/install/cpp_pubsub/share/cpp_pubsub/local_setup.sh
[0.198s] -- Up-to-date: /home/ph/ros2_firstw/install/cpp_pubsub/share/cpp_pubsub/local_setup.zsh
[0.198s] -- Up-to-date: /home/ph/ros2_firstw/install/cpp_pubsub/share/cpp_pubsub/local_setup.dsv
[0.198s] -- Installing: /home/ph/ros2_firstw/install/cpp_pubsub/share/cpp_pubsub/package.dsv
[0.198s] -- Up-to-date: /home/ph/ros2_firstw/install/cpp_pubsub/share/ament_index/resource_index/packages/cpp_pubsub
[0.198s] -- Up-to-date: /home/ph/ros2_firstw/install/cpp_pubsub/share/cpp_pubsub/cmake/cpp_pubsubConfig.cmake
[0.198s] -- Up-to-date: /home/ph/ros2_firstw/install/cpp_pubsub/share/cpp_pubsub/cmake/cpp_pubsubConfig-version.cmake
[0.198s] -- Up-to-date: /home/ph/ros2_firstw/install/cpp_pubsub/share/cpp_pubsub/package.xml
[0.216s] Invoked command in '/home/ph/ros2_firstw/build/cpp_pubsub' returned '0': CMAKE_PREFIX_PATH=/home/ph/ros2_firstw/install/tutorial_interfaces:/home/ph/ros2_firstw/install/action_tutorials_cpp:/home/ph/ros2_firstw/install/cpp_srvcli:/home/ph/ros2_firstw/install/cpp_pubsub:/home/ph/ros2_firstw/install/turtlesim:/home/ph/ros2_firstw/install/more_interfaces:/home/ph/ros2_firstw/install/firstpkg:/home/ph/ros2_firstw/install/cpp_parameters:/home/ph/ros2_firstw/install/action_tutorials_interfaces:/opt/ros/humble LD_LIBRARY_PATH=/home/ph/ros2_firstw/install/tutorial_interfaces/lib:/home/ph/ros2_firstw/install/action_tutorials_cpp/lib:/home/ph/ros2_firstw/install/turtlesim/lib:/home/ph/ros2_firstw/install/more_interfaces/lib:/home/ph/ros2_firstw/install/action_tutorials_interfaces/lib:/opt/ros/humble/opt/rviz_ogre_vendor/lib:/opt/ros/humble/lib/x86_64-linux-gnu:/opt/ros/humble/lib /usr/bin/cmake --install /home/ph/ros2_firstw/build/cpp_pubsub
