[0.481s] DEBUG:colcon:Command line arguments: ['/usr/bin/colcon', 'build']
[0.481s] DEBUG:colcon:Parsed command line arguments: Namespace(log_base=None, log_level=None, verb_name='build', build_base='build', install_base='install', merge_install=False, symlink_install=False, test_result_base=None, continue_on_error=False, executor='parallel', parallel_workers=8, event_handlers=None, ignore_user_meta=False, metas=['./colcon.meta'], base_paths=['.'], packages_ignore=None, packages_ignore_regex=None, paths=None, packages_up_to=None, packages_up_to_regex=None, packages_above=None, packages_above_and_dependencies=None, packages_above_depth=None, packages_select_by_dep=None, packages_skip_by_dep=None, packages_skip_up_to=None, packages_select_build_failed=False, packages_skip_build_finished=False, packages_select_test_failures=False, packages_skip_test_passed=False, packages_select=None, packages_skip=None, packages_select_regex=None, packages_skip_regex=None, packages_start=None, packages_end=None, allow_overriding=[], cmake_args=None, cmake_target=None, cmake_target_skip_unavailable=False, cmake_clean_cache=False, cmake_clean_first=False, cmake_force_configure=False, ament_cmake_args=None, catkin_cmake_args=None, catkin_skip_building_tests=False, mixin_files=None, mixin=None, verb_parser=<colcon_mixin.mixin.mixin_argument.MixinArgumentDecorator object at 0x7d590b6f6b90>, verb_extension=<colcon_core.verb.build.BuildVerb object at 0x7d590b6f61a0>, main=<bound method BuildVerb.main of <colcon_core.verb.build.BuildVerb object at 0x7d590b6f61a0>>, mixin_verb=('build',))
[0.856s] Level 1:colcon.colcon_core.package_discovery:discover_packages(colcon_meta) check parameters
[0.856s] Level 1:colcon.colcon_core.package_discovery:discover_packages(recursive) check parameters
[0.856s] Level 1:colcon.colcon_core.package_discovery:discover_packages(ignore) check parameters
[0.856s] Level 1:colcon.colcon_core.package_discovery:discover_packages(path) check parameters
[0.856s] Level 1:colcon.colcon_core.package_discovery:discover_packages(colcon_meta) discover
[0.856s] Level 1:colcon.colcon_core.package_discovery:discover_packages(recursive) discover
[0.857s] INFO:colcon.colcon_core.package_discovery:Crawling recursively for packages in '/home/ph/ros2_firstw'
[0.857s] Level 1:colcon.colcon_core.package_identification:_identify(.) by extensions ['ignore', 'ignore_ament_install']
[0.857s] Level 1:colcon.colcon_core.package_identification:_identify(.) by extension 'ignore'
[0.857s] Level 1:colcon.colcon_core.package_identification:_identify(.) by extension 'ignore_ament_install'
[0.857s] Level 1:colcon.colcon_core.package_identification:_identify(.) by extensions ['colcon_pkg']
[0.857s] Level 1:colcon.colcon_core.package_identification:_identify(.) by extension 'colcon_pkg'
[0.857s] Level 1:colcon.colcon_core.package_identification:_identify(.) by extensions ['colcon_meta']
[0.857s] Level 1:colcon.colcon_core.package_identification:_identify(.) by extension 'colcon_meta'
[0.857s] Level 1:colcon.colcon_core.package_identification:_identify(.) by extensions ['ros']
[0.857s] Level 1:colcon.colcon_core.package_identification:_identify(.) by extension 'ros'
[0.872s] Level 1:colcon.colcon_core.package_identification:_identify(.) by extensions ['cmake', 'python']
[0.872s] Level 1:colcon.colcon_core.package_identification:_identify(.) by extension 'cmake'
[0.872s] Level 1:colcon.colcon_core.package_identification:_identify(.) by extension 'python'
[0.872s] Level 1:colcon.colcon_core.package_identification:_identify(.) by extensions ['python_setup_py']
[0.873s] Level 1:colcon.colcon_core.package_identification:_identify(.) by extension 'python_setup_py'
[0.873s] Level 1:colcon.colcon_core.package_identification:_identify(build) by extensions ['ignore', 'ignore_ament_install']
[0.873s] Level 1:colcon.colcon_core.package_identification:_identify(build) by extension 'ignore'
[0.873s] Level 1:colcon.colcon_core.package_identification:_identify(build) ignored
[0.873s] Level 1:colcon.colcon_core.package_identification:_identify(install) by extensions ['ignore', 'ignore_ament_install']
[0.873s] Level 1:colcon.colcon_core.package_identification:_identify(install) by extension 'ignore'
[0.873s] Level 1:colcon.colcon_core.package_identification:_identify(install) ignored
[0.873s] Level 1:colcon.colcon_core.package_identification:_identify(log) by extensions ['ignore', 'ignore_ament_install']
[0.873s] Level 1:colcon.colcon_core.package_identification:_identify(log) by extension 'ignore'
[0.873s] Level 1:colcon.colcon_core.package_identification:_identify(log) ignored
[0.874s] Level 1:colcon.colcon_core.package_identification:_identify(src) by extensions ['ignore', 'ignore_ament_install']
[0.874s] Level 1:colcon.colcon_core.package_identification:_identify(src) by extension 'ignore'
[0.874s] Level 1:colcon.colcon_core.package_identification:_identify(src) by extension 'ignore_ament_install'
[0.874s] Level 1:colcon.colcon_core.package_identification:_identify(src) by extensions ['colcon_pkg']
[0.874s] Level 1:colcon.colcon_core.package_identification:_identify(src) by extension 'colcon_pkg'
[0.874s] Level 1:colcon.colcon_core.package_identification:_identify(src) by extensions ['colcon_meta']
[0.874s] Level 1:colcon.colcon_core.package_identification:_identify(src) by extension 'colcon_meta'
[0.874s] Level 1:colcon.colcon_core.package_identification:_identify(src) by extensions ['ros']
[0.874s] Level 1:colcon.colcon_core.package_identification:_identify(src) by extension 'ros'
[0.874s] Level 1:colcon.colcon_core.package_identification:_identify(src) by extensions ['cmake', 'python']
[0.874s] Level 1:colcon.colcon_core.package_identification:_identify(src) by extension 'cmake'
[0.874s] Level 1:colcon.colcon_core.package_identification:_identify(src) by extension 'python'
[0.875s] Level 1:colcon.colcon_core.package_identification:_identify(src) by extensions ['python_setup_py']
[0.875s] Level 1:colcon.colcon_core.package_identification:_identify(src) by extension 'python_setup_py'
[0.878s] Level 1:colcon.colcon_core.package_identification:_identify(src/build) by extensions ['ignore', 'ignore_ament_install']
[0.878s] Level 1:colcon.colcon_core.package_identification:_identify(src/build) by extension 'ignore'
[0.878s] Level 1:colcon.colcon_core.package_identification:_identify(src/build) ignored
[0.878s] Level 1:colcon.colcon_core.package_identification:_identify(src/cpp_pubsub) by extensions ['ignore', 'ignore_ament_install']
[0.878s] Level 1:colcon.colcon_core.package_identification:_identify(src/cpp_pubsub) by extension 'ignore'
[0.878s] Level 1:colcon.colcon_core.package_identification:_identify(src/cpp_pubsub) by extension 'ignore_ament_install'
[0.878s] Level 1:colcon.colcon_core.package_identification:_identify(src/cpp_pubsub) by extensions ['colcon_pkg']
[0.878s] Level 1:colcon.colcon_core.package_identification:_identify(src/cpp_pubsub) by extension 'colcon_pkg'
[0.879s] Level 1:colcon.colcon_core.package_identification:_identify(src/cpp_pubsub) by extensions ['colcon_meta']
[0.879s] Level 1:colcon.colcon_core.package_identification:_identify(src/cpp_pubsub) by extension 'colcon_meta'
[0.879s] Level 1:colcon.colcon_core.package_identification:_identify(src/cpp_pubsub) by extensions ['ros']
[0.879s] Level 1:colcon.colcon_core.package_identification:_identify(src/cpp_pubsub) by extension 'ros'
[0.884s] DEBUG:colcon.colcon_core.package_identification:Package 'src/cpp_pubsub' with type 'ros.ament_cmake' and name 'cpp_pubsub'
[0.885s] Level 1:colcon.colcon_core.package_identification:_identify(src/cpp_srvcli) by extensions ['ignore', 'ignore_ament_install']
[0.885s] Level 1:colcon.colcon_core.package_identification:_identify(src/cpp_srvcli) by extension 'ignore'
[0.885s] Level 1:colcon.colcon_core.package_identification:_identify(src/cpp_srvcli) by extension 'ignore_ament_install'
[0.885s] Level 1:colcon.colcon_core.package_identification:_identify(src/cpp_srvcli) by extensions ['colcon_pkg']
[0.885s] Level 1:colcon.colcon_core.package_identification:_identify(src/cpp_srvcli) by extension 'colcon_pkg'
[0.885s] Level 1:colcon.colcon_core.package_identification:_identify(src/cpp_srvcli) by extensions ['colcon_meta']
[0.885s] Level 1:colcon.colcon_core.package_identification:_identify(src/cpp_srvcli) by extension 'colcon_meta'
[0.885s] Level 1:colcon.colcon_core.package_identification:_identify(src/cpp_srvcli) by extensions ['ros']
[0.885s] Level 1:colcon.colcon_core.package_identification:_identify(src/cpp_srvcli) by extension 'ros'
[0.886s] DEBUG:colcon.colcon_core.package_identification:Package 'src/cpp_srvcli' with type 'ros.ament_cmake' and name 'cpp_srvcli'
[0.890s] Level 1:colcon.colcon_core.package_identification:_identify(src/firstpkg) by extensions ['ignore', 'ignore_ament_install']
[0.890s] Level 1:colcon.colcon_core.package_identification:_identify(src/firstpkg) by extension 'ignore'
[0.890s] Level 1:colcon.colcon_core.package_identification:_identify(src/firstpkg) by extension 'ignore_ament_install'
[0.890s] Level 1:colcon.colcon_core.package_identification:_identify(src/firstpkg) by extensions ['colcon_pkg']
[0.890s] Level 1:colcon.colcon_core.package_identification:_identify(src/firstpkg) by extension 'colcon_pkg'
[0.890s] Level 1:colcon.colcon_core.package_identification:_identify(src/firstpkg) by extensions ['colcon_meta']
[0.890s] Level 1:colcon.colcon_core.package_identification:_identify(src/firstpkg) by extension 'colcon_meta'
[0.890s] Level 1:colcon.colcon_core.package_identification:_identify(src/firstpkg) by extensions ['ros']
[0.891s] Level 1:colcon.colcon_core.package_identification:_identify(src/firstpkg) by extension 'ros'
[0.891s] DEBUG:colcon.colcon_core.package_identification:Package 'src/firstpkg' with type 'ros.ament_cmake' and name 'firstpkg'
[0.892s] Level 1:colcon.colcon_core.package_identification:_identify(src/install) by extensions ['ignore', 'ignore_ament_install']
[0.892s] Level 1:colcon.colcon_core.package_identification:_identify(src/install) by extension 'ignore'
[0.892s] Level 1:colcon.colcon_core.package_identification:_identify(src/install) ignored
[0.892s] Level 1:colcon.colcon_core.package_identification:_identify(src/log) by extensions ['ignore', 'ignore_ament_install']
[0.892s] Level 1:colcon.colcon_core.package_identification:_identify(src/log) by extension 'ignore'
[0.893s] Level 1:colcon.colcon_core.package_identification:_identify(src/log) ignored
[0.893s] Level 1:colcon.colcon_core.package_identification:_identify(src/tutorial_interfaces) by extensions ['ignore', 'ignore_ament_install']
[0.893s] Level 1:colcon.colcon_core.package_identification:_identify(src/tutorial_interfaces) by extension 'ignore'
[0.893s] Level 1:colcon.colcon_core.package_identification:_identify(src/tutorial_interfaces) by extension 'ignore_ament_install'
[0.893s] Level 1:colcon.colcon_core.package_identification:_identify(src/tutorial_interfaces) by extensions ['colcon_pkg']
[0.893s] Level 1:colcon.colcon_core.package_identification:_identify(src/tutorial_interfaces) by extension 'colcon_pkg'
[0.893s] Level 1:colcon.colcon_core.package_identification:_identify(src/tutorial_interfaces) by extensions ['colcon_meta']
[0.893s] Level 1:colcon.colcon_core.package_identification:_identify(src/tutorial_interfaces) by extension 'colcon_meta'
[0.893s] Level 1:colcon.colcon_core.package_identification:_identify(src/tutorial_interfaces) by extensions ['ros']
[0.893s] Level 1:colcon.colcon_core.package_identification:_identify(src/tutorial_interfaces) by extension 'ros'
[0.894s] DEBUG:colcon.colcon_core.package_identification:Package 'src/tutorial_interfaces' with type 'ros.ament_cmake' and name 'tutorial_interfaces'
[0.894s] Level 1:colcon.colcon_core.package_discovery:discover_packages(recursive) using defaults
[0.894s] Level 1:colcon.colcon_core.package_discovery:discover_packages(ignore) discover
[0.895s] Level 1:colcon.colcon_core.package_discovery:discover_packages(ignore) using defaults
[0.895s] Level 1:colcon.colcon_core.package_discovery:discover_packages(path) discover
[0.895s] Level 1:colcon.colcon_core.package_discovery:discover_packages(path) using defaults
[0.948s] Level 1:colcon.colcon_core.package_discovery:discover_packages(prefix_path) check parameters
[0.948s] Level 1:colcon.colcon_core.package_discovery:discover_packages(prefix_path) discover
[0.953s] DEBUG:colcon.colcon_installed_package_information.package_discovery:Found 323 installed packages in /opt/ros/humble
[0.955s] Level 1:colcon.colcon_core.package_discovery:discover_packages(prefix_path) using defaults
[1.007s] Level 5:colcon.colcon_core.verb:set package 'firstpkg' build argument 'cmake_args' from command line to 'None'
[1.007s] Level 5:colcon.colcon_core.verb:set package 'firstpkg' build argument 'cmake_target' from command line to 'None'
[1.008s] Level 5:colcon.colcon_core.verb:set package 'firstpkg' build argument 'cmake_target_skip_unavailable' from command line to 'False'
[1.008s] Level 5:colcon.colcon_core.verb:set package 'firstpkg' build argument 'cmake_clean_cache' from command line to 'False'
[1.008s] Level 5:colcon.colcon_core.verb:set package 'firstpkg' build argument 'cmake_clean_first' from command line to 'False'
[1.008s] Level 5:colcon.colcon_core.verb:set package 'firstpkg' build argument 'cmake_force_configure' from command line to 'False'
[1.008s] Level 5:colcon.colcon_core.verb:set package 'firstpkg' build argument 'ament_cmake_args' from command line to 'None'
[1.008s] Level 5:colcon.colcon_core.verb:set package 'firstpkg' build argument 'catkin_cmake_args' from command line to 'None'
[1.008s] Level 5:colcon.colcon_core.verb:set package 'firstpkg' build argument 'catkin_skip_building_tests' from command line to 'False'
[1.008s] DEBUG:colcon.colcon_core.verb:Building package 'firstpkg' with the following arguments: {'ament_cmake_args': None, 'build_base': '/home/ph/ros2_firstw/build/firstpkg', 'catkin_cmake_args': None, 'catkin_skip_building_tests': False, 'cmake_args': None, 'cmake_clean_cache': False, 'cmake_clean_first': False, 'cmake_force_configure': False, 'cmake_target': None, 'cmake_target_skip_unavailable': False, 'install_base': '/home/ph/ros2_firstw/install/firstpkg', 'merge_install': False, 'path': '/home/ph/ros2_firstw/src/firstpkg', 'symlink_install': False, 'test_result_base': None}
[1.008s] Level 5:colcon.colcon_core.verb:set package 'tutorial_interfaces' build argument 'cmake_args' from command line to 'None'
[1.008s] Level 5:colcon.colcon_core.verb:set package 'tutorial_interfaces' build argument 'cmake_target' from command line to 'None'
[1.008s] Level 5:colcon.colcon_core.verb:set package 'tutorial_interfaces' build argument 'cmake_target_skip_unavailable' from command line to 'False'
[1.008s] Level 5:colcon.colcon_core.verb:set package 'tutorial_interfaces' build argument 'cmake_clean_cache' from command line to 'False'
[1.008s] Level 5:colcon.colcon_core.verb:set package 'tutorial_interfaces' build argument 'cmake_clean_first' from command line to 'False'
[1.008s] Level 5:colcon.colcon_core.verb:set package 'tutorial_interfaces' build argument 'cmake_force_configure' from command line to 'False'
[1.008s] Level 5:colcon.colcon_core.verb:set package 'tutorial_interfaces' build argument 'ament_cmake_args' from command line to 'None'
[1.008s] Level 5:colcon.colcon_core.verb:set package 'tutorial_interfaces' build argument 'catkin_cmake_args' from command line to 'None'
[1.008s] Level 5:colcon.colcon_core.verb:set package 'tutorial_interfaces' build argument 'catkin_skip_building_tests' from command line to 'False'
[1.009s] DEBUG:colcon.colcon_core.verb:Building package 'tutorial_interfaces' with the following arguments: {'ament_cmake_args': None, 'build_base': '/home/ph/ros2_firstw/build/tutorial_interfaces', 'catkin_cmake_args': None, 'catkin_skip_building_tests': False, 'cmake_args': None, 'cmake_clean_cache': False, 'cmake_clean_first': False, 'cmake_force_configure': False, 'cmake_target': None, 'cmake_target_skip_unavailable': False, 'install_base': '/home/ph/ros2_firstw/install/tutorial_interfaces', 'merge_install': False, 'path': '/home/ph/ros2_firstw/src/tutorial_interfaces', 'symlink_install': False, 'test_result_base': None}
[1.009s] Level 5:colcon.colcon_core.verb:set package 'cpp_pubsub' build argument 'cmake_args' from command line to 'None'
[1.009s] Level 5:colcon.colcon_core.verb:set package 'cpp_pubsub' build argument 'cmake_target' from command line to 'None'
[1.009s] Level 5:colcon.colcon_core.verb:set package 'cpp_pubsub' build argument 'cmake_target_skip_unavailable' from command line to 'False'
[1.009s] Level 5:colcon.colcon_core.verb:set package 'cpp_pubsub' build argument 'cmake_clean_cache' from command line to 'False'
[1.009s] Level 5:colcon.colcon_core.verb:set package 'cpp_pubsub' build argument 'cmake_clean_first' from command line to 'False'
[1.009s] Level 5:colcon.colcon_core.verb:set package 'cpp_pubsub' build argument 'cmake_force_configure' from command line to 'False'
[1.009s] Level 5:colcon.colcon_core.verb:set package 'cpp_pubsub' build argument 'ament_cmake_args' from command line to 'None'
[1.009s] Level 5:colcon.colcon_core.verb:set package 'cpp_pubsub' build argument 'catkin_cmake_args' from command line to 'None'
[1.009s] Level 5:colcon.colcon_core.verb:set package 'cpp_pubsub' build argument 'catkin_skip_building_tests' from command line to 'False'
[1.009s] DEBUG:colcon.colcon_core.verb:Building package 'cpp_pubsub' with the following arguments: {'ament_cmake_args': None, 'build_base': '/home/ph/ros2_firstw/build/cpp_pubsub', 'catkin_cmake_args': None, 'catkin_skip_building_tests': False, 'cmake_args': None, 'cmake_clean_cache': False, 'cmake_clean_first': False, 'cmake_force_configure': False, 'cmake_target': None, 'cmake_target_skip_unavailable': False, 'install_base': '/home/ph/ros2_firstw/install/cpp_pubsub', 'merge_install': False, 'path': '/home/ph/ros2_firstw/src/cpp_pubsub', 'symlink_install': False, 'test_result_base': None}
[1.010s] Level 5:colcon.colcon_core.verb:set package 'cpp_srvcli' build argument 'cmake_args' from command line to 'None'
[1.010s] Level 5:colcon.colcon_core.verb:set package 'cpp_srvcli' build argument 'cmake_target' from command line to 'None'
[1.010s] Level 5:colcon.colcon_core.verb:set package 'cpp_srvcli' build argument 'cmake_target_skip_unavailable' from command line to 'False'
[1.010s] Level 5:colcon.colcon_core.verb:set package 'cpp_srvcli' build argument 'cmake_clean_cache' from command line to 'False'
[1.010s] Level 5:colcon.colcon_core.verb:set package 'cpp_srvcli' build argument 'cmake_clean_first' from command line to 'False'
[1.010s] Level 5:colcon.colcon_core.verb:set package 'cpp_srvcli' build argument 'cmake_force_configure' from command line to 'False'
[1.010s] Level 5:colcon.colcon_core.verb:set package 'cpp_srvcli' build argument 'ament_cmake_args' from command line to 'None'
[1.010s] Level 5:colcon.colcon_core.verb:set package 'cpp_srvcli' build argument 'catkin_cmake_args' from command line to 'None'
[1.010s] Level 5:colcon.colcon_core.verb:set package 'cpp_srvcli' build argument 'catkin_skip_building_tests' from command line to 'False'
[1.010s] DEBUG:colcon.colcon_core.verb:Building package 'cpp_srvcli' with the following arguments: {'ament_cmake_args': None, 'build_base': '/home/ph/ros2_firstw/build/cpp_srvcli', 'catkin_cmake_args': None, 'catkin_skip_building_tests': False, 'cmake_args': None, 'cmake_clean_cache': False, 'cmake_clean_first': False, 'cmake_force_configure': False, 'cmake_target': None, 'cmake_target_skip_unavailable': False, 'install_base': '/home/ph/ros2_firstw/install/cpp_srvcli', 'merge_install': False, 'path': '/home/ph/ros2_firstw/src/cpp_srvcli', 'symlink_install': False, 'test_result_base': None}
[1.010s] INFO:colcon.colcon_core.executor:Executing jobs using 'parallel' executor
[1.011s] DEBUG:colcon.colcon_parallel_executor.executor.parallel:run_until_complete
[1.012s] INFO:colcon.colcon_ros.task.ament_cmake.build:Building ROS package in '/home/ph/ros2_firstw/src/tutorial_interfaces' with build type 'ament_cmake'
[1.012s] INFO:colcon.colcon_cmake.task.cmake.build:Building CMake package in '/home/ph/ros2_firstw/src/tutorial_interfaces'
[1.019s] INFO:colcon.colcon_core.plugin_system:Skipping extension 'colcon_core.shell.bat': Not used on non-Windows systems
[1.019s] INFO:colcon.colcon_core.shell:Skip shell extension 'powershell' for command environment: Not usable outside of PowerShell
[1.019s] DEBUG:colcon.colcon_core.shell:Skip shell extension 'dsv' for command environment
[1.024s] INFO:colcon.colcon_ros.task.ament_cmake.build:Building ROS package in '/home/ph/ros2_firstw/src/firstpkg' with build type 'ament_cmake'
[1.024s] INFO:colcon.colcon_cmake.task.cmake.build:Building CMake package in '/home/ph/ros2_firstw/src/firstpkg'
[1.024s] INFO:colcon.colcon_core.shell:Skip shell extension 'powershell' for command environment: Not usable outside of PowerShell
[1.024s] DEBUG:colcon.colcon_core.shell:Skip shell extension 'dsv' for command environment
[1.038s] DEBUG:colcon.colcon_core.event_handler.log_command:Invoking command in '/home/ph/ros2_firstw/build/tutorial_interfaces': CMAKE_PREFIX_PATH=/opt/ros/humble /usr/bin/cmake --build /home/ph/ros2_firstw/build/tutorial_interfaces -- -j8 -l8
[1.048s] DEBUG:colcon.colcon_core.event_handler.log_command:Invoking command in '/home/ph/ros2_firstw/build/firstpkg': CMAKE_PREFIX_PATH=/opt/ros/humble /usr/bin/cmake --build /home/ph/ros2_firstw/build/firstpkg -- -j8 -l8
[1.233s] DEBUG:colcon.colcon_core.event_handler.log_command:Invoked command in '/home/ph/ros2_firstw/build/firstpkg' returned '0': CMAKE_PREFIX_PATH=/opt/ros/humble /usr/bin/cmake --build /home/ph/ros2_firstw/build/firstpkg -- -j8 -l8
[1.254s] DEBUG:colcon.colcon_core.event_handler.log_command:Invoking command in '/home/ph/ros2_firstw/build/firstpkg': CMAKE_PREFIX_PATH=/opt/ros/humble /usr/bin/cmake --install /home/ph/ros2_firstw/build/firstpkg
[1.279s] Level 1:colcon.colcon_core.environment:create_environment_scripts_only(firstpkg)
[1.279s] DEBUG:colcon.colcon_core.event_handler.log_command:Invoked command in '/home/ph/ros2_firstw/build/firstpkg' returned '0': CMAKE_PREFIX_PATH=/opt/ros/humble /usr/bin/cmake --install /home/ph/ros2_firstw/build/firstpkg
[1.290s] Level 1:colcon.colcon_core.environment:checking '/home/ph/ros2_firstw/install/firstpkg' for CMake module files
[1.291s] Level 1:colcon.colcon_core.environment:checking '/home/ph/ros2_firstw/install/firstpkg' for CMake config files
[1.292s] Level 1:colcon.colcon_core.shell:create_environment_hook('firstpkg', 'cmake_prefix_path')
[1.293s] INFO:colcon.colcon_core.shell:Creating environment hook '/home/ph/ros2_firstw/install/firstpkg/share/firstpkg/hook/cmake_prefix_path.ps1'
[1.295s] INFO:colcon.colcon_core.shell:Creating environment descriptor '/home/ph/ros2_firstw/install/firstpkg/share/firstpkg/hook/cmake_prefix_path.dsv'
[1.296s] INFO:colcon.colcon_core.shell:Creating environment hook '/home/ph/ros2_firstw/install/firstpkg/share/firstpkg/hook/cmake_prefix_path.sh'
[1.298s] Level 1:colcon.colcon_core.environment:checking '/home/ph/ros2_firstw/install/firstpkg/lib'
[1.298s] Level 1:colcon.colcon_core.environment:checking '/home/ph/ros2_firstw/install/firstpkg/bin'
[1.298s] Level 1:colcon.colcon_core.environment:checking '/home/ph/ros2_firstw/install/firstpkg/lib/pkgconfig/firstpkg.pc'
[1.299s] Level 1:colcon.colcon_core.environment:checking '/home/ph/ros2_firstw/install/firstpkg/lib/python3.10/site-packages'
[1.299s] Level 1:colcon.colcon_core.environment:checking '/home/ph/ros2_firstw/install/firstpkg/bin'
[1.300s] INFO:colcon.colcon_core.shell:Creating package script '/home/ph/ros2_firstw/install/firstpkg/share/firstpkg/package.ps1'
[1.302s] INFO:colcon.colcon_core.shell:Creating package descriptor '/home/ph/ros2_firstw/install/firstpkg/share/firstpkg/package.dsv'
[1.303s] INFO:colcon.colcon_core.shell:Creating package script '/home/ph/ros2_firstw/install/firstpkg/share/firstpkg/package.sh'
[1.305s] INFO:colcon.colcon_core.shell:Creating package script '/home/ph/ros2_firstw/install/firstpkg/share/firstpkg/package.bash'
[1.307s] INFO:colcon.colcon_core.shell:Creating package script '/home/ph/ros2_firstw/install/firstpkg/share/firstpkg/package.zsh'
[1.309s] Level 1:colcon.colcon_core.environment:create_file_with_runtime_dependencies(/home/ph/ros2_firstw/install/firstpkg/share/colcon-core/packages/firstpkg)
[1.311s] Level 1:colcon.colcon_core.environment:create_environment_scripts_only(firstpkg)
[1.311s] Level 1:colcon.colcon_core.environment:checking '/home/ph/ros2_firstw/install/firstpkg' for CMake module files
[1.313s] Level 1:colcon.colcon_core.environment:checking '/home/ph/ros2_firstw/install/firstpkg' for CMake config files
[1.313s] Level 1:colcon.colcon_core.shell:create_environment_hook('firstpkg', 'cmake_prefix_path')
[1.313s] INFO:colcon.colcon_core.shell:Creating environment hook '/home/ph/ros2_firstw/install/firstpkg/share/firstpkg/hook/cmake_prefix_path.ps1'
[1.314s] INFO:colcon.colcon_core.shell:Creating environment descriptor '/home/ph/ros2_firstw/install/firstpkg/share/firstpkg/hook/cmake_prefix_path.dsv'
[1.315s] INFO:colcon.colcon_core.shell:Creating environment hook '/home/ph/ros2_firstw/install/firstpkg/share/firstpkg/hook/cmake_prefix_path.sh'
[1.315s] Level 1:colcon.colcon_core.environment:checking '/home/ph/ros2_firstw/install/firstpkg/lib'
[1.316s] Level 1:colcon.colcon_core.environment:checking '/home/ph/ros2_firstw/install/firstpkg/bin'
[1.316s] Level 1:colcon.colcon_core.environment:checking '/home/ph/ros2_firstw/install/firstpkg/lib/pkgconfig/firstpkg.pc'
[1.316s] Level 1:colcon.colcon_core.environment:checking '/home/ph/ros2_firstw/install/firstpkg/lib/python3.10/site-packages'
[1.316s] Level 1:colcon.colcon_core.environment:checking '/home/ph/ros2_firstw/install/firstpkg/bin'
[1.317s] INFO:colcon.colcon_core.shell:Creating package script '/home/ph/ros2_firstw/install/firstpkg/share/firstpkg/package.ps1'
[1.318s] INFO:colcon.colcon_core.shell:Creating package descriptor '/home/ph/ros2_firstw/install/firstpkg/share/firstpkg/package.dsv'
[1.318s] INFO:colcon.colcon_core.shell:Creating package script '/home/ph/ros2_firstw/install/firstpkg/share/firstpkg/package.sh'
[1.319s] INFO:colcon.colcon_core.shell:Creating package script '/home/ph/ros2_firstw/install/firstpkg/share/firstpkg/package.bash'
[1.320s] INFO:colcon.colcon_core.shell:Creating package script '/home/ph/ros2_firstw/install/firstpkg/share/firstpkg/package.zsh'
[1.320s] Level 1:colcon.colcon_core.environment:create_file_with_runtime_dependencies(/home/ph/ros2_firstw/install/firstpkg/share/colcon-core/packages/firstpkg)
[1.660s] DEBUG:colcon.colcon_core.event_handler.log_command:Invoked command in '/home/ph/ros2_firstw/build/tutorial_interfaces' returned '0': CMAKE_PREFIX_PATH=/opt/ros/humble /usr/bin/cmake --build /home/ph/ros2_firstw/build/tutorial_interfaces -- -j8 -l8
[1.665s] DEBUG:colcon.colcon_core.event_handler.log_command:Invoking command in '/home/ph/ros2_firstw/build/tutorial_interfaces': CMAKE_PREFIX_PATH=/opt/ros/humble /usr/bin/cmake --install /home/ph/ros2_firstw/build/tutorial_interfaces
[1.767s] Level 1:colcon.colcon_core.environment:create_environment_scripts_only(tutorial_interfaces)
[1.767s] DEBUG:colcon.colcon_core.event_handler.log_command:Invoked command in '/home/ph/ros2_firstw/build/tutorial_interfaces' returned '0': CMAKE_PREFIX_PATH=/opt/ros/humble /usr/bin/cmake --install /home/ph/ros2_firstw/build/tutorial_interfaces
[1.768s] Level 1:colcon.colcon_core.environment:checking '/home/ph/ros2_firstw/install/tutorial_interfaces' for CMake module files
[1.770s] Level 1:colcon.colcon_core.environment:checking '/home/ph/ros2_firstw/install/tutorial_interfaces' for CMake config files
[1.773s] Level 1:colcon.colcon_core.shell:create_environment_hook('tutorial_interfaces', 'cmake_prefix_path')
[1.773s] INFO:colcon.colcon_core.shell:Creating environment hook '/home/ph/ros2_firstw/install/tutorial_interfaces/share/tutorial_interfaces/hook/cmake_prefix_path.ps1'
[1.775s] INFO:colcon.colcon_core.shell:Creating environment descriptor '/home/ph/ros2_firstw/install/tutorial_interfaces/share/tutorial_interfaces/hook/cmake_prefix_path.dsv'
[1.776s] INFO:colcon.colcon_core.shell:Creating environment hook '/home/ph/ros2_firstw/install/tutorial_interfaces/share/tutorial_interfaces/hook/cmake_prefix_path.sh'
[1.778s] Level 1:colcon.colcon_core.environment:checking '/home/ph/ros2_firstw/install/tutorial_interfaces/lib'
[1.778s] Level 1:colcon.colcon_core.shell:create_environment_hook('tutorial_interfaces', 'ld_library_path_lib')
[1.779s] INFO:colcon.colcon_core.shell:Creating environment hook '/home/ph/ros2_firstw/install/tutorial_interfaces/share/tutorial_interfaces/hook/ld_library_path_lib.ps1'
[1.780s] INFO:colcon.colcon_core.shell:Creating environment descriptor '/home/ph/ros2_firstw/install/tutorial_interfaces/share/tutorial_interfaces/hook/ld_library_path_lib.dsv'
[1.781s] INFO:colcon.colcon_core.shell:Creating environment hook '/home/ph/ros2_firstw/install/tutorial_interfaces/share/tutorial_interfaces/hook/ld_library_path_lib.sh'
[1.782s] Level 1:colcon.colcon_core.environment:checking '/home/ph/ros2_firstw/install/tutorial_interfaces/bin'
[1.783s] Level 1:colcon.colcon_core.environment:checking '/home/ph/ros2_firstw/install/tutorial_interfaces/lib/pkgconfig/tutorial_interfaces.pc'
[1.783s] Level 1:colcon.colcon_core.environment:checking '/home/ph/ros2_firstw/install/tutorial_interfaces/lib/python3.10/site-packages'
[1.785s] Level 1:colcon.colcon_core.environment:checking '/home/ph/ros2_firstw/install/tutorial_interfaces/bin'
[1.786s] INFO:colcon.colcon_core.shell:Creating package script '/home/ph/ros2_firstw/install/tutorial_interfaces/share/tutorial_interfaces/package.ps1'
[1.787s] INFO:colcon.colcon_core.shell:Creating package descriptor '/home/ph/ros2_firstw/install/tutorial_interfaces/share/tutorial_interfaces/package.dsv'
[1.789s] INFO:colcon.colcon_core.shell:Creating package script '/home/ph/ros2_firstw/install/tutorial_interfaces/share/tutorial_interfaces/package.sh'
[1.790s] INFO:colcon.colcon_core.shell:Creating package script '/home/ph/ros2_firstw/install/tutorial_interfaces/share/tutorial_interfaces/package.bash'
[1.791s] INFO:colcon.colcon_core.shell:Creating package script '/home/ph/ros2_firstw/install/tutorial_interfaces/share/tutorial_interfaces/package.zsh'
[1.792s] Level 1:colcon.colcon_core.environment:create_file_with_runtime_dependencies(/home/ph/ros2_firstw/install/tutorial_interfaces/share/colcon-core/packages/tutorial_interfaces)
[1.794s] Level 1:colcon.colcon_core.environment:create_environment_scripts_only(tutorial_interfaces)
[1.794s] Level 1:colcon.colcon_core.environment:checking '/home/ph/ros2_firstw/install/tutorial_interfaces' for CMake module files
[1.796s] Level 1:colcon.colcon_core.environment:checking '/home/ph/ros2_firstw/install/tutorial_interfaces' for CMake config files
[1.797s] Level 1:colcon.colcon_core.shell:create_environment_hook('tutorial_interfaces', 'cmake_prefix_path')
[1.798s] INFO:colcon.colcon_core.shell:Creating environment hook '/home/ph/ros2_firstw/install/tutorial_interfaces/share/tutorial_interfaces/hook/cmake_prefix_path.ps1'
[1.799s] INFO:colcon.colcon_core.shell:Creating environment descriptor '/home/ph/ros2_firstw/install/tutorial_interfaces/share/tutorial_interfaces/hook/cmake_prefix_path.dsv'
[1.800s] INFO:colcon.colcon_core.shell:Creating environment hook '/home/ph/ros2_firstw/install/tutorial_interfaces/share/tutorial_interfaces/hook/cmake_prefix_path.sh'
[1.802s] Level 1:colcon.colcon_core.environment:checking '/home/ph/ros2_firstw/install/tutorial_interfaces/lib'
[1.802s] Level 1:colcon.colcon_core.shell:create_environment_hook('tutorial_interfaces', 'ld_library_path_lib')
[1.803s] INFO:colcon.colcon_core.shell:Creating environment hook '/home/ph/ros2_firstw/install/tutorial_interfaces/share/tutorial_interfaces/hook/ld_library_path_lib.ps1'
[1.804s] INFO:colcon.colcon_core.shell:Creating environment descriptor '/home/ph/ros2_firstw/install/tutorial_interfaces/share/tutorial_interfaces/hook/ld_library_path_lib.dsv'
[1.805s] INFO:colcon.colcon_core.shell:Creating environment hook '/home/ph/ros2_firstw/install/tutorial_interfaces/share/tutorial_interfaces/hook/ld_library_path_lib.sh'
[1.806s] Level 1:colcon.colcon_core.environment:checking '/home/ph/ros2_firstw/install/tutorial_interfaces/bin'
[1.806s] Level 1:colcon.colcon_core.environment:checking '/home/ph/ros2_firstw/install/tutorial_interfaces/lib/pkgconfig/tutorial_interfaces.pc'
[1.807s] Level 1:colcon.colcon_core.environment:checking '/home/ph/ros2_firstw/install/tutorial_interfaces/lib/python3.10/site-packages'
[1.808s] Level 1:colcon.colcon_core.environment:checking '/home/ph/ros2_firstw/install/tutorial_interfaces/bin'
[1.809s] INFO:colcon.colcon_core.shell:Creating package script '/home/ph/ros2_firstw/install/tutorial_interfaces/share/tutorial_interfaces/package.ps1'
[1.810s] INFO:colcon.colcon_core.shell:Creating package descriptor '/home/ph/ros2_firstw/install/tutorial_interfaces/share/tutorial_interfaces/package.dsv'
[1.812s] INFO:colcon.colcon_core.shell:Creating package script '/home/ph/ros2_firstw/install/tutorial_interfaces/share/tutorial_interfaces/package.sh'
[1.814s] INFO:colcon.colcon_core.shell:Creating package script '/home/ph/ros2_firstw/install/tutorial_interfaces/share/tutorial_interfaces/package.bash'
[1.815s] INFO:colcon.colcon_core.shell:Creating package script '/home/ph/ros2_firstw/install/tutorial_interfaces/share/tutorial_interfaces/package.zsh'
[1.816s] Level 1:colcon.colcon_core.environment:create_file_with_runtime_dependencies(/home/ph/ros2_firstw/install/tutorial_interfaces/share/colcon-core/packages/tutorial_interfaces)
[1.817s] INFO:colcon.colcon_ros.task.ament_cmake.build:Building ROS package in '/home/ph/ros2_firstw/src/cpp_pubsub' with build type 'ament_cmake'
[1.818s] INFO:colcon.colcon_cmake.task.cmake.build:Building CMake package in '/home/ph/ros2_firstw/src/cpp_pubsub'
[1.818s] INFO:colcon.colcon_core.shell:Skip shell extension 'powershell' for command environment: Not usable outside of PowerShell
[1.818s] DEBUG:colcon.colcon_core.shell:Skip shell extension 'dsv' for command environment
[1.823s] INFO:colcon.colcon_ros.task.ament_cmake.build:Building ROS package in '/home/ph/ros2_firstw/src/cpp_srvcli' with build type 'ament_cmake'
[1.824s] INFO:colcon.colcon_cmake.task.cmake.build:Building CMake package in '/home/ph/ros2_firstw/src/cpp_srvcli'
[1.824s] INFO:colcon.colcon_core.shell:Skip shell extension 'powershell' for command environment: Not usable outside of PowerShell
[1.824s] DEBUG:colcon.colcon_core.shell:Skip shell extension 'dsv' for command environment
[1.843s] DEBUG:colcon.colcon_core.event_handler.log_command:Invoking command in '/home/ph/ros2_firstw/build/cpp_srvcli': AMENT_PREFIX_PATH=/home/ph/ros2_firstw/install/tutorial_interfaces:${AMENT_PREFIX_PATH} CMAKE_PREFIX_PATH=/home/ph/ros2_firstw/install/tutorial_interfaces:/opt/ros/humble LD_LIBRARY_PATH=/home/ph/ros2_firstw/install/tutorial_interfaces/lib:${LD_LIBRARY_PATH} PYTHONPATH=/home/ph/ros2_firstw/install/tutorial_interfaces/local/lib/python3.10/dist-packages:${PYTHONPATH} /usr/bin/cmake --build /home/ph/ros2_firstw/build/cpp_srvcli -- -j8 -l8
[1.849s] DEBUG:colcon.colcon_core.event_handler.log_command:Invoking command in '/home/ph/ros2_firstw/build/cpp_pubsub': AMENT_PREFIX_PATH=/home/ph/ros2_firstw/install/tutorial_interfaces:${AMENT_PREFIX_PATH} CMAKE_PREFIX_PATH=/home/ph/ros2_firstw/install/tutorial_interfaces:/opt/ros/humble LD_LIBRARY_PATH=/home/ph/ros2_firstw/install/tutorial_interfaces/lib:${LD_LIBRARY_PATH} PYTHONPATH=/home/ph/ros2_firstw/install/tutorial_interfaces/local/lib/python3.10/dist-packages:${PYTHONPATH} /usr/bin/cmake --build /home/ph/ros2_firstw/build/cpp_pubsub -- -j8 -l8
[1.976s] DEBUG:colcon.colcon_core.event_handler.log_command:Invoked command in '/home/ph/ros2_firstw/build/cpp_pubsub' returned '0': AMENT_PREFIX_PATH=/home/ph/ros2_firstw/install/tutorial_interfaces:${AMENT_PREFIX_PATH} CMAKE_PREFIX_PATH=/home/ph/ros2_firstw/install/tutorial_interfaces:/opt/ros/humble LD_LIBRARY_PATH=/home/ph/ros2_firstw/install/tutorial_interfaces/lib:${LD_LIBRARY_PATH} PYTHONPATH=/home/ph/ros2_firstw/install/tutorial_interfaces/local/lib/python3.10/dist-packages:${PYTHONPATH} /usr/bin/cmake --build /home/ph/ros2_firstw/build/cpp_pubsub -- -j8 -l8
[1.980s] DEBUG:colcon.colcon_core.event_handler.log_command:Invoking command in '/home/ph/ros2_firstw/build/cpp_pubsub': AMENT_PREFIX_PATH=/home/ph/ros2_firstw/install/tutorial_interfaces:${AMENT_PREFIX_PATH} CMAKE_PREFIX_PATH=/home/ph/ros2_firstw/install/tutorial_interfaces:/opt/ros/humble LD_LIBRARY_PATH=/home/ph/ros2_firstw/install/tutorial_interfaces/lib:${LD_LIBRARY_PATH} PYTHONPATH=/home/ph/ros2_firstw/install/tutorial_interfaces/local/lib/python3.10/dist-packages:${PYTHONPATH} /usr/bin/cmake --install /home/ph/ros2_firstw/build/cpp_pubsub
[1.986s] DEBUG:colcon.colcon_core.event_handler.log_command:Invoked command in '/home/ph/ros2_firstw/build/cpp_srvcli' returned '0': AMENT_PREFIX_PATH=/home/ph/ros2_firstw/install/tutorial_interfaces:${AMENT_PREFIX_PATH} CMAKE_PREFIX_PATH=/home/ph/ros2_firstw/install/tutorial_interfaces:/opt/ros/humble LD_LIBRARY_PATH=/home/ph/ros2_firstw/install/tutorial_interfaces/lib:${LD_LIBRARY_PATH} PYTHONPATH=/home/ph/ros2_firstw/install/tutorial_interfaces/local/lib/python3.10/dist-packages:${PYTHONPATH} /usr/bin/cmake --build /home/ph/ros2_firstw/build/cpp_srvcli -- -j8 -l8
[1.988s] DEBUG:colcon.colcon_core.event_handler.log_command:Invoking command in '/home/ph/ros2_firstw/build/cpp_srvcli': AMENT_PREFIX_PATH=/home/ph/ros2_firstw/install/tutorial_interfaces:${AMENT_PREFIX_PATH} CMAKE_PREFIX_PATH=/home/ph/ros2_firstw/install/tutorial_interfaces:/opt/ros/humble LD_LIBRARY_PATH=/home/ph/ros2_firstw/install/tutorial_interfaces/lib:${LD_LIBRARY_PATH} PYTHONPATH=/home/ph/ros2_firstw/install/tutorial_interfaces/local/lib/python3.10/dist-packages:${PYTHONPATH} /usr/bin/cmake --install /home/ph/ros2_firstw/build/cpp_srvcli
[2.003s] Level 1:colcon.colcon_core.environment:create_environment_scripts_only(cpp_pubsub)
[2.004s] Level 1:colcon.colcon_core.environment:checking '/home/ph/ros2_firstw/install/cpp_pubsub' for CMake module files
[2.005s] DEBUG:colcon.colcon_core.event_handler.log_command:Invoked command in '/home/ph/ros2_firstw/build/cpp_pubsub' returned '0': AMENT_PREFIX_PATH=/home/ph/ros2_firstw/install/tutorial_interfaces:${AMENT_PREFIX_PATH} CMAKE_PREFIX_PATH=/home/ph/ros2_firstw/install/tutorial_interfaces:/opt/ros/humble LD_LIBRARY_PATH=/home/ph/ros2_firstw/install/tutorial_interfaces/lib:${LD_LIBRARY_PATH} PYTHONPATH=/home/ph/ros2_firstw/install/tutorial_interfaces/local/lib/python3.10/dist-packages:${PYTHONPATH} /usr/bin/cmake --install /home/ph/ros2_firstw/build/cpp_pubsub
[2.009s] Level 1:colcon.colcon_core.environment:checking '/home/ph/ros2_firstw/install/cpp_pubsub' for CMake config files
[2.011s] Level 1:colcon.colcon_core.shell:create_environment_hook('cpp_pubsub', 'cmake_prefix_path')
[2.012s] INFO:colcon.colcon_core.shell:Creating environment hook '/home/ph/ros2_firstw/install/cpp_pubsub/share/cpp_pubsub/hook/cmake_prefix_path.ps1'
[2.013s] INFO:colcon.colcon_core.shell:Creating environment descriptor '/home/ph/ros2_firstw/install/cpp_pubsub/share/cpp_pubsub/hook/cmake_prefix_path.dsv'
[2.014s] INFO:colcon.colcon_core.shell:Creating environment hook '/home/ph/ros2_firstw/install/cpp_pubsub/share/cpp_pubsub/hook/cmake_prefix_path.sh'
[2.015s] Level 1:colcon.colcon_core.environment:checking '/home/ph/ros2_firstw/install/cpp_pubsub/lib'
[2.016s] Level 1:colcon.colcon_core.environment:checking '/home/ph/ros2_firstw/install/cpp_pubsub/bin'
[2.016s] Level 1:colcon.colcon_core.environment:checking '/home/ph/ros2_firstw/install/cpp_pubsub/lib/pkgconfig/cpp_pubsub.pc'
[2.016s] Level 1:colcon.colcon_core.environment:checking '/home/ph/ros2_firstw/install/cpp_pubsub/lib/python3.10/site-packages'
[2.017s] Level 1:colcon.colcon_core.environment:checking '/home/ph/ros2_firstw/install/cpp_pubsub/bin'
[2.018s] INFO:colcon.colcon_core.shell:Creating package script '/home/ph/ros2_firstw/install/cpp_pubsub/share/cpp_pubsub/package.ps1'
[2.020s] INFO:colcon.colcon_core.shell:Creating package descriptor '/home/ph/ros2_firstw/install/cpp_pubsub/share/cpp_pubsub/package.dsv'
[2.021s] INFO:colcon.colcon_core.shell:Creating package script '/home/ph/ros2_firstw/install/cpp_pubsub/share/cpp_pubsub/package.sh'
[2.022s] INFO:colcon.colcon_core.shell:Creating package script '/home/ph/ros2_firstw/install/cpp_pubsub/share/cpp_pubsub/package.bash'
[2.023s] INFO:colcon.colcon_core.shell:Creating package script '/home/ph/ros2_firstw/install/cpp_pubsub/share/cpp_pubsub/package.zsh'
[2.024s] Level 1:colcon.colcon_core.environment:create_file_with_runtime_dependencies(/home/ph/ros2_firstw/install/cpp_pubsub/share/colcon-core/packages/cpp_pubsub)
[2.026s] Level 1:colcon.colcon_core.environment:create_environment_scripts_only(cpp_pubsub)
[2.026s] Level 1:colcon.colcon_core.environment:checking '/home/ph/ros2_firstw/install/cpp_pubsub' for CMake module files
[2.028s] Level 1:colcon.colcon_core.environment:checking '/home/ph/ros2_firstw/install/cpp_pubsub' for CMake config files
[2.028s] Level 1:colcon.colcon_core.shell:create_environment_hook('cpp_pubsub', 'cmake_prefix_path')
[2.029s] INFO:colcon.colcon_core.shell:Creating environment hook '/home/ph/ros2_firstw/install/cpp_pubsub/share/cpp_pubsub/hook/cmake_prefix_path.ps1'
[2.030s] INFO:colcon.colcon_core.shell:Creating environment descriptor '/home/ph/ros2_firstw/install/cpp_pubsub/share/cpp_pubsub/hook/cmake_prefix_path.dsv'
[2.031s] INFO:colcon.colcon_core.shell:Creating environment hook '/home/ph/ros2_firstw/install/cpp_pubsub/share/cpp_pubsub/hook/cmake_prefix_path.sh'
[2.033s] Level 1:colcon.colcon_core.environment:checking '/home/ph/ros2_firstw/install/cpp_pubsub/lib'
[2.033s] Level 1:colcon.colcon_core.environment:checking '/home/ph/ros2_firstw/install/cpp_pubsub/bin'
[2.033s] Level 1:colcon.colcon_core.environment:checking '/home/ph/ros2_firstw/install/cpp_pubsub/lib/pkgconfig/cpp_pubsub.pc'
[2.034s] Level 1:colcon.colcon_core.environment:checking '/home/ph/ros2_firstw/install/cpp_pubsub/lib/python3.10/site-packages'
[2.035s] Level 1:colcon.colcon_core.environment:checking '/home/ph/ros2_firstw/install/cpp_pubsub/bin'
[2.036s] INFO:colcon.colcon_core.shell:Creating package script '/home/ph/ros2_firstw/install/cpp_pubsub/share/cpp_pubsub/package.ps1'
[2.037s] INFO:colcon.colcon_core.shell:Creating package descriptor '/home/ph/ros2_firstw/install/cpp_pubsub/share/cpp_pubsub/package.dsv'
[2.039s] INFO:colcon.colcon_core.shell:Creating package script '/home/ph/ros2_firstw/install/cpp_pubsub/share/cpp_pubsub/package.sh'
[2.040s] INFO:colcon.colcon_core.shell:Creating package script '/home/ph/ros2_firstw/install/cpp_pubsub/share/cpp_pubsub/package.bash'
[2.041s] INFO:colcon.colcon_core.shell:Creating package script '/home/ph/ros2_firstw/install/cpp_pubsub/share/cpp_pubsub/package.zsh'
[2.043s] Level 1:colcon.colcon_core.environment:create_file_with_runtime_dependencies(/home/ph/ros2_firstw/install/cpp_pubsub/share/colcon-core/packages/cpp_pubsub)
[2.045s] Level 1:colcon.colcon_core.environment:create_environment_scripts_only(cpp_srvcli)
[2.046s] Level 1:colcon.colcon_core.environment:checking '/home/ph/ros2_firstw/install/cpp_srvcli' for CMake module files
[2.048s] DEBUG:colcon.colcon_core.event_handler.log_command:Invoked command in '/home/ph/ros2_firstw/build/cpp_srvcli' returned '0': AMENT_PREFIX_PATH=/home/ph/ros2_firstw/install/tutorial_interfaces:${AMENT_PREFIX_PATH} CMAKE_PREFIX_PATH=/home/ph/ros2_firstw/install/tutorial_interfaces:/opt/ros/humble LD_LIBRARY_PATH=/home/ph/ros2_firstw/install/tutorial_interfaces/lib:${LD_LIBRARY_PATH} PYTHONPATH=/home/ph/ros2_firstw/install/tutorial_interfaces/local/lib/python3.10/dist-packages:${PYTHONPATH} /usr/bin/cmake --install /home/ph/ros2_firstw/build/cpp_srvcli
[2.049s] Level 1:colcon.colcon_core.environment:checking '/home/ph/ros2_firstw/install/cpp_srvcli' for CMake config files
[2.051s] Level 1:colcon.colcon_core.shell:create_environment_hook('cpp_srvcli', 'cmake_prefix_path')
[2.052s] INFO:colcon.colcon_core.shell:Creating environment hook '/home/ph/ros2_firstw/install/cpp_srvcli/share/cpp_srvcli/hook/cmake_prefix_path.ps1'
[2.053s] INFO:colcon.colcon_core.shell:Creating environment descriptor '/home/ph/ros2_firstw/install/cpp_srvcli/share/cpp_srvcli/hook/cmake_prefix_path.dsv'
[2.054s] INFO:colcon.colcon_core.shell:Creating environment hook '/home/ph/ros2_firstw/install/cpp_srvcli/share/cpp_srvcli/hook/cmake_prefix_path.sh'
[2.056s] Level 1:colcon.colcon_core.environment:checking '/home/ph/ros2_firstw/install/cpp_srvcli/lib'
[2.056s] Level 1:colcon.colcon_core.environment:checking '/home/ph/ros2_firstw/install/cpp_srvcli/bin'
[2.056s] Level 1:colcon.colcon_core.environment:checking '/home/ph/ros2_firstw/install/cpp_srvcli/lib/pkgconfig/cpp_srvcli.pc'
[2.057s] Level 1:colcon.colcon_core.environment:checking '/home/ph/ros2_firstw/install/cpp_srvcli/lib/python3.10/site-packages'
[2.058s] Level 1:colcon.colcon_core.environment:checking '/home/ph/ros2_firstw/install/cpp_srvcli/bin'
[2.059s] INFO:colcon.colcon_core.shell:Creating package script '/home/ph/ros2_firstw/install/cpp_srvcli/share/cpp_srvcli/package.ps1'
[2.060s] INFO:colcon.colcon_core.shell:Creating package descriptor '/home/ph/ros2_firstw/install/cpp_srvcli/share/cpp_srvcli/package.dsv'
[2.061s] INFO:colcon.colcon_core.shell:Creating package script '/home/ph/ros2_firstw/install/cpp_srvcli/share/cpp_srvcli/package.sh'
[2.062s] INFO:colcon.colcon_core.shell:Creating package script '/home/ph/ros2_firstw/install/cpp_srvcli/share/cpp_srvcli/package.bash'
[2.062s] INFO:colcon.colcon_core.shell:Creating package script '/home/ph/ros2_firstw/install/cpp_srvcli/share/cpp_srvcli/package.zsh'
[2.063s] Level 1:colcon.colcon_core.environment:create_file_with_runtime_dependencies(/home/ph/ros2_firstw/install/cpp_srvcli/share/colcon-core/packages/cpp_srvcli)
[2.063s] Level 1:colcon.colcon_core.environment:create_environment_scripts_only(cpp_srvcli)
[2.064s] Level 1:colcon.colcon_core.environment:checking '/home/ph/ros2_firstw/install/cpp_srvcli' for CMake module files
[2.064s] Level 1:colcon.colcon_core.environment:checking '/home/ph/ros2_firstw/install/cpp_srvcli' for CMake config files
[2.064s] Level 1:colcon.colcon_core.shell:create_environment_hook('cpp_srvcli', 'cmake_prefix_path')
[2.065s] INFO:colcon.colcon_core.shell:Creating environment hook '/home/ph/ros2_firstw/install/cpp_srvcli/share/cpp_srvcli/hook/cmake_prefix_path.ps1'
[2.065s] INFO:colcon.colcon_core.shell:Creating environment descriptor '/home/ph/ros2_firstw/install/cpp_srvcli/share/cpp_srvcli/hook/cmake_prefix_path.dsv'
[2.066s] INFO:colcon.colcon_core.shell:Creating environment hook '/home/ph/ros2_firstw/install/cpp_srvcli/share/cpp_srvcli/hook/cmake_prefix_path.sh'
[2.066s] Level 1:colcon.colcon_core.environment:checking '/home/ph/ros2_firstw/install/cpp_srvcli/lib'
[2.066s] Level 1:colcon.colcon_core.environment:checking '/home/ph/ros2_firstw/install/cpp_srvcli/bin'
[2.066s] Level 1:colcon.colcon_core.environment:checking '/home/ph/ros2_firstw/install/cpp_srvcli/lib/pkgconfig/cpp_srvcli.pc'
[2.067s] Level 1:colcon.colcon_core.environment:checking '/home/ph/ros2_firstw/install/cpp_srvcli/lib/python3.10/site-packages'
[2.067s] Level 1:colcon.colcon_core.environment:checking '/home/ph/ros2_firstw/install/cpp_srvcli/bin'
[2.068s] INFO:colcon.colcon_core.shell:Creating package script '/home/ph/ros2_firstw/install/cpp_srvcli/share/cpp_srvcli/package.ps1'
[2.068s] INFO:colcon.colcon_core.shell:Creating package descriptor '/home/ph/ros2_firstw/install/cpp_srvcli/share/cpp_srvcli/package.dsv'
[2.069s] INFO:colcon.colcon_core.shell:Creating package script '/home/ph/ros2_firstw/install/cpp_srvcli/share/cpp_srvcli/package.sh'
[2.069s] INFO:colcon.colcon_core.shell:Creating package script '/home/ph/ros2_firstw/install/cpp_srvcli/share/cpp_srvcli/package.bash'
[2.070s] INFO:colcon.colcon_core.shell:Creating package script '/home/ph/ros2_firstw/install/cpp_srvcli/share/cpp_srvcli/package.zsh'
[2.070s] Level 1:colcon.colcon_core.environment:create_file_with_runtime_dependencies(/home/ph/ros2_firstw/install/cpp_srvcli/share/colcon-core/packages/cpp_srvcli)
[2.071s] DEBUG:colcon.colcon_parallel_executor.executor.parallel:closing loop
[2.071s] DEBUG:colcon.colcon_parallel_executor.executor.parallel:loop closed
[2.071s] DEBUG:colcon.colcon_parallel_executor.executor.parallel:run_until_complete finished with '0'
[2.071s] DEBUG:colcon.colcon_core.event_reactor:joining thread
[2.090s] INFO:colcon.colcon_core.plugin_system:Skipping extension 'colcon_notification.desktop_notification.terminal_notifier': Not used on non-Darwin systems
[2.090s] INFO:colcon.colcon_core.plugin_system:Skipping extension 'colcon_notification.desktop_notification.win32': Not used on non-Windows systems
[2.090s] INFO:colcon.colcon_notification.desktop_notification:Sending desktop notification using 'notify2'
[2.165s] DEBUG:colcon.colcon_core.event_reactor:joined thread
[2.166s] INFO:colcon.colcon_core.shell:Creating prefix script '/home/ph/ros2_firstw/install/local_setup.ps1'
[2.169s] INFO:colcon.colcon_core.shell:Creating prefix util module '/home/ph/ros2_firstw/install/_local_setup_util_ps1.py'
[2.174s] INFO:colcon.colcon_core.shell:Creating prefix chain script '/home/ph/ros2_firstw/install/setup.ps1'
[2.177s] INFO:colcon.colcon_core.shell:Creating prefix script '/home/ph/ros2_firstw/install/local_setup.sh'
[2.179s] INFO:colcon.colcon_core.shell:Creating prefix util module '/home/ph/ros2_firstw/install/_local_setup_util_sh.py'
[2.181s] INFO:colcon.colcon_core.shell:Creating prefix chain script '/home/ph/ros2_firstw/install/setup.sh'
[2.184s] INFO:colcon.colcon_core.shell:Creating prefix script '/home/ph/ros2_firstw/install/local_setup.bash'
[2.186s] INFO:colcon.colcon_core.shell:Creating prefix chain script '/home/ph/ros2_firstw/install/setup.bash'
[2.189s] INFO:colcon.colcon_core.shell:Creating prefix script '/home/ph/ros2_firstw/install/local_setup.zsh'
[2.191s] INFO:colcon.colcon_core.shell:Creating prefix chain script '/home/ph/ros2_firstw/install/setup.zsh'
