[0.042s] Invoking command in '/home/ph/ros2_firstw/build/more_interfaces': CMAKE_PREFIX_PATH=${CMAKE_PREFIX_PATH}:/opt/ros/humble /usr/bin/cmake --build /home/ph/ros2_firstw/build/more_interfaces -- -j8 -l8
[0.191s] [  3%] Built target more_interfaces__cpp
[0.230s] [ 12%] Built target more_interfaces__rosidl_generator_c
[0.276s] [ 12%] Built target ament_cmake_python_copy_more_interfaces
[0.306s] [ 21%] Built target more_interfaces__rosidl_typesupport_fastrtps_cpp
[0.326s] [ 30%] Built target more_interfaces__rosidl_typesupport_cpp
[0.350s] [ 39%] Built target more_interfaces__rosidl_typesupport_introspection_cpp
[0.350s] [ 48%] Built target more_interfaces__rosidl_typesupport_fastrtps_c
[0.350s] [ 57%] Built target more_interfaces__rosidl_typesupport_c
[0.351s] [ 66%] Built target more_interfaces__rosidl_typesupport_introspection_c
[0.446s] [ 72%] Built target publish_address_book
[0.447s] [ 72%] Built target more_interfaces
[0.517s] [ 75%] Built target more_interfaces__py
[0.589s] [ 81%] Built target more_interfaces__rosidl_generator_py
[0.673s] [ 87%] Built target more_interfaces__rosidl_typesupport_c__pyext
[0.692s] [ 93%] Built target more_interfaces__rosidl_typesupport_fastrtps_c__pyext
[0.703s] [100%] Built target more_interfaces__rosidl_typesupport_introspection_c__pyext
[0.989s] running egg_info
[0.991s] writing more_interfaces.egg-info/PKG-INFO
[0.991s] writing dependency_links to more_interfaces.egg-info/dependency_links.txt
[0.991s] writing top-level names to more_interfaces.egg-info/top_level.txt
[1.003s] reading manifest file 'more_interfaces.egg-info/SOURCES.txt'
[1.005s] writing manifest file 'more_interfaces.egg-info/SOURCES.txt'
[1.067s] [100%] Built target ament_cmake_python_build_more_interfaces_egg
[1.097s] Invoked command in '/home/ph/ros2_firstw/build/more_interfaces' returned '0': CMAKE_PREFIX_PATH=${CMAKE_PREFIX_PATH}:/opt/ros/humble /usr/bin/cmake --build /home/ph/ros2_firstw/build/more_interfaces -- -j8 -l8
[1.108s] Invoking command in '/home/ph/ros2_firstw/build/more_interfaces': CMAKE_PREFIX_PATH=${CMAKE_PREFIX_PATH}:/opt/ros/humble /usr/bin/cmake --install /home/ph/ros2_firstw/build/more_interfaces
[1.132s] -- Install configuration: ""
[1.132s] -- Up-to-date: /home/ph/ros2_firstw/install/more_interfaces/share/ament_index/resource_index/rosidl_interfaces/more_interfaces
[1.134s] -- Up-to-date: /home/ph/ros2_firstw/install/more_interfaces/include/more_interfaces/more_interfaces
[1.136s] -- Up-to-date: /home/ph/ros2_firstw/install/more_interfaces/include/more_interfaces/more_interfaces/msg
[1.136s] -- Up-to-date: /home/ph/ros2_firstw/install/more_interfaces/include/more_interfaces/more_interfaces/msg/rosidl_generator_c__visibility_control.h
[1.137s] -- Up-to-date: /home/ph/ros2_firstw/install/more_interfaces/include/more_interfaces/more_interfaces/msg/address_book.h
[1.137s] -- Up-to-date: /home/ph/ros2_firstw/install/more_interfaces/include/more_interfaces/more_interfaces/msg/detail
[1.137s] -- Up-to-date: /home/ph/ros2_firstw/install/more_interfaces/include/more_interfaces/more_interfaces/msg/detail/address_book__type_support.h
[1.138s] -- Up-to-date: /home/ph/ros2_firstw/install/more_interfaces/include/more_interfaces/more_interfaces/msg/detail/address_book__functions.c
[1.138s] -- Up-to-date: /home/ph/ros2_firstw/install/more_interfaces/include/more_interfaces/more_interfaces/msg/detail/address_book__struct.h
[1.139s] -- Up-to-date: /home/ph/ros2_firstw/install/more_interfaces/include/more_interfaces/more_interfaces/msg/detail/address_book__functions.h
[1.139s] -- Up-to-date: /home/ph/ros2_firstw/install/more_interfaces/share/more_interfaces/environment/library_path.sh
[1.139s] -- Up-to-date: /home/ph/ros2_firstw/install/more_interfaces/share/more_interfaces/environment/library_path.dsv
[1.139s] -- Up-to-date: /home/ph/ros2_firstw/install/more_interfaces/lib/libmore_interfaces__rosidl_generator_c.so
[1.139s] -- Up-to-date: /home/ph/ros2_firstw/install/more_interfaces/include/more_interfaces/more_interfaces
[1.140s] -- Up-to-date: /home/ph/ros2_firstw/install/more_interfaces/include/more_interfaces/more_interfaces/msg
[1.141s] -- Up-to-date: /home/ph/ros2_firstw/install/more_interfaces/include/more_interfaces/more_interfaces/msg/detail
[1.141s] -- Up-to-date: /home/ph/ros2_firstw/install/more_interfaces/include/more_interfaces/more_interfaces/msg/detail/address_book__rosidl_typesupport_fastrtps_c.h
[1.141s] -- Up-to-date: /home/ph/ros2_firstw/install/more_interfaces/include/more_interfaces/more_interfaces/msg/rosidl_typesupport_fastrtps_c__visibility_control.h
[1.141s] -- Up-to-date: /home/ph/ros2_firstw/install/more_interfaces/lib/libmore_interfaces__rosidl_typesupport_fastrtps_c.so
[1.141s] -- Up-to-date: /home/ph/ros2_firstw/install/more_interfaces/include/more_interfaces/more_interfaces
[1.142s] -- Up-to-date: /home/ph/ros2_firstw/install/more_interfaces/include/more_interfaces/more_interfaces/msg
[1.142s] -- Up-to-date: /home/ph/ros2_firstw/install/more_interfaces/include/more_interfaces/more_interfaces/msg/rosidl_typesupport_introspection_c__visibility_control.h
[1.143s] -- Up-to-date: /home/ph/ros2_firstw/install/more_interfaces/include/more_interfaces/more_interfaces/msg/detail
[1.143s] -- Up-to-date: /home/ph/ros2_firstw/install/more_interfaces/include/more_interfaces/more_interfaces/msg/detail/address_book__rosidl_typesupport_introspection_c.h
[1.143s] -- Up-to-date: /home/ph/ros2_firstw/install/more_interfaces/include/more_interfaces/more_interfaces/msg/detail/address_book__type_support.c
[1.143s] -- Up-to-date: /home/ph/ros2_firstw/install/more_interfaces/lib/libmore_interfaces__rosidl_typesupport_introspection_c.so
[1.144s] -- Up-to-date: /home/ph/ros2_firstw/install/more_interfaces/lib/libmore_interfaces__rosidl_typesupport_c.so
[1.144s] -- Up-to-date: /home/ph/ros2_firstw/install/more_interfaces/include/more_interfaces/more_interfaces
[1.144s] -- Up-to-date: /home/ph/ros2_firstw/install/more_interfaces/include/more_interfaces/more_interfaces/msg
[1.144s] -- Up-to-date: /home/ph/ros2_firstw/install/more_interfaces/include/more_interfaces/more_interfaces/msg/rosidl_generator_cpp__visibility_control.hpp
[1.144s] -- Up-to-date: /home/ph/ros2_firstw/install/more_interfaces/include/more_interfaces/more_interfaces/msg/address_book.hpp
[1.144s] -- Up-to-date: /home/ph/ros2_firstw/install/more_interfaces/include/more_interfaces/more_interfaces/msg/detail
[1.144s] -- Up-to-date: /home/ph/ros2_firstw/install/more_interfaces/include/more_interfaces/more_interfaces/msg/detail/address_book__struct.hpp
[1.145s] -- Up-to-date: /home/ph/ros2_firstw/install/more_interfaces/include/more_interfaces/more_interfaces/msg/detail/address_book__traits.hpp
[1.145s] -- Up-to-date: /home/ph/ros2_firstw/install/more_interfaces/include/more_interfaces/more_interfaces/msg/detail/address_book__builder.hpp
[1.145s] -- Up-to-date: /home/ph/ros2_firstw/install/more_interfaces/include/more_interfaces/more_interfaces/msg/detail/address_book__type_support.hpp
[1.145s] -- Up-to-date: /home/ph/ros2_firstw/install/more_interfaces/include/more_interfaces/more_interfaces
[1.146s] -- Up-to-date: /home/ph/ros2_firstw/install/more_interfaces/include/more_interfaces/more_interfaces/msg
[1.146s] -- Up-to-date: /home/ph/ros2_firstw/install/more_interfaces/include/more_interfaces/more_interfaces/msg/rosidl_typesupport_fastrtps_cpp__visibility_control.h
[1.146s] -- Up-to-date: /home/ph/ros2_firstw/install/more_interfaces/include/more_interfaces/more_interfaces/msg/detail
[1.147s] -- Up-to-date: /home/ph/ros2_firstw/install/more_interfaces/include/more_interfaces/more_interfaces/msg/detail/address_book__rosidl_typesupport_fastrtps_cpp.hpp
[1.147s] -- Up-to-date: /home/ph/ros2_firstw/install/more_interfaces/include/more_interfaces/more_interfaces/msg/detail/dds_fastrtps
[1.147s] -- Up-to-date: /home/ph/ros2_firstw/install/more_interfaces/lib/libmore_interfaces__rosidl_typesupport_fastrtps_cpp.so
[1.147s] -- Up-to-date: /home/ph/ros2_firstw/install/more_interfaces/include/more_interfaces/more_interfaces
[1.147s] -- Up-to-date: /home/ph/ros2_firstw/install/more_interfaces/include/more_interfaces/more_interfaces/msg
[1.147s] -- Up-to-date: /home/ph/ros2_firstw/install/more_interfaces/include/more_interfaces/more_interfaces/msg/detail
[1.148s] -- Up-to-date: /home/ph/ros2_firstw/install/more_interfaces/include/more_interfaces/more_interfaces/msg/detail/address_book__rosidl_typesupport_introspection_cpp.hpp
[1.148s] -- Up-to-date: /home/ph/ros2_firstw/install/more_interfaces/include/more_interfaces/more_interfaces/msg/detail/address_book__type_support.cpp
[1.149s] -- Up-to-date: /home/ph/ros2_firstw/install/more_interfaces/lib/libmore_interfaces__rosidl_typesupport_introspection_cpp.so
[1.149s] -- Up-to-date: /home/ph/ros2_firstw/install/more_interfaces/lib/libmore_interfaces__rosidl_typesupport_cpp.so
[1.149s] -- Up-to-date: /home/ph/ros2_firstw/install/more_interfaces/share/more_interfaces/environment/pythonpath.sh
[1.149s] -- Up-to-date: /home/ph/ros2_firstw/install/more_interfaces/share/more_interfaces/environment/pythonpath.dsv
[1.149s] -- Up-to-date: /home/ph/ros2_firstw/install/more_interfaces/local/lib/python3.10/dist-packages/more_interfaces-0.0.0-py3.10.egg-info
[1.149s] -- Installing: /home/ph/ros2_firstw/install/more_interfaces/local/lib/python3.10/dist-packages/more_interfaces-0.0.0-py3.10.egg-info/top_level.txt
[1.150s] -- Installing: /home/ph/ros2_firstw/install/more_interfaces/local/lib/python3.10/dist-packages/more_interfaces-0.0.0-py3.10.egg-info/PKG-INFO
[1.150s] -- Installing: /home/ph/ros2_firstw/install/more_interfaces/local/lib/python3.10/dist-packages/more_interfaces-0.0.0-py3.10.egg-info/SOURCES.txt
[1.150s] -- Installing: /home/ph/ros2_firstw/install/more_interfaces/local/lib/python3.10/dist-packages/more_interfaces-0.0.0-py3.10.egg-info/dependency_links.txt
[1.152s] -- Up-to-date: /home/ph/ros2_firstw/install/more_interfaces/local/lib/python3.10/dist-packages/more_interfaces
[1.152s] -- Up-to-date: /home/ph/ros2_firstw/install/more_interfaces/local/lib/python3.10/dist-packages/more_interfaces/more_interfaces_s__rosidl_typesupport_introspection_c.cpython-310-x86_64-linux-gnu.so
[1.152s] -- Up-to-date: /home/ph/ros2_firstw/install/more_interfaces/local/lib/python3.10/dist-packages/more_interfaces/_more_interfaces_s.ep.rosidl_typesupport_c.c
[1.152s] -- Up-to-date: /home/ph/ros2_firstw/install/more_interfaces/local/lib/python3.10/dist-packages/more_interfaces/more_interfaces_s__rosidl_typesupport_fastrtps_c.cpython-310-x86_64-linux-gnu.so
[1.152s] -- Up-to-date: /home/ph/ros2_firstw/install/more_interfaces/local/lib/python3.10/dist-packages/more_interfaces/_more_interfaces_s.ep.rosidl_typesupport_fastrtps_c.c
[1.153s] -- Up-to-date: /home/ph/ros2_firstw/install/more_interfaces/local/lib/python3.10/dist-packages/more_interfaces/_more_interfaces_s.ep.rosidl_typesupport_introspection_c.c
[1.153s] -- Up-to-date: /home/ph/ros2_firstw/install/more_interfaces/local/lib/python3.10/dist-packages/more_interfaces/libmore_interfaces__rosidl_generator_py.so
[1.153s] -- Up-to-date: /home/ph/ros2_firstw/install/more_interfaces/local/lib/python3.10/dist-packages/more_interfaces/__init__.py
[1.153s] -- Up-to-date: /home/ph/ros2_firstw/install/more_interfaces/local/lib/python3.10/dist-packages/more_interfaces/more_interfaces_s__rosidl_typesupport_c.cpython-310-x86_64-linux-gnu.so
[1.154s] -- Up-to-date: /home/ph/ros2_firstw/install/more_interfaces/local/lib/python3.10/dist-packages/more_interfaces/msg
[1.154s] -- Up-to-date: /home/ph/ros2_firstw/install/more_interfaces/local/lib/python3.10/dist-packages/more_interfaces/msg/_address_book_s.c
[1.155s] -- Up-to-date: /home/ph/ros2_firstw/install/more_interfaces/local/lib/python3.10/dist-packages/more_interfaces/msg/_address_book.py
[1.155s] -- Up-to-date: /home/ph/ros2_firstw/install/more_interfaces/local/lib/python3.10/dist-packages/more_interfaces/msg/__init__.py
[1.217s] Listing '/home/ph/ros2_firstw/install/more_interfaces/local/lib/python3.10/dist-packages/more_interfaces'...
[1.217s] Listing '/home/ph/ros2_firstw/install/more_interfaces/local/lib/python3.10/dist-packages/more_interfaces/msg'...
[1.231s] -- Up-to-date: /home/ph/ros2_firstw/install/more_interfaces/local/lib/python3.10/dist-packages/more_interfaces/more_interfaces_s__rosidl_typesupport_fastrtps_c.cpython-310-x86_64-linux-gnu.so
[1.232s] -- Up-to-date: /home/ph/ros2_firstw/install/more_interfaces/local/lib/python3.10/dist-packages/more_interfaces/more_interfaces_s__rosidl_typesupport_introspection_c.cpython-310-x86_64-linux-gnu.so
[1.233s] -- Up-to-date: /home/ph/ros2_firstw/install/more_interfaces/local/lib/python3.10/dist-packages/more_interfaces/more_interfaces_s__rosidl_typesupport_c.cpython-310-x86_64-linux-gnu.so
[1.235s] -- Up-to-date: /home/ph/ros2_firstw/install/more_interfaces/lib/libmore_interfaces__rosidl_generator_py.so
[1.235s] -- Up-to-date: /home/ph/ros2_firstw/install/more_interfaces/share/more_interfaces/msg/AddressBook.idl
[1.236s] -- Up-to-date: /home/ph/ros2_firstw/install/more_interfaces/share/more_interfaces/msg/AddressBook.msg
[1.236s] -- Up-to-date: /home/ph/ros2_firstw/install/more_interfaces/lib/more_interfaces/publish_address_book
[1.236s] -- Up-to-date: /home/ph/ros2_firstw/install/more_interfaces/share/ament_index/resource_index/package_run_dependencies/more_interfaces
[1.236s] -- Up-to-date: /home/ph/ros2_firstw/install/more_interfaces/share/ament_index/resource_index/parent_prefix_path/more_interfaces
[1.236s] -- Up-to-date: /home/ph/ros2_firstw/install/more_interfaces/share/more_interfaces/environment/ament_prefix_path.sh
[1.237s] -- Up-to-date: /home/ph/ros2_firstw/install/more_interfaces/share/more_interfaces/environment/ament_prefix_path.dsv
[1.238s] -- Up-to-date: /home/ph/ros2_firstw/install/more_interfaces/share/more_interfaces/environment/path.sh
[1.238s] -- Up-to-date: /home/ph/ros2_firstw/install/more_interfaces/share/more_interfaces/environment/path.dsv
[1.239s] -- Up-to-date: /home/ph/ros2_firstw/install/more_interfaces/share/more_interfaces/local_setup.bash
[1.241s] -- Up-to-date: /home/ph/ros2_firstw/install/more_interfaces/share/more_interfaces/local_setup.sh
[1.242s] -- Up-to-date: /home/ph/ros2_firstw/install/more_interfaces/share/more_interfaces/local_setup.zsh
[1.242s] -- Up-to-date: /home/ph/ros2_firstw/install/more_interfaces/share/more_interfaces/local_setup.dsv
[1.242s] -- Installing: /home/ph/ros2_firstw/install/more_interfaces/share/more_interfaces/package.dsv
[1.242s] -- Up-to-date: /home/ph/ros2_firstw/install/more_interfaces/share/ament_index/resource_index/packages/more_interfaces
[1.242s] -- Up-to-date: /home/ph/ros2_firstw/install/more_interfaces/share/more_interfaces/cmake/export_more_interfaces__rosidl_generator_cExport.cmake
[1.242s] -- Up-to-date: /home/ph/ros2_firstw/install/more_interfaces/share/more_interfaces/cmake/export_more_interfaces__rosidl_generator_cExport-noconfig.cmake
[1.242s] -- Up-to-date: /home/ph/ros2_firstw/install/more_interfaces/share/more_interfaces/cmake/export_more_interfaces__rosidl_typesupport_fastrtps_cExport.cmake
[1.243s] -- Up-to-date: /home/ph/ros2_firstw/install/more_interfaces/share/more_interfaces/cmake/export_more_interfaces__rosidl_typesupport_fastrtps_cExport-noconfig.cmake
[1.243s] -- Up-to-date: /home/ph/ros2_firstw/install/more_interfaces/share/more_interfaces/cmake/more_interfaces__rosidl_typesupport_introspection_cExport.cmake
[1.243s] -- Up-to-date: /home/ph/ros2_firstw/install/more_interfaces/share/more_interfaces/cmake/more_interfaces__rosidl_typesupport_introspection_cExport-noconfig.cmake
[1.243s] -- Up-to-date: /home/ph/ros2_firstw/install/more_interfaces/share/more_interfaces/cmake/more_interfaces__rosidl_typesupport_cExport.cmake
[1.243s] -- Up-to-date: /home/ph/ros2_firstw/install/more_interfaces/share/more_interfaces/cmake/more_interfaces__rosidl_typesupport_cExport-noconfig.cmake
[1.244s] -- Up-to-date: /home/ph/ros2_firstw/install/more_interfaces/share/more_interfaces/cmake/export_more_interfaces__rosidl_generator_cppExport.cmake
[1.244s] -- Up-to-date: /home/ph/ros2_firstw/install/more_interfaces/share/more_interfaces/cmake/export_more_interfaces__rosidl_typesupport_fastrtps_cppExport.cmake
[1.246s] -- Up-to-date: /home/ph/ros2_firstw/install/more_interfaces/share/more_interfaces/cmake/export_more_interfaces__rosidl_typesupport_fastrtps_cppExport-noconfig.cmake
[1.246s] -- Up-to-date: /home/ph/ros2_firstw/install/more_interfaces/share/more_interfaces/cmake/more_interfaces__rosidl_typesupport_introspection_cppExport.cmake
[1.246s] -- Up-to-date: /home/ph/ros2_firstw/install/more_interfaces/share/more_interfaces/cmake/more_interfaces__rosidl_typesupport_introspection_cppExport-noconfig.cmake
[1.246s] -- Up-to-date: /home/ph/ros2_firstw/install/more_interfaces/share/more_interfaces/cmake/more_interfaces__rosidl_typesupport_cppExport.cmake
[1.247s] -- Up-to-date: /home/ph/ros2_firstw/install/more_interfaces/share/more_interfaces/cmake/more_interfaces__rosidl_typesupport_cppExport-noconfig.cmake
[1.247s] -- Up-to-date: /home/ph/ros2_firstw/install/more_interfaces/share/more_interfaces/cmake/export_more_interfaces__rosidl_generator_pyExport.cmake
[1.247s] -- Up-to-date: /home/ph/ros2_firstw/install/more_interfaces/share/more_interfaces/cmake/export_more_interfaces__rosidl_generator_pyExport-noconfig.cmake
[1.247s] -- Up-to-date: /home/ph/ros2_firstw/install/more_interfaces/share/more_interfaces/cmake/rosidl_cmake-extras.cmake
[1.247s] -- Up-to-date: /home/ph/ros2_firstw/install/more_interfaces/share/more_interfaces/cmake/ament_cmake_export_include_directories-extras.cmake
[1.247s] -- Up-to-date: /home/ph/ros2_firstw/install/more_interfaces/share/more_interfaces/cmake/ament_cmake_export_libraries-extras.cmake
[1.248s] -- Up-to-date: /home/ph/ros2_firstw/install/more_interfaces/share/more_interfaces/cmake/ament_cmake_export_targets-extras.cmake
[1.248s] -- Up-to-date: /home/ph/ros2_firstw/install/more_interfaces/share/more_interfaces/cmake/rosidl_cmake_export_typesupport_targets-extras.cmake
[1.248s] -- Up-to-date: /home/ph/ros2_firstw/install/more_interfaces/share/more_interfaces/cmake/ament_cmake_export_dependencies-extras.cmake
[1.248s] -- Up-to-date: /home/ph/ros2_firstw/install/more_interfaces/share/more_interfaces/cmake/rosidl_cmake_export_typesupport_libraries-extras.cmake
[1.248s] -- Up-to-date: /home/ph/ros2_firstw/install/more_interfaces/share/more_interfaces/cmake/more_interfacesConfig.cmake
[1.248s] -- Up-to-date: /home/ph/ros2_firstw/install/more_interfaces/share/more_interfaces/cmake/more_interfacesConfig-version.cmake
[1.248s] -- Up-to-date: /home/ph/ros2_firstw/install/more_interfaces/share/more_interfaces/package.xml
[1.278s] Invoked command in '/home/ph/ros2_firstw/build/more_interfaces' returned '0': CMAKE_PREFIX_PATH=${CMAKE_PREFIX_PATH}:/opt/ros/humble /usr/bin/cmake --install /home/ph/ros2_firstw/build/more_interfaces
