[0.150s] DEBUG:colcon:Command line arguments: ['/usr/bin/colcon', 'build']
[0.151s] DEBUG:colcon:Parsed command line arguments: Namespace(log_base=None, log_level=None, verb_name='build', build_base='build', install_base='install', merge_install=False, symlink_install=False, test_result_base=None, continue_on_error=False, executor='parallel', parallel_workers=8, event_handlers=None, ignore_user_meta=False, metas=['./colcon.meta'], base_paths=['.'], packages_ignore=None, packages_ignore_regex=None, paths=None, packages_up_to=None, packages_up_to_regex=None, packages_above=None, packages_above_and_dependencies=None, packages_above_depth=None, packages_select_by_dep=None, packages_skip_by_dep=None, packages_skip_up_to=None, packages_select_build_failed=False, packages_skip_build_finished=False, packages_select_test_failures=False, packages_skip_test_passed=False, packages_select=None, packages_skip=None, packages_select_regex=None, packages_skip_regex=None, packages_start=None, packages_end=None, allow_overriding=[], cmake_args=None, cmake_target=None, cmake_target_skip_unavailable=False, cmake_clean_cache=False, cmake_clean_first=False, cmake_force_configure=False, ament_cmake_args=None, catkin_cmake_args=None, catkin_skip_building_tests=False, mixin_files=None, mixin=None, verb_parser=<colcon_mixin.mixin.mixin_argument.MixinArgumentDecorator object at 0x78e1b46674f0>, verb_extension=<colcon_core.verb.build.BuildVerb object at 0x78e1b4666b90>, main=<bound method BuildVerb.main of <colcon_core.verb.build.BuildVerb object at 0x78e1b4666b90>>, mixin_verb=('build',))
[0.391s] Level 1:colcon.colcon_core.package_discovery:discover_packages(colcon_meta) check parameters
[0.391s] Level 1:colcon.colcon_core.package_discovery:discover_packages(recursive) check parameters
[0.391s] Level 1:colcon.colcon_core.package_discovery:discover_packages(ignore) check parameters
[0.391s] Level 1:colcon.colcon_core.package_discovery:discover_packages(path) check parameters
[0.391s] Level 1:colcon.colcon_core.package_discovery:discover_packages(colcon_meta) discover
[0.391s] Level 1:colcon.colcon_core.package_discovery:discover_packages(recursive) discover
[0.391s] INFO:colcon.colcon_core.package_discovery:Crawling recursively for packages in '/home/ph/sixth_ws'
[0.391s] Level 1:colcon.colcon_core.package_identification:_identify(.) by extensions ['ignore', 'ignore_ament_install']
[0.392s] Level 1:colcon.colcon_core.package_identification:_identify(.) by extension 'ignore'
[0.392s] Level 1:colcon.colcon_core.package_identification:_identify(.) by extension 'ignore_ament_install'
[0.392s] Level 1:colcon.colcon_core.package_identification:_identify(.) by extensions ['colcon_pkg']
[0.392s] Level 1:colcon.colcon_core.package_identification:_identify(.) by extension 'colcon_pkg'
[0.392s] Level 1:colcon.colcon_core.package_identification:_identify(.) by extensions ['colcon_meta']
[0.392s] Level 1:colcon.colcon_core.package_identification:_identify(.) by extension 'colcon_meta'
[0.392s] Level 1:colcon.colcon_core.package_identification:_identify(.) by extensions ['ros']
[0.392s] Level 1:colcon.colcon_core.package_identification:_identify(.) by extension 'ros'
[0.420s] Level 1:colcon.colcon_core.package_identification:_identify(.) by extensions ['cmake', 'python']
[0.420s] Level 1:colcon.colcon_core.package_identification:_identify(.) by extension 'cmake'
[0.420s] Level 1:colcon.colcon_core.package_identification:_identify(.) by extension 'python'
[0.420s] Level 1:colcon.colcon_core.package_identification:_identify(.) by extensions ['python_setup_py']
[0.420s] Level 1:colcon.colcon_core.package_identification:_identify(.) by extension 'python_setup_py'
[0.420s] Level 1:colcon.colcon_core.package_identification:_identify(build) by extensions ['ignore', 'ignore_ament_install']
[0.420s] Level 1:colcon.colcon_core.package_identification:_identify(build) by extension 'ignore'
[0.420s] Level 1:colcon.colcon_core.package_identification:_identify(build) ignored
[0.420s] Level 1:colcon.colcon_core.package_identification:_identify(install) by extensions ['ignore', 'ignore_ament_install']
[0.420s] Level 1:colcon.colcon_core.package_identification:_identify(install) by extension 'ignore'
[0.420s] Level 1:colcon.colcon_core.package_identification:_identify(install) ignored
[0.421s] Level 1:colcon.colcon_core.package_identification:_identify(log) by extensions ['ignore', 'ignore_ament_install']
[0.421s] Level 1:colcon.colcon_core.package_identification:_identify(log) by extension 'ignore'
[0.421s] Level 1:colcon.colcon_core.package_identification:_identify(log) ignored
[0.421s] Level 1:colcon.colcon_core.package_identification:_identify(src) by extensions ['ignore', 'ignore_ament_install']
[0.421s] Level 1:colcon.colcon_core.package_identification:_identify(src) by extension 'ignore'
[0.421s] Level 1:colcon.colcon_core.package_identification:_identify(src) by extension 'ignore_ament_install'
[0.421s] Level 1:colcon.colcon_core.package_identification:_identify(src) by extensions ['colcon_pkg']
[0.421s] Level 1:colcon.colcon_core.package_identification:_identify(src) by extension 'colcon_pkg'
[0.421s] Level 1:colcon.colcon_core.package_identification:_identify(src) by extensions ['colcon_meta']
[0.421s] Level 1:colcon.colcon_core.package_identification:_identify(src) by extension 'colcon_meta'
[0.421s] Level 1:colcon.colcon_core.package_identification:_identify(src) by extensions ['ros']
[0.421s] Level 1:colcon.colcon_core.package_identification:_identify(src) by extension 'ros'
[0.421s] Level 1:colcon.colcon_core.package_identification:_identify(src) by extensions ['cmake', 'python']
[0.421s] Level 1:colcon.colcon_core.package_identification:_identify(src) by extension 'cmake'
[0.421s] Level 1:colcon.colcon_core.package_identification:_identify(src) by extension 'python'
[0.421s] Level 1:colcon.colcon_core.package_identification:_identify(src) by extensions ['python_setup_py']
[0.421s] Level 1:colcon.colcon_core.package_identification:_identify(src) by extension 'python_setup_py'
[0.422s] Level 1:colcon.colcon_core.package_identification:_identify(src/rviz_plugin_tutorial) by extensions ['ignore', 'ignore_ament_install']
[0.422s] Level 1:colcon.colcon_core.package_identification:_identify(src/rviz_plugin_tutorial) by extension 'ignore'
[0.422s] Level 1:colcon.colcon_core.package_identification:_identify(src/rviz_plugin_tutorial) by extension 'ignore_ament_install'
[0.422s] Level 1:colcon.colcon_core.package_identification:_identify(src/rviz_plugin_tutorial) by extensions ['colcon_pkg']
[0.422s] Level 1:colcon.colcon_core.package_identification:_identify(src/rviz_plugin_tutorial) by extension 'colcon_pkg'
[0.422s] Level 1:colcon.colcon_core.package_identification:_identify(src/rviz_plugin_tutorial) by extensions ['colcon_meta']
[0.422s] Level 1:colcon.colcon_core.package_identification:_identify(src/rviz_plugin_tutorial) by extension 'colcon_meta'
[0.422s] Level 1:colcon.colcon_core.package_identification:_identify(src/rviz_plugin_tutorial) by extensions ['ros']
[0.422s] Level 1:colcon.colcon_core.package_identification:_identify(src/rviz_plugin_tutorial) by extension 'ros'
[0.422s] Level 1:colcon.colcon_core.package_identification:_identify(src/rviz_plugin_tutorial) by extensions ['cmake', 'python']
[0.422s] Level 1:colcon.colcon_core.package_identification:_identify(src/rviz_plugin_tutorial) by extension 'cmake'
[0.422s] Level 1:colcon.colcon_core.package_identification:_identify(src/rviz_plugin_tutorial) by extension 'python'
[0.422s] Level 1:colcon.colcon_core.package_identification:_identify(src/rviz_plugin_tutorial) by extensions ['python_setup_py']
[0.422s] Level 1:colcon.colcon_core.package_identification:_identify(src/rviz_plugin_tutorial) by extension 'python_setup_py'
[0.422s] Level 1:colcon.colcon_core.package_identification:_identify(src/rviz_plugin_tutorial/doc) by extensions ['ignore', 'ignore_ament_install']
[0.423s] Level 1:colcon.colcon_core.package_identification:_identify(src/rviz_plugin_tutorial/doc) by extension 'ignore'
[0.423s] Level 1:colcon.colcon_core.package_identification:_identify(src/rviz_plugin_tutorial/doc) by extension 'ignore_ament_install'
[0.423s] Level 1:colcon.colcon_core.package_identification:_identify(src/rviz_plugin_tutorial/doc) by extensions ['colcon_pkg']
[0.423s] Level 1:colcon.colcon_core.package_identification:_identify(src/rviz_plugin_tutorial/doc) by extension 'colcon_pkg'
[0.423s] Level 1:colcon.colcon_core.package_identification:_identify(src/rviz_plugin_tutorial/doc) by extensions ['colcon_meta']
[0.423s] Level 1:colcon.colcon_core.package_identification:_identify(src/rviz_plugin_tutorial/doc) by extension 'colcon_meta'
[0.423s] Level 1:colcon.colcon_core.package_identification:_identify(src/rviz_plugin_tutorial/doc) by extensions ['ros']
[0.423s] Level 1:colcon.colcon_core.package_identification:_identify(src/rviz_plugin_tutorial/doc) by extension 'ros'
[0.423s] Level 1:colcon.colcon_core.package_identification:_identify(src/rviz_plugin_tutorial/doc) by extensions ['cmake', 'python']
[0.423s] Level 1:colcon.colcon_core.package_identification:_identify(src/rviz_plugin_tutorial/doc) by extension 'cmake'
[0.423s] Level 1:colcon.colcon_core.package_identification:_identify(src/rviz_plugin_tutorial/doc) by extension 'python'
[0.423s] Level 1:colcon.colcon_core.package_identification:_identify(src/rviz_plugin_tutorial/doc) by extensions ['python_setup_py']
[0.423s] Level 1:colcon.colcon_core.package_identification:_identify(src/rviz_plugin_tutorial/doc) by extension 'python_setup_py'
[0.424s] Level 1:colcon.colcon_core.package_identification:_identify(src/rviz_plugin_tutorial/rviz_plugin_tutorial) by extensions ['ignore', 'ignore_ament_install']
[0.424s] Level 1:colcon.colcon_core.package_identification:_identify(src/rviz_plugin_tutorial/rviz_plugin_tutorial) by extension 'ignore'
[0.424s] Level 1:colcon.colcon_core.package_identification:_identify(src/rviz_plugin_tutorial/rviz_plugin_tutorial) by extension 'ignore_ament_install'
[0.424s] Level 1:colcon.colcon_core.package_identification:_identify(src/rviz_plugin_tutorial/rviz_plugin_tutorial) by extensions ['colcon_pkg']
[0.424s] Level 1:colcon.colcon_core.package_identification:_identify(src/rviz_plugin_tutorial/rviz_plugin_tutorial) by extension 'colcon_pkg'
[0.424s] Level 1:colcon.colcon_core.package_identification:_identify(src/rviz_plugin_tutorial/rviz_plugin_tutorial) by extensions ['colcon_meta']
[0.424s] Level 1:colcon.colcon_core.package_identification:_identify(src/rviz_plugin_tutorial/rviz_plugin_tutorial) by extension 'colcon_meta'
[0.424s] Level 1:colcon.colcon_core.package_identification:_identify(src/rviz_plugin_tutorial/rviz_plugin_tutorial) by extensions ['ros']
[0.424s] Level 1:colcon.colcon_core.package_identification:_identify(src/rviz_plugin_tutorial/rviz_plugin_tutorial) by extension 'ros'
[0.428s] DEBUG:colcon.colcon_core.package_identification:Package 'src/rviz_plugin_tutorial/rviz_plugin_tutorial' with type 'ros.ament_cmake' and name 'rviz_plugin_tutorial'
[0.428s] Level 1:colcon.colcon_core.package_identification:_identify(src/rviz_plugin_tutorial/rviz_plugin_tutorial_msgs) by extensions ['ignore', 'ignore_ament_install']
[0.428s] Level 1:colcon.colcon_core.package_identification:_identify(src/rviz_plugin_tutorial/rviz_plugin_tutorial_msgs) by extension 'ignore'
[0.428s] Level 1:colcon.colcon_core.package_identification:_identify(src/rviz_plugin_tutorial/rviz_plugin_tutorial_msgs) by extension 'ignore_ament_install'
[0.428s] Level 1:colcon.colcon_core.package_identification:_identify(src/rviz_plugin_tutorial/rviz_plugin_tutorial_msgs) by extensions ['colcon_pkg']
[0.428s] Level 1:colcon.colcon_core.package_identification:_identify(src/rviz_plugin_tutorial/rviz_plugin_tutorial_msgs) by extension 'colcon_pkg'
[0.428s] Level 1:colcon.colcon_core.package_identification:_identify(src/rviz_plugin_tutorial/rviz_plugin_tutorial_msgs) by extensions ['colcon_meta']
[0.428s] Level 1:colcon.colcon_core.package_identification:_identify(src/rviz_plugin_tutorial/rviz_plugin_tutorial_msgs) by extension 'colcon_meta'
[0.428s] Level 1:colcon.colcon_core.package_identification:_identify(src/rviz_plugin_tutorial/rviz_plugin_tutorial_msgs) by extensions ['ros']
[0.428s] Level 1:colcon.colcon_core.package_identification:_identify(src/rviz_plugin_tutorial/rviz_plugin_tutorial_msgs) by extension 'ros'
[0.429s] DEBUG:colcon.colcon_core.package_identification:Package 'src/rviz_plugin_tutorial/rviz_plugin_tutorial_msgs' with type 'ros.ament_cmake' and name 'rviz_plugin_tutorial_msgs'
[0.429s] Level 1:colcon.colcon_core.package_discovery:discover_packages(recursive) using defaults
[0.429s] Level 1:colcon.colcon_core.package_discovery:discover_packages(ignore) discover
[0.429s] Level 1:colcon.colcon_core.package_discovery:discover_packages(ignore) using defaults
[0.429s] Level 1:colcon.colcon_core.package_discovery:discover_packages(path) discover
[0.429s] Level 1:colcon.colcon_core.package_discovery:discover_packages(path) using defaults
[0.453s] Level 1:colcon.colcon_core.package_discovery:discover_packages(prefix_path) check parameters
[0.453s] Level 1:colcon.colcon_core.package_discovery:discover_packages(prefix_path) discover
[0.455s] DEBUG:colcon.colcon_installed_package_information.package_discovery:Found 2 installed packages in /home/ph/sixth_ws/install
[0.456s] DEBUG:colcon.colcon_installed_package_information.package_discovery:Found 1 installed packages in /home/ph/fifth_ws/src/install
[0.457s] DEBUG:colcon.colcon_installed_package_information.package_discovery:Found 3 installed packages in /home/ph/fourth_ws/install
[0.459s] DEBUG:colcon.colcon_installed_package_information.package_discovery:Found 440 installed packages in /opt/ros/humble
[0.463s] Level 1:colcon.colcon_core.package_discovery:discover_packages(prefix_path) using defaults
[0.529s] Level 5:colcon.colcon_core.verb:set package 'rviz_plugin_tutorial_msgs' build argument 'cmake_args' from command line to 'None'
[0.529s] Level 5:colcon.colcon_core.verb:set package 'rviz_plugin_tutorial_msgs' build argument 'cmake_target' from command line to 'None'
[0.529s] Level 5:colcon.colcon_core.verb:set package 'rviz_plugin_tutorial_msgs' build argument 'cmake_target_skip_unavailable' from command line to 'False'
[0.529s] Level 5:colcon.colcon_core.verb:set package 'rviz_plugin_tutorial_msgs' build argument 'cmake_clean_cache' from command line to 'False'
[0.529s] Level 5:colcon.colcon_core.verb:set package 'rviz_plugin_tutorial_msgs' build argument 'cmake_clean_first' from command line to 'False'
[0.529s] Level 5:colcon.colcon_core.verb:set package 'rviz_plugin_tutorial_msgs' build argument 'cmake_force_configure' from command line to 'False'
[0.529s] Level 5:colcon.colcon_core.verb:set package 'rviz_plugin_tutorial_msgs' build argument 'ament_cmake_args' from command line to 'None'
[0.529s] Level 5:colcon.colcon_core.verb:set package 'rviz_plugin_tutorial_msgs' build argument 'catkin_cmake_args' from command line to 'None'
[0.529s] Level 5:colcon.colcon_core.verb:set package 'rviz_plugin_tutorial_msgs' build argument 'catkin_skip_building_tests' from command line to 'False'
[0.529s] DEBUG:colcon.colcon_core.verb:Building package 'rviz_plugin_tutorial_msgs' with the following arguments: {'ament_cmake_args': None, 'build_base': '/home/ph/sixth_ws/build/rviz_plugin_tutorial_msgs', 'catkin_cmake_args': None, 'catkin_skip_building_tests': False, 'cmake_args': None, 'cmake_clean_cache': False, 'cmake_clean_first': False, 'cmake_force_configure': False, 'cmake_target': None, 'cmake_target_skip_unavailable': False, 'install_base': '/home/ph/sixth_ws/install/rviz_plugin_tutorial_msgs', 'merge_install': False, 'path': '/home/ph/sixth_ws/src/rviz_plugin_tutorial/rviz_plugin_tutorial_msgs', 'symlink_install': False, 'test_result_base': None}
[0.530s] Level 5:colcon.colcon_core.verb:set package 'rviz_plugin_tutorial' build argument 'cmake_args' from command line to 'None'
[0.530s] Level 5:colcon.colcon_core.verb:set package 'rviz_plugin_tutorial' build argument 'cmake_target' from command line to 'None'
[0.530s] Level 5:colcon.colcon_core.verb:set package 'rviz_plugin_tutorial' build argument 'cmake_target_skip_unavailable' from command line to 'False'
[0.530s] Level 5:colcon.colcon_core.verb:set package 'rviz_plugin_tutorial' build argument 'cmake_clean_cache' from command line to 'False'
[0.530s] Level 5:colcon.colcon_core.verb:set package 'rviz_plugin_tutorial' build argument 'cmake_clean_first' from command line to 'False'
[0.530s] Level 5:colcon.colcon_core.verb:set package 'rviz_plugin_tutorial' build argument 'cmake_force_configure' from command line to 'False'
[0.530s] Level 5:colcon.colcon_core.verb:set package 'rviz_plugin_tutorial' build argument 'ament_cmake_args' from command line to 'None'
[0.530s] Level 5:colcon.colcon_core.verb:set package 'rviz_plugin_tutorial' build argument 'catkin_cmake_args' from command line to 'None'
[0.530s] Level 5:colcon.colcon_core.verb:set package 'rviz_plugin_tutorial' build argument 'catkin_skip_building_tests' from command line to 'False'
[0.530s] DEBUG:colcon.colcon_core.verb:Building package 'rviz_plugin_tutorial' with the following arguments: {'ament_cmake_args': None, 'build_base': '/home/ph/sixth_ws/build/rviz_plugin_tutorial', 'catkin_cmake_args': None, 'catkin_skip_building_tests': False, 'cmake_args': None, 'cmake_clean_cache': False, 'cmake_clean_first': False, 'cmake_force_configure': False, 'cmake_target': None, 'cmake_target_skip_unavailable': False, 'install_base': '/home/ph/sixth_ws/install/rviz_plugin_tutorial', 'merge_install': False, 'path': '/home/ph/sixth_ws/src/rviz_plugin_tutorial/rviz_plugin_tutorial', 'symlink_install': False, 'test_result_base': None}
[0.530s] INFO:colcon.colcon_core.executor:Executing jobs using 'parallel' executor
[0.531s] DEBUG:colcon.colcon_parallel_executor.executor.parallel:run_until_complete
[0.532s] INFO:colcon.colcon_ros.task.ament_cmake.build:Building ROS package in '/home/ph/sixth_ws/src/rviz_plugin_tutorial/rviz_plugin_tutorial_msgs' with build type 'ament_cmake'
[0.532s] INFO:colcon.colcon_cmake.task.cmake.build:Building CMake package in '/home/ph/sixth_ws/src/rviz_plugin_tutorial/rviz_plugin_tutorial_msgs'
[0.534s] INFO:colcon.colcon_core.plugin_system:Skipping extension 'colcon_core.shell.bat': Not used on non-Windows systems
[0.535s] INFO:colcon.colcon_core.shell:Skip shell extension 'powershell' for command environment: Not usable outside of PowerShell
[0.535s] DEBUG:colcon.colcon_core.shell:Skip shell extension 'dsv' for command environment
[0.550s] DEBUG:colcon.colcon_core.event_handler.log_command:Invoking command in '/home/ph/sixth_ws/build/rviz_plugin_tutorial_msgs': CMAKE_PREFIX_PATH=/home/ph/sixth_ws/install/rviz_plugin_tutorial:/home/ph/sixth_ws/install/rviz_plugin_tutorial_msgs:/home/ph/fifth_ws/src/install/urdf_tutorial_cpp:/opt/ros/humble:/home/ph/fourth_ws/install/urdf_sim_tutorial:/home/ph/fourth_ws/install/urdf_tutorial:/home/ph/fourth_ws/install/urdf_launch /usr/bin/cmake --build /home/ph/sixth_ws/build/rviz_plugin_tutorial_msgs -- -j8 -l8
[2.956s] DEBUG:colcon.colcon_core.event_handler.log_command:Invoked command in '/home/ph/sixth_ws/build/rviz_plugin_tutorial_msgs' returned '0': CMAKE_PREFIX_PATH=/home/ph/sixth_ws/install/rviz_plugin_tutorial:/home/ph/sixth_ws/install/rviz_plugin_tutorial_msgs:/home/ph/fifth_ws/src/install/urdf_tutorial_cpp:/opt/ros/humble:/home/ph/fourth_ws/install/urdf_sim_tutorial:/home/ph/fourth_ws/install/urdf_tutorial:/home/ph/fourth_ws/install/urdf_launch /usr/bin/cmake --build /home/ph/sixth_ws/build/rviz_plugin_tutorial_msgs -- -j8 -l8
[2.970s] DEBUG:colcon.colcon_core.event_handler.log_command:Invoking command in '/home/ph/sixth_ws/build/rviz_plugin_tutorial_msgs': CMAKE_PREFIX_PATH=/home/ph/sixth_ws/install/rviz_plugin_tutorial:/home/ph/sixth_ws/install/rviz_plugin_tutorial_msgs:/home/ph/fifth_ws/src/install/urdf_tutorial_cpp:/opt/ros/humble:/home/ph/fourth_ws/install/urdf_sim_tutorial:/home/ph/fourth_ws/install/urdf_tutorial:/home/ph/fourth_ws/install/urdf_launch /usr/bin/cmake --install /home/ph/sixth_ws/build/rviz_plugin_tutorial_msgs
[3.080s] Level 1:colcon.colcon_core.environment:create_environment_scripts_only(rviz_plugin_tutorial_msgs)
[3.081s] DEBUG:colcon.colcon_core.event_handler.log_command:Invoked command in '/home/ph/sixth_ws/build/rviz_plugin_tutorial_msgs' returned '0': CMAKE_PREFIX_PATH=/home/ph/sixth_ws/install/rviz_plugin_tutorial:/home/ph/sixth_ws/install/rviz_plugin_tutorial_msgs:/home/ph/fifth_ws/src/install/urdf_tutorial_cpp:/opt/ros/humble:/home/ph/fourth_ws/install/urdf_sim_tutorial:/home/ph/fourth_ws/install/urdf_tutorial:/home/ph/fourth_ws/install/urdf_launch /usr/bin/cmake --install /home/ph/sixth_ws/build/rviz_plugin_tutorial_msgs
[3.084s] Level 1:colcon.colcon_core.environment:checking '/home/ph/sixth_ws/install/rviz_plugin_tutorial_msgs' for CMake module files
[3.086s] Level 1:colcon.colcon_core.environment:checking '/home/ph/sixth_ws/install/rviz_plugin_tutorial_msgs' for CMake config files
[3.086s] Level 1:colcon.colcon_core.shell:create_environment_hook('rviz_plugin_tutorial_msgs', 'cmake_prefix_path')
[3.086s] INFO:colcon.colcon_core.shell:Creating environment hook '/home/ph/sixth_ws/install/rviz_plugin_tutorial_msgs/share/rviz_plugin_tutorial_msgs/hook/cmake_prefix_path.ps1'
[3.088s] INFO:colcon.colcon_core.shell:Creating environment descriptor '/home/ph/sixth_ws/install/rviz_plugin_tutorial_msgs/share/rviz_plugin_tutorial_msgs/hook/cmake_prefix_path.dsv'
[3.088s] INFO:colcon.colcon_core.shell:Creating environment hook '/home/ph/sixth_ws/install/rviz_plugin_tutorial_msgs/share/rviz_plugin_tutorial_msgs/hook/cmake_prefix_path.sh'
[3.090s] Level 1:colcon.colcon_core.environment:checking '/home/ph/sixth_ws/install/rviz_plugin_tutorial_msgs/lib'
[3.090s] Level 1:colcon.colcon_core.shell:create_environment_hook('rviz_plugin_tutorial_msgs', 'ld_library_path_lib')
[3.091s] INFO:colcon.colcon_core.shell:Creating environment hook '/home/ph/sixth_ws/install/rviz_plugin_tutorial_msgs/share/rviz_plugin_tutorial_msgs/hook/ld_library_path_lib.ps1'
[3.091s] INFO:colcon.colcon_core.shell:Creating environment descriptor '/home/ph/sixth_ws/install/rviz_plugin_tutorial_msgs/share/rviz_plugin_tutorial_msgs/hook/ld_library_path_lib.dsv'
[3.092s] INFO:colcon.colcon_core.shell:Creating environment hook '/home/ph/sixth_ws/install/rviz_plugin_tutorial_msgs/share/rviz_plugin_tutorial_msgs/hook/ld_library_path_lib.sh'
[3.092s] Level 1:colcon.colcon_core.environment:checking '/home/ph/sixth_ws/install/rviz_plugin_tutorial_msgs/bin'
[3.092s] Level 1:colcon.colcon_core.environment:checking '/home/ph/sixth_ws/install/rviz_plugin_tutorial_msgs/lib/pkgconfig/rviz_plugin_tutorial_msgs.pc'
[3.092s] Level 1:colcon.colcon_core.environment:checking '/home/ph/sixth_ws/install/rviz_plugin_tutorial_msgs/lib/python3.10/site-packages'
[3.093s] Level 1:colcon.colcon_core.environment:checking '/home/ph/sixth_ws/install/rviz_plugin_tutorial_msgs/bin'
[3.093s] INFO:colcon.colcon_core.shell:Creating package script '/home/ph/sixth_ws/install/rviz_plugin_tutorial_msgs/share/rviz_plugin_tutorial_msgs/package.ps1'
[3.094s] INFO:colcon.colcon_core.shell:Creating package descriptor '/home/ph/sixth_ws/install/rviz_plugin_tutorial_msgs/share/rviz_plugin_tutorial_msgs/package.dsv'
[3.095s] INFO:colcon.colcon_core.shell:Creating package script '/home/ph/sixth_ws/install/rviz_plugin_tutorial_msgs/share/rviz_plugin_tutorial_msgs/package.sh'
[3.095s] INFO:colcon.colcon_core.shell:Creating package script '/home/ph/sixth_ws/install/rviz_plugin_tutorial_msgs/share/rviz_plugin_tutorial_msgs/package.bash'
[3.096s] INFO:colcon.colcon_core.shell:Creating package script '/home/ph/sixth_ws/install/rviz_plugin_tutorial_msgs/share/rviz_plugin_tutorial_msgs/package.zsh'
[3.097s] Level 1:colcon.colcon_core.environment:create_file_with_runtime_dependencies(/home/ph/sixth_ws/install/rviz_plugin_tutorial_msgs/share/colcon-core/packages/rviz_plugin_tutorial_msgs)
[3.098s] Level 1:colcon.colcon_core.environment:create_environment_scripts_only(rviz_plugin_tutorial_msgs)
[3.098s] Level 1:colcon.colcon_core.environment:checking '/home/ph/sixth_ws/install/rviz_plugin_tutorial_msgs' for CMake module files
[3.099s] Level 1:colcon.colcon_core.environment:checking '/home/ph/sixth_ws/install/rviz_plugin_tutorial_msgs' for CMake config files
[3.099s] Level 1:colcon.colcon_core.shell:create_environment_hook('rviz_plugin_tutorial_msgs', 'cmake_prefix_path')
[3.099s] INFO:colcon.colcon_core.shell:Creating environment hook '/home/ph/sixth_ws/install/rviz_plugin_tutorial_msgs/share/rviz_plugin_tutorial_msgs/hook/cmake_prefix_path.ps1'
[3.099s] INFO:colcon.colcon_core.shell:Creating environment descriptor '/home/ph/sixth_ws/install/rviz_plugin_tutorial_msgs/share/rviz_plugin_tutorial_msgs/hook/cmake_prefix_path.dsv'
[3.100s] INFO:colcon.colcon_core.shell:Creating environment hook '/home/ph/sixth_ws/install/rviz_plugin_tutorial_msgs/share/rviz_plugin_tutorial_msgs/hook/cmake_prefix_path.sh'
[3.100s] Level 1:colcon.colcon_core.environment:checking '/home/ph/sixth_ws/install/rviz_plugin_tutorial_msgs/lib'
[3.101s] Level 1:colcon.colcon_core.shell:create_environment_hook('rviz_plugin_tutorial_msgs', 'ld_library_path_lib')
[3.101s] INFO:colcon.colcon_core.shell:Creating environment hook '/home/ph/sixth_ws/install/rviz_plugin_tutorial_msgs/share/rviz_plugin_tutorial_msgs/hook/ld_library_path_lib.ps1'
[3.102s] INFO:colcon.colcon_core.shell:Creating environment descriptor '/home/ph/sixth_ws/install/rviz_plugin_tutorial_msgs/share/rviz_plugin_tutorial_msgs/hook/ld_library_path_lib.dsv'
[3.103s] INFO:colcon.colcon_core.shell:Creating environment hook '/home/ph/sixth_ws/install/rviz_plugin_tutorial_msgs/share/rviz_plugin_tutorial_msgs/hook/ld_library_path_lib.sh'
[3.105s] Level 1:colcon.colcon_core.environment:checking '/home/ph/sixth_ws/install/rviz_plugin_tutorial_msgs/bin'
[3.105s] Level 1:colcon.colcon_core.environment:checking '/home/ph/sixth_ws/install/rviz_plugin_tutorial_msgs/lib/pkgconfig/rviz_plugin_tutorial_msgs.pc'
[3.106s] Level 1:colcon.colcon_core.environment:checking '/home/ph/sixth_ws/install/rviz_plugin_tutorial_msgs/lib/python3.10/site-packages'
[3.107s] Level 1:colcon.colcon_core.environment:checking '/home/ph/sixth_ws/install/rviz_plugin_tutorial_msgs/bin'
[3.108s] INFO:colcon.colcon_core.shell:Creating package script '/home/ph/sixth_ws/install/rviz_plugin_tutorial_msgs/share/rviz_plugin_tutorial_msgs/package.ps1'
[3.109s] INFO:colcon.colcon_core.shell:Creating package descriptor '/home/ph/sixth_ws/install/rviz_plugin_tutorial_msgs/share/rviz_plugin_tutorial_msgs/package.dsv'
[3.110s] INFO:colcon.colcon_core.shell:Creating package script '/home/ph/sixth_ws/install/rviz_plugin_tutorial_msgs/share/rviz_plugin_tutorial_msgs/package.sh'
[3.111s] INFO:colcon.colcon_core.shell:Creating package script '/home/ph/sixth_ws/install/rviz_plugin_tutorial_msgs/share/rviz_plugin_tutorial_msgs/package.bash'
[3.111s] INFO:colcon.colcon_core.shell:Creating package script '/home/ph/sixth_ws/install/rviz_plugin_tutorial_msgs/share/rviz_plugin_tutorial_msgs/package.zsh'
[3.112s] Level 1:colcon.colcon_core.environment:create_file_with_runtime_dependencies(/home/ph/sixth_ws/install/rviz_plugin_tutorial_msgs/share/colcon-core/packages/rviz_plugin_tutorial_msgs)
[3.112s] INFO:colcon.colcon_ros.task.ament_cmake.build:Building ROS package in '/home/ph/sixth_ws/src/rviz_plugin_tutorial/rviz_plugin_tutorial' with build type 'ament_cmake'
[3.112s] INFO:colcon.colcon_cmake.task.cmake.build:Building CMake package in '/home/ph/sixth_ws/src/rviz_plugin_tutorial/rviz_plugin_tutorial'
[3.112s] INFO:colcon.colcon_core.shell:Skip shell extension 'powershell' for command environment: Not usable outside of PowerShell
[3.112s] DEBUG:colcon.colcon_core.shell:Skip shell extension 'dsv' for command environment
[3.146s] DEBUG:colcon.colcon_core.event_handler.log_command:Invoking command in '/home/ph/sixth_ws/build/rviz_plugin_tutorial': CMAKE_PREFIX_PATH=/home/ph/sixth_ws/install/rviz_plugin_tutorial_msgs:/home/ph/sixth_ws/install/rviz_plugin_tutorial:/home/ph/fifth_ws/src/install/urdf_tutorial_cpp:/opt/ros/humble:/home/ph/fourth_ws/install/urdf_sim_tutorial:/home/ph/fourth_ws/install/urdf_tutorial:/home/ph/fourth_ws/install/urdf_launch LD_LIBRARY_PATH=/home/ph/sixth_ws/install/rviz_plugin_tutorial_msgs/lib:/home/ph/sixth_ws/install/rviz_plugin_tutorial/lib:/usr/lib/x86_64-linux-gnu/gazebo-11/plugins:/opt/ros/humble/opt/rviz_ogre_vendor/lib:/opt/ros/humble/lib/x86_64-linux-gnu:/opt/ros/humble/lib /usr/bin/cmake --build /home/ph/sixth_ws/build/rviz_plugin_tutorial -- -j8 -l8
[21.910s] DEBUG:colcon.colcon_core.event_handler.log_command:Invoked command in '/home/ph/sixth_ws/build/rviz_plugin_tutorial' returned '0': CMAKE_PREFIX_PATH=/home/ph/sixth_ws/install/rviz_plugin_tutorial_msgs:/home/ph/sixth_ws/install/rviz_plugin_tutorial:/home/ph/fifth_ws/src/install/urdf_tutorial_cpp:/opt/ros/humble:/home/ph/fourth_ws/install/urdf_sim_tutorial:/home/ph/fourth_ws/install/urdf_tutorial:/home/ph/fourth_ws/install/urdf_launch LD_LIBRARY_PATH=/home/ph/sixth_ws/install/rviz_plugin_tutorial_msgs/lib:/home/ph/sixth_ws/install/rviz_plugin_tutorial/lib:/usr/lib/x86_64-linux-gnu/gazebo-11/plugins:/opt/ros/humble/opt/rviz_ogre_vendor/lib:/opt/ros/humble/lib/x86_64-linux-gnu:/opt/ros/humble/lib /usr/bin/cmake --build /home/ph/sixth_ws/build/rviz_plugin_tutorial -- -j8 -l8
[21.912s] DEBUG:colcon.colcon_core.event_handler.log_command:Invoking command in '/home/ph/sixth_ws/build/rviz_plugin_tutorial': CMAKE_PREFIX_PATH=/home/ph/sixth_ws/install/rviz_plugin_tutorial_msgs:/home/ph/sixth_ws/install/rviz_plugin_tutorial:/home/ph/fifth_ws/src/install/urdf_tutorial_cpp:/opt/ros/humble:/home/ph/fourth_ws/install/urdf_sim_tutorial:/home/ph/fourth_ws/install/urdf_tutorial:/home/ph/fourth_ws/install/urdf_launch LD_LIBRARY_PATH=/home/ph/sixth_ws/install/rviz_plugin_tutorial_msgs/lib:/home/ph/sixth_ws/install/rviz_plugin_tutorial/lib:/usr/lib/x86_64-linux-gnu/gazebo-11/plugins:/opt/ros/humble/opt/rviz_ogre_vendor/lib:/opt/ros/humble/lib/x86_64-linux-gnu:/opt/ros/humble/lib /usr/bin/cmake --install /home/ph/sixth_ws/build/rviz_plugin_tutorial
[21.954s] Level 1:colcon.colcon_core.environment:create_environment_scripts_only(rviz_plugin_tutorial)
[21.955s] Level 1:colcon.colcon_core.environment:checking '/home/ph/sixth_ws/install/rviz_plugin_tutorial' for CMake module files
[21.955s] DEBUG:colcon.colcon_core.event_handler.log_command:Invoked command in '/home/ph/sixth_ws/build/rviz_plugin_tutorial' returned '0': CMAKE_PREFIX_PATH=/home/ph/sixth_ws/install/rviz_plugin_tutorial_msgs:/home/ph/sixth_ws/install/rviz_plugin_tutorial:/home/ph/fifth_ws/src/install/urdf_tutorial_cpp:/opt/ros/humble:/home/ph/fourth_ws/install/urdf_sim_tutorial:/home/ph/fourth_ws/install/urdf_tutorial:/home/ph/fourth_ws/install/urdf_launch LD_LIBRARY_PATH=/home/ph/sixth_ws/install/rviz_plugin_tutorial_msgs/lib:/home/ph/sixth_ws/install/rviz_plugin_tutorial/lib:/usr/lib/x86_64-linux-gnu/gazebo-11/plugins:/opt/ros/humble/opt/rviz_ogre_vendor/lib:/opt/ros/humble/lib/x86_64-linux-gnu:/opt/ros/humble/lib /usr/bin/cmake --install /home/ph/sixth_ws/build/rviz_plugin_tutorial
[21.956s] Level 1:colcon.colcon_core.environment:checking '/home/ph/sixth_ws/install/rviz_plugin_tutorial' for CMake config files
[21.956s] Level 1:colcon.colcon_core.shell:create_environment_hook('rviz_plugin_tutorial', 'cmake_prefix_path')
[21.957s] INFO:colcon.colcon_core.shell:Creating environment hook '/home/ph/sixth_ws/install/rviz_plugin_tutorial/share/rviz_plugin_tutorial/hook/cmake_prefix_path.ps1'
[21.957s] INFO:colcon.colcon_core.shell:Creating environment descriptor '/home/ph/sixth_ws/install/rviz_plugin_tutorial/share/rviz_plugin_tutorial/hook/cmake_prefix_path.dsv'
[21.958s] INFO:colcon.colcon_core.shell:Creating environment hook '/home/ph/sixth_ws/install/rviz_plugin_tutorial/share/rviz_plugin_tutorial/hook/cmake_prefix_path.sh'
[21.959s] Level 1:colcon.colcon_core.environment:checking '/home/ph/sixth_ws/install/rviz_plugin_tutorial/lib'
[21.959s] Level 1:colcon.colcon_core.shell:create_environment_hook('rviz_plugin_tutorial', 'ld_library_path_lib')
[21.959s] INFO:colcon.colcon_core.shell:Creating environment hook '/home/ph/sixth_ws/install/rviz_plugin_tutorial/share/rviz_plugin_tutorial/hook/ld_library_path_lib.ps1'
[21.960s] INFO:colcon.colcon_core.shell:Creating environment descriptor '/home/ph/sixth_ws/install/rviz_plugin_tutorial/share/rviz_plugin_tutorial/hook/ld_library_path_lib.dsv'
[21.960s] INFO:colcon.colcon_core.shell:Creating environment hook '/home/ph/sixth_ws/install/rviz_plugin_tutorial/share/rviz_plugin_tutorial/hook/ld_library_path_lib.sh'
[21.961s] Level 1:colcon.colcon_core.environment:checking '/home/ph/sixth_ws/install/rviz_plugin_tutorial/bin'
[21.961s] Level 1:colcon.colcon_core.environment:checking '/home/ph/sixth_ws/install/rviz_plugin_tutorial/lib/pkgconfig/rviz_plugin_tutorial.pc'
[21.962s] Level 1:colcon.colcon_core.environment:checking '/home/ph/sixth_ws/install/rviz_plugin_tutorial/lib/python3.10/site-packages'
[21.962s] Level 1:colcon.colcon_core.environment:checking '/home/ph/sixth_ws/install/rviz_plugin_tutorial/bin'
[21.963s] INFO:colcon.colcon_core.shell:Creating package script '/home/ph/sixth_ws/install/rviz_plugin_tutorial/share/rviz_plugin_tutorial/package.ps1'
[21.963s] INFO:colcon.colcon_core.shell:Creating package descriptor '/home/ph/sixth_ws/install/rviz_plugin_tutorial/share/rviz_plugin_tutorial/package.dsv'
[21.964s] INFO:colcon.colcon_core.shell:Creating package script '/home/ph/sixth_ws/install/rviz_plugin_tutorial/share/rviz_plugin_tutorial/package.sh'
[21.965s] INFO:colcon.colcon_core.shell:Creating package script '/home/ph/sixth_ws/install/rviz_plugin_tutorial/share/rviz_plugin_tutorial/package.bash'
[21.965s] INFO:colcon.colcon_core.shell:Creating package script '/home/ph/sixth_ws/install/rviz_plugin_tutorial/share/rviz_plugin_tutorial/package.zsh'
[21.966s] Level 1:colcon.colcon_core.environment:create_file_with_runtime_dependencies(/home/ph/sixth_ws/install/rviz_plugin_tutorial/share/colcon-core/packages/rviz_plugin_tutorial)
[21.966s] Level 1:colcon.colcon_core.environment:create_environment_scripts_only(rviz_plugin_tutorial)
[21.967s] Level 1:colcon.colcon_core.environment:checking '/home/ph/sixth_ws/install/rviz_plugin_tutorial' for CMake module files
[21.967s] Level 1:colcon.colcon_core.environment:checking '/home/ph/sixth_ws/install/rviz_plugin_tutorial' for CMake config files
[21.967s] Level 1:colcon.colcon_core.shell:create_environment_hook('rviz_plugin_tutorial', 'cmake_prefix_path')
[21.968s] INFO:colcon.colcon_core.shell:Creating environment hook '/home/ph/sixth_ws/install/rviz_plugin_tutorial/share/rviz_plugin_tutorial/hook/cmake_prefix_path.ps1'
[21.968s] INFO:colcon.colcon_core.shell:Creating environment descriptor '/home/ph/sixth_ws/install/rviz_plugin_tutorial/share/rviz_plugin_tutorial/hook/cmake_prefix_path.dsv'
[21.968s] INFO:colcon.colcon_core.shell:Creating environment hook '/home/ph/sixth_ws/install/rviz_plugin_tutorial/share/rviz_plugin_tutorial/hook/cmake_prefix_path.sh'
[21.969s] Level 1:colcon.colcon_core.environment:checking '/home/ph/sixth_ws/install/rviz_plugin_tutorial/lib'
[21.969s] Level 1:colcon.colcon_core.shell:create_environment_hook('rviz_plugin_tutorial', 'ld_library_path_lib')
[21.969s] INFO:colcon.colcon_core.shell:Creating environment hook '/home/ph/sixth_ws/install/rviz_plugin_tutorial/share/rviz_plugin_tutorial/hook/ld_library_path_lib.ps1'
[21.970s] INFO:colcon.colcon_core.shell:Creating environment descriptor '/home/ph/sixth_ws/install/rviz_plugin_tutorial/share/rviz_plugin_tutorial/hook/ld_library_path_lib.dsv'
[21.970s] INFO:colcon.colcon_core.shell:Creating environment hook '/home/ph/sixth_ws/install/rviz_plugin_tutorial/share/rviz_plugin_tutorial/hook/ld_library_path_lib.sh'
[21.970s] Level 1:colcon.colcon_core.environment:checking '/home/ph/sixth_ws/install/rviz_plugin_tutorial/bin'
[21.971s] Level 1:colcon.colcon_core.environment:checking '/home/ph/sixth_ws/install/rviz_plugin_tutorial/lib/pkgconfig/rviz_plugin_tutorial.pc'
[21.971s] Level 1:colcon.colcon_core.environment:checking '/home/ph/sixth_ws/install/rviz_plugin_tutorial/lib/python3.10/site-packages'
[21.971s] Level 1:colcon.colcon_core.environment:checking '/home/ph/sixth_ws/install/rviz_plugin_tutorial/bin'
[21.972s] INFO:colcon.colcon_core.shell:Creating package script '/home/ph/sixth_ws/install/rviz_plugin_tutorial/share/rviz_plugin_tutorial/package.ps1'
[21.973s] INFO:colcon.colcon_core.shell:Creating package descriptor '/home/ph/sixth_ws/install/rviz_plugin_tutorial/share/rviz_plugin_tutorial/package.dsv'
[21.974s] INFO:colcon.colcon_core.shell:Creating package script '/home/ph/sixth_ws/install/rviz_plugin_tutorial/share/rviz_plugin_tutorial/package.sh'
[21.975s] INFO:colcon.colcon_core.shell:Creating package script '/home/ph/sixth_ws/install/rviz_plugin_tutorial/share/rviz_plugin_tutorial/package.bash'
[21.975s] INFO:colcon.colcon_core.shell:Creating package script '/home/ph/sixth_ws/install/rviz_plugin_tutorial/share/rviz_plugin_tutorial/package.zsh'
[21.976s] Level 1:colcon.colcon_core.environment:create_file_with_runtime_dependencies(/home/ph/sixth_ws/install/rviz_plugin_tutorial/share/colcon-core/packages/rviz_plugin_tutorial)
[21.976s] DEBUG:colcon.colcon_parallel_executor.executor.parallel:closing loop
[21.976s] DEBUG:colcon.colcon_parallel_executor.executor.parallel:loop closed
[21.976s] DEBUG:colcon.colcon_parallel_executor.executor.parallel:run_until_complete finished with '0'
[21.976s] DEBUG:colcon.colcon_core.event_reactor:joining thread
[21.998s] INFO:colcon.colcon_core.plugin_system:Skipping extension 'colcon_notification.desktop_notification.terminal_notifier': Not used on non-Darwin systems
[21.998s] INFO:colcon.colcon_core.plugin_system:Skipping extension 'colcon_notification.desktop_notification.win32': Not used on non-Windows systems
[21.999s] INFO:colcon.colcon_notification.desktop_notification:Sending desktop notification using 'notify2'
[22.030s] DEBUG:colcon.colcon_core.event_reactor:joined thread
[22.030s] INFO:colcon.colcon_core.shell:Creating prefix script '/home/ph/sixth_ws/install/local_setup.ps1'
[22.032s] INFO:colcon.colcon_core.shell:Creating prefix util module '/home/ph/sixth_ws/install/_local_setup_util_ps1.py'
[22.036s] INFO:colcon.colcon_core.shell:Creating prefix chain script '/home/ph/sixth_ws/install/setup.ps1'
[22.039s] INFO:colcon.colcon_core.shell:Creating prefix script '/home/ph/sixth_ws/install/local_setup.sh'
[22.040s] INFO:colcon.colcon_core.shell:Creating prefix util module '/home/ph/sixth_ws/install/_local_setup_util_sh.py'
[22.041s] INFO:colcon.colcon_core.shell:Creating prefix chain script '/home/ph/sixth_ws/install/setup.sh'
[22.043s] INFO:colcon.colcon_core.shell:Creating prefix script '/home/ph/sixth_ws/install/local_setup.bash'
[22.044s] INFO:colcon.colcon_core.shell:Creating prefix chain script '/home/ph/sixth_ws/install/setup.bash'
[22.046s] INFO:colcon.colcon_core.shell:Creating prefix script '/home/ph/sixth_ws/install/local_setup.zsh'
[22.048s] INFO:colcon.colcon_core.shell:Creating prefix chain script '/home/ph/sixth_ws/install/setup.zsh'
