[0.043s] Invoking command in '/home/ph/ros2_firstw/build/action_tutorials_interfaces': CMAKE_PREFIX_PATH=${CMAKE_PREFIX_PATH}:/opt/ros/humble /usr/bin/cmake --build /home/ph/ros2_firstw/build/action_tutorials_interfaces -- -j8 -l8
[0.163s] [  3%] Built target action_tutorials_interfaces__cpp
[0.189s] [ 12%] Built target action_tutorials_interfaces__rosidl_generator_c
[0.256s] [ 12%] Built target ament_cmake_python_copy_action_tutorials_interfaces
[0.301s] [ 22%] Built target action_tutorials_interfaces__rosidl_typesupport_introspection_cpp
[0.316s] [ 32%] Built target action_tutorials_interfaces__rosidl_typesupport_fastrtps_c
[0.327s] [ 41%] Built target action_tutorials_interfaces__rosidl_typesupport_cpp
[0.355s] [ 51%] Built target action_tutorials_interfaces__rosidl_typesupport_c
[0.357s] [ 61%] Built target action_tutorials_interfaces__rosidl_typesupport_fastrtps_cpp
[0.380s] [ 70%] Built target action_tutorials_interfaces__rosidl_typesupport_introspection_c
[0.497s] [ 70%] Built target action_tutorials_interfaces
[0.587s] [ 74%] Built target action_tutorials_interfaces__py
[0.685s] [ 80%] Built target action_tutorials_interfaces__rosidl_generator_py
[0.750s] [ 87%] Built target action_tutorials_interfaces__rosidl_typesupport_fastrtps_c__pyext
[0.750s] [ 93%] Built target action_tutorials_interfaces__rosidl_typesupport_introspection_c__pyext
[0.754s] [100%] Built target action_tutorials_interfaces__rosidl_typesupport_c__pyext
[0.986s] running egg_info
[0.987s] writing action_tutorials_interfaces.egg-info/PKG-INFO
[0.987s] writing dependency_links to action_tutorials_interfaces.egg-info/dependency_links.txt
[0.988s] writing top-level names to action_tutorials_interfaces.egg-info/top_level.txt
[0.993s] reading manifest file 'action_tutorials_interfaces.egg-info/SOURCES.txt'
[0.994s] writing manifest file 'action_tutorials_interfaces.egg-info/SOURCES.txt'
[1.059s] [100%] Built target ament_cmake_python_build_action_tutorials_interfaces_egg
