[0.015s] Invoking command in '/home/ph/fifth_ws/src/build/urdf_tutorial_cpp': CMAKE_PREFIX_PATH=/home/ph/fifth_ws/src/install/urdf_tutorial_cpp:/opt/ros/humble:/home/ph/fourth_ws/install/urdf_sim_tutorial:/home/ph/fourth_ws/install/urdf_tutorial:/home/ph/fourth_ws/install/urdf_launch /usr/bin/cmake --build /home/ph/fifth_ws/src/build/urdf_tutorial_cpp -- -j8 -l8
[0.103s] [100%] Built target urdf_tutorial_cpp
[0.122s] Invoked command in '/home/ph/fifth_ws/src/build/urdf_tutorial_cpp' returned '0': CMAKE_PREFIX_PATH=/home/ph/fifth_ws/src/install/urdf_tutorial_cpp:/opt/ros/humble:/home/ph/fourth_ws/install/urdf_sim_tutorial:/home/ph/fourth_ws/install/urdf_tutorial:/home/ph/fourth_ws/install/urdf_launch /usr/bin/cmake --build /home/ph/fifth_ws/src/build/urdf_tutorial_cpp -- -j8 -l8
[0.137s] Invoking command in '/home/ph/fifth_ws/src/build/urdf_tutorial_cpp': CMAKE_PREFIX_PATH=/home/ph/fifth_ws/src/install/urdf_tutorial_cpp:/opt/ros/humble:/home/ph/fourth_ws/install/urdf_sim_tutorial:/home/ph/fourth_ws/install/urdf_tutorial:/home/ph/fourth_ws/install/urdf_launch /usr/bin/cmake --install /home/ph/fifth_ws/src/build/urdf_tutorial_cpp
[0.149s] -- Install configuration: ""
[0.150s] -- Execute custom install script
[0.150s] -- Up-to-date symlink: /home/ph/fifth_ws/src/install/urdf_tutorial_cpp/lib/urdf_tutorial_cpp/urdf_tutorial_cpp
[0.151s] -- Up-to-date symlink: /home/ph/fifth_ws/src/install/urdf_tutorial_cpp/share/urdf_tutorial_cpp/launch/launch.py
[0.152s] -- Up-to-date symlink: /home/ph/fifth_ws/src/install/urdf_tutorial_cpp/share/urdf_tutorial_cpp/urdf/r2d2.rviz
[0.152s] -- Symlinking: /home/ph/fifth_ws/src/install/urdf_tutorial_cpp/share/urdf_tutorial_cpp/urdf/r2d2.urd.xml
[0.167s] -- Up-to-date symlink: /home/ph/fifth_ws/src/install/urdf_tutorial_cpp/share/urdf_tutorial_cpp/urdf/r2d2.urdf.xml
[0.167s] -- Up-to-date symlink: /home/ph/fifth_ws/src/install/urdf_tutorial_cpp/share/ament_index/resource_index/package_run_dependencies/urdf_tutorial_cpp
[0.167s] -- Up-to-date symlink: /home/ph/fifth_ws/src/install/urdf_tutorial_cpp/share/ament_index/resource_index/parent_prefix_path/urdf_tutorial_cpp
[0.167s] -- Up-to-date symlink: /home/ph/fifth_ws/src/install/urdf_tutorial_cpp/share/urdf_tutorial_cpp/environment/ament_prefix_path.sh
[0.168s] -- Up-to-date symlink: /home/ph/fifth_ws/src/install/urdf_tutorial_cpp/share/urdf_tutorial_cpp/environment/ament_prefix_path.dsv
[0.168s] -- Up-to-date symlink: /home/ph/fifth_ws/src/install/urdf_tutorial_cpp/share/urdf_tutorial_cpp/environment/path.sh
[0.168s] -- Up-to-date symlink: /home/ph/fifth_ws/src/install/urdf_tutorial_cpp/share/urdf_tutorial_cpp/environment/path.dsv
[0.168s] -- Up-to-date symlink: /home/ph/fifth_ws/src/install/urdf_tutorial_cpp/share/urdf_tutorial_cpp/local_setup.bash
[0.169s] -- Up-to-date symlink: /home/ph/fifth_ws/src/install/urdf_tutorial_cpp/share/urdf_tutorial_cpp/local_setup.sh
[0.169s] -- Up-to-date symlink: /home/ph/fifth_ws/src/install/urdf_tutorial_cpp/share/urdf_tutorial_cpp/local_setup.zsh
[0.169s] -- Up-to-date symlink: /home/ph/fifth_ws/src/install/urdf_tutorial_cpp/share/urdf_tutorial_cpp/local_setup.dsv
[0.169s] -- Symlinking: /home/ph/fifth_ws/src/install/urdf_tutorial_cpp/share/urdf_tutorial_cpp/package.dsv
[0.182s] -- Up-to-date symlink: /home/ph/fifth_ws/src/install/urdf_tutorial_cpp/share/ament_index/resource_index/packages/urdf_tutorial_cpp
[0.182s] -- Up-to-date symlink: /home/ph/fifth_ws/src/install/urdf_tutorial_cpp/share/urdf_tutorial_cpp/cmake/urdf_tutorial_cppConfig.cmake
[0.182s] -- Up-to-date symlink: /home/ph/fifth_ws/src/install/urdf_tutorial_cpp/share/urdf_tutorial_cpp/cmake/urdf_tutorial_cppConfig-version.cmake
[0.182s] -- Up-to-date symlink: /home/ph/fifth_ws/src/install/urdf_tutorial_cpp/share/urdf_tutorial_cpp/package.xml
[0.186s] Invoked command in '/home/ph/fifth_ws/src/build/urdf_tutorial_cpp' returned '0': CMAKE_PREFIX_PATH=/home/ph/fifth_ws/src/install/urdf_tutorial_cpp:/opt/ros/humble:/home/ph/fourth_ws/install/urdf_sim_tutorial:/home/ph/fourth_ws/install/urdf_tutorial:/home/ph/fourth_ws/install/urdf_launch /usr/bin/cmake --install /home/ph/fifth_ws/src/build/urdf_tutorial_cpp
