[0.024s] Invoking command in '/home/ph/ros2_firstw/build/cpp_srvcli': AMENT_PREFIX_PATH=/home/ph/ros2_firstw/install/tutorial_interfaces:${AMENT_PREFIX_PATH} CMAKE_PREFIX_PATH=/home/ph/ros2_firstw/install/tutorial_interfaces:/opt/ros/humble LD_LIBRARY_PATH=/home/ph/ros2_firstw/install/tutorial_interfaces/lib:${LD_LIBRARY_PATH} PYTHONPATH=/home/ph/ros2_firstw/install/tutorial_interfaces/local/lib/python3.10/dist-packages:${PYTHONPATH} /usr/bin/cmake --build /home/ph/ros2_firstw/build/cpp_srvcli -- -j8 -l8
[0.114s] [ 50%] Built target server
[0.116s] [100%] Built target client
[0.135s] Invoked command in '/home/ph/ros2_firstw/build/cpp_srvcli' returned '0': AMENT_PREFIX_PATH=/home/ph/ros2_firstw/install/tutorial_interfaces:${AMENT_PREFIX_PATH} CMAKE_PREFIX_PATH=/home/ph/ros2_firstw/install/tutorial_interfaces:/opt/ros/humble LD_LIBRARY_PATH=/home/ph/ros2_firstw/install/tutorial_interfaces/lib:${LD_LIBRARY_PATH} PYTHONPATH=/home/ph/ros2_firstw/install/tutorial_interfaces/local/lib/python3.10/dist-packages:${PYTHONPATH} /usr/bin/cmake --build /home/ph/ros2_firstw/build/cpp_srvcli -- -j8 -l8
[0.139s] Invoking command in '/home/ph/ros2_firstw/build/cpp_srvcli': AMENT_PREFIX_PATH=/home/ph/ros2_firstw/install/tutorial_interfaces:${AMENT_PREFIX_PATH} CMAKE_PREFIX_PATH=/home/ph/ros2_firstw/install/tutorial_interfaces:/opt/ros/humble LD_LIBRARY_PATH=/home/ph/ros2_firstw/install/tutorial_interfaces/lib:${LD_LIBRARY_PATH} PYTHONPATH=/home/ph/ros2_firstw/install/tutorial_interfaces/local/lib/python3.10/dist-packages:${PYTHONPATH} /usr/bin/cmake --install /home/ph/ros2_firstw/build/cpp_srvcli
[0.150s] -- Install configuration: ""
[0.151s] -- Up-to-date: /home/ph/ros2_firstw/install/cpp_srvcli/lib/cpp_srvcli/server
[0.151s] -- Up-to-date: /home/ph/ros2_firstw/install/cpp_srvcli/lib/cpp_srvcli/client
[0.152s] -- Up-to-date: /home/ph/ros2_firstw/install/cpp_srvcli/share/ament_index/resource_index/package_run_dependencies/cpp_srvcli
[0.152s] -- Up-to-date: /home/ph/ros2_firstw/install/cpp_srvcli/share/ament_index/resource_index/parent_prefix_path/cpp_srvcli
[0.152s] -- Up-to-date: /home/ph/ros2_firstw/install/cpp_srvcli/share/cpp_srvcli/environment/ament_prefix_path.sh
[0.152s] -- Up-to-date: /home/ph/ros2_firstw/install/cpp_srvcli/share/cpp_srvcli/environment/ament_prefix_path.dsv
[0.152s] -- Up-to-date: /home/ph/ros2_firstw/install/cpp_srvcli/share/cpp_srvcli/environment/path.sh
[0.152s] -- Up-to-date: /home/ph/ros2_firstw/install/cpp_srvcli/share/cpp_srvcli/environment/path.dsv
[0.153s] -- Up-to-date: /home/ph/ros2_firstw/install/cpp_srvcli/share/cpp_srvcli/local_setup.bash
[0.153s] -- Up-to-date: /home/ph/ros2_firstw/install/cpp_srvcli/share/cpp_srvcli/local_setup.sh
[0.153s] -- Up-to-date: /home/ph/ros2_firstw/install/cpp_srvcli/share/cpp_srvcli/local_setup.zsh
[0.153s] -- Up-to-date: /home/ph/ros2_firstw/install/cpp_srvcli/share/cpp_srvcli/local_setup.dsv
[0.153s] -- Installing: /home/ph/ros2_firstw/install/cpp_srvcli/share/cpp_srvcli/package.dsv
[0.153s] -- Up-to-date: /home/ph/ros2_firstw/install/cpp_srvcli/share/ament_index/resource_index/packages/cpp_srvcli
[0.153s] -- Up-to-date: /home/ph/ros2_firstw/install/cpp_srvcli/share/cpp_srvcli/cmake/cpp_srvcliConfig.cmake
[0.154s] -- Up-to-date: /home/ph/ros2_firstw/install/cpp_srvcli/share/cpp_srvcli/cmake/cpp_srvcliConfig-version.cmake
[0.154s] -- Up-to-date: /home/ph/ros2_firstw/install/cpp_srvcli/share/cpp_srvcli/package.xml
[0.167s] Invoked command in '/home/ph/ros2_firstw/build/cpp_srvcli' returned '0': AMENT_PREFIX_PATH=/home/ph/ros2_firstw/install/tutorial_interfaces:${AMENT_PREFIX_PATH} CMAKE_PREFIX_PATH=/home/ph/ros2_firstw/install/tutorial_interfaces:/opt/ros/humble LD_LIBRARY_PATH=/home/ph/ros2_firstw/install/tutorial_interfaces/lib:${LD_LIBRARY_PATH} PYTHONPATH=/home/ph/ros2_firstw/install/tutorial_interfaces/local/lib/python3.10/dist-packages:${PYTHONPATH} /usr/bin/cmake --install /home/ph/ros2_firstw/build/cpp_srvcli
