[0.019s] Invoking command in '/home/ph/ros2_firstw/build/cpp_srvcli': CMAKE_PREFIX_PATH=${CMAKE_PREFIX_PATH}:/opt/ros/humble /usr/bin/cmake --build /home/ph/ros2_firstw/build/cpp_srvcli -- -j8 -l8
[0.057s] -- Found ament_cmake: 1.3.12 (/opt/ros/humble/share/ament_cmake/cmake)
[0.247s] -- Found rclcpp: 16.0.15 (/opt/ros/humble/share/rclcpp/cmake)
[0.294s] -- Found rosidl_generator_c: 3.1.7 (/opt/ros/humble/share/rosidl_generator_c/cmake)
[0.297s] -- Found rosidl_adapter: 3.1.7 (/opt/ros/humble/share/rosidl_adapter/cmake)
[0.304s] -- Found rosidl_generator_cpp: 3.1.7 (/opt/ros/humble/share/rosidl_generator_cpp/cmake)
[0.315s] -- Using all available rosidl_typesupport_c: rosidl_typesupport_fastrtps_c;rosidl_typesupport_introspection_c
[0.329s] -- Using all available rosidl_typesupport_cpp: rosidl_typesupport_fastrtps_cpp;rosidl_typesupport_introspection_cpp
[0.366s] -- Found rmw_implementation_cmake: 6.1.2 (/opt/ros/humble/share/rmw_implementation_cmake/cmake)
[0.368s] -- Found rmw_fastrtps_cpp: 6.2.9 (/opt/ros/humble/share/rmw_fastrtps_cpp/cmake)
[0.500s] -- Using RMW implementation 'rmw_fastrtps_cpp' as default
[0.555s] -- Found tutorial_interfaces: 0.0.0 (/home/ph/ros2_firstw/install/tutorial_interfaces/share/tutorial_interfaces/cmake)
[0.692s] -- Configuring done
[0.697s] [31mCMake Error at CMakeLists.txt:8 (add_executable):
[0.697s]   Cannot find source file:
[0.697s] 
[0.698s]     src/add_three_ints_server.cpp
[0.698s] 
[0.698s]   Tried extensions .c .C .c++ .cc .cpp .cxx .cu .mpp .m .M .mm .ixx .cppm .h
[0.698s]   .hh .h++ .hm .hpp .hxx .in .txx .f .F .for .f77 .f90 .f95 .f03 .hip .ispc
[0.698s] 
[0.698s] [0m
[0.699s] [31mCMake Error at CMakeLists.txt:11 (add_executable):
[0.699s]   Cannot find source file:
[0.699s] 
[0.699s]     src/add_three_ints_client.cpp
[0.700s] 
[0.700s]   Tried extensions .c .C .c++ .cc .cpp .cxx .cu .mpp .m .M .mm .ixx .cppm .h
[0.700s]   .hh .h++ .hm .hpp .hxx .in .txx .f .F .for .f77 .f90 .f95 .f03 .hip .ispc
[0.700s] 
[0.700s] [0m
[0.700s] [31mCMake Error at CMakeLists.txt:8 (add_executable):
[0.700s]   No SOURCES given to target: server
[0.700s] 
[0.701s] [0m
[0.701s] [31mCMake Error at CMakeLists.txt:11 (add_executable):
[0.701s]   No SOURCES given to target: client
[0.701s] 
[0.701s] [0m
[0.701s] [0mCMake Generate step failed.  Build files cannot be regenerated correctly.[0m
[0.708s] gmake: *** [Makefile:308: cmake_check_build_system] Error 1
[0.711s] Invoked command in '/home/ph/ros2_firstw/build/cpp_srvcli' returned '2': CMAKE_PREFIX_PATH=${CMAKE_PREFIX_PATH}:/opt/ros/humble /usr/bin/cmake --build /home/ph/ros2_firstw/build/cpp_srvcli -- -j8 -l8
