[0.018s] Invoking command in '/home/ph/seventh_ws/build/rviz_panel_tutorial': CMAKE_PREFIX_PATH=/home/ph/seventh_ws/install/rviz_panel_tutorial:/home/ph/sixth_ws/install/rviz_plugin_tutorial:/home/ph/sixth_ws/install/rviz_plugin_tutorial_msgs:/home/ph/fifth_ws/src/install/urdf_tutorial_cpp:/opt/ros/humble:/home/ph/fourth_ws/install/urdf_sim_tutorial:/home/ph/fourth_ws/install/urdf_tutorial:/home/ph/fourth_ws/install/urdf_launch /usr/bin/cmake --build /home/ph/seventh_ws/build/rviz_panel_tutorial -- -j8 -l8
[0.111s] [ 16%] [34m[1mAutomatic MOC for target demo_panel[0m
[0.148s] [ 16%] Built target demo_panel_autogen
[0.167s] [35m[1mConsolidate compiler generated dependencies of target demo_panel[0m
[0.206s] [100%] Built target demo_panel
[0.228s] Invoked command in '/home/ph/seventh_ws/build/rviz_panel_tutorial' returned '0': CMAKE_PREFIX_PATH=/home/ph/seventh_ws/install/rviz_panel_tutorial:/home/ph/sixth_ws/install/rviz_plugin_tutorial:/home/ph/sixth_ws/install/rviz_plugin_tutorial_msgs:/home/ph/fifth_ws/src/install/urdf_tutorial_cpp:/opt/ros/humble:/home/ph/fourth_ws/install/urdf_sim_tutorial:/home/ph/fourth_ws/install/urdf_tutorial:/home/ph/fourth_ws/install/urdf_launch /usr/bin/cmake --build /home/ph/seventh_ws/build/rviz_panel_tutorial -- -j8 -l8
[0.243s] Invoking command in '/home/ph/seventh_ws/build/rviz_panel_tutorial': CMAKE_PREFIX_PATH=/home/ph/seventh_ws/install/rviz_panel_tutorial:/home/ph/sixth_ws/install/rviz_plugin_tutorial:/home/ph/sixth_ws/install/rviz_plugin_tutorial_msgs:/home/ph/fifth_ws/src/install/urdf_tutorial_cpp:/opt/ros/humble:/home/ph/fourth_ws/install/urdf_sim_tutorial:/home/ph/fourth_ws/install/urdf_tutorial:/home/ph/fourth_ws/install/urdf_launch /usr/bin/cmake --install /home/ph/seventh_ws/build/rviz_panel_tutorial
[0.255s] -- Install configuration: ""
[0.255s] -- Up-to-date: /home/ph/seventh_ws/install/rviz_panel_tutorial/lib/libdemo_panel.so
[0.255s] -- Up-to-date: /home/ph/seventh_ws/install/rviz_panel_tutorial/include
[0.255s] -- Up-to-date: /home/ph/seventh_ws/install/rviz_panel_tutorial/include/rviz_panel_tutorial
[0.255s] -- Up-to-date: /home/ph/seventh_ws/install/rviz_panel_tutorial/include/rviz_panel_tutorial/demo_panel.hpp
[0.255s] -- Up-to-date: /home/ph/seventh_ws/install/rviz_panel_tutorial/share/rviz_panel_tutorial/rviz_common_plugins.xml
[0.256s] -- Installing: /home/ph/seventh_ws/install/rviz_panel_tutorial/share/rviz_panel_tutorial/icons/classes/DemoPanel.png
[0.256s] -- Up-to-date: /home/ph/seventh_ws/install/rviz_panel_tutorial/share/rviz_panel_tutorial/rviz_common_plugins.xml
[0.256s] -- Up-to-date: /home/ph/seventh_ws/install/rviz_panel_tutorial/share/ament_index/resource_index/package_run_dependencies/rviz_panel_tutorial
[0.256s] -- Up-to-date: /home/ph/seventh_ws/install/rviz_panel_tutorial/share/ament_index/resource_index/parent_prefix_path/rviz_panel_tutorial
[0.256s] -- Up-to-date: /home/ph/seventh_ws/install/rviz_panel_tutorial/share/rviz_panel_tutorial/environment/ament_prefix_path.sh
[0.256s] -- Up-to-date: /home/ph/seventh_ws/install/rviz_panel_tutorial/share/rviz_panel_tutorial/environment/ament_prefix_path.dsv
[0.256s] -- Up-to-date: /home/ph/seventh_ws/install/rviz_panel_tutorial/share/rviz_panel_tutorial/environment/path.sh
[0.256s] -- Up-to-date: /home/ph/seventh_ws/install/rviz_panel_tutorial/share/rviz_panel_tutorial/environment/path.dsv
[0.257s] -- Up-to-date: /home/ph/seventh_ws/install/rviz_panel_tutorial/share/rviz_panel_tutorial/local_setup.bash
[0.257s] -- Up-to-date: /home/ph/seventh_ws/install/rviz_panel_tutorial/share/rviz_panel_tutorial/local_setup.sh
[0.257s] -- Up-to-date: /home/ph/seventh_ws/install/rviz_panel_tutorial/share/rviz_panel_tutorial/local_setup.zsh
[0.257s] -- Up-to-date: /home/ph/seventh_ws/install/rviz_panel_tutorial/share/rviz_panel_tutorial/local_setup.dsv
[0.257s] -- Installing: /home/ph/seventh_ws/install/rviz_panel_tutorial/share/rviz_panel_tutorial/package.dsv
[0.257s] -- Up-to-date: /home/ph/seventh_ws/install/rviz_panel_tutorial/share/ament_index/resource_index/packages/rviz_panel_tutorial
[0.257s] -- Up-to-date: /home/ph/seventh_ws/install/rviz_panel_tutorial/share/ament_index/resource_index/rviz_common__pluginlib__plugin/rviz_panel_tutorial
[0.257s] -- Up-to-date: /home/ph/seventh_ws/install/rviz_panel_tutorial/share/rviz_panel_tutorial/cmake/export_rviz_panel_tutorialExport.cmake
[0.257s] -- Up-to-date: /home/ph/seventh_ws/install/rviz_panel_tutorial/share/rviz_panel_tutorial/cmake/export_rviz_panel_tutorialExport-noconfig.cmake
[0.258s] -- Up-to-date: /home/ph/seventh_ws/install/rviz_panel_tutorial/share/rviz_panel_tutorial/cmake/ament_cmake_export_include_directories-extras.cmake
[0.258s] -- Up-to-date: /home/ph/seventh_ws/install/rviz_panel_tutorial/share/rviz_panel_tutorial/cmake/ament_cmake_export_targets-extras.cmake
[0.258s] -- Up-to-date: /home/ph/seventh_ws/install/rviz_panel_tutorial/share/rviz_panel_tutorial/cmake/rviz_panel_tutorialConfig.cmake
[0.258s] -- Up-to-date: /home/ph/seventh_ws/install/rviz_panel_tutorial/share/rviz_panel_tutorial/cmake/rviz_panel_tutorialConfig-version.cmake
[0.258s] -- Up-to-date: /home/ph/seventh_ws/install/rviz_panel_tutorial/share/rviz_panel_tutorial/package.xml
[0.260s] Invoked command in '/home/ph/seventh_ws/build/rviz_panel_tutorial' returned '0': CMAKE_PREFIX_PATH=/home/ph/seventh_ws/install/rviz_panel_tutorial:/home/ph/sixth_ws/install/rviz_plugin_tutorial:/home/ph/sixth_ws/install/rviz_plugin_tutorial_msgs:/home/ph/fifth_ws/src/install/urdf_tutorial_cpp:/opt/ros/humble:/home/ph/fourth_ws/install/urdf_sim_tutorial:/home/ph/fourth_ws/install/urdf_tutorial:/home/ph/fourth_ws/install/urdf_launch /usr/bin/cmake --install /home/ph/seventh_ws/build/rviz_panel_tutorial
