[0.153s] DEBUG:colcon:Command line arguments: ['/usr/bin/colcon', 'build', '--packages-select', 'learning_tf2_cpp']
[0.153s] DEBUG:colcon:Parsed command line arguments: Namespace(log_base=None, log_level=None, verb_name='build', build_base='build', install_base='install', merge_install=False, symlink_install=False, test_result_base=None, continue_on_error=False, executor='parallel', parallel_workers=8, event_handlers=None, ignore_user_meta=False, metas=['./colcon.meta'], base_paths=['.'], packages_ignore=None, packages_ignore_regex=None, paths=None, packages_up_to=None, packages_up_to_regex=None, packages_above=None, packages_above_and_dependencies=None, packages_above_depth=None, packages_select_by_dep=None, packages_skip_by_dep=None, packages_skip_up_to=None, packages_select_build_failed=False, packages_skip_build_finished=False, packages_select_test_failures=False, packages_skip_test_passed=False, packages_select=['learning_tf2_cpp'], packages_skip=None, packages_select_regex=None, packages_skip_regex=None, packages_start=None, packages_end=None, allow_overriding=[], cmake_args=None, cmake_target=None, cmake_target_skip_unavailable=False, cmake_clean_cache=False, cmake_clean_first=False, cmake_force_configure=False, ament_cmake_args=None, catkin_cmake_args=None, catkin_skip_building_tests=False, mixin_files=None, mixin=None, verb_parser=<colcon_mixin.mixin.mixin_argument.MixinArgumentDecorator object at 0x787b9d963a90>, verb_extension=<colcon_core.verb.build.BuildVerb object at 0x787b9d9630a0>, main=<bound method BuildVerb.main of <colcon_core.verb.build.BuildVerb object at 0x787b9d9630a0>>, mixin_verb=('build',))
[0.388s] Level 1:colcon.colcon_core.package_discovery:discover_packages(colcon_meta) check parameters
[0.388s] Level 1:colcon.colcon_core.package_discovery:discover_packages(recursive) check parameters
[0.389s] Level 1:colcon.colcon_core.package_discovery:discover_packages(ignore) check parameters
[0.389s] Level 1:colcon.colcon_core.package_discovery:discover_packages(path) check parameters
[0.389s] Level 1:colcon.colcon_core.package_discovery:discover_packages(colcon_meta) discover
[0.389s] Level 1:colcon.colcon_core.package_discovery:discover_packages(recursive) discover
[0.389s] INFO:colcon.colcon_core.package_discovery:Crawling recursively for packages in '/home/ph/third_ws'
[0.389s] Level 1:colcon.colcon_core.package_identification:_identify(.) by extensions ['ignore', 'ignore_ament_install']
[0.389s] Level 1:colcon.colcon_core.package_identification:_identify(.) by extension 'ignore'
[0.389s] Level 1:colcon.colcon_core.package_identification:_identify(.) by extension 'ignore_ament_install'
[0.389s] Level 1:colcon.colcon_core.package_identification:_identify(.) by extensions ['colcon_pkg']
[0.389s] Level 1:colcon.colcon_core.package_identification:_identify(.) by extension 'colcon_pkg'
[0.389s] Level 1:colcon.colcon_core.package_identification:_identify(.) by extensions ['colcon_meta']
[0.389s] Level 1:colcon.colcon_core.package_identification:_identify(.) by extension 'colcon_meta'
[0.389s] Level 1:colcon.colcon_core.package_identification:_identify(.) by extensions ['ros']
[0.389s] Level 1:colcon.colcon_core.package_identification:_identify(.) by extension 'ros'
[0.404s] Level 1:colcon.colcon_core.package_identification:_identify(.) by extensions ['cmake', 'python']
[0.405s] Level 1:colcon.colcon_core.package_identification:_identify(.) by extension 'cmake'
[0.405s] Level 1:colcon.colcon_core.package_identification:_identify(.) by extension 'python'
[0.405s] Level 1:colcon.colcon_core.package_identification:_identify(.) by extensions ['python_setup_py']
[0.405s] Level 1:colcon.colcon_core.package_identification:_identify(.) by extension 'python_setup_py'
[0.405s] Level 1:colcon.colcon_core.package_identification:_identify(build) by extensions ['ignore', 'ignore_ament_install']
[0.405s] Level 1:colcon.colcon_core.package_identification:_identify(build) by extension 'ignore'
[0.405s] Level 1:colcon.colcon_core.package_identification:_identify(build) ignored
[0.405s] Level 1:colcon.colcon_core.package_identification:_identify(install) by extensions ['ignore', 'ignore_ament_install']
[0.405s] Level 1:colcon.colcon_core.package_identification:_identify(install) by extension 'ignore'
[0.405s] Level 1:colcon.colcon_core.package_identification:_identify(install) ignored
[0.405s] Level 1:colcon.colcon_core.package_identification:_identify(log) by extensions ['ignore', 'ignore_ament_install']
[0.406s] Level 1:colcon.colcon_core.package_identification:_identify(log) by extension 'ignore'
[0.406s] Level 1:colcon.colcon_core.package_identification:_identify(log) ignored
[0.406s] Level 1:colcon.colcon_core.package_identification:_identify(src) by extensions ['ignore', 'ignore_ament_install']
[0.406s] Level 1:colcon.colcon_core.package_identification:_identify(src) by extension 'ignore'
[0.406s] Level 1:colcon.colcon_core.package_identification:_identify(src) by extension 'ignore_ament_install'
[0.406s] Level 1:colcon.colcon_core.package_identification:_identify(src) by extensions ['colcon_pkg']
[0.406s] Level 1:colcon.colcon_core.package_identification:_identify(src) by extension 'colcon_pkg'
[0.406s] Level 1:colcon.colcon_core.package_identification:_identify(src) by extensions ['colcon_meta']
[0.406s] Level 1:colcon.colcon_core.package_identification:_identify(src) by extension 'colcon_meta'
[0.406s] Level 1:colcon.colcon_core.package_identification:_identify(src) by extensions ['ros']
[0.406s] Level 1:colcon.colcon_core.package_identification:_identify(src) by extension 'ros'
[0.406s] Level 1:colcon.colcon_core.package_identification:_identify(src) by extensions ['cmake', 'python']
[0.406s] Level 1:colcon.colcon_core.package_identification:_identify(src) by extension 'cmake'
[0.407s] Level 1:colcon.colcon_core.package_identification:_identify(src) by extension 'python'
[0.407s] Level 1:colcon.colcon_core.package_identification:_identify(src) by extensions ['python_setup_py']
[0.407s] Level 1:colcon.colcon_core.package_identification:_identify(src) by extension 'python_setup_py'
[0.407s] Level 1:colcon.colcon_core.package_identification:_identify(src/learning_tf2_cpp) by extensions ['ignore', 'ignore_ament_install']
[0.407s] Level 1:colcon.colcon_core.package_identification:_identify(src/learning_tf2_cpp) by extension 'ignore'
[0.407s] Level 1:colcon.colcon_core.package_identification:_identify(src/learning_tf2_cpp) by extension 'ignore_ament_install'
[0.407s] Level 1:colcon.colcon_core.package_identification:_identify(src/learning_tf2_cpp) by extensions ['colcon_pkg']
[0.407s] Level 1:colcon.colcon_core.package_identification:_identify(src/learning_tf2_cpp) by extension 'colcon_pkg'
[0.407s] Level 1:colcon.colcon_core.package_identification:_identify(src/learning_tf2_cpp) by extensions ['colcon_meta']
[0.407s] Level 1:colcon.colcon_core.package_identification:_identify(src/learning_tf2_cpp) by extension 'colcon_meta'
[0.407s] Level 1:colcon.colcon_core.package_identification:_identify(src/learning_tf2_cpp) by extensions ['ros']
[0.407s] Level 1:colcon.colcon_core.package_identification:_identify(src/learning_tf2_cpp) by extension 'ros'
[0.426s] DEBUG:colcon.colcon_core.package_identification:Package 'src/learning_tf2_cpp' with type 'ros.ament_cmake' and name 'learning_tf2_cpp'
[0.426s] Level 1:colcon.colcon_core.package_identification:_identify(src/learning_tf2_py) by extensions ['ignore', 'ignore_ament_install']
[0.426s] Level 1:colcon.colcon_core.package_identification:_identify(src/learning_tf2_py) by extension 'ignore'
[0.426s] Level 1:colcon.colcon_core.package_identification:_identify(src/learning_tf2_py) by extension 'ignore_ament_install'
[0.426s] Level 1:colcon.colcon_core.package_identification:_identify(src/learning_tf2_py) by extensions ['colcon_pkg']
[0.426s] Level 1:colcon.colcon_core.package_identification:_identify(src/learning_tf2_py) by extension 'colcon_pkg'
[0.426s] Level 1:colcon.colcon_core.package_identification:_identify(src/learning_tf2_py) by extensions ['colcon_meta']
[0.427s] Level 1:colcon.colcon_core.package_identification:_identify(src/learning_tf2_py) by extension 'colcon_meta'
[0.427s] Level 1:colcon.colcon_core.package_identification:_identify(src/learning_tf2_py) by extensions ['ros']
[0.427s] Level 1:colcon.colcon_core.package_identification:_identify(src/learning_tf2_py) by extension 'ros'
[0.427s] DEBUG:colcon.colcon_core.package_identification:Package 'src/learning_tf2_py' with type 'ros.ament_python' and name 'learning_tf2_py'
[0.428s] Level 1:colcon.colcon_core.package_discovery:discover_packages(recursive) using defaults
[0.428s] Level 1:colcon.colcon_core.package_discovery:discover_packages(ignore) discover
[0.428s] Level 1:colcon.colcon_core.package_discovery:discover_packages(ignore) using defaults
[0.428s] Level 1:colcon.colcon_core.package_discovery:discover_packages(path) discover
[0.428s] Level 1:colcon.colcon_core.package_discovery:discover_packages(path) using defaults
[0.453s] INFO:colcon.colcon_core.package_selection:Skipping not selected package 'learning_tf2_py' in 'src/learning_tf2_py'
[0.453s] Level 1:colcon.colcon_core.package_discovery:discover_packages(prefix_path) check parameters
[0.453s] Level 1:colcon.colcon_core.package_discovery:discover_packages(prefix_path) discover
[0.456s] DEBUG:colcon.colcon_installed_package_information.package_discovery:Found 2 installed packages in /home/ph/third_ws/install
[0.456s] DEBUG:colcon.colcon_installed_package_information.package_discovery:Found 3 installed packages in /home/ph/launch_ws/install
[0.459s] DEBUG:colcon.colcon_installed_package_information.package_discovery:Found 324 installed packages in /opt/ros/humble
[0.461s] Level 1:colcon.colcon_core.package_discovery:discover_packages(prefix_path) using defaults
[0.519s] Level 5:colcon.colcon_core.verb:set package 'learning_tf2_cpp' build argument 'cmake_args' from command line to 'None'
[0.519s] Level 5:colcon.colcon_core.verb:set package 'learning_tf2_cpp' build argument 'cmake_target' from command line to 'None'
[0.519s] Level 5:colcon.colcon_core.verb:set package 'learning_tf2_cpp' build argument 'cmake_target_skip_unavailable' from command line to 'False'
[0.519s] Level 5:colcon.colcon_core.verb:set package 'learning_tf2_cpp' build argument 'cmake_clean_cache' from command line to 'False'
[0.519s] Level 5:colcon.colcon_core.verb:set package 'learning_tf2_cpp' build argument 'cmake_clean_first' from command line to 'False'
[0.519s] Level 5:colcon.colcon_core.verb:set package 'learning_tf2_cpp' build argument 'cmake_force_configure' from command line to 'False'
[0.519s] Level 5:colcon.colcon_core.verb:set package 'learning_tf2_cpp' build argument 'ament_cmake_args' from command line to 'None'
[0.519s] Level 5:colcon.colcon_core.verb:set package 'learning_tf2_cpp' build argument 'catkin_cmake_args' from command line to 'None'
[0.519s] Level 5:colcon.colcon_core.verb:set package 'learning_tf2_cpp' build argument 'catkin_skip_building_tests' from command line to 'False'
[0.519s] DEBUG:colcon.colcon_core.verb:Building package 'learning_tf2_cpp' with the following arguments: {'ament_cmake_args': None, 'build_base': '/home/ph/third_ws/build/learning_tf2_cpp', 'catkin_cmake_args': None, 'catkin_skip_building_tests': False, 'cmake_args': None, 'cmake_clean_cache': False, 'cmake_clean_first': False, 'cmake_force_configure': False, 'cmake_target': None, 'cmake_target_skip_unavailable': False, 'install_base': '/home/ph/third_ws/install/learning_tf2_cpp', 'merge_install': False, 'path': '/home/ph/third_ws/src/learning_tf2_cpp', 'symlink_install': False, 'test_result_base': None}
[0.519s] INFO:colcon.colcon_core.executor:Executing jobs using 'parallel' executor
[0.521s] DEBUG:colcon.colcon_parallel_executor.executor.parallel:run_until_complete
[0.521s] INFO:colcon.colcon_ros.task.ament_cmake.build:Building ROS package in '/home/ph/third_ws/src/learning_tf2_cpp' with build type 'ament_cmake'
[0.521s] INFO:colcon.colcon_cmake.task.cmake.build:Building CMake package in '/home/ph/third_ws/src/learning_tf2_cpp'
[0.524s] INFO:colcon.colcon_core.plugin_system:Skipping extension 'colcon_core.shell.bat': Not used on non-Windows systems
[0.524s] INFO:colcon.colcon_core.shell:Skip shell extension 'powershell' for command environment: Not usable outside of PowerShell
[0.524s] DEBUG:colcon.colcon_core.shell:Skip shell extension 'dsv' for command environment
[0.540s] DEBUG:colcon.colcon_core.event_handler.log_command:Invoking command in '/home/ph/third_ws/build/learning_tf2_cpp': CMAKE_PREFIX_PATH=${CMAKE_PREFIX_PATH}:/home/ph/third_ws/install/learning_tf2_py:/home/ph/launch_ws/install/py_launch_example:/opt/ros/humble /usr/bin/cmake --build /home/ph/third_ws/build/learning_tf2_cpp -- -j8 -l8
[12.847s] DEBUG:colcon.colcon_core.event_handler.log_command:Invoked command in '/home/ph/third_ws/build/learning_tf2_cpp' returned '0': CMAKE_PREFIX_PATH=${CMAKE_PREFIX_PATH}:/home/ph/third_ws/install/learning_tf2_py:/home/ph/launch_ws/install/py_launch_example:/opt/ros/humble /usr/bin/cmake --build /home/ph/third_ws/build/learning_tf2_cpp -- -j8 -l8
[12.875s] DEBUG:colcon.colcon_core.event_handler.log_command:Invoking command in '/home/ph/third_ws/build/learning_tf2_cpp': CMAKE_PREFIX_PATH=${CMAKE_PREFIX_PATH}:/home/ph/third_ws/install/learning_tf2_py:/home/ph/launch_ws/install/py_launch_example:/opt/ros/humble /usr/bin/cmake --install /home/ph/third_ws/build/learning_tf2_cpp
[12.896s] Level 1:colcon.colcon_core.environment:create_environment_scripts_only(learning_tf2_cpp)
[12.896s] DEBUG:colcon.colcon_core.event_handler.log_command:Invoked command in '/home/ph/third_ws/build/learning_tf2_cpp' returned '0': CMAKE_PREFIX_PATH=${CMAKE_PREFIX_PATH}:/home/ph/third_ws/install/learning_tf2_py:/home/ph/launch_ws/install/py_launch_example:/opt/ros/humble /usr/bin/cmake --install /home/ph/third_ws/build/learning_tf2_cpp
[12.904s] Level 1:colcon.colcon_core.environment:checking '/home/ph/third_ws/install/learning_tf2_cpp' for CMake module files
[12.906s] Level 1:colcon.colcon_core.environment:checking '/home/ph/third_ws/install/learning_tf2_cpp' for CMake config files
[12.907s] Level 1:colcon.colcon_core.shell:create_environment_hook('learning_tf2_cpp', 'cmake_prefix_path')
[12.908s] INFO:colcon.colcon_core.shell:Creating environment hook '/home/ph/third_ws/install/learning_tf2_cpp/share/learning_tf2_cpp/hook/cmake_prefix_path.ps1'
[12.911s] INFO:colcon.colcon_core.shell:Creating environment descriptor '/home/ph/third_ws/install/learning_tf2_cpp/share/learning_tf2_cpp/hook/cmake_prefix_path.dsv'
[12.913s] INFO:colcon.colcon_core.shell:Creating environment hook '/home/ph/third_ws/install/learning_tf2_cpp/share/learning_tf2_cpp/hook/cmake_prefix_path.sh'
[12.916s] Level 1:colcon.colcon_core.environment:checking '/home/ph/third_ws/install/learning_tf2_cpp/lib'
[12.916s] Level 1:colcon.colcon_core.environment:checking '/home/ph/third_ws/install/learning_tf2_cpp/bin'
[12.916s] Level 1:colcon.colcon_core.environment:checking '/home/ph/third_ws/install/learning_tf2_cpp/lib/pkgconfig/learning_tf2_cpp.pc'
[12.917s] Level 1:colcon.colcon_core.environment:checking '/home/ph/third_ws/install/learning_tf2_cpp/lib/python3.10/site-packages'
[12.918s] Level 1:colcon.colcon_core.environment:checking '/home/ph/third_ws/install/learning_tf2_cpp/bin'
[12.920s] INFO:colcon.colcon_core.shell:Creating package script '/home/ph/third_ws/install/learning_tf2_cpp/share/learning_tf2_cpp/package.ps1'
[12.923s] INFO:colcon.colcon_core.shell:Creating package descriptor '/home/ph/third_ws/install/learning_tf2_cpp/share/learning_tf2_cpp/package.dsv'
[12.925s] INFO:colcon.colcon_core.shell:Creating package script '/home/ph/third_ws/install/learning_tf2_cpp/share/learning_tf2_cpp/package.sh'
[12.926s] INFO:colcon.colcon_core.shell:Creating package script '/home/ph/third_ws/install/learning_tf2_cpp/share/learning_tf2_cpp/package.bash'
[12.928s] INFO:colcon.colcon_core.shell:Creating package script '/home/ph/third_ws/install/learning_tf2_cpp/share/learning_tf2_cpp/package.zsh'
[12.929s] Level 1:colcon.colcon_core.environment:create_file_with_runtime_dependencies(/home/ph/third_ws/install/learning_tf2_cpp/share/colcon-core/packages/learning_tf2_cpp)
[12.929s] Level 1:colcon.colcon_core.environment:create_environment_scripts_only(learning_tf2_cpp)
[12.930s] Level 1:colcon.colcon_core.environment:checking '/home/ph/third_ws/install/learning_tf2_cpp' for CMake module files
[12.930s] Level 1:colcon.colcon_core.environment:checking '/home/ph/third_ws/install/learning_tf2_cpp' for CMake config files
[12.930s] Level 1:colcon.colcon_core.shell:create_environment_hook('learning_tf2_cpp', 'cmake_prefix_path')
[12.931s] INFO:colcon.colcon_core.shell:Creating environment hook '/home/ph/third_ws/install/learning_tf2_cpp/share/learning_tf2_cpp/hook/cmake_prefix_path.ps1'
[12.931s] INFO:colcon.colcon_core.shell:Creating environment descriptor '/home/ph/third_ws/install/learning_tf2_cpp/share/learning_tf2_cpp/hook/cmake_prefix_path.dsv'
[12.931s] INFO:colcon.colcon_core.shell:Creating environment hook '/home/ph/third_ws/install/learning_tf2_cpp/share/learning_tf2_cpp/hook/cmake_prefix_path.sh'
[12.932s] Level 1:colcon.colcon_core.environment:checking '/home/ph/third_ws/install/learning_tf2_cpp/lib'
[12.932s] Level 1:colcon.colcon_core.environment:checking '/home/ph/third_ws/install/learning_tf2_cpp/bin'
[12.932s] Level 1:colcon.colcon_core.environment:checking '/home/ph/third_ws/install/learning_tf2_cpp/lib/pkgconfig/learning_tf2_cpp.pc'
[12.932s] Level 1:colcon.colcon_core.environment:checking '/home/ph/third_ws/install/learning_tf2_cpp/lib/python3.10/site-packages'
[12.933s] Level 1:colcon.colcon_core.environment:checking '/home/ph/third_ws/install/learning_tf2_cpp/bin'
[12.933s] INFO:colcon.colcon_core.shell:Creating package script '/home/ph/third_ws/install/learning_tf2_cpp/share/learning_tf2_cpp/package.ps1'
[12.934s] INFO:colcon.colcon_core.shell:Creating package descriptor '/home/ph/third_ws/install/learning_tf2_cpp/share/learning_tf2_cpp/package.dsv'
[12.934s] INFO:colcon.colcon_core.shell:Creating package script '/home/ph/third_ws/install/learning_tf2_cpp/share/learning_tf2_cpp/package.sh'
[12.935s] INFO:colcon.colcon_core.shell:Creating package script '/home/ph/third_ws/install/learning_tf2_cpp/share/learning_tf2_cpp/package.bash'
[12.936s] INFO:colcon.colcon_core.shell:Creating package script '/home/ph/third_ws/install/learning_tf2_cpp/share/learning_tf2_cpp/package.zsh'
[12.937s] Level 1:colcon.colcon_core.environment:create_file_with_runtime_dependencies(/home/ph/third_ws/install/learning_tf2_cpp/share/colcon-core/packages/learning_tf2_cpp)
[12.938s] DEBUG:colcon.colcon_parallel_executor.executor.parallel:closing loop
[12.938s] DEBUG:colcon.colcon_parallel_executor.executor.parallel:loop closed
[12.938s] DEBUG:colcon.colcon_parallel_executor.executor.parallel:run_until_complete finished with '0'
[12.938s] DEBUG:colcon.colcon_core.event_reactor:joining thread
[12.953s] INFO:colcon.colcon_core.plugin_system:Skipping extension 'colcon_notification.desktop_notification.terminal_notifier': Not used on non-Darwin systems
[12.954s] INFO:colcon.colcon_core.plugin_system:Skipping extension 'colcon_notification.desktop_notification.win32': Not used on non-Windows systems
[12.954s] INFO:colcon.colcon_notification.desktop_notification:Sending desktop notification using 'notify2'
[12.984s] DEBUG:colcon.colcon_core.event_reactor:joined thread
[12.986s] INFO:colcon.colcon_core.shell:Creating prefix script '/home/ph/third_ws/install/local_setup.ps1'
[12.989s] INFO:colcon.colcon_core.shell:Creating prefix util module '/home/ph/third_ws/install/_local_setup_util_ps1.py'
[12.992s] INFO:colcon.colcon_core.shell:Creating prefix chain script '/home/ph/third_ws/install/setup.ps1'
[12.996s] INFO:colcon.colcon_core.shell:Creating prefix script '/home/ph/third_ws/install/local_setup.sh'
[12.999s] INFO:colcon.colcon_core.shell:Creating prefix util module '/home/ph/third_ws/install/_local_setup_util_sh.py'
[13.000s] INFO:colcon.colcon_core.shell:Creating prefix chain script '/home/ph/third_ws/install/setup.sh'
[13.004s] INFO:colcon.colcon_core.shell:Creating prefix script '/home/ph/third_ws/install/local_setup.bash'
[13.006s] INFO:colcon.colcon_core.shell:Creating prefix chain script '/home/ph/third_ws/install/setup.bash'
[13.010s] INFO:colcon.colcon_core.shell:Creating prefix script '/home/ph/third_ws/install/local_setup.zsh'
[13.011s] INFO:colcon.colcon_core.shell:Creating prefix chain script '/home/ph/third_ws/install/setup.zsh'
