[0.139s] DEBUG:colcon:Command line arguments: ['/usr/bin/colcon', 'build']
[0.139s] DEBUG:colcon:Parsed command line arguments: Namespace(log_base=None, log_level=None, verb_name='build', build_base='build', install_base='install', merge_install=False, symlink_install=False, test_result_base=None, continue_on_error=False, executor='parallel', parallel_workers=8, event_handlers=None, ignore_user_meta=False, metas=['./colcon.meta'], base_paths=['.'], packages_ignore=None, packages_ignore_regex=None, paths=None, packages_up_to=None, packages_up_to_regex=None, packages_above=None, packages_above_and_dependencies=None, packages_above_depth=None, packages_select_by_dep=None, packages_skip_by_dep=None, packages_skip_up_to=None, packages_select_build_failed=False, packages_skip_build_finished=False, packages_select_test_failures=False, packages_skip_test_passed=False, packages_select=None, packages_skip=None, packages_select_regex=None, packages_skip_regex=None, packages_start=None, packages_end=None, allow_overriding=[], cmake_args=None, cmake_target=None, cmake_target_skip_unavailable=False, cmake_clean_cache=False, cmake_clean_first=False, cmake_force_configure=False, ament_cmake_args=None, catkin_cmake_args=None, catkin_skip_building_tests=False, mixin_files=None, mixin=None, verb_parser=<colcon_mixin.mixin.mixin_argument.MixinArgumentDecorator object at 0x72a4b3d0ab60>, verb_extension=<colcon_core.verb.build.BuildVerb object at 0x72a4b3d0a170>, main=<bound method BuildVerb.main of <colcon_core.verb.build.BuildVerb object at 0x72a4b3d0a170>>, mixin_verb=('build',))
[0.353s] Level 1:colcon.colcon_core.package_discovery:discover_packages(colcon_meta) check parameters
[0.353s] Level 1:colcon.colcon_core.package_discovery:discover_packages(recursive) check parameters
[0.353s] Level 1:colcon.colcon_core.package_discovery:discover_packages(ignore) check parameters
[0.353s] Level 1:colcon.colcon_core.package_discovery:discover_packages(path) check parameters
[0.353s] Level 1:colcon.colcon_core.package_discovery:discover_packages(colcon_meta) discover
[0.353s] Level 1:colcon.colcon_core.package_discovery:discover_packages(recursive) discover
[0.353s] INFO:colcon.colcon_core.package_discovery:Crawling recursively for packages in '/home/ph/ros2_firstw'
[0.354s] Level 1:colcon.colcon_core.package_identification:_identify(.) by extensions ['ignore', 'ignore_ament_install']
[0.354s] Level 1:colcon.colcon_core.package_identification:_identify(.) by extension 'ignore'
[0.354s] Level 1:colcon.colcon_core.package_identification:_identify(.) by extension 'ignore_ament_install'
[0.354s] Level 1:colcon.colcon_core.package_identification:_identify(.) by extensions ['colcon_pkg']
[0.354s] Level 1:colcon.colcon_core.package_identification:_identify(.) by extension 'colcon_pkg'
[0.354s] Level 1:colcon.colcon_core.package_identification:_identify(.) by extensions ['colcon_meta']
[0.354s] Level 1:colcon.colcon_core.package_identification:_identify(.) by extension 'colcon_meta'
[0.354s] Level 1:colcon.colcon_core.package_identification:_identify(.) by extensions ['ros']
[0.354s] Level 1:colcon.colcon_core.package_identification:_identify(.) by extension 'ros'
[0.366s] Level 1:colcon.colcon_core.package_identification:_identify(.) by extensions ['cmake', 'python']
[0.366s] Level 1:colcon.colcon_core.package_identification:_identify(.) by extension 'cmake'
[0.366s] Level 1:colcon.colcon_core.package_identification:_identify(.) by extension 'python'
[0.366s] Level 1:colcon.colcon_core.package_identification:_identify(.) by extensions ['python_setup_py']
[0.366s] Level 1:colcon.colcon_core.package_identification:_identify(.) by extension 'python_setup_py'
[0.367s] Level 1:colcon.colcon_core.package_identification:_identify(build) by extensions ['ignore', 'ignore_ament_install']
[0.367s] Level 1:colcon.colcon_core.package_identification:_identify(build) by extension 'ignore'
[0.367s] Level 1:colcon.colcon_core.package_identification:_identify(build) ignored
[0.367s] Level 1:colcon.colcon_core.package_identification:_identify(install) by extensions ['ignore', 'ignore_ament_install']
[0.367s] Level 1:colcon.colcon_core.package_identification:_identify(install) by extension 'ignore'
[0.367s] Level 1:colcon.colcon_core.package_identification:_identify(install) ignored
[0.367s] Level 1:colcon.colcon_core.package_identification:_identify(log) by extensions ['ignore', 'ignore_ament_install']
[0.367s] Level 1:colcon.colcon_core.package_identification:_identify(log) by extension 'ignore'
[0.367s] Level 1:colcon.colcon_core.package_identification:_identify(log) ignored
[0.367s] Level 1:colcon.colcon_core.package_identification:_identify(src) by extensions ['ignore', 'ignore_ament_install']
[0.368s] Level 1:colcon.colcon_core.package_identification:_identify(src) by extension 'ignore'
[0.368s] Level 1:colcon.colcon_core.package_identification:_identify(src) by extension 'ignore_ament_install'
[0.368s] Level 1:colcon.colcon_core.package_identification:_identify(src) by extensions ['colcon_pkg']
[0.368s] Level 1:colcon.colcon_core.package_identification:_identify(src) by extension 'colcon_pkg'
[0.368s] Level 1:colcon.colcon_core.package_identification:_identify(src) by extensions ['colcon_meta']
[0.368s] Level 1:colcon.colcon_core.package_identification:_identify(src) by extension 'colcon_meta'
[0.368s] Level 1:colcon.colcon_core.package_identification:_identify(src) by extensions ['ros']
[0.368s] Level 1:colcon.colcon_core.package_identification:_identify(src) by extension 'ros'
[0.368s] Level 1:colcon.colcon_core.package_identification:_identify(src) by extensions ['cmake', 'python']
[0.368s] Level 1:colcon.colcon_core.package_identification:_identify(src) by extension 'cmake'
[0.368s] Level 1:colcon.colcon_core.package_identification:_identify(src) by extension 'python'
[0.368s] Level 1:colcon.colcon_core.package_identification:_identify(src) by extensions ['python_setup_py']
[0.368s] Level 1:colcon.colcon_core.package_identification:_identify(src) by extension 'python_setup_py'
[0.368s] Level 1:colcon.colcon_core.package_identification:_identify(src/build) by extensions ['ignore', 'ignore_ament_install']
[0.368s] Level 1:colcon.colcon_core.package_identification:_identify(src/build) by extension 'ignore'
[0.368s] Level 1:colcon.colcon_core.package_identification:_identify(src/build) ignored
[0.368s] Level 1:colcon.colcon_core.package_identification:_identify(src/cpp_pubsub) by extensions ['ignore', 'ignore_ament_install']
[0.369s] Level 1:colcon.colcon_core.package_identification:_identify(src/cpp_pubsub) by extension 'ignore'
[0.369s] Level 1:colcon.colcon_core.package_identification:_identify(src/cpp_pubsub) by extension 'ignore_ament_install'
[0.369s] Level 1:colcon.colcon_core.package_identification:_identify(src/cpp_pubsub) by extensions ['colcon_pkg']
[0.369s] Level 1:colcon.colcon_core.package_identification:_identify(src/cpp_pubsub) by extension 'colcon_pkg'
[0.369s] Level 1:colcon.colcon_core.package_identification:_identify(src/cpp_pubsub) by extensions ['colcon_meta']
[0.369s] Level 1:colcon.colcon_core.package_identification:_identify(src/cpp_pubsub) by extension 'colcon_meta'
[0.369s] Level 1:colcon.colcon_core.package_identification:_identify(src/cpp_pubsub) by extensions ['ros']
[0.369s] Level 1:colcon.colcon_core.package_identification:_identify(src/cpp_pubsub) by extension 'ros'
[0.373s] DEBUG:colcon.colcon_core.package_identification:Package 'src/cpp_pubsub' with type 'ros.ament_cmake' and name 'cpp_pubsub'
[0.373s] Level 1:colcon.colcon_core.package_identification:_identify(src/cpp_srvcli) by extensions ['ignore', 'ignore_ament_install']
[0.374s] Level 1:colcon.colcon_core.package_identification:_identify(src/cpp_srvcli) by extension 'ignore'
[0.374s] Level 1:colcon.colcon_core.package_identification:_identify(src/cpp_srvcli) by extension 'ignore_ament_install'
[0.374s] Level 1:colcon.colcon_core.package_identification:_identify(src/cpp_srvcli) by extensions ['colcon_pkg']
[0.374s] Level 1:colcon.colcon_core.package_identification:_identify(src/cpp_srvcli) by extension 'colcon_pkg'
[0.374s] Level 1:colcon.colcon_core.package_identification:_identify(src/cpp_srvcli) by extensions ['colcon_meta']
[0.374s] Level 1:colcon.colcon_core.package_identification:_identify(src/cpp_srvcli) by extension 'colcon_meta'
[0.374s] Level 1:colcon.colcon_core.package_identification:_identify(src/cpp_srvcli) by extensions ['ros']
[0.374s] Level 1:colcon.colcon_core.package_identification:_identify(src/cpp_srvcli) by extension 'ros'
[0.375s] DEBUG:colcon.colcon_core.package_identification:Package 'src/cpp_srvcli' with type 'ros.ament_cmake' and name 'cpp_srvcli'
[0.375s] Level 1:colcon.colcon_core.package_identification:_identify(src/firstpkg) by extensions ['ignore', 'ignore_ament_install']
[0.375s] Level 1:colcon.colcon_core.package_identification:_identify(src/firstpkg) by extension 'ignore'
[0.375s] Level 1:colcon.colcon_core.package_identification:_identify(src/firstpkg) by extension 'ignore_ament_install'
[0.375s] Level 1:colcon.colcon_core.package_identification:_identify(src/firstpkg) by extensions ['colcon_pkg']
[0.375s] Level 1:colcon.colcon_core.package_identification:_identify(src/firstpkg) by extension 'colcon_pkg'
[0.375s] Level 1:colcon.colcon_core.package_identification:_identify(src/firstpkg) by extensions ['colcon_meta']
[0.375s] Level 1:colcon.colcon_core.package_identification:_identify(src/firstpkg) by extension 'colcon_meta'
[0.375s] Level 1:colcon.colcon_core.package_identification:_identify(src/firstpkg) by extensions ['ros']
[0.375s] Level 1:colcon.colcon_core.package_identification:_identify(src/firstpkg) by extension 'ros'
[0.376s] DEBUG:colcon.colcon_core.package_identification:Package 'src/firstpkg' with type 'ros.ament_cmake' and name 'firstpkg'
[0.376s] Level 1:colcon.colcon_core.package_identification:_identify(src/install) by extensions ['ignore', 'ignore_ament_install']
[0.376s] Level 1:colcon.colcon_core.package_identification:_identify(src/install) by extension 'ignore'
[0.376s] Level 1:colcon.colcon_core.package_identification:_identify(src/install) ignored
[0.376s] Level 1:colcon.colcon_core.package_identification:_identify(src/log) by extensions ['ignore', 'ignore_ament_install']
[0.376s] Level 1:colcon.colcon_core.package_identification:_identify(src/log) by extension 'ignore'
[0.376s] Level 1:colcon.colcon_core.package_identification:_identify(src/log) ignored
[0.377s] Level 1:colcon.colcon_core.package_identification:_identify(src/more_interfaces) by extensions ['ignore', 'ignore_ament_install']
[0.377s] Level 1:colcon.colcon_core.package_identification:_identify(src/more_interfaces) by extension 'ignore'
[0.377s] Level 1:colcon.colcon_core.package_identification:_identify(src/more_interfaces) by extension 'ignore_ament_install'
[0.377s] Level 1:colcon.colcon_core.package_identification:_identify(src/more_interfaces) by extensions ['colcon_pkg']
[0.377s] Level 1:colcon.colcon_core.package_identification:_identify(src/more_interfaces) by extension 'colcon_pkg'
[0.377s] Level 1:colcon.colcon_core.package_identification:_identify(src/more_interfaces) by extensions ['colcon_meta']
[0.377s] Level 1:colcon.colcon_core.package_identification:_identify(src/more_interfaces) by extension 'colcon_meta'
[0.377s] Level 1:colcon.colcon_core.package_identification:_identify(src/more_interfaces) by extensions ['ros']
[0.377s] Level 1:colcon.colcon_core.package_identification:_identify(src/more_interfaces) by extension 'ros'
[0.378s] DEBUG:colcon.colcon_core.package_identification:Package 'src/more_interfaces' with type 'ros.ament_cmake' and name 'more_interfaces'
[0.378s] Level 1:colcon.colcon_core.package_identification:_identify(src/tutorial_interfaces) by extensions ['ignore', 'ignore_ament_install']
[0.378s] Level 1:colcon.colcon_core.package_identification:_identify(src/tutorial_interfaces) by extension 'ignore'
[0.378s] Level 1:colcon.colcon_core.package_identification:_identify(src/tutorial_interfaces) by extension 'ignore_ament_install'
[0.378s] Level 1:colcon.colcon_core.package_identification:_identify(src/tutorial_interfaces) by extensions ['colcon_pkg']
[0.378s] Level 1:colcon.colcon_core.package_identification:_identify(src/tutorial_interfaces) by extension 'colcon_pkg'
[0.378s] Level 1:colcon.colcon_core.package_identification:_identify(src/tutorial_interfaces) by extensions ['colcon_meta']
[0.378s] Level 1:colcon.colcon_core.package_identification:_identify(src/tutorial_interfaces) by extension 'colcon_meta'
[0.378s] Level 1:colcon.colcon_core.package_identification:_identify(src/tutorial_interfaces) by extensions ['ros']
[0.378s] Level 1:colcon.colcon_core.package_identification:_identify(src/tutorial_interfaces) by extension 'ros'
[0.379s] DEBUG:colcon.colcon_core.package_identification:Package 'src/tutorial_interfaces' with type 'ros.ament_cmake' and name 'tutorial_interfaces'
[0.379s] Level 1:colcon.colcon_core.package_discovery:discover_packages(recursive) using defaults
[0.379s] Level 1:colcon.colcon_core.package_discovery:discover_packages(ignore) discover
[0.379s] Level 1:colcon.colcon_core.package_discovery:discover_packages(ignore) using defaults
[0.379s] Level 1:colcon.colcon_core.package_discovery:discover_packages(path) discover
[0.379s] Level 1:colcon.colcon_core.package_discovery:discover_packages(path) using defaults
[0.416s] Level 1:colcon.colcon_core.package_discovery:discover_packages(prefix_path) check parameters
[0.416s] Level 1:colcon.colcon_core.package_discovery:discover_packages(prefix_path) discover
[0.419s] DEBUG:colcon.colcon_installed_package_information.package_discovery:Found 323 installed packages in /opt/ros/humble
[0.421s] Level 1:colcon.colcon_core.package_discovery:discover_packages(prefix_path) using defaults
[0.472s] Level 5:colcon.colcon_core.verb:set package 'firstpkg' build argument 'cmake_args' from command line to 'None'
[0.472s] Level 5:colcon.colcon_core.verb:set package 'firstpkg' build argument 'cmake_target' from command line to 'None'
[0.472s] Level 5:colcon.colcon_core.verb:set package 'firstpkg' build argument 'cmake_target_skip_unavailable' from command line to 'False'
[0.472s] Level 5:colcon.colcon_core.verb:set package 'firstpkg' build argument 'cmake_clean_cache' from command line to 'False'
[0.472s] Level 5:colcon.colcon_core.verb:set package 'firstpkg' build argument 'cmake_clean_first' from command line to 'False'
[0.472s] Level 5:colcon.colcon_core.verb:set package 'firstpkg' build argument 'cmake_force_configure' from command line to 'False'
[0.472s] Level 5:colcon.colcon_core.verb:set package 'firstpkg' build argument 'ament_cmake_args' from command line to 'None'
[0.472s] Level 5:colcon.colcon_core.verb:set package 'firstpkg' build argument 'catkin_cmake_args' from command line to 'None'
[0.472s] Level 5:colcon.colcon_core.verb:set package 'firstpkg' build argument 'catkin_skip_building_tests' from command line to 'False'
[0.472s] DEBUG:colcon.colcon_core.verb:Building package 'firstpkg' with the following arguments: {'ament_cmake_args': None, 'build_base': '/home/ph/ros2_firstw/build/firstpkg', 'catkin_cmake_args': None, 'catkin_skip_building_tests': False, 'cmake_args': None, 'cmake_clean_cache': False, 'cmake_clean_first': False, 'cmake_force_configure': False, 'cmake_target': None, 'cmake_target_skip_unavailable': False, 'install_base': '/home/ph/ros2_firstw/install/firstpkg', 'merge_install': False, 'path': '/home/ph/ros2_firstw/src/firstpkg', 'symlink_install': False, 'test_result_base': None}
[0.473s] Level 5:colcon.colcon_core.verb:set package 'more_interfaces' build argument 'cmake_args' from command line to 'None'
[0.473s] Level 5:colcon.colcon_core.verb:set package 'more_interfaces' build argument 'cmake_target' from command line to 'None'
[0.473s] Level 5:colcon.colcon_core.verb:set package 'more_interfaces' build argument 'cmake_target_skip_unavailable' from command line to 'False'
[0.473s] Level 5:colcon.colcon_core.verb:set package 'more_interfaces' build argument 'cmake_clean_cache' from command line to 'False'
[0.473s] Level 5:colcon.colcon_core.verb:set package 'more_interfaces' build argument 'cmake_clean_first' from command line to 'False'
[0.473s] Level 5:colcon.colcon_core.verb:set package 'more_interfaces' build argument 'cmake_force_configure' from command line to 'False'
[0.473s] Level 5:colcon.colcon_core.verb:set package 'more_interfaces' build argument 'ament_cmake_args' from command line to 'None'
[0.473s] Level 5:colcon.colcon_core.verb:set package 'more_interfaces' build argument 'catkin_cmake_args' from command line to 'None'
[0.473s] Level 5:colcon.colcon_core.verb:set package 'more_interfaces' build argument 'catkin_skip_building_tests' from command line to 'False'
[0.473s] DEBUG:colcon.colcon_core.verb:Building package 'more_interfaces' with the following arguments: {'ament_cmake_args': None, 'build_base': '/home/ph/ros2_firstw/build/more_interfaces', 'catkin_cmake_args': None, 'catkin_skip_building_tests': False, 'cmake_args': None, 'cmake_clean_cache': False, 'cmake_clean_first': False, 'cmake_force_configure': False, 'cmake_target': None, 'cmake_target_skip_unavailable': False, 'install_base': '/home/ph/ros2_firstw/install/more_interfaces', 'merge_install': False, 'path': '/home/ph/ros2_firstw/src/more_interfaces', 'symlink_install': False, 'test_result_base': None}
[0.473s] Level 5:colcon.colcon_core.verb:set package 'tutorial_interfaces' build argument 'cmake_args' from command line to 'None'
[0.473s] Level 5:colcon.colcon_core.verb:set package 'tutorial_interfaces' build argument 'cmake_target' from command line to 'None'
[0.474s] Level 5:colcon.colcon_core.verb:set package 'tutorial_interfaces' build argument 'cmake_target_skip_unavailable' from command line to 'False'
[0.474s] Level 5:colcon.colcon_core.verb:set package 'tutorial_interfaces' build argument 'cmake_clean_cache' from command line to 'False'
[0.474s] Level 5:colcon.colcon_core.verb:set package 'tutorial_interfaces' build argument 'cmake_clean_first' from command line to 'False'
[0.474s] Level 5:colcon.colcon_core.verb:set package 'tutorial_interfaces' build argument 'cmake_force_configure' from command line to 'False'
[0.474s] Level 5:colcon.colcon_core.verb:set package 'tutorial_interfaces' build argument 'ament_cmake_args' from command line to 'None'
[0.474s] Level 5:colcon.colcon_core.verb:set package 'tutorial_interfaces' build argument 'catkin_cmake_args' from command line to 'None'
[0.474s] Level 5:colcon.colcon_core.verb:set package 'tutorial_interfaces' build argument 'catkin_skip_building_tests' from command line to 'False'
[0.474s] DEBUG:colcon.colcon_core.verb:Building package 'tutorial_interfaces' with the following arguments: {'ament_cmake_args': None, 'build_base': '/home/ph/ros2_firstw/build/tutorial_interfaces', 'catkin_cmake_args': None, 'catkin_skip_building_tests': False, 'cmake_args': None, 'cmake_clean_cache': False, 'cmake_clean_first': False, 'cmake_force_configure': False, 'cmake_target': None, 'cmake_target_skip_unavailable': False, 'install_base': '/home/ph/ros2_firstw/install/tutorial_interfaces', 'merge_install': False, 'path': '/home/ph/ros2_firstw/src/tutorial_interfaces', 'symlink_install': False, 'test_result_base': None}
[0.474s] Level 5:colcon.colcon_core.verb:set package 'cpp_pubsub' build argument 'cmake_args' from command line to 'None'
[0.474s] Level 5:colcon.colcon_core.verb:set package 'cpp_pubsub' build argument 'cmake_target' from command line to 'None'
[0.474s] Level 5:colcon.colcon_core.verb:set package 'cpp_pubsub' build argument 'cmake_target_skip_unavailable' from command line to 'False'
[0.474s] Level 5:colcon.colcon_core.verb:set package 'cpp_pubsub' build argument 'cmake_clean_cache' from command line to 'False'
[0.474s] Level 5:colcon.colcon_core.verb:set package 'cpp_pubsub' build argument 'cmake_clean_first' from command line to 'False'
[0.474s] Level 5:colcon.colcon_core.verb:set package 'cpp_pubsub' build argument 'cmake_force_configure' from command line to 'False'
[0.474s] Level 5:colcon.colcon_core.verb:set package 'cpp_pubsub' build argument 'ament_cmake_args' from command line to 'None'
[0.474s] Level 5:colcon.colcon_core.verb:set package 'cpp_pubsub' build argument 'catkin_cmake_args' from command line to 'None'
[0.474s] Level 5:colcon.colcon_core.verb:set package 'cpp_pubsub' build argument 'catkin_skip_building_tests' from command line to 'False'
[0.474s] DEBUG:colcon.colcon_core.verb:Building package 'cpp_pubsub' with the following arguments: {'ament_cmake_args': None, 'build_base': '/home/ph/ros2_firstw/build/cpp_pubsub', 'catkin_cmake_args': None, 'catkin_skip_building_tests': False, 'cmake_args': None, 'cmake_clean_cache': False, 'cmake_clean_first': False, 'cmake_force_configure': False, 'cmake_target': None, 'cmake_target_skip_unavailable': False, 'install_base': '/home/ph/ros2_firstw/install/cpp_pubsub', 'merge_install': False, 'path': '/home/ph/ros2_firstw/src/cpp_pubsub', 'symlink_install': False, 'test_result_base': None}
[0.475s] Level 5:colcon.colcon_core.verb:set package 'cpp_srvcli' build argument 'cmake_args' from command line to 'None'
[0.475s] Level 5:colcon.colcon_core.verb:set package 'cpp_srvcli' build argument 'cmake_target' from command line to 'None'
[0.475s] Level 5:colcon.colcon_core.verb:set package 'cpp_srvcli' build argument 'cmake_target_skip_unavailable' from command line to 'False'
[0.475s] Level 5:colcon.colcon_core.verb:set package 'cpp_srvcli' build argument 'cmake_clean_cache' from command line to 'False'
[0.475s] Level 5:colcon.colcon_core.verb:set package 'cpp_srvcli' build argument 'cmake_clean_first' from command line to 'False'
[0.475s] Level 5:colcon.colcon_core.verb:set package 'cpp_srvcli' build argument 'cmake_force_configure' from command line to 'False'
[0.475s] Level 5:colcon.colcon_core.verb:set package 'cpp_srvcli' build argument 'ament_cmake_args' from command line to 'None'
[0.475s] Level 5:colcon.colcon_core.verb:set package 'cpp_srvcli' build argument 'catkin_cmake_args' from command line to 'None'
[0.475s] Level 5:colcon.colcon_core.verb:set package 'cpp_srvcli' build argument 'catkin_skip_building_tests' from command line to 'False'
[0.475s] DEBUG:colcon.colcon_core.verb:Building package 'cpp_srvcli' with the following arguments: {'ament_cmake_args': None, 'build_base': '/home/ph/ros2_firstw/build/cpp_srvcli', 'catkin_cmake_args': None, 'catkin_skip_building_tests': False, 'cmake_args': None, 'cmake_clean_cache': False, 'cmake_clean_first': False, 'cmake_force_configure': False, 'cmake_target': None, 'cmake_target_skip_unavailable': False, 'install_base': '/home/ph/ros2_firstw/install/cpp_srvcli', 'merge_install': False, 'path': '/home/ph/ros2_firstw/src/cpp_srvcli', 'symlink_install': False, 'test_result_base': None}
[0.475s] INFO:colcon.colcon_core.executor:Executing jobs using 'parallel' executor
[0.477s] DEBUG:colcon.colcon_parallel_executor.executor.parallel:run_until_complete
[0.477s] INFO:colcon.colcon_ros.task.ament_cmake.build:Building ROS package in '/home/ph/ros2_firstw/src/tutorial_interfaces' with build type 'ament_cmake'
[0.477s] INFO:colcon.colcon_cmake.task.cmake.build:Building CMake package in '/home/ph/ros2_firstw/src/tutorial_interfaces'
[0.480s] INFO:colcon.colcon_core.plugin_system:Skipping extension 'colcon_core.shell.bat': Not used on non-Windows systems
[0.481s] INFO:colcon.colcon_core.shell:Skip shell extension 'powershell' for command environment: Not usable outside of PowerShell
[0.481s] DEBUG:colcon.colcon_core.shell:Skip shell extension 'dsv' for command environment
[0.486s] INFO:colcon.colcon_ros.task.ament_cmake.build:Building ROS package in '/home/ph/ros2_firstw/src/firstpkg' with build type 'ament_cmake'
[0.487s] INFO:colcon.colcon_cmake.task.cmake.build:Building CMake package in '/home/ph/ros2_firstw/src/firstpkg'
[0.487s] INFO:colcon.colcon_core.shell:Skip shell extension 'powershell' for command environment: Not usable outside of PowerShell
[0.487s] DEBUG:colcon.colcon_core.shell:Skip shell extension 'dsv' for command environment
[0.493s] INFO:colcon.colcon_ros.task.ament_cmake.build:Building ROS package in '/home/ph/ros2_firstw/src/more_interfaces' with build type 'ament_cmake'
[0.494s] INFO:colcon.colcon_cmake.task.cmake.build:Building CMake package in '/home/ph/ros2_firstw/src/more_interfaces'
[0.494s] INFO:colcon.colcon_core.shell:Skip shell extension 'powershell' for command environment: Not usable outside of PowerShell
[0.495s] DEBUG:colcon.colcon_core.shell:Skip shell extension 'dsv' for command environment
[0.507s] DEBUG:colcon.colcon_core.event_handler.log_command:Invoking command in '/home/ph/ros2_firstw/build/tutorial_interfaces': CMAKE_PREFIX_PATH=/opt/ros/humble /usr/bin/cmake --build /home/ph/ros2_firstw/build/tutorial_interfaces -- -j8 -l8
[0.512s] DEBUG:colcon.colcon_core.event_handler.log_command:Invoking command in '/home/ph/ros2_firstw/build/firstpkg': CMAKE_PREFIX_PATH=/opt/ros/humble /usr/bin/cmake --build /home/ph/ros2_firstw/build/firstpkg -- -j8 -l8
[0.519s] DEBUG:colcon.colcon_core.event_handler.log_command:Invoking command in '/home/ph/ros2_firstw/build/more_interfaces': CMAKE_PREFIX_PATH=/opt/ros/humble /usr/bin/cmake /home/ph/ros2_firstw/src/more_interfaces -DCMAKE_INSTALL_PREFIX=/home/ph/ros2_firstw/install/more_interfaces
[0.609s] DEBUG:colcon.colcon_core.event_handler.log_command:Invoked command in '/home/ph/ros2_firstw/build/firstpkg' returned '0': CMAKE_PREFIX_PATH=/opt/ros/humble /usr/bin/cmake --build /home/ph/ros2_firstw/build/firstpkg -- -j8 -l8
[0.633s] DEBUG:colcon.colcon_core.event_handler.log_command:Invoking command in '/home/ph/ros2_firstw/build/firstpkg': CMAKE_PREFIX_PATH=/opt/ros/humble /usr/bin/cmake --install /home/ph/ros2_firstw/build/firstpkg
[0.652s] Level 1:colcon.colcon_core.environment:create_environment_scripts_only(firstpkg)
[0.653s] DEBUG:colcon.colcon_core.event_handler.log_command:Invoked command in '/home/ph/ros2_firstw/build/firstpkg' returned '0': CMAKE_PREFIX_PATH=/opt/ros/humble /usr/bin/cmake --install /home/ph/ros2_firstw/build/firstpkg
[0.657s] Level 1:colcon.colcon_core.environment:checking '/home/ph/ros2_firstw/install/firstpkg' for CMake module files
[0.658s] Level 1:colcon.colcon_core.environment:checking '/home/ph/ros2_firstw/install/firstpkg' for CMake config files
[0.659s] Level 1:colcon.colcon_core.shell:create_environment_hook('firstpkg', 'cmake_prefix_path')
[0.659s] INFO:colcon.colcon_core.shell:Creating environment hook '/home/ph/ros2_firstw/install/firstpkg/share/firstpkg/hook/cmake_prefix_path.ps1'
[0.661s] INFO:colcon.colcon_core.shell:Creating environment descriptor '/home/ph/ros2_firstw/install/firstpkg/share/firstpkg/hook/cmake_prefix_path.dsv'
[0.661s] INFO:colcon.colcon_core.shell:Creating environment hook '/home/ph/ros2_firstw/install/firstpkg/share/firstpkg/hook/cmake_prefix_path.sh'
[0.663s] Level 1:colcon.colcon_core.environment:checking '/home/ph/ros2_firstw/install/firstpkg/lib'
[0.664s] Level 1:colcon.colcon_core.environment:checking '/home/ph/ros2_firstw/install/firstpkg/bin'
[0.664s] Level 1:colcon.colcon_core.environment:checking '/home/ph/ros2_firstw/install/firstpkg/lib/pkgconfig/firstpkg.pc'
[0.664s] Level 1:colcon.colcon_core.environment:checking '/home/ph/ros2_firstw/install/firstpkg/lib/python3.10/site-packages'
[0.665s] Level 1:colcon.colcon_core.environment:checking '/home/ph/ros2_firstw/install/firstpkg/bin'
[0.666s] INFO:colcon.colcon_core.shell:Creating package script '/home/ph/ros2_firstw/install/firstpkg/share/firstpkg/package.ps1'
[0.667s] INFO:colcon.colcon_core.shell:Creating package descriptor '/home/ph/ros2_firstw/install/firstpkg/share/firstpkg/package.dsv'
[0.668s] INFO:colcon.colcon_core.shell:Creating package script '/home/ph/ros2_firstw/install/firstpkg/share/firstpkg/package.sh'
[0.670s] INFO:colcon.colcon_core.shell:Creating package script '/home/ph/ros2_firstw/install/firstpkg/share/firstpkg/package.bash'
[0.672s] INFO:colcon.colcon_core.shell:Creating package script '/home/ph/ros2_firstw/install/firstpkg/share/firstpkg/package.zsh'
[0.673s] Level 1:colcon.colcon_core.environment:create_file_with_runtime_dependencies(/home/ph/ros2_firstw/install/firstpkg/share/colcon-core/packages/firstpkg)
[0.674s] Level 1:colcon.colcon_core.environment:create_environment_scripts_only(firstpkg)
[0.675s] Level 1:colcon.colcon_core.environment:checking '/home/ph/ros2_firstw/install/firstpkg' for CMake module files
[0.676s] Level 1:colcon.colcon_core.environment:checking '/home/ph/ros2_firstw/install/firstpkg' for CMake config files
[0.676s] Level 1:colcon.colcon_core.shell:create_environment_hook('firstpkg', 'cmake_prefix_path')
[0.677s] INFO:colcon.colcon_core.shell:Creating environment hook '/home/ph/ros2_firstw/install/firstpkg/share/firstpkg/hook/cmake_prefix_path.ps1'
[0.678s] INFO:colcon.colcon_core.shell:Creating environment descriptor '/home/ph/ros2_firstw/install/firstpkg/share/firstpkg/hook/cmake_prefix_path.dsv'
[0.678s] INFO:colcon.colcon_core.shell:Creating environment hook '/home/ph/ros2_firstw/install/firstpkg/share/firstpkg/hook/cmake_prefix_path.sh'
[0.679s] Level 1:colcon.colcon_core.environment:checking '/home/ph/ros2_firstw/install/firstpkg/lib'
[0.680s] Level 1:colcon.colcon_core.environment:checking '/home/ph/ros2_firstw/install/firstpkg/bin'
[0.680s] Level 1:colcon.colcon_core.environment:checking '/home/ph/ros2_firstw/install/firstpkg/lib/pkgconfig/firstpkg.pc'
[0.680s] Level 1:colcon.colcon_core.environment:checking '/home/ph/ros2_firstw/install/firstpkg/lib/python3.10/site-packages'
[0.681s] Level 1:colcon.colcon_core.environment:checking '/home/ph/ros2_firstw/install/firstpkg/bin'
[0.681s] INFO:colcon.colcon_core.shell:Creating package script '/home/ph/ros2_firstw/install/firstpkg/share/firstpkg/package.ps1'
[0.682s] INFO:colcon.colcon_core.shell:Creating package descriptor '/home/ph/ros2_firstw/install/firstpkg/share/firstpkg/package.dsv'
[0.683s] INFO:colcon.colcon_core.shell:Creating package script '/home/ph/ros2_firstw/install/firstpkg/share/firstpkg/package.sh'
[0.685s] INFO:colcon.colcon_core.shell:Creating package script '/home/ph/ros2_firstw/install/firstpkg/share/firstpkg/package.bash'
[0.686s] INFO:colcon.colcon_core.shell:Creating package script '/home/ph/ros2_firstw/install/firstpkg/share/firstpkg/package.zsh'
[0.687s] Level 1:colcon.colcon_core.environment:create_file_with_runtime_dependencies(/home/ph/ros2_firstw/install/firstpkg/share/colcon-core/packages/firstpkg)
[1.052s] DEBUG:colcon.colcon_core.event_handler.log_command:Invoked command in '/home/ph/ros2_firstw/build/tutorial_interfaces' returned '0': CMAKE_PREFIX_PATH=/opt/ros/humble /usr/bin/cmake --build /home/ph/ros2_firstw/build/tutorial_interfaces -- -j8 -l8
[1.055s] DEBUG:colcon.colcon_core.event_handler.log_command:Invoking command in '/home/ph/ros2_firstw/build/tutorial_interfaces': CMAKE_PREFIX_PATH=/opt/ros/humble /usr/bin/cmake --install /home/ph/ros2_firstw/build/tutorial_interfaces
[1.101s] DEBUG:colcon.colcon_core.event_handler.log_command:Invoked command in '/home/ph/ros2_firstw/build/more_interfaces' returned '1': CMAKE_PREFIX_PATH=/opt/ros/humble /usr/bin/cmake /home/ph/ros2_firstw/src/more_interfaces -DCMAKE_INSTALL_PREFIX=/home/ph/ros2_firstw/install/more_interfaces
[1.119s] Level 1:colcon.colcon_core.environment:create_environment_scripts_only(more_interfaces)
[1.120s] Level 1:colcon.colcon_core.environment:checking '/home/ph/ros2_firstw/install/more_interfaces' for CMake module files
[1.120s] Level 1:colcon.colcon_core.environment:checking '/home/ph/ros2_firstw/install/more_interfaces' for CMake config files
[1.121s] Level 1:colcon.colcon_core.environment:checking '/home/ph/ros2_firstw/install/more_interfaces/bin'
[1.121s] Level 1:colcon.colcon_core.environment:checking '/home/ph/ros2_firstw/install/more_interfaces/lib/pkgconfig/more_interfaces.pc'
[1.121s] Level 1:colcon.colcon_core.environment:checking '/home/ph/ros2_firstw/install/more_interfaces/lib/python3.10/site-packages'
[1.122s] Level 1:colcon.colcon_core.environment:checking '/home/ph/ros2_firstw/install/more_interfaces/bin'
[1.122s] INFO:colcon.colcon_core.shell:Creating package script '/home/ph/ros2_firstw/install/more_interfaces/share/more_interfaces/package.ps1'
[1.123s] INFO:colcon.colcon_core.shell:Creating package descriptor '/home/ph/ros2_firstw/install/more_interfaces/share/more_interfaces/package.dsv'
[1.125s] INFO:colcon.colcon_core.shell:Creating package script '/home/ph/ros2_firstw/install/more_interfaces/share/more_interfaces/package.sh'
[1.125s] INFO:colcon.colcon_core.shell:Creating package script '/home/ph/ros2_firstw/install/more_interfaces/share/more_interfaces/package.bash'
[1.126s] INFO:colcon.colcon_core.shell:Creating package script '/home/ph/ros2_firstw/install/more_interfaces/share/more_interfaces/package.zsh'
[1.127s] Level 1:colcon.colcon_core.environment:create_file_with_runtime_dependencies(/home/ph/ros2_firstw/install/more_interfaces/share/colcon-core/packages/more_interfaces)
[1.159s] DEBUG:colcon.colcon_parallel_executor.executor.parallel:closing loop
[1.160s] DEBUG:colcon.colcon_parallel_executor.executor.parallel:loop closed
[1.160s] DEBUG:colcon.colcon_parallel_executor.executor.parallel:run_until_complete finished with '1'
[1.160s] DEBUG:colcon.colcon_core.event_reactor:joining thread
[1.174s] INFO:colcon.colcon_core.plugin_system:Skipping extension 'colcon_notification.desktop_notification.terminal_notifier': Not used on non-Darwin systems
[1.174s] INFO:colcon.colcon_core.plugin_system:Skipping extension 'colcon_notification.desktop_notification.win32': Not used on non-Windows systems
[1.175s] INFO:colcon.colcon_notification.desktop_notification:Sending desktop notification using 'notify2'
[1.205s] DEBUG:colcon.colcon_core.event_reactor:joined thread
[1.206s] INFO:colcon.colcon_core.shell:Creating prefix script '/home/ph/ros2_firstw/install/local_setup.ps1'
[1.208s] INFO:colcon.colcon_core.shell:Creating prefix util module '/home/ph/ros2_firstw/install/_local_setup_util_ps1.py'
[1.212s] INFO:colcon.colcon_core.shell:Creating prefix chain script '/home/ph/ros2_firstw/install/setup.ps1'
[1.215s] INFO:colcon.colcon_core.shell:Creating prefix script '/home/ph/ros2_firstw/install/local_setup.sh'
[1.217s] INFO:colcon.colcon_core.shell:Creating prefix util module '/home/ph/ros2_firstw/install/_local_setup_util_sh.py'
[1.219s] INFO:colcon.colcon_core.shell:Creating prefix chain script '/home/ph/ros2_firstw/install/setup.sh'
[1.221s] INFO:colcon.colcon_core.shell:Creating prefix script '/home/ph/ros2_firstw/install/local_setup.bash'
[1.223s] INFO:colcon.colcon_core.shell:Creating prefix chain script '/home/ph/ros2_firstw/install/setup.bash'
[1.226s] INFO:colcon.colcon_core.shell:Creating prefix script '/home/ph/ros2_firstw/install/local_setup.zsh'
[1.227s] INFO:colcon.colcon_core.shell:Creating prefix chain script '/home/ph/ros2_firstw/install/setup.zsh'
