[0.015s] Invoking command in '/home/ph/ros2_firstw/build/nnnode': CMAKE_PREFIX_PATH=${CMAKE_PREFIX_PATH}:/opt/ros/humble /usr/bin/cmake /home/ph/ros2_firstw/src/nnnode -DCMAKE_INSTALL_PREFIX=/home/ph/ros2_firstw/install/nnnode
[0.038s] -- Found ament_cmake: 1.3.12 (/opt/ros/humble/share/ament_cmake/cmake)
[0.206s] -- Found rclcpp: 16.0.15 (/opt/ros/humble/share/rclcpp/cmake)
[0.264s] -- Found rosidl_generator_c: 3.1.7 (/opt/ros/humble/share/rosidl_generator_c/cmake)
[0.267s] -- Found rosidl_adapter: 3.1.7 (/opt/ros/humble/share/rosidl_adapter/cmake)
[0.274s] -- Found rosidl_generator_cpp: 3.1.7 (/opt/ros/humble/share/rosidl_generator_cpp/cmake)
[0.286s] -- Using all available rosidl_typesupport_c: rosidl_typesupport_fastrtps_c;rosidl_typesupport_introspection_c
[0.301s] -- Using all available rosidl_typesupport_cpp: rosidl_typesupport_fastrtps_cpp;rosidl_typesupport_introspection_cpp
[0.338s] -- Found rmw_implementation_cmake: 6.1.2 (/opt/ros/humble/share/rmw_implementation_cmake/cmake)
[0.340s] -- Found rmw_fastrtps_cpp: 6.2.9 (/opt/ros/humble/share/rmw_fastrtps_cpp/cmake)
[0.477s] -- Using RMW implementation 'rmw_fastrtps_cpp' as default
[0.535s] -- Found ament_lint_auto: 0.12.14 (/opt/ros/humble/share/ament_lint_auto/cmake)
[0.683s] -- Added test 'cppcheck' to perform static code analysis on C / C++ code
[0.683s] -- Configured cppcheck include dirs: 
[0.684s] -- Configured cppcheck exclude dirs and/or files: 
[0.685s] -- Added test 'lint_cmake' to check CMake code style
[0.686s] -- Added test 'uncrustify' to check C / C++ code style
[0.687s] -- Configured uncrustify additional arguments: 
[0.687s] -- Added test 'xmllint' to check XML markup files
[0.690s] -- Configuring done
[0.696s] -- Generating done
[0.698s] -- Build files have been written to: /home/ph/ros2_firstw/build/nnnode
[0.707s] Invoked command in '/home/ph/ros2_firstw/build/nnnode' returned '0': CMAKE_PREFIX_PATH=${CMAKE_PREFIX_PATH}:/opt/ros/humble /usr/bin/cmake /home/ph/ros2_firstw/src/nnnode -DCMAKE_INSTALL_PREFIX=/home/ph/ros2_firstw/install/nnnode
[0.709s] Invoking command in '/home/ph/ros2_firstw/build/nnnode': CMAKE_PREFIX_PATH=${CMAKE_PREFIX_PATH}:/opt/ros/humble /usr/bin/cmake --build /home/ph/ros2_firstw/build/nnnode -- -j8 -l8
[0.779s] Invoked command in '/home/ph/ros2_firstw/build/nnnode' returned '0': CMAKE_PREFIX_PATH=${CMAKE_PREFIX_PATH}:/opt/ros/humble /usr/bin/cmake --build /home/ph/ros2_firstw/build/nnnode -- -j8 -l8
[0.804s] Invoking command in '/home/ph/ros2_firstw/build/nnnode': CMAKE_PREFIX_PATH=${CMAKE_PREFIX_PATH}:/opt/ros/humble /usr/bin/cmake --install /home/ph/ros2_firstw/build/nnnode
[0.813s] -- Install configuration: ""
[0.813s] -- Installing: /home/ph/ros2_firstw/install/nnnode/share/ament_index/resource_index/package_run_dependencies/nnnode
[0.813s] -- Installing: /home/ph/ros2_firstw/install/nnnode/share/ament_index/resource_index/parent_prefix_path/nnnode
[0.814s] -- Installing: /home/ph/ros2_firstw/install/nnnode/share/nnnode/environment/ament_prefix_path.sh
[0.814s] -- Installing: /home/ph/ros2_firstw/install/nnnode/share/nnnode/environment/ament_prefix_path.dsv
[0.814s] -- Installing: /home/ph/ros2_firstw/install/nnnode/share/nnnode/environment/path.sh
[0.814s] -- Installing: /home/ph/ros2_firstw/install/nnnode/share/nnnode/environment/path.dsv
[0.815s] -- Installing: /home/ph/ros2_firstw/install/nnnode/share/nnnode/local_setup.bash
[0.815s] -- Installing: /home/ph/ros2_firstw/install/nnnode/share/nnnode/local_setup.sh
[0.815s] -- Installing: /home/ph/ros2_firstw/install/nnnode/share/nnnode/local_setup.zsh
[0.815s] -- Installing: /home/ph/ros2_firstw/install/nnnode/share/nnnode/local_setup.dsv
[0.815s] -- Installing: /home/ph/ros2_firstw/install/nnnode/share/nnnode/package.dsv
[0.816s] -- Installing: /home/ph/ros2_firstw/install/nnnode/share/ament_index/resource_index/packages/nnnode
[0.816s] -- Installing: /home/ph/ros2_firstw/install/nnnode/share/nnnode/cmake/nnnodeConfig.cmake
[0.816s] -- Installing: /home/ph/ros2_firstw/install/nnnode/share/nnnode/cmake/nnnodeConfig-version.cmake
[0.816s] -- Installing: /home/ph/ros2_firstw/install/nnnode/share/nnnode/package.xml
[0.819s] Invoked command in '/home/ph/ros2_firstw/build/nnnode' returned '0': CMAKE_PREFIX_PATH=${CMAKE_PREFIX_PATH}:/opt/ros/humble /usr/bin/cmake --install /home/ph/ros2_firstw/build/nnnode
