[0.142s] DEBUG:colcon:Command line arguments: ['/usr/bin/colcon', 'build']
[0.142s] DEBUG:colcon:Parsed command line arguments: Namespace(log_base=None, log_level=None, verb_name='build', build_base='build', install_base='install', merge_install=False, symlink_install=False, test_result_base=None, continue_on_error=False, executor='parallel', parallel_workers=8, event_handlers=None, ignore_user_meta=False, metas=['./colcon.meta'], base_paths=['.'], packages_ignore=None, packages_ignore_regex=None, paths=None, packages_up_to=None, packages_up_to_regex=None, packages_above=None, packages_above_and_dependencies=None, packages_above_depth=None, packages_select_by_dep=None, packages_skip_by_dep=None, packages_skip_up_to=None, packages_select_build_failed=False, packages_skip_build_finished=False, packages_select_test_failures=False, packages_skip_test_passed=False, packages_select=None, packages_skip=None, packages_select_regex=None, packages_skip_regex=None, packages_start=None, packages_end=None, allow_overriding=[], cmake_args=None, cmake_target=None, cmake_target_skip_unavailable=False, cmake_clean_cache=False, cmake_clean_first=False, cmake_force_configure=False, ament_cmake_args=None, catkin_cmake_args=None, catkin_skip_building_tests=False, mixin_files=None, mixin=None, verb_parser=<colcon_mixin.mixin.mixin_argument.MixinArgumentDecorator object at 0x751f8844f220>, verb_extension=<colcon_core.verb.build.BuildVerb object at 0x751f8844e920>, main=<bound method BuildVerb.main of <colcon_core.verb.build.BuildVerb object at 0x751f8844e920>>, mixin_verb=('build',))
[0.363s] Level 1:colcon.colcon_core.package_discovery:discover_packages(colcon_meta) check parameters
[0.363s] Level 1:colcon.colcon_core.package_discovery:discover_packages(recursive) check parameters
[0.363s] Level 1:colcon.colcon_core.package_discovery:discover_packages(ignore) check parameters
[0.363s] Level 1:colcon.colcon_core.package_discovery:discover_packages(path) check parameters
[0.363s] Level 1:colcon.colcon_core.package_discovery:discover_packages(colcon_meta) discover
[0.363s] Level 1:colcon.colcon_core.package_discovery:discover_packages(recursive) discover
[0.363s] INFO:colcon.colcon_core.package_discovery:Crawling recursively for packages in '/home/ph/sixth_ws'
[0.364s] Level 1:colcon.colcon_core.package_identification:_identify(.) by extensions ['ignore', 'ignore_ament_install']
[0.364s] Level 1:colcon.colcon_core.package_identification:_identify(.) by extension 'ignore'
[0.364s] Level 1:colcon.colcon_core.package_identification:_identify(.) by extension 'ignore_ament_install'
[0.364s] Level 1:colcon.colcon_core.package_identification:_identify(.) by extensions ['colcon_pkg']
[0.364s] Level 1:colcon.colcon_core.package_identification:_identify(.) by extension 'colcon_pkg'
[0.364s] Level 1:colcon.colcon_core.package_identification:_identify(.) by extensions ['colcon_meta']
[0.364s] Level 1:colcon.colcon_core.package_identification:_identify(.) by extension 'colcon_meta'
[0.364s] Level 1:colcon.colcon_core.package_identification:_identify(.) by extensions ['ros']
[0.364s] Level 1:colcon.colcon_core.package_identification:_identify(.) by extension 'ros'
[0.376s] Level 1:colcon.colcon_core.package_identification:_identify(.) by extensions ['cmake', 'python']
[0.376s] Level 1:colcon.colcon_core.package_identification:_identify(.) by extension 'cmake'
[0.376s] Level 1:colcon.colcon_core.package_identification:_identify(.) by extension 'python'
[0.377s] Level 1:colcon.colcon_core.package_identification:_identify(.) by extensions ['python_setup_py']
[0.377s] Level 1:colcon.colcon_core.package_identification:_identify(.) by extension 'python_setup_py'
[0.377s] Level 1:colcon.colcon_core.package_identification:_identify(build) by extensions ['ignore', 'ignore_ament_install']
[0.377s] Level 1:colcon.colcon_core.package_identification:_identify(build) by extension 'ignore'
[0.377s] Level 1:colcon.colcon_core.package_identification:_identify(build) ignored
[0.377s] Level 1:colcon.colcon_core.package_identification:_identify(install) by extensions ['ignore', 'ignore_ament_install']
[0.377s] Level 1:colcon.colcon_core.package_identification:_identify(install) by extension 'ignore'
[0.377s] Level 1:colcon.colcon_core.package_identification:_identify(install) ignored
[0.377s] Level 1:colcon.colcon_core.package_identification:_identify(log) by extensions ['ignore', 'ignore_ament_install']
[0.377s] Level 1:colcon.colcon_core.package_identification:_identify(log) by extension 'ignore'
[0.377s] Level 1:colcon.colcon_core.package_identification:_identify(log) ignored
[0.377s] Level 1:colcon.colcon_core.package_identification:_identify(src) by extensions ['ignore', 'ignore_ament_install']
[0.378s] Level 1:colcon.colcon_core.package_identification:_identify(src) by extension 'ignore'
[0.378s] Level 1:colcon.colcon_core.package_identification:_identify(src) by extension 'ignore_ament_install'
[0.378s] Level 1:colcon.colcon_core.package_identification:_identify(src) by extensions ['colcon_pkg']
[0.378s] Level 1:colcon.colcon_core.package_identification:_identify(src) by extension 'colcon_pkg'
[0.378s] Level 1:colcon.colcon_core.package_identification:_identify(src) by extensions ['colcon_meta']
[0.378s] Level 1:colcon.colcon_core.package_identification:_identify(src) by extension 'colcon_meta'
[0.378s] Level 1:colcon.colcon_core.package_identification:_identify(src) by extensions ['ros']
[0.378s] Level 1:colcon.colcon_core.package_identification:_identify(src) by extension 'ros'
[0.378s] Level 1:colcon.colcon_core.package_identification:_identify(src) by extensions ['cmake', 'python']
[0.378s] Level 1:colcon.colcon_core.package_identification:_identify(src) by extension 'cmake'
[0.378s] Level 1:colcon.colcon_core.package_identification:_identify(src) by extension 'python'
[0.378s] Level 1:colcon.colcon_core.package_identification:_identify(src) by extensions ['python_setup_py']
[0.378s] Level 1:colcon.colcon_core.package_identification:_identify(src) by extension 'python_setup_py'
[0.378s] Level 1:colcon.colcon_core.package_identification:_identify(src/rviz_plugin_tutorial) by extensions ['ignore', 'ignore_ament_install']
[0.378s] Level 1:colcon.colcon_core.package_identification:_identify(src/rviz_plugin_tutorial) by extension 'ignore'
[0.378s] Level 1:colcon.colcon_core.package_identification:_identify(src/rviz_plugin_tutorial) by extension 'ignore_ament_install'
[0.378s] Level 1:colcon.colcon_core.package_identification:_identify(src/rviz_plugin_tutorial) by extensions ['colcon_pkg']
[0.378s] Level 1:colcon.colcon_core.package_identification:_identify(src/rviz_plugin_tutorial) by extension 'colcon_pkg'
[0.379s] Level 1:colcon.colcon_core.package_identification:_identify(src/rviz_plugin_tutorial) by extensions ['colcon_meta']
[0.379s] Level 1:colcon.colcon_core.package_identification:_identify(src/rviz_plugin_tutorial) by extension 'colcon_meta'
[0.379s] Level 1:colcon.colcon_core.package_identification:_identify(src/rviz_plugin_tutorial) by extensions ['ros']
[0.379s] Level 1:colcon.colcon_core.package_identification:_identify(src/rviz_plugin_tutorial) by extension 'ros'
[0.379s] Level 1:colcon.colcon_core.package_identification:_identify(src/rviz_plugin_tutorial) by extensions ['cmake', 'python']
[0.379s] Level 1:colcon.colcon_core.package_identification:_identify(src/rviz_plugin_tutorial) by extension 'cmake'
[0.379s] Level 1:colcon.colcon_core.package_identification:_identify(src/rviz_plugin_tutorial) by extension 'python'
[0.379s] Level 1:colcon.colcon_core.package_identification:_identify(src/rviz_plugin_tutorial) by extensions ['python_setup_py']
[0.379s] Level 1:colcon.colcon_core.package_identification:_identify(src/rviz_plugin_tutorial) by extension 'python_setup_py'
[0.379s] Level 1:colcon.colcon_core.package_identification:_identify(src/rviz_plugin_tutorial/doc) by extensions ['ignore', 'ignore_ament_install']
[0.379s] Level 1:colcon.colcon_core.package_identification:_identify(src/rviz_plugin_tutorial/doc) by extension 'ignore'
[0.379s] Level 1:colcon.colcon_core.package_identification:_identify(src/rviz_plugin_tutorial/doc) by extension 'ignore_ament_install'
[0.379s] Level 1:colcon.colcon_core.package_identification:_identify(src/rviz_plugin_tutorial/doc) by extensions ['colcon_pkg']
[0.379s] Level 1:colcon.colcon_core.package_identification:_identify(src/rviz_plugin_tutorial/doc) by extension 'colcon_pkg'
[0.379s] Level 1:colcon.colcon_core.package_identification:_identify(src/rviz_plugin_tutorial/doc) by extensions ['colcon_meta']
[0.379s] Level 1:colcon.colcon_core.package_identification:_identify(src/rviz_plugin_tutorial/doc) by extension 'colcon_meta'
[0.379s] Level 1:colcon.colcon_core.package_identification:_identify(src/rviz_plugin_tutorial/doc) by extensions ['ros']
[0.379s] Level 1:colcon.colcon_core.package_identification:_identify(src/rviz_plugin_tutorial/doc) by extension 'ros'
[0.380s] Level 1:colcon.colcon_core.package_identification:_identify(src/rviz_plugin_tutorial/doc) by extensions ['cmake', 'python']
[0.380s] Level 1:colcon.colcon_core.package_identification:_identify(src/rviz_plugin_tutorial/doc) by extension 'cmake'
[0.380s] Level 1:colcon.colcon_core.package_identification:_identify(src/rviz_plugin_tutorial/doc) by extension 'python'
[0.380s] Level 1:colcon.colcon_core.package_identification:_identify(src/rviz_plugin_tutorial/doc) by extensions ['python_setup_py']
[0.380s] Level 1:colcon.colcon_core.package_identification:_identify(src/rviz_plugin_tutorial/doc) by extension 'python_setup_py'
[0.380s] Level 1:colcon.colcon_core.package_identification:_identify(src/rviz_plugin_tutorial/rviz_plugin_tutorial) by extensions ['ignore', 'ignore_ament_install']
[0.380s] Level 1:colcon.colcon_core.package_identification:_identify(src/rviz_plugin_tutorial/rviz_plugin_tutorial) by extension 'ignore'
[0.380s] Level 1:colcon.colcon_core.package_identification:_identify(src/rviz_plugin_tutorial/rviz_plugin_tutorial) by extension 'ignore_ament_install'
[0.380s] Level 1:colcon.colcon_core.package_identification:_identify(src/rviz_plugin_tutorial/rviz_plugin_tutorial) by extensions ['colcon_pkg']
[0.380s] Level 1:colcon.colcon_core.package_identification:_identify(src/rviz_plugin_tutorial/rviz_plugin_tutorial) by extension 'colcon_pkg'
[0.380s] Level 1:colcon.colcon_core.package_identification:_identify(src/rviz_plugin_tutorial/rviz_plugin_tutorial) by extensions ['colcon_meta']
[0.380s] Level 1:colcon.colcon_core.package_identification:_identify(src/rviz_plugin_tutorial/rviz_plugin_tutorial) by extension 'colcon_meta'
[0.380s] Level 1:colcon.colcon_core.package_identification:_identify(src/rviz_plugin_tutorial/rviz_plugin_tutorial) by extensions ['ros']
[0.380s] Level 1:colcon.colcon_core.package_identification:_identify(src/rviz_plugin_tutorial/rviz_plugin_tutorial) by extension 'ros'
[0.385s] DEBUG:colcon.colcon_core.package_identification:Package 'src/rviz_plugin_tutorial/rviz_plugin_tutorial' with type 'ros.ament_cmake' and name 'rviz_plugin_tutorial'
[0.385s] Level 1:colcon.colcon_core.package_identification:_identify(src/rviz_plugin_tutorial/rviz_plugin_tutorial_msgs) by extensions ['ignore', 'ignore_ament_install']
[0.385s] Level 1:colcon.colcon_core.package_identification:_identify(src/rviz_plugin_tutorial/rviz_plugin_tutorial_msgs) by extension 'ignore'
[0.385s] Level 1:colcon.colcon_core.package_identification:_identify(src/rviz_plugin_tutorial/rviz_plugin_tutorial_msgs) by extension 'ignore_ament_install'
[0.385s] Level 1:colcon.colcon_core.package_identification:_identify(src/rviz_plugin_tutorial/rviz_plugin_tutorial_msgs) by extensions ['colcon_pkg']
[0.385s] Level 1:colcon.colcon_core.package_identification:_identify(src/rviz_plugin_tutorial/rviz_plugin_tutorial_msgs) by extension 'colcon_pkg'
[0.385s] Level 1:colcon.colcon_core.package_identification:_identify(src/rviz_plugin_tutorial/rviz_plugin_tutorial_msgs) by extensions ['colcon_meta']
[0.385s] Level 1:colcon.colcon_core.package_identification:_identify(src/rviz_plugin_tutorial/rviz_plugin_tutorial_msgs) by extension 'colcon_meta'
[0.385s] Level 1:colcon.colcon_core.package_identification:_identify(src/rviz_plugin_tutorial/rviz_plugin_tutorial_msgs) by extensions ['ros']
[0.385s] Level 1:colcon.colcon_core.package_identification:_identify(src/rviz_plugin_tutorial/rviz_plugin_tutorial_msgs) by extension 'ros'
[0.386s] DEBUG:colcon.colcon_core.package_identification:Package 'src/rviz_plugin_tutorial/rviz_plugin_tutorial_msgs' with type 'ros.ament_cmake' and name 'rviz_plugin_tutorial_msgs'
[0.386s] Level 1:colcon.colcon_core.package_discovery:discover_packages(recursive) using defaults
[0.386s] Level 1:colcon.colcon_core.package_discovery:discover_packages(ignore) discover
[0.386s] Level 1:colcon.colcon_core.package_discovery:discover_packages(ignore) using defaults
[0.386s] Level 1:colcon.colcon_core.package_discovery:discover_packages(path) discover
[0.386s] Level 1:colcon.colcon_core.package_discovery:discover_packages(path) using defaults
[0.422s] Level 1:colcon.colcon_core.package_discovery:discover_packages(prefix_path) check parameters
[0.422s] Level 1:colcon.colcon_core.package_discovery:discover_packages(prefix_path) discover
[0.424s] DEBUG:colcon.colcon_installed_package_information.package_discovery:Found 1 installed packages in /home/ph/fifth_ws/src/install
[0.425s] DEBUG:colcon.colcon_installed_package_information.package_discovery:Found 3 installed packages in /home/ph/fourth_ws/install
[0.427s] DEBUG:colcon.colcon_installed_package_information.package_discovery:Found 440 installed packages in /opt/ros/humble
[0.430s] Level 1:colcon.colcon_core.package_discovery:discover_packages(prefix_path) using defaults
[0.495s] Level 5:colcon.colcon_core.verb:set package 'rviz_plugin_tutorial_msgs' build argument 'cmake_args' from command line to 'None'
[0.495s] Level 5:colcon.colcon_core.verb:set package 'rviz_plugin_tutorial_msgs' build argument 'cmake_target' from command line to 'None'
[0.496s] Level 5:colcon.colcon_core.verb:set package 'rviz_plugin_tutorial_msgs' build argument 'cmake_target_skip_unavailable' from command line to 'False'
[0.496s] Level 5:colcon.colcon_core.verb:set package 'rviz_plugin_tutorial_msgs' build argument 'cmake_clean_cache' from command line to 'False'
[0.496s] Level 5:colcon.colcon_core.verb:set package 'rviz_plugin_tutorial_msgs' build argument 'cmake_clean_first' from command line to 'False'
[0.496s] Level 5:colcon.colcon_core.verb:set package 'rviz_plugin_tutorial_msgs' build argument 'cmake_force_configure' from command line to 'False'
[0.496s] Level 5:colcon.colcon_core.verb:set package 'rviz_plugin_tutorial_msgs' build argument 'ament_cmake_args' from command line to 'None'
[0.496s] Level 5:colcon.colcon_core.verb:set package 'rviz_plugin_tutorial_msgs' build argument 'catkin_cmake_args' from command line to 'None'
[0.496s] Level 5:colcon.colcon_core.verb:set package 'rviz_plugin_tutorial_msgs' build argument 'catkin_skip_building_tests' from command line to 'False'
[0.496s] DEBUG:colcon.colcon_core.verb:Building package 'rviz_plugin_tutorial_msgs' with the following arguments: {'ament_cmake_args': None, 'build_base': '/home/ph/sixth_ws/build/rviz_plugin_tutorial_msgs', 'catkin_cmake_args': None, 'catkin_skip_building_tests': False, 'cmake_args': None, 'cmake_clean_cache': False, 'cmake_clean_first': False, 'cmake_force_configure': False, 'cmake_target': None, 'cmake_target_skip_unavailable': False, 'install_base': '/home/ph/sixth_ws/install/rviz_plugin_tutorial_msgs', 'merge_install': False, 'path': '/home/ph/sixth_ws/src/rviz_plugin_tutorial/rviz_plugin_tutorial_msgs', 'symlink_install': False, 'test_result_base': None}
[0.496s] Level 5:colcon.colcon_core.verb:set package 'rviz_plugin_tutorial' build argument 'cmake_args' from command line to 'None'
[0.496s] Level 5:colcon.colcon_core.verb:set package 'rviz_plugin_tutorial' build argument 'cmake_target' from command line to 'None'
[0.496s] Level 5:colcon.colcon_core.verb:set package 'rviz_plugin_tutorial' build argument 'cmake_target_skip_unavailable' from command line to 'False'
[0.496s] Level 5:colcon.colcon_core.verb:set package 'rviz_plugin_tutorial' build argument 'cmake_clean_cache' from command line to 'False'
[0.496s] Level 5:colcon.colcon_core.verb:set package 'rviz_plugin_tutorial' build argument 'cmake_clean_first' from command line to 'False'
[0.496s] Level 5:colcon.colcon_core.verb:set package 'rviz_plugin_tutorial' build argument 'cmake_force_configure' from command line to 'False'
[0.496s] Level 5:colcon.colcon_core.verb:set package 'rviz_plugin_tutorial' build argument 'ament_cmake_args' from command line to 'None'
[0.496s] Level 5:colcon.colcon_core.verb:set package 'rviz_plugin_tutorial' build argument 'catkin_cmake_args' from command line to 'None'
[0.496s] Level 5:colcon.colcon_core.verb:set package 'rviz_plugin_tutorial' build argument 'catkin_skip_building_tests' from command line to 'False'
[0.496s] DEBUG:colcon.colcon_core.verb:Building package 'rviz_plugin_tutorial' with the following arguments: {'ament_cmake_args': None, 'build_base': '/home/ph/sixth_ws/build/rviz_plugin_tutorial', 'catkin_cmake_args': None, 'catkin_skip_building_tests': False, 'cmake_args': None, 'cmake_clean_cache': False, 'cmake_clean_first': False, 'cmake_force_configure': False, 'cmake_target': None, 'cmake_target_skip_unavailable': False, 'install_base': '/home/ph/sixth_ws/install/rviz_plugin_tutorial', 'merge_install': False, 'path': '/home/ph/sixth_ws/src/rviz_plugin_tutorial/rviz_plugin_tutorial', 'symlink_install': False, 'test_result_base': None}
[0.497s] INFO:colcon.colcon_core.executor:Executing jobs using 'parallel' executor
[0.498s] DEBUG:colcon.colcon_parallel_executor.executor.parallel:run_until_complete
[0.498s] INFO:colcon.colcon_ros.task.ament_cmake.build:Building ROS package in '/home/ph/sixth_ws/src/rviz_plugin_tutorial/rviz_plugin_tutorial_msgs' with build type 'ament_cmake'
[0.498s] INFO:colcon.colcon_cmake.task.cmake.build:Building CMake package in '/home/ph/sixth_ws/src/rviz_plugin_tutorial/rviz_plugin_tutorial_msgs'
[0.501s] INFO:colcon.colcon_core.plugin_system:Skipping extension 'colcon_core.shell.bat': Not used on non-Windows systems
[0.501s] INFO:colcon.colcon_core.shell:Skip shell extension 'powershell' for command environment: Not usable outside of PowerShell
[0.501s] DEBUG:colcon.colcon_core.shell:Skip shell extension 'dsv' for command environment
[0.515s] DEBUG:colcon.colcon_core.event_handler.log_command:Invoking command in '/home/ph/sixth_ws/build/rviz_plugin_tutorial_msgs': CMAKE_PREFIX_PATH=/home/ph/fifth_ws/src/install/urdf_tutorial_cpp:/opt/ros/humble:/home/ph/fourth_ws/install/urdf_sim_tutorial:/home/ph/fourth_ws/install/urdf_tutorial:/home/ph/fourth_ws/install/urdf_launch /usr/bin/cmake /home/ph/sixth_ws/src/rviz_plugin_tutorial/rviz_plugin_tutorial_msgs -DCMAKE_INSTALL_PREFIX=/home/ph/sixth_ws/install/rviz_plugin_tutorial_msgs
[2.978s] DEBUG:colcon.colcon_core.event_handler.log_command:Invoked command in '/home/ph/sixth_ws/build/rviz_plugin_tutorial_msgs' returned '0': CMAKE_PREFIX_PATH=/home/ph/fifth_ws/src/install/urdf_tutorial_cpp:/opt/ros/humble:/home/ph/fourth_ws/install/urdf_sim_tutorial:/home/ph/fourth_ws/install/urdf_tutorial:/home/ph/fourth_ws/install/urdf_launch /usr/bin/cmake /home/ph/sixth_ws/src/rviz_plugin_tutorial/rviz_plugin_tutorial_msgs -DCMAKE_INSTALL_PREFIX=/home/ph/sixth_ws/install/rviz_plugin_tutorial_msgs
[2.981s] DEBUG:colcon.colcon_core.event_handler.log_command:Invoking command in '/home/ph/sixth_ws/build/rviz_plugin_tutorial_msgs': CMAKE_PREFIX_PATH=/home/ph/fifth_ws/src/install/urdf_tutorial_cpp:/opt/ros/humble:/home/ph/fourth_ws/install/urdf_sim_tutorial:/home/ph/fourth_ws/install/urdf_tutorial:/home/ph/fourth_ws/install/urdf_launch /usr/bin/cmake --build /home/ph/sixth_ws/build/rviz_plugin_tutorial_msgs -- -j8 -l8
[5.968s] DEBUG:colcon.colcon_core.event_handler.log_command:Invoked command in '/home/ph/sixth_ws/build/rviz_plugin_tutorial_msgs' returned '0': CMAKE_PREFIX_PATH=/home/ph/fifth_ws/src/install/urdf_tutorial_cpp:/opt/ros/humble:/home/ph/fourth_ws/install/urdf_sim_tutorial:/home/ph/fourth_ws/install/urdf_tutorial:/home/ph/fourth_ws/install/urdf_launch /usr/bin/cmake --build /home/ph/sixth_ws/build/rviz_plugin_tutorial_msgs -- -j8 -l8
[5.987s] DEBUG:colcon.colcon_core.event_handler.log_command:Invoking command in '/home/ph/sixth_ws/build/rviz_plugin_tutorial_msgs': CMAKE_PREFIX_PATH=/home/ph/fifth_ws/src/install/urdf_tutorial_cpp:/opt/ros/humble:/home/ph/fourth_ws/install/urdf_sim_tutorial:/home/ph/fourth_ws/install/urdf_tutorial:/home/ph/fourth_ws/install/urdf_launch /usr/bin/cmake --install /home/ph/sixth_ws/build/rviz_plugin_tutorial_msgs
[6.100s] Level 1:colcon.colcon_core.environment:create_environment_scripts_only(rviz_plugin_tutorial_msgs)
[6.101s] DEBUG:colcon.colcon_core.event_handler.log_command:Invoked command in '/home/ph/sixth_ws/build/rviz_plugin_tutorial_msgs' returned '0': CMAKE_PREFIX_PATH=/home/ph/fifth_ws/src/install/urdf_tutorial_cpp:/opt/ros/humble:/home/ph/fourth_ws/install/urdf_sim_tutorial:/home/ph/fourth_ws/install/urdf_tutorial:/home/ph/fourth_ws/install/urdf_launch /usr/bin/cmake --install /home/ph/sixth_ws/build/rviz_plugin_tutorial_msgs
[6.107s] Level 1:colcon.colcon_core.environment:checking '/home/ph/sixth_ws/install/rviz_plugin_tutorial_msgs' for CMake module files
[6.109s] Level 1:colcon.colcon_core.environment:checking '/home/ph/sixth_ws/install/rviz_plugin_tutorial_msgs' for CMake config files
[6.110s] Level 1:colcon.colcon_core.shell:create_environment_hook('rviz_plugin_tutorial_msgs', 'cmake_prefix_path')
[6.110s] INFO:colcon.colcon_core.shell:Creating environment hook '/home/ph/sixth_ws/install/rviz_plugin_tutorial_msgs/share/rviz_plugin_tutorial_msgs/hook/cmake_prefix_path.ps1'
[6.112s] INFO:colcon.colcon_core.shell:Creating environment descriptor '/home/ph/sixth_ws/install/rviz_plugin_tutorial_msgs/share/rviz_plugin_tutorial_msgs/hook/cmake_prefix_path.dsv'
[6.114s] INFO:colcon.colcon_core.shell:Creating environment hook '/home/ph/sixth_ws/install/rviz_plugin_tutorial_msgs/share/rviz_plugin_tutorial_msgs/hook/cmake_prefix_path.sh'
[6.116s] Level 1:colcon.colcon_core.environment:checking '/home/ph/sixth_ws/install/rviz_plugin_tutorial_msgs/lib'
[6.117s] Level 1:colcon.colcon_core.shell:create_environment_hook('rviz_plugin_tutorial_msgs', 'ld_library_path_lib')
[6.118s] INFO:colcon.colcon_core.shell:Creating environment hook '/home/ph/sixth_ws/install/rviz_plugin_tutorial_msgs/share/rviz_plugin_tutorial_msgs/hook/ld_library_path_lib.ps1'
[6.119s] INFO:colcon.colcon_core.shell:Creating environment descriptor '/home/ph/sixth_ws/install/rviz_plugin_tutorial_msgs/share/rviz_plugin_tutorial_msgs/hook/ld_library_path_lib.dsv'
[6.120s] INFO:colcon.colcon_core.shell:Creating environment hook '/home/ph/sixth_ws/install/rviz_plugin_tutorial_msgs/share/rviz_plugin_tutorial_msgs/hook/ld_library_path_lib.sh'
[6.121s] Level 1:colcon.colcon_core.environment:checking '/home/ph/sixth_ws/install/rviz_plugin_tutorial_msgs/bin'
[6.121s] Level 1:colcon.colcon_core.environment:checking '/home/ph/sixth_ws/install/rviz_plugin_tutorial_msgs/lib/pkgconfig/rviz_plugin_tutorial_msgs.pc'
[6.122s] Level 1:colcon.colcon_core.environment:checking '/home/ph/sixth_ws/install/rviz_plugin_tutorial_msgs/lib/python3.10/site-packages'
[6.123s] Level 1:colcon.colcon_core.environment:checking '/home/ph/sixth_ws/install/rviz_plugin_tutorial_msgs/bin'
[6.124s] INFO:colcon.colcon_core.shell:Creating package script '/home/ph/sixth_ws/install/rviz_plugin_tutorial_msgs/share/rviz_plugin_tutorial_msgs/package.ps1'
[6.127s] INFO:colcon.colcon_core.shell:Creating package descriptor '/home/ph/sixth_ws/install/rviz_plugin_tutorial_msgs/share/rviz_plugin_tutorial_msgs/package.dsv'
[6.128s] INFO:colcon.colcon_core.shell:Creating package script '/home/ph/sixth_ws/install/rviz_plugin_tutorial_msgs/share/rviz_plugin_tutorial_msgs/package.sh'
[6.130s] INFO:colcon.colcon_core.shell:Creating package script '/home/ph/sixth_ws/install/rviz_plugin_tutorial_msgs/share/rviz_plugin_tutorial_msgs/package.bash'
[6.133s] INFO:colcon.colcon_core.shell:Creating package script '/home/ph/sixth_ws/install/rviz_plugin_tutorial_msgs/share/rviz_plugin_tutorial_msgs/package.zsh'
[6.134s] Level 1:colcon.colcon_core.environment:create_file_with_runtime_dependencies(/home/ph/sixth_ws/install/rviz_plugin_tutorial_msgs/share/colcon-core/packages/rviz_plugin_tutorial_msgs)
[6.136s] Level 1:colcon.colcon_core.environment:create_environment_scripts_only(rviz_plugin_tutorial_msgs)
[6.137s] Level 1:colcon.colcon_core.environment:checking '/home/ph/sixth_ws/install/rviz_plugin_tutorial_msgs' for CMake module files
[6.139s] Level 1:colcon.colcon_core.environment:checking '/home/ph/sixth_ws/install/rviz_plugin_tutorial_msgs' for CMake config files
[6.140s] Level 1:colcon.colcon_core.shell:create_environment_hook('rviz_plugin_tutorial_msgs', 'cmake_prefix_path')
[6.141s] INFO:colcon.colcon_core.shell:Creating environment hook '/home/ph/sixth_ws/install/rviz_plugin_tutorial_msgs/share/rviz_plugin_tutorial_msgs/hook/cmake_prefix_path.ps1'
[6.142s] INFO:colcon.colcon_core.shell:Creating environment descriptor '/home/ph/sixth_ws/install/rviz_plugin_tutorial_msgs/share/rviz_plugin_tutorial_msgs/hook/cmake_prefix_path.dsv'
[6.143s] INFO:colcon.colcon_core.shell:Creating environment hook '/home/ph/sixth_ws/install/rviz_plugin_tutorial_msgs/share/rviz_plugin_tutorial_msgs/hook/cmake_prefix_path.sh'
[6.144s] Level 1:colcon.colcon_core.environment:checking '/home/ph/sixth_ws/install/rviz_plugin_tutorial_msgs/lib'
[6.144s] Level 1:colcon.colcon_core.shell:create_environment_hook('rviz_plugin_tutorial_msgs', 'ld_library_path_lib')
[6.145s] INFO:colcon.colcon_core.shell:Creating environment hook '/home/ph/sixth_ws/install/rviz_plugin_tutorial_msgs/share/rviz_plugin_tutorial_msgs/hook/ld_library_path_lib.ps1'
[6.146s] INFO:colcon.colcon_core.shell:Creating environment descriptor '/home/ph/sixth_ws/install/rviz_plugin_tutorial_msgs/share/rviz_plugin_tutorial_msgs/hook/ld_library_path_lib.dsv'
[6.147s] INFO:colcon.colcon_core.shell:Creating environment hook '/home/ph/sixth_ws/install/rviz_plugin_tutorial_msgs/share/rviz_plugin_tutorial_msgs/hook/ld_library_path_lib.sh'
[6.148s] Level 1:colcon.colcon_core.environment:checking '/home/ph/sixth_ws/install/rviz_plugin_tutorial_msgs/bin'
[6.149s] Level 1:colcon.colcon_core.environment:checking '/home/ph/sixth_ws/install/rviz_plugin_tutorial_msgs/lib/pkgconfig/rviz_plugin_tutorial_msgs.pc'
[6.149s] Level 1:colcon.colcon_core.environment:checking '/home/ph/sixth_ws/install/rviz_plugin_tutorial_msgs/lib/python3.10/site-packages'
[6.150s] Level 1:colcon.colcon_core.environment:checking '/home/ph/sixth_ws/install/rviz_plugin_tutorial_msgs/bin'
[6.151s] INFO:colcon.colcon_core.shell:Creating package script '/home/ph/sixth_ws/install/rviz_plugin_tutorial_msgs/share/rviz_plugin_tutorial_msgs/package.ps1'
[6.152s] INFO:colcon.colcon_core.shell:Creating package descriptor '/home/ph/sixth_ws/install/rviz_plugin_tutorial_msgs/share/rviz_plugin_tutorial_msgs/package.dsv'
[6.154s] INFO:colcon.colcon_core.shell:Creating package script '/home/ph/sixth_ws/install/rviz_plugin_tutorial_msgs/share/rviz_plugin_tutorial_msgs/package.sh'
[6.154s] INFO:colcon.colcon_core.shell:Creating package script '/home/ph/sixth_ws/install/rviz_plugin_tutorial_msgs/share/rviz_plugin_tutorial_msgs/package.bash'
[6.155s] INFO:colcon.colcon_core.shell:Creating package script '/home/ph/sixth_ws/install/rviz_plugin_tutorial_msgs/share/rviz_plugin_tutorial_msgs/package.zsh'
[6.155s] Level 1:colcon.colcon_core.environment:create_file_with_runtime_dependencies(/home/ph/sixth_ws/install/rviz_plugin_tutorial_msgs/share/colcon-core/packages/rviz_plugin_tutorial_msgs)
[6.155s] INFO:colcon.colcon_ros.task.ament_cmake.build:Building ROS package in '/home/ph/sixth_ws/src/rviz_plugin_tutorial/rviz_plugin_tutorial' with build type 'ament_cmake'
[6.155s] INFO:colcon.colcon_cmake.task.cmake.build:Building CMake package in '/home/ph/sixth_ws/src/rviz_plugin_tutorial/rviz_plugin_tutorial'
[6.156s] INFO:colcon.colcon_core.shell:Skip shell extension 'powershell' for command environment: Not usable outside of PowerShell
[6.156s] DEBUG:colcon.colcon_core.shell:Skip shell extension 'dsv' for command environment
[6.176s] DEBUG:colcon.colcon_core.event_handler.log_command:Invoking command in '/home/ph/sixth_ws/build/rviz_plugin_tutorial': AMENT_PREFIX_PATH=/home/ph/sixth_ws/install/rviz_plugin_tutorial_msgs:${AMENT_PREFIX_PATH} CMAKE_PREFIX_PATH=/home/ph/sixth_ws/install/rviz_plugin_tutorial_msgs:/home/ph/fifth_ws/src/install/urdf_tutorial_cpp:/opt/ros/humble:/home/ph/fourth_ws/install/urdf_sim_tutorial:/home/ph/fourth_ws/install/urdf_tutorial:/home/ph/fourth_ws/install/urdf_launch LD_LIBRARY_PATH=/home/ph/sixth_ws/install/rviz_plugin_tutorial_msgs/lib:${LD_LIBRARY_PATH} PYTHONPATH=/home/ph/sixth_ws/install/rviz_plugin_tutorial_msgs/local/lib/python3.10/dist-packages:${PYTHONPATH} /usr/bin/cmake /home/ph/sixth_ws/src/rviz_plugin_tutorial/rviz_plugin_tutorial -DCMAKE_INSTALL_PREFIX=/home/ph/sixth_ws/install/rviz_plugin_tutorial
[9.689s] DEBUG:colcon.colcon_core.event_handler.log_command:Invoked command in '/home/ph/sixth_ws/build/rviz_plugin_tutorial' returned '0': AMENT_PREFIX_PATH=/home/ph/sixth_ws/install/rviz_plugin_tutorial_msgs:${AMENT_PREFIX_PATH} CMAKE_PREFIX_PATH=/home/ph/sixth_ws/install/rviz_plugin_tutorial_msgs:/home/ph/fifth_ws/src/install/urdf_tutorial_cpp:/opt/ros/humble:/home/ph/fourth_ws/install/urdf_sim_tutorial:/home/ph/fourth_ws/install/urdf_tutorial:/home/ph/fourth_ws/install/urdf_launch LD_LIBRARY_PATH=/home/ph/sixth_ws/install/rviz_plugin_tutorial_msgs/lib:${LD_LIBRARY_PATH} PYTHONPATH=/home/ph/sixth_ws/install/rviz_plugin_tutorial_msgs/local/lib/python3.10/dist-packages:${PYTHONPATH} /usr/bin/cmake /home/ph/sixth_ws/src/rviz_plugin_tutorial/rviz_plugin_tutorial -DCMAKE_INSTALL_PREFIX=/home/ph/sixth_ws/install/rviz_plugin_tutorial
[9.692s] DEBUG:colcon.colcon_core.event_handler.log_command:Invoking command in '/home/ph/sixth_ws/build/rviz_plugin_tutorial': AMENT_PREFIX_PATH=/home/ph/sixth_ws/install/rviz_plugin_tutorial_msgs:${AMENT_PREFIX_PATH} CMAKE_PREFIX_PATH=/home/ph/sixth_ws/install/rviz_plugin_tutorial_msgs:/home/ph/fifth_ws/src/install/urdf_tutorial_cpp:/opt/ros/humble:/home/ph/fourth_ws/install/urdf_sim_tutorial:/home/ph/fourth_ws/install/urdf_tutorial:/home/ph/fourth_ws/install/urdf_launch LD_LIBRARY_PATH=/home/ph/sixth_ws/install/rviz_plugin_tutorial_msgs/lib:${LD_LIBRARY_PATH} PYTHONPATH=/home/ph/sixth_ws/install/rviz_plugin_tutorial_msgs/local/lib/python3.10/dist-packages:${PYTHONPATH} /usr/bin/cmake --build /home/ph/sixth_ws/build/rviz_plugin_tutorial -- -j8 -l8
[28.208s] DEBUG:colcon.colcon_core.event_handler.log_command:Invoked command in '/home/ph/sixth_ws/build/rviz_plugin_tutorial' returned '0': AMENT_PREFIX_PATH=/home/ph/sixth_ws/install/rviz_plugin_tutorial_msgs:${AMENT_PREFIX_PATH} CMAKE_PREFIX_PATH=/home/ph/sixth_ws/install/rviz_plugin_tutorial_msgs:/home/ph/fifth_ws/src/install/urdf_tutorial_cpp:/opt/ros/humble:/home/ph/fourth_ws/install/urdf_sim_tutorial:/home/ph/fourth_ws/install/urdf_tutorial:/home/ph/fourth_ws/install/urdf_launch LD_LIBRARY_PATH=/home/ph/sixth_ws/install/rviz_plugin_tutorial_msgs/lib:${LD_LIBRARY_PATH} PYTHONPATH=/home/ph/sixth_ws/install/rviz_plugin_tutorial_msgs/local/lib/python3.10/dist-packages:${PYTHONPATH} /usr/bin/cmake --build /home/ph/sixth_ws/build/rviz_plugin_tutorial -- -j8 -l8
[28.212s] DEBUG:colcon.colcon_core.event_handler.log_command:Invoking command in '/home/ph/sixth_ws/build/rviz_plugin_tutorial': AMENT_PREFIX_PATH=/home/ph/sixth_ws/install/rviz_plugin_tutorial_msgs:${AMENT_PREFIX_PATH} CMAKE_PREFIX_PATH=/home/ph/sixth_ws/install/rviz_plugin_tutorial_msgs:/home/ph/fifth_ws/src/install/urdf_tutorial_cpp:/opt/ros/humble:/home/ph/fourth_ws/install/urdf_sim_tutorial:/home/ph/fourth_ws/install/urdf_tutorial:/home/ph/fourth_ws/install/urdf_launch LD_LIBRARY_PATH=/home/ph/sixth_ws/install/rviz_plugin_tutorial_msgs/lib:${LD_LIBRARY_PATH} PYTHONPATH=/home/ph/sixth_ws/install/rviz_plugin_tutorial_msgs/local/lib/python3.10/dist-packages:${PYTHONPATH} /usr/bin/cmake --install /home/ph/sixth_ws/build/rviz_plugin_tutorial
[28.250s] Level 1:colcon.colcon_core.environment:create_environment_scripts_only(rviz_plugin_tutorial)
[28.251s] Level 1:colcon.colcon_core.environment:checking '/home/ph/sixth_ws/install/rviz_plugin_tutorial' for CMake module files
[28.251s] DEBUG:colcon.colcon_core.event_handler.log_command:Invoked command in '/home/ph/sixth_ws/build/rviz_plugin_tutorial' returned '0': AMENT_PREFIX_PATH=/home/ph/sixth_ws/install/rviz_plugin_tutorial_msgs:${AMENT_PREFIX_PATH} CMAKE_PREFIX_PATH=/home/ph/sixth_ws/install/rviz_plugin_tutorial_msgs:/home/ph/fifth_ws/src/install/urdf_tutorial_cpp:/opt/ros/humble:/home/ph/fourth_ws/install/urdf_sim_tutorial:/home/ph/fourth_ws/install/urdf_tutorial:/home/ph/fourth_ws/install/urdf_launch LD_LIBRARY_PATH=/home/ph/sixth_ws/install/rviz_plugin_tutorial_msgs/lib:${LD_LIBRARY_PATH} PYTHONPATH=/home/ph/sixth_ws/install/rviz_plugin_tutorial_msgs/local/lib/python3.10/dist-packages:${PYTHONPATH} /usr/bin/cmake --install /home/ph/sixth_ws/build/rviz_plugin_tutorial
[28.252s] Level 1:colcon.colcon_core.environment:checking '/home/ph/sixth_ws/install/rviz_plugin_tutorial' for CMake config files
[28.252s] Level 1:colcon.colcon_core.shell:create_environment_hook('rviz_plugin_tutorial', 'cmake_prefix_path')
[28.253s] INFO:colcon.colcon_core.shell:Creating environment hook '/home/ph/sixth_ws/install/rviz_plugin_tutorial/share/rviz_plugin_tutorial/hook/cmake_prefix_path.ps1'
[28.254s] INFO:colcon.colcon_core.shell:Creating environment descriptor '/home/ph/sixth_ws/install/rviz_plugin_tutorial/share/rviz_plugin_tutorial/hook/cmake_prefix_path.dsv'
[28.255s] INFO:colcon.colcon_core.shell:Creating environment hook '/home/ph/sixth_ws/install/rviz_plugin_tutorial/share/rviz_plugin_tutorial/hook/cmake_prefix_path.sh'
[28.256s] Level 1:colcon.colcon_core.environment:checking '/home/ph/sixth_ws/install/rviz_plugin_tutorial/lib'
[28.256s] Level 1:colcon.colcon_core.shell:create_environment_hook('rviz_plugin_tutorial', 'ld_library_path_lib')
[28.257s] INFO:colcon.colcon_core.shell:Creating environment hook '/home/ph/sixth_ws/install/rviz_plugin_tutorial/share/rviz_plugin_tutorial/hook/ld_library_path_lib.ps1'
[28.257s] INFO:colcon.colcon_core.shell:Creating environment descriptor '/home/ph/sixth_ws/install/rviz_plugin_tutorial/share/rviz_plugin_tutorial/hook/ld_library_path_lib.dsv'
[28.258s] INFO:colcon.colcon_core.shell:Creating environment hook '/home/ph/sixth_ws/install/rviz_plugin_tutorial/share/rviz_plugin_tutorial/hook/ld_library_path_lib.sh'
[28.258s] Level 1:colcon.colcon_core.environment:checking '/home/ph/sixth_ws/install/rviz_plugin_tutorial/bin'
[28.258s] Level 1:colcon.colcon_core.environment:checking '/home/ph/sixth_ws/install/rviz_plugin_tutorial/lib/pkgconfig/rviz_plugin_tutorial.pc'
[28.258s] Level 1:colcon.colcon_core.environment:checking '/home/ph/sixth_ws/install/rviz_plugin_tutorial/lib/python3.10/site-packages'
[28.259s] Level 1:colcon.colcon_core.environment:checking '/home/ph/sixth_ws/install/rviz_plugin_tutorial/bin'
[28.259s] INFO:colcon.colcon_core.shell:Creating package script '/home/ph/sixth_ws/install/rviz_plugin_tutorial/share/rviz_plugin_tutorial/package.ps1'
[28.260s] INFO:colcon.colcon_core.shell:Creating package descriptor '/home/ph/sixth_ws/install/rviz_plugin_tutorial/share/rviz_plugin_tutorial/package.dsv'
[28.260s] INFO:colcon.colcon_core.shell:Creating package script '/home/ph/sixth_ws/install/rviz_plugin_tutorial/share/rviz_plugin_tutorial/package.sh'
[28.261s] INFO:colcon.colcon_core.shell:Creating package script '/home/ph/sixth_ws/install/rviz_plugin_tutorial/share/rviz_plugin_tutorial/package.bash'
[28.261s] INFO:colcon.colcon_core.shell:Creating package script '/home/ph/sixth_ws/install/rviz_plugin_tutorial/share/rviz_plugin_tutorial/package.zsh'
[28.261s] Level 1:colcon.colcon_core.environment:create_file_with_runtime_dependencies(/home/ph/sixth_ws/install/rviz_plugin_tutorial/share/colcon-core/packages/rviz_plugin_tutorial)
[28.262s] Level 1:colcon.colcon_core.environment:create_environment_scripts_only(rviz_plugin_tutorial)
[28.262s] Level 1:colcon.colcon_core.environment:checking '/home/ph/sixth_ws/install/rviz_plugin_tutorial' for CMake module files
[28.263s] Level 1:colcon.colcon_core.environment:checking '/home/ph/sixth_ws/install/rviz_plugin_tutorial' for CMake config files
[28.263s] Level 1:colcon.colcon_core.shell:create_environment_hook('rviz_plugin_tutorial', 'cmake_prefix_path')
[28.264s] INFO:colcon.colcon_core.shell:Creating environment hook '/home/ph/sixth_ws/install/rviz_plugin_tutorial/share/rviz_plugin_tutorial/hook/cmake_prefix_path.ps1'
[28.265s] INFO:colcon.colcon_core.shell:Creating environment descriptor '/home/ph/sixth_ws/install/rviz_plugin_tutorial/share/rviz_plugin_tutorial/hook/cmake_prefix_path.dsv'
[28.265s] INFO:colcon.colcon_core.shell:Creating environment hook '/home/ph/sixth_ws/install/rviz_plugin_tutorial/share/rviz_plugin_tutorial/hook/cmake_prefix_path.sh'
[28.266s] Level 1:colcon.colcon_core.environment:checking '/home/ph/sixth_ws/install/rviz_plugin_tutorial/lib'
[28.266s] Level 1:colcon.colcon_core.shell:create_environment_hook('rviz_plugin_tutorial', 'ld_library_path_lib')
[28.266s] INFO:colcon.colcon_core.shell:Creating environment hook '/home/ph/sixth_ws/install/rviz_plugin_tutorial/share/rviz_plugin_tutorial/hook/ld_library_path_lib.ps1'
[28.266s] INFO:colcon.colcon_core.shell:Creating environment descriptor '/home/ph/sixth_ws/install/rviz_plugin_tutorial/share/rviz_plugin_tutorial/hook/ld_library_path_lib.dsv'
[28.267s] INFO:colcon.colcon_core.shell:Creating environment hook '/home/ph/sixth_ws/install/rviz_plugin_tutorial/share/rviz_plugin_tutorial/hook/ld_library_path_lib.sh'
[28.267s] Level 1:colcon.colcon_core.environment:checking '/home/ph/sixth_ws/install/rviz_plugin_tutorial/bin'
[28.267s] Level 1:colcon.colcon_core.environment:checking '/home/ph/sixth_ws/install/rviz_plugin_tutorial/lib/pkgconfig/rviz_plugin_tutorial.pc'
[28.267s] Level 1:colcon.colcon_core.environment:checking '/home/ph/sixth_ws/install/rviz_plugin_tutorial/lib/python3.10/site-packages'
[28.268s] Level 1:colcon.colcon_core.environment:checking '/home/ph/sixth_ws/install/rviz_plugin_tutorial/bin'
[28.268s] INFO:colcon.colcon_core.shell:Creating package script '/home/ph/sixth_ws/install/rviz_plugin_tutorial/share/rviz_plugin_tutorial/package.ps1'
[28.269s] INFO:colcon.colcon_core.shell:Creating package descriptor '/home/ph/sixth_ws/install/rviz_plugin_tutorial/share/rviz_plugin_tutorial/package.dsv'
[28.269s] INFO:colcon.colcon_core.shell:Creating package script '/home/ph/sixth_ws/install/rviz_plugin_tutorial/share/rviz_plugin_tutorial/package.sh'
[28.270s] INFO:colcon.colcon_core.shell:Creating package script '/home/ph/sixth_ws/install/rviz_plugin_tutorial/share/rviz_plugin_tutorial/package.bash'
[28.270s] INFO:colcon.colcon_core.shell:Creating package script '/home/ph/sixth_ws/install/rviz_plugin_tutorial/share/rviz_plugin_tutorial/package.zsh'
[28.271s] Level 1:colcon.colcon_core.environment:create_file_with_runtime_dependencies(/home/ph/sixth_ws/install/rviz_plugin_tutorial/share/colcon-core/packages/rviz_plugin_tutorial)
[28.271s] DEBUG:colcon.colcon_parallel_executor.executor.parallel:closing loop
[28.271s] DEBUG:colcon.colcon_parallel_executor.executor.parallel:loop closed
[28.271s] DEBUG:colcon.colcon_parallel_executor.executor.parallel:run_until_complete finished with '0'
[28.271s] DEBUG:colcon.colcon_core.event_reactor:joining thread
[28.329s] INFO:colcon.colcon_core.plugin_system:Skipping extension 'colcon_notification.desktop_notification.terminal_notifier': Not used on non-Darwin systems
[28.330s] INFO:colcon.colcon_core.plugin_system:Skipping extension 'colcon_notification.desktop_notification.win32': Not used on non-Windows systems
[28.330s] INFO:colcon.colcon_notification.desktop_notification:Sending desktop notification using 'notify2'
[28.350s] DEBUG:colcon.colcon_core.event_reactor:joined thread
[28.350s] INFO:colcon.colcon_core.shell:Creating prefix script '/home/ph/sixth_ws/install/local_setup.ps1'
[28.353s] INFO:colcon.colcon_core.shell:Creating prefix util module '/home/ph/sixth_ws/install/_local_setup_util_ps1.py'
[28.356s] INFO:colcon.colcon_core.shell:Creating prefix chain script '/home/ph/sixth_ws/install/setup.ps1'
[28.360s] INFO:colcon.colcon_core.shell:Creating prefix script '/home/ph/sixth_ws/install/local_setup.sh'
[28.361s] INFO:colcon.colcon_core.shell:Creating prefix util module '/home/ph/sixth_ws/install/_local_setup_util_sh.py'
[28.362s] INFO:colcon.colcon_core.shell:Creating prefix chain script '/home/ph/sixth_ws/install/setup.sh'
[28.366s] INFO:colcon.colcon_core.shell:Creating prefix script '/home/ph/sixth_ws/install/local_setup.bash'
[28.368s] INFO:colcon.colcon_core.shell:Creating prefix chain script '/home/ph/sixth_ws/install/setup.bash'
[28.371s] INFO:colcon.colcon_core.shell:Creating prefix script '/home/ph/sixth_ws/install/local_setup.zsh'
[28.373s] INFO:colcon.colcon_core.shell:Creating prefix chain script '/home/ph/sixth_ws/install/setup.zsh'
