[0.025s] Invoking command in '/home/ph/ros2_firstw/build/more_interfaces': CMAKE_PREFIX_PATH=/opt/ros/humble /usr/bin/cmake /home/ph/ros2_firstw/src/more_interfaces -DCMAKE_INSTALL_PREFIX=/home/ph/ros2_firstw/install/more_interfaces
[0.041s] -- Found ament_cmake: 1.3.12 (/opt/ros/humble/share/ament_cmake/cmake)
[0.257s] -- Found rosidl_default_generators: 1.2.0 (/opt/ros/humble/share/rosidl_default_generators/cmake)
[0.259s] -- Using all available rosidl_typesupport_c: rosidl_typesupport_fastrtps_c;rosidl_typesupport_introspection_c
[0.263s] -- Found rosidl_adapter: 3.1.7 (/opt/ros/humble/share/rosidl_adapter/cmake)
[0.314s] -- Using all available rosidl_typesupport_cpp: rosidl_typesupport_fastrtps_cpp;rosidl_typesupport_introspection_cpp
[0.352s] -- Found rclcpp: 16.0.15 (/opt/ros/humble/share/rclcpp/cmake)
[0.394s] -- Found rmw_implementation_cmake: 6.1.2 (/opt/ros/humble/share/rmw_implementation_cmake/cmake)
[0.396s] -- Found rmw_fastrtps_cpp: 6.2.9 (/opt/ros/humble/share/rmw_fastrtps_cpp/cmake)
[0.530s] -- Using RMW implementation 'rmw_fastrtps_cpp' as default
[0.597s] [31mCMake Error at /opt/ros/humble/share/rosidl_cmake/cmake/rosidl_get_typesupport_target.cmake:29 (message):
[0.597s]   more_interfaces is not a CMake target.  Maybe rosidl_generate_interfaces
[0.598s]   was given a different target name?
[0.598s] Call Stack (most recent call first):
[0.598s]   CMakeLists.txt:20 (rosidl_get_typesupport_target)
[0.598s] 
[0.598s] [0m
[0.599s] -- Configuring incomplete, errors occurred!
[0.599s] See also "/home/ph/ros2_firstw/build/more_interfaces/CMakeFiles/CMakeOutput.log".
[0.607s] Invoked command in '/home/ph/ros2_firstw/build/more_interfaces' returned '1': CMAKE_PREFIX_PATH=/opt/ros/humble /usr/bin/cmake /home/ph/ros2_firstw/src/more_interfaces -DCMAKE_INSTALL_PREFIX=/home/ph/ros2_firstw/install/more_interfaces
