-- Found ament_cmake: 1.3.12 (/opt/ros/humble/share/ament_cmake/cmake)
-- Found rosidl_default_generators: 1.2.0 (/opt/ros/humble/share/rosidl_default_generators/cmake)
-- Using all available rosidl_typesupport_c: rosidl_typesupport_fastrtps_c;rosidl_typesupport_introspection_c
-- Found rosidl_adapter: 3.1.7 (/opt/ros/humble/share/rosidl_adapter/cmake)
-- Using all available rosidl_typesupport_cpp: rosidl_typesupport_fastrtps_cpp;rosidl_typesupport_introspection_cpp
-- Found std_msgs: 4.9.0 (/opt/ros/humble/share/std_msgs/cmake)
-- Found ament_cmake_ros: 0.10.0 (/opt/ros/humble/share/ament_cmake_ros/cmake)
-- Using all available rosidl_typesupport_c: rosidl_typesupport_fastrtps_c;rosidl_typesupport_introspection_c
-- Using all available rosidl_typesupport_cpp: rosidl_typesupport_fastrtps_cpp;rosidl_typesupport_introspection_cpp
-- Found python_cmake_module: 0.10.0 (/opt/ros/humble/share/python_cmake_module/cmake)
-- Using PYTHON_EXECUTABLE: /usr/bin/python3
-- Using PYTHON_INCLUDE_DIRS: /usr/include/python3.10
-- Using PYTHON_LIBRARIES: /usr/lib/x86_64-linux-gnu/libpython3.10.so
-- Found ament_lint_auto: 0.12.14 (/opt/ros/humble/share/ament_lint_auto/cmake)
-- Added test 'copyright' to check source files copyright and LICENSE
-- Added test 'lint_cmake' to check CMake code style
-- Added test 'xmllint' to check XML markup files
-- Configuring done
-- Generating done
-- Build files have been written to: /home/ph/sixth_ws/build/rviz_plugin_tutorial_msgs
[35m[1mConsolidate compiler generated dependencies of target rviz_plugin_tutorial_msgs__rosidl_generator_c[0m
[  3%] Built target rviz_plugin_tutorial_msgs__cpp
[ 12%] Built target rviz_plugin_tutorial_msgs__rosidl_generator_c
[ 12%] Built target ament_cmake_python_copy_rviz_plugin_tutorial_msgs
[35m[1mConsolidate compiler generated dependencies of target rviz_plugin_tutorial_msgs__rosidl_typesupport_introspection_cpp[0m
[35m[1mConsolidate compiler generated dependencies of target rviz_plugin_tutorial_msgs__rosidl_typesupport_fastrtps_cpp[0m
[35m[1mConsolidate compiler generated dependencies of target rviz_plugin_tutorial_msgs__rosidl_typesupport_cpp[0m
[35m[1mConsolidate compiler generated dependencies of target rviz_plugin_tutorial_msgs__rosidl_typesupport_introspection_c[0m
[35m[1mConsolidate compiler generated dependencies of target rviz_plugin_tutorial_msgs__rosidl_typesupport_fastrtps_c[0m
[35m[1mConsolidate compiler generated dependencies of target rviz_plugin_tutorial_msgs__rosidl_typesupport_c[0m
[ 22%] Built target rviz_plugin_tutorial_msgs__rosidl_typesupport_cpp
[ 32%] Built target rviz_plugin_tutorial_msgs__rosidl_typesupport_introspection_cpp
[ 51%] Built target rviz_plugin_tutorial_msgs__rosidl_typesupport_c
[ 51%] Built target rviz_plugin_tutorial_msgs__rosidl_typesupport_fastrtps_cpp
[ 61%] Built target rviz_plugin_tutorial_msgs__rosidl_typesupport_introspection_c
[ 70%] Built target rviz_plugin_tutorial_msgs__rosidl_typesupport_fastrtps_c
[ 70%] Built target rviz_plugin_tutorial_msgs
[ 74%] Built target rviz_plugin_tutorial_msgs__py
[35m[1mConsolidate compiler generated dependencies of target rviz_plugin_tutorial_msgs__rosidl_generator_py[0m
[ 80%] Built target rviz_plugin_tutorial_msgs__rosidl_generator_py
[35m[1mConsolidate compiler generated dependencies of target rviz_plugin_tutorial_msgs__rosidl_typesupport_fastrtps_c__pyext[0m
[35m[1mConsolidate compiler generated dependencies of target rviz_plugin_tutorial_msgs__rosidl_typesupport_introspection_c__pyext[0m
[35m[1mConsolidate compiler generated dependencies of target rviz_plugin_tutorial_msgs__rosidl_typesupport_c__pyext[0m
[ 87%] Built target rviz_plugin_tutorial_msgs__rosidl_typesupport_fastrtps_c__pyext
[ 93%] Built target rviz_plugin_tutorial_msgs__rosidl_typesupport_introspection_c__pyext
[100%] Built target rviz_plugin_tutorial_msgs__rosidl_typesupport_c__pyext
running egg_info
writing rviz_plugin_tutorial_msgs.egg-info/PKG-INFO
writing dependency_links to rviz_plugin_tutorial_msgs.egg-info/dependency_links.txt
writing top-level names to rviz_plugin_tutorial_msgs.egg-info/top_level.txt
reading manifest file 'rviz_plugin_tutorial_msgs.egg-info/SOURCES.txt'
writing manifest file 'rviz_plugin_tutorial_msgs.egg-info/SOURCES.txt'
[100%] Built target ament_cmake_python_build_rviz_plugin_tutorial_msgs_egg
-- Install configuration: ""
-- Up-to-date: /home/ph/sixth_ws/install/rviz_plugin_tutorial_msgs/share/ament_index/resource_index/rosidl_interfaces/rviz_plugin_tutorial_msgs
-- Up-to-date: /home/ph/sixth_ws/install/rviz_plugin_tutorial_msgs/include/rviz_plugin_tutorial_msgs/rviz_plugin_tutorial_msgs
-- Up-to-date: /home/ph/sixth_ws/install/rviz_plugin_tutorial_msgs/include/rviz_plugin_tutorial_msgs/rviz_plugin_tutorial_msgs/msg
-- Up-to-date: /home/ph/sixth_ws/install/rviz_plugin_tutorial_msgs/include/rviz_plugin_tutorial_msgs/rviz_plugin_tutorial_msgs/msg/point2_d.h
-- Up-to-date: /home/ph/sixth_ws/install/rviz_plugin_tutorial_msgs/include/rviz_plugin_tutorial_msgs/rviz_plugin_tutorial_msgs/msg/rosidl_generator_c__visibility_control.h
-- Up-to-date: /home/ph/sixth_ws/install/rviz_plugin_tutorial_msgs/include/rviz_plugin_tutorial_msgs/rviz_plugin_tutorial_msgs/msg/detail
-- Up-to-date: /home/ph/sixth_ws/install/rviz_plugin_tutorial_msgs/include/rviz_plugin_tutorial_msgs/rviz_plugin_tutorial_msgs/msg/detail/point2_d__struct.h
-- Up-to-date: /home/ph/sixth_ws/install/rviz_plugin_tutorial_msgs/include/rviz_plugin_tutorial_msgs/rviz_plugin_tutorial_msgs/msg/detail/point2_d__functions.h
-- Up-to-date: /home/ph/sixth_ws/install/rviz_plugin_tutorial_msgs/include/rviz_plugin_tutorial_msgs/rviz_plugin_tutorial_msgs/msg/detail/point2_d__functions.c
-- Up-to-date: /home/ph/sixth_ws/install/rviz_plugin_tutorial_msgs/include/rviz_plugin_tutorial_msgs/rviz_plugin_tutorial_msgs/msg/detail/point2_d__type_support.h
-- Up-to-date: /home/ph/sixth_ws/install/rviz_plugin_tutorial_msgs/share/rviz_plugin_tutorial_msgs/environment/library_path.sh
-- Installing: /home/ph/sixth_ws/install/rviz_plugin_tutorial_msgs/share/rviz_plugin_tutorial_msgs/environment/library_path.dsv
-- Up-to-date: /home/ph/sixth_ws/install/rviz_plugin_tutorial_msgs/lib/librviz_plugin_tutorial_msgs__rosidl_generator_c.so
-- Up-to-date: /home/ph/sixth_ws/install/rviz_plugin_tutorial_msgs/include/rviz_plugin_tutorial_msgs/rviz_plugin_tutorial_msgs
-- Up-to-date: /home/ph/sixth_ws/install/rviz_plugin_tutorial_msgs/include/rviz_plugin_tutorial_msgs/rviz_plugin_tutorial_msgs/msg
-- Up-to-date: /home/ph/sixth_ws/install/rviz_plugin_tutorial_msgs/include/rviz_plugin_tutorial_msgs/rviz_plugin_tutorial_msgs/msg/detail
-- Up-to-date: /home/ph/sixth_ws/install/rviz_plugin_tutorial_msgs/include/rviz_plugin_tutorial_msgs/rviz_plugin_tutorial_msgs/msg/detail/point2_d__rosidl_typesupport_fastrtps_c.h
-- Up-to-date: /home/ph/sixth_ws/install/rviz_plugin_tutorial_msgs/include/rviz_plugin_tutorial_msgs/rviz_plugin_tutorial_msgs/msg/rosidl_typesupport_fastrtps_c__visibility_control.h
-- Up-to-date: /home/ph/sixth_ws/install/rviz_plugin_tutorial_msgs/lib/librviz_plugin_tutorial_msgs__rosidl_typesupport_fastrtps_c.so
-- Up-to-date: /home/ph/sixth_ws/install/rviz_plugin_tutorial_msgs/include/rviz_plugin_tutorial_msgs/rviz_plugin_tutorial_msgs
-- Up-to-date: /home/ph/sixth_ws/install/rviz_plugin_tutorial_msgs/include/rviz_plugin_tutorial_msgs/rviz_plugin_tutorial_msgs/msg
-- Up-to-date: /home/ph/sixth_ws/install/rviz_plugin_tutorial_msgs/include/rviz_plugin_tutorial_msgs/rviz_plugin_tutorial_msgs/msg/rosidl_typesupport_introspection_c__visibility_control.h
-- Up-to-date: /home/ph/sixth_ws/install/rviz_plugin_tutorial_msgs/include/rviz_plugin_tutorial_msgs/rviz_plugin_tutorial_msgs/msg/detail
-- Up-to-date: /home/ph/sixth_ws/install/rviz_plugin_tutorial_msgs/include/rviz_plugin_tutorial_msgs/rviz_plugin_tutorial_msgs/msg/detail/point2_d__type_support.c
-- Up-to-date: /home/ph/sixth_ws/install/rviz_plugin_tutorial_msgs/include/rviz_plugin_tutorial_msgs/rviz_plugin_tutorial_msgs/msg/detail/point2_d__rosidl_typesupport_introspection_c.h
-- Up-to-date: /home/ph/sixth_ws/install/rviz_plugin_tutorial_msgs/lib/librviz_plugin_tutorial_msgs__rosidl_typesupport_introspection_c.so
-- Up-to-date: /home/ph/sixth_ws/install/rviz_plugin_tutorial_msgs/lib/librviz_plugin_tutorial_msgs__rosidl_typesupport_c.so
-- Up-to-date: /home/ph/sixth_ws/install/rviz_plugin_tutorial_msgs/include/rviz_plugin_tutorial_msgs/rviz_plugin_tutorial_msgs
-- Up-to-date: /home/ph/sixth_ws/install/rviz_plugin_tutorial_msgs/include/rviz_plugin_tutorial_msgs/rviz_plugin_tutorial_msgs/msg
-- Up-to-date: /home/ph/sixth_ws/install/rviz_plugin_tutorial_msgs/include/rviz_plugin_tutorial_msgs/rviz_plugin_tutorial_msgs/msg/rosidl_generator_cpp__visibility_control.hpp
-- Up-to-date: /home/ph/sixth_ws/install/rviz_plugin_tutorial_msgs/include/rviz_plugin_tutorial_msgs/rviz_plugin_tutorial_msgs/msg/point2_d.hpp
-- Up-to-date: /home/ph/sixth_ws/install/rviz_plugin_tutorial_msgs/include/rviz_plugin_tutorial_msgs/rviz_plugin_tutorial_msgs/msg/detail
-- Up-to-date: /home/ph/sixth_ws/install/rviz_plugin_tutorial_msgs/include/rviz_plugin_tutorial_msgs/rviz_plugin_tutorial_msgs/msg/detail/point2_d__traits.hpp
-- Up-to-date: /home/ph/sixth_ws/install/rviz_plugin_tutorial_msgs/include/rviz_plugin_tutorial_msgs/rviz_plugin_tutorial_msgs/msg/detail/point2_d__struct.hpp
-- Up-to-date: /home/ph/sixth_ws/install/rviz_plugin_tutorial_msgs/include/rviz_plugin_tutorial_msgs/rviz_plugin_tutorial_msgs/msg/detail/point2_d__builder.hpp
-- Up-to-date: /home/ph/sixth_ws/install/rviz_plugin_tutorial_msgs/include/rviz_plugin_tutorial_msgs/rviz_plugin_tutorial_msgs/msg/detail/point2_d__type_support.hpp
-- Up-to-date: /home/ph/sixth_ws/install/rviz_plugin_tutorial_msgs/include/rviz_plugin_tutorial_msgs/rviz_plugin_tutorial_msgs
-- Up-to-date: /home/ph/sixth_ws/install/rviz_plugin_tutorial_msgs/include/rviz_plugin_tutorial_msgs/rviz_plugin_tutorial_msgs/msg
-- Up-to-date: /home/ph/sixth_ws/install/rviz_plugin_tutorial_msgs/include/rviz_plugin_tutorial_msgs/rviz_plugin_tutorial_msgs/msg/rosidl_typesupport_fastrtps_cpp__visibility_control.h
-- Up-to-date: /home/ph/sixth_ws/install/rviz_plugin_tutorial_msgs/include/rviz_plugin_tutorial_msgs/rviz_plugin_tutorial_msgs/msg/detail
-- Up-to-date: /home/ph/sixth_ws/install/rviz_plugin_tutorial_msgs/include/rviz_plugin_tutorial_msgs/rviz_plugin_tutorial_msgs/msg/detail/point2_d__rosidl_typesupport_fastrtps_cpp.hpp
-- Up-to-date: /home/ph/sixth_ws/install/rviz_plugin_tutorial_msgs/include/rviz_plugin_tutorial_msgs/rviz_plugin_tutorial_msgs/msg/detail/dds_fastrtps
-- Up-to-date: /home/ph/sixth_ws/install/rviz_plugin_tutorial_msgs/lib/librviz_plugin_tutorial_msgs__rosidl_typesupport_fastrtps_cpp.so
-- Up-to-date: /home/ph/sixth_ws/install/rviz_plugin_tutorial_msgs/include/rviz_plugin_tutorial_msgs/rviz_plugin_tutorial_msgs
-- Up-to-date: /home/ph/sixth_ws/install/rviz_plugin_tutorial_msgs/include/rviz_plugin_tutorial_msgs/rviz_plugin_tutorial_msgs/msg
-- Up-to-date: /home/ph/sixth_ws/install/rviz_plugin_tutorial_msgs/include/rviz_plugin_tutorial_msgs/rviz_plugin_tutorial_msgs/msg/detail
-- Up-to-date: /home/ph/sixth_ws/install/rviz_plugin_tutorial_msgs/include/rviz_plugin_tutorial_msgs/rviz_plugin_tutorial_msgs/msg/detail/point2_d__type_support.cpp
-- Up-to-date: /home/ph/sixth_ws/install/rviz_plugin_tutorial_msgs/include/rviz_plugin_tutorial_msgs/rviz_plugin_tutorial_msgs/msg/detail/point2_d__rosidl_typesupport_introspection_cpp.hpp
-- Up-to-date: /home/ph/sixth_ws/install/rviz_plugin_tutorial_msgs/lib/librviz_plugin_tutorial_msgs__rosidl_typesupport_introspection_cpp.so
-- Up-to-date: /home/ph/sixth_ws/install/rviz_plugin_tutorial_msgs/lib/librviz_plugin_tutorial_msgs__rosidl_typesupport_cpp.so
-- Up-to-date: /home/ph/sixth_ws/install/rviz_plugin_tutorial_msgs/share/rviz_plugin_tutorial_msgs/environment/pythonpath.sh
-- Installing: /home/ph/sixth_ws/install/rviz_plugin_tutorial_msgs/share/rviz_plugin_tutorial_msgs/environment/pythonpath.dsv
-- Up-to-date: /home/ph/sixth_ws/install/rviz_plugin_tutorial_msgs/local/lib/python3.10/dist-packages/rviz_plugin_tutorial_msgs-0.0.0-py3.10.egg-info
-- Installing: /home/ph/sixth_ws/install/rviz_plugin_tutorial_msgs/local/lib/python3.10/dist-packages/rviz_plugin_tutorial_msgs-0.0.0-py3.10.egg-info/top_level.txt
-- Installing: /home/ph/sixth_ws/install/rviz_plugin_tutorial_msgs/local/lib/python3.10/dist-packages/rviz_plugin_tutorial_msgs-0.0.0-py3.10.egg-info/PKG-INFO
-- Installing: /home/ph/sixth_ws/install/rviz_plugin_tutorial_msgs/local/lib/python3.10/dist-packages/rviz_plugin_tutorial_msgs-0.0.0-py3.10.egg-info/SOURCES.txt
-- Installing: /home/ph/sixth_ws/install/rviz_plugin_tutorial_msgs/local/lib/python3.10/dist-packages/rviz_plugin_tutorial_msgs-0.0.0-py3.10.egg-info/dependency_links.txt
-- Up-to-date: /home/ph/sixth_ws/install/rviz_plugin_tutorial_msgs/local/lib/python3.10/dist-packages/rviz_plugin_tutorial_msgs
-- Up-to-date: /home/ph/sixth_ws/install/rviz_plugin_tutorial_msgs/local/lib/python3.10/dist-packages/rviz_plugin_tutorial_msgs/_rviz_plugin_tutorial_msgs_s.ep.rosidl_typesupport_fastrtps_c.c
-- Up-to-date: /home/ph/sixth_ws/install/rviz_plugin_tutorial_msgs/local/lib/python3.10/dist-packages/rviz_plugin_tutorial_msgs/rviz_plugin_tutorial_msgs_s__rosidl_typesupport_c.cpython-310-x86_64-linux-gnu.so
-- Up-to-date: /home/ph/sixth_ws/install/rviz_plugin_tutorial_msgs/local/lib/python3.10/dist-packages/rviz_plugin_tutorial_msgs/rviz_plugin_tutorial_msgs_s__rosidl_typesupport_introspection_c.cpython-310-x86_64-linux-gnu.so
-- Up-to-date: /home/ph/sixth_ws/install/rviz_plugin_tutorial_msgs/local/lib/python3.10/dist-packages/rviz_plugin_tutorial_msgs/librviz_plugin_tutorial_msgs__rosidl_generator_py.so
-- Up-to-date: /home/ph/sixth_ws/install/rviz_plugin_tutorial_msgs/local/lib/python3.10/dist-packages/rviz_plugin_tutorial_msgs/_rviz_plugin_tutorial_msgs_s.ep.rosidl_typesupport_introspection_c.c
-- Up-to-date: /home/ph/sixth_ws/install/rviz_plugin_tutorial_msgs/local/lib/python3.10/dist-packages/rviz_plugin_tutorial_msgs/_rviz_plugin_tutorial_msgs_s.ep.rosidl_typesupport_c.c
-- Installing: /home/ph/sixth_ws/install/rviz_plugin_tutorial_msgs/local/lib/python3.10/dist-packages/rviz_plugin_tutorial_msgs/__init__.py
-- Up-to-date: /home/ph/sixth_ws/install/rviz_plugin_tutorial_msgs/local/lib/python3.10/dist-packages/rviz_plugin_tutorial_msgs/rviz_plugin_tutorial_msgs_s__rosidl_typesupport_fastrtps_c.cpython-310-x86_64-linux-gnu.so
-- Up-to-date: /home/ph/sixth_ws/install/rviz_plugin_tutorial_msgs/local/lib/python3.10/dist-packages/rviz_plugin_tutorial_msgs/msg
-- Up-to-date: /home/ph/sixth_ws/install/rviz_plugin_tutorial_msgs/local/lib/python3.10/dist-packages/rviz_plugin_tutorial_msgs/msg/_point2_d.py
-- Up-to-date: /home/ph/sixth_ws/install/rviz_plugin_tutorial_msgs/local/lib/python3.10/dist-packages/rviz_plugin_tutorial_msgs/msg/_point2_d_s.c
-- Up-to-date: /home/ph/sixth_ws/install/rviz_plugin_tutorial_msgs/local/lib/python3.10/dist-packages/rviz_plugin_tutorial_msgs/msg/__init__.py
Listing '/home/ph/sixth_ws/install/rviz_plugin_tutorial_msgs/local/lib/python3.10/dist-packages/rviz_plugin_tutorial_msgs'...
Compiling '/home/ph/sixth_ws/install/rviz_plugin_tutorial_msgs/local/lib/python3.10/dist-packages/rviz_plugin_tutorial_msgs/__init__.py'...
Listing '/home/ph/sixth_ws/install/rviz_plugin_tutorial_msgs/local/lib/python3.10/dist-packages/rviz_plugin_tutorial_msgs/msg'...
-- Up-to-date: /home/ph/sixth_ws/install/rviz_plugin_tutorial_msgs/local/lib/python3.10/dist-packages/rviz_plugin_tutorial_msgs/rviz_plugin_tutorial_msgs_s__rosidl_typesupport_fastrtps_c.cpython-310-x86_64-linux-gnu.so
-- Up-to-date: /home/ph/sixth_ws/install/rviz_plugin_tutorial_msgs/local/lib/python3.10/dist-packages/rviz_plugin_tutorial_msgs/rviz_plugin_tutorial_msgs_s__rosidl_typesupport_introspection_c.cpython-310-x86_64-linux-gnu.so
-- Up-to-date: /home/ph/sixth_ws/install/rviz_plugin_tutorial_msgs/local/lib/python3.10/dist-packages/rviz_plugin_tutorial_msgs/rviz_plugin_tutorial_msgs_s__rosidl_typesupport_c.cpython-310-x86_64-linux-gnu.so
-- Up-to-date: /home/ph/sixth_ws/install/rviz_plugin_tutorial_msgs/lib/librviz_plugin_tutorial_msgs__rosidl_generator_py.so
-- Up-to-date: /home/ph/sixth_ws/install/rviz_plugin_tutorial_msgs/share/rviz_plugin_tutorial_msgs/msg/Point2D.idl
-- Installing: /home/ph/sixth_ws/install/rviz_plugin_tutorial_msgs/share/rviz_plugin_tutorial_msgs/msg/Point2D.msg
-- Up-to-date: /home/ph/sixth_ws/install/rviz_plugin_tutorial_msgs/share/ament_index/resource_index/package_run_dependencies/rviz_plugin_tutorial_msgs
-- Up-to-date: /home/ph/sixth_ws/install/rviz_plugin_tutorial_msgs/share/ament_index/resource_index/parent_prefix_path/rviz_plugin_tutorial_msgs
-- Up-to-date: /home/ph/sixth_ws/install/rviz_plugin_tutorial_msgs/share/rviz_plugin_tutorial_msgs/environment/ament_prefix_path.sh
-- Installing: /home/ph/sixth_ws/install/rviz_plugin_tutorial_msgs/share/rviz_plugin_tutorial_msgs/environment/ament_prefix_path.dsv
-- Up-to-date: /home/ph/sixth_ws/install/rviz_plugin_tutorial_msgs/share/rviz_plugin_tutorial_msgs/environment/path.sh
-- Installing: /home/ph/sixth_ws/install/rviz_plugin_tutorial_msgs/share/rviz_plugin_tutorial_msgs/environment/path.dsv
-- Up-to-date: /home/ph/sixth_ws/install/rviz_plugin_tutorial_msgs/share/rviz_plugin_tutorial_msgs/local_setup.bash
-- Up-to-date: /home/ph/sixth_ws/install/rviz_plugin_tutorial_msgs/share/rviz_plugin_tutorial_msgs/local_setup.sh
-- Up-to-date: /home/ph/sixth_ws/install/rviz_plugin_tutorial_msgs/share/rviz_plugin_tutorial_msgs/local_setup.zsh
-- Installing: /home/ph/sixth_ws/install/rviz_plugin_tutorial_msgs/share/rviz_plugin_tutorial_msgs/local_setup.dsv
-- Installing: /home/ph/sixth_ws/install/rviz_plugin_tutorial_msgs/share/rviz_plugin_tutorial_msgs/package.dsv
-- Up-to-date: /home/ph/sixth_ws/install/rviz_plugin_tutorial_msgs/share/ament_index/resource_index/packages/rviz_plugin_tutorial_msgs
-- Up-to-date: /home/ph/sixth_ws/install/rviz_plugin_tutorial_msgs/share/rviz_plugin_tutorial_msgs/cmake/export_rviz_plugin_tutorial_msgs__rosidl_generator_cExport.cmake
-- Up-to-date: /home/ph/sixth_ws/install/rviz_plugin_tutorial_msgs/share/rviz_plugin_tutorial_msgs/cmake/export_rviz_plugin_tutorial_msgs__rosidl_generator_cExport-noconfig.cmake
-- Up-to-date: /home/ph/sixth_ws/install/rviz_plugin_tutorial_msgs/share/rviz_plugin_tutorial_msgs/cmake/export_rviz_plugin_tutorial_msgs__rosidl_typesupport_fastrtps_cExport.cmake
-- Up-to-date: /home/ph/sixth_ws/install/rviz_plugin_tutorial_msgs/share/rviz_plugin_tutorial_msgs/cmake/export_rviz_plugin_tutorial_msgs__rosidl_typesupport_fastrtps_cExport-noconfig.cmake
-- Up-to-date: /home/ph/sixth_ws/install/rviz_plugin_tutorial_msgs/share/rviz_plugin_tutorial_msgs/cmake/rviz_plugin_tutorial_msgs__rosidl_typesupport_introspection_cExport.cmake
-- Up-to-date: /home/ph/sixth_ws/install/rviz_plugin_tutorial_msgs/share/rviz_plugin_tutorial_msgs/cmake/rviz_plugin_tutorial_msgs__rosidl_typesupport_introspection_cExport-noconfig.cmake
-- Up-to-date: /home/ph/sixth_ws/install/rviz_plugin_tutorial_msgs/share/rviz_plugin_tutorial_msgs/cmake/rviz_plugin_tutorial_msgs__rosidl_typesupport_cExport.cmake
-- Up-to-date: /home/ph/sixth_ws/install/rviz_plugin_tutorial_msgs/share/rviz_plugin_tutorial_msgs/cmake/rviz_plugin_tutorial_msgs__rosidl_typesupport_cExport-noconfig.cmake
-- Up-to-date: /home/ph/sixth_ws/install/rviz_plugin_tutorial_msgs/share/rviz_plugin_tutorial_msgs/cmake/export_rviz_plugin_tutorial_msgs__rosidl_generator_cppExport.cmake
-- Up-to-date: /home/ph/sixth_ws/install/rviz_plugin_tutorial_msgs/share/rviz_plugin_tutorial_msgs/cmake/export_rviz_plugin_tutorial_msgs__rosidl_typesupport_fastrtps_cppExport.cmake
-- Up-to-date: /home/ph/sixth_ws/install/rviz_plugin_tutorial_msgs/share/rviz_plugin_tutorial_msgs/cmake/export_rviz_plugin_tutorial_msgs__rosidl_typesupport_fastrtps_cppExport-noconfig.cmake
-- Up-to-date: /home/ph/sixth_ws/install/rviz_plugin_tutorial_msgs/share/rviz_plugin_tutorial_msgs/cmake/rviz_plugin_tutorial_msgs__rosidl_typesupport_introspection_cppExport.cmake
-- Up-to-date: /home/ph/sixth_ws/install/rviz_plugin_tutorial_msgs/share/rviz_plugin_tutorial_msgs/cmake/rviz_plugin_tutorial_msgs__rosidl_typesupport_introspection_cppExport-noconfig.cmake
-- Up-to-date: /home/ph/sixth_ws/install/rviz_plugin_tutorial_msgs/share/rviz_plugin_tutorial_msgs/cmake/rviz_plugin_tutorial_msgs__rosidl_typesupport_cppExport.cmake
-- Up-to-date: /home/ph/sixth_ws/install/rviz_plugin_tutorial_msgs/share/rviz_plugin_tutorial_msgs/cmake/rviz_plugin_tutorial_msgs__rosidl_typesupport_cppExport-noconfig.cmake
-- Up-to-date: /home/ph/sixth_ws/install/rviz_plugin_tutorial_msgs/share/rviz_plugin_tutorial_msgs/cmake/export_rviz_plugin_tutorial_msgs__rosidl_generator_pyExport.cmake
-- Up-to-date: /home/ph/sixth_ws/install/rviz_plugin_tutorial_msgs/share/rviz_plugin_tutorial_msgs/cmake/export_rviz_plugin_tutorial_msgs__rosidl_generator_pyExport-noconfig.cmake
-- Up-to-date: /home/ph/sixth_ws/install/rviz_plugin_tutorial_msgs/share/rviz_plugin_tutorial_msgs/cmake/rosidl_cmake-extras.cmake
-- Up-to-date: /home/ph/sixth_ws/install/rviz_plugin_tutorial_msgs/share/rviz_plugin_tutorial_msgs/cmake/ament_cmake_export_dependencies-extras.cmake
-- Up-to-date: /home/ph/sixth_ws/install/rviz_plugin_tutorial_msgs/share/rviz_plugin_tutorial_msgs/cmake/ament_cmake_export_include_directories-extras.cmake
-- Up-to-date: /home/ph/sixth_ws/install/rviz_plugin_tutorial_msgs/share/rviz_plugin_tutorial_msgs/cmake/ament_cmake_export_libraries-extras.cmake
-- Up-to-date: /home/ph/sixth_ws/install/rviz_plugin_tutorial_msgs/share/rviz_plugin_tutorial_msgs/cmake/ament_cmake_export_targets-extras.cmake
-- Up-to-date: /home/ph/sixth_ws/install/rviz_plugin_tutorial_msgs/share/rviz_plugin_tutorial_msgs/cmake/rosidl_cmake_export_typesupport_targets-extras.cmake
-- Up-to-date: /home/ph/sixth_ws/install/rviz_plugin_tutorial_msgs/share/rviz_plugin_tutorial_msgs/cmake/rosidl_cmake_export_typesupport_libraries-extras.cmake
-- Up-to-date: /home/ph/sixth_ws/install/rviz_plugin_tutorial_msgs/share/rviz_plugin_tutorial_msgs/cmake/rviz_plugin_tutorial_msgsConfig.cmake
-- Up-to-date: /home/ph/sixth_ws/install/rviz_plugin_tutorial_msgs/share/rviz_plugin_tutorial_msgs/cmake/rviz_plugin_tutorial_msgsConfig-version.cmake
-- Installing: /home/ph/sixth_ws/install/rviz_plugin_tutorial_msgs/share/rviz_plugin_tutorial_msgs/package.xml
