[0.018s] Invoking command in '/home/ph/sixth_ws/build/rviz_plugin_tutorial_msgs': CMAKE_PREFIX_PATH=/home/ph/sixth_ws/install/rviz_plugin_tutorial:/home/ph/sixth_ws/install/rviz_plugin_tutorial_msgs:/home/ph/fifth_ws/src/install/urdf_tutorial_cpp:/opt/ros/humble:/home/ph/fourth_ws/install/urdf_sim_tutorial:/home/ph/fourth_ws/install/urdf_tutorial:/home/ph/fourth_ws/install/urdf_launch /usr/bin/cmake --build /home/ph/sixth_ws/build/rviz_plugin_tutorial_msgs -- -j8 -l8
[0.056s] -- Found ament_cmake: 1.3.12 (/opt/ros/humble/share/ament_cmake/cmake)
[0.243s] -- Found rosidl_default_generators: 1.2.0 (/opt/ros/humble/share/rosidl_default_generators/cmake)
[0.247s] -- Using all available rosidl_typesupport_c: rosidl_typesupport_fastrtps_c;rosidl_typesupport_introspection_c
[0.252s] -- Found rosidl_adapter: 3.1.7 (/opt/ros/humble/share/rosidl_adapter/cmake)
[0.291s] -- Using all available rosidl_typesupport_cpp: rosidl_typesupport_fastrtps_cpp;rosidl_typesupport_introspection_cpp
[0.323s] -- Found std_msgs: 4.9.0 (/opt/ros/humble/share/std_msgs/cmake)
[0.707s] -- Found ament_cmake_ros: 0.10.0 (/opt/ros/humble/share/ament_cmake_ros/cmake)
[1.020s] -- Using all available rosidl_typesupport_c: rosidl_typesupport_fastrtps_c;rosidl_typesupport_introspection_c
[1.450s] -- Using all available rosidl_typesupport_cpp: rosidl_typesupport_fastrtps_cpp;rosidl_typesupport_introspection_cpp
[1.493s] -- Found python_cmake_module: 0.10.0 (/opt/ros/humble/share/python_cmake_module/cmake)
[1.527s] -- Using PYTHON_EXECUTABLE: /usr/bin/python3
[1.527s] -- Using PYTHON_INCLUDE_DIRS: /usr/include/python3.10
[1.527s] -- Using PYTHON_LIBRARIES: /usr/lib/x86_64-linux-gnu/libpython3.10.so
[1.562s] -- Found ament_lint_auto: 0.12.14 (/opt/ros/humble/share/ament_lint_auto/cmake)
[1.573s] -- Added test 'copyright' to check source files copyright and LICENSE
[1.575s] -- Added test 'lint_cmake' to check CMake code style
[1.576s] -- Added test 'xmllint' to check XML markup files
[1.578s] -- Configuring done
[1.621s] -- Generating done
[1.637s] -- Build files have been written to: /home/ph/sixth_ws/build/rviz_plugin_tutorial_msgs
[1.687s] [35m[1mConsolidate compiler generated dependencies of target rviz_plugin_tutorial_msgs__rosidl_generator_c[0m
[1.703s] [  3%] Built target rviz_plugin_tutorial_msgs__cpp
[1.707s] [ 12%] Built target rviz_plugin_tutorial_msgs__rosidl_generator_c
[1.721s] [ 12%] Built target ament_cmake_python_copy_rviz_plugin_tutorial_msgs
[1.722s] [35m[1mConsolidate compiler generated dependencies of target rviz_plugin_tutorial_msgs__rosidl_typesupport_introspection_cpp[0m
[1.723s] [35m[1mConsolidate compiler generated dependencies of target rviz_plugin_tutorial_msgs__rosidl_typesupport_fastrtps_cpp[0m
[1.724s] [35m[1mConsolidate compiler generated dependencies of target rviz_plugin_tutorial_msgs__rosidl_typesupport_cpp[0m
[1.726s] [35m[1mConsolidate compiler generated dependencies of target rviz_plugin_tutorial_msgs__rosidl_typesupport_introspection_c[0m
[1.727s] [35m[1mConsolidate compiler generated dependencies of target rviz_plugin_tutorial_msgs__rosidl_typesupport_fastrtps_c[0m
[1.728s] [35m[1mConsolidate compiler generated dependencies of target rviz_plugin_tutorial_msgs__rosidl_typesupport_c[0m
[1.747s] [ 22%] Built target rviz_plugin_tutorial_msgs__rosidl_typesupport_cpp
[1.747s] [ 32%] Built target rviz_plugin_tutorial_msgs__rosidl_typesupport_introspection_cpp
[1.750s] [ 51%] Built target rviz_plugin_tutorial_msgs__rosidl_typesupport_c
[1.751s] [ 51%] Built target rviz_plugin_tutorial_msgs__rosidl_typesupport_fastrtps_cpp
[1.751s] [ 61%] Built target rviz_plugin_tutorial_msgs__rosidl_typesupport_introspection_c
[1.752s] [ 70%] Built target rviz_plugin_tutorial_msgs__rosidl_typesupport_fastrtps_c
[1.789s] [ 70%] Built target rviz_plugin_tutorial_msgs
[1.828s] [ 74%] Built target rviz_plugin_tutorial_msgs__py
[1.854s] [35m[1mConsolidate compiler generated dependencies of target rviz_plugin_tutorial_msgs__rosidl_generator_py[0m
[1.876s] [ 80%] Built target rviz_plugin_tutorial_msgs__rosidl_generator_py
[1.892s] [35m[1mConsolidate compiler generated dependencies of target rviz_plugin_tutorial_msgs__rosidl_typesupport_fastrtps_c__pyext[0m
[1.897s] [35m[1mConsolidate compiler generated dependencies of target rviz_plugin_tutorial_msgs__rosidl_typesupport_introspection_c__pyext[0m
[1.899s] [35m[1mConsolidate compiler generated dependencies of target rviz_plugin_tutorial_msgs__rosidl_typesupport_c__pyext[0m
[1.915s] [ 87%] Built target rviz_plugin_tutorial_msgs__rosidl_typesupport_fastrtps_c__pyext
[1.919s] [ 93%] Built target rviz_plugin_tutorial_msgs__rosidl_typesupport_introspection_c__pyext
[1.920s] [100%] Built target rviz_plugin_tutorial_msgs__rosidl_typesupport_c__pyext
[2.099s] running egg_info
[2.100s] writing rviz_plugin_tutorial_msgs.egg-info/PKG-INFO
[2.100s] writing dependency_links to rviz_plugin_tutorial_msgs.egg-info/dependency_links.txt
[2.101s] writing top-level names to rviz_plugin_tutorial_msgs.egg-info/top_level.txt
[2.104s] reading manifest file 'rviz_plugin_tutorial_msgs.egg-info/SOURCES.txt'
[2.105s] writing manifest file 'rviz_plugin_tutorial_msgs.egg-info/SOURCES.txt'
[2.153s] [100%] Built target ament_cmake_python_build_rviz_plugin_tutorial_msgs_egg
[2.172s] Invoked command in '/home/ph/sixth_ws/build/rviz_plugin_tutorial_msgs' returned '0': CMAKE_PREFIX_PATH=/home/ph/sixth_ws/install/rviz_plugin_tutorial:/home/ph/sixth_ws/install/rviz_plugin_tutorial_msgs:/home/ph/fifth_ws/src/install/urdf_tutorial_cpp:/opt/ros/humble:/home/ph/fourth_ws/install/urdf_sim_tutorial:/home/ph/fourth_ws/install/urdf_tutorial:/home/ph/fourth_ws/install/urdf_launch /usr/bin/cmake --build /home/ph/sixth_ws/build/rviz_plugin_tutorial_msgs -- -j8 -l8
[2.187s] Invoking command in '/home/ph/sixth_ws/build/rviz_plugin_tutorial_msgs': CMAKE_PREFIX_PATH=/home/ph/sixth_ws/install/rviz_plugin_tutorial:/home/ph/sixth_ws/install/rviz_plugin_tutorial_msgs:/home/ph/fifth_ws/src/install/urdf_tutorial_cpp:/opt/ros/humble:/home/ph/fourth_ws/install/urdf_sim_tutorial:/home/ph/fourth_ws/install/urdf_tutorial:/home/ph/fourth_ws/install/urdf_launch /usr/bin/cmake --install /home/ph/sixth_ws/build/rviz_plugin_tutorial_msgs
[2.201s] -- Install configuration: ""
[2.201s] -- Up-to-date: /home/ph/sixth_ws/install/rviz_plugin_tutorial_msgs/share/ament_index/resource_index/rosidl_interfaces/rviz_plugin_tutorial_msgs
[2.201s] -- Up-to-date: /home/ph/sixth_ws/install/rviz_plugin_tutorial_msgs/include/rviz_plugin_tutorial_msgs/rviz_plugin_tutorial_msgs
[2.201s] -- Up-to-date: /home/ph/sixth_ws/install/rviz_plugin_tutorial_msgs/include/rviz_plugin_tutorial_msgs/rviz_plugin_tutorial_msgs/msg
[2.202s] -- Up-to-date: /home/ph/sixth_ws/install/rviz_plugin_tutorial_msgs/include/rviz_plugin_tutorial_msgs/rviz_plugin_tutorial_msgs/msg/point2_d.h
[2.202s] -- Up-to-date: /home/ph/sixth_ws/install/rviz_plugin_tutorial_msgs/include/rviz_plugin_tutorial_msgs/rviz_plugin_tutorial_msgs/msg/rosidl_generator_c__visibility_control.h
[2.202s] -- Up-to-date: /home/ph/sixth_ws/install/rviz_plugin_tutorial_msgs/include/rviz_plugin_tutorial_msgs/rviz_plugin_tutorial_msgs/msg/detail
[2.202s] -- Up-to-date: /home/ph/sixth_ws/install/rviz_plugin_tutorial_msgs/include/rviz_plugin_tutorial_msgs/rviz_plugin_tutorial_msgs/msg/detail/point2_d__struct.h
[2.203s] -- Up-to-date: /home/ph/sixth_ws/install/rviz_plugin_tutorial_msgs/include/rviz_plugin_tutorial_msgs/rviz_plugin_tutorial_msgs/msg/detail/point2_d__functions.h
[2.203s] -- Up-to-date: /home/ph/sixth_ws/install/rviz_plugin_tutorial_msgs/include/rviz_plugin_tutorial_msgs/rviz_plugin_tutorial_msgs/msg/detail/point2_d__functions.c
[2.203s] -- Up-to-date: /home/ph/sixth_ws/install/rviz_plugin_tutorial_msgs/include/rviz_plugin_tutorial_msgs/rviz_plugin_tutorial_msgs/msg/detail/point2_d__type_support.h
[2.203s] -- Up-to-date: /home/ph/sixth_ws/install/rviz_plugin_tutorial_msgs/share/rviz_plugin_tutorial_msgs/environment/library_path.sh
[2.204s] -- Installing: /home/ph/sixth_ws/install/rviz_plugin_tutorial_msgs/share/rviz_plugin_tutorial_msgs/environment/library_path.dsv
[2.204s] -- Up-to-date: /home/ph/sixth_ws/install/rviz_plugin_tutorial_msgs/lib/librviz_plugin_tutorial_msgs__rosidl_generator_c.so
[2.205s] -- Up-to-date: /home/ph/sixth_ws/install/rviz_plugin_tutorial_msgs/include/rviz_plugin_tutorial_msgs/rviz_plugin_tutorial_msgs
[2.205s] -- Up-to-date: /home/ph/sixth_ws/install/rviz_plugin_tutorial_msgs/include/rviz_plugin_tutorial_msgs/rviz_plugin_tutorial_msgs/msg
[2.205s] -- Up-to-date: /home/ph/sixth_ws/install/rviz_plugin_tutorial_msgs/include/rviz_plugin_tutorial_msgs/rviz_plugin_tutorial_msgs/msg/detail
[2.205s] -- Up-to-date: /home/ph/sixth_ws/install/rviz_plugin_tutorial_msgs/include/rviz_plugin_tutorial_msgs/rviz_plugin_tutorial_msgs/msg/detail/point2_d__rosidl_typesupport_fastrtps_c.h
[2.205s] -- Up-to-date: /home/ph/sixth_ws/install/rviz_plugin_tutorial_msgs/include/rviz_plugin_tutorial_msgs/rviz_plugin_tutorial_msgs/msg/rosidl_typesupport_fastrtps_c__visibility_control.h
[2.206s] -- Up-to-date: /home/ph/sixth_ws/install/rviz_plugin_tutorial_msgs/lib/librviz_plugin_tutorial_msgs__rosidl_typesupport_fastrtps_c.so
[2.206s] -- Up-to-date: /home/ph/sixth_ws/install/rviz_plugin_tutorial_msgs/include/rviz_plugin_tutorial_msgs/rviz_plugin_tutorial_msgs
[2.206s] -- Up-to-date: /home/ph/sixth_ws/install/rviz_plugin_tutorial_msgs/include/rviz_plugin_tutorial_msgs/rviz_plugin_tutorial_msgs/msg
[2.206s] -- Up-to-date: /home/ph/sixth_ws/install/rviz_plugin_tutorial_msgs/include/rviz_plugin_tutorial_msgs/rviz_plugin_tutorial_msgs/msg/rosidl_typesupport_introspection_c__visibility_control.h
[2.206s] -- Up-to-date: /home/ph/sixth_ws/install/rviz_plugin_tutorial_msgs/include/rviz_plugin_tutorial_msgs/rviz_plugin_tutorial_msgs/msg/detail
[2.207s] -- Up-to-date: /home/ph/sixth_ws/install/rviz_plugin_tutorial_msgs/include/rviz_plugin_tutorial_msgs/rviz_plugin_tutorial_msgs/msg/detail/point2_d__type_support.c
[2.207s] -- Up-to-date: /home/ph/sixth_ws/install/rviz_plugin_tutorial_msgs/include/rviz_plugin_tutorial_msgs/rviz_plugin_tutorial_msgs/msg/detail/point2_d__rosidl_typesupport_introspection_c.h
[2.207s] -- Up-to-date: /home/ph/sixth_ws/install/rviz_plugin_tutorial_msgs/lib/librviz_plugin_tutorial_msgs__rosidl_typesupport_introspection_c.so
[2.207s] -- Up-to-date: /home/ph/sixth_ws/install/rviz_plugin_tutorial_msgs/lib/librviz_plugin_tutorial_msgs__rosidl_typesupport_c.so
[2.208s] -- Up-to-date: /home/ph/sixth_ws/install/rviz_plugin_tutorial_msgs/include/rviz_plugin_tutorial_msgs/rviz_plugin_tutorial_msgs
[2.208s] -- Up-to-date: /home/ph/sixth_ws/install/rviz_plugin_tutorial_msgs/include/rviz_plugin_tutorial_msgs/rviz_plugin_tutorial_msgs/msg
[2.208s] -- Up-to-date: /home/ph/sixth_ws/install/rviz_plugin_tutorial_msgs/include/rviz_plugin_tutorial_msgs/rviz_plugin_tutorial_msgs/msg/rosidl_generator_cpp__visibility_control.hpp
[2.208s] -- Up-to-date: /home/ph/sixth_ws/install/rviz_plugin_tutorial_msgs/include/rviz_plugin_tutorial_msgs/rviz_plugin_tutorial_msgs/msg/point2_d.hpp
[2.208s] -- Up-to-date: /home/ph/sixth_ws/install/rviz_plugin_tutorial_msgs/include/rviz_plugin_tutorial_msgs/rviz_plugin_tutorial_msgs/msg/detail
[2.208s] -- Up-to-date: /home/ph/sixth_ws/install/rviz_plugin_tutorial_msgs/include/rviz_plugin_tutorial_msgs/rviz_plugin_tutorial_msgs/msg/detail/point2_d__traits.hpp
[2.208s] -- Up-to-date: /home/ph/sixth_ws/install/rviz_plugin_tutorial_msgs/include/rviz_plugin_tutorial_msgs/rviz_plugin_tutorial_msgs/msg/detail/point2_d__struct.hpp
[2.209s] -- Up-to-date: /home/ph/sixth_ws/install/rviz_plugin_tutorial_msgs/include/rviz_plugin_tutorial_msgs/rviz_plugin_tutorial_msgs/msg/detail/point2_d__builder.hpp
[2.209s] -- Up-to-date: /home/ph/sixth_ws/install/rviz_plugin_tutorial_msgs/include/rviz_plugin_tutorial_msgs/rviz_plugin_tutorial_msgs/msg/detail/point2_d__type_support.hpp
[2.209s] -- Up-to-date: /home/ph/sixth_ws/install/rviz_plugin_tutorial_msgs/include/rviz_plugin_tutorial_msgs/rviz_plugin_tutorial_msgs
[2.209s] -- Up-to-date: /home/ph/sixth_ws/install/rviz_plugin_tutorial_msgs/include/rviz_plugin_tutorial_msgs/rviz_plugin_tutorial_msgs/msg
[2.209s] -- Up-to-date: /home/ph/sixth_ws/install/rviz_plugin_tutorial_msgs/include/rviz_plugin_tutorial_msgs/rviz_plugin_tutorial_msgs/msg/rosidl_typesupport_fastrtps_cpp__visibility_control.h
[2.210s] -- Up-to-date: /home/ph/sixth_ws/install/rviz_plugin_tutorial_msgs/include/rviz_plugin_tutorial_msgs/rviz_plugin_tutorial_msgs/msg/detail
[2.210s] -- Up-to-date: /home/ph/sixth_ws/install/rviz_plugin_tutorial_msgs/include/rviz_plugin_tutorial_msgs/rviz_plugin_tutorial_msgs/msg/detail/point2_d__rosidl_typesupport_fastrtps_cpp.hpp
[2.210s] -- Up-to-date: /home/ph/sixth_ws/install/rviz_plugin_tutorial_msgs/include/rviz_plugin_tutorial_msgs/rviz_plugin_tutorial_msgs/msg/detail/dds_fastrtps
[2.210s] -- Up-to-date: /home/ph/sixth_ws/install/rviz_plugin_tutorial_msgs/lib/librviz_plugin_tutorial_msgs__rosidl_typesupport_fastrtps_cpp.so
[2.210s] -- Up-to-date: /home/ph/sixth_ws/install/rviz_plugin_tutorial_msgs/include/rviz_plugin_tutorial_msgs/rviz_plugin_tutorial_msgs
[2.210s] -- Up-to-date: /home/ph/sixth_ws/install/rviz_plugin_tutorial_msgs/include/rviz_plugin_tutorial_msgs/rviz_plugin_tutorial_msgs/msg
[2.210s] -- Up-to-date: /home/ph/sixth_ws/install/rviz_plugin_tutorial_msgs/include/rviz_plugin_tutorial_msgs/rviz_plugin_tutorial_msgs/msg/detail
[2.211s] -- Up-to-date: /home/ph/sixth_ws/install/rviz_plugin_tutorial_msgs/include/rviz_plugin_tutorial_msgs/rviz_plugin_tutorial_msgs/msg/detail/point2_d__type_support.cpp
[2.211s] -- Up-to-date: /home/ph/sixth_ws/install/rviz_plugin_tutorial_msgs/include/rviz_plugin_tutorial_msgs/rviz_plugin_tutorial_msgs/msg/detail/point2_d__rosidl_typesupport_introspection_cpp.hpp
[2.211s] -- Up-to-date: /home/ph/sixth_ws/install/rviz_plugin_tutorial_msgs/lib/librviz_plugin_tutorial_msgs__rosidl_typesupport_introspection_cpp.so
[2.211s] -- Up-to-date: /home/ph/sixth_ws/install/rviz_plugin_tutorial_msgs/lib/librviz_plugin_tutorial_msgs__rosidl_typesupport_cpp.so
[2.211s] -- Up-to-date: /home/ph/sixth_ws/install/rviz_plugin_tutorial_msgs/share/rviz_plugin_tutorial_msgs/environment/pythonpath.sh
[2.211s] -- Installing: /home/ph/sixth_ws/install/rviz_plugin_tutorial_msgs/share/rviz_plugin_tutorial_msgs/environment/pythonpath.dsv
[2.212s] -- Up-to-date: /home/ph/sixth_ws/install/rviz_plugin_tutorial_msgs/local/lib/python3.10/dist-packages/rviz_plugin_tutorial_msgs-0.0.0-py3.10.egg-info
[2.212s] -- Installing: /home/ph/sixth_ws/install/rviz_plugin_tutorial_msgs/local/lib/python3.10/dist-packages/rviz_plugin_tutorial_msgs-0.0.0-py3.10.egg-info/top_level.txt
[2.212s] -- Installing: /home/ph/sixth_ws/install/rviz_plugin_tutorial_msgs/local/lib/python3.10/dist-packages/rviz_plugin_tutorial_msgs-0.0.0-py3.10.egg-info/PKG-INFO
[2.212s] -- Installing: /home/ph/sixth_ws/install/rviz_plugin_tutorial_msgs/local/lib/python3.10/dist-packages/rviz_plugin_tutorial_msgs-0.0.0-py3.10.egg-info/SOURCES.txt
[2.212s] -- Installing: /home/ph/sixth_ws/install/rviz_plugin_tutorial_msgs/local/lib/python3.10/dist-packages/rviz_plugin_tutorial_msgs-0.0.0-py3.10.egg-info/dependency_links.txt
[2.212s] -- Up-to-date: /home/ph/sixth_ws/install/rviz_plugin_tutorial_msgs/local/lib/python3.10/dist-packages/rviz_plugin_tutorial_msgs
[2.213s] -- Up-to-date: /home/ph/sixth_ws/install/rviz_plugin_tutorial_msgs/local/lib/python3.10/dist-packages/rviz_plugin_tutorial_msgs/_rviz_plugin_tutorial_msgs_s.ep.rosidl_typesupport_fastrtps_c.c
[2.213s] -- Up-to-date: /home/ph/sixth_ws/install/rviz_plugin_tutorial_msgs/local/lib/python3.10/dist-packages/rviz_plugin_tutorial_msgs/rviz_plugin_tutorial_msgs_s__rosidl_typesupport_c.cpython-310-x86_64-linux-gnu.so
[2.213s] -- Up-to-date: /home/ph/sixth_ws/install/rviz_plugin_tutorial_msgs/local/lib/python3.10/dist-packages/rviz_plugin_tutorial_msgs/rviz_plugin_tutorial_msgs_s__rosidl_typesupport_introspection_c.cpython-310-x86_64-linux-gnu.so
[2.213s] -- Up-to-date: /home/ph/sixth_ws/install/rviz_plugin_tutorial_msgs/local/lib/python3.10/dist-packages/rviz_plugin_tutorial_msgs/librviz_plugin_tutorial_msgs__rosidl_generator_py.so
[2.214s] -- Up-to-date: /home/ph/sixth_ws/install/rviz_plugin_tutorial_msgs/local/lib/python3.10/dist-packages/rviz_plugin_tutorial_msgs/_rviz_plugin_tutorial_msgs_s.ep.rosidl_typesupport_introspection_c.c
[2.214s] -- Up-to-date: /home/ph/sixth_ws/install/rviz_plugin_tutorial_msgs/local/lib/python3.10/dist-packages/rviz_plugin_tutorial_msgs/_rviz_plugin_tutorial_msgs_s.ep.rosidl_typesupport_c.c
[2.214s] -- Installing: /home/ph/sixth_ws/install/rviz_plugin_tutorial_msgs/local/lib/python3.10/dist-packages/rviz_plugin_tutorial_msgs/__init__.py
[2.214s] -- Up-to-date: /home/ph/sixth_ws/install/rviz_plugin_tutorial_msgs/local/lib/python3.10/dist-packages/rviz_plugin_tutorial_msgs/rviz_plugin_tutorial_msgs_s__rosidl_typesupport_fastrtps_c.cpython-310-x86_64-linux-gnu.so
[2.215s] -- Up-to-date: /home/ph/sixth_ws/install/rviz_plugin_tutorial_msgs/local/lib/python3.10/dist-packages/rviz_plugin_tutorial_msgs/msg
[2.215s] -- Up-to-date: /home/ph/sixth_ws/install/rviz_plugin_tutorial_msgs/local/lib/python3.10/dist-packages/rviz_plugin_tutorial_msgs/msg/_point2_d.py
[2.215s] -- Up-to-date: /home/ph/sixth_ws/install/rviz_plugin_tutorial_msgs/local/lib/python3.10/dist-packages/rviz_plugin_tutorial_msgs/msg/_point2_d_s.c
[2.215s] -- Up-to-date: /home/ph/sixth_ws/install/rviz_plugin_tutorial_msgs/local/lib/python3.10/dist-packages/rviz_plugin_tutorial_msgs/msg/__init__.py
[2.261s] Listing '/home/ph/sixth_ws/install/rviz_plugin_tutorial_msgs/local/lib/python3.10/dist-packages/rviz_plugin_tutorial_msgs'...
[2.261s] Compiling '/home/ph/sixth_ws/install/rviz_plugin_tutorial_msgs/local/lib/python3.10/dist-packages/rviz_plugin_tutorial_msgs/__init__.py'...
[2.261s] Listing '/home/ph/sixth_ws/install/rviz_plugin_tutorial_msgs/local/lib/python3.10/dist-packages/rviz_plugin_tutorial_msgs/msg'...
[2.268s] -- Up-to-date: /home/ph/sixth_ws/install/rviz_plugin_tutorial_msgs/local/lib/python3.10/dist-packages/rviz_plugin_tutorial_msgs/rviz_plugin_tutorial_msgs_s__rosidl_typesupport_fastrtps_c.cpython-310-x86_64-linux-gnu.so
[2.269s] -- Up-to-date: /home/ph/sixth_ws/install/rviz_plugin_tutorial_msgs/local/lib/python3.10/dist-packages/rviz_plugin_tutorial_msgs/rviz_plugin_tutorial_msgs_s__rosidl_typesupport_introspection_c.cpython-310-x86_64-linux-gnu.so
[2.269s] -- Up-to-date: /home/ph/sixth_ws/install/rviz_plugin_tutorial_msgs/local/lib/python3.10/dist-packages/rviz_plugin_tutorial_msgs/rviz_plugin_tutorial_msgs_s__rosidl_typesupport_c.cpython-310-x86_64-linux-gnu.so
[2.270s] -- Up-to-date: /home/ph/sixth_ws/install/rviz_plugin_tutorial_msgs/lib/librviz_plugin_tutorial_msgs__rosidl_generator_py.so
[2.270s] -- Up-to-date: /home/ph/sixth_ws/install/rviz_plugin_tutorial_msgs/share/rviz_plugin_tutorial_msgs/msg/Point2D.idl
[2.270s] -- Installing: /home/ph/sixth_ws/install/rviz_plugin_tutorial_msgs/share/rviz_plugin_tutorial_msgs/msg/Point2D.msg
[2.271s] -- Up-to-date: /home/ph/sixth_ws/install/rviz_plugin_tutorial_msgs/share/ament_index/resource_index/package_run_dependencies/rviz_plugin_tutorial_msgs
[2.271s] -- Up-to-date: /home/ph/sixth_ws/install/rviz_plugin_tutorial_msgs/share/ament_index/resource_index/parent_prefix_path/rviz_plugin_tutorial_msgs
[2.271s] -- Up-to-date: /home/ph/sixth_ws/install/rviz_plugin_tutorial_msgs/share/rviz_plugin_tutorial_msgs/environment/ament_prefix_path.sh
[2.271s] -- Installing: /home/ph/sixth_ws/install/rviz_plugin_tutorial_msgs/share/rviz_plugin_tutorial_msgs/environment/ament_prefix_path.dsv
[2.271s] -- Up-to-date: /home/ph/sixth_ws/install/rviz_plugin_tutorial_msgs/share/rviz_plugin_tutorial_msgs/environment/path.sh
[2.272s] -- Installing: /home/ph/sixth_ws/install/rviz_plugin_tutorial_msgs/share/rviz_plugin_tutorial_msgs/environment/path.dsv
[2.272s] -- Up-to-date: /home/ph/sixth_ws/install/rviz_plugin_tutorial_msgs/share/rviz_plugin_tutorial_msgs/local_setup.bash
[2.272s] -- Up-to-date: /home/ph/sixth_ws/install/rviz_plugin_tutorial_msgs/share/rviz_plugin_tutorial_msgs/local_setup.sh
[2.272s] -- Up-to-date: /home/ph/sixth_ws/install/rviz_plugin_tutorial_msgs/share/rviz_plugin_tutorial_msgs/local_setup.zsh
[2.272s] -- Installing: /home/ph/sixth_ws/install/rviz_plugin_tutorial_msgs/share/rviz_plugin_tutorial_msgs/local_setup.dsv
[2.273s] -- Installing: /home/ph/sixth_ws/install/rviz_plugin_tutorial_msgs/share/rviz_plugin_tutorial_msgs/package.dsv
[2.273s] -- Up-to-date: /home/ph/sixth_ws/install/rviz_plugin_tutorial_msgs/share/ament_index/resource_index/packages/rviz_plugin_tutorial_msgs
[2.273s] -- Up-to-date: /home/ph/sixth_ws/install/rviz_plugin_tutorial_msgs/share/rviz_plugin_tutorial_msgs/cmake/export_rviz_plugin_tutorial_msgs__rosidl_generator_cExport.cmake
[2.273s] -- Up-to-date: /home/ph/sixth_ws/install/rviz_plugin_tutorial_msgs/share/rviz_plugin_tutorial_msgs/cmake/export_rviz_plugin_tutorial_msgs__rosidl_generator_cExport-noconfig.cmake
[2.273s] -- Up-to-date: /home/ph/sixth_ws/install/rviz_plugin_tutorial_msgs/share/rviz_plugin_tutorial_msgs/cmake/export_rviz_plugin_tutorial_msgs__rosidl_typesupport_fastrtps_cExport.cmake
[2.274s] -- Up-to-date: /home/ph/sixth_ws/install/rviz_plugin_tutorial_msgs/share/rviz_plugin_tutorial_msgs/cmake/export_rviz_plugin_tutorial_msgs__rosidl_typesupport_fastrtps_cExport-noconfig.cmake
[2.274s] -- Up-to-date: /home/ph/sixth_ws/install/rviz_plugin_tutorial_msgs/share/rviz_plugin_tutorial_msgs/cmake/rviz_plugin_tutorial_msgs__rosidl_typesupport_introspection_cExport.cmake
[2.274s] -- Up-to-date: /home/ph/sixth_ws/install/rviz_plugin_tutorial_msgs/share/rviz_plugin_tutorial_msgs/cmake/rviz_plugin_tutorial_msgs__rosidl_typesupport_introspection_cExport-noconfig.cmake
[2.274s] -- Up-to-date: /home/ph/sixth_ws/install/rviz_plugin_tutorial_msgs/share/rviz_plugin_tutorial_msgs/cmake/rviz_plugin_tutorial_msgs__rosidl_typesupport_cExport.cmake
[2.274s] -- Up-to-date: /home/ph/sixth_ws/install/rviz_plugin_tutorial_msgs/share/rviz_plugin_tutorial_msgs/cmake/rviz_plugin_tutorial_msgs__rosidl_typesupport_cExport-noconfig.cmake
[2.275s] -- Up-to-date: /home/ph/sixth_ws/install/rviz_plugin_tutorial_msgs/share/rviz_plugin_tutorial_msgs/cmake/export_rviz_plugin_tutorial_msgs__rosidl_generator_cppExport.cmake
[2.275s] -- Up-to-date: /home/ph/sixth_ws/install/rviz_plugin_tutorial_msgs/share/rviz_plugin_tutorial_msgs/cmake/export_rviz_plugin_tutorial_msgs__rosidl_typesupport_fastrtps_cppExport.cmake
[2.275s] -- Up-to-date: /home/ph/sixth_ws/install/rviz_plugin_tutorial_msgs/share/rviz_plugin_tutorial_msgs/cmake/export_rviz_plugin_tutorial_msgs__rosidl_typesupport_fastrtps_cppExport-noconfig.cmake
[2.275s] -- Up-to-date: /home/ph/sixth_ws/install/rviz_plugin_tutorial_msgs/share/rviz_plugin_tutorial_msgs/cmake/rviz_plugin_tutorial_msgs__rosidl_typesupport_introspection_cppExport.cmake
[2.276s] -- Up-to-date: /home/ph/sixth_ws/install/rviz_plugin_tutorial_msgs/share/rviz_plugin_tutorial_msgs/cmake/rviz_plugin_tutorial_msgs__rosidl_typesupport_introspection_cppExport-noconfig.cmake
[2.276s] -- Up-to-date: /home/ph/sixth_ws/install/rviz_plugin_tutorial_msgs/share/rviz_plugin_tutorial_msgs/cmake/rviz_plugin_tutorial_msgs__rosidl_typesupport_cppExport.cmake
[2.276s] -- Up-to-date: /home/ph/sixth_ws/install/rviz_plugin_tutorial_msgs/share/rviz_plugin_tutorial_msgs/cmake/rviz_plugin_tutorial_msgs__rosidl_typesupport_cppExport-noconfig.cmake
[2.276s] -- Up-to-date: /home/ph/sixth_ws/install/rviz_plugin_tutorial_msgs/share/rviz_plugin_tutorial_msgs/cmake/export_rviz_plugin_tutorial_msgs__rosidl_generator_pyExport.cmake
[2.276s] -- Up-to-date: /home/ph/sixth_ws/install/rviz_plugin_tutorial_msgs/share/rviz_plugin_tutorial_msgs/cmake/export_rviz_plugin_tutorial_msgs__rosidl_generator_pyExport-noconfig.cmake
[2.276s] -- Up-to-date: /home/ph/sixth_ws/install/rviz_plugin_tutorial_msgs/share/rviz_plugin_tutorial_msgs/cmake/rosidl_cmake-extras.cmake
[2.277s] -- Up-to-date: /home/ph/sixth_ws/install/rviz_plugin_tutorial_msgs/share/rviz_plugin_tutorial_msgs/cmake/ament_cmake_export_dependencies-extras.cmake
[2.277s] -- Up-to-date: /home/ph/sixth_ws/install/rviz_plugin_tutorial_msgs/share/rviz_plugin_tutorial_msgs/cmake/ament_cmake_export_include_directories-extras.cmake
[2.277s] -- Up-to-date: /home/ph/sixth_ws/install/rviz_plugin_tutorial_msgs/share/rviz_plugin_tutorial_msgs/cmake/ament_cmake_export_libraries-extras.cmake
[2.277s] -- Up-to-date: /home/ph/sixth_ws/install/rviz_plugin_tutorial_msgs/share/rviz_plugin_tutorial_msgs/cmake/ament_cmake_export_targets-extras.cmake
[2.278s] -- Up-to-date: /home/ph/sixth_ws/install/rviz_plugin_tutorial_msgs/share/rviz_plugin_tutorial_msgs/cmake/rosidl_cmake_export_typesupport_targets-extras.cmake
[2.278s] -- Up-to-date: /home/ph/sixth_ws/install/rviz_plugin_tutorial_msgs/share/rviz_plugin_tutorial_msgs/cmake/rosidl_cmake_export_typesupport_libraries-extras.cmake
[2.278s] -- Up-to-date: /home/ph/sixth_ws/install/rviz_plugin_tutorial_msgs/share/rviz_plugin_tutorial_msgs/cmake/rviz_plugin_tutorial_msgsConfig.cmake
[2.278s] -- Up-to-date: /home/ph/sixth_ws/install/rviz_plugin_tutorial_msgs/share/rviz_plugin_tutorial_msgs/cmake/rviz_plugin_tutorial_msgsConfig-version.cmake
[2.279s] -- Installing: /home/ph/sixth_ws/install/rviz_plugin_tutorial_msgs/share/rviz_plugin_tutorial_msgs/package.xml
[2.280s] Invoked command in '/home/ph/sixth_ws/build/rviz_plugin_tutorial_msgs' returned '0': CMAKE_PREFIX_PATH=/home/ph/sixth_ws/install/rviz_plugin_tutorial:/home/ph/sixth_ws/install/rviz_plugin_tutorial_msgs:/home/ph/fifth_ws/src/install/urdf_tutorial_cpp:/opt/ros/humble:/home/ph/fourth_ws/install/urdf_sim_tutorial:/home/ph/fourth_ws/install/urdf_tutorial:/home/ph/fourth_ws/install/urdf_launch /usr/bin/cmake --install /home/ph/sixth_ws/build/rviz_plugin_tutorial_msgs
