[0.136s] Invoking command in '/home/ph/ros2_firstw/build/action_tutorials_cpp': CMAKE_PREFIX_PATH=/home/ph/ros2_firstw/install/action_tutorials_interfaces:/home/ph/ros2_firstw/install/nnnode:/home/ph/ros2_firstw/install/cpp_srvcli:/home/ph/ros2_firstw/install/cpp_pubsub:/home/ph/ros2_firstw/install/tutorial_interfaces:/home/ph/ros2_firstw/install/turtlesim:/home/ph/ros2_firstw/install/more_interfaces:/home/ph/ros2_firstw/install/firstpkg:/home/ph/ros2_firstw/install/cpp_parameters:/home/ph/ros2_firstw/install/action_tutorials_cpp:/opt/ros/humble LD_LIBRARY_PATH=/home/ph/ros2_firstw/install/action_tutorials_interfaces/lib:/home/ph/ros2_firstw/install/tutorial_interfaces/lib:/home/ph/ros2_firstw/install/turtlesim/lib:/home/ph/ros2_firstw/install/more_interfaces/lib:/home/ph/ros2_firstw/install/action_tutorials_cpp/lib:/opt/ros/humble/opt/rviz_ogre_vendor/lib:/opt/ros/humble/lib/x86_64-linux-gnu:/opt/ros/humble/lib /usr/bin/cmake --build /home/ph/ros2_firstw/build/action_tutorials_cpp -- -j8 -l8
[0.263s] [ 25%] Built target action_server
[0.294s] [ 50%] Built target fibonacci_action_server
[0.302s] [ 75%] Built target fibonacci_action_client
[0.308s] [100%] Built target action_client
[0.353s] Invoked command in '/home/ph/ros2_firstw/build/action_tutorials_cpp' returned '0': CMAKE_PREFIX_PATH=/home/ph/ros2_firstw/install/action_tutorials_interfaces:/home/ph/ros2_firstw/install/nnnode:/home/ph/ros2_firstw/install/cpp_srvcli:/home/ph/ros2_firstw/install/cpp_pubsub:/home/ph/ros2_firstw/install/tutorial_interfaces:/home/ph/ros2_firstw/install/turtlesim:/home/ph/ros2_firstw/install/more_interfaces:/home/ph/ros2_firstw/install/firstpkg:/home/ph/ros2_firstw/install/cpp_parameters:/home/ph/ros2_firstw/install/action_tutorials_cpp:/opt/ros/humble LD_LIBRARY_PATH=/home/ph/ros2_firstw/install/action_tutorials_interfaces/lib:/home/ph/ros2_firstw/install/tutorial_interfaces/lib:/home/ph/ros2_firstw/install/turtlesim/lib:/home/ph/ros2_firstw/install/more_interfaces/lib:/home/ph/ros2_firstw/install/action_tutorials_cpp/lib:/opt/ros/humble/opt/rviz_ogre_vendor/lib:/opt/ros/humble/lib/x86_64-linux-gnu:/opt/ros/humble/lib /usr/bin/cmake --build /home/ph/ros2_firstw/build/action_tutorials_cpp -- -j8 -l8
[0.362s] Invoking command in '/home/ph/ros2_firstw/build/action_tutorials_cpp': CMAKE_PREFIX_PATH=/home/ph/ros2_firstw/install/action_tutorials_interfaces:/home/ph/ros2_firstw/install/nnnode:/home/ph/ros2_firstw/install/cpp_srvcli:/home/ph/ros2_firstw/install/cpp_pubsub:/home/ph/ros2_firstw/install/tutorial_interfaces:/home/ph/ros2_firstw/install/turtlesim:/home/ph/ros2_firstw/install/more_interfaces:/home/ph/ros2_firstw/install/firstpkg:/home/ph/ros2_firstw/install/cpp_parameters:/home/ph/ros2_firstw/install/action_tutorials_cpp:/opt/ros/humble LD_LIBRARY_PATH=/home/ph/ros2_firstw/install/action_tutorials_interfaces/lib:/home/ph/ros2_firstw/install/tutorial_interfaces/lib:/home/ph/ros2_firstw/install/turtlesim/lib:/home/ph/ros2_firstw/install/more_interfaces/lib:/home/ph/ros2_firstw/install/action_tutorials_cpp/lib:/opt/ros/humble/opt/rviz_ogre_vendor/lib:/opt/ros/humble/lib/x86_64-linux-gnu:/opt/ros/humble/lib /usr/bin/cmake --install /home/ph/ros2_firstw/build/action_tutorials_cpp
[0.378s] -- Install configuration: ""
[0.378s] -- Up-to-date: /home/ph/ros2_firstw/install/action_tutorials_cpp/lib/action_tutorials_cpp/fibonacci_action_client
[0.380s] -- Up-to-date: /home/ph/ros2_firstw/install/action_tutorials_cpp/lib/libaction_client.so
[0.386s] -- Up-to-date: /home/ph/ros2_firstw/install/action_tutorials_cpp/lib/action_tutorials_cpp/fibonacci_action_server
[0.386s] -- Up-to-date: /home/ph/ros2_firstw/install/action_tutorials_cpp/lib/libaction_server.so
[0.387s] -- Up-to-date: /home/ph/ros2_firstw/install/action_tutorials_cpp/share/ament_index/resource_index/package_run_dependencies/action_tutorials_cpp
[0.388s] -- Up-to-date: /home/ph/ros2_firstw/install/action_tutorials_cpp/share/ament_index/resource_index/parent_prefix_path/action_tutorials_cpp
[0.388s] -- Up-to-date: /home/ph/ros2_firstw/install/action_tutorials_cpp/share/action_tutorials_cpp/environment/ament_prefix_path.sh
[0.388s] -- Up-to-date: /home/ph/ros2_firstw/install/action_tutorials_cpp/share/action_tutorials_cpp/environment/ament_prefix_path.dsv
[0.389s] -- Up-to-date: /home/ph/ros2_firstw/install/action_tutorials_cpp/share/action_tutorials_cpp/environment/path.sh
[0.389s] -- Up-to-date: /home/ph/ros2_firstw/install/action_tutorials_cpp/share/action_tutorials_cpp/environment/path.dsv
[0.389s] -- Up-to-date: /home/ph/ros2_firstw/install/action_tutorials_cpp/share/action_tutorials_cpp/local_setup.bash
[0.389s] -- Up-to-date: /home/ph/ros2_firstw/install/action_tutorials_cpp/share/action_tutorials_cpp/local_setup.sh
[0.390s] -- Up-to-date: /home/ph/ros2_firstw/install/action_tutorials_cpp/share/action_tutorials_cpp/local_setup.zsh
[0.390s] -- Up-to-date: /home/ph/ros2_firstw/install/action_tutorials_cpp/share/action_tutorials_cpp/local_setup.dsv
[0.390s] -- Installing: /home/ph/ros2_firstw/install/action_tutorials_cpp/share/action_tutorials_cpp/package.dsv
[0.390s] -- Up-to-date: /home/ph/ros2_firstw/install/action_tutorials_cpp/share/ament_index/resource_index/packages/action_tutorials_cpp
[0.390s] -- Up-to-date: /home/ph/ros2_firstw/install/action_tutorials_cpp/share/ament_index/resource_index/rclcpp_components/action_tutorials_cpp
[0.390s] -- Up-to-date: /home/ph/ros2_firstw/install/action_tutorials_cpp/share/action_tutorials_cpp/cmake/action_tutorials_cppConfig.cmake
[0.391s] -- Up-to-date: /home/ph/ros2_firstw/install/action_tutorials_cpp/share/action_tutorials_cpp/cmake/action_tutorials_cppConfig-version.cmake
[0.391s] -- Up-to-date: /home/ph/ros2_firstw/install/action_tutorials_cpp/share/action_tutorials_cpp/package.xml
[0.410s] Invoked command in '/home/ph/ros2_firstw/build/action_tutorials_cpp' returned '0': CMAKE_PREFIX_PATH=/home/ph/ros2_firstw/install/action_tutorials_interfaces:/home/ph/ros2_firstw/install/nnnode:/home/ph/ros2_firstw/install/cpp_srvcli:/home/ph/ros2_firstw/install/cpp_pubsub:/home/ph/ros2_firstw/install/tutorial_interfaces:/home/ph/ros2_firstw/install/turtlesim:/home/ph/ros2_firstw/install/more_interfaces:/home/ph/ros2_firstw/install/firstpkg:/home/ph/ros2_firstw/install/cpp_parameters:/home/ph/ros2_firstw/install/action_tutorials_cpp:/opt/ros/humble LD_LIBRARY_PATH=/home/ph/ros2_firstw/install/action_tutorials_interfaces/lib:/home/ph/ros2_firstw/install/tutorial_interfaces/lib:/home/ph/ros2_firstw/install/turtlesim/lib:/home/ph/ros2_firstw/install/more_interfaces/lib:/home/ph/ros2_firstw/install/action_tutorials_cpp/lib:/opt/ros/humble/opt/rviz_ogre_vendor/lib:/opt/ros/humble/lib/x86_64-linux-gnu:/opt/ros/humble/lib /usr/bin/cmake --install /home/ph/ros2_firstw/build/action_tutorials_cpp
