[0.141s] DEBUG:colcon:Command line arguments: ['/usr/bin/colcon', 'build']
[0.141s] DEBUG:colcon:Parsed command line arguments: Namespace(log_base=None, log_level=None, verb_name='build', build_base='build', install_base='install', merge_install=False, symlink_install=False, test_result_base=None, continue_on_error=False, executor='parallel', parallel_workers=8, event_handlers=None, ignore_user_meta=False, metas=['./colcon.meta'], base_paths=['.'], packages_ignore=None, packages_ignore_regex=None, paths=None, packages_up_to=None, packages_up_to_regex=None, packages_above=None, packages_above_and_dependencies=None, packages_above_depth=None, packages_select_by_dep=None, packages_skip_by_dep=None, packages_skip_up_to=None, packages_select_build_failed=False, packages_skip_build_finished=False, packages_select_test_failures=False, packages_skip_test_passed=False, packages_select=None, packages_skip=None, packages_select_regex=None, packages_skip_regex=None, packages_start=None, packages_end=None, allow_overriding=[], cmake_args=None, cmake_target=None, cmake_target_skip_unavailable=False, cmake_clean_cache=False, cmake_clean_first=False, cmake_force_configure=False, ament_cmake_args=None, catkin_cmake_args=None, catkin_skip_building_tests=False, mixin_files=None, mixin=None, verb_parser=<colcon_mixin.mixin.mixin_argument.MixinArgumentDecorator object at 0x7bb2a545fd00>, verb_extension=<colcon_core.verb.build.BuildVerb object at 0x7bb2a545f310>, main=<bound method BuildVerb.main of <colcon_core.verb.build.BuildVerb object at 0x7bb2a545f310>>, mixin_verb=('build',))
[0.353s] Level 1:colcon.colcon_core.package_discovery:discover_packages(colcon_meta) check parameters
[0.353s] Level 1:colcon.colcon_core.package_discovery:discover_packages(recursive) check parameters
[0.353s] Level 1:colcon.colcon_core.package_discovery:discover_packages(ignore) check parameters
[0.354s] Level 1:colcon.colcon_core.package_discovery:discover_packages(path) check parameters
[0.354s] Level 1:colcon.colcon_core.package_discovery:discover_packages(colcon_meta) discover
[0.354s] Level 1:colcon.colcon_core.package_discovery:discover_packages(recursive) discover
[0.354s] INFO:colcon.colcon_core.package_discovery:Crawling recursively for packages in '/home/ph/launch_ws'
[0.354s] Level 1:colcon.colcon_core.package_identification:_identify(.) by extensions ['ignore', 'ignore_ament_install']
[0.354s] Level 1:colcon.colcon_core.package_identification:_identify(.) by extension 'ignore'
[0.354s] Level 1:colcon.colcon_core.package_identification:_identify(.) by extension 'ignore_ament_install'
[0.354s] Level 1:colcon.colcon_core.package_identification:_identify(.) by extensions ['colcon_pkg']
[0.354s] Level 1:colcon.colcon_core.package_identification:_identify(.) by extension 'colcon_pkg'
[0.354s] Level 1:colcon.colcon_core.package_identification:_identify(.) by extensions ['colcon_meta']
[0.354s] Level 1:colcon.colcon_core.package_identification:_identify(.) by extension 'colcon_meta'
[0.354s] Level 1:colcon.colcon_core.package_identification:_identify(.) by extensions ['ros']
[0.354s] Level 1:colcon.colcon_core.package_identification:_identify(.) by extension 'ros'
[0.368s] Level 1:colcon.colcon_core.package_identification:_identify(.) by extensions ['cmake', 'python']
[0.368s] Level 1:colcon.colcon_core.package_identification:_identify(.) by extension 'cmake'
[0.368s] Level 1:colcon.colcon_core.package_identification:_identify(.) by extension 'python'
[0.368s] Level 1:colcon.colcon_core.package_identification:_identify(.) by extensions ['python_setup_py']
[0.368s] Level 1:colcon.colcon_core.package_identification:_identify(.) by extension 'python_setup_py'
[0.368s] Level 1:colcon.colcon_core.package_identification:_identify(build) by extensions ['ignore', 'ignore_ament_install']
[0.368s] Level 1:colcon.colcon_core.package_identification:_identify(build) by extension 'ignore'
[0.368s] Level 1:colcon.colcon_core.package_identification:_identify(build) ignored
[0.368s] Level 1:colcon.colcon_core.package_identification:_identify(install) by extensions ['ignore', 'ignore_ament_install']
[0.368s] Level 1:colcon.colcon_core.package_identification:_identify(install) by extension 'ignore'
[0.368s] Level 1:colcon.colcon_core.package_identification:_identify(install) ignored
[0.368s] Level 1:colcon.colcon_core.package_identification:_identify(log) by extensions ['ignore', 'ignore_ament_install']
[0.369s] Level 1:colcon.colcon_core.package_identification:_identify(log) by extension 'ignore'
[0.369s] Level 1:colcon.colcon_core.package_identification:_identify(log) ignored
[0.369s] Level 1:colcon.colcon_core.package_identification:_identify(src) by extensions ['ignore', 'ignore_ament_install']
[0.369s] Level 1:colcon.colcon_core.package_identification:_identify(src) by extension 'ignore'
[0.369s] Level 1:colcon.colcon_core.package_identification:_identify(src) by extension 'ignore_ament_install'
[0.369s] Level 1:colcon.colcon_core.package_identification:_identify(src) by extensions ['colcon_pkg']
[0.369s] Level 1:colcon.colcon_core.package_identification:_identify(src) by extension 'colcon_pkg'
[0.369s] Level 1:colcon.colcon_core.package_identification:_identify(src) by extensions ['colcon_meta']
[0.369s] Level 1:colcon.colcon_core.package_identification:_identify(src) by extension 'colcon_meta'
[0.369s] Level 1:colcon.colcon_core.package_identification:_identify(src) by extensions ['ros']
[0.369s] Level 1:colcon.colcon_core.package_identification:_identify(src) by extension 'ros'
[0.369s] Level 1:colcon.colcon_core.package_identification:_identify(src) by extensions ['cmake', 'python']
[0.369s] Level 1:colcon.colcon_core.package_identification:_identify(src) by extension 'cmake'
[0.369s] Level 1:colcon.colcon_core.package_identification:_identify(src) by extension 'python'
[0.369s] Level 1:colcon.colcon_core.package_identification:_identify(src) by extensions ['python_setup_py']
[0.369s] Level 1:colcon.colcon_core.package_identification:_identify(src) by extension 'python_setup_py'
[0.369s] Level 1:colcon.colcon_core.package_identification:_identify(src/cpp_launch_example) by extensions ['ignore', 'ignore_ament_install']
[0.370s] Level 1:colcon.colcon_core.package_identification:_identify(src/cpp_launch_example) by extension 'ignore'
[0.370s] Level 1:colcon.colcon_core.package_identification:_identify(src/cpp_launch_example) by extension 'ignore_ament_install'
[0.370s] Level 1:colcon.colcon_core.package_identification:_identify(src/cpp_launch_example) by extensions ['colcon_pkg']
[0.370s] Level 1:colcon.colcon_core.package_identification:_identify(src/cpp_launch_example) by extension 'colcon_pkg'
[0.370s] Level 1:colcon.colcon_core.package_identification:_identify(src/cpp_launch_example) by extensions ['colcon_meta']
[0.370s] Level 1:colcon.colcon_core.package_identification:_identify(src/cpp_launch_example) by extension 'colcon_meta'
[0.370s] Level 1:colcon.colcon_core.package_identification:_identify(src/cpp_launch_example) by extensions ['ros']
[0.370s] Level 1:colcon.colcon_core.package_identification:_identify(src/cpp_launch_example) by extension 'ros'
[0.372s] DEBUG:colcon.colcon_core.package_identification:Package 'src/cpp_launch_example' with type 'ros.ament_cmake' and name 'cpp_launch_example'
[0.372s] Level 1:colcon.colcon_core.package_identification:_identify(src/launch_tutorial) by extensions ['ignore', 'ignore_ament_install']
[0.373s] Level 1:colcon.colcon_core.package_identification:_identify(src/launch_tutorial) by extension 'ignore'
[0.373s] Level 1:colcon.colcon_core.package_identification:_identify(src/launch_tutorial) by extension 'ignore_ament_install'
[0.373s] Level 1:colcon.colcon_core.package_identification:_identify(src/launch_tutorial) by extensions ['colcon_pkg']
[0.373s] Level 1:colcon.colcon_core.package_identification:_identify(src/launch_tutorial) by extension 'colcon_pkg'
[0.373s] Level 1:colcon.colcon_core.package_identification:_identify(src/launch_tutorial) by extensions ['colcon_meta']
[0.373s] Level 1:colcon.colcon_core.package_identification:_identify(src/launch_tutorial) by extension 'colcon_meta'
[0.373s] Level 1:colcon.colcon_core.package_identification:_identify(src/launch_tutorial) by extensions ['ros']
[0.373s] Level 1:colcon.colcon_core.package_identification:_identify(src/launch_tutorial) by extension 'ros'
[0.387s] DEBUG:colcon.colcon_core.package_identification:Package 'src/launch_tutorial' with type 'ros.ament_cmake' and name 'launch_tutorial'
[0.388s] Level 1:colcon.colcon_core.package_identification:_identify(src/py_launch_example) by extensions ['ignore', 'ignore_ament_install']
[0.388s] Level 1:colcon.colcon_core.package_identification:_identify(src/py_launch_example) by extension 'ignore'
[0.388s] Level 1:colcon.colcon_core.package_identification:_identify(src/py_launch_example) by extension 'ignore_ament_install'
[0.388s] Level 1:colcon.colcon_core.package_identification:_identify(src/py_launch_example) by extensions ['colcon_pkg']
[0.388s] Level 1:colcon.colcon_core.package_identification:_identify(src/py_launch_example) by extension 'colcon_pkg'
[0.388s] Level 1:colcon.colcon_core.package_identification:_identify(src/py_launch_example) by extensions ['colcon_meta']
[0.388s] Level 1:colcon.colcon_core.package_identification:_identify(src/py_launch_example) by extension 'colcon_meta'
[0.388s] Level 1:colcon.colcon_core.package_identification:_identify(src/py_launch_example) by extensions ['ros']
[0.388s] Level 1:colcon.colcon_core.package_identification:_identify(src/py_launch_example) by extension 'ros'
[0.388s] DEBUG:colcon.colcon_core.package_identification:Package 'src/py_launch_example' with type 'ros.ament_python' and name 'py_launch_example'
[0.389s] Level 1:colcon.colcon_core.package_discovery:discover_packages(recursive) using defaults
[0.389s] Level 1:colcon.colcon_core.package_discovery:discover_packages(ignore) discover
[0.389s] Level 1:colcon.colcon_core.package_discovery:discover_packages(ignore) using defaults
[0.389s] Level 1:colcon.colcon_core.package_discovery:discover_packages(path) discover
[0.389s] Level 1:colcon.colcon_core.package_discovery:discover_packages(path) using defaults
[0.410s] Level 1:colcon.colcon_core.package_discovery:discover_packages(prefix_path) check parameters
[0.410s] Level 1:colcon.colcon_core.package_discovery:discover_packages(prefix_path) discover
[0.413s] DEBUG:colcon.colcon_installed_package_information.package_discovery:Found 2 installed packages in /home/ph/launch_ws/install
[0.414s] DEBUG:colcon.colcon_installed_package_information.package_discovery:Found 15 installed packages in /home/ph/ros2_firstw/install
[0.416s] DEBUG:colcon.colcon_installed_package_information.package_discovery:Found 323 installed packages in /opt/ros/humble
[0.418s] Level 1:colcon.colcon_core.package_discovery:discover_packages(prefix_path) using defaults
[0.470s] Level 5:colcon.colcon_core.verb:set package 'cpp_launch_example' build argument 'cmake_args' from command line to 'None'
[0.470s] Level 5:colcon.colcon_core.verb:set package 'cpp_launch_example' build argument 'cmake_target' from command line to 'None'
[0.470s] Level 5:colcon.colcon_core.verb:set package 'cpp_launch_example' build argument 'cmake_target_skip_unavailable' from command line to 'False'
[0.470s] Level 5:colcon.colcon_core.verb:set package 'cpp_launch_example' build argument 'cmake_clean_cache' from command line to 'False'
[0.470s] Level 5:colcon.colcon_core.verb:set package 'cpp_launch_example' build argument 'cmake_clean_first' from command line to 'False'
[0.470s] Level 5:colcon.colcon_core.verb:set package 'cpp_launch_example' build argument 'cmake_force_configure' from command line to 'False'
[0.470s] Level 5:colcon.colcon_core.verb:set package 'cpp_launch_example' build argument 'ament_cmake_args' from command line to 'None'
[0.470s] Level 5:colcon.colcon_core.verb:set package 'cpp_launch_example' build argument 'catkin_cmake_args' from command line to 'None'
[0.470s] Level 5:colcon.colcon_core.verb:set package 'cpp_launch_example' build argument 'catkin_skip_building_tests' from command line to 'False'
[0.471s] DEBUG:colcon.colcon_core.verb:Building package 'cpp_launch_example' with the following arguments: {'ament_cmake_args': None, 'build_base': '/home/ph/launch_ws/build/cpp_launch_example', 'catkin_cmake_args': None, 'catkin_skip_building_tests': False, 'cmake_args': None, 'cmake_clean_cache': False, 'cmake_clean_first': False, 'cmake_force_configure': False, 'cmake_target': None, 'cmake_target_skip_unavailable': False, 'install_base': '/home/ph/launch_ws/install/cpp_launch_example', 'merge_install': False, 'path': '/home/ph/launch_ws/src/cpp_launch_example', 'symlink_install': False, 'test_result_base': None}
[0.471s] Level 5:colcon.colcon_core.verb:set package 'launch_tutorial' build argument 'cmake_args' from command line to 'None'
[0.471s] Level 5:colcon.colcon_core.verb:set package 'launch_tutorial' build argument 'cmake_target' from command line to 'None'
[0.471s] Level 5:colcon.colcon_core.verb:set package 'launch_tutorial' build argument 'cmake_target_skip_unavailable' from command line to 'False'
[0.471s] Level 5:colcon.colcon_core.verb:set package 'launch_tutorial' build argument 'cmake_clean_cache' from command line to 'False'
[0.471s] Level 5:colcon.colcon_core.verb:set package 'launch_tutorial' build argument 'cmake_clean_first' from command line to 'False'
[0.471s] Level 5:colcon.colcon_core.verb:set package 'launch_tutorial' build argument 'cmake_force_configure' from command line to 'False'
[0.471s] Level 5:colcon.colcon_core.verb:set package 'launch_tutorial' build argument 'ament_cmake_args' from command line to 'None'
[0.471s] Level 5:colcon.colcon_core.verb:set package 'launch_tutorial' build argument 'catkin_cmake_args' from command line to 'None'
[0.471s] Level 5:colcon.colcon_core.verb:set package 'launch_tutorial' build argument 'catkin_skip_building_tests' from command line to 'False'
[0.471s] DEBUG:colcon.colcon_core.verb:Building package 'launch_tutorial' with the following arguments: {'ament_cmake_args': None, 'build_base': '/home/ph/launch_ws/build/launch_tutorial', 'catkin_cmake_args': None, 'catkin_skip_building_tests': False, 'cmake_args': None, 'cmake_clean_cache': False, 'cmake_clean_first': False, 'cmake_force_configure': False, 'cmake_target': None, 'cmake_target_skip_unavailable': False, 'install_base': '/home/ph/launch_ws/install/launch_tutorial', 'merge_install': False, 'path': '/home/ph/launch_ws/src/launch_tutorial', 'symlink_install': False, 'test_result_base': None}
[0.472s] Level 5:colcon.colcon_core.verb:set package 'py_launch_example' build argument 'cmake_args' from command line to 'None'
[0.472s] Level 5:colcon.colcon_core.verb:set package 'py_launch_example' build argument 'cmake_target' from command line to 'None'
[0.472s] Level 5:colcon.colcon_core.verb:set package 'py_launch_example' build argument 'cmake_target_skip_unavailable' from command line to 'False'
[0.472s] Level 5:colcon.colcon_core.verb:set package 'py_launch_example' build argument 'cmake_clean_cache' from command line to 'False'
[0.472s] Level 5:colcon.colcon_core.verb:set package 'py_launch_example' build argument 'cmake_clean_first' from command line to 'False'
[0.472s] Level 5:colcon.colcon_core.verb:set package 'py_launch_example' build argument 'cmake_force_configure' from command line to 'False'
[0.472s] Level 5:colcon.colcon_core.verb:set package 'py_launch_example' build argument 'ament_cmake_args' from command line to 'None'
[0.472s] Level 5:colcon.colcon_core.verb:set package 'py_launch_example' build argument 'catkin_cmake_args' from command line to 'None'
[0.472s] Level 5:colcon.colcon_core.verb:set package 'py_launch_example' build argument 'catkin_skip_building_tests' from command line to 'False'
[0.472s] DEBUG:colcon.colcon_core.verb:Building package 'py_launch_example' with the following arguments: {'ament_cmake_args': None, 'build_base': '/home/ph/launch_ws/build/py_launch_example', 'catkin_cmake_args': None, 'catkin_skip_building_tests': False, 'cmake_args': None, 'cmake_clean_cache': False, 'cmake_clean_first': False, 'cmake_force_configure': False, 'cmake_target': None, 'cmake_target_skip_unavailable': False, 'install_base': '/home/ph/launch_ws/install/py_launch_example', 'merge_install': False, 'path': '/home/ph/launch_ws/src/py_launch_example', 'symlink_install': False, 'test_result_base': None}
[0.472s] INFO:colcon.colcon_core.executor:Executing jobs using 'parallel' executor
[0.473s] DEBUG:colcon.colcon_parallel_executor.executor.parallel:run_until_complete
[0.473s] INFO:colcon.colcon_ros.task.ament_cmake.build:Building ROS package in '/home/ph/launch_ws/src/cpp_launch_example' with build type 'ament_cmake'
[0.474s] INFO:colcon.colcon_cmake.task.cmake.build:Building CMake package in '/home/ph/launch_ws/src/cpp_launch_example'
[0.476s] INFO:colcon.colcon_core.plugin_system:Skipping extension 'colcon_core.shell.bat': Not used on non-Windows systems
[0.476s] INFO:colcon.colcon_core.shell:Skip shell extension 'powershell' for command environment: Not usable outside of PowerShell
[0.476s] DEBUG:colcon.colcon_core.shell:Skip shell extension 'dsv' for command environment
[0.482s] INFO:colcon.colcon_ros.task.ament_cmake.build:Building ROS package in '/home/ph/launch_ws/src/launch_tutorial' with build type 'ament_cmake'
[0.483s] INFO:colcon.colcon_cmake.task.cmake.build:Building CMake package in '/home/ph/launch_ws/src/launch_tutorial'
[0.483s] INFO:colcon.colcon_core.shell:Skip shell extension 'powershell' for command environment: Not usable outside of PowerShell
[0.483s] DEBUG:colcon.colcon_core.shell:Skip shell extension 'dsv' for command environment
[0.489s] INFO:colcon.colcon_ros.task.ament_python.build:Building ROS package in '/home/ph/launch_ws/src/py_launch_example' with build type 'ament_python'
[0.489s] Level 1:colcon.colcon_core.shell:create_environment_hook('py_launch_example', 'ament_prefix_path')
[0.489s] INFO:colcon.colcon_core.shell:Creating environment hook '/home/ph/launch_ws/install/py_launch_example/share/py_launch_example/hook/ament_prefix_path.ps1'
[0.491s] INFO:colcon.colcon_core.shell:Creating environment descriptor '/home/ph/launch_ws/install/py_launch_example/share/py_launch_example/hook/ament_prefix_path.dsv'
[0.492s] INFO:colcon.colcon_core.shell:Creating environment hook '/home/ph/launch_ws/install/py_launch_example/share/py_launch_example/hook/ament_prefix_path.sh'
[0.493s] INFO:colcon.colcon_core.shell:Skip shell extension 'powershell' for command environment: Not usable outside of PowerShell
[0.494s] DEBUG:colcon.colcon_core.shell:Skip shell extension 'dsv' for command environment
[0.506s] DEBUG:colcon.colcon_core.event_handler.log_command:Invoking command in '/home/ph/launch_ws/build/cpp_launch_example': CMAKE_PREFIX_PATH=${CMAKE_PREFIX_PATH}:/home/ph/launch_ws/install/py_launch_example:/opt/ros/humble /usr/bin/cmake --build /home/ph/launch_ws/build/cpp_launch_example -- -j8 -l8
[0.512s] DEBUG:colcon.colcon_core.event_handler.log_command:Invoking command in '/home/ph/launch_ws/build/launch_tutorial': CMAKE_PREFIX_PATH=${CMAKE_PREFIX_PATH}:/home/ph/launch_ws/install/py_launch_example:/opt/ros/humble /usr/bin/cmake /home/ph/launch_ws/src/launch_tutorial -DCMAKE_INSTALL_PREFIX=/home/ph/launch_ws/install/launch_tutorial
[0.861s] INFO:colcon.colcon_core.task.python.build:Building Python package in '/home/ph/launch_ws/src/py_launch_example'
[0.862s] INFO:colcon.colcon_core.shell:Skip shell extension 'powershell' for command environment: Not usable outside of PowerShell
[0.862s] DEBUG:colcon.colcon_core.shell:Skip shell extension 'dsv' for command environment
[0.871s] DEBUG:colcon.colcon_core.event_handler.log_command:Invoked command in '/home/ph/launch_ws/build/cpp_launch_example' returned '0': CMAKE_PREFIX_PATH=${CMAKE_PREFIX_PATH}:/home/ph/launch_ws/install/py_launch_example:/opt/ros/humble /usr/bin/cmake --build /home/ph/launch_ws/build/cpp_launch_example -- -j8 -l8
[0.887s] DEBUG:colcon.colcon_core.event_handler.log_command:Invoking command in '/home/ph/launch_ws/build/cpp_launch_example': CMAKE_PREFIX_PATH=${CMAKE_PREFIX_PATH}:/home/ph/launch_ws/install/py_launch_example:/opt/ros/humble /usr/bin/cmake --install /home/ph/launch_ws/build/cpp_launch_example
[0.901s] Level 1:colcon.colcon_core.environment:create_environment_scripts_only(cpp_launch_example)
[0.902s] DEBUG:colcon.colcon_core.event_handler.log_command:Invoked command in '/home/ph/launch_ws/build/cpp_launch_example' returned '0': CMAKE_PREFIX_PATH=${CMAKE_PREFIX_PATH}:/home/ph/launch_ws/install/py_launch_example:/opt/ros/humble /usr/bin/cmake --install /home/ph/launch_ws/build/cpp_launch_example
[0.905s] Level 1:colcon.colcon_core.environment:checking '/home/ph/launch_ws/install/cpp_launch_example' for CMake module files
[0.905s] Level 1:colcon.colcon_core.environment:checking '/home/ph/launch_ws/install/cpp_launch_example' for CMake config files
[0.906s] Level 1:colcon.colcon_core.shell:create_environment_hook('cpp_launch_example', 'cmake_prefix_path')
[0.906s] INFO:colcon.colcon_core.shell:Creating environment hook '/home/ph/launch_ws/install/cpp_launch_example/share/cpp_launch_example/hook/cmake_prefix_path.ps1'
[0.907s] INFO:colcon.colcon_core.shell:Creating environment descriptor '/home/ph/launch_ws/install/cpp_launch_example/share/cpp_launch_example/hook/cmake_prefix_path.dsv'
[0.907s] INFO:colcon.colcon_core.shell:Creating environment hook '/home/ph/launch_ws/install/cpp_launch_example/share/cpp_launch_example/hook/cmake_prefix_path.sh'
[0.908s] Level 1:colcon.colcon_core.environment:checking '/home/ph/launch_ws/install/cpp_launch_example/bin'
[0.908s] Level 1:colcon.colcon_core.environment:checking '/home/ph/launch_ws/install/cpp_launch_example/lib/pkgconfig/cpp_launch_example.pc'
[0.908s] Level 1:colcon.colcon_core.environment:checking '/home/ph/launch_ws/install/cpp_launch_example/lib/python3.10/site-packages'
[0.909s] Level 1:colcon.colcon_core.environment:checking '/home/ph/launch_ws/install/cpp_launch_example/bin'
[0.909s] INFO:colcon.colcon_core.shell:Creating package script '/home/ph/launch_ws/install/cpp_launch_example/share/cpp_launch_example/package.ps1'
[0.910s] INFO:colcon.colcon_core.shell:Creating package descriptor '/home/ph/launch_ws/install/cpp_launch_example/share/cpp_launch_example/package.dsv'
[0.911s] INFO:colcon.colcon_core.shell:Creating package script '/home/ph/launch_ws/install/cpp_launch_example/share/cpp_launch_example/package.sh'
[0.912s] INFO:colcon.colcon_core.shell:Creating package script '/home/ph/launch_ws/install/cpp_launch_example/share/cpp_launch_example/package.bash'
[0.913s] INFO:colcon.colcon_core.shell:Creating package script '/home/ph/launch_ws/install/cpp_launch_example/share/cpp_launch_example/package.zsh'
[0.913s] Level 1:colcon.colcon_core.environment:create_file_with_runtime_dependencies(/home/ph/launch_ws/install/cpp_launch_example/share/colcon-core/packages/cpp_launch_example)
[0.914s] Level 1:colcon.colcon_core.environment:create_environment_scripts_only(cpp_launch_example)
[0.914s] Level 1:colcon.colcon_core.environment:checking '/home/ph/launch_ws/install/cpp_launch_example' for CMake module files
[0.915s] Level 1:colcon.colcon_core.environment:checking '/home/ph/launch_ws/install/cpp_launch_example' for CMake config files
[0.915s] Level 1:colcon.colcon_core.shell:create_environment_hook('cpp_launch_example', 'cmake_prefix_path')
[0.915s] INFO:colcon.colcon_core.shell:Creating environment hook '/home/ph/launch_ws/install/cpp_launch_example/share/cpp_launch_example/hook/cmake_prefix_path.ps1'
[0.916s] INFO:colcon.colcon_core.shell:Creating environment descriptor '/home/ph/launch_ws/install/cpp_launch_example/share/cpp_launch_example/hook/cmake_prefix_path.dsv'
[0.916s] INFO:colcon.colcon_core.shell:Creating environment hook '/home/ph/launch_ws/install/cpp_launch_example/share/cpp_launch_example/hook/cmake_prefix_path.sh'
[0.918s] Level 1:colcon.colcon_core.environment:checking '/home/ph/launch_ws/install/cpp_launch_example/bin'
[0.918s] Level 1:colcon.colcon_core.environment:checking '/home/ph/launch_ws/install/cpp_launch_example/lib/pkgconfig/cpp_launch_example.pc'
[0.918s] Level 1:colcon.colcon_core.environment:checking '/home/ph/launch_ws/install/cpp_launch_example/lib/python3.10/site-packages'
[0.918s] Level 1:colcon.colcon_core.environment:checking '/home/ph/launch_ws/install/cpp_launch_example/bin'
[0.919s] INFO:colcon.colcon_core.shell:Creating package script '/home/ph/launch_ws/install/cpp_launch_example/share/cpp_launch_example/package.ps1'
[0.919s] INFO:colcon.colcon_core.shell:Creating package descriptor '/home/ph/launch_ws/install/cpp_launch_example/share/cpp_launch_example/package.dsv'
[0.920s] INFO:colcon.colcon_core.shell:Creating package script '/home/ph/launch_ws/install/cpp_launch_example/share/cpp_launch_example/package.sh'
[0.921s] INFO:colcon.colcon_core.shell:Creating package script '/home/ph/launch_ws/install/cpp_launch_example/share/cpp_launch_example/package.bash'
[0.921s] INFO:colcon.colcon_core.shell:Creating package script '/home/ph/launch_ws/install/cpp_launch_example/share/cpp_launch_example/package.zsh'
[0.922s] Level 1:colcon.colcon_core.environment:create_file_with_runtime_dependencies(/home/ph/launch_ws/install/cpp_launch_example/share/colcon-core/packages/cpp_launch_example)
[1.394s] DEBUG:colcon.colcon_core.event_handler.log_command:Invoking command in '/home/ph/launch_ws/src/py_launch_example': PYTHONPATH=/home/ph/launch_ws/build/py_launch_example/prefix_override:/usr/lib/python3/dist-packages/colcon_core/task/python/colcon_distutils_commands:/home/ph/launch_ws/install/py_launch_example/lib/python3.10/site-packages:${PYTHONPATH} /usr/bin/python3 -W ignore:setup.py install is deprecated -W ignore:easy_install command is deprecated setup.py egg_info --egg-base ../../build/py_launch_example build --build-base /home/ph/launch_ws/build/py_launch_example/build install --record /home/ph/launch_ws/build/py_launch_example/install.log --single-version-externally-managed install_data
[1.565s] DEBUG:colcon.colcon_core.event_handler.log_command:Invoked command in '/home/ph/launch_ws/build/launch_tutorial' returned '0': CMAKE_PREFIX_PATH=${CMAKE_PREFIX_PATH}:/home/ph/launch_ws/install/py_launch_example:/opt/ros/humble /usr/bin/cmake /home/ph/launch_ws/src/launch_tutorial -DCMAKE_INSTALL_PREFIX=/home/ph/launch_ws/install/launch_tutorial
[1.566s] DEBUG:colcon.colcon_core.event_handler.log_command:Invoking command in '/home/ph/launch_ws/build/launch_tutorial': CMAKE_PREFIX_PATH=${CMAKE_PREFIX_PATH}:/home/ph/launch_ws/install/py_launch_example:/opt/ros/humble /usr/bin/cmake --build /home/ph/launch_ws/build/launch_tutorial -- -j8 -l8
[1.639s] DEBUG:colcon.colcon_core.event_handler.log_command:Invoked command in '/home/ph/launch_ws/build/launch_tutorial' returned '0': CMAKE_PREFIX_PATH=${CMAKE_PREFIX_PATH}:/home/ph/launch_ws/install/py_launch_example:/opt/ros/humble /usr/bin/cmake --build /home/ph/launch_ws/build/launch_tutorial -- -j8 -l8
[1.641s] DEBUG:colcon.colcon_core.event_handler.log_command:Invoking command in '/home/ph/launch_ws/build/launch_tutorial': CMAKE_PREFIX_PATH=${CMAKE_PREFIX_PATH}:/home/ph/launch_ws/install/py_launch_example:/opt/ros/humble /usr/bin/cmake --install /home/ph/launch_ws/build/launch_tutorial
[1.668s] Level 1:colcon.colcon_core.environment:create_environment_scripts_only(launch_tutorial)
[1.669s] DEBUG:colcon.colcon_core.event_handler.log_command:Invoked command in '/home/ph/launch_ws/build/launch_tutorial' returned '0': CMAKE_PREFIX_PATH=${CMAKE_PREFIX_PATH}:/home/ph/launch_ws/install/py_launch_example:/opt/ros/humble /usr/bin/cmake --install /home/ph/launch_ws/build/launch_tutorial
[1.669s] Level 1:colcon.colcon_core.environment:checking '/home/ph/launch_ws/install/launch_tutorial' for CMake module files
[1.671s] Level 1:colcon.colcon_core.environment:checking '/home/ph/launch_ws/install/launch_tutorial' for CMake config files
[1.672s] Level 1:colcon.colcon_core.shell:create_environment_hook('launch_tutorial', 'cmake_prefix_path')
[1.672s] INFO:colcon.colcon_core.shell:Creating environment hook '/home/ph/launch_ws/install/launch_tutorial/share/launch_tutorial/hook/cmake_prefix_path.ps1'
[1.674s] INFO:colcon.colcon_core.shell:Creating environment descriptor '/home/ph/launch_ws/install/launch_tutorial/share/launch_tutorial/hook/cmake_prefix_path.dsv'
[1.675s] INFO:colcon.colcon_core.shell:Creating environment hook '/home/ph/launch_ws/install/launch_tutorial/share/launch_tutorial/hook/cmake_prefix_path.sh'
[1.676s] Level 1:colcon.colcon_core.environment:checking '/home/ph/launch_ws/install/launch_tutorial/bin'
[1.677s] Level 1:colcon.colcon_core.environment:checking '/home/ph/launch_ws/install/launch_tutorial/lib/pkgconfig/launch_tutorial.pc'
[1.677s] Level 1:colcon.colcon_core.environment:checking '/home/ph/launch_ws/install/launch_tutorial/lib/python3.10/site-packages'
[1.678s] Level 1:colcon.colcon_core.environment:checking '/home/ph/launch_ws/install/launch_tutorial/bin'
[1.679s] INFO:colcon.colcon_core.shell:Creating package script '/home/ph/launch_ws/install/launch_tutorial/share/launch_tutorial/package.ps1'
[1.680s] INFO:colcon.colcon_core.shell:Creating package descriptor '/home/ph/launch_ws/install/launch_tutorial/share/launch_tutorial/package.dsv'
[1.681s] INFO:colcon.colcon_core.shell:Creating package script '/home/ph/launch_ws/install/launch_tutorial/share/launch_tutorial/package.sh'
[1.682s] INFO:colcon.colcon_core.shell:Creating package script '/home/ph/launch_ws/install/launch_tutorial/share/launch_tutorial/package.bash'
[1.683s] INFO:colcon.colcon_core.shell:Creating package script '/home/ph/launch_ws/install/launch_tutorial/share/launch_tutorial/package.zsh'
[1.684s] Level 1:colcon.colcon_core.environment:create_file_with_runtime_dependencies(/home/ph/launch_ws/install/launch_tutorial/share/colcon-core/packages/launch_tutorial)
[1.686s] Level 1:colcon.colcon_core.environment:create_environment_scripts_only(launch_tutorial)
[1.686s] Level 1:colcon.colcon_core.environment:checking '/home/ph/launch_ws/install/launch_tutorial' for CMake module files
[1.688s] Level 1:colcon.colcon_core.environment:checking '/home/ph/launch_ws/install/launch_tutorial' for CMake config files
[1.688s] Level 1:colcon.colcon_core.shell:create_environment_hook('launch_tutorial', 'cmake_prefix_path')
[1.689s] INFO:colcon.colcon_core.shell:Creating environment hook '/home/ph/launch_ws/install/launch_tutorial/share/launch_tutorial/hook/cmake_prefix_path.ps1'
[1.690s] INFO:colcon.colcon_core.shell:Creating environment descriptor '/home/ph/launch_ws/install/launch_tutorial/share/launch_tutorial/hook/cmake_prefix_path.dsv'
[1.691s] INFO:colcon.colcon_core.shell:Creating environment hook '/home/ph/launch_ws/install/launch_tutorial/share/launch_tutorial/hook/cmake_prefix_path.sh'
[1.693s] Level 1:colcon.colcon_core.environment:checking '/home/ph/launch_ws/install/launch_tutorial/bin'
[1.693s] Level 1:colcon.colcon_core.environment:checking '/home/ph/launch_ws/install/launch_tutorial/lib/pkgconfig/launch_tutorial.pc'
[1.693s] Level 1:colcon.colcon_core.environment:checking '/home/ph/launch_ws/install/launch_tutorial/lib/python3.10/site-packages'
[1.694s] Level 1:colcon.colcon_core.environment:checking '/home/ph/launch_ws/install/launch_tutorial/bin'
[1.695s] INFO:colcon.colcon_core.shell:Creating package script '/home/ph/launch_ws/install/launch_tutorial/share/launch_tutorial/package.ps1'
[1.697s] INFO:colcon.colcon_core.shell:Creating package descriptor '/home/ph/launch_ws/install/launch_tutorial/share/launch_tutorial/package.dsv'
[1.698s] INFO:colcon.colcon_core.shell:Creating package script '/home/ph/launch_ws/install/launch_tutorial/share/launch_tutorial/package.sh'
[1.699s] INFO:colcon.colcon_core.shell:Creating package script '/home/ph/launch_ws/install/launch_tutorial/share/launch_tutorial/package.bash'
[1.700s] INFO:colcon.colcon_core.shell:Creating package script '/home/ph/launch_ws/install/launch_tutorial/share/launch_tutorial/package.zsh'
[1.702s] Level 1:colcon.colcon_core.environment:create_file_with_runtime_dependencies(/home/ph/launch_ws/install/launch_tutorial/share/colcon-core/packages/launch_tutorial)
[1.780s] Level 1:colcon.colcon_core.environment:checking '/home/ph/launch_ws/install/py_launch_example' for CMake module files
[1.781s] DEBUG:colcon.colcon_core.event_handler.log_command:Invoked command in '/home/ph/launch_ws/src/py_launch_example' returned '0': PYTHONPATH=/home/ph/launch_ws/build/py_launch_example/prefix_override:/usr/lib/python3/dist-packages/colcon_core/task/python/colcon_distutils_commands:/home/ph/launch_ws/install/py_launch_example/lib/python3.10/site-packages:${PYTHONPATH} /usr/bin/python3 -W ignore:setup.py install is deprecated -W ignore:easy_install command is deprecated setup.py egg_info --egg-base ../../build/py_launch_example build --build-base /home/ph/launch_ws/build/py_launch_example/build install --record /home/ph/launch_ws/build/py_launch_example/install.log --single-version-externally-managed install_data
[1.781s] Level 1:colcon.colcon_core.environment:checking '/home/ph/launch_ws/install/py_launch_example' for CMake config files
[1.783s] Level 1:colcon.colcon_core.environment:checking '/home/ph/launch_ws/install/py_launch_example/lib'
[1.783s] Level 1:colcon.colcon_core.environment:checking '/home/ph/launch_ws/install/py_launch_example/bin'
[1.783s] Level 1:colcon.colcon_core.environment:checking '/home/ph/launch_ws/install/py_launch_example/lib/pkgconfig/py_launch_example.pc'
[1.784s] Level 1:colcon.colcon_core.environment:checking '/home/ph/launch_ws/install/py_launch_example/lib/python3.10/site-packages'
[1.784s] Level 1:colcon.colcon_core.shell:create_environment_hook('py_launch_example', 'pythonpath')
[1.785s] INFO:colcon.colcon_core.shell:Creating environment hook '/home/ph/launch_ws/install/py_launch_example/share/py_launch_example/hook/pythonpath.ps1'
[1.786s] INFO:colcon.colcon_core.shell:Creating environment descriptor '/home/ph/launch_ws/install/py_launch_example/share/py_launch_example/hook/pythonpath.dsv'
[1.788s] INFO:colcon.colcon_core.shell:Creating environment hook '/home/ph/launch_ws/install/py_launch_example/share/py_launch_example/hook/pythonpath.sh'
[1.790s] Level 1:colcon.colcon_core.environment:checking '/home/ph/launch_ws/install/py_launch_example/bin'
[1.791s] Level 1:colcon.colcon_core.environment:create_environment_scripts_only(py_launch_example)
[1.792s] INFO:colcon.colcon_core.shell:Creating package script '/home/ph/launch_ws/install/py_launch_example/share/py_launch_example/package.ps1'
[1.794s] INFO:colcon.colcon_core.shell:Creating package descriptor '/home/ph/launch_ws/install/py_launch_example/share/py_launch_example/package.dsv'
[1.795s] INFO:colcon.colcon_core.shell:Creating package script '/home/ph/launch_ws/install/py_launch_example/share/py_launch_example/package.sh'
[1.796s] INFO:colcon.colcon_core.shell:Creating package script '/home/ph/launch_ws/install/py_launch_example/share/py_launch_example/package.bash'
[1.798s] INFO:colcon.colcon_core.shell:Creating package script '/home/ph/launch_ws/install/py_launch_example/share/py_launch_example/package.zsh'
[1.799s] Level 1:colcon.colcon_core.environment:create_file_with_runtime_dependencies(/home/ph/launch_ws/install/py_launch_example/share/colcon-core/packages/py_launch_example)
[1.799s] DEBUG:colcon.colcon_parallel_executor.executor.parallel:closing loop
[1.800s] DEBUG:colcon.colcon_parallel_executor.executor.parallel:loop closed
[1.800s] DEBUG:colcon.colcon_parallel_executor.executor.parallel:run_until_complete finished with '0'
[1.801s] DEBUG:colcon.colcon_core.event_reactor:joining thread
[1.816s] INFO:colcon.colcon_core.plugin_system:Skipping extension 'colcon_notification.desktop_notification.terminal_notifier': Not used on non-Darwin systems
[1.816s] INFO:colcon.colcon_core.plugin_system:Skipping extension 'colcon_notification.desktop_notification.win32': Not used on non-Windows systems
[1.817s] INFO:colcon.colcon_notification.desktop_notification:Sending desktop notification using 'notify2'
[1.845s] DEBUG:colcon.colcon_core.event_reactor:joined thread
[1.846s] INFO:colcon.colcon_core.shell:Creating prefix script '/home/ph/launch_ws/install/local_setup.ps1'
[1.850s] INFO:colcon.colcon_core.shell:Creating prefix util module '/home/ph/launch_ws/install/_local_setup_util_ps1.py'
[1.855s] INFO:colcon.colcon_core.shell:Creating prefix chain script '/home/ph/launch_ws/install/setup.ps1'
[1.861s] INFO:colcon.colcon_core.shell:Creating prefix script '/home/ph/launch_ws/install/local_setup.sh'
[1.863s] INFO:colcon.colcon_core.shell:Creating prefix util module '/home/ph/launch_ws/install/_local_setup_util_sh.py'
[1.865s] INFO:colcon.colcon_core.shell:Creating prefix chain script '/home/ph/launch_ws/install/setup.sh'
[1.870s] INFO:colcon.colcon_core.shell:Creating prefix script '/home/ph/launch_ws/install/local_setup.bash'
[1.872s] INFO:colcon.colcon_core.shell:Creating prefix chain script '/home/ph/launch_ws/install/setup.bash'
[1.877s] INFO:colcon.colcon_core.shell:Creating prefix script '/home/ph/launch_ws/install/local_setup.zsh'
[1.878s] INFO:colcon.colcon_core.shell:Creating prefix chain script '/home/ph/launch_ws/install/setup.zsh'
