[0.016s] Invoking command in '/home/ph/ros2_firstw/src/cpp_parameters/build/cpp_parameters': CMAKE_PREFIX_PATH=${CMAKE_PREFIX_PATH}:/opt/ros/humble /usr/bin/cmake /home/ph/ros2_firstw/src/cpp_parameters -DCMAKE_INSTALL_PREFIX=/home/ph/ros2_firstw/src/cpp_parameters/install/cpp_parameters
[0.116s] -- The C compiler identification is GNU 11.4.0
[0.225s] -- The CXX compiler identification is GNU 11.4.0
[0.247s] -- Detecting C compiler ABI info
[0.387s] -- Detecting C compiler ABI info - done
[0.397s] -- Check for working C compiler: /usr/bin/cc - skipped
[0.397s] -- Detecting C compile features
[0.398s] -- Detecting C compile features - done
[0.401s] -- Detecting CXX compiler ABI info
[0.548s] -- Detecting CXX compiler ABI info - done
[0.559s] -- Check for working CXX compiler: /usr/bin/c++ - skipped
[0.560s] -- Detecting CXX compile features
[0.560s] -- Detecting CXX compile features - done
[0.564s] -- Found ament_cmake: 1.3.12 (/opt/ros/humble/share/ament_cmake/cmake)
[0.774s] -- Found Python3: /usr/bin/python3 (found version "3.10.12") found components: Interpreter 
[0.930s] -- Found rclcpp: 16.0.15 (/opt/ros/humble/share/rclcpp/cmake)
[0.990s] -- Found rosidl_generator_c: 3.1.7 (/opt/ros/humble/share/rosidl_generator_c/cmake)
[0.998s] -- Found rosidl_adapter: 3.1.7 (/opt/ros/humble/share/rosidl_adapter/cmake)
[1.010s] -- Found rosidl_generator_cpp: 3.1.7 (/opt/ros/humble/share/rosidl_generator_cpp/cmake)
[1.026s] -- Using all available rosidl_typesupport_c: rosidl_typesupport_fastrtps_c;rosidl_typesupport_introspection_c
[1.049s] -- Using all available rosidl_typesupport_cpp: rosidl_typesupport_fastrtps_cpp;rosidl_typesupport_introspection_cpp
[1.110s] -- Found rmw_implementation_cmake: 6.1.2 (/opt/ros/humble/share/rmw_implementation_cmake/cmake)
[1.114s] -- Found rmw_fastrtps_cpp: 6.2.9 (/opt/ros/humble/share/rmw_fastrtps_cpp/cmake)
[1.286s] -- Found OpenSSL: /usr/lib/x86_64-linux-gnu/libcrypto.so (found version "3.0.2")  
[1.323s] -- Found FastRTPS: /opt/ros/humble/include  
[1.381s] -- Using RMW implementation 'rmw_fastrtps_cpp' as default
[1.394s] -- Looking for pthread.h
[1.548s] -- Looking for pthread.h - found
[1.548s] -- Performing Test CMAKE_HAVE_LIBC_PTHREAD
[1.689s] -- Performing Test CMAKE_HAVE_LIBC_PTHREAD - Success
[1.690s] -- Found Threads: TRUE  
[1.754s] -- Found ament_lint_auto: 0.12.14 (/opt/ros/humble/share/ament_lint_auto/cmake)
[1.875s] -- Added test 'cppcheck' to perform static code analysis on C / C++ code
[1.875s] -- Configured cppcheck include dirs: 
[1.876s] -- Configured cppcheck exclude dirs and/or files: 
[1.877s] -- Added test 'flake8' to check Python code syntax and style conventions
[1.879s] -- Added test 'lint_cmake' to check CMake code style
[1.880s] -- Added test 'pep257' to check Python code against some of the docstring style conventions in PEP 257
[1.888s] -- Added test 'uncrustify' to check C / C++ code style
[1.888s] -- Configured uncrustify additional arguments: 
[1.890s] -- Added test 'xmllint' to check XML markup files
[1.892s] -- Configuring done
[1.903s] -- Generating done
[1.907s] -- Build files have been written to: /home/ph/ros2_firstw/src/cpp_parameters/build/cpp_parameters
[1.917s] Invoked command in '/home/ph/ros2_firstw/src/cpp_parameters/build/cpp_parameters' returned '0': CMAKE_PREFIX_PATH=${CMAKE_PREFIX_PATH}:/opt/ros/humble /usr/bin/cmake /home/ph/ros2_firstw/src/cpp_parameters -DCMAKE_INSTALL_PREFIX=/home/ph/ros2_firstw/src/cpp_parameters/install/cpp_parameters
[1.921s] Invoking command in '/home/ph/ros2_firstw/src/cpp_parameters/build/cpp_parameters': CMAKE_PREFIX_PATH=${CMAKE_PREFIX_PATH}:/opt/ros/humble /usr/bin/cmake --build /home/ph/ros2_firstw/src/cpp_parameters/build/cpp_parameters -- -j8 -l8
[2.013s] [ 50%] [32mBuilding CXX object CMakeFiles/minimal_param_node.dir/src/cpp_parameters_node.cpp.o[0m
[5.600s] [100%] [32m[1mLinking CXX executable minimal_param_node[0m
[5.801s] [100%] Built target minimal_param_node
[5.820s] Invoked command in '/home/ph/ros2_firstw/src/cpp_parameters/build/cpp_parameters' returned '0': CMAKE_PREFIX_PATH=${CMAKE_PREFIX_PATH}:/opt/ros/humble /usr/bin/cmake --build /home/ph/ros2_firstw/src/cpp_parameters/build/cpp_parameters -- -j8 -l8
[5.848s] Invoking command in '/home/ph/ros2_firstw/src/cpp_parameters/build/cpp_parameters': CMAKE_PREFIX_PATH=${CMAKE_PREFIX_PATH}:/opt/ros/humble /usr/bin/cmake --install /home/ph/ros2_firstw/src/cpp_parameters/build/cpp_parameters
[5.871s] -- Install configuration: ""
[5.871s] -- Installing: /home/ph/ros2_firstw/src/cpp_parameters/install/cpp_parameters/lib/cpp_parameters/minimal_param_node
[5.872s] -- Set runtime path of "/home/ph/ros2_firstw/src/cpp_parameters/install/cpp_parameters/lib/cpp_parameters/minimal_param_node" to ""
[5.872s] -- Installing: /home/ph/ros2_firstw/src/cpp_parameters/install/cpp_parameters/share/cpp_parameters/launch
[5.872s] -- Installing: /home/ph/ros2_firstw/src/cpp_parameters/install/cpp_parameters/share/cpp_parameters/launch/cpp_parameters_launch.py
[5.873s] -- Installing: /home/ph/ros2_firstw/src/cpp_parameters/install/cpp_parameters/share/ament_index/resource_index/package_run_dependencies/cpp_parameters
[5.873s] -- Installing: /home/ph/ros2_firstw/src/cpp_parameters/install/cpp_parameters/share/ament_index/resource_index/parent_prefix_path/cpp_parameters
[5.873s] -- Installing: /home/ph/ros2_firstw/src/cpp_parameters/install/cpp_parameters/share/cpp_parameters/environment/ament_prefix_path.sh
[5.874s] -- Installing: /home/ph/ros2_firstw/src/cpp_parameters/install/cpp_parameters/share/cpp_parameters/environment/ament_prefix_path.dsv
[5.874s] -- Installing: /home/ph/ros2_firstw/src/cpp_parameters/install/cpp_parameters/share/cpp_parameters/environment/path.sh
[5.874s] -- Installing: /home/ph/ros2_firstw/src/cpp_parameters/install/cpp_parameters/share/cpp_parameters/environment/path.dsv
[5.875s] -- Installing: /home/ph/ros2_firstw/src/cpp_parameters/install/cpp_parameters/share/cpp_parameters/local_setup.bash
[5.875s] -- Installing: /home/ph/ros2_firstw/src/cpp_parameters/install/cpp_parameters/share/cpp_parameters/local_setup.sh
[5.875s] -- Installing: /home/ph/ros2_firstw/src/cpp_parameters/install/cpp_parameters/share/cpp_parameters/local_setup.zsh
[5.875s] -- Installing: /home/ph/ros2_firstw/src/cpp_parameters/install/cpp_parameters/share/cpp_parameters/local_setup.dsv
[5.875s] -- Installing: /home/ph/ros2_firstw/src/cpp_parameters/install/cpp_parameters/share/cpp_parameters/package.dsv
[5.876s] -- Installing: /home/ph/ros2_firstw/src/cpp_parameters/install/cpp_parameters/share/ament_index/resource_index/packages/cpp_parameters
[5.876s] -- Installing: /home/ph/ros2_firstw/src/cpp_parameters/install/cpp_parameters/share/cpp_parameters/cmake/cpp_parametersConfig.cmake
[5.876s] -- Installing: /home/ph/ros2_firstw/src/cpp_parameters/install/cpp_parameters/share/cpp_parameters/cmake/cpp_parametersConfig-version.cmake
[5.877s] -- Installing: /home/ph/ros2_firstw/src/cpp_parameters/install/cpp_parameters/share/cpp_parameters/package.xml
[5.879s] Invoked command in '/home/ph/ros2_firstw/src/cpp_parameters/build/cpp_parameters' returned '0': CMAKE_PREFIX_PATH=${CMAKE_PREFIX_PATH}:/opt/ros/humble /usr/bin/cmake --install /home/ph/ros2_firstw/src/cpp_parameters/build/cpp_parameters
