[0.139s] DEBUG:colcon:Command line arguments: ['/usr/bin/colcon', 'build', '--packages-select', 'cpp_pubsub']
[0.139s] DEBUG:colcon:Parsed command line arguments: Namespace(log_base=None, log_level=None, verb_name='build', build_base='build', install_base='install', merge_install=False, symlink_install=False, test_result_base=None, continue_on_error=False, executor='parallel', parallel_workers=8, event_handlers=None, ignore_user_meta=False, metas=['./colcon.meta'], base_paths=['.'], packages_ignore=None, packages_ignore_regex=None, paths=None, packages_up_to=None, packages_up_to_regex=None, packages_above=None, packages_above_and_dependencies=None, packages_above_depth=None, packages_select_by_dep=None, packages_skip_by_dep=None, packages_skip_up_to=None, packages_select_build_failed=False, packages_skip_build_finished=False, packages_select_test_failures=False, packages_skip_test_passed=False, packages_select=['cpp_pubsub'], packages_skip=None, packages_select_regex=None, packages_skip_regex=None, packages_start=None, packages_end=None, allow_overriding=[], cmake_args=None, cmake_target=None, cmake_target_skip_unavailable=False, cmake_clean_cache=False, cmake_clean_first=False, cmake_force_configure=False, ament_cmake_args=None, catkin_cmake_args=None, catkin_skip_building_tests=False, mixin_files=None, mixin=None, verb_parser=<colcon_mixin.mixin.mixin_argument.MixinArgumentDecorator object at 0x77ade7462b90>, verb_extension=<colcon_core.verb.build.BuildVerb object at 0x77ade74621a0>, main=<bound method BuildVerb.main of <colcon_core.verb.build.BuildVerb object at 0x77ade74621a0>>, mixin_verb=('build',))
[0.347s] Level 1:colcon.colcon_core.package_discovery:discover_packages(colcon_meta) check parameters
[0.347s] Level 1:colcon.colcon_core.package_discovery:discover_packages(recursive) check parameters
[0.347s] Level 1:colcon.colcon_core.package_discovery:discover_packages(ignore) check parameters
[0.347s] Level 1:colcon.colcon_core.package_discovery:discover_packages(path) check parameters
[0.347s] Level 1:colcon.colcon_core.package_discovery:discover_packages(colcon_meta) discover
[0.347s] Level 1:colcon.colcon_core.package_discovery:discover_packages(recursive) discover
[0.347s] INFO:colcon.colcon_core.package_discovery:Crawling recursively for packages in '/home/ph/ros2_firstw/src/cpp_pubsub'
[0.347s] Level 1:colcon.colcon_core.package_identification:_identify(.) by extensions ['ignore', 'ignore_ament_install']
[0.347s] Level 1:colcon.colcon_core.package_identification:_identify(.) by extension 'ignore'
[0.347s] Level 1:colcon.colcon_core.package_identification:_identify(.) by extension 'ignore_ament_install'
[0.347s] Level 1:colcon.colcon_core.package_identification:_identify(.) by extensions ['colcon_pkg']
[0.347s] Level 1:colcon.colcon_core.package_identification:_identify(.) by extension 'colcon_pkg'
[0.347s] Level 1:colcon.colcon_core.package_identification:_identify(.) by extensions ['colcon_meta']
[0.347s] Level 1:colcon.colcon_core.package_identification:_identify(.) by extension 'colcon_meta'
[0.347s] Level 1:colcon.colcon_core.package_identification:_identify(.) by extensions ['ros']
[0.347s] Level 1:colcon.colcon_core.package_identification:_identify(.) by extension 'ros'
[0.363s] DEBUG:colcon.colcon_core.package_identification:Package '.' with type 'ros.ament_cmake' and name 'cpp_pubsub'
[0.363s] Level 1:colcon.colcon_core.package_discovery:discover_packages(recursive) using defaults
[0.364s] Level 1:colcon.colcon_core.package_discovery:discover_packages(ignore) discover
[0.364s] Level 1:colcon.colcon_core.package_discovery:discover_packages(ignore) using defaults
[0.364s] Level 1:colcon.colcon_core.package_discovery:discover_packages(path) discover
[0.364s] Level 1:colcon.colcon_core.package_discovery:discover_packages(path) using defaults
[0.399s] Level 1:colcon.colcon_core.package_discovery:discover_packages(prefix_path) check parameters
[0.399s] Level 1:colcon.colcon_core.package_discovery:discover_packages(prefix_path) discover
[0.402s] DEBUG:colcon.colcon_installed_package_information.package_discovery:Found 323 installed packages in /opt/ros/humble
[0.404s] Level 1:colcon.colcon_core.package_discovery:discover_packages(prefix_path) using defaults
[0.454s] Level 5:colcon.colcon_core.verb:set package 'cpp_pubsub' build argument 'cmake_args' from command line to 'None'
[0.454s] Level 5:colcon.colcon_core.verb:set package 'cpp_pubsub' build argument 'cmake_target' from command line to 'None'
[0.454s] Level 5:colcon.colcon_core.verb:set package 'cpp_pubsub' build argument 'cmake_target_skip_unavailable' from command line to 'False'
[0.454s] Level 5:colcon.colcon_core.verb:set package 'cpp_pubsub' build argument 'cmake_clean_cache' from command line to 'False'
[0.455s] Level 5:colcon.colcon_core.verb:set package 'cpp_pubsub' build argument 'cmake_clean_first' from command line to 'False'
[0.455s] Level 5:colcon.colcon_core.verb:set package 'cpp_pubsub' build argument 'cmake_force_configure' from command line to 'False'
[0.455s] Level 5:colcon.colcon_core.verb:set package 'cpp_pubsub' build argument 'ament_cmake_args' from command line to 'None'
[0.455s] Level 5:colcon.colcon_core.verb:set package 'cpp_pubsub' build argument 'catkin_cmake_args' from command line to 'None'
[0.455s] Level 5:colcon.colcon_core.verb:set package 'cpp_pubsub' build argument 'catkin_skip_building_tests' from command line to 'False'
[0.455s] DEBUG:colcon.colcon_core.verb:Building package 'cpp_pubsub' with the following arguments: {'ament_cmake_args': None, 'build_base': '/home/ph/ros2_firstw/src/cpp_pubsub/build/cpp_pubsub', 'catkin_cmake_args': None, 'catkin_skip_building_tests': False, 'cmake_args': None, 'cmake_clean_cache': False, 'cmake_clean_first': False, 'cmake_force_configure': False, 'cmake_target': None, 'cmake_target_skip_unavailable': False, 'install_base': '/home/ph/ros2_firstw/src/cpp_pubsub/install/cpp_pubsub', 'merge_install': False, 'path': '/home/ph/ros2_firstw/src/cpp_pubsub', 'symlink_install': False, 'test_result_base': None}
[0.455s] INFO:colcon.colcon_core.executor:Executing jobs using 'parallel' executor
[0.456s] DEBUG:colcon.colcon_parallel_executor.executor.parallel:run_until_complete
[0.456s] INFO:colcon.colcon_ros.task.ament_cmake.build:Building ROS package in '/home/ph/ros2_firstw/src/cpp_pubsub' with build type 'ament_cmake'
[0.456s] INFO:colcon.colcon_cmake.task.cmake.build:Building CMake package in '/home/ph/ros2_firstw/src/cpp_pubsub'
[0.459s] INFO:colcon.colcon_core.plugin_system:Skipping extension 'colcon_core.shell.bat': Not used on non-Windows systems
[0.459s] INFO:colcon.colcon_core.shell:Skip shell extension 'powershell' for command environment: Not usable outside of PowerShell
[0.459s] DEBUG:colcon.colcon_core.shell:Skip shell extension 'dsv' for command environment
[0.472s] DEBUG:colcon.colcon_core.event_handler.log_command:Invoking command in '/home/ph/ros2_firstw/src/cpp_pubsub/build/cpp_pubsub': CMAKE_PREFIX_PATH=/opt/ros/humble /usr/bin/cmake /home/ph/ros2_firstw/src/cpp_pubsub -DCMAKE_INSTALL_PREFIX=/home/ph/ros2_firstw/src/cpp_pubsub/install/cpp_pubsub
[1.084s] DEBUG:colcon.colcon_core.event_handler.log_command:Invoked command in '/home/ph/ros2_firstw/src/cpp_pubsub/build/cpp_pubsub' returned '0': CMAKE_PREFIX_PATH=/opt/ros/humble /usr/bin/cmake /home/ph/ros2_firstw/src/cpp_pubsub -DCMAKE_INSTALL_PREFIX=/home/ph/ros2_firstw/src/cpp_pubsub/install/cpp_pubsub
[1.087s] DEBUG:colcon.colcon_core.event_handler.log_command:Invoking command in '/home/ph/ros2_firstw/src/cpp_pubsub/build/cpp_pubsub': CMAKE_PREFIX_PATH=/opt/ros/humble /usr/bin/cmake --build /home/ph/ros2_firstw/src/cpp_pubsub/build/cpp_pubsub -- -j8 -l8
[11.212s] DEBUG:colcon.colcon_core.event_handler.log_command:Invoked command in '/home/ph/ros2_firstw/src/cpp_pubsub/build/cpp_pubsub' returned '0': CMAKE_PREFIX_PATH=/opt/ros/humble /usr/bin/cmake --build /home/ph/ros2_firstw/src/cpp_pubsub/build/cpp_pubsub -- -j8 -l8
[11.237s] DEBUG:colcon.colcon_core.event_handler.log_command:Invoking command in '/home/ph/ros2_firstw/src/cpp_pubsub/build/cpp_pubsub': CMAKE_PREFIX_PATH=/opt/ros/humble /usr/bin/cmake --install /home/ph/ros2_firstw/src/cpp_pubsub/build/cpp_pubsub
[11.258s] Level 1:colcon.colcon_core.environment:create_environment_scripts_only(cpp_pubsub)
[11.260s] DEBUG:colcon.colcon_core.event_handler.log_command:Invoked command in '/home/ph/ros2_firstw/src/cpp_pubsub/build/cpp_pubsub' returned '0': CMAKE_PREFIX_PATH=/opt/ros/humble /usr/bin/cmake --install /home/ph/ros2_firstw/src/cpp_pubsub/build/cpp_pubsub
[11.265s] Level 1:colcon.colcon_core.environment:checking '/home/ph/ros2_firstw/src/cpp_pubsub/install/cpp_pubsub' for CMake module files
[11.266s] Level 1:colcon.colcon_core.environment:checking '/home/ph/ros2_firstw/src/cpp_pubsub/install/cpp_pubsub' for CMake config files
[11.267s] Level 1:colcon.colcon_core.shell:create_environment_hook('cpp_pubsub', 'cmake_prefix_path')
[11.267s] INFO:colcon.colcon_core.shell:Creating environment hook '/home/ph/ros2_firstw/src/cpp_pubsub/install/cpp_pubsub/share/cpp_pubsub/hook/cmake_prefix_path.ps1'
[11.269s] INFO:colcon.colcon_core.shell:Creating environment descriptor '/home/ph/ros2_firstw/src/cpp_pubsub/install/cpp_pubsub/share/cpp_pubsub/hook/cmake_prefix_path.dsv'
[11.270s] INFO:colcon.colcon_core.shell:Creating environment hook '/home/ph/ros2_firstw/src/cpp_pubsub/install/cpp_pubsub/share/cpp_pubsub/hook/cmake_prefix_path.sh'
[11.273s] Level 1:colcon.colcon_core.environment:checking '/home/ph/ros2_firstw/src/cpp_pubsub/install/cpp_pubsub/lib'
[11.274s] Level 1:colcon.colcon_core.environment:checking '/home/ph/ros2_firstw/src/cpp_pubsub/install/cpp_pubsub/bin'
[11.274s] Level 1:colcon.colcon_core.environment:checking '/home/ph/ros2_firstw/src/cpp_pubsub/install/cpp_pubsub/lib/pkgconfig/cpp_pubsub.pc'
[11.274s] Level 1:colcon.colcon_core.environment:checking '/home/ph/ros2_firstw/src/cpp_pubsub/install/cpp_pubsub/lib/python3.10/site-packages'
[11.275s] Level 1:colcon.colcon_core.environment:checking '/home/ph/ros2_firstw/src/cpp_pubsub/install/cpp_pubsub/bin'
[11.276s] INFO:colcon.colcon_core.shell:Creating package script '/home/ph/ros2_firstw/src/cpp_pubsub/install/cpp_pubsub/share/cpp_pubsub/package.ps1'
[11.278s] INFO:colcon.colcon_core.shell:Creating package descriptor '/home/ph/ros2_firstw/src/cpp_pubsub/install/cpp_pubsub/share/cpp_pubsub/package.dsv'
[11.280s] INFO:colcon.colcon_core.shell:Creating package script '/home/ph/ros2_firstw/src/cpp_pubsub/install/cpp_pubsub/share/cpp_pubsub/package.sh'
[11.281s] INFO:colcon.colcon_core.shell:Creating package script '/home/ph/ros2_firstw/src/cpp_pubsub/install/cpp_pubsub/share/cpp_pubsub/package.bash'
[11.284s] INFO:colcon.colcon_core.shell:Creating package script '/home/ph/ros2_firstw/src/cpp_pubsub/install/cpp_pubsub/share/cpp_pubsub/package.zsh'
[11.286s] Level 1:colcon.colcon_core.environment:create_file_with_runtime_dependencies(/home/ph/ros2_firstw/src/cpp_pubsub/install/cpp_pubsub/share/colcon-core/packages/cpp_pubsub)
[11.287s] Level 1:colcon.colcon_core.environment:create_environment_scripts_only(cpp_pubsub)
[11.288s] Level 1:colcon.colcon_core.environment:checking '/home/ph/ros2_firstw/src/cpp_pubsub/install/cpp_pubsub' for CMake module files
[11.289s] Level 1:colcon.colcon_core.environment:checking '/home/ph/ros2_firstw/src/cpp_pubsub/install/cpp_pubsub' for CMake config files
[11.290s] Level 1:colcon.colcon_core.shell:create_environment_hook('cpp_pubsub', 'cmake_prefix_path')
[11.291s] INFO:colcon.colcon_core.shell:Creating environment hook '/home/ph/ros2_firstw/src/cpp_pubsub/install/cpp_pubsub/share/cpp_pubsub/hook/cmake_prefix_path.ps1'
[11.292s] INFO:colcon.colcon_core.shell:Creating environment descriptor '/home/ph/ros2_firstw/src/cpp_pubsub/install/cpp_pubsub/share/cpp_pubsub/hook/cmake_prefix_path.dsv'
[11.293s] INFO:colcon.colcon_core.shell:Creating environment hook '/home/ph/ros2_firstw/src/cpp_pubsub/install/cpp_pubsub/share/cpp_pubsub/hook/cmake_prefix_path.sh'
[11.294s] Level 1:colcon.colcon_core.environment:checking '/home/ph/ros2_firstw/src/cpp_pubsub/install/cpp_pubsub/lib'
[11.295s] Level 1:colcon.colcon_core.environment:checking '/home/ph/ros2_firstw/src/cpp_pubsub/install/cpp_pubsub/bin'
[11.295s] Level 1:colcon.colcon_core.environment:checking '/home/ph/ros2_firstw/src/cpp_pubsub/install/cpp_pubsub/lib/pkgconfig/cpp_pubsub.pc'
[11.295s] Level 1:colcon.colcon_core.environment:checking '/home/ph/ros2_firstw/src/cpp_pubsub/install/cpp_pubsub/lib/python3.10/site-packages'
[11.296s] Level 1:colcon.colcon_core.environment:checking '/home/ph/ros2_firstw/src/cpp_pubsub/install/cpp_pubsub/bin'
[11.297s] INFO:colcon.colcon_core.shell:Creating package script '/home/ph/ros2_firstw/src/cpp_pubsub/install/cpp_pubsub/share/cpp_pubsub/package.ps1'
[11.299s] INFO:colcon.colcon_core.shell:Creating package descriptor '/home/ph/ros2_firstw/src/cpp_pubsub/install/cpp_pubsub/share/cpp_pubsub/package.dsv'
[11.300s] INFO:colcon.colcon_core.shell:Creating package script '/home/ph/ros2_firstw/src/cpp_pubsub/install/cpp_pubsub/share/cpp_pubsub/package.sh'
[11.301s] INFO:colcon.colcon_core.shell:Creating package script '/home/ph/ros2_firstw/src/cpp_pubsub/install/cpp_pubsub/share/cpp_pubsub/package.bash'
[11.302s] INFO:colcon.colcon_core.shell:Creating package script '/home/ph/ros2_firstw/src/cpp_pubsub/install/cpp_pubsub/share/cpp_pubsub/package.zsh'
[11.304s] Level 1:colcon.colcon_core.environment:create_file_with_runtime_dependencies(/home/ph/ros2_firstw/src/cpp_pubsub/install/cpp_pubsub/share/colcon-core/packages/cpp_pubsub)
[11.305s] DEBUG:colcon.colcon_parallel_executor.executor.parallel:closing loop
[11.305s] DEBUG:colcon.colcon_parallel_executor.executor.parallel:loop closed
[11.306s] DEBUG:colcon.colcon_parallel_executor.executor.parallel:run_until_complete finished with '0'
[11.306s] DEBUG:colcon.colcon_core.event_reactor:joining thread
[11.316s] INFO:colcon.colcon_core.plugin_system:Skipping extension 'colcon_notification.desktop_notification.terminal_notifier': Not used on non-Darwin systems
[11.316s] INFO:colcon.colcon_core.plugin_system:Skipping extension 'colcon_notification.desktop_notification.win32': Not used on non-Windows systems
[11.316s] INFO:colcon.colcon_notification.desktop_notification:Sending desktop notification using 'notify2'
[11.343s] DEBUG:colcon.colcon_core.event_reactor:joined thread
[11.344s] INFO:colcon.colcon_core.shell:Creating prefix script '/home/ph/ros2_firstw/src/cpp_pubsub/install/local_setup.ps1'
[11.347s] INFO:colcon.colcon_core.shell:Creating prefix util module '/home/ph/ros2_firstw/src/cpp_pubsub/install/_local_setup_util_ps1.py'
[11.351s] INFO:colcon.colcon_core.shell:Creating prefix chain script '/home/ph/ros2_firstw/src/cpp_pubsub/install/setup.ps1'
[11.354s] INFO:colcon.colcon_core.shell:Creating prefix script '/home/ph/ros2_firstw/src/cpp_pubsub/install/local_setup.sh'
[11.356s] INFO:colcon.colcon_core.shell:Creating prefix util module '/home/ph/ros2_firstw/src/cpp_pubsub/install/_local_setup_util_sh.py'
[11.358s] INFO:colcon.colcon_core.shell:Creating prefix chain script '/home/ph/ros2_firstw/src/cpp_pubsub/install/setup.sh'
[11.361s] INFO:colcon.colcon_core.shell:Creating prefix script '/home/ph/ros2_firstw/src/cpp_pubsub/install/local_setup.bash'
[11.362s] INFO:colcon.colcon_core.shell:Creating prefix chain script '/home/ph/ros2_firstw/src/cpp_pubsub/install/setup.bash'
[11.365s] INFO:colcon.colcon_core.shell:Creating prefix script '/home/ph/ros2_firstw/src/cpp_pubsub/install/local_setup.zsh'
[11.366s] INFO:colcon.colcon_core.shell:Creating prefix chain script '/home/ph/ros2_firstw/src/cpp_pubsub/install/setup.zsh'
