[0.140s] DEBUG:colcon:Command line arguments: ['/usr/bin/colcon', 'build']
[0.140s] DEBUG:colcon:Parsed command line arguments: Namespace(log_base=None, log_level=None, verb_name='build', build_base='build', install_base='install', merge_install=False, symlink_install=False, test_result_base=None, continue_on_error=False, executor='parallel', parallel_workers=8, event_handlers=None, ignore_user_meta=False, metas=['./colcon.meta'], base_paths=['.'], packages_ignore=None, packages_ignore_regex=None, paths=None, packages_up_to=None, packages_up_to_regex=None, packages_above=None, packages_above_and_dependencies=None, packages_above_depth=None, packages_select_by_dep=None, packages_skip_by_dep=None, packages_skip_up_to=None, packages_select_build_failed=False, packages_skip_build_finished=False, packages_select_test_failures=False, packages_skip_test_passed=False, packages_select=None, packages_skip=None, packages_select_regex=None, packages_skip_regex=None, packages_start=None, packages_end=None, allow_overriding=[], cmake_args=None, cmake_target=None, cmake_target_skip_unavailable=False, cmake_clean_cache=False, cmake_clean_first=False, cmake_force_configure=False, ament_cmake_args=None, catkin_cmake_args=None, catkin_skip_building_tests=False, mixin_files=None, mixin=None, verb_parser=<colcon_mixin.mixin.mixin_argument.MixinArgumentDecorator object at 0x7d222505b010>, verb_extension=<colcon_core.verb.build.BuildVerb object at 0x7d222505a620>, main=<bound method BuildVerb.main of <colcon_core.verb.build.BuildVerb object at 0x7d222505a620>>, mixin_verb=('build',))
[0.354s] Level 1:colcon.colcon_core.package_discovery:discover_packages(colcon_meta) check parameters
[0.354s] Level 1:colcon.colcon_core.package_discovery:discover_packages(recursive) check parameters
[0.354s] Level 1:colcon.colcon_core.package_discovery:discover_packages(ignore) check parameters
[0.354s] Level 1:colcon.colcon_core.package_discovery:discover_packages(path) check parameters
[0.354s] Level 1:colcon.colcon_core.package_discovery:discover_packages(colcon_meta) discover
[0.354s] Level 1:colcon.colcon_core.package_discovery:discover_packages(recursive) discover
[0.354s] INFO:colcon.colcon_core.package_discovery:Crawling recursively for packages in '/home/ph/ros2_firstw'
[0.355s] Level 1:colcon.colcon_core.package_identification:_identify(.) by extensions ['ignore', 'ignore_ament_install']
[0.355s] Level 1:colcon.colcon_core.package_identification:_identify(.) by extension 'ignore'
[0.355s] Level 1:colcon.colcon_core.package_identification:_identify(.) by extension 'ignore_ament_install'
[0.355s] Level 1:colcon.colcon_core.package_identification:_identify(.) by extensions ['colcon_pkg']
[0.355s] Level 1:colcon.colcon_core.package_identification:_identify(.) by extension 'colcon_pkg'
[0.355s] Level 1:colcon.colcon_core.package_identification:_identify(.) by extensions ['colcon_meta']
[0.355s] Level 1:colcon.colcon_core.package_identification:_identify(.) by extension 'colcon_meta'
[0.355s] Level 1:colcon.colcon_core.package_identification:_identify(.) by extensions ['ros']
[0.355s] Level 1:colcon.colcon_core.package_identification:_identify(.) by extension 'ros'
[0.367s] Level 1:colcon.colcon_core.package_identification:_identify(.) by extensions ['cmake', 'python']
[0.367s] Level 1:colcon.colcon_core.package_identification:_identify(.) by extension 'cmake'
[0.367s] Level 1:colcon.colcon_core.package_identification:_identify(.) by extension 'python'
[0.367s] Level 1:colcon.colcon_core.package_identification:_identify(.) by extensions ['python_setup_py']
[0.367s] Level 1:colcon.colcon_core.package_identification:_identify(.) by extension 'python_setup_py'
[0.367s] Level 1:colcon.colcon_core.package_identification:_identify(build) by extensions ['ignore', 'ignore_ament_install']
[0.367s] Level 1:colcon.colcon_core.package_identification:_identify(build) by extension 'ignore'
[0.368s] Level 1:colcon.colcon_core.package_identification:_identify(build) ignored
[0.368s] Level 1:colcon.colcon_core.package_identification:_identify(install) by extensions ['ignore', 'ignore_ament_install']
[0.368s] Level 1:colcon.colcon_core.package_identification:_identify(install) by extension 'ignore'
[0.368s] Level 1:colcon.colcon_core.package_identification:_identify(install) ignored
[0.368s] Level 1:colcon.colcon_core.package_identification:_identify(log) by extensions ['ignore', 'ignore_ament_install']
[0.368s] Level 1:colcon.colcon_core.package_identification:_identify(log) by extension 'ignore'
[0.368s] Level 1:colcon.colcon_core.package_identification:_identify(log) ignored
[0.368s] Level 1:colcon.colcon_core.package_identification:_identify(src) by extensions ['ignore', 'ignore_ament_install']
[0.368s] Level 1:colcon.colcon_core.package_identification:_identify(src) by extension 'ignore'
[0.368s] Level 1:colcon.colcon_core.package_identification:_identify(src) by extension 'ignore_ament_install'
[0.368s] Level 1:colcon.colcon_core.package_identification:_identify(src) by extensions ['colcon_pkg']
[0.368s] Level 1:colcon.colcon_core.package_identification:_identify(src) by extension 'colcon_pkg'
[0.368s] Level 1:colcon.colcon_core.package_identification:_identify(src) by extensions ['colcon_meta']
[0.368s] Level 1:colcon.colcon_core.package_identification:_identify(src) by extension 'colcon_meta'
[0.369s] Level 1:colcon.colcon_core.package_identification:_identify(src) by extensions ['ros']
[0.369s] Level 1:colcon.colcon_core.package_identification:_identify(src) by extension 'ros'
[0.369s] Level 1:colcon.colcon_core.package_identification:_identify(src) by extensions ['cmake', 'python']
[0.369s] Level 1:colcon.colcon_core.package_identification:_identify(src) by extension 'cmake'
[0.369s] Level 1:colcon.colcon_core.package_identification:_identify(src) by extension 'python'
[0.369s] Level 1:colcon.colcon_core.package_identification:_identify(src) by extensions ['python_setup_py']
[0.369s] Level 1:colcon.colcon_core.package_identification:_identify(src) by extension 'python_setup_py'
[0.369s] Level 1:colcon.colcon_core.package_identification:_identify(src/build) by extensions ['ignore', 'ignore_ament_install']
[0.369s] Level 1:colcon.colcon_core.package_identification:_identify(src/build) by extension 'ignore'
[0.369s] Level 1:colcon.colcon_core.package_identification:_identify(src/build) ignored
[0.369s] Level 1:colcon.colcon_core.package_identification:_identify(src/cpp_pubsub) by extensions ['ignore', 'ignore_ament_install']
[0.369s] Level 1:colcon.colcon_core.package_identification:_identify(src/cpp_pubsub) by extension 'ignore'
[0.369s] Level 1:colcon.colcon_core.package_identification:_identify(src/cpp_pubsub) by extension 'ignore_ament_install'
[0.369s] Level 1:colcon.colcon_core.package_identification:_identify(src/cpp_pubsub) by extensions ['colcon_pkg']
[0.369s] Level 1:colcon.colcon_core.package_identification:_identify(src/cpp_pubsub) by extension 'colcon_pkg'
[0.369s] Level 1:colcon.colcon_core.package_identification:_identify(src/cpp_pubsub) by extensions ['colcon_meta']
[0.369s] Level 1:colcon.colcon_core.package_identification:_identify(src/cpp_pubsub) by extension 'colcon_meta'
[0.370s] Level 1:colcon.colcon_core.package_identification:_identify(src/cpp_pubsub) by extensions ['ros']
[0.370s] Level 1:colcon.colcon_core.package_identification:_identify(src/cpp_pubsub) by extension 'ros'
[0.374s] DEBUG:colcon.colcon_core.package_identification:Package 'src/cpp_pubsub' with type 'ros.ament_cmake' and name 'cpp_pubsub'
[0.374s] Level 1:colcon.colcon_core.package_identification:_identify(src/cpp_srvcli) by extensions ['ignore', 'ignore_ament_install']
[0.374s] Level 1:colcon.colcon_core.package_identification:_identify(src/cpp_srvcli) by extension 'ignore'
[0.374s] Level 1:colcon.colcon_core.package_identification:_identify(src/cpp_srvcli) by extension 'ignore_ament_install'
[0.374s] Level 1:colcon.colcon_core.package_identification:_identify(src/cpp_srvcli) by extensions ['colcon_pkg']
[0.374s] Level 1:colcon.colcon_core.package_identification:_identify(src/cpp_srvcli) by extension 'colcon_pkg'
[0.374s] Level 1:colcon.colcon_core.package_identification:_identify(src/cpp_srvcli) by extensions ['colcon_meta']
[0.374s] Level 1:colcon.colcon_core.package_identification:_identify(src/cpp_srvcli) by extension 'colcon_meta'
[0.374s] Level 1:colcon.colcon_core.package_identification:_identify(src/cpp_srvcli) by extensions ['ros']
[0.375s] Level 1:colcon.colcon_core.package_identification:_identify(src/cpp_srvcli) by extension 'ros'
[0.375s] DEBUG:colcon.colcon_core.package_identification:Package 'src/cpp_srvcli' with type 'ros.ament_cmake' and name 'cpp_srvcli'
[0.375s] Level 1:colcon.colcon_core.package_identification:_identify(src/firstpkg) by extensions ['ignore', 'ignore_ament_install']
[0.376s] Level 1:colcon.colcon_core.package_identification:_identify(src/firstpkg) by extension 'ignore'
[0.376s] Level 1:colcon.colcon_core.package_identification:_identify(src/firstpkg) by extension 'ignore_ament_install'
[0.376s] Level 1:colcon.colcon_core.package_identification:_identify(src/firstpkg) by extensions ['colcon_pkg']
[0.376s] Level 1:colcon.colcon_core.package_identification:_identify(src/firstpkg) by extension 'colcon_pkg'
[0.376s] Level 1:colcon.colcon_core.package_identification:_identify(src/firstpkg) by extensions ['colcon_meta']
[0.376s] Level 1:colcon.colcon_core.package_identification:_identify(src/firstpkg) by extension 'colcon_meta'
[0.376s] Level 1:colcon.colcon_core.package_identification:_identify(src/firstpkg) by extensions ['ros']
[0.376s] Level 1:colcon.colcon_core.package_identification:_identify(src/firstpkg) by extension 'ros'
[0.376s] DEBUG:colcon.colcon_core.package_identification:Package 'src/firstpkg' with type 'ros.ament_cmake' and name 'firstpkg'
[0.377s] Level 1:colcon.colcon_core.package_identification:_identify(src/install) by extensions ['ignore', 'ignore_ament_install']
[0.377s] Level 1:colcon.colcon_core.package_identification:_identify(src/install) by extension 'ignore'
[0.377s] Level 1:colcon.colcon_core.package_identification:_identify(src/install) ignored
[0.377s] Level 1:colcon.colcon_core.package_identification:_identify(src/log) by extensions ['ignore', 'ignore_ament_install']
[0.377s] Level 1:colcon.colcon_core.package_identification:_identify(src/log) by extension 'ignore'
[0.377s] Level 1:colcon.colcon_core.package_identification:_identify(src/log) ignored
[0.377s] Level 1:colcon.colcon_core.package_identification:_identify(src/tutorial_interfaces) by extensions ['ignore', 'ignore_ament_install']
[0.377s] Level 1:colcon.colcon_core.package_identification:_identify(src/tutorial_interfaces) by extension 'ignore'
[0.377s] Level 1:colcon.colcon_core.package_identification:_identify(src/tutorial_interfaces) by extension 'ignore_ament_install'
[0.377s] Level 1:colcon.colcon_core.package_identification:_identify(src/tutorial_interfaces) by extensions ['colcon_pkg']
[0.377s] Level 1:colcon.colcon_core.package_identification:_identify(src/tutorial_interfaces) by extension 'colcon_pkg'
[0.377s] Level 1:colcon.colcon_core.package_identification:_identify(src/tutorial_interfaces) by extensions ['colcon_meta']
[0.377s] Level 1:colcon.colcon_core.package_identification:_identify(src/tutorial_interfaces) by extension 'colcon_meta'
[0.377s] Level 1:colcon.colcon_core.package_identification:_identify(src/tutorial_interfaces) by extensions ['ros']
[0.377s] Level 1:colcon.colcon_core.package_identification:_identify(src/tutorial_interfaces) by extension 'ros'
[0.378s] DEBUG:colcon.colcon_core.package_identification:Package 'src/tutorial_interfaces' with type 'ros.ament_cmake' and name 'tutorial_interfaces'
[0.378s] Level 1:colcon.colcon_core.package_discovery:discover_packages(recursive) using defaults
[0.378s] Level 1:colcon.colcon_core.package_discovery:discover_packages(ignore) discover
[0.378s] Level 1:colcon.colcon_core.package_discovery:discover_packages(ignore) using defaults
[0.378s] Level 1:colcon.colcon_core.package_discovery:discover_packages(path) discover
[0.378s] Level 1:colcon.colcon_core.package_discovery:discover_packages(path) using defaults
[0.415s] Level 1:colcon.colcon_core.package_discovery:discover_packages(prefix_path) check parameters
[0.415s] Level 1:colcon.colcon_core.package_discovery:discover_packages(prefix_path) discover
[0.417s] DEBUG:colcon.colcon_installed_package_information.package_discovery:Found 7 installed packages in /home/ph/ros2_firstw/install
[0.419s] DEBUG:colcon.colcon_installed_package_information.package_discovery:Found 323 installed packages in /opt/ros/humble
[0.421s] Level 1:colcon.colcon_core.package_discovery:discover_packages(prefix_path) using defaults
[0.472s] Level 5:colcon.colcon_core.verb:set package 'firstpkg' build argument 'cmake_args' from command line to 'None'
[0.472s] Level 5:colcon.colcon_core.verb:set package 'firstpkg' build argument 'cmake_target' from command line to 'None'
[0.473s] Level 5:colcon.colcon_core.verb:set package 'firstpkg' build argument 'cmake_target_skip_unavailable' from command line to 'False'
[0.473s] Level 5:colcon.colcon_core.verb:set package 'firstpkg' build argument 'cmake_clean_cache' from command line to 'False'
[0.473s] Level 5:colcon.colcon_core.verb:set package 'firstpkg' build argument 'cmake_clean_first' from command line to 'False'
[0.473s] Level 5:colcon.colcon_core.verb:set package 'firstpkg' build argument 'cmake_force_configure' from command line to 'False'
[0.473s] Level 5:colcon.colcon_core.verb:set package 'firstpkg' build argument 'ament_cmake_args' from command line to 'None'
[0.473s] Level 5:colcon.colcon_core.verb:set package 'firstpkg' build argument 'catkin_cmake_args' from command line to 'None'
[0.473s] Level 5:colcon.colcon_core.verb:set package 'firstpkg' build argument 'catkin_skip_building_tests' from command line to 'False'
[0.473s] DEBUG:colcon.colcon_core.verb:Building package 'firstpkg' with the following arguments: {'ament_cmake_args': None, 'build_base': '/home/ph/ros2_firstw/build/firstpkg', 'catkin_cmake_args': None, 'catkin_skip_building_tests': False, 'cmake_args': None, 'cmake_clean_cache': False, 'cmake_clean_first': False, 'cmake_force_configure': False, 'cmake_target': None, 'cmake_target_skip_unavailable': False, 'install_base': '/home/ph/ros2_firstw/install/firstpkg', 'merge_install': False, 'path': '/home/ph/ros2_firstw/src/firstpkg', 'symlink_install': False, 'test_result_base': None}
[0.473s] Level 5:colcon.colcon_core.verb:set package 'tutorial_interfaces' build argument 'cmake_args' from command line to 'None'
[0.473s] Level 5:colcon.colcon_core.verb:set package 'tutorial_interfaces' build argument 'cmake_target' from command line to 'None'
[0.473s] Level 5:colcon.colcon_core.verb:set package 'tutorial_interfaces' build argument 'cmake_target_skip_unavailable' from command line to 'False'
[0.473s] Level 5:colcon.colcon_core.verb:set package 'tutorial_interfaces' build argument 'cmake_clean_cache' from command line to 'False'
[0.473s] Level 5:colcon.colcon_core.verb:set package 'tutorial_interfaces' build argument 'cmake_clean_first' from command line to 'False'
[0.473s] Level 5:colcon.colcon_core.verb:set package 'tutorial_interfaces' build argument 'cmake_force_configure' from command line to 'False'
[0.473s] Level 5:colcon.colcon_core.verb:set package 'tutorial_interfaces' build argument 'ament_cmake_args' from command line to 'None'
[0.473s] Level 5:colcon.colcon_core.verb:set package 'tutorial_interfaces' build argument 'catkin_cmake_args' from command line to 'None'
[0.473s] Level 5:colcon.colcon_core.verb:set package 'tutorial_interfaces' build argument 'catkin_skip_building_tests' from command line to 'False'
[0.473s] DEBUG:colcon.colcon_core.verb:Building package 'tutorial_interfaces' with the following arguments: {'ament_cmake_args': None, 'build_base': '/home/ph/ros2_firstw/build/tutorial_interfaces', 'catkin_cmake_args': None, 'catkin_skip_building_tests': False, 'cmake_args': None, 'cmake_clean_cache': False, 'cmake_clean_first': False, 'cmake_force_configure': False, 'cmake_target': None, 'cmake_target_skip_unavailable': False, 'install_base': '/home/ph/ros2_firstw/install/tutorial_interfaces', 'merge_install': False, 'path': '/home/ph/ros2_firstw/src/tutorial_interfaces', 'symlink_install': False, 'test_result_base': None}
[0.474s] Level 5:colcon.colcon_core.verb:set package 'cpp_pubsub' build argument 'cmake_args' from command line to 'None'
[0.474s] Level 5:colcon.colcon_core.verb:set package 'cpp_pubsub' build argument 'cmake_target' from command line to 'None'
[0.474s] Level 5:colcon.colcon_core.verb:set package 'cpp_pubsub' build argument 'cmake_target_skip_unavailable' from command line to 'False'
[0.474s] Level 5:colcon.colcon_core.verb:set package 'cpp_pubsub' build argument 'cmake_clean_cache' from command line to 'False'
[0.474s] Level 5:colcon.colcon_core.verb:set package 'cpp_pubsub' build argument 'cmake_clean_first' from command line to 'False'
[0.474s] Level 5:colcon.colcon_core.verb:set package 'cpp_pubsub' build argument 'cmake_force_configure' from command line to 'False'
[0.474s] Level 5:colcon.colcon_core.verb:set package 'cpp_pubsub' build argument 'ament_cmake_args' from command line to 'None'
[0.474s] Level 5:colcon.colcon_core.verb:set package 'cpp_pubsub' build argument 'catkin_cmake_args' from command line to 'None'
[0.474s] Level 5:colcon.colcon_core.verb:set package 'cpp_pubsub' build argument 'catkin_skip_building_tests' from command line to 'False'
[0.474s] DEBUG:colcon.colcon_core.verb:Building package 'cpp_pubsub' with the following arguments: {'ament_cmake_args': None, 'build_base': '/home/ph/ros2_firstw/build/cpp_pubsub', 'catkin_cmake_args': None, 'catkin_skip_building_tests': False, 'cmake_args': None, 'cmake_clean_cache': False, 'cmake_clean_first': False, 'cmake_force_configure': False, 'cmake_target': None, 'cmake_target_skip_unavailable': False, 'install_base': '/home/ph/ros2_firstw/install/cpp_pubsub', 'merge_install': False, 'path': '/home/ph/ros2_firstw/src/cpp_pubsub', 'symlink_install': False, 'test_result_base': None}
[0.474s] Level 5:colcon.colcon_core.verb:set package 'cpp_srvcli' build argument 'cmake_args' from command line to 'None'
[0.475s] Level 5:colcon.colcon_core.verb:set package 'cpp_srvcli' build argument 'cmake_target' from command line to 'None'
[0.475s] Level 5:colcon.colcon_core.verb:set package 'cpp_srvcli' build argument 'cmake_target_skip_unavailable' from command line to 'False'
[0.475s] Level 5:colcon.colcon_core.verb:set package 'cpp_srvcli' build argument 'cmake_clean_cache' from command line to 'False'
[0.475s] Level 5:colcon.colcon_core.verb:set package 'cpp_srvcli' build argument 'cmake_clean_first' from command line to 'False'
[0.475s] Level 5:colcon.colcon_core.verb:set package 'cpp_srvcli' build argument 'cmake_force_configure' from command line to 'False'
[0.475s] Level 5:colcon.colcon_core.verb:set package 'cpp_srvcli' build argument 'ament_cmake_args' from command line to 'None'
[0.475s] Level 5:colcon.colcon_core.verb:set package 'cpp_srvcli' build argument 'catkin_cmake_args' from command line to 'None'
[0.475s] Level 5:colcon.colcon_core.verb:set package 'cpp_srvcli' build argument 'catkin_skip_building_tests' from command line to 'False'
[0.475s] DEBUG:colcon.colcon_core.verb:Building package 'cpp_srvcli' with the following arguments: {'ament_cmake_args': None, 'build_base': '/home/ph/ros2_firstw/build/cpp_srvcli', 'catkin_cmake_args': None, 'catkin_skip_building_tests': False, 'cmake_args': None, 'cmake_clean_cache': False, 'cmake_clean_first': False, 'cmake_force_configure': False, 'cmake_target': None, 'cmake_target_skip_unavailable': False, 'install_base': '/home/ph/ros2_firstw/install/cpp_srvcli', 'merge_install': False, 'path': '/home/ph/ros2_firstw/src/cpp_srvcli', 'symlink_install': False, 'test_result_base': None}
[0.475s] INFO:colcon.colcon_core.executor:Executing jobs using 'parallel' executor
[0.476s] DEBUG:colcon.colcon_parallel_executor.executor.parallel:run_until_complete
[0.476s] INFO:colcon.colcon_ros.task.ament_cmake.build:Building ROS package in '/home/ph/ros2_firstw/src/tutorial_interfaces' with build type 'ament_cmake'
[0.477s] INFO:colcon.colcon_cmake.task.cmake.build:Building CMake package in '/home/ph/ros2_firstw/src/tutorial_interfaces'
[0.479s] INFO:colcon.colcon_core.plugin_system:Skipping extension 'colcon_core.shell.bat': Not used on non-Windows systems
[0.479s] INFO:colcon.colcon_core.shell:Skip shell extension 'powershell' for command environment: Not usable outside of PowerShell
[0.479s] DEBUG:colcon.colcon_core.shell:Skip shell extension 'dsv' for command environment
[0.484s] INFO:colcon.colcon_ros.task.ament_cmake.build:Building ROS package in '/home/ph/ros2_firstw/src/firstpkg' with build type 'ament_cmake'
[0.484s] INFO:colcon.colcon_cmake.task.cmake.build:Building CMake package in '/home/ph/ros2_firstw/src/firstpkg'
[0.485s] INFO:colcon.colcon_core.shell:Skip shell extension 'powershell' for command environment: Not usable outside of PowerShell
[0.485s] DEBUG:colcon.colcon_core.shell:Skip shell extension 'dsv' for command environment
[0.496s] DEBUG:colcon.colcon_core.event_handler.log_command:Invoking command in '/home/ph/ros2_firstw/build/tutorial_interfaces': CMAKE_PREFIX_PATH=${CMAKE_PREFIX_PATH}:/opt/ros/humble /usr/bin/cmake --build /home/ph/ros2_firstw/build/tutorial_interfaces -- -j8 -l8
[0.502s] DEBUG:colcon.colcon_core.event_handler.log_command:Invoking command in '/home/ph/ros2_firstw/build/firstpkg': CMAKE_PREFIX_PATH=${CMAKE_PREFIX_PATH}:/opt/ros/humble /usr/bin/cmake --build /home/ph/ros2_firstw/build/firstpkg -- -j8 -l8
[0.593s] DEBUG:colcon.colcon_core.event_handler.log_command:Invoked command in '/home/ph/ros2_firstw/build/firstpkg' returned '0': CMAKE_PREFIX_PATH=${CMAKE_PREFIX_PATH}:/opt/ros/humble /usr/bin/cmake --build /home/ph/ros2_firstw/build/firstpkg -- -j8 -l8
[0.616s] DEBUG:colcon.colcon_core.event_handler.log_command:Invoking command in '/home/ph/ros2_firstw/build/firstpkg': CMAKE_PREFIX_PATH=${CMAKE_PREFIX_PATH}:/opt/ros/humble /usr/bin/cmake --install /home/ph/ros2_firstw/build/firstpkg
[0.631s] Level 1:colcon.colcon_core.environment:create_environment_scripts_only(firstpkg)
[0.632s] DEBUG:colcon.colcon_core.event_handler.log_command:Invoked command in '/home/ph/ros2_firstw/build/firstpkg' returned '0': CMAKE_PREFIX_PATH=${CMAKE_PREFIX_PATH}:/opt/ros/humble /usr/bin/cmake --install /home/ph/ros2_firstw/build/firstpkg
[0.636s] Level 1:colcon.colcon_core.environment:checking '/home/ph/ros2_firstw/install/firstpkg' for CMake module files
[0.637s] Level 1:colcon.colcon_core.environment:checking '/home/ph/ros2_firstw/install/firstpkg' for CMake config files
[0.638s] Level 1:colcon.colcon_core.shell:create_environment_hook('firstpkg', 'cmake_prefix_path')
[0.639s] INFO:colcon.colcon_core.shell:Creating environment hook '/home/ph/ros2_firstw/install/firstpkg/share/firstpkg/hook/cmake_prefix_path.ps1'
[0.640s] INFO:colcon.colcon_core.shell:Creating environment descriptor '/home/ph/ros2_firstw/install/firstpkg/share/firstpkg/hook/cmake_prefix_path.dsv'
[0.641s] INFO:colcon.colcon_core.shell:Creating environment hook '/home/ph/ros2_firstw/install/firstpkg/share/firstpkg/hook/cmake_prefix_path.sh'
[0.643s] Level 1:colcon.colcon_core.environment:checking '/home/ph/ros2_firstw/install/firstpkg/lib'
[0.643s] Level 1:colcon.colcon_core.environment:checking '/home/ph/ros2_firstw/install/firstpkg/bin'
[0.644s] Level 1:colcon.colcon_core.environment:checking '/home/ph/ros2_firstw/install/firstpkg/lib/pkgconfig/firstpkg.pc'
[0.644s] Level 1:colcon.colcon_core.environment:checking '/home/ph/ros2_firstw/install/firstpkg/lib/python3.10/site-packages'
[0.645s] Level 1:colcon.colcon_core.environment:checking '/home/ph/ros2_firstw/install/firstpkg/bin'
[0.645s] INFO:colcon.colcon_core.shell:Creating package script '/home/ph/ros2_firstw/install/firstpkg/share/firstpkg/package.ps1'
[0.647s] INFO:colcon.colcon_core.shell:Creating package descriptor '/home/ph/ros2_firstw/install/firstpkg/share/firstpkg/package.dsv'
[0.648s] INFO:colcon.colcon_core.shell:Creating package script '/home/ph/ros2_firstw/install/firstpkg/share/firstpkg/package.sh'
[0.650s] INFO:colcon.colcon_core.shell:Creating package script '/home/ph/ros2_firstw/install/firstpkg/share/firstpkg/package.bash'
[0.651s] INFO:colcon.colcon_core.shell:Creating package script '/home/ph/ros2_firstw/install/firstpkg/share/firstpkg/package.zsh'
[0.652s] Level 1:colcon.colcon_core.environment:create_file_with_runtime_dependencies(/home/ph/ros2_firstw/install/firstpkg/share/colcon-core/packages/firstpkg)
[0.653s] Level 1:colcon.colcon_core.environment:create_environment_scripts_only(firstpkg)
[0.653s] Level 1:colcon.colcon_core.environment:checking '/home/ph/ros2_firstw/install/firstpkg' for CMake module files
[0.654s] Level 1:colcon.colcon_core.environment:checking '/home/ph/ros2_firstw/install/firstpkg' for CMake config files
[0.654s] Level 1:colcon.colcon_core.shell:create_environment_hook('firstpkg', 'cmake_prefix_path')
[0.654s] INFO:colcon.colcon_core.shell:Creating environment hook '/home/ph/ros2_firstw/install/firstpkg/share/firstpkg/hook/cmake_prefix_path.ps1'
[0.655s] INFO:colcon.colcon_core.shell:Creating environment descriptor '/home/ph/ros2_firstw/install/firstpkg/share/firstpkg/hook/cmake_prefix_path.dsv'
[0.655s] INFO:colcon.colcon_core.shell:Creating environment hook '/home/ph/ros2_firstw/install/firstpkg/share/firstpkg/hook/cmake_prefix_path.sh'
[0.656s] Level 1:colcon.colcon_core.environment:checking '/home/ph/ros2_firstw/install/firstpkg/lib'
[0.656s] Level 1:colcon.colcon_core.environment:checking '/home/ph/ros2_firstw/install/firstpkg/bin'
[0.656s] Level 1:colcon.colcon_core.environment:checking '/home/ph/ros2_firstw/install/firstpkg/lib/pkgconfig/firstpkg.pc'
[0.657s] Level 1:colcon.colcon_core.environment:checking '/home/ph/ros2_firstw/install/firstpkg/lib/python3.10/site-packages'
[0.657s] Level 1:colcon.colcon_core.environment:checking '/home/ph/ros2_firstw/install/firstpkg/bin'
[0.658s] INFO:colcon.colcon_core.shell:Creating package script '/home/ph/ros2_firstw/install/firstpkg/share/firstpkg/package.ps1'
[0.658s] INFO:colcon.colcon_core.shell:Creating package descriptor '/home/ph/ros2_firstw/install/firstpkg/share/firstpkg/package.dsv'
[0.659s] INFO:colcon.colcon_core.shell:Creating package script '/home/ph/ros2_firstw/install/firstpkg/share/firstpkg/package.sh'
[0.660s] INFO:colcon.colcon_core.shell:Creating package script '/home/ph/ros2_firstw/install/firstpkg/share/firstpkg/package.bash'
[0.660s] INFO:colcon.colcon_core.shell:Creating package script '/home/ph/ros2_firstw/install/firstpkg/share/firstpkg/package.zsh'
[0.661s] Level 1:colcon.colcon_core.environment:create_file_with_runtime_dependencies(/home/ph/ros2_firstw/install/firstpkg/share/colcon-core/packages/firstpkg)
[1.018s] DEBUG:colcon.colcon_core.event_handler.log_command:Invoked command in '/home/ph/ros2_firstw/build/tutorial_interfaces' returned '0': CMAKE_PREFIX_PATH=${CMAKE_PREFIX_PATH}:/opt/ros/humble /usr/bin/cmake --build /home/ph/ros2_firstw/build/tutorial_interfaces -- -j8 -l8
[1.021s] DEBUG:colcon.colcon_core.event_handler.log_command:Invoking command in '/home/ph/ros2_firstw/build/tutorial_interfaces': CMAKE_PREFIX_PATH=${CMAKE_PREFIX_PATH}:/opt/ros/humble /usr/bin/cmake --install /home/ph/ros2_firstw/build/tutorial_interfaces
[1.110s] Level 1:colcon.colcon_core.environment:create_environment_scripts_only(tutorial_interfaces)
[1.111s] Level 1:colcon.colcon_core.environment:checking '/home/ph/ros2_firstw/install/tutorial_interfaces' for CMake module files
[1.112s] DEBUG:colcon.colcon_core.event_handler.log_command:Invoked command in '/home/ph/ros2_firstw/build/tutorial_interfaces' returned '0': CMAKE_PREFIX_PATH=${CMAKE_PREFIX_PATH}:/opt/ros/humble /usr/bin/cmake --install /home/ph/ros2_firstw/build/tutorial_interfaces
[1.114s] Level 1:colcon.colcon_core.environment:checking '/home/ph/ros2_firstw/install/tutorial_interfaces' for CMake config files
[1.115s] Level 1:colcon.colcon_core.shell:create_environment_hook('tutorial_interfaces', 'cmake_prefix_path')
[1.116s] INFO:colcon.colcon_core.shell:Creating environment hook '/home/ph/ros2_firstw/install/tutorial_interfaces/share/tutorial_interfaces/hook/cmake_prefix_path.ps1'
[1.117s] INFO:colcon.colcon_core.shell:Creating environment descriptor '/home/ph/ros2_firstw/install/tutorial_interfaces/share/tutorial_interfaces/hook/cmake_prefix_path.dsv'
[1.118s] INFO:colcon.colcon_core.shell:Creating environment hook '/home/ph/ros2_firstw/install/tutorial_interfaces/share/tutorial_interfaces/hook/cmake_prefix_path.sh'
[1.120s] Level 1:colcon.colcon_core.environment:checking '/home/ph/ros2_firstw/install/tutorial_interfaces/lib'
[1.120s] Level 1:colcon.colcon_core.shell:create_environment_hook('tutorial_interfaces', 'ld_library_path_lib')
[1.121s] INFO:colcon.colcon_core.shell:Creating environment hook '/home/ph/ros2_firstw/install/tutorial_interfaces/share/tutorial_interfaces/hook/ld_library_path_lib.ps1'
[1.122s] INFO:colcon.colcon_core.shell:Creating environment descriptor '/home/ph/ros2_firstw/install/tutorial_interfaces/share/tutorial_interfaces/hook/ld_library_path_lib.dsv'
[1.123s] INFO:colcon.colcon_core.shell:Creating environment hook '/home/ph/ros2_firstw/install/tutorial_interfaces/share/tutorial_interfaces/hook/ld_library_path_lib.sh'
[1.124s] Level 1:colcon.colcon_core.environment:checking '/home/ph/ros2_firstw/install/tutorial_interfaces/bin'
[1.125s] Level 1:colcon.colcon_core.environment:checking '/home/ph/ros2_firstw/install/tutorial_interfaces/lib/pkgconfig/tutorial_interfaces.pc'
[1.125s] Level 1:colcon.colcon_core.environment:checking '/home/ph/ros2_firstw/install/tutorial_interfaces/lib/python3.10/site-packages'
[1.126s] Level 1:colcon.colcon_core.environment:checking '/home/ph/ros2_firstw/install/tutorial_interfaces/bin'
[1.127s] INFO:colcon.colcon_core.shell:Creating package script '/home/ph/ros2_firstw/install/tutorial_interfaces/share/tutorial_interfaces/package.ps1'
[1.128s] INFO:colcon.colcon_core.shell:Creating package descriptor '/home/ph/ros2_firstw/install/tutorial_interfaces/share/tutorial_interfaces/package.dsv'
[1.129s] INFO:colcon.colcon_core.shell:Creating package script '/home/ph/ros2_firstw/install/tutorial_interfaces/share/tutorial_interfaces/package.sh'
[1.131s] INFO:colcon.colcon_core.shell:Creating package script '/home/ph/ros2_firstw/install/tutorial_interfaces/share/tutorial_interfaces/package.bash'
[1.131s] INFO:colcon.colcon_core.shell:Creating package script '/home/ph/ros2_firstw/install/tutorial_interfaces/share/tutorial_interfaces/package.zsh'
[1.132s] Level 1:colcon.colcon_core.environment:create_file_with_runtime_dependencies(/home/ph/ros2_firstw/install/tutorial_interfaces/share/colcon-core/packages/tutorial_interfaces)
[1.134s] Level 1:colcon.colcon_core.environment:create_environment_scripts_only(tutorial_interfaces)
[1.135s] Level 1:colcon.colcon_core.environment:checking '/home/ph/ros2_firstw/install/tutorial_interfaces' for CMake module files
[1.137s] Level 1:colcon.colcon_core.environment:checking '/home/ph/ros2_firstw/install/tutorial_interfaces' for CMake config files
[1.138s] Level 1:colcon.colcon_core.shell:create_environment_hook('tutorial_interfaces', 'cmake_prefix_path')
[1.138s] INFO:colcon.colcon_core.shell:Creating environment hook '/home/ph/ros2_firstw/install/tutorial_interfaces/share/tutorial_interfaces/hook/cmake_prefix_path.ps1'
[1.140s] INFO:colcon.colcon_core.shell:Creating environment descriptor '/home/ph/ros2_firstw/install/tutorial_interfaces/share/tutorial_interfaces/hook/cmake_prefix_path.dsv'
[1.140s] INFO:colcon.colcon_core.shell:Creating environment hook '/home/ph/ros2_firstw/install/tutorial_interfaces/share/tutorial_interfaces/hook/cmake_prefix_path.sh'
[1.142s] Level 1:colcon.colcon_core.environment:checking '/home/ph/ros2_firstw/install/tutorial_interfaces/lib'
[1.142s] Level 1:colcon.colcon_core.shell:create_environment_hook('tutorial_interfaces', 'ld_library_path_lib')
[1.143s] INFO:colcon.colcon_core.shell:Creating environment hook '/home/ph/ros2_firstw/install/tutorial_interfaces/share/tutorial_interfaces/hook/ld_library_path_lib.ps1'
[1.143s] INFO:colcon.colcon_core.shell:Creating environment descriptor '/home/ph/ros2_firstw/install/tutorial_interfaces/share/tutorial_interfaces/hook/ld_library_path_lib.dsv'
[1.144s] INFO:colcon.colcon_core.shell:Creating environment hook '/home/ph/ros2_firstw/install/tutorial_interfaces/share/tutorial_interfaces/hook/ld_library_path_lib.sh'
[1.145s] Level 1:colcon.colcon_core.environment:checking '/home/ph/ros2_firstw/install/tutorial_interfaces/bin'
[1.146s] Level 1:colcon.colcon_core.environment:checking '/home/ph/ros2_firstw/install/tutorial_interfaces/lib/pkgconfig/tutorial_interfaces.pc'
[1.146s] Level 1:colcon.colcon_core.environment:checking '/home/ph/ros2_firstw/install/tutorial_interfaces/lib/python3.10/site-packages'
[1.147s] Level 1:colcon.colcon_core.environment:checking '/home/ph/ros2_firstw/install/tutorial_interfaces/bin'
[1.148s] INFO:colcon.colcon_core.shell:Creating package script '/home/ph/ros2_firstw/install/tutorial_interfaces/share/tutorial_interfaces/package.ps1'
[1.149s] INFO:colcon.colcon_core.shell:Creating package descriptor '/home/ph/ros2_firstw/install/tutorial_interfaces/share/tutorial_interfaces/package.dsv'
[1.151s] INFO:colcon.colcon_core.shell:Creating package script '/home/ph/ros2_firstw/install/tutorial_interfaces/share/tutorial_interfaces/package.sh'
[1.152s] INFO:colcon.colcon_core.shell:Creating package script '/home/ph/ros2_firstw/install/tutorial_interfaces/share/tutorial_interfaces/package.bash'
[1.153s] INFO:colcon.colcon_core.shell:Creating package script '/home/ph/ros2_firstw/install/tutorial_interfaces/share/tutorial_interfaces/package.zsh'
[1.154s] Level 1:colcon.colcon_core.environment:create_file_with_runtime_dependencies(/home/ph/ros2_firstw/install/tutorial_interfaces/share/colcon-core/packages/tutorial_interfaces)
[1.155s] INFO:colcon.colcon_ros.task.ament_cmake.build:Building ROS package in '/home/ph/ros2_firstw/src/cpp_pubsub' with build type 'ament_cmake'
[1.155s] INFO:colcon.colcon_cmake.task.cmake.build:Building CMake package in '/home/ph/ros2_firstw/src/cpp_pubsub'
[1.156s] INFO:colcon.colcon_core.shell:Skip shell extension 'powershell' for command environment: Not usable outside of PowerShell
[1.156s] DEBUG:colcon.colcon_core.shell:Skip shell extension 'dsv' for command environment
[1.165s] INFO:colcon.colcon_ros.task.ament_cmake.build:Building ROS package in '/home/ph/ros2_firstw/src/cpp_srvcli' with build type 'ament_cmake'
[1.165s] INFO:colcon.colcon_cmake.task.cmake.build:Building CMake package in '/home/ph/ros2_firstw/src/cpp_srvcli'
[1.166s] INFO:colcon.colcon_core.shell:Skip shell extension 'powershell' for command environment: Not usable outside of PowerShell
[1.166s] DEBUG:colcon.colcon_core.shell:Skip shell extension 'dsv' for command environment
[1.179s] DEBUG:colcon.colcon_core.event_handler.log_command:Invoking command in '/home/ph/ros2_firstw/build/cpp_pubsub': CMAKE_PREFIX_PATH=${CMAKE_PREFIX_PATH}:/opt/ros/humble /usr/bin/cmake --build /home/ph/ros2_firstw/build/cpp_pubsub -- -j8 -l8
[1.185s] DEBUG:colcon.colcon_core.event_handler.log_command:Invoking command in '/home/ph/ros2_firstw/build/cpp_srvcli': CMAKE_PREFIX_PATH=${CMAKE_PREFIX_PATH}:/opt/ros/humble /usr/bin/cmake --build /home/ph/ros2_firstw/build/cpp_srvcli -- -j8 -l8
[1.285s] DEBUG:colcon.colcon_core.event_handler.log_command:Invoked command in '/home/ph/ros2_firstw/build/cpp_pubsub' returned '0': CMAKE_PREFIX_PATH=${CMAKE_PREFIX_PATH}:/opt/ros/humble /usr/bin/cmake --build /home/ph/ros2_firstw/build/cpp_pubsub -- -j8 -l8
[1.288s] DEBUG:colcon.colcon_core.event_handler.log_command:Invoking command in '/home/ph/ros2_firstw/build/cpp_pubsub': CMAKE_PREFIX_PATH=${CMAKE_PREFIX_PATH}:/opt/ros/humble /usr/bin/cmake --install /home/ph/ros2_firstw/build/cpp_pubsub
[1.302s] Level 1:colcon.colcon_core.environment:create_environment_scripts_only(cpp_pubsub)
[1.302s] Level 1:colcon.colcon_core.environment:checking '/home/ph/ros2_firstw/install/cpp_pubsub' for CMake module files
[1.304s] DEBUG:colcon.colcon_core.event_handler.log_command:Invoked command in '/home/ph/ros2_firstw/build/cpp_pubsub' returned '0': CMAKE_PREFIX_PATH=${CMAKE_PREFIX_PATH}:/opt/ros/humble /usr/bin/cmake --install /home/ph/ros2_firstw/build/cpp_pubsub
[1.304s] Level 1:colcon.colcon_core.environment:checking '/home/ph/ros2_firstw/install/cpp_pubsub' for CMake config files
[1.304s] Level 1:colcon.colcon_core.shell:create_environment_hook('cpp_pubsub', 'cmake_prefix_path')
[1.305s] INFO:colcon.colcon_core.shell:Creating environment hook '/home/ph/ros2_firstw/install/cpp_pubsub/share/cpp_pubsub/hook/cmake_prefix_path.ps1'
[1.306s] INFO:colcon.colcon_core.shell:Creating environment descriptor '/home/ph/ros2_firstw/install/cpp_pubsub/share/cpp_pubsub/hook/cmake_prefix_path.dsv'
[1.307s] INFO:colcon.colcon_core.shell:Creating environment hook '/home/ph/ros2_firstw/install/cpp_pubsub/share/cpp_pubsub/hook/cmake_prefix_path.sh'
[1.308s] Level 1:colcon.colcon_core.environment:checking '/home/ph/ros2_firstw/install/cpp_pubsub/lib'
[1.308s] Level 1:colcon.colcon_core.environment:checking '/home/ph/ros2_firstw/install/cpp_pubsub/bin'
[1.308s] Level 1:colcon.colcon_core.environment:checking '/home/ph/ros2_firstw/install/cpp_pubsub/lib/pkgconfig/cpp_pubsub.pc'
[1.308s] Level 1:colcon.colcon_core.environment:checking '/home/ph/ros2_firstw/install/cpp_pubsub/lib/python3.10/site-packages'
[1.309s] Level 1:colcon.colcon_core.environment:checking '/home/ph/ros2_firstw/install/cpp_pubsub/bin'
[1.309s] INFO:colcon.colcon_core.shell:Creating package script '/home/ph/ros2_firstw/install/cpp_pubsub/share/cpp_pubsub/package.ps1'
[1.310s] INFO:colcon.colcon_core.shell:Creating package descriptor '/home/ph/ros2_firstw/install/cpp_pubsub/share/cpp_pubsub/package.dsv'
[1.311s] INFO:colcon.colcon_core.shell:Creating package script '/home/ph/ros2_firstw/install/cpp_pubsub/share/cpp_pubsub/package.sh'
[1.311s] INFO:colcon.colcon_core.shell:Creating package script '/home/ph/ros2_firstw/install/cpp_pubsub/share/cpp_pubsub/package.bash'
[1.312s] INFO:colcon.colcon_core.shell:Creating package script '/home/ph/ros2_firstw/install/cpp_pubsub/share/cpp_pubsub/package.zsh'
[1.312s] Level 1:colcon.colcon_core.environment:create_file_with_runtime_dependencies(/home/ph/ros2_firstw/install/cpp_pubsub/share/colcon-core/packages/cpp_pubsub)
[1.313s] Level 1:colcon.colcon_core.environment:create_environment_scripts_only(cpp_pubsub)
[1.314s] Level 1:colcon.colcon_core.environment:checking '/home/ph/ros2_firstw/install/cpp_pubsub' for CMake module files
[1.314s] Level 1:colcon.colcon_core.environment:checking '/home/ph/ros2_firstw/install/cpp_pubsub' for CMake config files
[1.315s] Level 1:colcon.colcon_core.shell:create_environment_hook('cpp_pubsub', 'cmake_prefix_path')
[1.315s] INFO:colcon.colcon_core.shell:Creating environment hook '/home/ph/ros2_firstw/install/cpp_pubsub/share/cpp_pubsub/hook/cmake_prefix_path.ps1'
[1.315s] INFO:colcon.colcon_core.shell:Creating environment descriptor '/home/ph/ros2_firstw/install/cpp_pubsub/share/cpp_pubsub/hook/cmake_prefix_path.dsv'
[1.316s] INFO:colcon.colcon_core.shell:Creating environment hook '/home/ph/ros2_firstw/install/cpp_pubsub/share/cpp_pubsub/hook/cmake_prefix_path.sh'
[1.316s] Level 1:colcon.colcon_core.environment:checking '/home/ph/ros2_firstw/install/cpp_pubsub/lib'
[1.317s] Level 1:colcon.colcon_core.environment:checking '/home/ph/ros2_firstw/install/cpp_pubsub/bin'
[1.317s] Level 1:colcon.colcon_core.environment:checking '/home/ph/ros2_firstw/install/cpp_pubsub/lib/pkgconfig/cpp_pubsub.pc'
[1.317s] Level 1:colcon.colcon_core.environment:checking '/home/ph/ros2_firstw/install/cpp_pubsub/lib/python3.10/site-packages'
[1.317s] Level 1:colcon.colcon_core.environment:checking '/home/ph/ros2_firstw/install/cpp_pubsub/bin'
[1.318s] INFO:colcon.colcon_core.shell:Creating package script '/home/ph/ros2_firstw/install/cpp_pubsub/share/cpp_pubsub/package.ps1'
[1.318s] INFO:colcon.colcon_core.shell:Creating package descriptor '/home/ph/ros2_firstw/install/cpp_pubsub/share/cpp_pubsub/package.dsv'
[1.319s] INFO:colcon.colcon_core.shell:Creating package script '/home/ph/ros2_firstw/install/cpp_pubsub/share/cpp_pubsub/package.sh'
[1.319s] INFO:colcon.colcon_core.shell:Creating package script '/home/ph/ros2_firstw/install/cpp_pubsub/share/cpp_pubsub/package.bash'
[1.320s] INFO:colcon.colcon_core.shell:Creating package script '/home/ph/ros2_firstw/install/cpp_pubsub/share/cpp_pubsub/package.zsh'
[1.320s] Level 1:colcon.colcon_core.environment:create_file_with_runtime_dependencies(/home/ph/ros2_firstw/install/cpp_pubsub/share/colcon-core/packages/cpp_pubsub)
[1.586s] DEBUG:colcon.colcon_core.event_handler.log_command:Invoked command in '/home/ph/ros2_firstw/build/cpp_srvcli' returned '2': CMAKE_PREFIX_PATH=${CMAKE_PREFIX_PATH}:/opt/ros/humble /usr/bin/cmake --build /home/ph/ros2_firstw/build/cpp_srvcli -- -j8 -l8
[1.587s] Level 1:colcon.colcon_core.environment:create_environment_scripts_only(cpp_srvcli)
[1.588s] Level 1:colcon.colcon_core.environment:checking '/home/ph/ros2_firstw/install/cpp_srvcli' for CMake module files
[1.589s] Level 1:colcon.colcon_core.environment:checking '/home/ph/ros2_firstw/install/cpp_srvcli' for CMake config files
[1.590s] Level 1:colcon.colcon_core.shell:create_environment_hook('cpp_srvcli', 'cmake_prefix_path')
[1.591s] INFO:colcon.colcon_core.shell:Creating environment hook '/home/ph/ros2_firstw/install/cpp_srvcli/share/cpp_srvcli/hook/cmake_prefix_path.ps1'
[1.592s] INFO:colcon.colcon_core.shell:Creating environment descriptor '/home/ph/ros2_firstw/install/cpp_srvcli/share/cpp_srvcli/hook/cmake_prefix_path.dsv'
[1.593s] INFO:colcon.colcon_core.shell:Creating environment hook '/home/ph/ros2_firstw/install/cpp_srvcli/share/cpp_srvcli/hook/cmake_prefix_path.sh'
[1.595s] Level 1:colcon.colcon_core.environment:checking '/home/ph/ros2_firstw/install/cpp_srvcli/lib'
[1.595s] Level 1:colcon.colcon_core.environment:checking '/home/ph/ros2_firstw/install/cpp_srvcli/bin'
[1.595s] Level 1:colcon.colcon_core.environment:checking '/home/ph/ros2_firstw/install/cpp_srvcli/lib/pkgconfig/cpp_srvcli.pc'
[1.596s] Level 1:colcon.colcon_core.environment:checking '/home/ph/ros2_firstw/install/cpp_srvcli/lib/python3.10/site-packages'
[1.597s] Level 1:colcon.colcon_core.environment:checking '/home/ph/ros2_firstw/install/cpp_srvcli/bin'
[1.597s] INFO:colcon.colcon_core.shell:Creating package script '/home/ph/ros2_firstw/install/cpp_srvcli/share/cpp_srvcli/package.ps1'
[1.599s] INFO:colcon.colcon_core.shell:Creating package descriptor '/home/ph/ros2_firstw/install/cpp_srvcli/share/cpp_srvcli/package.dsv'
[1.600s] INFO:colcon.colcon_core.shell:Creating package script '/home/ph/ros2_firstw/install/cpp_srvcli/share/cpp_srvcli/package.sh'
[1.601s] INFO:colcon.colcon_core.shell:Creating package script '/home/ph/ros2_firstw/install/cpp_srvcli/share/cpp_srvcli/package.bash'
[1.602s] INFO:colcon.colcon_core.shell:Creating package script '/home/ph/ros2_firstw/install/cpp_srvcli/share/cpp_srvcli/package.zsh'
[1.603s] Level 1:colcon.colcon_core.environment:create_file_with_runtime_dependencies(/home/ph/ros2_firstw/install/cpp_srvcli/share/colcon-core/packages/cpp_srvcli)
[1.614s] DEBUG:colcon.colcon_parallel_executor.executor.parallel:closing loop
[1.615s] DEBUG:colcon.colcon_parallel_executor.executor.parallel:loop closed
[1.615s] DEBUG:colcon.colcon_parallel_executor.executor.parallel:run_until_complete finished with '2'
[1.615s] DEBUG:colcon.colcon_core.event_reactor:joining thread
[1.629s] INFO:colcon.colcon_core.plugin_system:Skipping extension 'colcon_notification.desktop_notification.terminal_notifier': Not used on non-Darwin systems
[1.629s] INFO:colcon.colcon_core.plugin_system:Skipping extension 'colcon_notification.desktop_notification.win32': Not used on non-Windows systems
[1.629s] INFO:colcon.colcon_notification.desktop_notification:Sending desktop notification using 'notify2'
[1.665s] DEBUG:colcon.colcon_core.event_reactor:joined thread
[1.666s] INFO:colcon.colcon_core.shell:Creating prefix script '/home/ph/ros2_firstw/install/local_setup.ps1'
[1.670s] INFO:colcon.colcon_core.shell:Creating prefix util module '/home/ph/ros2_firstw/install/_local_setup_util_ps1.py'
[1.676s] INFO:colcon.colcon_core.shell:Creating prefix chain script '/home/ph/ros2_firstw/install/setup.ps1'
[1.681s] INFO:colcon.colcon_core.shell:Creating prefix script '/home/ph/ros2_firstw/install/local_setup.sh'
[1.684s] INFO:colcon.colcon_core.shell:Creating prefix util module '/home/ph/ros2_firstw/install/_local_setup_util_sh.py'
[1.686s] INFO:colcon.colcon_core.shell:Creating prefix chain script '/home/ph/ros2_firstw/install/setup.sh'
[1.691s] INFO:colcon.colcon_core.shell:Creating prefix script '/home/ph/ros2_firstw/install/local_setup.bash'
[1.692s] INFO:colcon.colcon_core.shell:Creating prefix chain script '/home/ph/ros2_firstw/install/setup.bash'
[1.696s] INFO:colcon.colcon_core.shell:Creating prefix script '/home/ph/ros2_firstw/install/local_setup.zsh'
[1.698s] INFO:colcon.colcon_core.shell:Creating prefix chain script '/home/ph/ros2_firstw/install/setup.zsh'
