[0.172s] DEBUG:colcon:Command line arguments: ['/usr/bin/colcon', 'build', '--packages-select', 'rslidar_sdk']
[0.172s] DEBUG:colcon:Parsed command line arguments: Namespace(log_base=None, log_level=None, verb_name='build', build_base='build', install_base='install', merge_install=False, symlink_install=False, test_result_base=None, continue_on_error=False, executor='parallel', parallel_workers=8, event_handlers=None, ignore_user_meta=False, metas=['./colcon.meta'], base_paths=['.'], packages_ignore=None, packages_ignore_regex=None, paths=None, packages_up_to=None, packages_up_to_regex=None, packages_above=None, packages_above_and_dependencies=None, packages_above_depth=None, packages_select_by_dep=None, packages_skip_by_dep=None, packages_skip_up_to=None, packages_select_build_failed=False, packages_skip_build_finished=False, packages_select_test_failures=False, packages_skip_test_passed=False, packages_select=['rslidar_sdk'], packages_skip=None, packages_select_regex=None, packages_skip_regex=None, packages_start=None, packages_end=None, allow_overriding=[], cmake_args=None, cmake_target=None, cmake_target_skip_unavailable=False, cmake_clean_cache=False, cmake_clean_first=False, cmake_force_configure=False, ament_cmake_args=None, catkin_cmake_args=None, catkin_skip_building_tests=False, mixin_files=None, mixin=None, verb_parser=<colcon_mixin.mixin.mixin_argument.MixinArgumentDecorator object at 0x71b46cf55870>, verb_extension=<colcon_core.verb.build.BuildVerb object at 0x71b46cf54e80>, main=<bound method BuildVerb.main of <colcon_core.verb.build.BuildVerb object at 0x71b46cf54e80>>, mixin_verb=('build',))
[0.224s] Level 1:colcon.colcon_core.package_discovery:discover_packages(colcon_meta) check parameters
[0.224s] Level 1:colcon.colcon_core.package_discovery:discover_packages(recursive) check parameters
[0.225s] Level 1:colcon.colcon_core.package_discovery:discover_packages(ignore) check parameters
[0.225s] Level 1:colcon.colcon_core.package_discovery:discover_packages(path) check parameters
[0.225s] Level 1:colcon.colcon_core.package_discovery:discover_packages(colcon_meta) discover
[0.225s] Level 1:colcon.colcon_core.package_discovery:discover_packages(recursive) discover
[0.225s] INFO:colcon.colcon_core.package_discovery:Crawling recursively for packages in '/home/ph/wsfake/helios16p_ws'
[0.225s] Level 1:colcon.colcon_core.package_identification:_identify(.) by extensions ['ignore', 'ignore_ament_install']
[0.225s] Level 1:colcon.colcon_core.package_identification:_identify(.) by extension 'ignore'
[0.225s] Level 1:colcon.colcon_core.package_identification:_identify(.) by extension 'ignore_ament_install'
[0.225s] Level 1:colcon.colcon_core.package_identification:_identify(.) by extensions ['colcon_pkg']
[0.225s] Level 1:colcon.colcon_core.package_identification:_identify(.) by extension 'colcon_pkg'
[0.225s] Level 1:colcon.colcon_core.package_identification:_identify(.) by extensions ['colcon_meta']
[0.225s] Level 1:colcon.colcon_core.package_identification:_identify(.) by extension 'colcon_meta'
[0.225s] Level 1:colcon.colcon_core.package_identification:_identify(.) by extensions ['ros']
[0.225s] Level 1:colcon.colcon_core.package_identification:_identify(.) by extension 'ros'
[0.258s] Level 1:colcon.colcon_core.package_identification:_identify(.) by extensions ['cmake', 'python']
[0.258s] Level 1:colcon.colcon_core.package_identification:_identify(.) by extension 'cmake'
[0.258s] Level 1:colcon.colcon_core.package_identification:_identify(.) by extension 'python'
[0.258s] Level 1:colcon.colcon_core.package_identification:_identify(.) by extensions ['python_setup_py']
[0.259s] Level 1:colcon.colcon_core.package_identification:_identify(.) by extension 'python_setup_py'
[0.259s] Level 1:colcon.colcon_core.package_identification:_identify(build) by extensions ['ignore', 'ignore_ament_install']
[0.259s] Level 1:colcon.colcon_core.package_identification:_identify(build) by extension 'ignore'
[0.259s] Level 1:colcon.colcon_core.package_identification:_identify(build) ignored
[0.259s] Level 1:colcon.colcon_core.package_identification:_identify(install) by extensions ['ignore', 'ignore_ament_install']
[0.259s] Level 1:colcon.colcon_core.package_identification:_identify(install) by extension 'ignore'
[0.259s] Level 1:colcon.colcon_core.package_identification:_identify(install) ignored
[0.259s] Level 1:colcon.colcon_core.package_identification:_identify(log) by extensions ['ignore', 'ignore_ament_install']
[0.259s] Level 1:colcon.colcon_core.package_identification:_identify(log) by extension 'ignore'
[0.259s] Level 1:colcon.colcon_core.package_identification:_identify(log) ignored
[0.259s] Level 1:colcon.colcon_core.package_identification:_identify(maps) by extensions ['ignore', 'ignore_ament_install']
[0.260s] Level 1:colcon.colcon_core.package_identification:_identify(maps) by extension 'ignore'
[0.260s] Level 1:colcon.colcon_core.package_identification:_identify(maps) by extension 'ignore_ament_install'
[0.260s] Level 1:colcon.colcon_core.package_identification:_identify(maps) by extensions ['colcon_pkg']
[0.260s] Level 1:colcon.colcon_core.package_identification:_identify(maps) by extension 'colcon_pkg'
[0.260s] Level 1:colcon.colcon_core.package_identification:_identify(maps) by extensions ['colcon_meta']
[0.260s] Level 1:colcon.colcon_core.package_identification:_identify(maps) by extension 'colcon_meta'
[0.260s] Level 1:colcon.colcon_core.package_identification:_identify(maps) by extensions ['ros']
[0.260s] Level 1:colcon.colcon_core.package_identification:_identify(maps) by extension 'ros'
[0.260s] Level 1:colcon.colcon_core.package_identification:_identify(maps) by extensions ['cmake', 'python']
[0.260s] Level 1:colcon.colcon_core.package_identification:_identify(maps) by extension 'cmake'
[0.260s] Level 1:colcon.colcon_core.package_identification:_identify(maps) by extension 'python'
[0.260s] Level 1:colcon.colcon_core.package_identification:_identify(maps) by extensions ['python_setup_py']
[0.260s] Level 1:colcon.colcon_core.package_identification:_identify(maps) by extension 'python_setup_py'
[0.260s] Level 1:colcon.colcon_core.package_identification:_identify(src) by extensions ['ignore', 'ignore_ament_install']
[0.260s] Level 1:colcon.colcon_core.package_identification:_identify(src) by extension 'ignore'
[0.260s] Level 1:colcon.colcon_core.package_identification:_identify(src) by extension 'ignore_ament_install'
[0.260s] Level 1:colcon.colcon_core.package_identification:_identify(src) by extensions ['colcon_pkg']
[0.260s] Level 1:colcon.colcon_core.package_identification:_identify(src) by extension 'colcon_pkg'
[0.261s] Level 1:colcon.colcon_core.package_identification:_identify(src) by extensions ['colcon_meta']
[0.261s] Level 1:colcon.colcon_core.package_identification:_identify(src) by extension 'colcon_meta'
[0.261s] Level 1:colcon.colcon_core.package_identification:_identify(src) by extensions ['ros']
[0.261s] Level 1:colcon.colcon_core.package_identification:_identify(src) by extension 'ros'
[0.261s] Level 1:colcon.colcon_core.package_identification:_identify(src) by extensions ['cmake', 'python']
[0.261s] Level 1:colcon.colcon_core.package_identification:_identify(src) by extension 'cmake'
[0.261s] Level 1:colcon.colcon_core.package_identification:_identify(src) by extension 'python'
[0.261s] Level 1:colcon.colcon_core.package_identification:_identify(src) by extensions ['python_setup_py']
[0.261s] Level 1:colcon.colcon_core.package_identification:_identify(src) by extension 'python_setup_py'
[0.261s] Level 1:colcon.colcon_core.package_identification:_identify(src/helios16p_cane_robot) by extensions ['ignore', 'ignore_ament_install']
[0.261s] Level 1:colcon.colcon_core.package_identification:_identify(src/helios16p_cane_robot) by extension 'ignore'
[0.261s] Level 1:colcon.colcon_core.package_identification:_identify(src/helios16p_cane_robot) by extension 'ignore_ament_install'
[0.261s] Level 1:colcon.colcon_core.package_identification:_identify(src/helios16p_cane_robot) by extensions ['colcon_pkg']
[0.261s] Level 1:colcon.colcon_core.package_identification:_identify(src/helios16p_cane_robot) by extension 'colcon_pkg'
[0.261s] Level 1:colcon.colcon_core.package_identification:_identify(src/helios16p_cane_robot) by extensions ['colcon_meta']
[0.261s] Level 1:colcon.colcon_core.package_identification:_identify(src/helios16p_cane_robot) by extension 'colcon_meta'
[0.261s] Level 1:colcon.colcon_core.package_identification:_identify(src/helios16p_cane_robot) by extensions ['ros']
[0.261s] Level 1:colcon.colcon_core.package_identification:_identify(src/helios16p_cane_robot) by extension 'ros'
[0.265s] DEBUG:colcon.colcon_core.package_identification:Package 'src/helios16p_cane_robot' with type 'ros.ament_python' and name 'helios16p_cane_robot'
[0.265s] Level 1:colcon.colcon_core.package_identification:_identify(src/kiss-icp) by extensions ['ignore', 'ignore_ament_install']
[0.265s] Level 1:colcon.colcon_core.package_identification:_identify(src/kiss-icp) by extension 'ignore'
[0.265s] Level 1:colcon.colcon_core.package_identification:_identify(src/kiss-icp) by extension 'ignore_ament_install'
[0.265s] Level 1:colcon.colcon_core.package_identification:_identify(src/kiss-icp) by extensions ['colcon_pkg']
[0.265s] Level 1:colcon.colcon_core.package_identification:_identify(src/kiss-icp) by extension 'colcon_pkg'
[0.265s] Level 1:colcon.colcon_core.package_identification:_identify(src/kiss-icp) by extensions ['colcon_meta']
[0.265s] Level 1:colcon.colcon_core.package_identification:_identify(src/kiss-icp) by extension 'colcon_meta'
[0.265s] Level 1:colcon.colcon_core.package_identification:_identify(src/kiss-icp) by extensions ['ros']
[0.265s] Level 1:colcon.colcon_core.package_identification:_identify(src/kiss-icp) by extension 'ros'
[0.265s] Level 1:colcon.colcon_core.package_identification:_identify(src/kiss-icp) by extensions ['cmake', 'python']
[0.265s] Level 1:colcon.colcon_core.package_identification:_identify(src/kiss-icp) by extension 'cmake'
[0.265s] Level 1:colcon.colcon_core.package_identification:_identify(src/kiss-icp) by extension 'python'
[0.265s] Level 1:colcon.colcon_core.package_identification:_identify(src/kiss-icp) by extensions ['python_setup_py']
[0.265s] Level 1:colcon.colcon_core.package_identification:_identify(src/kiss-icp) by extension 'python_setup_py'
[0.266s] Level 1:colcon.colcon_core.package_identification:_identify(src/kiss-icp/config) by extensions ['ignore', 'ignore_ament_install']
[0.266s] Level 1:colcon.colcon_core.package_identification:_identify(src/kiss-icp/config) by extension 'ignore'
[0.266s] Level 1:colcon.colcon_core.package_identification:_identify(src/kiss-icp/config) by extension 'ignore_ament_install'
[0.266s] Level 1:colcon.colcon_core.package_identification:_identify(src/kiss-icp/config) by extensions ['colcon_pkg']
[0.266s] Level 1:colcon.colcon_core.package_identification:_identify(src/kiss-icp/config) by extension 'colcon_pkg'
[0.266s] Level 1:colcon.colcon_core.package_identification:_identify(src/kiss-icp/config) by extensions ['colcon_meta']
[0.266s] Level 1:colcon.colcon_core.package_identification:_identify(src/kiss-icp/config) by extension 'colcon_meta'
[0.266s] Level 1:colcon.colcon_core.package_identification:_identify(src/kiss-icp/config) by extensions ['ros']
[0.266s] Level 1:colcon.colcon_core.package_identification:_identify(src/kiss-icp/config) by extension 'ros'
[0.266s] Level 1:colcon.colcon_core.package_identification:_identify(src/kiss-icp/config) by extensions ['cmake', 'python']
[0.266s] Level 1:colcon.colcon_core.package_identification:_identify(src/kiss-icp/config) by extension 'cmake'
[0.266s] Level 1:colcon.colcon_core.package_identification:_identify(src/kiss-icp/config) by extension 'python'
[0.266s] Level 1:colcon.colcon_core.package_identification:_identify(src/kiss-icp/config) by extensions ['python_setup_py']
[0.266s] Level 1:colcon.colcon_core.package_identification:_identify(src/kiss-icp/config) by extension 'python_setup_py'
[0.266s] Level 1:colcon.colcon_core.package_identification:_identify(src/kiss-icp/cpp) by extensions ['ignore', 'ignore_ament_install']
[0.267s] Level 1:colcon.colcon_core.package_identification:_identify(src/kiss-icp/cpp) by extension 'ignore'
[0.267s] Level 1:colcon.colcon_core.package_identification:_identify(src/kiss-icp/cpp) ignored
[0.267s] Level 1:colcon.colcon_core.package_identification:_identify(src/kiss-icp/eval) by extensions ['ignore', 'ignore_ament_install']
[0.267s] Level 1:colcon.colcon_core.package_identification:_identify(src/kiss-icp/eval) by extension 'ignore'
[0.267s] Level 1:colcon.colcon_core.package_identification:_identify(src/kiss-icp/eval) by extension 'ignore_ament_install'
[0.267s] Level 1:colcon.colcon_core.package_identification:_identify(src/kiss-icp/eval) by extensions ['colcon_pkg']
[0.267s] Level 1:colcon.colcon_core.package_identification:_identify(src/kiss-icp/eval) by extension 'colcon_pkg'
[0.267s] Level 1:colcon.colcon_core.package_identification:_identify(src/kiss-icp/eval) by extensions ['colcon_meta']
[0.267s] Level 1:colcon.colcon_core.package_identification:_identify(src/kiss-icp/eval) by extension 'colcon_meta'
[0.267s] Level 1:colcon.colcon_core.package_identification:_identify(src/kiss-icp/eval) by extensions ['ros']
[0.267s] Level 1:colcon.colcon_core.package_identification:_identify(src/kiss-icp/eval) by extension 'ros'
[0.267s] Level 1:colcon.colcon_core.package_identification:_identify(src/kiss-icp/eval) by extensions ['cmake', 'python']
[0.267s] Level 1:colcon.colcon_core.package_identification:_identify(src/kiss-icp/eval) by extension 'cmake'
[0.267s] Level 1:colcon.colcon_core.package_identification:_identify(src/kiss-icp/eval) by extension 'python'
[0.267s] Level 1:colcon.colcon_core.package_identification:_identify(src/kiss-icp/eval) by extensions ['python_setup_py']
[0.267s] Level 1:colcon.colcon_core.package_identification:_identify(src/kiss-icp/eval) by extension 'python_setup_py'
[0.267s] Level 1:colcon.colcon_core.package_identification:_identify(src/kiss-icp/python) by extensions ['ignore', 'ignore_ament_install']
[0.268s] Level 1:colcon.colcon_core.package_identification:_identify(src/kiss-icp/python) by extension 'ignore'
[0.268s] Level 1:colcon.colcon_core.package_identification:_identify(src/kiss-icp/python) ignored
[0.268s] Level 1:colcon.colcon_core.package_identification:_identify(src/kiss-icp/ros) by extensions ['ignore', 'ignore_ament_install']
[0.268s] Level 1:colcon.colcon_core.package_identification:_identify(src/kiss-icp/ros) by extension 'ignore'
[0.268s] Level 1:colcon.colcon_core.package_identification:_identify(src/kiss-icp/ros) by extension 'ignore_ament_install'
[0.268s] Level 1:colcon.colcon_core.package_identification:_identify(src/kiss-icp/ros) by extensions ['colcon_pkg']
[0.268s] Level 1:colcon.colcon_core.package_identification:_identify(src/kiss-icp/ros) by extension 'colcon_pkg'
[0.268s] Level 1:colcon.colcon_core.package_identification:_identify(src/kiss-icp/ros) by extensions ['colcon_meta']
[0.268s] Level 1:colcon.colcon_core.package_identification:_identify(src/kiss-icp/ros) by extension 'colcon_meta'
[0.268s] Level 1:colcon.colcon_core.package_identification:_identify(src/kiss-icp/ros) by extensions ['ros']
[0.268s] Level 1:colcon.colcon_core.package_identification:_identify(src/kiss-icp/ros) by extension 'ros'
[0.270s] DEBUG:colcon.colcon_core.package_identification:Package 'src/kiss-icp/ros' with type 'ros.ament_cmake' and name 'kiss_icp'
[0.270s] Level 1:colcon.colcon_core.package_identification:_identify(src/rslidar_msg) by extensions ['ignore', 'ignore_ament_install']
[0.270s] Level 1:colcon.colcon_core.package_identification:_identify(src/rslidar_msg) by extension 'ignore'
[0.270s] Level 1:colcon.colcon_core.package_identification:_identify(src/rslidar_msg) by extension 'ignore_ament_install'
[0.271s] Level 1:colcon.colcon_core.package_identification:_identify(src/rslidar_msg) by extensions ['colcon_pkg']
[0.271s] Level 1:colcon.colcon_core.package_identification:_identify(src/rslidar_msg) by extension 'colcon_pkg'
[0.271s] Level 1:colcon.colcon_core.package_identification:_identify(src/rslidar_msg) by extensions ['colcon_meta']
[0.271s] Level 1:colcon.colcon_core.package_identification:_identify(src/rslidar_msg) by extension 'colcon_meta'
[0.271s] Level 1:colcon.colcon_core.package_identification:_identify(src/rslidar_msg) by extensions ['ros']
[0.271s] Level 1:colcon.colcon_core.package_identification:_identify(src/rslidar_msg) by extension 'ros'
[0.272s] DEBUG:colcon.colcon_core.package_identification:Package 'src/rslidar_msg' with type 'ros.ament_cmake' and name 'rslidar_msg'
[0.272s] Level 1:colcon.colcon_core.package_identification:_identify(src/rslidar_sdk) by extensions ['ignore', 'ignore_ament_install']
[0.272s] Level 1:colcon.colcon_core.package_identification:_identify(src/rslidar_sdk) by extension 'ignore'
[0.272s] Level 1:colcon.colcon_core.package_identification:_identify(src/rslidar_sdk) by extension 'ignore_ament_install'
[0.272s] Level 1:colcon.colcon_core.package_identification:_identify(src/rslidar_sdk) by extensions ['colcon_pkg']
[0.272s] Level 1:colcon.colcon_core.package_identification:_identify(src/rslidar_sdk) by extension 'colcon_pkg'
[0.272s] Level 1:colcon.colcon_core.package_identification:_identify(src/rslidar_sdk) by extensions ['colcon_meta']
[0.272s] Level 1:colcon.colcon_core.package_identification:_identify(src/rslidar_sdk) by extension 'colcon_meta'
[0.272s] Level 1:colcon.colcon_core.package_identification:_identify(src/rslidar_sdk) by extensions ['ros']
[0.272s] Level 1:colcon.colcon_core.package_identification:_identify(src/rslidar_sdk) by extension 'ros'
[0.284s] DEBUG:colcon.colcon_core.package_identification:Package 'src/rslidar_sdk' with type 'ros.ament_cmake' and name 'rslidar_sdk'
[0.284s] Level 1:colcon.colcon_core.package_discovery:discover_packages(recursive) using defaults
[0.284s] Level 1:colcon.colcon_core.package_discovery:discover_packages(ignore) discover
[0.284s] Level 1:colcon.colcon_core.package_discovery:discover_packages(ignore) using defaults
[0.284s] Level 1:colcon.colcon_core.package_discovery:discover_packages(path) discover
[0.284s] Level 1:colcon.colcon_core.package_discovery:discover_packages(path) using defaults
[0.310s] INFO:colcon.colcon_core.package_selection:Skipping not selected package 'helios16p_cane_robot' in 'src/helios16p_cane_robot'
[0.310s] INFO:colcon.colcon_core.package_selection:Skipping not selected package 'kiss_icp' in 'src/kiss-icp/ros'
[0.310s] INFO:colcon.colcon_core.package_selection:Skipping not selected package 'rslidar_msg' in 'src/rslidar_msg'
[0.310s] Level 1:colcon.colcon_core.package_discovery:discover_packages(prefix_path) check parameters
[0.310s] Level 1:colcon.colcon_core.package_discovery:discover_packages(prefix_path) discover
[0.314s] DEBUG:colcon.colcon_installed_package_information.package_discovery:Found 4 installed packages in /home/ph/ws/lidar_ws/install
[0.317s] DEBUG:colcon.colcon_installed_package_information.package_discovery:Found 461 installed packages in /opt/ros/humble
[0.320s] Level 1:colcon.colcon_core.package_discovery:discover_packages(prefix_path) using defaults
[0.546s] Level 5:colcon.colcon_core.verb:set package 'rslidar_sdk' build argument 'cmake_args' from command line to 'None'
[0.546s] Level 5:colcon.colcon_core.verb:set package 'rslidar_sdk' build argument 'cmake_target' from command line to 'None'
[0.546s] Level 5:colcon.colcon_core.verb:set package 'rslidar_sdk' build argument 'cmake_target_skip_unavailable' from command line to 'False'
[0.546s] Level 5:colcon.colcon_core.verb:set package 'rslidar_sdk' build argument 'cmake_clean_cache' from command line to 'False'
[0.546s] Level 5:colcon.colcon_core.verb:set package 'rslidar_sdk' build argument 'cmake_clean_first' from command line to 'False'
[0.546s] Level 5:colcon.colcon_core.verb:set package 'rslidar_sdk' build argument 'cmake_force_configure' from command line to 'False'
[0.547s] Level 5:colcon.colcon_core.verb:set package 'rslidar_sdk' build argument 'ament_cmake_args' from command line to 'None'
[0.547s] Level 5:colcon.colcon_core.verb:set package 'rslidar_sdk' build argument 'catkin_cmake_args' from command line to 'None'
[0.547s] Level 5:colcon.colcon_core.verb:set package 'rslidar_sdk' build argument 'catkin_skip_building_tests' from command line to 'False'
[0.547s] DEBUG:colcon.colcon_core.verb:Building package 'rslidar_sdk' with the following arguments: {'ament_cmake_args': None, 'build_base': '/home/ph/wsfake/helios16p_ws/build/rslidar_sdk', 'catkin_cmake_args': None, 'catkin_skip_building_tests': False, 'cmake_args': None, 'cmake_clean_cache': False, 'cmake_clean_first': False, 'cmake_force_configure': False, 'cmake_target': None, 'cmake_target_skip_unavailable': False, 'install_base': '/home/ph/wsfake/helios16p_ws/install/rslidar_sdk', 'merge_install': False, 'path': '/home/ph/wsfake/helios16p_ws/src/rslidar_sdk', 'symlink_install': False, 'test_result_base': None}
[0.547s] INFO:colcon.colcon_core.executor:Executing jobs using 'parallel' executor
[0.548s] DEBUG:colcon.colcon_parallel_executor.executor.parallel:run_until_complete
[0.548s] INFO:colcon.colcon_ros.task.ament_cmake.build:Building ROS package in '/home/ph/wsfake/helios16p_ws/src/rslidar_sdk' with build type 'ament_cmake'
[0.548s] INFO:colcon.colcon_cmake.task.cmake.build:Building CMake package in '/home/ph/wsfake/helios16p_ws/src/rslidar_sdk'
[0.553s] INFO:colcon.colcon_core.plugin_system:Skipping extension 'colcon_core.shell.bat': Not used on non-Windows systems
[0.553s] INFO:colcon.colcon_core.shell:Skip shell extension 'powershell' for command environment: Not usable outside of PowerShell
[0.553s] DEBUG:colcon.colcon_core.shell:Skip shell extension 'dsv' for command environment
[0.572s] DEBUG:colcon.colcon_core.event_handler.log_command:Invoking command in '/home/ph/wsfake/helios16p_ws/build/rslidar_sdk': AMENT_PREFIX_PATH=/home/ph/wsfake/helios16p_ws/install/rslidar_msg:${AMENT_PREFIX_PATH} CMAKE_PREFIX_PATH=/home/ph/wsfake/helios16p_ws/install/rslidar_msg:/home/ph/ws/lidar_ws/install/rslidar_sdk:/home/ph/ws/lidar_ws/install/rslidar_msg:/home/ph/ws/lidar_ws/install/kiss_icp:/home/ph/ws/lidar_ws/install/helios16p_cane_robot:/opt/ros/humble LD_LIBRARY_PATH=/home/ph/wsfake/helios16p_ws/install/rslidar_msg/lib:${LD_LIBRARY_PATH} PYTHONPATH=/home/ph/wsfake/helios16p_ws/install/rslidar_msg/local/lib/python3.10/dist-packages:${PYTHONPATH} /usr/bin/cmake /home/ph/wsfake/helios16p_ws/src/rslidar_sdk -DCMAKE_INSTALL_PREFIX=/home/ph/wsfake/helios16p_ws/install/rslidar_sdk
[2.715s] DEBUG:colcon.colcon_core.event_handler.log_command:Invoked command in '/home/ph/wsfake/helios16p_ws/build/rslidar_sdk' returned '0': AMENT_PREFIX_PATH=/home/ph/wsfake/helios16p_ws/install/rslidar_msg:${AMENT_PREFIX_PATH} CMAKE_PREFIX_PATH=/home/ph/wsfake/helios16p_ws/install/rslidar_msg:/home/ph/ws/lidar_ws/install/rslidar_sdk:/home/ph/ws/lidar_ws/install/rslidar_msg:/home/ph/ws/lidar_ws/install/kiss_icp:/home/ph/ws/lidar_ws/install/helios16p_cane_robot:/opt/ros/humble LD_LIBRARY_PATH=/home/ph/wsfake/helios16p_ws/install/rslidar_msg/lib:${LD_LIBRARY_PATH} PYTHONPATH=/home/ph/wsfake/helios16p_ws/install/rslidar_msg/local/lib/python3.10/dist-packages:${PYTHONPATH} /usr/bin/cmake /home/ph/wsfake/helios16p_ws/src/rslidar_sdk -DCMAKE_INSTALL_PREFIX=/home/ph/wsfake/helios16p_ws/install/rslidar_sdk
[2.720s] DEBUG:colcon.colcon_core.event_handler.log_command:Invoking command in '/home/ph/wsfake/helios16p_ws/build/rslidar_sdk': AMENT_PREFIX_PATH=/home/ph/wsfake/helios16p_ws/install/rslidar_msg:${AMENT_PREFIX_PATH} CMAKE_PREFIX_PATH=/home/ph/wsfake/helios16p_ws/install/rslidar_msg:/home/ph/ws/lidar_ws/install/rslidar_sdk:/home/ph/ws/lidar_ws/install/rslidar_msg:/home/ph/ws/lidar_ws/install/kiss_icp:/home/ph/ws/lidar_ws/install/helios16p_cane_robot:/opt/ros/humble LD_LIBRARY_PATH=/home/ph/wsfake/helios16p_ws/install/rslidar_msg/lib:${LD_LIBRARY_PATH} PYTHONPATH=/home/ph/wsfake/helios16p_ws/install/rslidar_msg/local/lib/python3.10/dist-packages:${PYTHONPATH} /usr/bin/cmake --build /home/ph/wsfake/helios16p_ws/build/rslidar_sdk -- -j8 -l8
[26.262s] DEBUG:colcon.colcon_core.event_handler.log_command:Invoked command in '/home/ph/wsfake/helios16p_ws/build/rslidar_sdk' returned '0': AMENT_PREFIX_PATH=/home/ph/wsfake/helios16p_ws/install/rslidar_msg:${AMENT_PREFIX_PATH} CMAKE_PREFIX_PATH=/home/ph/wsfake/helios16p_ws/install/rslidar_msg:/home/ph/ws/lidar_ws/install/rslidar_sdk:/home/ph/ws/lidar_ws/install/rslidar_msg:/home/ph/ws/lidar_ws/install/kiss_icp:/home/ph/ws/lidar_ws/install/helios16p_cane_robot:/opt/ros/humble LD_LIBRARY_PATH=/home/ph/wsfake/helios16p_ws/install/rslidar_msg/lib:${LD_LIBRARY_PATH} PYTHONPATH=/home/ph/wsfake/helios16p_ws/install/rslidar_msg/local/lib/python3.10/dist-packages:${PYTHONPATH} /usr/bin/cmake --build /home/ph/wsfake/helios16p_ws/build/rslidar_sdk -- -j8 -l8
[26.274s] DEBUG:colcon.colcon_core.event_handler.log_command:Invoking command in '/home/ph/wsfake/helios16p_ws/build/rslidar_sdk': AMENT_PREFIX_PATH=/home/ph/wsfake/helios16p_ws/install/rslidar_msg:${AMENT_PREFIX_PATH} CMAKE_PREFIX_PATH=/home/ph/wsfake/helios16p_ws/install/rslidar_msg:/home/ph/ws/lidar_ws/install/rslidar_sdk:/home/ph/ws/lidar_ws/install/rslidar_msg:/home/ph/ws/lidar_ws/install/kiss_icp:/home/ph/ws/lidar_ws/install/helios16p_cane_robot:/opt/ros/humble LD_LIBRARY_PATH=/home/ph/wsfake/helios16p_ws/install/rslidar_msg/lib:${LD_LIBRARY_PATH} PYTHONPATH=/home/ph/wsfake/helios16p_ws/install/rslidar_msg/local/lib/python3.10/dist-packages:${PYTHONPATH} /usr/bin/cmake --install /home/ph/wsfake/helios16p_ws/build/rslidar_sdk
[26.289s] Level 1:colcon.colcon_core.environment:create_environment_scripts_only(rslidar_sdk)
[26.291s] DEBUG:colcon.colcon_core.event_handler.log_command:Invoked command in '/home/ph/wsfake/helios16p_ws/build/rslidar_sdk' returned '0': AMENT_PREFIX_PATH=/home/ph/wsfake/helios16p_ws/install/rslidar_msg:${AMENT_PREFIX_PATH} CMAKE_PREFIX_PATH=/home/ph/wsfake/helios16p_ws/install/rslidar_msg:/home/ph/ws/lidar_ws/install/rslidar_sdk:/home/ph/ws/lidar_ws/install/rslidar_msg:/home/ph/ws/lidar_ws/install/kiss_icp:/home/ph/ws/lidar_ws/install/helios16p_cane_robot:/opt/ros/humble LD_LIBRARY_PATH=/home/ph/wsfake/helios16p_ws/install/rslidar_msg/lib:${LD_LIBRARY_PATH} PYTHONPATH=/home/ph/wsfake/helios16p_ws/install/rslidar_msg/local/lib/python3.10/dist-packages:${PYTHONPATH} /usr/bin/cmake --install /home/ph/wsfake/helios16p_ws/build/rslidar_sdk
[26.301s] Level 1:colcon.colcon_core.environment:checking '/home/ph/wsfake/helios16p_ws/install/rslidar_sdk' for CMake module files
[26.303s] Level 1:colcon.colcon_core.environment:checking '/home/ph/wsfake/helios16p_ws/install/rslidar_sdk' for CMake config files
[26.303s] Level 1:colcon.colcon_core.shell:create_environment_hook('rslidar_sdk', 'cmake_prefix_path')
[26.304s] INFO:colcon.colcon_core.shell:Creating environment hook '/home/ph/wsfake/helios16p_ws/install/rslidar_sdk/share/rslidar_sdk/hook/cmake_prefix_path.ps1'
[26.306s] INFO:colcon.colcon_core.shell:Creating environment descriptor '/home/ph/wsfake/helios16p_ws/install/rslidar_sdk/share/rslidar_sdk/hook/cmake_prefix_path.dsv'
[26.307s] INFO:colcon.colcon_core.shell:Creating environment hook '/home/ph/wsfake/helios16p_ws/install/rslidar_sdk/share/rslidar_sdk/hook/cmake_prefix_path.sh'
[26.309s] Level 1:colcon.colcon_core.environment:checking '/home/ph/wsfake/helios16p_ws/install/rslidar_sdk/lib'
[26.310s] Level 1:colcon.colcon_core.environment:checking '/home/ph/wsfake/helios16p_ws/install/rslidar_sdk/bin'
[26.310s] Level 1:colcon.colcon_core.environment:checking '/home/ph/wsfake/helios16p_ws/install/rslidar_sdk/lib/pkgconfig/rslidar_sdk.pc'
[26.311s] Level 1:colcon.colcon_core.environment:checking '/home/ph/wsfake/helios16p_ws/install/rslidar_sdk/lib/python3.10/site-packages'
[26.312s] Level 1:colcon.colcon_core.environment:checking '/home/ph/wsfake/helios16p_ws/install/rslidar_sdk/bin'
[26.313s] INFO:colcon.colcon_core.shell:Creating package script '/home/ph/wsfake/helios16p_ws/install/rslidar_sdk/share/rslidar_sdk/package.ps1'
[26.315s] INFO:colcon.colcon_core.shell:Creating package descriptor '/home/ph/wsfake/helios16p_ws/install/rslidar_sdk/share/rslidar_sdk/package.dsv'
[26.317s] INFO:colcon.colcon_core.shell:Creating package script '/home/ph/wsfake/helios16p_ws/install/rslidar_sdk/share/rslidar_sdk/package.sh'
[26.320s] INFO:colcon.colcon_core.shell:Creating package script '/home/ph/wsfake/helios16p_ws/install/rslidar_sdk/share/rslidar_sdk/package.bash'
[26.322s] INFO:colcon.colcon_core.shell:Creating package script '/home/ph/wsfake/helios16p_ws/install/rslidar_sdk/share/rslidar_sdk/package.zsh'
[26.324s] Level 1:colcon.colcon_core.environment:create_file_with_runtime_dependencies(/home/ph/wsfake/helios16p_ws/install/rslidar_sdk/share/colcon-core/packages/rslidar_sdk)
[26.327s] Level 1:colcon.colcon_core.environment:create_environment_scripts_only(rslidar_sdk)
[26.328s] Level 1:colcon.colcon_core.environment:checking '/home/ph/wsfake/helios16p_ws/install/rslidar_sdk' for CMake module files
[26.329s] Level 1:colcon.colcon_core.environment:checking '/home/ph/wsfake/helios16p_ws/install/rslidar_sdk' for CMake config files
[26.329s] Level 1:colcon.colcon_core.shell:create_environment_hook('rslidar_sdk', 'cmake_prefix_path')
[26.330s] INFO:colcon.colcon_core.shell:Creating environment hook '/home/ph/wsfake/helios16p_ws/install/rslidar_sdk/share/rslidar_sdk/hook/cmake_prefix_path.ps1'
[26.331s] INFO:colcon.colcon_core.shell:Creating environment descriptor '/home/ph/wsfake/helios16p_ws/install/rslidar_sdk/share/rslidar_sdk/hook/cmake_prefix_path.dsv'
[26.332s] INFO:colcon.colcon_core.shell:Creating environment hook '/home/ph/wsfake/helios16p_ws/install/rslidar_sdk/share/rslidar_sdk/hook/cmake_prefix_path.sh'
[26.333s] Level 1:colcon.colcon_core.environment:checking '/home/ph/wsfake/helios16p_ws/install/rslidar_sdk/lib'
[26.333s] Level 1:colcon.colcon_core.environment:checking '/home/ph/wsfake/helios16p_ws/install/rslidar_sdk/bin'
[26.334s] Level 1:colcon.colcon_core.environment:checking '/home/ph/wsfake/helios16p_ws/install/rslidar_sdk/lib/pkgconfig/rslidar_sdk.pc'
[26.334s] Level 1:colcon.colcon_core.environment:checking '/home/ph/wsfake/helios16p_ws/install/rslidar_sdk/lib/python3.10/site-packages'
[26.335s] Level 1:colcon.colcon_core.environment:checking '/home/ph/wsfake/helios16p_ws/install/rslidar_sdk/bin'
[26.336s] INFO:colcon.colcon_core.shell:Creating package script '/home/ph/wsfake/helios16p_ws/install/rslidar_sdk/share/rslidar_sdk/package.ps1'
[26.337s] INFO:colcon.colcon_core.shell:Creating package descriptor '/home/ph/wsfake/helios16p_ws/install/rslidar_sdk/share/rslidar_sdk/package.dsv'
[26.338s] INFO:colcon.colcon_core.shell:Creating package script '/home/ph/wsfake/helios16p_ws/install/rslidar_sdk/share/rslidar_sdk/package.sh'
[26.339s] INFO:colcon.colcon_core.shell:Creating package script '/home/ph/wsfake/helios16p_ws/install/rslidar_sdk/share/rslidar_sdk/package.bash'
[26.340s] INFO:colcon.colcon_core.shell:Creating package script '/home/ph/wsfake/helios16p_ws/install/rslidar_sdk/share/rslidar_sdk/package.zsh'
[26.341s] Level 1:colcon.colcon_core.environment:create_file_with_runtime_dependencies(/home/ph/wsfake/helios16p_ws/install/rslidar_sdk/share/colcon-core/packages/rslidar_sdk)
[26.342s] DEBUG:colcon.colcon_parallel_executor.executor.parallel:closing loop
[26.342s] DEBUG:colcon.colcon_parallel_executor.executor.parallel:loop closed
[26.342s] DEBUG:colcon.colcon_parallel_executor.executor.parallel:run_until_complete finished with '0'
[26.342s] DEBUG:colcon.colcon_core.event_reactor:joining thread
[26.363s] INFO:colcon.colcon_core.plugin_system:Skipping extension 'colcon_notification.desktop_notification.terminal_notifier': Not used on non-Darwin systems
[26.363s] INFO:colcon.colcon_core.plugin_system:Skipping extension 'colcon_notification.desktop_notification.win32': Not used on non-Windows systems
[26.363s] INFO:colcon.colcon_notification.desktop_notification:Sending desktop notification using 'notify2'
[26.369s] DEBUG:colcon.colcon_core.event_reactor:joined thread
[26.370s] INFO:colcon.colcon_core.shell:Creating prefix script '/home/ph/wsfake/helios16p_ws/install/local_setup.ps1'
[26.372s] INFO:colcon.colcon_core.shell:Creating prefix util module '/home/ph/wsfake/helios16p_ws/install/_local_setup_util_ps1.py'
[26.374s] INFO:colcon.colcon_core.shell:Creating prefix chain script '/home/ph/wsfake/helios16p_ws/install/setup.ps1'
[26.376s] INFO:colcon.colcon_core.shell:Creating prefix script '/home/ph/wsfake/helios16p_ws/install/local_setup.sh'
[26.378s] INFO:colcon.colcon_core.shell:Creating prefix util module '/home/ph/wsfake/helios16p_ws/install/_local_setup_util_sh.py'
[26.378s] INFO:colcon.colcon_core.shell:Creating prefix chain script '/home/ph/wsfake/helios16p_ws/install/setup.sh'
[26.380s] INFO:colcon.colcon_core.shell:Creating prefix script '/home/ph/wsfake/helios16p_ws/install/local_setup.bash'
[26.381s] INFO:colcon.colcon_core.shell:Creating prefix chain script '/home/ph/wsfake/helios16p_ws/install/setup.bash'
[26.382s] INFO:colcon.colcon_core.shell:Creating prefix script '/home/ph/wsfake/helios16p_ws/install/local_setup.zsh'
[26.383s] INFO:colcon.colcon_core.shell:Creating prefix chain script '/home/ph/wsfake/helios16p_ws/install/setup.zsh'
