[0.143s] DEBUG:colcon:Command line arguments: ['/usr/bin/colcon', 'build']
[0.143s] DEBUG:colcon:Parsed command line arguments: Namespace(log_base=None, log_level=None, verb_name='build', build_base='build', install_base='install', merge_install=False, symlink_install=False, test_result_base=None, continue_on_error=False, executor='parallel', parallel_workers=8, event_handlers=None, ignore_user_meta=False, metas=['./colcon.meta'], base_paths=['.'], packages_ignore=None, packages_ignore_regex=None, paths=None, packages_up_to=None, packages_up_to_regex=None, packages_above=None, packages_above_and_dependencies=None, packages_above_depth=None, packages_select_by_dep=None, packages_skip_by_dep=None, packages_skip_up_to=None, packages_select_build_failed=False, packages_skip_build_finished=False, packages_select_test_failures=False, packages_skip_test_passed=False, packages_select=None, packages_skip=None, packages_select_regex=None, packages_skip_regex=None, packages_start=None, packages_end=None, allow_overriding=[], cmake_args=None, cmake_target=None, cmake_target_skip_unavailable=False, cmake_clean_cache=False, cmake_clean_first=False, cmake_force_configure=False, ament_cmake_args=None, catkin_cmake_args=None, catkin_skip_building_tests=False, mixin_files=None, mixin=None, verb_parser=<colcon_mixin.mixin.mixin_argument.MixinArgumentDecorator object at 0x7bb6042674f0>, verb_extension=<colcon_core.verb.build.BuildVerb object at 0x7bb604266b90>, main=<bound method BuildVerb.main of <colcon_core.verb.build.BuildVerb object at 0x7bb604266b90>>, mixin_verb=('build',))
[0.365s] Level 1:colcon.colcon_core.package_discovery:discover_packages(colcon_meta) check parameters
[0.365s] Level 1:colcon.colcon_core.package_discovery:discover_packages(recursive) check parameters
[0.365s] Level 1:colcon.colcon_core.package_discovery:discover_packages(ignore) check parameters
[0.365s] Level 1:colcon.colcon_core.package_discovery:discover_packages(path) check parameters
[0.365s] Level 1:colcon.colcon_core.package_discovery:discover_packages(colcon_meta) discover
[0.365s] Level 1:colcon.colcon_core.package_discovery:discover_packages(recursive) discover
[0.365s] INFO:colcon.colcon_core.package_discovery:Crawling recursively for packages in '/home/ph/seventh_ws'
[0.365s] Level 1:colcon.colcon_core.package_identification:_identify(.) by extensions ['ignore', 'ignore_ament_install']
[0.366s] Level 1:colcon.colcon_core.package_identification:_identify(.) by extension 'ignore'
[0.366s] Level 1:colcon.colcon_core.package_identification:_identify(.) by extension 'ignore_ament_install'
[0.366s] Level 1:colcon.colcon_core.package_identification:_identify(.) by extensions ['colcon_pkg']
[0.366s] Level 1:colcon.colcon_core.package_identification:_identify(.) by extension 'colcon_pkg'
[0.366s] Level 1:colcon.colcon_core.package_identification:_identify(.) by extensions ['colcon_meta']
[0.366s] Level 1:colcon.colcon_core.package_identification:_identify(.) by extension 'colcon_meta'
[0.366s] Level 1:colcon.colcon_core.package_identification:_identify(.) by extensions ['ros']
[0.366s] Level 1:colcon.colcon_core.package_identification:_identify(.) by extension 'ros'
[0.393s] Level 1:colcon.colcon_core.package_identification:_identify(.) by extensions ['cmake', 'python']
[0.393s] Level 1:colcon.colcon_core.package_identification:_identify(.) by extension 'cmake'
[0.393s] Level 1:colcon.colcon_core.package_identification:_identify(.) by extension 'python'
[0.393s] Level 1:colcon.colcon_core.package_identification:_identify(.) by extensions ['python_setup_py']
[0.393s] Level 1:colcon.colcon_core.package_identification:_identify(.) by extension 'python_setup_py'
[0.393s] Level 1:colcon.colcon_core.package_identification:_identify(build) by extensions ['ignore', 'ignore_ament_install']
[0.393s] Level 1:colcon.colcon_core.package_identification:_identify(build) by extension 'ignore'
[0.393s] Level 1:colcon.colcon_core.package_identification:_identify(build) ignored
[0.393s] Level 1:colcon.colcon_core.package_identification:_identify(install) by extensions ['ignore', 'ignore_ament_install']
[0.394s] Level 1:colcon.colcon_core.package_identification:_identify(install) by extension 'ignore'
[0.394s] Level 1:colcon.colcon_core.package_identification:_identify(install) ignored
[0.394s] Level 1:colcon.colcon_core.package_identification:_identify(log) by extensions ['ignore', 'ignore_ament_install']
[0.394s] Level 1:colcon.colcon_core.package_identification:_identify(log) by extension 'ignore'
[0.394s] Level 1:colcon.colcon_core.package_identification:_identify(log) ignored
[0.394s] Level 1:colcon.colcon_core.package_identification:_identify(src) by extensions ['ignore', 'ignore_ament_install']
[0.394s] Level 1:colcon.colcon_core.package_identification:_identify(src) by extension 'ignore'
[0.394s] Level 1:colcon.colcon_core.package_identification:_identify(src) by extension 'ignore_ament_install'
[0.394s] Level 1:colcon.colcon_core.package_identification:_identify(src) by extensions ['colcon_pkg']
[0.394s] Level 1:colcon.colcon_core.package_identification:_identify(src) by extension 'colcon_pkg'
[0.394s] Level 1:colcon.colcon_core.package_identification:_identify(src) by extensions ['colcon_meta']
[0.394s] Level 1:colcon.colcon_core.package_identification:_identify(src) by extension 'colcon_meta'
[0.394s] Level 1:colcon.colcon_core.package_identification:_identify(src) by extensions ['ros']
[0.394s] Level 1:colcon.colcon_core.package_identification:_identify(src) by extension 'ros'
[0.394s] Level 1:colcon.colcon_core.package_identification:_identify(src) by extensions ['cmake', 'python']
[0.394s] Level 1:colcon.colcon_core.package_identification:_identify(src) by extension 'cmake'
[0.395s] Level 1:colcon.colcon_core.package_identification:_identify(src) by extension 'python'
[0.395s] Level 1:colcon.colcon_core.package_identification:_identify(src) by extensions ['python_setup_py']
[0.395s] Level 1:colcon.colcon_core.package_identification:_identify(src) by extension 'python_setup_py'
[0.395s] Level 1:colcon.colcon_core.package_identification:_identify(src/rviz_panel_tutorial) by extensions ['ignore', 'ignore_ament_install']
[0.395s] Level 1:colcon.colcon_core.package_identification:_identify(src/rviz_panel_tutorial) by extension 'ignore'
[0.395s] Level 1:colcon.colcon_core.package_identification:_identify(src/rviz_panel_tutorial) by extension 'ignore_ament_install'
[0.395s] Level 1:colcon.colcon_core.package_identification:_identify(src/rviz_panel_tutorial) by extensions ['colcon_pkg']
[0.395s] Level 1:colcon.colcon_core.package_identification:_identify(src/rviz_panel_tutorial) by extension 'colcon_pkg'
[0.395s] Level 1:colcon.colcon_core.package_identification:_identify(src/rviz_panel_tutorial) by extensions ['colcon_meta']
[0.395s] Level 1:colcon.colcon_core.package_identification:_identify(src/rviz_panel_tutorial) by extension 'colcon_meta'
[0.395s] Level 1:colcon.colcon_core.package_identification:_identify(src/rviz_panel_tutorial) by extensions ['ros']
[0.395s] Level 1:colcon.colcon_core.package_identification:_identify(src/rviz_panel_tutorial) by extension 'ros'
[0.398s] DEBUG:colcon.colcon_core.package_identification:Package 'src/rviz_panel_tutorial' with type 'ros.ament_cmake' and name 'rviz_panel_tutorial'
[0.398s] Level 1:colcon.colcon_core.package_discovery:discover_packages(recursive) using defaults
[0.398s] Level 1:colcon.colcon_core.package_discovery:discover_packages(ignore) discover
[0.398s] Level 1:colcon.colcon_core.package_discovery:discover_packages(ignore) using defaults
[0.398s] Level 1:colcon.colcon_core.package_discovery:discover_packages(path) discover
[0.398s] Level 1:colcon.colcon_core.package_discovery:discover_packages(path) using defaults
[0.420s] Level 1:colcon.colcon_core.package_discovery:discover_packages(prefix_path) check parameters
[0.420s] Level 1:colcon.colcon_core.package_discovery:discover_packages(prefix_path) discover
[0.423s] DEBUG:colcon.colcon_installed_package_information.package_discovery:Found 1 installed packages in /home/ph/seventh_ws/install
[0.423s] DEBUG:colcon.colcon_installed_package_information.package_discovery:Found 2 installed packages in /home/ph/sixth_ws/install
[0.424s] DEBUG:colcon.colcon_installed_package_information.package_discovery:Found 1 installed packages in /home/ph/fifth_ws/src/install
[0.424s] DEBUG:colcon.colcon_installed_package_information.package_discovery:Found 3 installed packages in /home/ph/fourth_ws/install
[0.427s] DEBUG:colcon.colcon_installed_package_information.package_discovery:Found 440 installed packages in /opt/ros/humble
[0.430s] Level 1:colcon.colcon_core.package_discovery:discover_packages(prefix_path) using defaults
[0.497s] Level 5:colcon.colcon_core.verb:set package 'rviz_panel_tutorial' build argument 'cmake_args' from command line to 'None'
[0.497s] Level 5:colcon.colcon_core.verb:set package 'rviz_panel_tutorial' build argument 'cmake_target' from command line to 'None'
[0.497s] Level 5:colcon.colcon_core.verb:set package 'rviz_panel_tutorial' build argument 'cmake_target_skip_unavailable' from command line to 'False'
[0.497s] Level 5:colcon.colcon_core.verb:set package 'rviz_panel_tutorial' build argument 'cmake_clean_cache' from command line to 'False'
[0.497s] Level 5:colcon.colcon_core.verb:set package 'rviz_panel_tutorial' build argument 'cmake_clean_first' from command line to 'False'
[0.497s] Level 5:colcon.colcon_core.verb:set package 'rviz_panel_tutorial' build argument 'cmake_force_configure' from command line to 'False'
[0.497s] Level 5:colcon.colcon_core.verb:set package 'rviz_panel_tutorial' build argument 'ament_cmake_args' from command line to 'None'
[0.497s] Level 5:colcon.colcon_core.verb:set package 'rviz_panel_tutorial' build argument 'catkin_cmake_args' from command line to 'None'
[0.497s] Level 5:colcon.colcon_core.verb:set package 'rviz_panel_tutorial' build argument 'catkin_skip_building_tests' from command line to 'False'
[0.497s] DEBUG:colcon.colcon_core.verb:Building package 'rviz_panel_tutorial' with the following arguments: {'ament_cmake_args': None, 'build_base': '/home/ph/seventh_ws/build/rviz_panel_tutorial', 'catkin_cmake_args': None, 'catkin_skip_building_tests': False, 'cmake_args': None, 'cmake_clean_cache': False, 'cmake_clean_first': False, 'cmake_force_configure': False, 'cmake_target': None, 'cmake_target_skip_unavailable': False, 'install_base': '/home/ph/seventh_ws/install/rviz_panel_tutorial', 'merge_install': False, 'path': '/home/ph/seventh_ws/src/rviz_panel_tutorial', 'symlink_install': False, 'test_result_base': None}
[0.497s] INFO:colcon.colcon_core.executor:Executing jobs using 'parallel' executor
[0.498s] DEBUG:colcon.colcon_parallel_executor.executor.parallel:run_until_complete
[0.499s] INFO:colcon.colcon_ros.task.ament_cmake.build:Building ROS package in '/home/ph/seventh_ws/src/rviz_panel_tutorial' with build type 'ament_cmake'
[0.499s] INFO:colcon.colcon_cmake.task.cmake.build:Building CMake package in '/home/ph/seventh_ws/src/rviz_panel_tutorial'
[0.501s] INFO:colcon.colcon_core.plugin_system:Skipping extension 'colcon_core.shell.bat': Not used on non-Windows systems
[0.502s] INFO:colcon.colcon_core.shell:Skip shell extension 'powershell' for command environment: Not usable outside of PowerShell
[0.502s] DEBUG:colcon.colcon_core.shell:Skip shell extension 'dsv' for command environment
[0.518s] DEBUG:colcon.colcon_core.event_handler.log_command:Invoking command in '/home/ph/seventh_ws/build/rviz_panel_tutorial': CMAKE_PREFIX_PATH=/home/ph/seventh_ws/install/rviz_panel_tutorial:/home/ph/sixth_ws/install/rviz_plugin_tutorial:/home/ph/sixth_ws/install/rviz_plugin_tutorial_msgs:/home/ph/fifth_ws/src/install/urdf_tutorial_cpp:/opt/ros/humble:/home/ph/fourth_ws/install/urdf_sim_tutorial:/home/ph/fourth_ws/install/urdf_tutorial:/home/ph/fourth_ws/install/urdf_launch /usr/bin/cmake --build /home/ph/seventh_ws/build/rviz_panel_tutorial -- -j8 -l8
[0.727s] DEBUG:colcon.colcon_core.event_handler.log_command:Invoked command in '/home/ph/seventh_ws/build/rviz_panel_tutorial' returned '0': CMAKE_PREFIX_PATH=/home/ph/seventh_ws/install/rviz_panel_tutorial:/home/ph/sixth_ws/install/rviz_plugin_tutorial:/home/ph/sixth_ws/install/rviz_plugin_tutorial_msgs:/home/ph/fifth_ws/src/install/urdf_tutorial_cpp:/opt/ros/humble:/home/ph/fourth_ws/install/urdf_sim_tutorial:/home/ph/fourth_ws/install/urdf_tutorial:/home/ph/fourth_ws/install/urdf_launch /usr/bin/cmake --build /home/ph/seventh_ws/build/rviz_panel_tutorial -- -j8 -l8
[0.743s] DEBUG:colcon.colcon_core.event_handler.log_command:Invoking command in '/home/ph/seventh_ws/build/rviz_panel_tutorial': CMAKE_PREFIX_PATH=/home/ph/seventh_ws/install/rviz_panel_tutorial:/home/ph/sixth_ws/install/rviz_plugin_tutorial:/home/ph/sixth_ws/install/rviz_plugin_tutorial_msgs:/home/ph/fifth_ws/src/install/urdf_tutorial_cpp:/opt/ros/humble:/home/ph/fourth_ws/install/urdf_sim_tutorial:/home/ph/fourth_ws/install/urdf_tutorial:/home/ph/fourth_ws/install/urdf_launch /usr/bin/cmake --install /home/ph/seventh_ws/build/rviz_panel_tutorial
[0.759s] Level 1:colcon.colcon_core.environment:create_environment_scripts_only(rviz_panel_tutorial)
[0.760s] DEBUG:colcon.colcon_core.event_handler.log_command:Invoked command in '/home/ph/seventh_ws/build/rviz_panel_tutorial' returned '0': CMAKE_PREFIX_PATH=/home/ph/seventh_ws/install/rviz_panel_tutorial:/home/ph/sixth_ws/install/rviz_plugin_tutorial:/home/ph/sixth_ws/install/rviz_plugin_tutorial_msgs:/home/ph/fifth_ws/src/install/urdf_tutorial_cpp:/opt/ros/humble:/home/ph/fourth_ws/install/urdf_sim_tutorial:/home/ph/fourth_ws/install/urdf_tutorial:/home/ph/fourth_ws/install/urdf_launch /usr/bin/cmake --install /home/ph/seventh_ws/build/rviz_panel_tutorial
[0.765s] Level 1:colcon.colcon_core.environment:checking '/home/ph/seventh_ws/install/rviz_panel_tutorial' for CMake module files
[0.767s] Level 1:colcon.colcon_core.environment:checking '/home/ph/seventh_ws/install/rviz_panel_tutorial' for CMake config files
[0.767s] Level 1:colcon.colcon_core.shell:create_environment_hook('rviz_panel_tutorial', 'cmake_prefix_path')
[0.768s] INFO:colcon.colcon_core.shell:Creating environment hook '/home/ph/seventh_ws/install/rviz_panel_tutorial/share/rviz_panel_tutorial/hook/cmake_prefix_path.ps1'
[0.769s] INFO:colcon.colcon_core.shell:Creating environment descriptor '/home/ph/seventh_ws/install/rviz_panel_tutorial/share/rviz_panel_tutorial/hook/cmake_prefix_path.dsv'
[0.771s] INFO:colcon.colcon_core.shell:Creating environment hook '/home/ph/seventh_ws/install/rviz_panel_tutorial/share/rviz_panel_tutorial/hook/cmake_prefix_path.sh'
[0.773s] Level 1:colcon.colcon_core.environment:checking '/home/ph/seventh_ws/install/rviz_panel_tutorial/lib'
[0.773s] Level 1:colcon.colcon_core.shell:create_environment_hook('rviz_panel_tutorial', 'ld_library_path_lib')
[0.774s] INFO:colcon.colcon_core.shell:Creating environment hook '/home/ph/seventh_ws/install/rviz_panel_tutorial/share/rviz_panel_tutorial/hook/ld_library_path_lib.ps1'
[0.775s] INFO:colcon.colcon_core.shell:Creating environment descriptor '/home/ph/seventh_ws/install/rviz_panel_tutorial/share/rviz_panel_tutorial/hook/ld_library_path_lib.dsv'
[0.776s] INFO:colcon.colcon_core.shell:Creating environment hook '/home/ph/seventh_ws/install/rviz_panel_tutorial/share/rviz_panel_tutorial/hook/ld_library_path_lib.sh'
[0.777s] Level 1:colcon.colcon_core.environment:checking '/home/ph/seventh_ws/install/rviz_panel_tutorial/bin'
[0.778s] Level 1:colcon.colcon_core.environment:checking '/home/ph/seventh_ws/install/rviz_panel_tutorial/lib/pkgconfig/rviz_panel_tutorial.pc'
[0.778s] Level 1:colcon.colcon_core.environment:checking '/home/ph/seventh_ws/install/rviz_panel_tutorial/lib/python3.10/site-packages'
[0.779s] Level 1:colcon.colcon_core.environment:checking '/home/ph/seventh_ws/install/rviz_panel_tutorial/bin'
[0.780s] INFO:colcon.colcon_core.shell:Creating package script '/home/ph/seventh_ws/install/rviz_panel_tutorial/share/rviz_panel_tutorial/package.ps1'
[0.783s] INFO:colcon.colcon_core.shell:Creating package descriptor '/home/ph/seventh_ws/install/rviz_panel_tutorial/share/rviz_panel_tutorial/package.dsv'
[0.784s] INFO:colcon.colcon_core.shell:Creating package script '/home/ph/seventh_ws/install/rviz_panel_tutorial/share/rviz_panel_tutorial/package.sh'
[0.787s] INFO:colcon.colcon_core.shell:Creating package script '/home/ph/seventh_ws/install/rviz_panel_tutorial/share/rviz_panel_tutorial/package.bash'
[0.789s] INFO:colcon.colcon_core.shell:Creating package script '/home/ph/seventh_ws/install/rviz_panel_tutorial/share/rviz_panel_tutorial/package.zsh'
[0.791s] Level 1:colcon.colcon_core.environment:create_file_with_runtime_dependencies(/home/ph/seventh_ws/install/rviz_panel_tutorial/share/colcon-core/packages/rviz_panel_tutorial)
[0.792s] Level 1:colcon.colcon_core.environment:create_environment_scripts_only(rviz_panel_tutorial)
[0.793s] Level 1:colcon.colcon_core.environment:checking '/home/ph/seventh_ws/install/rviz_panel_tutorial' for CMake module files
[0.795s] Level 1:colcon.colcon_core.environment:checking '/home/ph/seventh_ws/install/rviz_panel_tutorial' for CMake config files
[0.795s] Level 1:colcon.colcon_core.shell:create_environment_hook('rviz_panel_tutorial', 'cmake_prefix_path')
[0.796s] INFO:colcon.colcon_core.shell:Creating environment hook '/home/ph/seventh_ws/install/rviz_panel_tutorial/share/rviz_panel_tutorial/hook/cmake_prefix_path.ps1'
[0.797s] INFO:colcon.colcon_core.shell:Creating environment descriptor '/home/ph/seventh_ws/install/rviz_panel_tutorial/share/rviz_panel_tutorial/hook/cmake_prefix_path.dsv'
[0.798s] INFO:colcon.colcon_core.shell:Creating environment hook '/home/ph/seventh_ws/install/rviz_panel_tutorial/share/rviz_panel_tutorial/hook/cmake_prefix_path.sh'
[0.800s] Level 1:colcon.colcon_core.environment:checking '/home/ph/seventh_ws/install/rviz_panel_tutorial/lib'
[0.800s] Level 1:colcon.colcon_core.shell:create_environment_hook('rviz_panel_tutorial', 'ld_library_path_lib')
[0.801s] INFO:colcon.colcon_core.shell:Creating environment hook '/home/ph/seventh_ws/install/rviz_panel_tutorial/share/rviz_panel_tutorial/hook/ld_library_path_lib.ps1'
[0.802s] INFO:colcon.colcon_core.shell:Creating environment descriptor '/home/ph/seventh_ws/install/rviz_panel_tutorial/share/rviz_panel_tutorial/hook/ld_library_path_lib.dsv'
[0.803s] INFO:colcon.colcon_core.shell:Creating environment hook '/home/ph/seventh_ws/install/rviz_panel_tutorial/share/rviz_panel_tutorial/hook/ld_library_path_lib.sh'
[0.805s] Level 1:colcon.colcon_core.environment:checking '/home/ph/seventh_ws/install/rviz_panel_tutorial/bin'
[0.805s] Level 1:colcon.colcon_core.environment:checking '/home/ph/seventh_ws/install/rviz_panel_tutorial/lib/pkgconfig/rviz_panel_tutorial.pc'
[0.805s] Level 1:colcon.colcon_core.environment:checking '/home/ph/seventh_ws/install/rviz_panel_tutorial/lib/python3.10/site-packages'
[0.805s] Level 1:colcon.colcon_core.environment:checking '/home/ph/seventh_ws/install/rviz_panel_tutorial/bin'
[0.806s] INFO:colcon.colcon_core.shell:Creating package script '/home/ph/seventh_ws/install/rviz_panel_tutorial/share/rviz_panel_tutorial/package.ps1'
[0.807s] INFO:colcon.colcon_core.shell:Creating package descriptor '/home/ph/seventh_ws/install/rviz_panel_tutorial/share/rviz_panel_tutorial/package.dsv'
[0.807s] INFO:colcon.colcon_core.shell:Creating package script '/home/ph/seventh_ws/install/rviz_panel_tutorial/share/rviz_panel_tutorial/package.sh'
[0.808s] INFO:colcon.colcon_core.shell:Creating package script '/home/ph/seventh_ws/install/rviz_panel_tutorial/share/rviz_panel_tutorial/package.bash'
[0.809s] INFO:colcon.colcon_core.shell:Creating package script '/home/ph/seventh_ws/install/rviz_panel_tutorial/share/rviz_panel_tutorial/package.zsh'
[0.809s] Level 1:colcon.colcon_core.environment:create_file_with_runtime_dependencies(/home/ph/seventh_ws/install/rviz_panel_tutorial/share/colcon-core/packages/rviz_panel_tutorial)
[0.809s] DEBUG:colcon.colcon_parallel_executor.executor.parallel:closing loop
[0.810s] DEBUG:colcon.colcon_parallel_executor.executor.parallel:loop closed
[0.810s] DEBUG:colcon.colcon_parallel_executor.executor.parallel:run_until_complete finished with '0'
[0.810s] DEBUG:colcon.colcon_core.event_reactor:joining thread
[0.818s] INFO:colcon.colcon_core.plugin_system:Skipping extension 'colcon_notification.desktop_notification.terminal_notifier': Not used on non-Darwin systems
[0.818s] INFO:colcon.colcon_core.plugin_system:Skipping extension 'colcon_notification.desktop_notification.win32': Not used on non-Windows systems
[0.818s] INFO:colcon.colcon_notification.desktop_notification:Sending desktop notification using 'notify2'
[0.850s] DEBUG:colcon.colcon_core.event_reactor:joined thread
[0.851s] INFO:colcon.colcon_core.shell:Creating prefix script '/home/ph/seventh_ws/install/local_setup.ps1'
[0.853s] INFO:colcon.colcon_core.shell:Creating prefix util module '/home/ph/seventh_ws/install/_local_setup_util_ps1.py'
[0.855s] INFO:colcon.colcon_core.shell:Creating prefix chain script '/home/ph/seventh_ws/install/setup.ps1'
[0.857s] INFO:colcon.colcon_core.shell:Creating prefix script '/home/ph/seventh_ws/install/local_setup.sh'
[0.859s] INFO:colcon.colcon_core.shell:Creating prefix util module '/home/ph/seventh_ws/install/_local_setup_util_sh.py'
[0.859s] INFO:colcon.colcon_core.shell:Creating prefix chain script '/home/ph/seventh_ws/install/setup.sh'
[0.862s] INFO:colcon.colcon_core.shell:Creating prefix script '/home/ph/seventh_ws/install/local_setup.bash'
[0.862s] INFO:colcon.colcon_core.shell:Creating prefix chain script '/home/ph/seventh_ws/install/setup.bash'
[0.864s] INFO:colcon.colcon_core.shell:Creating prefix script '/home/ph/seventh_ws/install/local_setup.zsh'
[0.865s] INFO:colcon.colcon_core.shell:Creating prefix chain script '/home/ph/seventh_ws/install/setup.zsh'
