[0.028s] Invoking command in '/home/ph/launch_ws/build/launch_tutorial': CMAKE_PREFIX_PATH=${CMAKE_PREFIX_PATH}:/home/ph/launch_ws/install/py_launch_example:/opt/ros/humble /usr/bin/cmake /home/ph/launch_ws/src/launch_tutorial -DCMAKE_INSTALL_PREFIX=/home/ph/launch_ws/install/launch_tutorial
[0.119s] -- The C compiler identification is GNU 11.4.0
[0.214s] -- The CXX compiler identification is GNU 11.4.0
[0.225s] -- Detecting C compiler ABI info
[0.345s] -- Detecting C compiler ABI info - done
[0.360s] -- Check for working C compiler: /usr/bin/cc - skipped
[0.360s] -- Detecting C compile features
[0.362s] -- Detecting C compile features - done
[0.370s] -- Detecting CXX compiler ABI info
[0.510s] -- Detecting CXX compiler ABI info - done
[0.535s] -- Check for working CXX compiler: /usr/bin/c++ - skipped
[0.536s] -- Detecting CXX compile features
[0.537s] -- Detecting CXX compile features - done
[0.549s] -- Found ament_cmake: 1.3.12 (/opt/ros/humble/share/ament_cmake/cmake)
[0.771s] -- Found Python3: /usr/bin/python3 (found version "3.10.12") found components: Interpreter 
[0.944s] -- Found ament_lint_auto: 0.12.14 (/opt/ros/humble/share/ament_lint_auto/cmake)
[1.065s] -- Added test 'lint_cmake' to check CMake code style
[1.067s] -- Added test 'xmllint' to check XML markup files
[1.069s] -- Configuring done
[1.073s] -- Generating done
[1.075s] -- Build files have been written to: /home/ph/launch_ws/build/launch_tutorial
[1.081s] Invoked command in '/home/ph/launch_ws/build/launch_tutorial' returned '0': CMAKE_PREFIX_PATH=${CMAKE_PREFIX_PATH}:/home/ph/launch_ws/install/py_launch_example:/opt/ros/humble /usr/bin/cmake /home/ph/launch_ws/src/launch_tutorial -DCMAKE_INSTALL_PREFIX=/home/ph/launch_ws/install/launch_tutorial
[1.083s] Invoking command in '/home/ph/launch_ws/build/launch_tutorial': CMAKE_PREFIX_PATH=${CMAKE_PREFIX_PATH}:/home/ph/launch_ws/install/py_launch_example:/opt/ros/humble /usr/bin/cmake --build /home/ph/launch_ws/build/launch_tutorial -- -j8 -l8
[1.156s] Invoked command in '/home/ph/launch_ws/build/launch_tutorial' returned '0': CMAKE_PREFIX_PATH=${CMAKE_PREFIX_PATH}:/home/ph/launch_ws/install/py_launch_example:/opt/ros/humble /usr/bin/cmake --build /home/ph/launch_ws/build/launch_tutorial -- -j8 -l8
[1.158s] Invoking command in '/home/ph/launch_ws/build/launch_tutorial': CMAKE_PREFIX_PATH=${CMAKE_PREFIX_PATH}:/home/ph/launch_ws/install/py_launch_example:/opt/ros/humble /usr/bin/cmake --install /home/ph/launch_ws/build/launch_tutorial
[1.178s] -- Install configuration: ""
[1.178s] -- Installing: /home/ph/launch_ws/install/launch_tutorial/share/launch_tutorial//launch
[1.179s] -- Installing: /home/ph/launch_ws/install/launch_tutorial/share/launch_tutorial//launch/example_substitutions_launch.xml
[1.179s] -- Installing: /home/ph/launch_ws/install/launch_tutorial/share/launch_tutorial//launch/example_main_launch.xml
[1.179s] -- Installing: /home/ph/launch_ws/install/launch_tutorial/share/ament_index/resource_index/package_run_dependencies/launch_tutorial
[1.179s] -- Installing: /home/ph/launch_ws/install/launch_tutorial/share/ament_index/resource_index/parent_prefix_path/launch_tutorial
[1.179s] -- Installing: /home/ph/launch_ws/install/launch_tutorial/share/launch_tutorial/environment/ament_prefix_path.sh
[1.180s] -- Installing: /home/ph/launch_ws/install/launch_tutorial/share/launch_tutorial/environment/ament_prefix_path.dsv
[1.180s] -- Installing: /home/ph/launch_ws/install/launch_tutorial/share/launch_tutorial/environment/path.sh
[1.180s] -- Installing: /home/ph/launch_ws/install/launch_tutorial/share/launch_tutorial/environment/path.dsv
[1.180s] -- Installing: /home/ph/launch_ws/install/launch_tutorial/share/launch_tutorial/local_setup.bash
[1.181s] -- Installing: /home/ph/launch_ws/install/launch_tutorial/share/launch_tutorial/local_setup.sh
[1.181s] -- Installing: /home/ph/launch_ws/install/launch_tutorial/share/launch_tutorial/local_setup.zsh
[1.181s] -- Installing: /home/ph/launch_ws/install/launch_tutorial/share/launch_tutorial/local_setup.dsv
[1.181s] -- Installing: /home/ph/launch_ws/install/launch_tutorial/share/launch_tutorial/package.dsv
[1.181s] -- Installing: /home/ph/launch_ws/install/launch_tutorial/share/ament_index/resource_index/packages/launch_tutorial
[1.182s] -- Installing: /home/ph/launch_ws/install/launch_tutorial/share/launch_tutorial/cmake/launch_tutorialConfig.cmake
[1.182s] -- Installing: /home/ph/launch_ws/install/launch_tutorial/share/launch_tutorial/cmake/launch_tutorialConfig-version.cmake
[1.182s] -- Installing: /home/ph/launch_ws/install/launch_tutorial/share/launch_tutorial/package.xml
[1.185s] Invoked command in '/home/ph/launch_ws/build/launch_tutorial' returned '0': CMAKE_PREFIX_PATH=${CMAKE_PREFIX_PATH}:/home/ph/launch_ws/install/py_launch_example:/opt/ros/humble /usr/bin/cmake --install /home/ph/launch_ws/build/launch_tutorial
