[0.029s] Invoking command in '/home/ph/third_ws/build/learning_tf2_cpp': CMAKE_PREFIX_PATH=${CMAKE_PREFIX_PATH}:/home/ph/third_ws/install/learning_tf2_py:/home/ph/launch_ws/install/py_launch_example:/opt/ros/humble /usr/bin/cmake --build /home/ph/third_ws/build/learning_tf2_cpp -- -j8 -l8
[0.127s] [ 33%] Built target static_turtle_tf2_broadcaster
[0.127s] [ 66%] Built target turtle_tf2_listener
[0.128s] [100%] Built target turtle_tf2_broadcaster
[0.386s] Invoked command in '/home/ph/third_ws/build/learning_tf2_cpp' returned '0': CMAKE_PREFIX_PATH=${CMAKE_PREFIX_PATH}:/home/ph/third_ws/install/learning_tf2_py:/home/ph/launch_ws/install/py_launch_example:/opt/ros/humble /usr/bin/cmake --build /home/ph/third_ws/build/learning_tf2_cpp -- -j8 -l8
[0.403s] Invoking command in '/home/ph/third_ws/build/learning_tf2_cpp': CMAKE_PREFIX_PATH=${CMAKE_PREFIX_PATH}:/home/ph/third_ws/install/learning_tf2_py:/home/ph/launch_ws/install/py_launch_example:/opt/ros/humble /usr/bin/cmake --install /home/ph/third_ws/build/learning_tf2_cpp
[0.422s] -- Install configuration: ""
[0.422s] -- Up-to-date: /home/ph/third_ws/install/learning_tf2_cpp/lib/learning_tf2_cpp/turtle_tf2_listener
[0.422s] -- Up-to-date: /home/ph/third_ws/install/learning_tf2_cpp/lib/learning_tf2_cpp/turtle_tf2_broadcaster
[0.423s] -- Up-to-date: /home/ph/third_ws/install/learning_tf2_cpp/share/learning_tf2_cpp//launch
[0.423s] -- Up-to-date: /home/ph/third_ws/install/learning_tf2_cpp/share/learning_tf2_cpp//launch/turtle_tf2_demo_launch.py
[0.423s] -- Up-to-date: /home/ph/third_ws/install/learning_tf2_cpp/share/learning_tf2_cpp//launch/launch.yaml
[0.423s] -- Up-to-date: /home/ph/third_ws/install/learning_tf2_cpp/lib/learning_tf2_cpp/static_turtle_tf2_broadcaster
[0.423s] -- Up-to-date: /home/ph/third_ws/install/learning_tf2_cpp/share/ament_index/resource_index/package_run_dependencies/learning_tf2_cpp
[0.424s] -- Up-to-date: /home/ph/third_ws/install/learning_tf2_cpp/share/ament_index/resource_index/parent_prefix_path/learning_tf2_cpp
[0.424s] -- Up-to-date: /home/ph/third_ws/install/learning_tf2_cpp/share/learning_tf2_cpp/environment/ament_prefix_path.sh
[0.424s] -- Up-to-date: /home/ph/third_ws/install/learning_tf2_cpp/share/learning_tf2_cpp/environment/ament_prefix_path.dsv
[0.424s] -- Up-to-date: /home/ph/third_ws/install/learning_tf2_cpp/share/learning_tf2_cpp/environment/path.sh
[0.424s] -- Up-to-date: /home/ph/third_ws/install/learning_tf2_cpp/share/learning_tf2_cpp/environment/path.dsv
[0.424s] -- Up-to-date: /home/ph/third_ws/install/learning_tf2_cpp/share/learning_tf2_cpp/local_setup.bash
[0.424s] -- Up-to-date: /home/ph/third_ws/install/learning_tf2_cpp/share/learning_tf2_cpp/local_setup.sh
[0.424s] -- Up-to-date: /home/ph/third_ws/install/learning_tf2_cpp/share/learning_tf2_cpp/local_setup.zsh
[0.425s] -- Up-to-date: /home/ph/third_ws/install/learning_tf2_cpp/share/learning_tf2_cpp/local_setup.dsv
[0.425s] -- Installing: /home/ph/third_ws/install/learning_tf2_cpp/share/learning_tf2_cpp/package.dsv
[0.425s] -- Up-to-date: /home/ph/third_ws/install/learning_tf2_cpp/share/ament_index/resource_index/packages/learning_tf2_cpp
[0.425s] -- Up-to-date: /home/ph/third_ws/install/learning_tf2_cpp/share/learning_tf2_cpp/cmake/learning_tf2_cppConfig.cmake
[0.425s] -- Up-to-date: /home/ph/third_ws/install/learning_tf2_cpp/share/learning_tf2_cpp/cmake/learning_tf2_cppConfig-version.cmake
[0.425s] -- Up-to-date: /home/ph/third_ws/install/learning_tf2_cpp/share/learning_tf2_cpp/package.xml
[0.427s] Invoked command in '/home/ph/third_ws/build/learning_tf2_cpp' returned '0': CMAKE_PREFIX_PATH=${CMAKE_PREFIX_PATH}:/home/ph/third_ws/install/learning_tf2_py:/home/ph/launch_ws/install/py_launch_example:/opt/ros/humble /usr/bin/cmake --install /home/ph/third_ws/build/learning_tf2_cpp
