[0.013s] Invoking command in '/home/ph/fourth_ws/build/urdf_tutorial': CMAKE_PREFIX_PATH=/opt/ros/humble /usr/bin/cmake /home/ph/fourth_ws/src/urdf_tutorial -DCMAKE_INSTALL_PREFIX=/home/ph/fourth_ws/install/urdf_tutorial
[0.037s] -- Found ament_cmake: 1.3.12 (/opt/ros/humble/share/ament_cmake/cmake)
[0.216s] -- Found ament_lint_auto: 0.12.14 (/opt/ros/humble/share/ament_lint_auto/cmake)
[0.308s] -- Configuring done
[0.316s] -- Generating done
[0.322s] -- Build files have been written to: /home/ph/fourth_ws/build/urdf_tutorial
[0.330s] Invoked command in '/home/ph/fourth_ws/build/urdf_tutorial' returned '0': CMAKE_PREFIX_PATH=/opt/ros/humble /usr/bin/cmake /home/ph/fourth_ws/src/urdf_tutorial -DCMAKE_INSTALL_PREFIX=/home/ph/fourth_ws/install/urdf_tutorial
[0.335s] Invoking command in '/home/ph/fourth_ws/build/urdf_tutorial': CMAKE_PREFIX_PATH=/opt/ros/humble /usr/bin/cmake --build /home/ph/fourth_ws/build/urdf_tutorial -- -j8 -l8
[0.412s] Invoked command in '/home/ph/fourth_ws/build/urdf_tutorial' returned '0': CMAKE_PREFIX_PATH=/opt/ros/humble /usr/bin/cmake --build /home/ph/fourth_ws/build/urdf_tutorial -- -j8 -l8
[0.428s] Invoking command in '/home/ph/fourth_ws/build/urdf_tutorial': CMAKE_PREFIX_PATH=/opt/ros/humble /usr/bin/cmake --install /home/ph/fourth_ws/build/urdf_tutorial
[0.437s] -- Install configuration: ""
[0.438s] -- Up-to-date: /home/ph/fourth_ws/install/urdf_tutorial/share/urdf_tutorial/images
[0.438s] -- Installing: /home/ph/fourth_ws/install/urdf_tutorial/share/urdf_tutorial/images/origins.png
[0.438s] -- Installing: /home/ph/fourth_ws/install/urdf_tutorial/share/urdf_tutorial/images/multipleshapes.png
[0.438s] -- Installing: /home/ph/fourth_ws/install/urdf_tutorial/share/urdf_tutorial/images/myfirst.png
[0.439s] -- Installing: /home/ph/fourth_ws/install/urdf_tutorial/share/urdf_tutorial/images/materials.png
[0.439s] -- Installing: /home/ph/fourth_ws/install/urdf_tutorial/share/urdf_tutorial/images/visual.png
[0.439s] -- Installing: /home/ph/fourth_ws/install/urdf_tutorial/share/urdf_tutorial/images/flexible.png
[0.440s] -- Up-to-date: /home/ph/fourth_ws/install/urdf_tutorial/share/urdf_tutorial/launch
[0.440s] -- Installing: /home/ph/fourth_ws/install/urdf_tutorial/share/urdf_tutorial/launch/display.launch.py
[0.440s] -- Up-to-date: /home/ph/fourth_ws/install/urdf_tutorial/share/urdf_tutorial/meshes
[0.441s] -- Installing: /home/ph/fourth_ws/install/urdf_tutorial/share/urdf_tutorial/meshes/l_finger_tip_color.png
[0.441s] -- Installing: /home/ph/fourth_ws/install/urdf_tutorial/share/urdf_tutorial/meshes/l_finger_tip.dae
[0.441s] -- Installing: /home/ph/fourth_ws/install/urdf_tutorial/share/urdf_tutorial/meshes/l_finger.dae
[0.441s] -- Installing: /home/ph/fourth_ws/install/urdf_tutorial/share/urdf_tutorial/meshes/l_finger_color.png
[0.442s] -- Up-to-date: /home/ph/fourth_ws/install/urdf_tutorial/share/urdf_tutorial/rviz
[0.442s] -- Installing: /home/ph/fourth_ws/install/urdf_tutorial/share/urdf_tutorial/rviz/urdf.rviz
[0.442s] -- Up-to-date: /home/ph/fourth_ws/install/urdf_tutorial/share/urdf_tutorial/urdf
[0.442s] -- Installing: /home/ph/fourth_ws/install/urdf_tutorial/share/urdf_tutorial/urdf/03-origins.urdf
[0.442s] -- Installing: /home/ph/fourth_ws/install/urdf_tutorial/share/urdf_tutorial/urdf/05-visual.urdf
[0.443s] -- Installing: /home/ph/fourth_ws/install/urdf_tutorial/share/urdf_tutorial/urdf/01-myfirst.urdf
[0.443s] -- Installing: /home/ph/fourth_ws/install/urdf_tutorial/share/urdf_tutorial/urdf/06-flexible.urdf
[0.443s] -- Installing: /home/ph/fourth_ws/install/urdf_tutorial/share/urdf_tutorial/urdf/04-materials.urdf
[0.443s] -- Installing: /home/ph/fourth_ws/install/urdf_tutorial/share/urdf_tutorial/urdf/07-physics.urdf
[0.443s] -- Installing: /home/ph/fourth_ws/install/urdf_tutorial/share/urdf_tutorial/urdf/08-macroed.urdf.xacro
[0.444s] -- Installing: /home/ph/fourth_ws/install/urdf_tutorial/share/urdf_tutorial/urdf/02-multipleshapes.urdf
[0.444s] -- Installing: /home/ph/fourth_ws/install/urdf_tutorial/share/ament_index/resource_index/package_run_dependencies/urdf_tutorial
[0.444s] -- Up-to-date: /home/ph/fourth_ws/install/urdf_tutorial/share/ament_index/resource_index/parent_prefix_path/urdf_tutorial
[0.444s] -- Up-to-date: /home/ph/fourth_ws/install/urdf_tutorial/share/urdf_tutorial/environment/ament_prefix_path.sh
[0.445s] -- Installing: /home/ph/fourth_ws/install/urdf_tutorial/share/urdf_tutorial/environment/ament_prefix_path.dsv
[0.445s] -- Up-to-date: /home/ph/fourth_ws/install/urdf_tutorial/share/urdf_tutorial/environment/path.sh
[0.445s] -- Installing: /home/ph/fourth_ws/install/urdf_tutorial/share/urdf_tutorial/environment/path.dsv
[0.445s] -- Up-to-date: /home/ph/fourth_ws/install/urdf_tutorial/share/urdf_tutorial/local_setup.bash
[0.446s] -- Up-to-date: /home/ph/fourth_ws/install/urdf_tutorial/share/urdf_tutorial/local_setup.sh
[0.446s] -- Up-to-date: /home/ph/fourth_ws/install/urdf_tutorial/share/urdf_tutorial/local_setup.zsh
[0.446s] -- Installing: /home/ph/fourth_ws/install/urdf_tutorial/share/urdf_tutorial/local_setup.dsv
[0.446s] -- Installing: /home/ph/fourth_ws/install/urdf_tutorial/share/urdf_tutorial/package.dsv
[0.446s] -- Up-to-date: /home/ph/fourth_ws/install/urdf_tutorial/share/ament_index/resource_index/packages/urdf_tutorial
[0.447s] -- Installing: /home/ph/fourth_ws/install/urdf_tutorial/share/urdf_tutorial/cmake/urdf_tutorialConfig.cmake
[0.447s] -- Installing: /home/ph/fourth_ws/install/urdf_tutorial/share/urdf_tutorial/cmake/urdf_tutorialConfig-version.cmake
[0.447s] -- Installing: /home/ph/fourth_ws/install/urdf_tutorial/share/urdf_tutorial/package.xml
[0.449s] Invoked command in '/home/ph/fourth_ws/build/urdf_tutorial' returned '0': CMAKE_PREFIX_PATH=/opt/ros/humble /usr/bin/cmake --install /home/ph/fourth_ws/build/urdf_tutorial
