[0.024s] Invoking command in '/home/ph/fourth_ws/build/urdf_launch': CMAKE_PREFIX_PATH=/opt/ros/humble:${CMAKE_PREFIX_PATH} /usr/bin/cmake --build /home/ph/fourth_ws/build/urdf_launch -- -j8 -l8
[0.139s] Invoked command in '/home/ph/fourth_ws/build/urdf_launch' returned '0': CMAKE_PREFIX_PATH=/opt/ros/humble:${CMAKE_PREFIX_PATH} /usr/bin/cmake --build /home/ph/fourth_ws/build/urdf_launch -- -j8 -l8
[0.160s] Invoking command in '/home/ph/fourth_ws/build/urdf_launch': CMAKE_PREFIX_PATH=/opt/ros/humble:${CMAKE_PREFIX_PATH} /usr/bin/cmake --install /home/ph/fourth_ws/build/urdf_launch
[0.177s] -- Install configuration: ""
[0.178s] -- Up-to-date: /home/ph/fourth_ws/install/urdf_launch/share/urdf_launch/config
[0.179s] -- Up-to-date: /home/ph/fourth_ws/install/urdf_launch/share/urdf_launch/config/urdf.rviz
[0.179s] -- Up-to-date: /home/ph/fourth_ws/install/urdf_launch/share/urdf_launch/launch
[0.179s] -- Up-to-date: /home/ph/fourth_ws/install/urdf_launch/share/urdf_launch/launch/display.launch.py
[0.180s] -- Up-to-date: /home/ph/fourth_ws/install/urdf_launch/share/urdf_launch/launch/description.launch.py
[0.180s] -- Up-to-date: /home/ph/fourth_ws/install/urdf_launch/share/ament_index/resource_index/package_run_dependencies/urdf_launch
[0.180s] -- Up-to-date: /home/ph/fourth_ws/install/urdf_launch/share/ament_index/resource_index/parent_prefix_path/urdf_launch
[0.180s] -- Up-to-date: /home/ph/fourth_ws/install/urdf_launch/share/urdf_launch/environment/ament_prefix_path.sh
[0.181s] -- Up-to-date: /home/ph/fourth_ws/install/urdf_launch/share/urdf_launch/environment/ament_prefix_path.dsv
[0.181s] -- Up-to-date: /home/ph/fourth_ws/install/urdf_launch/share/urdf_launch/environment/path.sh
[0.181s] -- Up-to-date: /home/ph/fourth_ws/install/urdf_launch/share/urdf_launch/environment/path.dsv
[0.181s] -- Up-to-date: /home/ph/fourth_ws/install/urdf_launch/share/urdf_launch/local_setup.bash
[0.182s] -- Up-to-date: /home/ph/fourth_ws/install/urdf_launch/share/urdf_launch/local_setup.sh
[0.182s] -- Up-to-date: /home/ph/fourth_ws/install/urdf_launch/share/urdf_launch/local_setup.zsh
[0.182s] -- Up-to-date: /home/ph/fourth_ws/install/urdf_launch/share/urdf_launch/local_setup.dsv
[0.182s] -- Installing: /home/ph/fourth_ws/install/urdf_launch/share/urdf_launch/package.dsv
[0.183s] -- Up-to-date: /home/ph/fourth_ws/install/urdf_launch/share/ament_index/resource_index/packages/urdf_launch
[0.183s] -- Up-to-date: /home/ph/fourth_ws/install/urdf_launch/share/urdf_launch/cmake/urdf_launchConfig.cmake
[0.184s] -- Up-to-date: /home/ph/fourth_ws/install/urdf_launch/share/urdf_launch/cmake/urdf_launchConfig-version.cmake
[0.185s] -- Up-to-date: /home/ph/fourth_ws/install/urdf_launch/share/urdf_launch/package.xml
[0.185s] Invoked command in '/home/ph/fourth_ws/build/urdf_launch' returned '0': CMAKE_PREFIX_PATH=/opt/ros/humble:${CMAKE_PREFIX_PATH} /usr/bin/cmake --install /home/ph/fourth_ws/build/urdf_launch
