[0.143s] DEBUG:colcon:Command line arguments: ['/usr/bin/colcon', 'build', '--packages-up-to', 'cpp_parameters']
[0.143s] DEBUG:colcon:Parsed command line arguments: Namespace(log_base=None, log_level=None, verb_name='build', build_base='build', install_base='install', merge_install=False, symlink_install=False, test_result_base=None, continue_on_error=False, executor='parallel', parallel_workers=8, event_handlers=None, ignore_user_meta=False, metas=['./colcon.meta'], base_paths=['.'], packages_ignore=None, packages_ignore_regex=None, paths=None, packages_up_to=['cpp_parameters'], packages_up_to_regex=None, packages_above=None, packages_above_and_dependencies=None, packages_above_depth=None, packages_select_by_dep=None, packages_skip_by_dep=None, packages_skip_up_to=None, packages_select_build_failed=False, packages_skip_build_finished=False, packages_select_test_failures=False, packages_skip_test_passed=False, packages_select=None, packages_skip=None, packages_select_regex=None, packages_skip_regex=None, packages_start=None, packages_end=None, allow_overriding=[], cmake_args=None, cmake_target=None, cmake_target_skip_unavailable=False, cmake_clean_cache=False, cmake_clean_first=False, cmake_force_configure=False, ament_cmake_args=None, catkin_cmake_args=None, catkin_skip_building_tests=False, mixin_files=None, mixin=None, verb_parser=<colcon_mixin.mixin.mixin_argument.MixinArgumentDecorator object at 0x7a76cea5f7c0>, verb_extension=<colcon_core.verb.build.BuildVerb object at 0x7a76cea5ee60>, main=<bound method BuildVerb.main of <colcon_core.verb.build.BuildVerb object at 0x7a76cea5ee60>>, mixin_verb=('build',))
[0.357s] Level 1:colcon.colcon_core.package_discovery:discover_packages(colcon_meta) check parameters
[0.357s] Level 1:colcon.colcon_core.package_discovery:discover_packages(recursive) check parameters
[0.357s] Level 1:colcon.colcon_core.package_discovery:discover_packages(ignore) check parameters
[0.357s] Level 1:colcon.colcon_core.package_discovery:discover_packages(path) check parameters
[0.357s] Level 1:colcon.colcon_core.package_discovery:discover_packages(colcon_meta) discover
[0.357s] Level 1:colcon.colcon_core.package_discovery:discover_packages(recursive) discover
[0.357s] INFO:colcon.colcon_core.package_discovery:Crawling recursively for packages in '/home/ph/ros2_firstw/src/cpp_parameters'
[0.358s] Level 1:colcon.colcon_core.package_identification:_identify(.) by extensions ['ignore', 'ignore_ament_install']
[0.358s] Level 1:colcon.colcon_core.package_identification:_identify(.) by extension 'ignore'
[0.358s] Level 1:colcon.colcon_core.package_identification:_identify(.) by extension 'ignore_ament_install'
[0.358s] Level 1:colcon.colcon_core.package_identification:_identify(.) by extensions ['colcon_pkg']
[0.358s] Level 1:colcon.colcon_core.package_identification:_identify(.) by extension 'colcon_pkg'
[0.358s] Level 1:colcon.colcon_core.package_identification:_identify(.) by extensions ['colcon_meta']
[0.358s] Level 1:colcon.colcon_core.package_identification:_identify(.) by extension 'colcon_meta'
[0.358s] Level 1:colcon.colcon_core.package_identification:_identify(.) by extensions ['ros']
[0.358s] Level 1:colcon.colcon_core.package_identification:_identify(.) by extension 'ros'
[0.374s] DEBUG:colcon.colcon_core.package_identification:Package '.' with type 'ros.ament_cmake' and name 'cpp_parameters'
[0.374s] Level 1:colcon.colcon_core.package_discovery:discover_packages(recursive) using defaults
[0.374s] Level 1:colcon.colcon_core.package_discovery:discover_packages(ignore) discover
[0.374s] Level 1:colcon.colcon_core.package_discovery:discover_packages(ignore) using defaults
[0.375s] Level 1:colcon.colcon_core.package_discovery:discover_packages(path) discover
[0.375s] Level 1:colcon.colcon_core.package_discovery:discover_packages(path) using defaults
[0.411s] Level 1:colcon.colcon_core.package_discovery:discover_packages(prefix_path) check parameters
[0.411s] Level 1:colcon.colcon_core.package_discovery:discover_packages(prefix_path) discover
[0.413s] DEBUG:colcon.colcon_installed_package_information.package_discovery:Found 9 installed packages in /home/ph/ros2_firstw/install
[0.415s] DEBUG:colcon.colcon_installed_package_information.package_discovery:Found 323 installed packages in /opt/ros/humble
[0.417s] Level 1:colcon.colcon_core.package_discovery:discover_packages(prefix_path) using defaults
[0.471s] Level 5:colcon.colcon_core.verb:set package 'cpp_parameters' build argument 'cmake_args' from command line to 'None'
[0.472s] Level 5:colcon.colcon_core.verb:set package 'cpp_parameters' build argument 'cmake_target' from command line to 'None'
[0.472s] Level 5:colcon.colcon_core.verb:set package 'cpp_parameters' build argument 'cmake_target_skip_unavailable' from command line to 'False'
[0.472s] Level 5:colcon.colcon_core.verb:set package 'cpp_parameters' build argument 'cmake_clean_cache' from command line to 'False'
[0.472s] Level 5:colcon.colcon_core.verb:set package 'cpp_parameters' build argument 'cmake_clean_first' from command line to 'False'
[0.472s] Level 5:colcon.colcon_core.verb:set package 'cpp_parameters' build argument 'cmake_force_configure' from command line to 'False'
[0.472s] Level 5:colcon.colcon_core.verb:set package 'cpp_parameters' build argument 'ament_cmake_args' from command line to 'None'
[0.472s] Level 5:colcon.colcon_core.verb:set package 'cpp_parameters' build argument 'catkin_cmake_args' from command line to 'None'
[0.472s] Level 5:colcon.colcon_core.verb:set package 'cpp_parameters' build argument 'catkin_skip_building_tests' from command line to 'False'
[0.472s] DEBUG:colcon.colcon_core.verb:Building package 'cpp_parameters' with the following arguments: {'ament_cmake_args': None, 'build_base': '/home/ph/ros2_firstw/src/cpp_parameters/build/cpp_parameters', 'catkin_cmake_args': None, 'catkin_skip_building_tests': False, 'cmake_args': None, 'cmake_clean_cache': False, 'cmake_clean_first': False, 'cmake_force_configure': False, 'cmake_target': None, 'cmake_target_skip_unavailable': False, 'install_base': '/home/ph/ros2_firstw/src/cpp_parameters/install/cpp_parameters', 'merge_install': False, 'path': '/home/ph/ros2_firstw/src/cpp_parameters', 'symlink_install': False, 'test_result_base': None}
[0.472s] INFO:colcon.colcon_core.executor:Executing jobs using 'parallel' executor
[0.473s] DEBUG:colcon.colcon_parallel_executor.executor.parallel:run_until_complete
[0.474s] INFO:colcon.colcon_ros.task.ament_cmake.build:Building ROS package in '/home/ph/ros2_firstw/src/cpp_parameters' with build type 'ament_cmake'
[0.474s] INFO:colcon.colcon_cmake.task.cmake.build:Building CMake package in '/home/ph/ros2_firstw/src/cpp_parameters'
[0.476s] INFO:colcon.colcon_core.plugin_system:Skipping extension 'colcon_core.shell.bat': Not used on non-Windows systems
[0.476s] INFO:colcon.colcon_core.shell:Skip shell extension 'powershell' for command environment: Not usable outside of PowerShell
[0.477s] DEBUG:colcon.colcon_core.shell:Skip shell extension 'dsv' for command environment
[0.491s] DEBUG:colcon.colcon_core.event_handler.log_command:Invoking command in '/home/ph/ros2_firstw/src/cpp_parameters/build/cpp_parameters': CMAKE_PREFIX_PATH=${CMAKE_PREFIX_PATH}:/opt/ros/humble /usr/bin/cmake /home/ph/ros2_firstw/src/cpp_parameters -DCMAKE_INSTALL_PREFIX=/home/ph/ros2_firstw/src/cpp_parameters/install/cpp_parameters
[2.392s] DEBUG:colcon.colcon_core.event_handler.log_command:Invoked command in '/home/ph/ros2_firstw/src/cpp_parameters/build/cpp_parameters' returned '0': CMAKE_PREFIX_PATH=${CMAKE_PREFIX_PATH}:/opt/ros/humble /usr/bin/cmake /home/ph/ros2_firstw/src/cpp_parameters -DCMAKE_INSTALL_PREFIX=/home/ph/ros2_firstw/src/cpp_parameters/install/cpp_parameters
[2.396s] DEBUG:colcon.colcon_core.event_handler.log_command:Invoking command in '/home/ph/ros2_firstw/src/cpp_parameters/build/cpp_parameters': CMAKE_PREFIX_PATH=${CMAKE_PREFIX_PATH}:/opt/ros/humble /usr/bin/cmake --build /home/ph/ros2_firstw/src/cpp_parameters/build/cpp_parameters -- -j8 -l8
[6.295s] DEBUG:colcon.colcon_core.event_handler.log_command:Invoked command in '/home/ph/ros2_firstw/src/cpp_parameters/build/cpp_parameters' returned '0': CMAKE_PREFIX_PATH=${CMAKE_PREFIX_PATH}:/opt/ros/humble /usr/bin/cmake --build /home/ph/ros2_firstw/src/cpp_parameters/build/cpp_parameters -- -j8 -l8
[6.323s] DEBUG:colcon.colcon_core.event_handler.log_command:Invoking command in '/home/ph/ros2_firstw/src/cpp_parameters/build/cpp_parameters': CMAKE_PREFIX_PATH=${CMAKE_PREFIX_PATH}:/opt/ros/humble /usr/bin/cmake --install /home/ph/ros2_firstw/src/cpp_parameters/build/cpp_parameters
[6.353s] Level 1:colcon.colcon_core.environment:create_environment_scripts_only(cpp_parameters)
[6.354s] DEBUG:colcon.colcon_core.event_handler.log_command:Invoked command in '/home/ph/ros2_firstw/src/cpp_parameters/build/cpp_parameters' returned '0': CMAKE_PREFIX_PATH=${CMAKE_PREFIX_PATH}:/opt/ros/humble /usr/bin/cmake --install /home/ph/ros2_firstw/src/cpp_parameters/build/cpp_parameters
[6.360s] Level 1:colcon.colcon_core.environment:checking '/home/ph/ros2_firstw/src/cpp_parameters/install/cpp_parameters' for CMake module files
[6.361s] Level 1:colcon.colcon_core.environment:checking '/home/ph/ros2_firstw/src/cpp_parameters/install/cpp_parameters' for CMake config files
[6.362s] Level 1:colcon.colcon_core.shell:create_environment_hook('cpp_parameters', 'cmake_prefix_path')
[6.363s] INFO:colcon.colcon_core.shell:Creating environment hook '/home/ph/ros2_firstw/src/cpp_parameters/install/cpp_parameters/share/cpp_parameters/hook/cmake_prefix_path.ps1'
[6.364s] INFO:colcon.colcon_core.shell:Creating environment descriptor '/home/ph/ros2_firstw/src/cpp_parameters/install/cpp_parameters/share/cpp_parameters/hook/cmake_prefix_path.dsv'
[6.366s] INFO:colcon.colcon_core.shell:Creating environment hook '/home/ph/ros2_firstw/src/cpp_parameters/install/cpp_parameters/share/cpp_parameters/hook/cmake_prefix_path.sh'
[6.368s] Level 1:colcon.colcon_core.environment:checking '/home/ph/ros2_firstw/src/cpp_parameters/install/cpp_parameters/lib'
[6.369s] Level 1:colcon.colcon_core.environment:checking '/home/ph/ros2_firstw/src/cpp_parameters/install/cpp_parameters/bin'
[6.369s] Level 1:colcon.colcon_core.environment:checking '/home/ph/ros2_firstw/src/cpp_parameters/install/cpp_parameters/lib/pkgconfig/cpp_parameters.pc'
[6.370s] Level 1:colcon.colcon_core.environment:checking '/home/ph/ros2_firstw/src/cpp_parameters/install/cpp_parameters/lib/python3.10/site-packages'
[6.371s] Level 1:colcon.colcon_core.environment:checking '/home/ph/ros2_firstw/src/cpp_parameters/install/cpp_parameters/bin'
[6.372s] INFO:colcon.colcon_core.shell:Creating package script '/home/ph/ros2_firstw/src/cpp_parameters/install/cpp_parameters/share/cpp_parameters/package.ps1'
[6.374s] INFO:colcon.colcon_core.shell:Creating package descriptor '/home/ph/ros2_firstw/src/cpp_parameters/install/cpp_parameters/share/cpp_parameters/package.dsv'
[6.375s] INFO:colcon.colcon_core.shell:Creating package script '/home/ph/ros2_firstw/src/cpp_parameters/install/cpp_parameters/share/cpp_parameters/package.sh'
[6.378s] INFO:colcon.colcon_core.shell:Creating package script '/home/ph/ros2_firstw/src/cpp_parameters/install/cpp_parameters/share/cpp_parameters/package.bash'
[6.380s] INFO:colcon.colcon_core.shell:Creating package script '/home/ph/ros2_firstw/src/cpp_parameters/install/cpp_parameters/share/cpp_parameters/package.zsh'
[6.382s] Level 1:colcon.colcon_core.environment:create_file_with_runtime_dependencies(/home/ph/ros2_firstw/src/cpp_parameters/install/cpp_parameters/share/colcon-core/packages/cpp_parameters)
[6.384s] Level 1:colcon.colcon_core.environment:create_environment_scripts_only(cpp_parameters)
[6.384s] Level 1:colcon.colcon_core.environment:checking '/home/ph/ros2_firstw/src/cpp_parameters/install/cpp_parameters' for CMake module files
[6.386s] Level 1:colcon.colcon_core.environment:checking '/home/ph/ros2_firstw/src/cpp_parameters/install/cpp_parameters' for CMake config files
[6.386s] Level 1:colcon.colcon_core.shell:create_environment_hook('cpp_parameters', 'cmake_prefix_path')
[6.387s] INFO:colcon.colcon_core.shell:Creating environment hook '/home/ph/ros2_firstw/src/cpp_parameters/install/cpp_parameters/share/cpp_parameters/hook/cmake_prefix_path.ps1'
[6.388s] INFO:colcon.colcon_core.shell:Creating environment descriptor '/home/ph/ros2_firstw/src/cpp_parameters/install/cpp_parameters/share/cpp_parameters/hook/cmake_prefix_path.dsv'
[6.389s] INFO:colcon.colcon_core.shell:Creating environment hook '/home/ph/ros2_firstw/src/cpp_parameters/install/cpp_parameters/share/cpp_parameters/hook/cmake_prefix_path.sh'
[6.391s] Level 1:colcon.colcon_core.environment:checking '/home/ph/ros2_firstw/src/cpp_parameters/install/cpp_parameters/lib'
[6.391s] Level 1:colcon.colcon_core.environment:checking '/home/ph/ros2_firstw/src/cpp_parameters/install/cpp_parameters/bin'
[6.391s] Level 1:colcon.colcon_core.environment:checking '/home/ph/ros2_firstw/src/cpp_parameters/install/cpp_parameters/lib/pkgconfig/cpp_parameters.pc'
[6.392s] Level 1:colcon.colcon_core.environment:checking '/home/ph/ros2_firstw/src/cpp_parameters/install/cpp_parameters/lib/python3.10/site-packages'
[6.393s] Level 1:colcon.colcon_core.environment:checking '/home/ph/ros2_firstw/src/cpp_parameters/install/cpp_parameters/bin'
[6.394s] INFO:colcon.colcon_core.shell:Creating package script '/home/ph/ros2_firstw/src/cpp_parameters/install/cpp_parameters/share/cpp_parameters/package.ps1'
[6.395s] INFO:colcon.colcon_core.shell:Creating package descriptor '/home/ph/ros2_firstw/src/cpp_parameters/install/cpp_parameters/share/cpp_parameters/package.dsv'
[6.397s] INFO:colcon.colcon_core.shell:Creating package script '/home/ph/ros2_firstw/src/cpp_parameters/install/cpp_parameters/share/cpp_parameters/package.sh'
[6.398s] INFO:colcon.colcon_core.shell:Creating package script '/home/ph/ros2_firstw/src/cpp_parameters/install/cpp_parameters/share/cpp_parameters/package.bash'
[6.399s] INFO:colcon.colcon_core.shell:Creating package script '/home/ph/ros2_firstw/src/cpp_parameters/install/cpp_parameters/share/cpp_parameters/package.zsh'
[6.401s] Level 1:colcon.colcon_core.environment:create_file_with_runtime_dependencies(/home/ph/ros2_firstw/src/cpp_parameters/install/cpp_parameters/share/colcon-core/packages/cpp_parameters)
[6.401s] DEBUG:colcon.colcon_parallel_executor.executor.parallel:closing loop
[6.402s] DEBUG:colcon.colcon_parallel_executor.executor.parallel:loop closed
[6.402s] DEBUG:colcon.colcon_parallel_executor.executor.parallel:run_until_complete finished with '0'
[6.402s] DEBUG:colcon.colcon_core.event_reactor:joining thread
[6.417s] INFO:colcon.colcon_core.plugin_system:Skipping extension 'colcon_notification.desktop_notification.terminal_notifier': Not used on non-Darwin systems
[6.417s] INFO:colcon.colcon_core.plugin_system:Skipping extension 'colcon_notification.desktop_notification.win32': Not used on non-Windows systems
[6.417s] INFO:colcon.colcon_notification.desktop_notification:Sending desktop notification using 'notify2'
[6.446s] DEBUG:colcon.colcon_core.event_reactor:joined thread
[6.447s] INFO:colcon.colcon_core.shell:Creating prefix script '/home/ph/ros2_firstw/src/cpp_parameters/install/local_setup.ps1'
[6.448s] INFO:colcon.colcon_core.shell:Creating prefix util module '/home/ph/ros2_firstw/src/cpp_parameters/install/_local_setup_util_ps1.py'
[6.451s] INFO:colcon.colcon_core.shell:Creating prefix chain script '/home/ph/ros2_firstw/src/cpp_parameters/install/setup.ps1'
[6.454s] INFO:colcon.colcon_core.shell:Creating prefix script '/home/ph/ros2_firstw/src/cpp_parameters/install/local_setup.sh'
[6.455s] INFO:colcon.colcon_core.shell:Creating prefix util module '/home/ph/ros2_firstw/src/cpp_parameters/install/_local_setup_util_sh.py'
[6.456s] INFO:colcon.colcon_core.shell:Creating prefix chain script '/home/ph/ros2_firstw/src/cpp_parameters/install/setup.sh'
[6.458s] INFO:colcon.colcon_core.shell:Creating prefix script '/home/ph/ros2_firstw/src/cpp_parameters/install/local_setup.bash'
[6.459s] INFO:colcon.colcon_core.shell:Creating prefix chain script '/home/ph/ros2_firstw/src/cpp_parameters/install/setup.bash'
[6.460s] INFO:colcon.colcon_core.shell:Creating prefix script '/home/ph/ros2_firstw/src/cpp_parameters/install/local_setup.zsh'
[6.461s] INFO:colcon.colcon_core.shell:Creating prefix chain script '/home/ph/ros2_firstw/src/cpp_parameters/install/setup.zsh'
