[0.015s] Invoking command in '/home/ph/ros2_firstw/build/nnnode': CMAKE_PREFIX_PATH=${CMAKE_PREFIX_PATH}:/opt/ros/humble /usr/bin/cmake --build /home/ph/ros2_firstw/build/nnnode -- -j8 -l8
[0.085s] [35m[1mConsolidate compiler generated dependencies of target simple_node[0m
[0.115s] [ 50%] [32mBuilding CXX object CMakeFiles/simple_node.dir/src/nnnode.cpp.o[0m
[3.356s] [100%] [32m[1mLinking CXX executable simple_node[0m
[3.564s] [100%] Built target simple_node
[3.586s] Invoked command in '/home/ph/ros2_firstw/build/nnnode' returned '0': CMAKE_PREFIX_PATH=${CMAKE_PREFIX_PATH}:/opt/ros/humble /usr/bin/cmake --build /home/ph/ros2_firstw/build/nnnode -- -j8 -l8
[3.602s] Invoking command in '/home/ph/ros2_firstw/build/nnnode': CMAKE_PREFIX_PATH=${CMAKE_PREFIX_PATH}:/opt/ros/humble /usr/bin/cmake --install /home/ph/ros2_firstw/build/nnnode
[3.612s] -- Install configuration: ""
[3.612s] -- Installing: /home/ph/ros2_firstw/install/nnnode/lib/nnnode/simple_node
[3.613s] -- Set runtime path of "/home/ph/ros2_firstw/install/nnnode/lib/nnnode/simple_node" to ""
[3.613s] -- Up-to-date: /home/ph/ros2_firstw/install/nnnode/share/ament_index/resource_index/package_run_dependencies/nnnode
[3.613s] -- Installing: /home/ph/ros2_firstw/install/nnnode/share/ament_index/resource_index/parent_prefix_path/nnnode
[3.613s] -- Up-to-date: /home/ph/ros2_firstw/install/nnnode/share/nnnode/environment/ament_prefix_path.sh
[3.614s] -- Installing: /home/ph/ros2_firstw/install/nnnode/share/nnnode/environment/ament_prefix_path.dsv
[3.614s] -- Up-to-date: /home/ph/ros2_firstw/install/nnnode/share/nnnode/environment/path.sh
[3.614s] -- Installing: /home/ph/ros2_firstw/install/nnnode/share/nnnode/environment/path.dsv
[3.614s] -- Up-to-date: /home/ph/ros2_firstw/install/nnnode/share/nnnode/local_setup.bash
[3.614s] -- Up-to-date: /home/ph/ros2_firstw/install/nnnode/share/nnnode/local_setup.sh
[3.614s] -- Up-to-date: /home/ph/ros2_firstw/install/nnnode/share/nnnode/local_setup.zsh
[3.614s] -- Installing: /home/ph/ros2_firstw/install/nnnode/share/nnnode/local_setup.dsv
[3.614s] -- Installing: /home/ph/ros2_firstw/install/nnnode/share/nnnode/package.dsv
[3.615s] -- Up-to-date: /home/ph/ros2_firstw/install/nnnode/share/ament_index/resource_index/packages/nnnode
[3.615s] -- Up-to-date: /home/ph/ros2_firstw/install/nnnode/share/nnnode/cmake/nnnodeConfig.cmake
[3.615s] -- Up-to-date: /home/ph/ros2_firstw/install/nnnode/share/nnnode/cmake/nnnodeConfig-version.cmake
[3.615s] -- Up-to-date: /home/ph/ros2_firstw/install/nnnode/share/nnnode/package.xml
[3.618s] Invoked command in '/home/ph/ros2_firstw/build/nnnode' returned '0': CMAKE_PREFIX_PATH=${CMAKE_PREFIX_PATH}:/opt/ros/humble /usr/bin/cmake --install /home/ph/ros2_firstw/build/nnnode
