[0.013s] Invoking command in '/home/ph/ros2_firstw/build/my_package': /usr/bin/cmake /home/ph/ros2_firstw/src/firstpkg -DCMAKE_INSTALL_PREFIX=/home/ph/ros2_firstw/install/my_package
[0.043s] [31mCMake Error at CMakeLists.txt:9 (find_package):
[0.043s]   By not providing "Findament_cmake.cmake" in CMAKE_MODULE_PATH this project
[0.043s]   has asked CMake to find a package configuration file provided by
[0.044s]   "ament_cmake", but CMake did not find one.
[0.044s] 
[0.044s]   Could not find a package configuration file provided by "ament_cmake" with
[0.044s]   any of the following names:
[0.044s] 
[0.044s]     ament_cmakeConfig.cmake
[0.044s]     ament_cmake-config.cmake
[0.044s] 
[0.044s]   Add the installation prefix of "ament_cmake" to CMAKE_PREFIX_PATH or set
[0.044s]   "ament_cmake_DIR" to a directory containing one of the above files.  If
[0.044s]   "ament_cmake" provides a separate development package or SDK, be sure it
[0.045s]   has been installed.
[0.045s] 
[0.045s] [0m
[0.045s] -- Configuring incomplete, errors occurred!
[0.045s] See also "/home/ph/ros2_firstw/build/my_package/CMakeFiles/CMakeOutput.log".
[0.046s] Invoked command in '/home/ph/ros2_firstw/build/my_package' returned '1': /usr/bin/cmake /home/ph/ros2_firstw/src/firstpkg -DCMAKE_INSTALL_PREFIX=/home/ph/ros2_firstw/install/my_package
