[0.014s] Invoking command in '/home/ph/fourth_ws/build/urdf_tutorial': /usr/bin/cmake /home/ph/fourth_ws/src/urdf_tutorial -DCATKIN_INSTALL_INTO_PREFIX_ROOT=0 -DCMAKE_INSTALL_PREFIX=/home/ph/fourth_ws/install/urdf_tutorial
[0.044s] -- Found ament_cmake: 1.3.12 (/opt/ros/humble/share/ament_cmake/cmake)
[0.238s] -- Found Python3: /usr/bin/python3 (found version "3.10.12") found components: Interpreter 
[0.519s] -- Configuring done
[0.528s] -- Generating done
[0.533s] -- Build files have been written to: /home/ph/fourth_ws/build/urdf_tutorial
[0.540s] Invoked command in '/home/ph/fourth_ws/build/urdf_tutorial' returned '0': /usr/bin/cmake /home/ph/fourth_ws/src/urdf_tutorial -DCATKIN_INSTALL_INTO_PREFIX_ROOT=0 -DCMAKE_INSTALL_PREFIX=/home/ph/fourth_ws/install/urdf_tutorial
[0.544s] Invoking command in '/home/ph/fourth_ws/build/urdf_tutorial': /usr/bin/cmake --build /home/ph/fourth_ws/build/urdf_tutorial -- -j8 -l8
[0.616s] Invoked command in '/home/ph/fourth_ws/build/urdf_tutorial' returned '0': /usr/bin/cmake --build /home/ph/fourth_ws/build/urdf_tutorial -- -j8 -l8
[0.635s] Invoking command in '/home/ph/fourth_ws/build/urdf_tutorial': /usr/bin/cmake --install /home/ph/fourth_ws/build/urdf_tutorial
[0.644s] -- Install configuration: ""
[0.645s] -- Installing: /home/ph/fourth_ws/install/urdf_tutorial/share/urdf_tutorial/images
[0.645s] -- Installing: /home/ph/fourth_ws/install/urdf_tutorial/share/urdf_tutorial/images/origins.png
[0.645s] -- Installing: /home/ph/fourth_ws/install/urdf_tutorial/share/urdf_tutorial/images/multipleshapes.png
[0.645s] -- Installing: /home/ph/fourth_ws/install/urdf_tutorial/share/urdf_tutorial/images/myfirst.png
[0.646s] -- Installing: /home/ph/fourth_ws/install/urdf_tutorial/share/urdf_tutorial/images/materials.png
[0.646s] -- Installing: /home/ph/fourth_ws/install/urdf_tutorial/share/urdf_tutorial/images/visual.png
[0.646s] -- Installing: /home/ph/fourth_ws/install/urdf_tutorial/share/urdf_tutorial/images/flexible.png
[0.646s] -- Installing: /home/ph/fourth_ws/install/urdf_tutorial/share/urdf_tutorial/meshes
[0.647s] -- Installing: /home/ph/fourth_ws/install/urdf_tutorial/share/urdf_tutorial/meshes/l_finger_tip_color.png
[0.647s] -- Installing: /home/ph/fourth_ws/install/urdf_tutorial/share/urdf_tutorial/meshes/l_finger_tip.dae
[0.647s] -- Installing: /home/ph/fourth_ws/install/urdf_tutorial/share/urdf_tutorial/meshes/l_finger.dae
[0.647s] -- Installing: /home/ph/fourth_ws/install/urdf_tutorial/share/urdf_tutorial/meshes/l_finger_color.png
[0.648s] -- Installing: /home/ph/fourth_ws/install/urdf_tutorial/share/urdf_tutorial/launch
[0.648s] -- Installing: /home/ph/fourth_ws/install/urdf_tutorial/share/urdf_tutorial/launch/display.launch
[0.648s] -- Installing: /home/ph/fourth_ws/install/urdf_tutorial/share/urdf_tutorial/rviz
[0.648s] -- Installing: /home/ph/fourth_ws/install/urdf_tutorial/share/urdf_tutorial/rviz/urdf.vcg
[0.649s] -- Installing: /home/ph/fourth_ws/install/urdf_tutorial/share/urdf_tutorial/rviz/urdf.rviz
[0.649s] -- Installing: /home/ph/fourth_ws/install/urdf_tutorial/share/urdf_tutorial/urdf
[0.649s] -- Installing: /home/ph/fourth_ws/install/urdf_tutorial/share/urdf_tutorial/urdf/03-origins.urdf
[0.649s] -- Installing: /home/ph/fourth_ws/install/urdf_tutorial/share/urdf_tutorial/urdf/05-visual.urdf
[0.649s] -- Installing: /home/ph/fourth_ws/install/urdf_tutorial/share/urdf_tutorial/urdf/01-myfirst.urdf
[0.650s] -- Installing: /home/ph/fourth_ws/install/urdf_tutorial/share/urdf_tutorial/urdf/06-flexible.urdf
[0.650s] -- Installing: /home/ph/fourth_ws/install/urdf_tutorial/share/urdf_tutorial/urdf/04-materials.urdf
[0.650s] -- Installing: /home/ph/fourth_ws/install/urdf_tutorial/share/urdf_tutorial/urdf/07-physics.urdf
[0.650s] -- Installing: /home/ph/fourth_ws/install/urdf_tutorial/share/urdf_tutorial/urdf/08-macroed.urdf.xacro
[0.650s] -- Installing: /home/ph/fourth_ws/install/urdf_tutorial/share/urdf_tutorial/urdf/02-multipleshapes.urdf
[0.651s] -- Installing: /home/ph/fourth_ws/install/urdf_tutorial/share/ament_index/resource_index/package_run_dependencies/urdf_tutorial
[0.651s] -- Installing: /home/ph/fourth_ws/install/urdf_tutorial/share/ament_index/resource_index/parent_prefix_path/urdf_tutorial
[0.651s] -- Installing: /home/ph/fourth_ws/install/urdf_tutorial/share/urdf_tutorial/environment/ament_prefix_path.sh
[0.651s] -- Installing: /home/ph/fourth_ws/install/urdf_tutorial/share/urdf_tutorial/environment/ament_prefix_path.dsv
[0.651s] -- Installing: /home/ph/fourth_ws/install/urdf_tutorial/share/urdf_tutorial/environment/path.sh
[0.652s] -- Installing: /home/ph/fourth_ws/install/urdf_tutorial/share/urdf_tutorial/environment/path.dsv
[0.652s] -- Installing: /home/ph/fourth_ws/install/urdf_tutorial/share/urdf_tutorial/local_setup.bash
[0.652s] -- Installing: /home/ph/fourth_ws/install/urdf_tutorial/share/urdf_tutorial/local_setup.sh
[0.652s] -- Installing: /home/ph/fourth_ws/install/urdf_tutorial/share/urdf_tutorial/local_setup.zsh
[0.652s] -- Installing: /home/ph/fourth_ws/install/urdf_tutorial/share/urdf_tutorial/local_setup.dsv
[0.653s] -- Installing: /home/ph/fourth_ws/install/urdf_tutorial/share/urdf_tutorial/package.dsv
[0.653s] -- Installing: /home/ph/fourth_ws/install/urdf_tutorial/share/ament_index/resource_index/packages/urdf_tutorial
[0.653s] -- Installing: /home/ph/fourth_ws/install/urdf_tutorial/share/urdf_tutorial/cmake/urdf_tutorialConfig.cmake
[0.653s] -- Installing: /home/ph/fourth_ws/install/urdf_tutorial/share/urdf_tutorial/cmake/urdf_tutorialConfig-version.cmake
[0.653s] -- Installing: /home/ph/fourth_ws/install/urdf_tutorial/share/urdf_tutorial/package.xml
[0.656s] Invoked command in '/home/ph/fourth_ws/build/urdf_tutorial' returned '0': /usr/bin/cmake --install /home/ph/fourth_ws/build/urdf_tutorial
