[0.210s] DEBUG:colcon:Command line arguments: ['/usr/bin/colcon', 'build']
[0.210s] DEBUG:colcon:Parsed command line arguments: Namespace(log_base=None, log_level=None, verb_name='build', build_base='build', install_base='install', merge_install=False, symlink_install=False, test_result_base=None, continue_on_error=False, executor='parallel', parallel_workers=8, event_handlers=None, ignore_user_meta=False, metas=['./colcon.meta'], base_paths=['.'], packages_ignore=None, packages_ignore_regex=None, paths=None, packages_up_to=None, packages_up_to_regex=None, packages_above=None, packages_above_and_dependencies=None, packages_above_depth=None, packages_select_by_dep=None, packages_skip_by_dep=None, packages_skip_up_to=None, packages_select_build_failed=False, packages_skip_build_finished=False, packages_select_test_failures=False, packages_skip_test_passed=False, packages_select=None, packages_skip=None, packages_select_regex=None, packages_skip_regex=None, packages_start=None, packages_end=None, allow_overriding=[], cmake_args=None, cmake_target=None, cmake_target_skip_unavailable=False, cmake_clean_cache=False, cmake_clean_first=False, cmake_force_configure=False, ament_cmake_args=None, catkin_cmake_args=None, catkin_skip_building_tests=False, mixin_files=None, mixin=None, verb_parser=<colcon_mixin.mixin.mixin_argument.MixinArgumentDecorator object at 0x7421cec62b90>, verb_extension=<colcon_core.verb.build.BuildVerb object at 0x7421cec621a0>, main=<bound method BuildVerb.main of <colcon_core.verb.build.BuildVerb object at 0x7421cec621a0>>, mixin_verb=('build',))
[0.522s] Level 1:colcon.colcon_core.package_discovery:discover_packages(colcon_meta) check parameters
[0.522s] Level 1:colcon.colcon_core.package_discovery:discover_packages(recursive) check parameters
[0.522s] Level 1:colcon.colcon_core.package_discovery:discover_packages(ignore) check parameters
[0.523s] Level 1:colcon.colcon_core.package_discovery:discover_packages(path) check parameters
[0.523s] Level 1:colcon.colcon_core.package_discovery:discover_packages(colcon_meta) discover
[0.523s] Level 1:colcon.colcon_core.package_discovery:discover_packages(recursive) discover
[0.523s] INFO:colcon.colcon_core.package_discovery:Crawling recursively for packages in '/home/ph/ros2_firstw'
[0.523s] Level 1:colcon.colcon_core.package_identification:_identify(.) by extensions ['ignore', 'ignore_ament_install']
[0.523s] Level 1:colcon.colcon_core.package_identification:_identify(.) by extension 'ignore'
[0.523s] Level 1:colcon.colcon_core.package_identification:_identify(.) by extension 'ignore_ament_install'
[0.523s] Level 1:colcon.colcon_core.package_identification:_identify(.) by extensions ['colcon_pkg']
[0.523s] Level 1:colcon.colcon_core.package_identification:_identify(.) by extension 'colcon_pkg'
[0.523s] Level 1:colcon.colcon_core.package_identification:_identify(.) by extensions ['colcon_meta']
[0.524s] Level 1:colcon.colcon_core.package_identification:_identify(.) by extension 'colcon_meta'
[0.524s] Level 1:colcon.colcon_core.package_identification:_identify(.) by extensions ['ros']
[0.524s] Level 1:colcon.colcon_core.package_identification:_identify(.) by extension 'ros'
[0.542s] Level 1:colcon.colcon_core.package_identification:_identify(.) by extensions ['cmake', 'python']
[0.542s] Level 1:colcon.colcon_core.package_identification:_identify(.) by extension 'cmake'
[0.542s] Level 1:colcon.colcon_core.package_identification:_identify(.) by extension 'python'
[0.542s] Level 1:colcon.colcon_core.package_identification:_identify(.) by extensions ['python_setup_py']
[0.542s] Level 1:colcon.colcon_core.package_identification:_identify(.) by extension 'python_setup_py'
[0.543s] Level 1:colcon.colcon_core.package_identification:_identify(build) by extensions ['ignore', 'ignore_ament_install']
[0.543s] Level 1:colcon.colcon_core.package_identification:_identify(build) by extension 'ignore'
[0.543s] Level 1:colcon.colcon_core.package_identification:_identify(build) ignored
[0.543s] Level 1:colcon.colcon_core.package_identification:_identify(install) by extensions ['ignore', 'ignore_ament_install']
[0.543s] Level 1:colcon.colcon_core.package_identification:_identify(install) by extension 'ignore'
[0.543s] Level 1:colcon.colcon_core.package_identification:_identify(install) ignored
[0.543s] Level 1:colcon.colcon_core.package_identification:_identify(log) by extensions ['ignore', 'ignore_ament_install']
[0.544s] Level 1:colcon.colcon_core.package_identification:_identify(log) by extension 'ignore'
[0.544s] Level 1:colcon.colcon_core.package_identification:_identify(log) ignored
[0.544s] Level 1:colcon.colcon_core.package_identification:_identify(src) by extensions ['ignore', 'ignore_ament_install']
[0.544s] Level 1:colcon.colcon_core.package_identification:_identify(src) by extension 'ignore'
[0.544s] Level 1:colcon.colcon_core.package_identification:_identify(src) by extension 'ignore_ament_install'
[0.544s] Level 1:colcon.colcon_core.package_identification:_identify(src) by extensions ['colcon_pkg']
[0.544s] Level 1:colcon.colcon_core.package_identification:_identify(src) by extension 'colcon_pkg'
[0.544s] Level 1:colcon.colcon_core.package_identification:_identify(src) by extensions ['colcon_meta']
[0.544s] Level 1:colcon.colcon_core.package_identification:_identify(src) by extension 'colcon_meta'
[0.544s] Level 1:colcon.colcon_core.package_identification:_identify(src) by extensions ['ros']
[0.544s] Level 1:colcon.colcon_core.package_identification:_identify(src) by extension 'ros'
[0.544s] Level 1:colcon.colcon_core.package_identification:_identify(src) by extensions ['cmake', 'python']
[0.544s] Level 1:colcon.colcon_core.package_identification:_identify(src) by extension 'cmake'
[0.545s] Level 1:colcon.colcon_core.package_identification:_identify(src) by extension 'python'
[0.545s] Level 1:colcon.colcon_core.package_identification:_identify(src) by extensions ['python_setup_py']
[0.545s] Level 1:colcon.colcon_core.package_identification:_identify(src) by extension 'python_setup_py'
[0.545s] Level 1:colcon.colcon_core.package_identification:_identify(src/build) by extensions ['ignore', 'ignore_ament_install']
[0.545s] Level 1:colcon.colcon_core.package_identification:_identify(src/build) by extension 'ignore'
[0.545s] Level 1:colcon.colcon_core.package_identification:_identify(src/build) ignored
[0.545s] Level 1:colcon.colcon_core.package_identification:_identify(src/cpp_pubsub) by extensions ['ignore', 'ignore_ament_install']
[0.545s] Level 1:colcon.colcon_core.package_identification:_identify(src/cpp_pubsub) by extension 'ignore'
[0.545s] Level 1:colcon.colcon_core.package_identification:_identify(src/cpp_pubsub) by extension 'ignore_ament_install'
[0.545s] Level 1:colcon.colcon_core.package_identification:_identify(src/cpp_pubsub) by extensions ['colcon_pkg']
[0.545s] Level 1:colcon.colcon_core.package_identification:_identify(src/cpp_pubsub) by extension 'colcon_pkg'
[0.546s] Level 1:colcon.colcon_core.package_identification:_identify(src/cpp_pubsub) by extensions ['colcon_meta']
[0.546s] Level 1:colcon.colcon_core.package_identification:_identify(src/cpp_pubsub) by extension 'colcon_meta'
[0.546s] Level 1:colcon.colcon_core.package_identification:_identify(src/cpp_pubsub) by extensions ['ros']
[0.546s] Level 1:colcon.colcon_core.package_identification:_identify(src/cpp_pubsub) by extension 'ros'
[0.553s] DEBUG:colcon.colcon_core.package_identification:Package 'src/cpp_pubsub' with type 'ros.ament_cmake' and name 'cpp_pubsub'
[0.553s] Level 1:colcon.colcon_core.package_identification:_identify(src/cpp_srvcli) by extensions ['ignore', 'ignore_ament_install']
[0.553s] Level 1:colcon.colcon_core.package_identification:_identify(src/cpp_srvcli) by extension 'ignore'
[0.553s] Level 1:colcon.colcon_core.package_identification:_identify(src/cpp_srvcli) by extension 'ignore_ament_install'
[0.554s] Level 1:colcon.colcon_core.package_identification:_identify(src/cpp_srvcli) by extensions ['colcon_pkg']
[0.554s] Level 1:colcon.colcon_core.package_identification:_identify(src/cpp_srvcli) by extension 'colcon_pkg'
[0.554s] Level 1:colcon.colcon_core.package_identification:_identify(src/cpp_srvcli) by extensions ['colcon_meta']
[0.554s] Level 1:colcon.colcon_core.package_identification:_identify(src/cpp_srvcli) by extension 'colcon_meta'
[0.554s] Level 1:colcon.colcon_core.package_identification:_identify(src/cpp_srvcli) by extensions ['ros']
[0.554s] Level 1:colcon.colcon_core.package_identification:_identify(src/cpp_srvcli) by extension 'ros'
[0.555s] DEBUG:colcon.colcon_core.package_identification:Package 'src/cpp_srvcli' with type 'ros.ament_cmake' and name 'cpp_srvcli'
[0.555s] Level 1:colcon.colcon_core.package_identification:_identify(src/firstpkg) by extensions ['ignore', 'ignore_ament_install']
[0.555s] Level 1:colcon.colcon_core.package_identification:_identify(src/firstpkg) by extension 'ignore'
[0.556s] Level 1:colcon.colcon_core.package_identification:_identify(src/firstpkg) by extension 'ignore_ament_install'
[0.556s] Level 1:colcon.colcon_core.package_identification:_identify(src/firstpkg) by extensions ['colcon_pkg']
[0.556s] Level 1:colcon.colcon_core.package_identification:_identify(src/firstpkg) by extension 'colcon_pkg'
[0.556s] Level 1:colcon.colcon_core.package_identification:_identify(src/firstpkg) by extensions ['colcon_meta']
[0.556s] Level 1:colcon.colcon_core.package_identification:_identify(src/firstpkg) by extension 'colcon_meta'
[0.556s] Level 1:colcon.colcon_core.package_identification:_identify(src/firstpkg) by extensions ['ros']
[0.556s] Level 1:colcon.colcon_core.package_identification:_identify(src/firstpkg) by extension 'ros'
[0.557s] DEBUG:colcon.colcon_core.package_identification:Package 'src/firstpkg' with type 'ros.ament_cmake' and name 'firstpkg'
[0.557s] Level 1:colcon.colcon_core.package_identification:_identify(src/install) by extensions ['ignore', 'ignore_ament_install']
[0.557s] Level 1:colcon.colcon_core.package_identification:_identify(src/install) by extension 'ignore'
[0.557s] Level 1:colcon.colcon_core.package_identification:_identify(src/install) ignored
[0.557s] Level 1:colcon.colcon_core.package_identification:_identify(src/log) by extensions ['ignore', 'ignore_ament_install']
[0.557s] Level 1:colcon.colcon_core.package_identification:_identify(src/log) by extension 'ignore'
[0.558s] Level 1:colcon.colcon_core.package_identification:_identify(src/log) ignored
[0.558s] Level 1:colcon.colcon_core.package_identification:_identify(src/tutorial_interfaces) by extensions ['ignore', 'ignore_ament_install']
[0.558s] Level 1:colcon.colcon_core.package_identification:_identify(src/tutorial_interfaces) by extension 'ignore'
[0.558s] Level 1:colcon.colcon_core.package_identification:_identify(src/tutorial_interfaces) by extension 'ignore_ament_install'
[0.558s] Level 1:colcon.colcon_core.package_identification:_identify(src/tutorial_interfaces) by extensions ['colcon_pkg']
[0.558s] Level 1:colcon.colcon_core.package_identification:_identify(src/tutorial_interfaces) by extension 'colcon_pkg'
[0.558s] Level 1:colcon.colcon_core.package_identification:_identify(src/tutorial_interfaces) by extensions ['colcon_meta']
[0.558s] Level 1:colcon.colcon_core.package_identification:_identify(src/tutorial_interfaces) by extension 'colcon_meta'
[0.558s] Level 1:colcon.colcon_core.package_identification:_identify(src/tutorial_interfaces) by extensions ['ros']
[0.558s] Level 1:colcon.colcon_core.package_identification:_identify(src/tutorial_interfaces) by extension 'ros'
[0.559s] DEBUG:colcon.colcon_core.package_identification:Package 'src/tutorial_interfaces' with type 'ros.ament_cmake' and name 'tutorial_interfaces'
[0.559s] Level 1:colcon.colcon_core.package_discovery:discover_packages(recursive) using defaults
[0.560s] Level 1:colcon.colcon_core.package_discovery:discover_packages(ignore) discover
[0.560s] Level 1:colcon.colcon_core.package_discovery:discover_packages(ignore) using defaults
[0.560s] Level 1:colcon.colcon_core.package_discovery:discover_packages(path) discover
[0.560s] Level 1:colcon.colcon_core.package_discovery:discover_packages(path) using defaults
[0.621s] Level 1:colcon.colcon_core.package_discovery:discover_packages(prefix_path) check parameters
[0.621s] Level 1:colcon.colcon_core.package_discovery:discover_packages(prefix_path) discover
[0.626s] DEBUG:colcon.colcon_installed_package_information.package_discovery:Found 323 installed packages in /opt/ros/humble
[0.629s] Level 1:colcon.colcon_core.package_discovery:discover_packages(prefix_path) using defaults
[0.705s] Level 5:colcon.colcon_core.verb:set package 'cpp_pubsub' build argument 'cmake_args' from command line to 'None'
[0.706s] Level 5:colcon.colcon_core.verb:set package 'cpp_pubsub' build argument 'cmake_target' from command line to 'None'
[0.706s] Level 5:colcon.colcon_core.verb:set package 'cpp_pubsub' build argument 'cmake_target_skip_unavailable' from command line to 'False'
[0.706s] Level 5:colcon.colcon_core.verb:set package 'cpp_pubsub' build argument 'cmake_clean_cache' from command line to 'False'
[0.706s] Level 5:colcon.colcon_core.verb:set package 'cpp_pubsub' build argument 'cmake_clean_first' from command line to 'False'
[0.706s] Level 5:colcon.colcon_core.verb:set package 'cpp_pubsub' build argument 'cmake_force_configure' from command line to 'False'
[0.706s] Level 5:colcon.colcon_core.verb:set package 'cpp_pubsub' build argument 'ament_cmake_args' from command line to 'None'
[0.706s] Level 5:colcon.colcon_core.verb:set package 'cpp_pubsub' build argument 'catkin_cmake_args' from command line to 'None'
[0.706s] Level 5:colcon.colcon_core.verb:set package 'cpp_pubsub' build argument 'catkin_skip_building_tests' from command line to 'False'
[0.706s] DEBUG:colcon.colcon_core.verb:Building package 'cpp_pubsub' with the following arguments: {'ament_cmake_args': None, 'build_base': '/home/ph/ros2_firstw/build/cpp_pubsub', 'catkin_cmake_args': None, 'catkin_skip_building_tests': False, 'cmake_args': None, 'cmake_clean_cache': False, 'cmake_clean_first': False, 'cmake_force_configure': False, 'cmake_target': None, 'cmake_target_skip_unavailable': False, 'install_base': '/home/ph/ros2_firstw/install/cpp_pubsub', 'merge_install': False, 'path': '/home/ph/ros2_firstw/src/cpp_pubsub', 'symlink_install': False, 'test_result_base': None}
[0.707s] Level 5:colcon.colcon_core.verb:set package 'cpp_srvcli' build argument 'cmake_args' from command line to 'None'
[0.707s] Level 5:colcon.colcon_core.verb:set package 'cpp_srvcli' build argument 'cmake_target' from command line to 'None'
[0.707s] Level 5:colcon.colcon_core.verb:set package 'cpp_srvcli' build argument 'cmake_target_skip_unavailable' from command line to 'False'
[0.707s] Level 5:colcon.colcon_core.verb:set package 'cpp_srvcli' build argument 'cmake_clean_cache' from command line to 'False'
[0.707s] Level 5:colcon.colcon_core.verb:set package 'cpp_srvcli' build argument 'cmake_clean_first' from command line to 'False'
[0.707s] Level 5:colcon.colcon_core.verb:set package 'cpp_srvcli' build argument 'cmake_force_configure' from command line to 'False'
[0.707s] Level 5:colcon.colcon_core.verb:set package 'cpp_srvcli' build argument 'ament_cmake_args' from command line to 'None'
[0.707s] Level 5:colcon.colcon_core.verb:set package 'cpp_srvcli' build argument 'catkin_cmake_args' from command line to 'None'
[0.707s] Level 5:colcon.colcon_core.verb:set package 'cpp_srvcli' build argument 'catkin_skip_building_tests' from command line to 'False'
[0.707s] DEBUG:colcon.colcon_core.verb:Building package 'cpp_srvcli' with the following arguments: {'ament_cmake_args': None, 'build_base': '/home/ph/ros2_firstw/build/cpp_srvcli', 'catkin_cmake_args': None, 'catkin_skip_building_tests': False, 'cmake_args': None, 'cmake_clean_cache': False, 'cmake_clean_first': False, 'cmake_force_configure': False, 'cmake_target': None, 'cmake_target_skip_unavailable': False, 'install_base': '/home/ph/ros2_firstw/install/cpp_srvcli', 'merge_install': False, 'path': '/home/ph/ros2_firstw/src/cpp_srvcli', 'symlink_install': False, 'test_result_base': None}
[0.708s] Level 5:colcon.colcon_core.verb:set package 'firstpkg' build argument 'cmake_args' from command line to 'None'
[0.708s] Level 5:colcon.colcon_core.verb:set package 'firstpkg' build argument 'cmake_target' from command line to 'None'
[0.708s] Level 5:colcon.colcon_core.verb:set package 'firstpkg' build argument 'cmake_target_skip_unavailable' from command line to 'False'
[0.708s] Level 5:colcon.colcon_core.verb:set package 'firstpkg' build argument 'cmake_clean_cache' from command line to 'False'
[0.708s] Level 5:colcon.colcon_core.verb:set package 'firstpkg' build argument 'cmake_clean_first' from command line to 'False'
[0.708s] Level 5:colcon.colcon_core.verb:set package 'firstpkg' build argument 'cmake_force_configure' from command line to 'False'
[0.708s] Level 5:colcon.colcon_core.verb:set package 'firstpkg' build argument 'ament_cmake_args' from command line to 'None'
[0.708s] Level 5:colcon.colcon_core.verb:set package 'firstpkg' build argument 'catkin_cmake_args' from command line to 'None'
[0.708s] Level 5:colcon.colcon_core.verb:set package 'firstpkg' build argument 'catkin_skip_building_tests' from command line to 'False'
[0.708s] DEBUG:colcon.colcon_core.verb:Building package 'firstpkg' with the following arguments: {'ament_cmake_args': None, 'build_base': '/home/ph/ros2_firstw/build/firstpkg', 'catkin_cmake_args': None, 'catkin_skip_building_tests': False, 'cmake_args': None, 'cmake_clean_cache': False, 'cmake_clean_first': False, 'cmake_force_configure': False, 'cmake_target': None, 'cmake_target_skip_unavailable': False, 'install_base': '/home/ph/ros2_firstw/install/firstpkg', 'merge_install': False, 'path': '/home/ph/ros2_firstw/src/firstpkg', 'symlink_install': False, 'test_result_base': None}
[0.708s] Level 5:colcon.colcon_core.verb:set package 'tutorial_interfaces' build argument 'cmake_args' from command line to 'None'
[0.709s] Level 5:colcon.colcon_core.verb:set package 'tutorial_interfaces' build argument 'cmake_target' from command line to 'None'
[0.709s] Level 5:colcon.colcon_core.verb:set package 'tutorial_interfaces' build argument 'cmake_target_skip_unavailable' from command line to 'False'
[0.709s] Level 5:colcon.colcon_core.verb:set package 'tutorial_interfaces' build argument 'cmake_clean_cache' from command line to 'False'
[0.709s] Level 5:colcon.colcon_core.verb:set package 'tutorial_interfaces' build argument 'cmake_clean_first' from command line to 'False'
[0.709s] Level 5:colcon.colcon_core.verb:set package 'tutorial_interfaces' build argument 'cmake_force_configure' from command line to 'False'
[0.709s] Level 5:colcon.colcon_core.verb:set package 'tutorial_interfaces' build argument 'ament_cmake_args' from command line to 'None'
[0.709s] Level 5:colcon.colcon_core.verb:set package 'tutorial_interfaces' build argument 'catkin_cmake_args' from command line to 'None'
[0.709s] Level 5:colcon.colcon_core.verb:set package 'tutorial_interfaces' build argument 'catkin_skip_building_tests' from command line to 'False'
[0.709s] DEBUG:colcon.colcon_core.verb:Building package 'tutorial_interfaces' with the following arguments: {'ament_cmake_args': None, 'build_base': '/home/ph/ros2_firstw/build/tutorial_interfaces', 'catkin_cmake_args': None, 'catkin_skip_building_tests': False, 'cmake_args': None, 'cmake_clean_cache': False, 'cmake_clean_first': False, 'cmake_force_configure': False, 'cmake_target': None, 'cmake_target_skip_unavailable': False, 'install_base': '/home/ph/ros2_firstw/install/tutorial_interfaces', 'merge_install': False, 'path': '/home/ph/ros2_firstw/src/tutorial_interfaces', 'symlink_install': False, 'test_result_base': None}
[0.709s] INFO:colcon.colcon_core.executor:Executing jobs using 'parallel' executor
[0.711s] DEBUG:colcon.colcon_parallel_executor.executor.parallel:run_until_complete
[0.711s] INFO:colcon.colcon_ros.task.ament_cmake.build:Building ROS package in '/home/ph/ros2_firstw/src/cpp_pubsub' with build type 'ament_cmake'
[0.712s] INFO:colcon.colcon_cmake.task.cmake.build:Building CMake package in '/home/ph/ros2_firstw/src/cpp_pubsub'
[0.715s] INFO:colcon.colcon_core.plugin_system:Skipping extension 'colcon_core.shell.bat': Not used on non-Windows systems
[0.716s] INFO:colcon.colcon_core.shell:Skip shell extension 'powershell' for command environment: Not usable outside of PowerShell
[0.716s] DEBUG:colcon.colcon_core.shell:Skip shell extension 'dsv' for command environment
[0.722s] INFO:colcon.colcon_ros.task.ament_cmake.build:Building ROS package in '/home/ph/ros2_firstw/src/cpp_srvcli' with build type 'ament_cmake'
[0.722s] INFO:colcon.colcon_cmake.task.cmake.build:Building CMake package in '/home/ph/ros2_firstw/src/cpp_srvcli'
[0.723s] INFO:colcon.colcon_core.shell:Skip shell extension 'powershell' for command environment: Not usable outside of PowerShell
[0.723s] DEBUG:colcon.colcon_core.shell:Skip shell extension 'dsv' for command environment
[0.728s] INFO:colcon.colcon_ros.task.ament_cmake.build:Building ROS package in '/home/ph/ros2_firstw/src/firstpkg' with build type 'ament_cmake'
[0.729s] INFO:colcon.colcon_cmake.task.cmake.build:Building CMake package in '/home/ph/ros2_firstw/src/firstpkg'
[0.729s] INFO:colcon.colcon_core.shell:Skip shell extension 'powershell' for command environment: Not usable outside of PowerShell
[0.729s] DEBUG:colcon.colcon_core.shell:Skip shell extension 'dsv' for command environment
[0.735s] INFO:colcon.colcon_ros.task.ament_cmake.build:Building ROS package in '/home/ph/ros2_firstw/src/tutorial_interfaces' with build type 'ament_cmake'
[0.735s] INFO:colcon.colcon_cmake.task.cmake.build:Building CMake package in '/home/ph/ros2_firstw/src/tutorial_interfaces'
[0.736s] INFO:colcon.colcon_core.shell:Skip shell extension 'powershell' for command environment: Not usable outside of PowerShell
[0.736s] DEBUG:colcon.colcon_core.shell:Skip shell extension 'dsv' for command environment
[0.753s] DEBUG:colcon.colcon_core.event_handler.log_command:Invoking command in '/home/ph/ros2_firstw/build/cpp_pubsub': CMAKE_PREFIX_PATH=/opt/ros/humble /usr/bin/cmake --build /home/ph/ros2_firstw/build/cpp_pubsub -- -j8 -l8
[0.758s] DEBUG:colcon.colcon_core.event_handler.log_command:Invoking command in '/home/ph/ros2_firstw/build/cpp_srvcli': CMAKE_PREFIX_PATH=/opt/ros/humble /usr/bin/cmake --build /home/ph/ros2_firstw/build/cpp_srvcli -- -j8 -l8
[0.768s] DEBUG:colcon.colcon_core.event_handler.log_command:Invoking command in '/home/ph/ros2_firstw/build/firstpkg': CMAKE_PREFIX_PATH=/opt/ros/humble /usr/bin/cmake --build /home/ph/ros2_firstw/build/firstpkg -- -j8 -l8
[0.776s] DEBUG:colcon.colcon_core.event_handler.log_command:Invoking command in '/home/ph/ros2_firstw/build/tutorial_interfaces': CMAKE_PREFIX_PATH=/opt/ros/humble /usr/bin/cmake /home/ph/ros2_firstw/src/tutorial_interfaces -DCMAKE_INSTALL_PREFIX=/home/ph/ros2_firstw/install/tutorial_interfaces
[0.907s] DEBUG:colcon.colcon_core.event_handler.log_command:Invoked command in '/home/ph/ros2_firstw/build/firstpkg' returned '0': CMAKE_PREFIX_PATH=/opt/ros/humble /usr/bin/cmake --build /home/ph/ros2_firstw/build/firstpkg -- -j8 -l8
[0.930s] DEBUG:colcon.colcon_core.event_handler.log_command:Invoking command in '/home/ph/ros2_firstw/build/firstpkg': CMAKE_PREFIX_PATH=/opt/ros/humble /usr/bin/cmake --install /home/ph/ros2_firstw/build/firstpkg
[0.934s] DEBUG:colcon.colcon_core.event_handler.log_command:Invoked command in '/home/ph/ros2_firstw/build/cpp_srvcli' returned '0': CMAKE_PREFIX_PATH=/opt/ros/humble /usr/bin/cmake --build /home/ph/ros2_firstw/build/cpp_srvcli -- -j8 -l8
[0.938s] DEBUG:colcon.colcon_core.event_handler.log_command:Invoking command in '/home/ph/ros2_firstw/build/cpp_srvcli': CMAKE_PREFIX_PATH=/opt/ros/humble /usr/bin/cmake --install /home/ph/ros2_firstw/build/cpp_srvcli
[0.941s] DEBUG:colcon.colcon_core.event_handler.log_command:Invoked command in '/home/ph/ros2_firstw/build/cpp_pubsub' returned '0': CMAKE_PREFIX_PATH=/opt/ros/humble /usr/bin/cmake --build /home/ph/ros2_firstw/build/cpp_pubsub -- -j8 -l8
[0.944s] DEBUG:colcon.colcon_core.event_handler.log_command:Invoking command in '/home/ph/ros2_firstw/build/cpp_pubsub': CMAKE_PREFIX_PATH=/opt/ros/humble /usr/bin/cmake --install /home/ph/ros2_firstw/build/cpp_pubsub
[0.954s] Level 1:colcon.colcon_core.environment:create_environment_scripts_only(firstpkg)
[0.956s] DEBUG:colcon.colcon_core.event_handler.log_command:Invoked command in '/home/ph/ros2_firstw/build/firstpkg' returned '0': CMAKE_PREFIX_PATH=/opt/ros/humble /usr/bin/cmake --install /home/ph/ros2_firstw/build/firstpkg
[0.966s] Level 1:colcon.colcon_core.environment:checking '/home/ph/ros2_firstw/install/firstpkg' for CMake module files
[0.968s] Level 1:colcon.colcon_core.environment:checking '/home/ph/ros2_firstw/install/firstpkg' for CMake config files
[0.969s] Level 1:colcon.colcon_core.shell:create_environment_hook('firstpkg', 'cmake_prefix_path')
[0.969s] INFO:colcon.colcon_core.shell:Creating environment hook '/home/ph/ros2_firstw/install/firstpkg/share/firstpkg/hook/cmake_prefix_path.ps1'
[0.971s] INFO:colcon.colcon_core.shell:Creating environment descriptor '/home/ph/ros2_firstw/install/firstpkg/share/firstpkg/hook/cmake_prefix_path.dsv'
[0.972s] INFO:colcon.colcon_core.shell:Creating environment hook '/home/ph/ros2_firstw/install/firstpkg/share/firstpkg/hook/cmake_prefix_path.sh'
[0.974s] Level 1:colcon.colcon_core.environment:checking '/home/ph/ros2_firstw/install/firstpkg/lib'
[0.975s] Level 1:colcon.colcon_core.environment:checking '/home/ph/ros2_firstw/install/firstpkg/bin'
[0.975s] Level 1:colcon.colcon_core.environment:checking '/home/ph/ros2_firstw/install/firstpkg/lib/pkgconfig/firstpkg.pc'
[0.976s] Level 1:colcon.colcon_core.environment:checking '/home/ph/ros2_firstw/install/firstpkg/lib/python3.10/site-packages'
[0.977s] Level 1:colcon.colcon_core.environment:checking '/home/ph/ros2_firstw/install/firstpkg/bin'
[0.977s] INFO:colcon.colcon_core.shell:Creating package script '/home/ph/ros2_firstw/install/firstpkg/share/firstpkg/package.ps1'
[0.980s] INFO:colcon.colcon_core.shell:Creating package descriptor '/home/ph/ros2_firstw/install/firstpkg/share/firstpkg/package.dsv'
[0.983s] INFO:colcon.colcon_core.shell:Creating package script '/home/ph/ros2_firstw/install/firstpkg/share/firstpkg/package.sh'
[0.986s] INFO:colcon.colcon_core.shell:Creating package script '/home/ph/ros2_firstw/install/firstpkg/share/firstpkg/package.bash'
[0.988s] INFO:colcon.colcon_core.shell:Creating package script '/home/ph/ros2_firstw/install/firstpkg/share/firstpkg/package.zsh'
[0.989s] Level 1:colcon.colcon_core.environment:create_file_with_runtime_dependencies(/home/ph/ros2_firstw/install/firstpkg/share/colcon-core/packages/firstpkg)
[0.991s] Level 1:colcon.colcon_core.environment:create_environment_scripts_only(firstpkg)
[0.991s] Level 1:colcon.colcon_core.environment:checking '/home/ph/ros2_firstw/install/firstpkg' for CMake module files
[0.992s] Level 1:colcon.colcon_core.environment:checking '/home/ph/ros2_firstw/install/firstpkg' for CMake config files
[0.992s] Level 1:colcon.colcon_core.shell:create_environment_hook('firstpkg', 'cmake_prefix_path')
[0.993s] INFO:colcon.colcon_core.shell:Creating environment hook '/home/ph/ros2_firstw/install/firstpkg/share/firstpkg/hook/cmake_prefix_path.ps1'
[0.994s] INFO:colcon.colcon_core.shell:Creating environment descriptor '/home/ph/ros2_firstw/install/firstpkg/share/firstpkg/hook/cmake_prefix_path.dsv'
[0.995s] INFO:colcon.colcon_core.shell:Creating environment hook '/home/ph/ros2_firstw/install/firstpkg/share/firstpkg/hook/cmake_prefix_path.sh'
[0.997s] Level 1:colcon.colcon_core.environment:checking '/home/ph/ros2_firstw/install/firstpkg/lib'
[0.997s] Level 1:colcon.colcon_core.environment:checking '/home/ph/ros2_firstw/install/firstpkg/bin'
[0.997s] Level 1:colcon.colcon_core.environment:checking '/home/ph/ros2_firstw/install/firstpkg/lib/pkgconfig/firstpkg.pc'
[0.998s] Level 1:colcon.colcon_core.environment:checking '/home/ph/ros2_firstw/install/firstpkg/lib/python3.10/site-packages'
[0.999s] Level 1:colcon.colcon_core.environment:checking '/home/ph/ros2_firstw/install/firstpkg/bin'
[1.000s] INFO:colcon.colcon_core.shell:Creating package script '/home/ph/ros2_firstw/install/firstpkg/share/firstpkg/package.ps1'
[1.002s] INFO:colcon.colcon_core.shell:Creating package descriptor '/home/ph/ros2_firstw/install/firstpkg/share/firstpkg/package.dsv'
[1.004s] INFO:colcon.colcon_core.shell:Creating package script '/home/ph/ros2_firstw/install/firstpkg/share/firstpkg/package.sh'
[1.005s] INFO:colcon.colcon_core.shell:Creating package script '/home/ph/ros2_firstw/install/firstpkg/share/firstpkg/package.bash'
[1.006s] INFO:colcon.colcon_core.shell:Creating package script '/home/ph/ros2_firstw/install/firstpkg/share/firstpkg/package.zsh'
[1.007s] Level 1:colcon.colcon_core.environment:create_file_with_runtime_dependencies(/home/ph/ros2_firstw/install/firstpkg/share/colcon-core/packages/firstpkg)
[1.010s] Level 1:colcon.colcon_core.environment:create_environment_scripts_only(cpp_pubsub)
[1.011s] Level 1:colcon.colcon_core.environment:checking '/home/ph/ros2_firstw/install/cpp_pubsub' for CMake module files
[1.012s] DEBUG:colcon.colcon_core.event_handler.log_command:Invoked command in '/home/ph/ros2_firstw/build/cpp_pubsub' returned '0': CMAKE_PREFIX_PATH=/opt/ros/humble /usr/bin/cmake --install /home/ph/ros2_firstw/build/cpp_pubsub
[1.013s] Level 1:colcon.colcon_core.environment:checking '/home/ph/ros2_firstw/install/cpp_pubsub' for CMake config files
[1.013s] Level 1:colcon.colcon_core.shell:create_environment_hook('cpp_pubsub', 'cmake_prefix_path')
[1.013s] INFO:colcon.colcon_core.shell:Creating environment hook '/home/ph/ros2_firstw/install/cpp_pubsub/share/cpp_pubsub/hook/cmake_prefix_path.ps1'
[1.014s] INFO:colcon.colcon_core.shell:Creating environment descriptor '/home/ph/ros2_firstw/install/cpp_pubsub/share/cpp_pubsub/hook/cmake_prefix_path.dsv'
[1.015s] INFO:colcon.colcon_core.shell:Creating environment hook '/home/ph/ros2_firstw/install/cpp_pubsub/share/cpp_pubsub/hook/cmake_prefix_path.sh'
[1.016s] Level 1:colcon.colcon_core.environment:checking '/home/ph/ros2_firstw/install/cpp_pubsub/lib'
[1.016s] Level 1:colcon.colcon_core.environment:checking '/home/ph/ros2_firstw/install/cpp_pubsub/bin'
[1.017s] Level 1:colcon.colcon_core.environment:checking '/home/ph/ros2_firstw/install/cpp_pubsub/lib/pkgconfig/cpp_pubsub.pc'
[1.017s] Level 1:colcon.colcon_core.environment:checking '/home/ph/ros2_firstw/install/cpp_pubsub/lib/python3.10/site-packages'
[1.018s] Level 1:colcon.colcon_core.environment:checking '/home/ph/ros2_firstw/install/cpp_pubsub/bin'
[1.018s] INFO:colcon.colcon_core.shell:Creating package script '/home/ph/ros2_firstw/install/cpp_pubsub/share/cpp_pubsub/package.ps1'
[1.019s] INFO:colcon.colcon_core.shell:Creating package descriptor '/home/ph/ros2_firstw/install/cpp_pubsub/share/cpp_pubsub/package.dsv'
[1.020s] INFO:colcon.colcon_core.shell:Creating package script '/home/ph/ros2_firstw/install/cpp_pubsub/share/cpp_pubsub/package.sh'
[1.021s] INFO:colcon.colcon_core.shell:Creating package script '/home/ph/ros2_firstw/install/cpp_pubsub/share/cpp_pubsub/package.bash'
[1.022s] INFO:colcon.colcon_core.shell:Creating package script '/home/ph/ros2_firstw/install/cpp_pubsub/share/cpp_pubsub/package.zsh'
[1.023s] Level 1:colcon.colcon_core.environment:create_file_with_runtime_dependencies(/home/ph/ros2_firstw/install/cpp_pubsub/share/colcon-core/packages/cpp_pubsub)
[1.024s] Level 1:colcon.colcon_core.environment:create_environment_scripts_only(cpp_pubsub)
[1.025s] Level 1:colcon.colcon_core.environment:checking '/home/ph/ros2_firstw/install/cpp_pubsub' for CMake module files
[1.026s] Level 1:colcon.colcon_core.environment:checking '/home/ph/ros2_firstw/install/cpp_pubsub' for CMake config files
[1.026s] Level 1:colcon.colcon_core.shell:create_environment_hook('cpp_pubsub', 'cmake_prefix_path')
[1.027s] INFO:colcon.colcon_core.shell:Creating environment hook '/home/ph/ros2_firstw/install/cpp_pubsub/share/cpp_pubsub/hook/cmake_prefix_path.ps1'
[1.028s] INFO:colcon.colcon_core.shell:Creating environment descriptor '/home/ph/ros2_firstw/install/cpp_pubsub/share/cpp_pubsub/hook/cmake_prefix_path.dsv'
[1.029s] INFO:colcon.colcon_core.shell:Creating environment hook '/home/ph/ros2_firstw/install/cpp_pubsub/share/cpp_pubsub/hook/cmake_prefix_path.sh'
[1.031s] Level 1:colcon.colcon_core.environment:checking '/home/ph/ros2_firstw/install/cpp_pubsub/lib'
[1.031s] Level 1:colcon.colcon_core.environment:checking '/home/ph/ros2_firstw/install/cpp_pubsub/bin'
[1.031s] Level 1:colcon.colcon_core.environment:checking '/home/ph/ros2_firstw/install/cpp_pubsub/lib/pkgconfig/cpp_pubsub.pc'
[1.031s] Level 1:colcon.colcon_core.environment:checking '/home/ph/ros2_firstw/install/cpp_pubsub/lib/python3.10/site-packages'
[1.032s] Level 1:colcon.colcon_core.environment:checking '/home/ph/ros2_firstw/install/cpp_pubsub/bin'
[1.033s] INFO:colcon.colcon_core.shell:Creating package script '/home/ph/ros2_firstw/install/cpp_pubsub/share/cpp_pubsub/package.ps1'
[1.034s] INFO:colcon.colcon_core.shell:Creating package descriptor '/home/ph/ros2_firstw/install/cpp_pubsub/share/cpp_pubsub/package.dsv'
[1.036s] INFO:colcon.colcon_core.shell:Creating package script '/home/ph/ros2_firstw/install/cpp_pubsub/share/cpp_pubsub/package.sh'
[1.037s] INFO:colcon.colcon_core.shell:Creating package script '/home/ph/ros2_firstw/install/cpp_pubsub/share/cpp_pubsub/package.bash'
[1.038s] INFO:colcon.colcon_core.shell:Creating package script '/home/ph/ros2_firstw/install/cpp_pubsub/share/cpp_pubsub/package.zsh'
[1.039s] Level 1:colcon.colcon_core.environment:create_file_with_runtime_dependencies(/home/ph/ros2_firstw/install/cpp_pubsub/share/colcon-core/packages/cpp_pubsub)
[1.040s] Level 1:colcon.colcon_core.environment:create_environment_scripts_only(cpp_srvcli)
[1.040s] Level 1:colcon.colcon_core.environment:checking '/home/ph/ros2_firstw/install/cpp_srvcli' for CMake module files
[1.042s] Level 1:colcon.colcon_core.environment:checking '/home/ph/ros2_firstw/install/cpp_srvcli' for CMake config files
[1.043s] DEBUG:colcon.colcon_core.event_handler.log_command:Invoked command in '/home/ph/ros2_firstw/build/cpp_srvcli' returned '0': CMAKE_PREFIX_PATH=/opt/ros/humble /usr/bin/cmake --install /home/ph/ros2_firstw/build/cpp_srvcli
[1.043s] Level 1:colcon.colcon_core.shell:create_environment_hook('cpp_srvcli', 'cmake_prefix_path')
[1.044s] INFO:colcon.colcon_core.shell:Creating environment hook '/home/ph/ros2_firstw/install/cpp_srvcli/share/cpp_srvcli/hook/cmake_prefix_path.ps1'
[1.045s] INFO:colcon.colcon_core.shell:Creating environment descriptor '/home/ph/ros2_firstw/install/cpp_srvcli/share/cpp_srvcli/hook/cmake_prefix_path.dsv'
[1.046s] INFO:colcon.colcon_core.shell:Creating environment hook '/home/ph/ros2_firstw/install/cpp_srvcli/share/cpp_srvcli/hook/cmake_prefix_path.sh'
[1.047s] Level 1:colcon.colcon_core.environment:checking '/home/ph/ros2_firstw/install/cpp_srvcli/lib'
[1.047s] Level 1:colcon.colcon_core.environment:checking '/home/ph/ros2_firstw/install/cpp_srvcli/bin'
[1.047s] Level 1:colcon.colcon_core.environment:checking '/home/ph/ros2_firstw/install/cpp_srvcli/lib/pkgconfig/cpp_srvcli.pc'
[1.048s] Level 1:colcon.colcon_core.environment:checking '/home/ph/ros2_firstw/install/cpp_srvcli/lib/python3.10/site-packages'
[1.048s] Level 1:colcon.colcon_core.environment:checking '/home/ph/ros2_firstw/install/cpp_srvcli/bin'
[1.049s] INFO:colcon.colcon_core.shell:Creating package script '/home/ph/ros2_firstw/install/cpp_srvcli/share/cpp_srvcli/package.ps1'
[1.050s] INFO:colcon.colcon_core.shell:Creating package descriptor '/home/ph/ros2_firstw/install/cpp_srvcli/share/cpp_srvcli/package.dsv'
[1.051s] INFO:colcon.colcon_core.shell:Creating package script '/home/ph/ros2_firstw/install/cpp_srvcli/share/cpp_srvcli/package.sh'
[1.052s] INFO:colcon.colcon_core.shell:Creating package script '/home/ph/ros2_firstw/install/cpp_srvcli/share/cpp_srvcli/package.bash'
[1.053s] INFO:colcon.colcon_core.shell:Creating package script '/home/ph/ros2_firstw/install/cpp_srvcli/share/cpp_srvcli/package.zsh'
[1.054s] Level 1:colcon.colcon_core.environment:create_file_with_runtime_dependencies(/home/ph/ros2_firstw/install/cpp_srvcli/share/colcon-core/packages/cpp_srvcli)
[1.055s] Level 1:colcon.colcon_core.environment:create_environment_scripts_only(cpp_srvcli)
[1.055s] Level 1:colcon.colcon_core.environment:checking '/home/ph/ros2_firstw/install/cpp_srvcli' for CMake module files
[1.056s] Level 1:colcon.colcon_core.environment:checking '/home/ph/ros2_firstw/install/cpp_srvcli' for CMake config files
[1.056s] Level 1:colcon.colcon_core.shell:create_environment_hook('cpp_srvcli', 'cmake_prefix_path')
[1.057s] INFO:colcon.colcon_core.shell:Creating environment hook '/home/ph/ros2_firstw/install/cpp_srvcli/share/cpp_srvcli/hook/cmake_prefix_path.ps1'
[1.058s] INFO:colcon.colcon_core.shell:Creating environment descriptor '/home/ph/ros2_firstw/install/cpp_srvcli/share/cpp_srvcli/hook/cmake_prefix_path.dsv'
[1.059s] INFO:colcon.colcon_core.shell:Creating environment hook '/home/ph/ros2_firstw/install/cpp_srvcli/share/cpp_srvcli/hook/cmake_prefix_path.sh'
[1.060s] Level 1:colcon.colcon_core.environment:checking '/home/ph/ros2_firstw/install/cpp_srvcli/lib'
[1.060s] Level 1:colcon.colcon_core.environment:checking '/home/ph/ros2_firstw/install/cpp_srvcli/bin'
[1.060s] Level 1:colcon.colcon_core.environment:checking '/home/ph/ros2_firstw/install/cpp_srvcli/lib/pkgconfig/cpp_srvcli.pc'
[1.060s] Level 1:colcon.colcon_core.environment:checking '/home/ph/ros2_firstw/install/cpp_srvcli/lib/python3.10/site-packages'
[1.061s] Level 1:colcon.colcon_core.environment:checking '/home/ph/ros2_firstw/install/cpp_srvcli/bin'
[1.062s] INFO:colcon.colcon_core.shell:Creating package script '/home/ph/ros2_firstw/install/cpp_srvcli/share/cpp_srvcli/package.ps1'
[1.063s] INFO:colcon.colcon_core.shell:Creating package descriptor '/home/ph/ros2_firstw/install/cpp_srvcli/share/cpp_srvcli/package.dsv'
[1.065s] INFO:colcon.colcon_core.shell:Creating package script '/home/ph/ros2_firstw/install/cpp_srvcli/share/cpp_srvcli/package.sh'
[1.066s] INFO:colcon.colcon_core.shell:Creating package script '/home/ph/ros2_firstw/install/cpp_srvcli/share/cpp_srvcli/package.bash'
[1.067s] INFO:colcon.colcon_core.shell:Creating package script '/home/ph/ros2_firstw/install/cpp_srvcli/share/cpp_srvcli/package.zsh'
[1.069s] Level 1:colcon.colcon_core.environment:create_file_with_runtime_dependencies(/home/ph/ros2_firstw/install/cpp_srvcli/share/colcon-core/packages/cpp_srvcli)
[3.495s] DEBUG:colcon.colcon_core.event_handler.log_command:Invoked command in '/home/ph/ros2_firstw/build/tutorial_interfaces' returned '0': CMAKE_PREFIX_PATH=/opt/ros/humble /usr/bin/cmake /home/ph/ros2_firstw/src/tutorial_interfaces -DCMAKE_INSTALL_PREFIX=/home/ph/ros2_firstw/install/tutorial_interfaces
[3.499s] DEBUG:colcon.colcon_core.event_handler.log_command:Invoking command in '/home/ph/ros2_firstw/build/tutorial_interfaces': CMAKE_PREFIX_PATH=/opt/ros/humble /usr/bin/cmake --build /home/ph/ros2_firstw/build/tutorial_interfaces -- -j8 -l8
[9.663s] DEBUG:colcon.colcon_core.event_handler.log_command:Invoked command in '/home/ph/ros2_firstw/build/tutorial_interfaces' returned '0': CMAKE_PREFIX_PATH=/opt/ros/humble /usr/bin/cmake --build /home/ph/ros2_firstw/build/tutorial_interfaces -- -j8 -l8
[9.666s] DEBUG:colcon.colcon_core.event_handler.log_command:Invoking command in '/home/ph/ros2_firstw/build/tutorial_interfaces': CMAKE_PREFIX_PATH=/opt/ros/humble /usr/bin/cmake --install /home/ph/ros2_firstw/build/tutorial_interfaces
[9.827s] Level 1:colcon.colcon_core.environment:create_environment_scripts_only(tutorial_interfaces)
[9.829s] Level 1:colcon.colcon_core.environment:checking '/home/ph/ros2_firstw/install/tutorial_interfaces' for CMake module files
[9.829s] DEBUG:colcon.colcon_core.event_handler.log_command:Invoked command in '/home/ph/ros2_firstw/build/tutorial_interfaces' returned '0': CMAKE_PREFIX_PATH=/opt/ros/humble /usr/bin/cmake --install /home/ph/ros2_firstw/build/tutorial_interfaces
[9.831s] Level 1:colcon.colcon_core.environment:checking '/home/ph/ros2_firstw/install/tutorial_interfaces' for CMake config files
[9.832s] Level 1:colcon.colcon_core.shell:create_environment_hook('tutorial_interfaces', 'cmake_prefix_path')
[9.833s] INFO:colcon.colcon_core.shell:Creating environment hook '/home/ph/ros2_firstw/install/tutorial_interfaces/share/tutorial_interfaces/hook/cmake_prefix_path.ps1'
[9.835s] INFO:colcon.colcon_core.shell:Creating environment descriptor '/home/ph/ros2_firstw/install/tutorial_interfaces/share/tutorial_interfaces/hook/cmake_prefix_path.dsv'
[9.835s] INFO:colcon.colcon_core.shell:Creating environment hook '/home/ph/ros2_firstw/install/tutorial_interfaces/share/tutorial_interfaces/hook/cmake_prefix_path.sh'
[9.837s] Level 1:colcon.colcon_core.environment:checking '/home/ph/ros2_firstw/install/tutorial_interfaces/lib'
[9.837s] Level 1:colcon.colcon_core.shell:create_environment_hook('tutorial_interfaces', 'ld_library_path_lib')
[9.838s] INFO:colcon.colcon_core.shell:Creating environment hook '/home/ph/ros2_firstw/install/tutorial_interfaces/share/tutorial_interfaces/hook/ld_library_path_lib.ps1'
[9.839s] INFO:colcon.colcon_core.shell:Creating environment descriptor '/home/ph/ros2_firstw/install/tutorial_interfaces/share/tutorial_interfaces/hook/ld_library_path_lib.dsv'
[9.840s] INFO:colcon.colcon_core.shell:Creating environment hook '/home/ph/ros2_firstw/install/tutorial_interfaces/share/tutorial_interfaces/hook/ld_library_path_lib.sh'
[9.841s] Level 1:colcon.colcon_core.environment:checking '/home/ph/ros2_firstw/install/tutorial_interfaces/bin'
[9.841s] Level 1:colcon.colcon_core.environment:checking '/home/ph/ros2_firstw/install/tutorial_interfaces/lib/pkgconfig/tutorial_interfaces.pc'
[9.842s] Level 1:colcon.colcon_core.environment:checking '/home/ph/ros2_firstw/install/tutorial_interfaces/lib/python3.10/site-packages'
[9.843s] Level 1:colcon.colcon_core.environment:checking '/home/ph/ros2_firstw/install/tutorial_interfaces/bin'
[9.844s] INFO:colcon.colcon_core.shell:Creating package script '/home/ph/ros2_firstw/install/tutorial_interfaces/share/tutorial_interfaces/package.ps1'
[9.845s] INFO:colcon.colcon_core.shell:Creating package descriptor '/home/ph/ros2_firstw/install/tutorial_interfaces/share/tutorial_interfaces/package.dsv'
[9.847s] INFO:colcon.colcon_core.shell:Creating package script '/home/ph/ros2_firstw/install/tutorial_interfaces/share/tutorial_interfaces/package.sh'
[9.848s] INFO:colcon.colcon_core.shell:Creating package script '/home/ph/ros2_firstw/install/tutorial_interfaces/share/tutorial_interfaces/package.bash'
[9.849s] INFO:colcon.colcon_core.shell:Creating package script '/home/ph/ros2_firstw/install/tutorial_interfaces/share/tutorial_interfaces/package.zsh'
[9.851s] Level 1:colcon.colcon_core.environment:create_file_with_runtime_dependencies(/home/ph/ros2_firstw/install/tutorial_interfaces/share/colcon-core/packages/tutorial_interfaces)
[9.853s] Level 1:colcon.colcon_core.environment:create_environment_scripts_only(tutorial_interfaces)
[9.853s] Level 1:colcon.colcon_core.environment:checking '/home/ph/ros2_firstw/install/tutorial_interfaces' for CMake module files
[9.855s] Level 1:colcon.colcon_core.environment:checking '/home/ph/ros2_firstw/install/tutorial_interfaces' for CMake config files
[9.856s] Level 1:colcon.colcon_core.shell:create_environment_hook('tutorial_interfaces', 'cmake_prefix_path')
[9.856s] INFO:colcon.colcon_core.shell:Creating environment hook '/home/ph/ros2_firstw/install/tutorial_interfaces/share/tutorial_interfaces/hook/cmake_prefix_path.ps1'
[9.857s] INFO:colcon.colcon_core.shell:Creating environment descriptor '/home/ph/ros2_firstw/install/tutorial_interfaces/share/tutorial_interfaces/hook/cmake_prefix_path.dsv'
[9.858s] INFO:colcon.colcon_core.shell:Creating environment hook '/home/ph/ros2_firstw/install/tutorial_interfaces/share/tutorial_interfaces/hook/cmake_prefix_path.sh'
[9.860s] Level 1:colcon.colcon_core.environment:checking '/home/ph/ros2_firstw/install/tutorial_interfaces/lib'
[9.860s] Level 1:colcon.colcon_core.shell:create_environment_hook('tutorial_interfaces', 'ld_library_path_lib')
[9.861s] INFO:colcon.colcon_core.shell:Creating environment hook '/home/ph/ros2_firstw/install/tutorial_interfaces/share/tutorial_interfaces/hook/ld_library_path_lib.ps1'
[9.862s] INFO:colcon.colcon_core.shell:Creating environment descriptor '/home/ph/ros2_firstw/install/tutorial_interfaces/share/tutorial_interfaces/hook/ld_library_path_lib.dsv'
[9.863s] INFO:colcon.colcon_core.shell:Creating environment hook '/home/ph/ros2_firstw/install/tutorial_interfaces/share/tutorial_interfaces/hook/ld_library_path_lib.sh'
[9.864s] Level 1:colcon.colcon_core.environment:checking '/home/ph/ros2_firstw/install/tutorial_interfaces/bin'
[9.864s] Level 1:colcon.colcon_core.environment:checking '/home/ph/ros2_firstw/install/tutorial_interfaces/lib/pkgconfig/tutorial_interfaces.pc'
[9.865s] Level 1:colcon.colcon_core.environment:checking '/home/ph/ros2_firstw/install/tutorial_interfaces/lib/python3.10/site-packages'
[9.866s] Level 1:colcon.colcon_core.environment:checking '/home/ph/ros2_firstw/install/tutorial_interfaces/bin'
[9.867s] INFO:colcon.colcon_core.shell:Creating package script '/home/ph/ros2_firstw/install/tutorial_interfaces/share/tutorial_interfaces/package.ps1'
[9.869s] INFO:colcon.colcon_core.shell:Creating package descriptor '/home/ph/ros2_firstw/install/tutorial_interfaces/share/tutorial_interfaces/package.dsv'
[9.870s] INFO:colcon.colcon_core.shell:Creating package script '/home/ph/ros2_firstw/install/tutorial_interfaces/share/tutorial_interfaces/package.sh'
[9.871s] INFO:colcon.colcon_core.shell:Creating package script '/home/ph/ros2_firstw/install/tutorial_interfaces/share/tutorial_interfaces/package.bash'
[9.873s] INFO:colcon.colcon_core.shell:Creating package script '/home/ph/ros2_firstw/install/tutorial_interfaces/share/tutorial_interfaces/package.zsh'
[9.874s] Level 1:colcon.colcon_core.environment:create_file_with_runtime_dependencies(/home/ph/ros2_firstw/install/tutorial_interfaces/share/colcon-core/packages/tutorial_interfaces)
[9.874s] DEBUG:colcon.colcon_parallel_executor.executor.parallel:closing loop
[9.875s] DEBUG:colcon.colcon_parallel_executor.executor.parallel:loop closed
[9.875s] DEBUG:colcon.colcon_parallel_executor.executor.parallel:run_until_complete finished with '0'
[9.875s] DEBUG:colcon.colcon_core.event_reactor:joining thread
[9.887s] INFO:colcon.colcon_core.plugin_system:Skipping extension 'colcon_notification.desktop_notification.terminal_notifier': Not used on non-Darwin systems
[9.887s] INFO:colcon.colcon_core.plugin_system:Skipping extension 'colcon_notification.desktop_notification.win32': Not used on non-Windows systems
[9.887s] INFO:colcon.colcon_notification.desktop_notification:Sending desktop notification using 'notify2'
[9.922s] DEBUG:colcon.colcon_core.event_reactor:joined thread
[9.923s] INFO:colcon.colcon_core.shell:Creating prefix script '/home/ph/ros2_firstw/install/local_setup.ps1'
[9.926s] INFO:colcon.colcon_core.shell:Creating prefix util module '/home/ph/ros2_firstw/install/_local_setup_util_ps1.py'
[9.931s] INFO:colcon.colcon_core.shell:Creating prefix chain script '/home/ph/ros2_firstw/install/setup.ps1'
[9.934s] INFO:colcon.colcon_core.shell:Creating prefix script '/home/ph/ros2_firstw/install/local_setup.sh'
[9.936s] INFO:colcon.colcon_core.shell:Creating prefix util module '/home/ph/ros2_firstw/install/_local_setup_util_sh.py'
[9.938s] INFO:colcon.colcon_core.shell:Creating prefix chain script '/home/ph/ros2_firstw/install/setup.sh'
[9.940s] INFO:colcon.colcon_core.shell:Creating prefix script '/home/ph/ros2_firstw/install/local_setup.bash'
[9.942s] INFO:colcon.colcon_core.shell:Creating prefix chain script '/home/ph/ros2_firstw/install/setup.bash'
[9.944s] INFO:colcon.colcon_core.shell:Creating prefix script '/home/ph/ros2_firstw/install/local_setup.zsh'
[9.946s] INFO:colcon.colcon_core.shell:Creating prefix chain script '/home/ph/ros2_firstw/install/setup.zsh'
