[0.016s] Invoking command in '/home/ph/ros2_firstw/build/cpp_parameter_event_handler': CMAKE_PREFIX_PATH=${CMAKE_PREFIX_PATH}:/opt/ros/humble /usr/bin/cmake /home/ph/ros2_firstw/src/cpp_parameter_event_handler -DCMAKE_INSTALL_PREFIX=/home/ph/ros2_firstw/install/cpp_parameter_event_handler
[0.135s] -- The C compiler identification is GNU 11.4.0
[0.243s] -- The CXX compiler identification is GNU 11.4.0
[0.263s] -- Detecting C compiler ABI info
[0.383s] -- Detecting C compiler ABI info - done
[0.404s] -- Check for working C compiler: /usr/bin/cc - skipped
[0.405s] -- Detecting C compile features
[0.406s] -- Detecting C compile features - done
[0.415s] -- Detecting CXX compiler ABI info
[0.551s] -- Detecting CXX compiler ABI info - done
[0.561s] -- Check for working CXX compiler: /usr/bin/c++ - skipped
[0.561s] -- Detecting CXX compile features
[0.562s] -- Detecting CXX compile features - done
[0.572s] -- Found ament_cmake: 1.3.12 (/opt/ros/humble/share/ament_cmake/cmake)
[0.785s] -- Found Python3: /usr/bin/python3 (found version "3.10.12") found components: Interpreter 
[0.934s] -- Found rclcpp: 16.0.15 (/opt/ros/humble/share/rclcpp/cmake)
[1.005s] -- Found rosidl_generator_c: 3.1.7 (/opt/ros/humble/share/rosidl_generator_c/cmake)
[1.015s] -- Found rosidl_adapter: 3.1.7 (/opt/ros/humble/share/rosidl_adapter/cmake)
[1.027s] -- Found rosidl_generator_cpp: 3.1.7 (/opt/ros/humble/share/rosidl_generator_cpp/cmake)
[1.047s] -- Using all available rosidl_typesupport_c: rosidl_typesupport_fastrtps_c;rosidl_typesupport_introspection_c
[1.072s] -- Using all available rosidl_typesupport_cpp: rosidl_typesupport_fastrtps_cpp;rosidl_typesupport_introspection_cpp
[1.141s] -- Found rmw_implementation_cmake: 6.1.2 (/opt/ros/humble/share/rmw_implementation_cmake/cmake)
[1.146s] -- Found rmw_fastrtps_cpp: 6.2.9 (/opt/ros/humble/share/rmw_fastrtps_cpp/cmake)
[1.374s] -- Found OpenSSL: /usr/lib/x86_64-linux-gnu/libcrypto.so (found version "3.0.2")  
[1.416s] -- Found FastRTPS: /opt/ros/humble/include  
[1.476s] -- Using RMW implementation 'rmw_fastrtps_cpp' as default
[1.492s] -- Looking for pthread.h
[1.642s] -- Looking for pthread.h - found
[1.643s] -- Performing Test CMAKE_HAVE_LIBC_PTHREAD
[1.792s] -- Performing Test CMAKE_HAVE_LIBC_PTHREAD - Success
[1.793s] -- Found Threads: TRUE  
[1.875s] -- Found ament_lint_auto: 0.12.14 (/opt/ros/humble/share/ament_lint_auto/cmake)
[2.001s] -- Added test 'cppcheck' to perform static code analysis on C / C++ code
[2.002s] -- Configured cppcheck include dirs: 
[2.002s] -- Configured cppcheck exclude dirs and/or files: 
[2.002s] -- Added test 'lint_cmake' to check CMake code style
[2.006s] -- Added test 'uncrustify' to check C / C++ code style
[2.006s] -- Configured uncrustify additional arguments: 
[2.008s] -- Added test 'xmllint' to check XML markup files
[2.010s] -- Configuring done
[2.021s] -- Generating done
[2.025s] -- Build files have been written to: /home/ph/ros2_firstw/build/cpp_parameter_event_handler
[2.038s] Invoked command in '/home/ph/ros2_firstw/build/cpp_parameter_event_handler' returned '0': CMAKE_PREFIX_PATH=${CMAKE_PREFIX_PATH}:/opt/ros/humble /usr/bin/cmake /home/ph/ros2_firstw/src/cpp_parameter_event_handler -DCMAKE_INSTALL_PREFIX=/home/ph/ros2_firstw/install/cpp_parameter_event_handler
[2.041s] Invoking command in '/home/ph/ros2_firstw/build/cpp_parameter_event_handler': CMAKE_PREFIX_PATH=${CMAKE_PREFIX_PATH}:/opt/ros/humble /usr/bin/cmake --build /home/ph/ros2_firstw/build/cpp_parameter_event_handler -- -j8 -l8
[2.131s] [ 50%] [32mBuilding CXX object CMakeFiles/parameter_event_handler.dir/src/parameter_event_handler.cpp.o[0m
[11.253s] [100%] [32m[1mLinking CXX executable parameter_event_handler[0m
[11.745s] [100%] Built target parameter_event_handler
[11.766s] Invoked command in '/home/ph/ros2_firstw/build/cpp_parameter_event_handler' returned '0': CMAKE_PREFIX_PATH=${CMAKE_PREFIX_PATH}:/opt/ros/humble /usr/bin/cmake --build /home/ph/ros2_firstw/build/cpp_parameter_event_handler -- -j8 -l8
[11.784s] Invoking command in '/home/ph/ros2_firstw/build/cpp_parameter_event_handler': CMAKE_PREFIX_PATH=${CMAKE_PREFIX_PATH}:/opt/ros/humble /usr/bin/cmake --install /home/ph/ros2_firstw/build/cpp_parameter_event_handler
[11.794s] -- Install configuration: ""
[11.794s] -- Installing: /home/ph/ros2_firstw/install/cpp_parameter_event_handler/lib/cpp_parameter_event_handler/parameter_event_handler
[11.800s] -- Set runtime path of "/home/ph/ros2_firstw/install/cpp_parameter_event_handler/lib/cpp_parameter_event_handler/parameter_event_handler" to ""
[11.800s] -- Installing: /home/ph/ros2_firstw/install/cpp_parameter_event_handler/share/ament_index/resource_index/package_run_dependencies/cpp_parameter_event_handler
[11.800s] -- Installing: /home/ph/ros2_firstw/install/cpp_parameter_event_handler/share/ament_index/resource_index/parent_prefix_path/cpp_parameter_event_handler
[11.800s] -- Installing: /home/ph/ros2_firstw/install/cpp_parameter_event_handler/share/cpp_parameter_event_handler/environment/ament_prefix_path.sh
[11.801s] -- Installing: /home/ph/ros2_firstw/install/cpp_parameter_event_handler/share/cpp_parameter_event_handler/environment/ament_prefix_path.dsv
[11.801s] -- Installing: /home/ph/ros2_firstw/install/cpp_parameter_event_handler/share/cpp_parameter_event_handler/environment/path.sh
[11.801s] -- Installing: /home/ph/ros2_firstw/install/cpp_parameter_event_handler/share/cpp_parameter_event_handler/environment/path.dsv
[11.801s] -- Installing: /home/ph/ros2_firstw/install/cpp_parameter_event_handler/share/cpp_parameter_event_handler/local_setup.bash
[11.802s] -- Installing: /home/ph/ros2_firstw/install/cpp_parameter_event_handler/share/cpp_parameter_event_handler/local_setup.sh
[11.802s] -- Installing: /home/ph/ros2_firstw/install/cpp_parameter_event_handler/share/cpp_parameter_event_handler/local_setup.zsh
[11.802s] -- Installing: /home/ph/ros2_firstw/install/cpp_parameter_event_handler/share/cpp_parameter_event_handler/local_setup.dsv
[11.802s] -- Installing: /home/ph/ros2_firstw/install/cpp_parameter_event_handler/share/cpp_parameter_event_handler/package.dsv
[11.803s] -- Installing: /home/ph/ros2_firstw/install/cpp_parameter_event_handler/share/ament_index/resource_index/packages/cpp_parameter_event_handler
[11.803s] -- Installing: /home/ph/ros2_firstw/install/cpp_parameter_event_handler/share/cpp_parameter_event_handler/cmake/cpp_parameter_event_handlerConfig.cmake
[11.803s] -- Installing: /home/ph/ros2_firstw/install/cpp_parameter_event_handler/share/cpp_parameter_event_handler/cmake/cpp_parameter_event_handlerConfig-version.cmake
[11.803s] -- Installing: /home/ph/ros2_firstw/install/cpp_parameter_event_handler/share/cpp_parameter_event_handler/package.xml
[11.807s] Invoked command in '/home/ph/ros2_firstw/build/cpp_parameter_event_handler' returned '0': CMAKE_PREFIX_PATH=${CMAKE_PREFIX_PATH}:/opt/ros/humble /usr/bin/cmake --install /home/ph/ros2_firstw/build/cpp_parameter_event_handler
