[0.355s] DEBUG:colcon:Command line arguments: ['/usr/bin/colcon', 'build', '--packages-select', 'rslidar_msg']
[0.355s] DEBUG:colcon:Parsed command line arguments: Namespace(log_base=None, log_level=None, verb_name='build', build_base='build', install_base='install', merge_install=False, symlink_install=False, test_result_base=None, continue_on_error=False, executor='parallel', parallel_workers=8, event_handlers=None, ignore_user_meta=False, metas=['./colcon.meta'], base_paths=['.'], packages_ignore=None, packages_ignore_regex=None, paths=None, packages_up_to=None, packages_up_to_regex=None, packages_above=None, packages_above_and_dependencies=None, packages_above_depth=None, packages_select_by_dep=None, packages_skip_by_dep=None, packages_skip_up_to=None, packages_select_build_failed=False, packages_skip_build_finished=False, packages_select_test_failures=False, packages_skip_test_passed=False, packages_select=['rslidar_msg'], packages_skip=None, packages_select_regex=None, packages_skip_regex=None, packages_start=None, packages_end=None, allow_overriding=[], cmake_args=None, cmake_target=None, cmake_target_skip_unavailable=False, cmake_clean_cache=False, cmake_clean_first=False, cmake_force_configure=False, ament_cmake_args=None, catkin_cmake_args=None, catkin_skip_building_tests=False, mixin_files=None, mixin=None, verb_parser=<colcon_mixin.mixin.mixin_argument.MixinArgumentDecorator object at 0x73406c395a20>, verb_extension=<colcon_core.verb.build.BuildVerb object at 0x73406c395030>, main=<bound method BuildVerb.main of <colcon_core.verb.build.BuildVerb object at 0x73406c395030>>, mixin_verb=('build',))
[0.472s] Level 1:colcon.colcon_core.package_discovery:discover_packages(colcon_meta) check parameters
[0.472s] Level 1:colcon.colcon_core.package_discovery:discover_packages(recursive) check parameters
[0.472s] Level 1:colcon.colcon_core.package_discovery:discover_packages(ignore) check parameters
[0.472s] Level 1:colcon.colcon_core.package_discovery:discover_packages(path) check parameters
[0.472s] Level 1:colcon.colcon_core.package_discovery:discover_packages(colcon_meta) discover
[0.473s] Level 1:colcon.colcon_core.package_discovery:discover_packages(recursive) discover
[0.473s] INFO:colcon.colcon_core.package_discovery:Crawling recursively for packages in '/home/ph/ws/lidar_ws'
[0.473s] Level 1:colcon.colcon_core.package_identification:_identify(.) by extensions ['ignore', 'ignore_ament_install']
[0.473s] Level 1:colcon.colcon_core.package_identification:_identify(.) by extension 'ignore'
[0.474s] Level 1:colcon.colcon_core.package_identification:_identify(.) by extension 'ignore_ament_install'
[0.474s] Level 1:colcon.colcon_core.package_identification:_identify(.) by extensions ['colcon_pkg']
[0.474s] Level 1:colcon.colcon_core.package_identification:_identify(.) by extension 'colcon_pkg'
[0.474s] Level 1:colcon.colcon_core.package_identification:_identify(.) by extensions ['colcon_meta']
[0.474s] Level 1:colcon.colcon_core.package_identification:_identify(.) by extension 'colcon_meta'
[0.474s] Level 1:colcon.colcon_core.package_identification:_identify(.) by extensions ['ros']
[0.474s] Level 1:colcon.colcon_core.package_identification:_identify(.) by extension 'ros'
[0.546s] Level 1:colcon.colcon_core.package_identification:_identify(.) by extensions ['cmake', 'python']
[0.546s] Level 1:colcon.colcon_core.package_identification:_identify(.) by extension 'cmake'
[0.546s] Level 1:colcon.colcon_core.package_identification:_identify(.) by extension 'python'
[0.547s] Level 1:colcon.colcon_core.package_identification:_identify(.) by extensions ['python_setup_py']
[0.547s] Level 1:colcon.colcon_core.package_identification:_identify(.) by extension 'python_setup_py'
[0.547s] Level 1:colcon.colcon_core.package_identification:_identify(build) by extensions ['ignore', 'ignore_ament_install']
[0.547s] Level 1:colcon.colcon_core.package_identification:_identify(build) by extension 'ignore'
[0.547s] Level 1:colcon.colcon_core.package_identification:_identify(build) ignored
[0.548s] Level 1:colcon.colcon_core.package_identification:_identify(install) by extensions ['ignore', 'ignore_ament_install']
[0.548s] Level 1:colcon.colcon_core.package_identification:_identify(install) by extension 'ignore'
[0.548s] Level 1:colcon.colcon_core.package_identification:_identify(install) ignored
[0.548s] Level 1:colcon.colcon_core.package_identification:_identify(log) by extensions ['ignore', 'ignore_ament_install']
[0.549s] Level 1:colcon.colcon_core.package_identification:_identify(log) by extension 'ignore'
[0.549s] Level 1:colcon.colcon_core.package_identification:_identify(log) ignored
[0.549s] Level 1:colcon.colcon_core.package_identification:_identify(maps) by extensions ['ignore', 'ignore_ament_install']
[0.549s] Level 1:colcon.colcon_core.package_identification:_identify(maps) by extension 'ignore'
[0.549s] Level 1:colcon.colcon_core.package_identification:_identify(maps) by extension 'ignore_ament_install'
[0.550s] Level 1:colcon.colcon_core.package_identification:_identify(maps) by extensions ['colcon_pkg']
[0.550s] Level 1:colcon.colcon_core.package_identification:_identify(maps) by extension 'colcon_pkg'
[0.550s] Level 1:colcon.colcon_core.package_identification:_identify(maps) by extensions ['colcon_meta']
[0.550s] Level 1:colcon.colcon_core.package_identification:_identify(maps) by extension 'colcon_meta'
[0.550s] Level 1:colcon.colcon_core.package_identification:_identify(maps) by extensions ['ros']
[0.550s] Level 1:colcon.colcon_core.package_identification:_identify(maps) by extension 'ros'
[0.550s] Level 1:colcon.colcon_core.package_identification:_identify(maps) by extensions ['cmake', 'python']
[0.550s] Level 1:colcon.colcon_core.package_identification:_identify(maps) by extension 'cmake'
[0.551s] Level 1:colcon.colcon_core.package_identification:_identify(maps) by extension 'python'
[0.551s] Level 1:colcon.colcon_core.package_identification:_identify(maps) by extensions ['python_setup_py']
[0.551s] Level 1:colcon.colcon_core.package_identification:_identify(maps) by extension 'python_setup_py'
[0.551s] Level 1:colcon.colcon_core.package_identification:_identify(src) by extensions ['ignore', 'ignore_ament_install']
[0.551s] Level 1:colcon.colcon_core.package_identification:_identify(src) by extension 'ignore'
[0.551s] Level 1:colcon.colcon_core.package_identification:_identify(src) by extension 'ignore_ament_install'
[0.552s] Level 1:colcon.colcon_core.package_identification:_identify(src) by extensions ['colcon_pkg']
[0.552s] Level 1:colcon.colcon_core.package_identification:_identify(src) by extension 'colcon_pkg'
[0.552s] Level 1:colcon.colcon_core.package_identification:_identify(src) by extensions ['colcon_meta']
[0.552s] Level 1:colcon.colcon_core.package_identification:_identify(src) by extension 'colcon_meta'
[0.552s] Level 1:colcon.colcon_core.package_identification:_identify(src) by extensions ['ros']
[0.552s] Level 1:colcon.colcon_core.package_identification:_identify(src) by extension 'ros'
[0.552s] Level 1:colcon.colcon_core.package_identification:_identify(src) by extensions ['cmake', 'python']
[0.552s] Level 1:colcon.colcon_core.package_identification:_identify(src) by extension 'cmake'
[0.552s] Level 1:colcon.colcon_core.package_identification:_identify(src) by extension 'python'
[0.553s] Level 1:colcon.colcon_core.package_identification:_identify(src) by extensions ['python_setup_py']
[0.553s] Level 1:colcon.colcon_core.package_identification:_identify(src) by extension 'python_setup_py'
[0.553s] Level 1:colcon.colcon_core.package_identification:_identify(src/helios16p_cane_robot) by extensions ['ignore', 'ignore_ament_install']
[0.553s] Level 1:colcon.colcon_core.package_identification:_identify(src/helios16p_cane_robot) by extension 'ignore'
[0.553s] Level 1:colcon.colcon_core.package_identification:_identify(src/helios16p_cane_robot) by extension 'ignore_ament_install'
[0.554s] Level 1:colcon.colcon_core.package_identification:_identify(src/helios16p_cane_robot) by extensions ['colcon_pkg']
[0.554s] Level 1:colcon.colcon_core.package_identification:_identify(src/helios16p_cane_robot) by extension 'colcon_pkg'
[0.554s] Level 1:colcon.colcon_core.package_identification:_identify(src/helios16p_cane_robot) by extensions ['colcon_meta']
[0.554s] Level 1:colcon.colcon_core.package_identification:_identify(src/helios16p_cane_robot) by extension 'colcon_meta'
[0.554s] Level 1:colcon.colcon_core.package_identification:_identify(src/helios16p_cane_robot) by extensions ['ros']
[0.554s] Level 1:colcon.colcon_core.package_identification:_identify(src/helios16p_cane_robot) by extension 'ros'
[0.561s] DEBUG:colcon.colcon_core.package_identification:Package 'src/helios16p_cane_robot' with type 'ros.ament_python' and name 'helios16p_cane_robot'
[0.561s] Level 1:colcon.colcon_core.package_identification:_identify(src/kiss-icp) by extensions ['ignore', 'ignore_ament_install']
[0.561s] Level 1:colcon.colcon_core.package_identification:_identify(src/kiss-icp) by extension 'ignore'
[0.561s] Level 1:colcon.colcon_core.package_identification:_identify(src/kiss-icp) by extension 'ignore_ament_install'
[0.562s] Level 1:colcon.colcon_core.package_identification:_identify(src/kiss-icp) by extensions ['colcon_pkg']
[0.562s] Level 1:colcon.colcon_core.package_identification:_identify(src/kiss-icp) by extension 'colcon_pkg'
[0.562s] Level 1:colcon.colcon_core.package_identification:_identify(src/kiss-icp) by extensions ['colcon_meta']
[0.562s] Level 1:colcon.colcon_core.package_identification:_identify(src/kiss-icp) by extension 'colcon_meta'
[0.562s] Level 1:colcon.colcon_core.package_identification:_identify(src/kiss-icp) by extensions ['ros']
[0.562s] Level 1:colcon.colcon_core.package_identification:_identify(src/kiss-icp) by extension 'ros'
[0.562s] Level 1:colcon.colcon_core.package_identification:_identify(src/kiss-icp) by extensions ['cmake', 'python']
[0.562s] Level 1:colcon.colcon_core.package_identification:_identify(src/kiss-icp) by extension 'cmake'
[0.563s] Level 1:colcon.colcon_core.package_identification:_identify(src/kiss-icp) by extension 'python'
[0.563s] Level 1:colcon.colcon_core.package_identification:_identify(src/kiss-icp) by extensions ['python_setup_py']
[0.563s] Level 1:colcon.colcon_core.package_identification:_identify(src/kiss-icp) by extension 'python_setup_py'
[0.563s] Level 1:colcon.colcon_core.package_identification:_identify(src/kiss-icp/config) by extensions ['ignore', 'ignore_ament_install']
[0.563s] Level 1:colcon.colcon_core.package_identification:_identify(src/kiss-icp/config) by extension 'ignore'
[0.563s] Level 1:colcon.colcon_core.package_identification:_identify(src/kiss-icp/config) by extension 'ignore_ament_install'
[0.564s] Level 1:colcon.colcon_core.package_identification:_identify(src/kiss-icp/config) by extensions ['colcon_pkg']
[0.564s] Level 1:colcon.colcon_core.package_identification:_identify(src/kiss-icp/config) by extension 'colcon_pkg'
[0.564s] Level 1:colcon.colcon_core.package_identification:_identify(src/kiss-icp/config) by extensions ['colcon_meta']
[0.564s] Level 1:colcon.colcon_core.package_identification:_identify(src/kiss-icp/config) by extension 'colcon_meta'
[0.564s] Level 1:colcon.colcon_core.package_identification:_identify(src/kiss-icp/config) by extensions ['ros']
[0.564s] Level 1:colcon.colcon_core.package_identification:_identify(src/kiss-icp/config) by extension 'ros'
[0.564s] Level 1:colcon.colcon_core.package_identification:_identify(src/kiss-icp/config) by extensions ['cmake', 'python']
[0.565s] Level 1:colcon.colcon_core.package_identification:_identify(src/kiss-icp/config) by extension 'cmake'
[0.565s] Level 1:colcon.colcon_core.package_identification:_identify(src/kiss-icp/config) by extension 'python'
[0.565s] Level 1:colcon.colcon_core.package_identification:_identify(src/kiss-icp/config) by extensions ['python_setup_py']
[0.565s] Level 1:colcon.colcon_core.package_identification:_identify(src/kiss-icp/config) by extension 'python_setup_py'
[0.565s] Level 1:colcon.colcon_core.package_identification:_identify(src/kiss-icp/cpp) by extensions ['ignore', 'ignore_ament_install']
[0.565s] Level 1:colcon.colcon_core.package_identification:_identify(src/kiss-icp/cpp) by extension 'ignore'
[0.565s] Level 1:colcon.colcon_core.package_identification:_identify(src/kiss-icp/cpp) ignored
[0.566s] Level 1:colcon.colcon_core.package_identification:_identify(src/kiss-icp/eval) by extensions ['ignore', 'ignore_ament_install']
[0.566s] Level 1:colcon.colcon_core.package_identification:_identify(src/kiss-icp/eval) by extension 'ignore'
[0.566s] Level 1:colcon.colcon_core.package_identification:_identify(src/kiss-icp/eval) by extension 'ignore_ament_install'
[0.566s] Level 1:colcon.colcon_core.package_identification:_identify(src/kiss-icp/eval) by extensions ['colcon_pkg']
[0.566s] Level 1:colcon.colcon_core.package_identification:_identify(src/kiss-icp/eval) by extension 'colcon_pkg'
[0.566s] Level 1:colcon.colcon_core.package_identification:_identify(src/kiss-icp/eval) by extensions ['colcon_meta']
[0.567s] Level 1:colcon.colcon_core.package_identification:_identify(src/kiss-icp/eval) by extension 'colcon_meta'
[0.567s] Level 1:colcon.colcon_core.package_identification:_identify(src/kiss-icp/eval) by extensions ['ros']
[0.567s] Level 1:colcon.colcon_core.package_identification:_identify(src/kiss-icp/eval) by extension 'ros'
[0.567s] Level 1:colcon.colcon_core.package_identification:_identify(src/kiss-icp/eval) by extensions ['cmake', 'python']
[0.567s] Level 1:colcon.colcon_core.package_identification:_identify(src/kiss-icp/eval) by extension 'cmake'
[0.567s] Level 1:colcon.colcon_core.package_identification:_identify(src/kiss-icp/eval) by extension 'python'
[0.567s] Level 1:colcon.colcon_core.package_identification:_identify(src/kiss-icp/eval) by extensions ['python_setup_py']
[0.567s] Level 1:colcon.colcon_core.package_identification:_identify(src/kiss-icp/eval) by extension 'python_setup_py'
[0.568s] Level 1:colcon.colcon_core.package_identification:_identify(src/kiss-icp/python) by extensions ['ignore', 'ignore_ament_install']
[0.568s] Level 1:colcon.colcon_core.package_identification:_identify(src/kiss-icp/python) by extension 'ignore'
[0.568s] Level 1:colcon.colcon_core.package_identification:_identify(src/kiss-icp/python) ignored
[0.568s] Level 1:colcon.colcon_core.package_identification:_identify(src/kiss-icp/ros) by extensions ['ignore', 'ignore_ament_install']
[0.569s] Level 1:colcon.colcon_core.package_identification:_identify(src/kiss-icp/ros) by extension 'ignore'
[0.569s] Level 1:colcon.colcon_core.package_identification:_identify(src/kiss-icp/ros) by extension 'ignore_ament_install'
[0.569s] Level 1:colcon.colcon_core.package_identification:_identify(src/kiss-icp/ros) by extensions ['colcon_pkg']
[0.569s] Level 1:colcon.colcon_core.package_identification:_identify(src/kiss-icp/ros) by extension 'colcon_pkg'
[0.569s] Level 1:colcon.colcon_core.package_identification:_identify(src/kiss-icp/ros) by extensions ['colcon_meta']
[0.569s] Level 1:colcon.colcon_core.package_identification:_identify(src/kiss-icp/ros) by extension 'colcon_meta'
[0.569s] Level 1:colcon.colcon_core.package_identification:_identify(src/kiss-icp/ros) by extensions ['ros']
[0.569s] Level 1:colcon.colcon_core.package_identification:_identify(src/kiss-icp/ros) by extension 'ros'
[0.574s] DEBUG:colcon.colcon_core.package_identification:Package 'src/kiss-icp/ros' with type 'ros.ament_cmake' and name 'kiss_icp'
[0.574s] Level 1:colcon.colcon_core.package_identification:_identify(src/rslidar_msg) by extensions ['ignore', 'ignore_ament_install']
[0.574s] Level 1:colcon.colcon_core.package_identification:_identify(src/rslidar_msg) by extension 'ignore'
[0.575s] Level 1:colcon.colcon_core.package_identification:_identify(src/rslidar_msg) by extension 'ignore_ament_install'
[0.575s] Level 1:colcon.colcon_core.package_identification:_identify(src/rslidar_msg) by extensions ['colcon_pkg']
[0.575s] Level 1:colcon.colcon_core.package_identification:_identify(src/rslidar_msg) by extension 'colcon_pkg'
[0.575s] Level 1:colcon.colcon_core.package_identification:_identify(src/rslidar_msg) by extensions ['colcon_meta']
[0.575s] Level 1:colcon.colcon_core.package_identification:_identify(src/rslidar_msg) by extension 'colcon_meta'
[0.575s] Level 1:colcon.colcon_core.package_identification:_identify(src/rslidar_msg) by extensions ['ros']
[0.575s] Level 1:colcon.colcon_core.package_identification:_identify(src/rslidar_msg) by extension 'ros'
[0.577s] DEBUG:colcon.colcon_core.package_identification:Package 'src/rslidar_msg' with type 'ros.ament_cmake' and name 'rslidar_msg'
[0.578s] Level 1:colcon.colcon_core.package_identification:_identify(src/rslidar_sdk) by extensions ['ignore', 'ignore_ament_install']
[0.578s] Level 1:colcon.colcon_core.package_identification:_identify(src/rslidar_sdk) by extension 'ignore'
[0.578s] Level 1:colcon.colcon_core.package_identification:_identify(src/rslidar_sdk) by extension 'ignore_ament_install'
[0.578s] Level 1:colcon.colcon_core.package_identification:_identify(src/rslidar_sdk) by extensions ['colcon_pkg']
[0.578s] Level 1:colcon.colcon_core.package_identification:_identify(src/rslidar_sdk) by extension 'colcon_pkg'
[0.578s] Level 1:colcon.colcon_core.package_identification:_identify(src/rslidar_sdk) by extensions ['colcon_meta']
[0.578s] Level 1:colcon.colcon_core.package_identification:_identify(src/rslidar_sdk) by extension 'colcon_meta'
[0.579s] Level 1:colcon.colcon_core.package_identification:_identify(src/rslidar_sdk) by extensions ['ros']
[0.579s] Level 1:colcon.colcon_core.package_identification:_identify(src/rslidar_sdk) by extension 'ros'
[0.602s] DEBUG:colcon.colcon_core.package_identification:Package 'src/rslidar_sdk' with type 'ros.ament_cmake' and name 'rslidar_sdk'
[0.603s] Level 1:colcon.colcon_core.package_discovery:discover_packages(recursive) using defaults
[0.603s] Level 1:colcon.colcon_core.package_discovery:discover_packages(ignore) discover
[0.603s] Level 1:colcon.colcon_core.package_discovery:discover_packages(ignore) using defaults
[0.603s] Level 1:colcon.colcon_core.package_discovery:discover_packages(path) discover
[0.603s] Level 1:colcon.colcon_core.package_discovery:discover_packages(path) using defaults
[0.655s] INFO:colcon.colcon_core.package_selection:Skipping not selected package 'helios16p_cane_robot' in 'src/helios16p_cane_robot'
[0.655s] INFO:colcon.colcon_core.package_selection:Skipping not selected package 'kiss_icp' in 'src/kiss-icp/ros'
[0.655s] INFO:colcon.colcon_core.package_selection:Skipping not selected package 'rslidar_sdk' in 'src/rslidar_sdk'
[0.656s] Level 1:colcon.colcon_core.package_discovery:discover_packages(prefix_path) check parameters
[0.657s] Level 1:colcon.colcon_core.package_discovery:discover_packages(prefix_path) discover
[0.659s] WARNING:colcon.colcon_ros.prefix_path.ament:The path '/home/ph/ws/lidar_ws/install/rslidar_sdk' in the environment variable AMENT_PREFIX_PATH doesn't exist
[0.659s] WARNING:colcon.colcon_ros.prefix_path.ament:The path '/home/ph/ws/lidar_ws/install/rslidar_msg' in the environment variable AMENT_PREFIX_PATH doesn't exist
[0.659s] WARNING:colcon.colcon_ros.prefix_path.ament:The path '/home/ph/ws/lidar_ws/install/kiss_icp' in the environment variable AMENT_PREFIX_PATH doesn't exist
[0.659s] WARNING:colcon.colcon_ros.prefix_path.ament:The path '/home/ph/ws/lidar_ws/install/helios16p_cane_robot' in the environment variable AMENT_PREFIX_PATH doesn't exist
[0.660s] WARNING:colcon.colcon_ros.prefix_path.catkin:The path '/home/ph/ws/lidar_ws/install/rslidar_sdk' in the environment variable CMAKE_PREFIX_PATH doesn't exist
[0.660s] WARNING:colcon.colcon_ros.prefix_path.catkin:The path '/home/ph/ws/lidar_ws/install/rslidar_msg' in the environment variable CMAKE_PREFIX_PATH doesn't exist
[0.660s] WARNING:colcon.colcon_ros.prefix_path.catkin:The path '/home/ph/ws/lidar_ws/install/kiss_icp' in the environment variable CMAKE_PREFIX_PATH doesn't exist
[0.662s] DEBUG:colcon.colcon_installed_package_information.package_discovery:Found 0 installed packages in /home/ph/ws/lidar_ws/install
[0.669s] DEBUG:colcon.colcon_installed_package_information.package_discovery:Found 453 installed packages in /opt/ros/humble
[0.676s] Level 1:colcon.colcon_core.package_discovery:discover_packages(prefix_path) using defaults
[0.862s] Level 5:colcon.colcon_core.verb:set package 'rslidar_msg' build argument 'cmake_args' from command line to 'None'
[0.863s] Level 5:colcon.colcon_core.verb:set package 'rslidar_msg' build argument 'cmake_target' from command line to 'None'
[0.863s] Level 5:colcon.colcon_core.verb:set package 'rslidar_msg' build argument 'cmake_target_skip_unavailable' from command line to 'False'
[0.863s] Level 5:colcon.colcon_core.verb:set package 'rslidar_msg' build argument 'cmake_clean_cache' from command line to 'False'
[0.863s] Level 5:colcon.colcon_core.verb:set package 'rslidar_msg' build argument 'cmake_clean_first' from command line to 'False'
[0.863s] Level 5:colcon.colcon_core.verb:set package 'rslidar_msg' build argument 'cmake_force_configure' from command line to 'False'
[0.863s] Level 5:colcon.colcon_core.verb:set package 'rslidar_msg' build argument 'ament_cmake_args' from command line to 'None'
[0.863s] Level 5:colcon.colcon_core.verb:set package 'rslidar_msg' build argument 'catkin_cmake_args' from command line to 'None'
[0.863s] Level 5:colcon.colcon_core.verb:set package 'rslidar_msg' build argument 'catkin_skip_building_tests' from command line to 'False'
[0.863s] DEBUG:colcon.colcon_core.verb:Building package 'rslidar_msg' with the following arguments: {'ament_cmake_args': None, 'build_base': '/home/ph/ws/lidar_ws/build/rslidar_msg', 'catkin_cmake_args': None, 'catkin_skip_building_tests': False, 'cmake_args': None, 'cmake_clean_cache': False, 'cmake_clean_first': False, 'cmake_force_configure': False, 'cmake_target': None, 'cmake_target_skip_unavailable': False, 'install_base': '/home/ph/ws/lidar_ws/install/rslidar_msg', 'merge_install': False, 'path': '/home/ph/ws/lidar_ws/src/rslidar_msg', 'symlink_install': False, 'test_result_base': None}
[0.864s] INFO:colcon.colcon_core.executor:Executing jobs using 'parallel' executor
[0.866s] DEBUG:colcon.colcon_parallel_executor.executor.parallel:run_until_complete
[0.866s] INFO:colcon.colcon_ros.task.ament_cmake.build:Building ROS package in '/home/ph/ws/lidar_ws/src/rslidar_msg' with build type 'ament_cmake'
[0.867s] INFO:colcon.colcon_cmake.task.cmake.build:Building CMake package in '/home/ph/ws/lidar_ws/src/rslidar_msg'
[0.872s] INFO:colcon.colcon_core.plugin_system:Skipping extension 'colcon_core.shell.bat': Not used on non-Windows systems
[0.873s] INFO:colcon.colcon_core.shell:Skip shell extension 'powershell' for command environment: Not usable outside of PowerShell
[0.873s] DEBUG:colcon.colcon_core.shell:Skip shell extension 'dsv' for command environment
[0.897s] DEBUG:colcon.colcon_core.event_handler.log_command:Invoking command in '/home/ph/ws/lidar_ws/build/rslidar_msg': CMAKE_PREFIX_PATH=${CMAKE_PREFIX_PATH}:/home/ph/ws/lidar_ws/install/helios16p_cane_robot:/opt/ros/humble /usr/bin/cmake /home/ph/ws/lidar_ws/src/rslidar_msg -DCMAKE_INSTALL_PREFIX=/home/ph/ws/lidar_ws/install/rslidar_msg
[9.276s] DEBUG:colcon.colcon_core.event_handler.log_command:Invoked command in '/home/ph/ws/lidar_ws/build/rslidar_msg' returned '0': CMAKE_PREFIX_PATH=${CMAKE_PREFIX_PATH}:/home/ph/ws/lidar_ws/install/helios16p_cane_robot:/opt/ros/humble /usr/bin/cmake /home/ph/ws/lidar_ws/src/rslidar_msg -DCMAKE_INSTALL_PREFIX=/home/ph/ws/lidar_ws/install/rslidar_msg
[9.281s] DEBUG:colcon.colcon_core.event_handler.log_command:Invoking command in '/home/ph/ws/lidar_ws/build/rslidar_msg': CMAKE_PREFIX_PATH=${CMAKE_PREFIX_PATH}:/home/ph/ws/lidar_ws/install/helios16p_cane_robot:/opt/ros/humble /usr/bin/cmake --build /home/ph/ws/lidar_ws/build/rslidar_msg -- -j8 -l8
[14.382s] DEBUG:colcon.colcon_core.event_handler.log_command:Invoked command in '/home/ph/ws/lidar_ws/build/rslidar_msg' returned '0': CMAKE_PREFIX_PATH=${CMAKE_PREFIX_PATH}:/home/ph/ws/lidar_ws/install/helios16p_cane_robot:/opt/ros/humble /usr/bin/cmake --build /home/ph/ws/lidar_ws/build/rslidar_msg -- -j8 -l8
[14.398s] DEBUG:colcon.colcon_core.event_handler.log_command:Invoking command in '/home/ph/ws/lidar_ws/build/rslidar_msg': CMAKE_PREFIX_PATH=${CMAKE_PREFIX_PATH}:/home/ph/ws/lidar_ws/install/helios16p_cane_robot:/opt/ros/humble /usr/bin/cmake --install /home/ph/ws/lidar_ws/build/rslidar_msg
[14.583s] Level 1:colcon.colcon_core.environment:create_environment_scripts_only(rslidar_msg)
[14.584s] DEBUG:colcon.colcon_core.event_handler.log_command:Invoked command in '/home/ph/ws/lidar_ws/build/rslidar_msg' returned '0': CMAKE_PREFIX_PATH=${CMAKE_PREFIX_PATH}:/home/ph/ws/lidar_ws/install/helios16p_cane_robot:/opt/ros/humble /usr/bin/cmake --install /home/ph/ws/lidar_ws/build/rslidar_msg
[14.590s] Level 1:colcon.colcon_core.environment:checking '/home/ph/ws/lidar_ws/install/rslidar_msg' for CMake module files
[14.592s] Level 1:colcon.colcon_core.environment:checking '/home/ph/ws/lidar_ws/install/rslidar_msg' for CMake config files
[14.592s] Level 1:colcon.colcon_core.shell:create_environment_hook('rslidar_msg', 'cmake_prefix_path')
[14.593s] INFO:colcon.colcon_core.shell:Creating environment hook '/home/ph/ws/lidar_ws/install/rslidar_msg/share/rslidar_msg/hook/cmake_prefix_path.ps1'
[14.594s] INFO:colcon.colcon_core.shell:Creating environment descriptor '/home/ph/ws/lidar_ws/install/rslidar_msg/share/rslidar_msg/hook/cmake_prefix_path.dsv'
[14.595s] INFO:colcon.colcon_core.shell:Creating environment hook '/home/ph/ws/lidar_ws/install/rslidar_msg/share/rslidar_msg/hook/cmake_prefix_path.sh'
[14.597s] Level 1:colcon.colcon_core.environment:checking '/home/ph/ws/lidar_ws/install/rslidar_msg/lib'
[14.598s] Level 1:colcon.colcon_core.shell:create_environment_hook('rslidar_msg', 'ld_library_path_lib')
[14.599s] INFO:colcon.colcon_core.shell:Creating environment hook '/home/ph/ws/lidar_ws/install/rslidar_msg/share/rslidar_msg/hook/ld_library_path_lib.ps1'
[14.599s] INFO:colcon.colcon_core.shell:Creating environment descriptor '/home/ph/ws/lidar_ws/install/rslidar_msg/share/rslidar_msg/hook/ld_library_path_lib.dsv'
[14.600s] INFO:colcon.colcon_core.shell:Creating environment hook '/home/ph/ws/lidar_ws/install/rslidar_msg/share/rslidar_msg/hook/ld_library_path_lib.sh'
[14.601s] Level 1:colcon.colcon_core.environment:checking '/home/ph/ws/lidar_ws/install/rslidar_msg/bin'
[14.601s] Level 1:colcon.colcon_core.environment:checking '/home/ph/ws/lidar_ws/install/rslidar_msg/lib/pkgconfig/rslidar_msg.pc'
[14.602s] Level 1:colcon.colcon_core.environment:checking '/home/ph/ws/lidar_ws/install/rslidar_msg/lib/python3.10/site-packages'
[14.603s] Level 1:colcon.colcon_core.environment:checking '/home/ph/ws/lidar_ws/install/rslidar_msg/bin'
[14.604s] INFO:colcon.colcon_core.shell:Creating package script '/home/ph/ws/lidar_ws/install/rslidar_msg/share/rslidar_msg/package.ps1'
[14.606s] INFO:colcon.colcon_core.shell:Creating package descriptor '/home/ph/ws/lidar_ws/install/rslidar_msg/share/rslidar_msg/package.dsv'
[14.607s] INFO:colcon.colcon_core.shell:Creating package script '/home/ph/ws/lidar_ws/install/rslidar_msg/share/rslidar_msg/package.sh'
[14.609s] INFO:colcon.colcon_core.shell:Creating package script '/home/ph/ws/lidar_ws/install/rslidar_msg/share/rslidar_msg/package.bash'
[14.611s] INFO:colcon.colcon_core.shell:Creating package script '/home/ph/ws/lidar_ws/install/rslidar_msg/share/rslidar_msg/package.zsh'
[14.613s] Level 1:colcon.colcon_core.environment:create_file_with_runtime_dependencies(/home/ph/ws/lidar_ws/install/rslidar_msg/share/colcon-core/packages/rslidar_msg)
[14.614s] Level 1:colcon.colcon_core.environment:create_environment_scripts_only(rslidar_msg)
[14.615s] Level 1:colcon.colcon_core.environment:checking '/home/ph/ws/lidar_ws/install/rslidar_msg' for CMake module files
[14.617s] Level 1:colcon.colcon_core.environment:checking '/home/ph/ws/lidar_ws/install/rslidar_msg' for CMake config files
[14.618s] Level 1:colcon.colcon_core.shell:create_environment_hook('rslidar_msg', 'cmake_prefix_path')
[14.618s] INFO:colcon.colcon_core.shell:Creating environment hook '/home/ph/ws/lidar_ws/install/rslidar_msg/share/rslidar_msg/hook/cmake_prefix_path.ps1'
[14.619s] INFO:colcon.colcon_core.shell:Creating environment descriptor '/home/ph/ws/lidar_ws/install/rslidar_msg/share/rslidar_msg/hook/cmake_prefix_path.dsv'
[14.620s] INFO:colcon.colcon_core.shell:Creating environment hook '/home/ph/ws/lidar_ws/install/rslidar_msg/share/rslidar_msg/hook/cmake_prefix_path.sh'
[14.622s] Level 1:colcon.colcon_core.environment:checking '/home/ph/ws/lidar_ws/install/rslidar_msg/lib'
[14.622s] Level 1:colcon.colcon_core.shell:create_environment_hook('rslidar_msg', 'ld_library_path_lib')
[14.623s] INFO:colcon.colcon_core.shell:Creating environment hook '/home/ph/ws/lidar_ws/install/rslidar_msg/share/rslidar_msg/hook/ld_library_path_lib.ps1'
[14.624s] INFO:colcon.colcon_core.shell:Creating environment descriptor '/home/ph/ws/lidar_ws/install/rslidar_msg/share/rslidar_msg/hook/ld_library_path_lib.dsv'
[14.625s] INFO:colcon.colcon_core.shell:Creating environment hook '/home/ph/ws/lidar_ws/install/rslidar_msg/share/rslidar_msg/hook/ld_library_path_lib.sh'
[14.626s] Level 1:colcon.colcon_core.environment:checking '/home/ph/ws/lidar_ws/install/rslidar_msg/bin'
[14.626s] Level 1:colcon.colcon_core.environment:checking '/home/ph/ws/lidar_ws/install/rslidar_msg/lib/pkgconfig/rslidar_msg.pc'
[14.626s] Level 1:colcon.colcon_core.environment:checking '/home/ph/ws/lidar_ws/install/rslidar_msg/lib/python3.10/site-packages'
[14.627s] Level 1:colcon.colcon_core.environment:checking '/home/ph/ws/lidar_ws/install/rslidar_msg/bin'
[14.628s] INFO:colcon.colcon_core.shell:Creating package script '/home/ph/ws/lidar_ws/install/rslidar_msg/share/rslidar_msg/package.ps1'
[14.630s] INFO:colcon.colcon_core.shell:Creating package descriptor '/home/ph/ws/lidar_ws/install/rslidar_msg/share/rslidar_msg/package.dsv'
[14.631s] INFO:colcon.colcon_core.shell:Creating package script '/home/ph/ws/lidar_ws/install/rslidar_msg/share/rslidar_msg/package.sh'
[14.632s] INFO:colcon.colcon_core.shell:Creating package script '/home/ph/ws/lidar_ws/install/rslidar_msg/share/rslidar_msg/package.bash'
[14.633s] INFO:colcon.colcon_core.shell:Creating package script '/home/ph/ws/lidar_ws/install/rslidar_msg/share/rslidar_msg/package.zsh'
[14.634s] Level 1:colcon.colcon_core.environment:create_file_with_runtime_dependencies(/home/ph/ws/lidar_ws/install/rslidar_msg/share/colcon-core/packages/rslidar_msg)
[14.635s] DEBUG:colcon.colcon_parallel_executor.executor.parallel:closing loop
[14.636s] DEBUG:colcon.colcon_parallel_executor.executor.parallel:loop closed
[14.636s] DEBUG:colcon.colcon_parallel_executor.executor.parallel:run_until_complete finished with '0'
[14.636s] DEBUG:colcon.colcon_core.event_reactor:joining thread
[14.650s] INFO:colcon.colcon_core.plugin_system:Skipping extension 'colcon_notification.desktop_notification.terminal_notifier': Not used on non-Darwin systems
[14.651s] INFO:colcon.colcon_core.plugin_system:Skipping extension 'colcon_notification.desktop_notification.win32': Not used on non-Windows systems
[14.651s] INFO:colcon.colcon_notification.desktop_notification:Sending desktop notification using 'notify2'
[14.656s] DEBUG:colcon.colcon_core.event_reactor:joined thread
[14.657s] INFO:colcon.colcon_core.shell:Creating prefix script '/home/ph/ws/lidar_ws/install/local_setup.ps1'
[14.660s] INFO:colcon.colcon_core.shell:Creating prefix util module '/home/ph/ws/lidar_ws/install/_local_setup_util_ps1.py'
[14.663s] INFO:colcon.colcon_core.shell:Creating prefix chain script '/home/ph/ws/lidar_ws/install/setup.ps1'
[14.666s] INFO:colcon.colcon_core.shell:Creating prefix script '/home/ph/ws/lidar_ws/install/local_setup.sh'
[14.668s] INFO:colcon.colcon_core.shell:Creating prefix util module '/home/ph/ws/lidar_ws/install/_local_setup_util_sh.py'
[14.669s] INFO:colcon.colcon_core.shell:Creating prefix chain script '/home/ph/ws/lidar_ws/install/setup.sh'
[14.672s] INFO:colcon.colcon_core.shell:Creating prefix script '/home/ph/ws/lidar_ws/install/local_setup.bash'
[14.673s] INFO:colcon.colcon_core.shell:Creating prefix chain script '/home/ph/ws/lidar_ws/install/setup.bash'
[14.675s] INFO:colcon.colcon_core.shell:Creating prefix script '/home/ph/ws/lidar_ws/install/local_setup.zsh'
[14.676s] INFO:colcon.colcon_core.shell:Creating prefix chain script '/home/ph/ws/lidar_ws/install/setup.zsh'
