[0.027s] Invoking command in '/home/ph/ros2_firstw/build/cpp_pubsub': CMAKE_PREFIX_PATH=/home/ph/ros2_firstw/install/tutorial_interfaces:/home/ph/ros2_firstw/install/cpp_srvcli:/home/ph/ros2_firstw/install/cpp_pubsub:/home/ph/ros2_firstw/install/turtlesim:/home/ph/ros2_firstw/install/nnnode:/home/ph/ros2_firstw/install/more_interfaces:/home/ph/ros2_firstw/install/firstpkg:/home/ph/ros2_firstw/install/cpp_parameters:/home/ph/ros2_firstw/install/cpp_parameter_event_handler:/home/ph/ros2_firstw/install/action_tutorials_cpp:/home/ph/ros2_firstw/install/action_tutorials_interfaces:/opt/ros/humble /usr/bin/cmake --build /home/ph/ros2_firstw/build/cpp_pubsub -- -j8 -l8
[0.145s] [ 50%] Built target talker
[0.148s] [100%] Built target listener
[0.167s] Invoked command in '/home/ph/ros2_firstw/build/cpp_pubsub' returned '0': CMAKE_PREFIX_PATH=/home/ph/ros2_firstw/install/tutorial_interfaces:/home/ph/ros2_firstw/install/cpp_srvcli:/home/ph/ros2_firstw/install/cpp_pubsub:/home/ph/ros2_firstw/install/turtlesim:/home/ph/ros2_firstw/install/nnnode:/home/ph/ros2_firstw/install/more_interfaces:/home/ph/ros2_firstw/install/firstpkg:/home/ph/ros2_firstw/install/cpp_parameters:/home/ph/ros2_firstw/install/cpp_parameter_event_handler:/home/ph/ros2_firstw/install/action_tutorials_cpp:/home/ph/ros2_firstw/install/action_tutorials_interfaces:/opt/ros/humble /usr/bin/cmake --build /home/ph/ros2_firstw/build/cpp_pubsub -- -j8 -l8
[0.171s] Invoking command in '/home/ph/ros2_firstw/build/cpp_pubsub': CMAKE_PREFIX_PATH=/home/ph/ros2_firstw/install/tutorial_interfaces:/home/ph/ros2_firstw/install/cpp_srvcli:/home/ph/ros2_firstw/install/cpp_pubsub:/home/ph/ros2_firstw/install/turtlesim:/home/ph/ros2_firstw/install/nnnode:/home/ph/ros2_firstw/install/more_interfaces:/home/ph/ros2_firstw/install/firstpkg:/home/ph/ros2_firstw/install/cpp_parameters:/home/ph/ros2_firstw/install/cpp_parameter_event_handler:/home/ph/ros2_firstw/install/action_tutorials_cpp:/home/ph/ros2_firstw/install/action_tutorials_interfaces:/opt/ros/humble /usr/bin/cmake --install /home/ph/ros2_firstw/build/cpp_pubsub
[0.184s] -- Install configuration: ""
[0.186s] -- Up-to-date: /home/ph/ros2_firstw/install/cpp_pubsub/lib/cpp_pubsub/talker
[0.187s] -- Up-to-date: /home/ph/ros2_firstw/install/cpp_pubsub/lib/cpp_pubsub/talker
[0.189s] -- Up-to-date: /home/ph/ros2_firstw/install/cpp_pubsub/lib/cpp_pubsub/listener
[0.189s] -- Up-to-date: /home/ph/ros2_firstw/install/cpp_pubsub/share/ament_index/resource_index/package_run_dependencies/cpp_pubsub
[0.189s] -- Up-to-date: /home/ph/ros2_firstw/install/cpp_pubsub/share/ament_index/resource_index/parent_prefix_path/cpp_pubsub
[0.189s] -- Up-to-date: /home/ph/ros2_firstw/install/cpp_pubsub/share/cpp_pubsub/environment/ament_prefix_path.sh
[0.190s] -- Up-to-date: /home/ph/ros2_firstw/install/cpp_pubsub/share/cpp_pubsub/environment/ament_prefix_path.dsv
[0.190s] -- Up-to-date: /home/ph/ros2_firstw/install/cpp_pubsub/share/cpp_pubsub/environment/path.sh
[0.190s] -- Up-to-date: /home/ph/ros2_firstw/install/cpp_pubsub/share/cpp_pubsub/environment/path.dsv
[0.190s] -- Up-to-date: /home/ph/ros2_firstw/install/cpp_pubsub/share/cpp_pubsub/local_setup.bash
[0.191s] -- Up-to-date: /home/ph/ros2_firstw/install/cpp_pubsub/share/cpp_pubsub/local_setup.sh
[0.191s] -- Up-to-date: /home/ph/ros2_firstw/install/cpp_pubsub/share/cpp_pubsub/local_setup.zsh
[0.191s] -- Up-to-date: /home/ph/ros2_firstw/install/cpp_pubsub/share/cpp_pubsub/local_setup.dsv
[0.191s] -- Installing: /home/ph/ros2_firstw/install/cpp_pubsub/share/cpp_pubsub/package.dsv
[0.191s] -- Up-to-date: /home/ph/ros2_firstw/install/cpp_pubsub/share/ament_index/resource_index/packages/cpp_pubsub
[0.191s] -- Up-to-date: /home/ph/ros2_firstw/install/cpp_pubsub/share/cpp_pubsub/cmake/cpp_pubsubConfig.cmake
[0.191s] -- Up-to-date: /home/ph/ros2_firstw/install/cpp_pubsub/share/cpp_pubsub/cmake/cpp_pubsubConfig-version.cmake
[0.192s] -- Up-to-date: /home/ph/ros2_firstw/install/cpp_pubsub/share/cpp_pubsub/package.xml
[0.196s] Invoked command in '/home/ph/ros2_firstw/build/cpp_pubsub' returned '0': CMAKE_PREFIX_PATH=/home/ph/ros2_firstw/install/tutorial_interfaces:/home/ph/ros2_firstw/install/cpp_srvcli:/home/ph/ros2_firstw/install/cpp_pubsub:/home/ph/ros2_firstw/install/turtlesim:/home/ph/ros2_firstw/install/nnnode:/home/ph/ros2_firstw/install/more_interfaces:/home/ph/ros2_firstw/install/firstpkg:/home/ph/ros2_firstw/install/cpp_parameters:/home/ph/ros2_firstw/install/cpp_parameter_event_handler:/home/ph/ros2_firstw/install/action_tutorials_cpp:/home/ph/ros2_firstw/install/action_tutorials_interfaces:/opt/ros/humble /usr/bin/cmake --install /home/ph/ros2_firstw/build/cpp_pubsub
