[0.016s] Invoking command in '/home/ph/ros2_firstw/src/build/firstpkg': CMAKE_PREFIX_PATH=/opt/ros/humble /usr/bin/cmake --build /home/ph/ros2_firstw/src/build/firstpkg -- -j8 -l8
[0.090s] [ 50%] [32mBuilding CXX object CMakeFiles/fnode.dir/src/fnode.cpp.o[0m
[0.141s] [100%] [32m[1mLinking CXX executable fnode[0m
[0.211s] [100%] Built target fnode
[0.228s] Invoked command in '/home/ph/ros2_firstw/src/build/firstpkg' returned '0': CMAKE_PREFIX_PATH=/opt/ros/humble /usr/bin/cmake --build /home/ph/ros2_firstw/src/build/firstpkg -- -j8 -l8
[0.240s] Invoking command in '/home/ph/ros2_firstw/src/build/firstpkg': CMAKE_PREFIX_PATH=/opt/ros/humble /usr/bin/cmake --install /home/ph/ros2_firstw/src/build/firstpkg
[0.250s] -- Install configuration: ""
[0.251s] -- Installing: /home/ph/ros2_firstw/src/install/firstpkg/lib/firstpkg/fnode
[0.251s] -- Installing: /home/ph/ros2_firstw/src/install/firstpkg/share/ament_index/resource_index/package_run_dependencies/firstpkg
[0.252s] -- Installing: /home/ph/ros2_firstw/src/install/firstpkg/share/ament_index/resource_index/parent_prefix_path/firstpkg
[0.253s] -- Installing: /home/ph/ros2_firstw/src/install/firstpkg/share/firstpkg/environment/ament_prefix_path.sh
[0.253s] -- Installing: /home/ph/ros2_firstw/src/install/firstpkg/share/firstpkg/environment/ament_prefix_path.dsv
[0.254s] -- Installing: /home/ph/ros2_firstw/src/install/firstpkg/share/firstpkg/environment/path.sh
[0.254s] -- Installing: /home/ph/ros2_firstw/src/install/firstpkg/share/firstpkg/environment/path.dsv
[0.255s] -- Installing: /home/ph/ros2_firstw/src/install/firstpkg/share/firstpkg/local_setup.bash
[0.255s] -- Installing: /home/ph/ros2_firstw/src/install/firstpkg/share/firstpkg/local_setup.sh
[0.255s] -- Installing: /home/ph/ros2_firstw/src/install/firstpkg/share/firstpkg/local_setup.zsh
[0.255s] -- Installing: /home/ph/ros2_firstw/src/install/firstpkg/share/firstpkg/local_setup.dsv
[0.255s] -- Installing: /home/ph/ros2_firstw/src/install/firstpkg/share/firstpkg/package.dsv
[0.256s] -- Installing: /home/ph/ros2_firstw/src/install/firstpkg/share/ament_index/resource_index/packages/firstpkg
[0.256s] -- Installing: /home/ph/ros2_firstw/src/install/firstpkg/share/firstpkg/cmake/firstpkgConfig.cmake
[0.256s] -- Installing: /home/ph/ros2_firstw/src/install/firstpkg/share/firstpkg/cmake/firstpkgConfig-version.cmake
[0.256s] -- Installing: /home/ph/ros2_firstw/src/install/firstpkg/share/firstpkg/package.xml
[0.260s] Invoked command in '/home/ph/ros2_firstw/src/build/firstpkg' returned '0': CMAKE_PREFIX_PATH=/opt/ros/humble /usr/bin/cmake --install /home/ph/ros2_firstw/src/build/firstpkg
