[0.022s] Invoking command in '/home/ph/wsfake/helios16p_ws/build/rslidar_sdk': AMENT_PREFIX_PATH=/home/ph/wsfake/helios16p_ws/install/rslidar_msg:${AMENT_PREFIX_PATH} CMAKE_PREFIX_PATH=/home/ph/wsfake/helios16p_ws/install/rslidar_msg:/home/ph/ws/lidar_ws/install/rslidar_sdk:/home/ph/ws/lidar_ws/install/rslidar_msg:/home/ph/ws/lidar_ws/install/kiss_icp:/home/ph/ws/lidar_ws/install/helios16p_cane_robot:/opt/ros/humble LD_LIBRARY_PATH=/home/ph/wsfake/helios16p_ws/install/rslidar_msg/lib:${LD_LIBRARY_PATH} PYTHONPATH=/home/ph/wsfake/helios16p_ws/install/rslidar_msg/local/lib/python3.10/dist-packages:${PYTHONPATH} /usr/bin/cmake /home/ph/wsfake/helios16p_ws/src/rslidar_sdk -DCMAKE_INSTALL_PREFIX=/home/ph/wsfake/helios16p_ws/install/rslidar_sdk
[0.029s] [0mCMake Deprecation Warning at CMakeLists.txt:1 (cmake_minimum_required):
[0.029s]   Compatibility with CMake < 3.10 will be removed from a future version of
[0.029s]   CMake.
[0.029s] 
[0.030s]   Update the VERSION argument <min> value.  Or, use the <min>...<max> syntax
[0.030s]   to tell CMake that the project requires at least <min> but has been updated
[0.030s]   to work with policies introduced by <max> or earlier.
[0.030s] 
[0.030s] [0m
[0.097s] -- The C compiler identification is GNU 11.4.0
[0.224s] -- The CXX compiler identification is GNU 11.4.0
[0.238s] -- Detecting C compiler ABI info
[0.335s] -- Detecting C compiler ABI info - done
[0.355s] -- Check for working C compiler: /usr/bin/cc - skipped
[0.355s] -- Detecting C compile features
[0.355s] -- Detecting C compile features - done
[0.374s] -- Detecting CXX compiler ABI info
[0.499s] -- Detecting CXX compiler ABI info - done
[0.524s] -- Check for working CXX compiler: /usr/bin/c++ - skipped
[0.524s] -- Detecting CXX compile features
[0.525s] -- Detecting CXX compile features - done
[0.540s] [0m=============================================================[0m
[0.540s] [0m-- POINT_TYPE is XYZI[0m
[0.540s] [0m=============================================================[0m
[0.559s] [0m=============================================================[0m
[0.559s] [0m-- ROS Not Found. ROS Support is turned Off.[0m
[0.559s] [0m=============================================================[0m
[0.773s] -- Found Python3: /usr/bin/python3 (found version "3.10.12") found components: Interpreter
[1.050s] -- Found rosidl_generator_c: 3.1.7 (/opt/ros/humble/share/rosidl_generator_c/cmake)
[1.064s] -- Found rosidl_adapter: 3.1.7 (/opt/ros/humble/share/rosidl_adapter/cmake)
[1.084s] -- Found rosidl_generator_cpp: 3.1.7 (/opt/ros/humble/share/rosidl_generator_cpp/cmake)
[1.112s] -- Using all available rosidl_typesupport_c: rosidl_typesupport_fastrtps_c;rosidl_typesupport_introspection_c
[1.147s] -- Using all available rosidl_typesupport_cpp: rosidl_typesupport_fastrtps_cpp;rosidl_typesupport_introspection_cpp
[1.252s] -- Found rmw_implementation_cmake: 6.1.2 (/opt/ros/humble/share/rmw_implementation_cmake/cmake)
[1.260s] -- Found rmw_fastrtps_cpp: 6.2.9 (/opt/ros/humble/share/rmw_fastrtps_cpp/cmake)
[1.472s] -- Found OpenSSL: /usr/lib/x86_64-linux-gnu/libcrypto.so (found version "3.0.2")
[1.525s] -- Found FastRTPS: /opt/ros/humble/include
[1.595s] -- Using RMW implementation 'rmw_fastrtps_cpp' as default
[1.616s] -- Performing Test CMAKE_HAVE_LIBC_PTHREAD
[1.721s] -- Performing Test CMAKE_HAVE_LIBC_PTHREAD - Success
[1.722s] -- Found Threads: TRUE
[1.859s] [0m=============================================================[0m
[1.860s] [0m-- ROS2 Found. ROS2 Support is turned On.[0m
[1.860s] [0m=============================================================[0m
[1.869s] -- Found sensor_msgs: 4.9.0 (/opt/ros/humble/share/sensor_msgs/cmake)
[1.933s] -- Found rslidar_msg: 0.0.0 (/home/ph/wsfake/helios16p_ws/install/rslidar_msg/share/rslidar_msg/cmake)
[1.964s] [0mCMake Deprecation Warning at src/rs_driver/CMakeLists.txt:1 (cmake_minimum_required):
[1.964s]   Compatibility with CMake < 3.10 will be removed from a future version of
[1.964s]   CMake.
[1.965s] 
[1.965s]   Update the VERSION argument <min> value.  Or, use the <min>...<max> syntax
[1.965s]   to tell CMake that the project requires at least <min> but has been updated
[1.965s]   to work with policies introduced by <max> or earlier.
[1.965s] 
[1.966s] [0m
[1.966s] [0m=============================================================[0m
[1.966s] [0m-- CMake run for UNIX GNU Compiler[0m
[1.966s] [0m=============================================================[0m
[1.966s] [0m=============================================================[0m
[1.966s] [0m-- rs_driver Version : v1.5.18[0m
[1.966s] [0m=============================================================[0m
[2.098s] -- Configuring done (2.1s)
[2.119s] -- Generating done (0.0s)
[2.152s] -- Build files have been written to: /home/ph/wsfake/helios16p_ws/build/rslidar_sdk
[2.166s] Invoked command in '/home/ph/wsfake/helios16p_ws/build/rslidar_sdk' returned '0': AMENT_PREFIX_PATH=/home/ph/wsfake/helios16p_ws/install/rslidar_msg:${AMENT_PREFIX_PATH} CMAKE_PREFIX_PATH=/home/ph/wsfake/helios16p_ws/install/rslidar_msg:/home/ph/ws/lidar_ws/install/rslidar_sdk:/home/ph/ws/lidar_ws/install/rslidar_msg:/home/ph/ws/lidar_ws/install/kiss_icp:/home/ph/ws/lidar_ws/install/helios16p_cane_robot:/opt/ros/humble LD_LIBRARY_PATH=/home/ph/wsfake/helios16p_ws/install/rslidar_msg/lib:${LD_LIBRARY_PATH} PYTHONPATH=/home/ph/wsfake/helios16p_ws/install/rslidar_msg/local/lib/python3.10/dist-packages:${PYTHONPATH} /usr/bin/cmake /home/ph/wsfake/helios16p_ws/src/rslidar_sdk -DCMAKE_INSTALL_PREFIX=/home/ph/wsfake/helios16p_ws/install/rslidar_sdk
[2.170s] Invoking command in '/home/ph/wsfake/helios16p_ws/build/rslidar_sdk': AMENT_PREFIX_PATH=/home/ph/wsfake/helios16p_ws/install/rslidar_msg:${AMENT_PREFIX_PATH} CMAKE_PREFIX_PATH=/home/ph/wsfake/helios16p_ws/install/rslidar_msg:/home/ph/ws/lidar_ws/install/rslidar_sdk:/home/ph/ws/lidar_ws/install/rslidar_msg:/home/ph/ws/lidar_ws/install/kiss_icp:/home/ph/ws/lidar_ws/install/helios16p_cane_robot:/opt/ros/humble LD_LIBRARY_PATH=/home/ph/wsfake/helios16p_ws/install/rslidar_msg/lib:${LD_LIBRARY_PATH} PYTHONPATH=/home/ph/wsfake/helios16p_ws/install/rslidar_msg/local/lib/python3.10/dist-packages:${PYTHONPATH} /usr/bin/cmake --build /home/ph/wsfake/helios16p_ws/build/rslidar_sdk -- -j8 -l8
[2.226s] [ 66%] [32mBuilding CXX object CMakeFiles/rslidar_sdk_node.dir/node/rslidar_sdk_node.cpp.o[0m
[2.226s] [ 66%] [32mBuilding CXX object CMakeFiles/rslidar_sdk_node.dir/src/manager/node_manager.cpp.o[0m
[25.381s] [100%] [1m[32mLinking CXX executable rslidar_sdk_node[0m
[25.699s] [100%] Built target rslidar_sdk_node
[25.713s] Invoked command in '/home/ph/wsfake/helios16p_ws/build/rslidar_sdk' returned '0': AMENT_PREFIX_PATH=/home/ph/wsfake/helios16p_ws/install/rslidar_msg:${AMENT_PREFIX_PATH} CMAKE_PREFIX_PATH=/home/ph/wsfake/helios16p_ws/install/rslidar_msg:/home/ph/ws/lidar_ws/install/rslidar_sdk:/home/ph/ws/lidar_ws/install/rslidar_msg:/home/ph/ws/lidar_ws/install/kiss_icp:/home/ph/ws/lidar_ws/install/helios16p_cane_robot:/opt/ros/humble LD_LIBRARY_PATH=/home/ph/wsfake/helios16p_ws/install/rslidar_msg/lib:${LD_LIBRARY_PATH} PYTHONPATH=/home/ph/wsfake/helios16p_ws/install/rslidar_msg/local/lib/python3.10/dist-packages:${PYTHONPATH} /usr/bin/cmake --build /home/ph/wsfake/helios16p_ws/build/rslidar_sdk -- -j8 -l8
[25.725s] Invoking command in '/home/ph/wsfake/helios16p_ws/build/rslidar_sdk': AMENT_PREFIX_PATH=/home/ph/wsfake/helios16p_ws/install/rslidar_msg:${AMENT_PREFIX_PATH} CMAKE_PREFIX_PATH=/home/ph/wsfake/helios16p_ws/install/rslidar_msg:/home/ph/ws/lidar_ws/install/rslidar_sdk:/home/ph/ws/lidar_ws/install/rslidar_msg:/home/ph/ws/lidar_ws/install/kiss_icp:/home/ph/ws/lidar_ws/install/helios16p_cane_robot:/opt/ros/humble LD_LIBRARY_PATH=/home/ph/wsfake/helios16p_ws/install/rslidar_msg/lib:${LD_LIBRARY_PATH} PYTHONPATH=/home/ph/wsfake/helios16p_ws/install/rslidar_msg/local/lib/python3.10/dist-packages:${PYTHONPATH} /usr/bin/cmake --install /home/ph/wsfake/helios16p_ws/build/rslidar_sdk
[25.730s] -- Install configuration: "Release"
[25.730s] -- Installing: /home/ph/wsfake/helios16p_ws/install/rslidar_sdk/lib/rslidar_sdk/rslidar_sdk_node
[25.732s] -- Set non-toolchain portion of runtime path of "/home/ph/wsfake/helios16p_ws/install/rslidar_sdk/lib/rslidar_sdk/rslidar_sdk_node" to ""
[25.733s] -- Installing: /home/ph/wsfake/helios16p_ws/install/rslidar_sdk/share/rslidar_sdk/launch
[25.733s] -- Installing: /home/ph/wsfake/helios16p_ws/install/rslidar_sdk/share/rslidar_sdk/launch/humble_start.py
[25.733s] -- Installing: /home/ph/wsfake/helios16p_ws/install/rslidar_sdk/share/rslidar_sdk/launch/start.launch
[25.733s] -- Installing: /home/ph/wsfake/helios16p_ws/install/rslidar_sdk/share/rslidar_sdk/launch/elequent_start.py
[25.734s] -- Installing: /home/ph/wsfake/helios16p_ws/install/rslidar_sdk/share/rslidar_sdk/launch/start.py
[25.734s] -- Installing: /home/ph/wsfake/helios16p_ws/install/rslidar_sdk/share/rslidar_sdk/rviz
[25.734s] -- Installing: /home/ph/wsfake/helios16p_ws/install/rslidar_sdk/share/rslidar_sdk/rviz/rviz.rviz
[25.735s] -- Installing: /home/ph/wsfake/helios16p_ws/install/rslidar_sdk/share/rslidar_sdk/rviz/rviz2.rviz
[25.735s] -- Installing: /home/ph/wsfake/helios16p_ws/install/rslidar_sdk/share/ament_index/resource_index/package_run_dependencies/rslidar_sdk
[25.735s] -- Installing: /home/ph/wsfake/helios16p_ws/install/rslidar_sdk/share/ament_index/resource_index/parent_prefix_path/rslidar_sdk
[25.736s] -- Installing: /home/ph/wsfake/helios16p_ws/install/rslidar_sdk/share/rslidar_sdk/environment/ament_prefix_path.sh
[25.736s] -- Installing: /home/ph/wsfake/helios16p_ws/install/rslidar_sdk/share/rslidar_sdk/environment/ament_prefix_path.dsv
[25.736s] -- Installing: /home/ph/wsfake/helios16p_ws/install/rslidar_sdk/share/rslidar_sdk/environment/path.sh
[25.736s] -- Installing: /home/ph/wsfake/helios16p_ws/install/rslidar_sdk/share/rslidar_sdk/environment/path.dsv
[25.737s] -- Installing: /home/ph/wsfake/helios16p_ws/install/rslidar_sdk/share/rslidar_sdk/local_setup.bash
[25.737s] -- Installing: /home/ph/wsfake/helios16p_ws/install/rslidar_sdk/share/rslidar_sdk/local_setup.sh
[25.737s] -- Installing: /home/ph/wsfake/helios16p_ws/install/rslidar_sdk/share/rslidar_sdk/local_setup.zsh
[25.737s] -- Installing: /home/ph/wsfake/helios16p_ws/install/rslidar_sdk/share/rslidar_sdk/local_setup.dsv
[25.737s] -- Installing: /home/ph/wsfake/helios16p_ws/install/rslidar_sdk/share/rslidar_sdk/package.dsv
[25.738s] -- Installing: /home/ph/wsfake/helios16p_ws/install/rslidar_sdk/share/ament_index/resource_index/packages/rslidar_sdk
[25.738s] -- Installing: /home/ph/wsfake/helios16p_ws/install/rslidar_sdk/share/rslidar_sdk/cmake/rslidar_sdkConfig.cmake
[25.738s] -- Installing: /home/ph/wsfake/helios16p_ws/install/rslidar_sdk/share/rslidar_sdk/cmake/rslidar_sdkConfig-version.cmake
[25.738s] -- Installing: /home/ph/wsfake/helios16p_ws/install/rslidar_sdk/share/rslidar_sdk/package.xml
[25.742s] Invoked command in '/home/ph/wsfake/helios16p_ws/build/rslidar_sdk' returned '0': AMENT_PREFIX_PATH=/home/ph/wsfake/helios16p_ws/install/rslidar_msg:${AMENT_PREFIX_PATH} CMAKE_PREFIX_PATH=/home/ph/wsfake/helios16p_ws/install/rslidar_msg:/home/ph/ws/lidar_ws/install/rslidar_sdk:/home/ph/ws/lidar_ws/install/rslidar_msg:/home/ph/ws/lidar_ws/install/kiss_icp:/home/ph/ws/lidar_ws/install/helios16p_cane_robot:/opt/ros/humble LD_LIBRARY_PATH=/home/ph/wsfake/helios16p_ws/install/rslidar_msg/lib:${LD_LIBRARY_PATH} PYTHONPATH=/home/ph/wsfake/helios16p_ws/install/rslidar_msg/local/lib/python3.10/dist-packages:${PYTHONPATH} /usr/bin/cmake --install /home/ph/wsfake/helios16p_ws/build/rslidar_sdk
