[0.020s] Invoking command in '/home/ph/fifth_ws/src/build/urdf_tutorial_cpp': CMAKE_PREFIX_PATH=/home/ph/fifth_ws/src/install/urdf_tutorial_cpp:/opt/ros/humble:/home/ph/fourth_ws/install/urdf_sim_tutorial:/home/ph/fourth_ws/install/urdf_tutorial:/home/ph/fourth_ws/install/urdf_launch /usr/bin/cmake --build /home/ph/fifth_ws/src/build/urdf_tutorial_cpp -- -j8 -l8
[0.111s] [100%] Built target urdf_tutorial_cpp
[0.129s] Invoked command in '/home/ph/fifth_ws/src/build/urdf_tutorial_cpp' returned '0': CMAKE_PREFIX_PATH=/home/ph/fifth_ws/src/install/urdf_tutorial_cpp:/opt/ros/humble:/home/ph/fourth_ws/install/urdf_sim_tutorial:/home/ph/fourth_ws/install/urdf_tutorial:/home/ph/fourth_ws/install/urdf_launch /usr/bin/cmake --build /home/ph/fifth_ws/src/build/urdf_tutorial_cpp -- -j8 -l8
[0.146s] Invoking command in '/home/ph/fifth_ws/src/build/urdf_tutorial_cpp': CMAKE_PREFIX_PATH=/home/ph/fifth_ws/src/install/urdf_tutorial_cpp:/opt/ros/humble:/home/ph/fourth_ws/install/urdf_sim_tutorial:/home/ph/fourth_ws/install/urdf_tutorial:/home/ph/fourth_ws/install/urdf_launch /usr/bin/cmake --install /home/ph/fifth_ws/src/build/urdf_tutorial_cpp
[0.154s] -- Install configuration: ""
[0.155s] -- Execute custom install script
[0.155s] -- Up-to-date symlink: /home/ph/fifth_ws/src/install/urdf_tutorial_cpp/lib/urdf_tutorial_cpp/urdf_tutorial_cpp
[0.156s] -- Up-to-date symlink: /home/ph/fifth_ws/src/install/urdf_tutorial_cpp/share/urdf_tutorial_cpp/launch/launch.py
[0.156s] -- Up-to-date symlink: /home/ph/fifth_ws/src/install/urdf_tutorial_cpp/share/urdf_tutorial_cpp/urdf/r2d2.rviz
[0.156s] -- Up-to-date symlink: /home/ph/fifth_ws/src/install/urdf_tutorial_cpp/share/urdf_tutorial_cpp/urdf/r2d2.urd.xml
[0.157s] -- Up-to-date symlink: /home/ph/fifth_ws/src/install/urdf_tutorial_cpp/share/urdf_tutorial_cpp/urdf/r2d2.urdf.xml
[0.157s] -- Up-to-date symlink: /home/ph/fifth_ws/src/install/urdf_tutorial_cpp/share/ament_index/resource_index/package_run_dependencies/urdf_tutorial_cpp
[0.157s] -- Up-to-date symlink: /home/ph/fifth_ws/src/install/urdf_tutorial_cpp/share/ament_index/resource_index/parent_prefix_path/urdf_tutorial_cpp
[0.157s] -- Up-to-date symlink: /home/ph/fifth_ws/src/install/urdf_tutorial_cpp/share/urdf_tutorial_cpp/environment/ament_prefix_path.sh
[0.158s] -- Up-to-date symlink: /home/ph/fifth_ws/src/install/urdf_tutorial_cpp/share/urdf_tutorial_cpp/environment/ament_prefix_path.dsv
[0.158s] -- Up-to-date symlink: /home/ph/fifth_ws/src/install/urdf_tutorial_cpp/share/urdf_tutorial_cpp/environment/path.sh
[0.158s] -- Up-to-date symlink: /home/ph/fifth_ws/src/install/urdf_tutorial_cpp/share/urdf_tutorial_cpp/environment/path.dsv
[0.158s] -- Up-to-date symlink: /home/ph/fifth_ws/src/install/urdf_tutorial_cpp/share/urdf_tutorial_cpp/local_setup.bash
[0.158s] -- Up-to-date symlink: /home/ph/fifth_ws/src/install/urdf_tutorial_cpp/share/urdf_tutorial_cpp/local_setup.sh
[0.159s] -- Up-to-date symlink: /home/ph/fifth_ws/src/install/urdf_tutorial_cpp/share/urdf_tutorial_cpp/local_setup.zsh
[0.159s] -- Up-to-date symlink: /home/ph/fifth_ws/src/install/urdf_tutorial_cpp/share/urdf_tutorial_cpp/local_setup.dsv
[0.159s] -- Symlinking: /home/ph/fifth_ws/src/install/urdf_tutorial_cpp/share/urdf_tutorial_cpp/package.dsv
[0.179s] -- Up-to-date symlink: /home/ph/fifth_ws/src/install/urdf_tutorial_cpp/share/ament_index/resource_index/packages/urdf_tutorial_cpp
[0.179s] -- Up-to-date symlink: /home/ph/fifth_ws/src/install/urdf_tutorial_cpp/share/urdf_tutorial_cpp/cmake/urdf_tutorial_cppConfig.cmake
[0.179s] -- Up-to-date symlink: /home/ph/fifth_ws/src/install/urdf_tutorial_cpp/share/urdf_tutorial_cpp/cmake/urdf_tutorial_cppConfig-version.cmake
[0.180s] -- Up-to-date symlink: /home/ph/fifth_ws/src/install/urdf_tutorial_cpp/share/urdf_tutorial_cpp/package.xml
[0.183s] Invoked command in '/home/ph/fifth_ws/src/build/urdf_tutorial_cpp' returned '0': CMAKE_PREFIX_PATH=/home/ph/fifth_ws/src/install/urdf_tutorial_cpp:/opt/ros/humble:/home/ph/fourth_ws/install/urdf_sim_tutorial:/home/ph/fourth_ws/install/urdf_tutorial:/home/ph/fourth_ws/install/urdf_launch /usr/bin/cmake --install /home/ph/fifth_ws/src/build/urdf_tutorial_cpp
