-- Found ament_cmake: 1.3.12 (/opt/ros/humble/share/ament_cmake/cmake)
-- Found ament_cmake_ros: 0.10.0 (/opt/ros/humble/share/ament_cmake_ros/cmake)
-- Found pluginlib: 5.1.2 (/opt/ros/humble/share/pluginlib/cmake)
-- Found rviz_common: 11.2.22 (/opt/ros/humble/share/rviz_common/cmake)
-- Setting assimp_DIR to: '/opt/ros/humble/share/rviz_assimp_vendor/cmake/../../../opt/rviz_assimp_vendor/lib/cmake/assimp-4.1'
-- Setting OGRE_DIR to: '/opt/ros/humble/share/rviz_ogre_vendor/cmake/../../../opt/rviz_ogre_vendor/lib/OGRE/cmake'
-- Found OGRE
--   static     : OFF
--   components : HLMS;MeshLodGenerator;Overlay;Paging;Property;RTShaderSystem;Terrain;Volume
--   plugins    : Plugin_BSPSceneManager;Plugin_OctreeSceneManager;Plugin_PCZSceneManager;Plugin_ParticleFX;RenderSystem_GL;RenderSystem_GL3Plus;Codec_STBI
--   media      : /opt/ros/humble/opt/rviz_ogre_vendor/share/OGRE/Media
-- OGRE_LIBRARIES: OgreHLMS;OgreMeshLodGenerator;OgreOverlay;OgrePaging;OgreProperty;OgreRTShaderSystem;OgreTerrain;OgreVolume;OgreMain
-- OGRE_LIBRARY_DIRS: /opt/ros/humble/opt/rviz_ogre_vendor/lib
-- OGRE_PLUGINS: Plugin_BSPSceneManager;Plugin_OctreeSceneManager;Plugin_PCZSceneManager;Plugin_ParticleFX;RenderSystem_GL;RenderSystem_GL3Plus;Codec_STBI
-- OGRE_PLUGIN_DIR: /opt/ros/humble/opt/rviz_ogre_vendor/lib/OGRE
-- rviz_ogre_vendor::OgreOverlay for IMPORTED_LOCATION_RELEASE: /opt/ros/humble/opt/rviz_ogre_vendor/lib/libOgreOverlay.so
-- rviz_ogre_vendor::OgreOverlay for IMPORTED_LOCATION_DEBUG: /opt/ros/humble/opt/rviz_ogre_vendor/lib/libOgreOverlay.so
-- rviz_ogre_vendor::OgreMain for IMPORTED_LOCATION_RELEASE: /opt/ros/humble/opt/rviz_ogre_vendor/lib/libOgreMain.so
-- rviz_ogre_vendor::OgreMain for IMPORTED_LOCATION_DEBUG: /opt/ros/humble/opt/rviz_ogre_vendor/lib/libOgreMain.so
-- library: /usr/lib/x86_64-linux-gnu/libcurl.so
-- Found rosidl_generator_c: 3.1.7 (/opt/ros/humble/share/rosidl_generator_c/cmake)
-- Found rosidl_adapter: 3.1.7 (/opt/ros/humble/share/rosidl_adapter/cmake)
-- Found rosidl_generator_cpp: 3.1.7 (/opt/ros/humble/share/rosidl_generator_cpp/cmake)
-- Using all available rosidl_typesupport_c: rosidl_typesupport_fastrtps_c;rosidl_typesupport_introspection_c
-- Using all available rosidl_typesupport_cpp: rosidl_typesupport_fastrtps_cpp;rosidl_typesupport_introspection_cpp
-- Found rmw_implementation_cmake: 6.1.2 (/opt/ros/humble/share/rmw_implementation_cmake/cmake)
-- Found rmw_fastrtps_cpp: 6.2.9 (/opt/ros/humble/share/rmw_fastrtps_cpp/cmake)
-- Found TinyXML2 via Config file: TinyXML2_DIR-NOTFOUND
-- Found TinyXML2 via Config file: TinyXML2_DIR-NOTFOUND
-- Found TinyXML2 via Config file: TinyXML2_DIR-NOTFOUND
-- Found TinyXML2 via Config file: TinyXML2_DIR-NOTFOUND
-- Using RMW implementation 'rmw_fastrtps_cpp' as default
-- Ensuring Eigen3 include directory is part of orocos-kdl CMake target
-- Found rviz_plugin_tutorial_msgs: 0.0.0 (/home/ph/sixth_ws/install/rviz_plugin_tutorial_msgs/share/rviz_plugin_tutorial_msgs/cmake)
-- Found ament_lint_auto: 0.12.14 (/opt/ros/humble/share/ament_lint_auto/cmake)
-- Added test 'copyright' to check source files copyright and LICENSE
-- Added test 'cppcheck' to perform static code analysis on C / C++ code
-- Configured cppcheck include dirs: $<BUILD_INTERFACE:/home/ph/sixth_ws/src/rviz_plugin_tutorial/rviz_plugin_tutorial/include>
-- Configured cppcheck exclude dirs and/or files: 
-- Added test 'cpplint' to check C / C++ code against the Google style
-- Configured cpplint exclude dirs and/or files: 
-- Added test 'lint_cmake' to check CMake code style
-- Added test 'uncrustify' to check C / C++ code style
-- Configured uncrustify additional arguments: 
-- Added test 'xmllint' to check XML markup files
-- Configuring done
-- Generating done
-- Build files have been written to: /home/ph/sixth_ws/build/rviz_plugin_tutorial
[ 16%] [34m[1mAutomatic MOC for target point_display[0m
[ 16%] Built target point_display_autogen
[ 33%] [34m[1mGenerating include/rviz_plugin_tutorial/moc_point_display.cpp[0m
[35m[1mConsolidate compiler generated dependencies of target point_display[0m
[ 50%] [32mBuilding CXX object CMakeFiles/point_display.dir/include/rviz_plugin_tutorial/moc_point_display.cpp.o[0m
[ 66%] [32mBuilding CXX object CMakeFiles/point_display.dir/src/point_display.cpp.o[0m
[ 83%] [32mBuilding CXX object CMakeFiles/point_display.dir/point_display_autogen/mocs_compilation.cpp.o[0m
[100%] [32m[1mLinking CXX shared library libpoint_display.so[0m
[100%] Built target point_display
-- Install configuration: ""
-- Installing: /home/ph/sixth_ws/install/rviz_plugin_tutorial/lib/libpoint_display.so
-- Set runtime path of "/home/ph/sixth_ws/install/rviz_plugin_tutorial/lib/libpoint_display.so" to ""
-- Up-to-date: /home/ph/sixth_ws/install/rviz_plugin_tutorial/include
-- Up-to-date: /home/ph/sixth_ws/install/rviz_plugin_tutorial/include/rviz_plugin_tutorial
-- Installing: /home/ph/sixth_ws/install/rviz_plugin_tutorial/include/rviz_plugin_tutorial/point_display.hpp
-- Installing: /home/ph/sixth_ws/install/rviz_plugin_tutorial/share/rviz_plugin_tutorial/rviz_common_plugins.xml
-- Up-to-date: /home/ph/sixth_ws/install/rviz_plugin_tutorial/share/rviz_plugin_tutorial/rviz_common_plugins.xml
-- Up-to-date: /home/ph/sixth_ws/install/rviz_plugin_tutorial/share/ament_index/resource_index/package_run_dependencies/rviz_plugin_tutorial
-- Installing: /home/ph/sixth_ws/install/rviz_plugin_tutorial/share/ament_index/resource_index/parent_prefix_path/rviz_plugin_tutorial
-- Up-to-date: /home/ph/sixth_ws/install/rviz_plugin_tutorial/share/rviz_plugin_tutorial/environment/ament_prefix_path.sh
-- Installing: /home/ph/sixth_ws/install/rviz_plugin_tutorial/share/rviz_plugin_tutorial/environment/ament_prefix_path.dsv
-- Up-to-date: /home/ph/sixth_ws/install/rviz_plugin_tutorial/share/rviz_plugin_tutorial/environment/path.sh
-- Installing: /home/ph/sixth_ws/install/rviz_plugin_tutorial/share/rviz_plugin_tutorial/environment/path.dsv
-- Up-to-date: /home/ph/sixth_ws/install/rviz_plugin_tutorial/share/rviz_plugin_tutorial/local_setup.bash
-- Up-to-date: /home/ph/sixth_ws/install/rviz_plugin_tutorial/share/rviz_plugin_tutorial/local_setup.sh
-- Up-to-date: /home/ph/sixth_ws/install/rviz_plugin_tutorial/share/rviz_plugin_tutorial/local_setup.zsh
-- Installing: /home/ph/sixth_ws/install/rviz_plugin_tutorial/share/rviz_plugin_tutorial/local_setup.dsv
-- Installing: /home/ph/sixth_ws/install/rviz_plugin_tutorial/share/rviz_plugin_tutorial/package.dsv
-- Up-to-date: /home/ph/sixth_ws/install/rviz_plugin_tutorial/share/ament_index/resource_index/packages/rviz_plugin_tutorial
-- Up-to-date: /home/ph/sixth_ws/install/rviz_plugin_tutorial/share/ament_index/resource_index/rviz_common__pluginlib__plugin/rviz_plugin_tutorial
-- Old export file "/home/ph/sixth_ws/install/rviz_plugin_tutorial/share/rviz_plugin_tutorial/cmake/export_rviz_plugin_tutorialExport.cmake" will be replaced.  Removing files [/home/ph/sixth_ws/install/rviz_plugin_tutorial/share/rviz_plugin_tutorial/cmake/export_rviz_plugin_tutorialExport-noconfig.cmake].
-- Installing: /home/ph/sixth_ws/install/rviz_plugin_tutorial/share/rviz_plugin_tutorial/cmake/export_rviz_plugin_tutorialExport.cmake
-- Installing: /home/ph/sixth_ws/install/rviz_plugin_tutorial/share/rviz_plugin_tutorial/cmake/export_rviz_plugin_tutorialExport-noconfig.cmake
-- Up-to-date: /home/ph/sixth_ws/install/rviz_plugin_tutorial/share/rviz_plugin_tutorial/cmake/ament_cmake_export_include_directories-extras.cmake
-- Up-to-date: /home/ph/sixth_ws/install/rviz_plugin_tutorial/share/rviz_plugin_tutorial/cmake/ament_cmake_export_targets-extras.cmake
-- Up-to-date: /home/ph/sixth_ws/install/rviz_plugin_tutorial/share/rviz_plugin_tutorial/cmake/rviz_plugin_tutorialConfig.cmake
-- Up-to-date: /home/ph/sixth_ws/install/rviz_plugin_tutorial/share/rviz_plugin_tutorial/cmake/rviz_plugin_tutorialConfig-version.cmake
-- Installing: /home/ph/sixth_ws/install/rviz_plugin_tutorial/share/rviz_plugin_tutorial/package.xml
