[0.032s] Invoking command in '/home/ph/sixth_ws/build/rviz_plugin_tutorial': CMAKE_PREFIX_PATH=/home/ph/sixth_ws/install/rviz_plugin_tutorial_msgs:/home/ph/sixth_ws/install/rviz_plugin_tutorial:/home/ph/fifth_ws/src/install/urdf_tutorial_cpp:/opt/ros/humble:/home/ph/fourth_ws/install/urdf_sim_tutorial:/home/ph/fourth_ws/install/urdf_tutorial:/home/ph/fourth_ws/install/urdf_launch LD_LIBRARY_PATH=/home/ph/sixth_ws/install/rviz_plugin_tutorial_msgs/lib:/home/ph/sixth_ws/install/rviz_plugin_tutorial/lib:/usr/lib/x86_64-linux-gnu/gazebo-11/plugins:/opt/ros/humble/opt/rviz_ogre_vendor/lib:/opt/ros/humble/lib/x86_64-linux-gnu:/opt/ros/humble/lib /usr/bin/cmake --build /home/ph/sixth_ws/build/rviz_plugin_tutorial -- -j8 -l8
[0.075s] -- Found ament_cmake: 1.3.12 (/opt/ros/humble/share/ament_cmake/cmake)
[0.263s] -- Found ament_cmake_ros: 0.10.0 (/opt/ros/humble/share/ament_cmake_ros/cmake)
[0.270s] -- Found pluginlib: 5.1.2 (/opt/ros/humble/share/pluginlib/cmake)
[0.335s] -- Found rviz_common: 11.2.22 (/opt/ros/humble/share/rviz_common/cmake)
[0.361s] -- Setting assimp_DIR to: '/opt/ros/humble/share/rviz_assimp_vendor/cmake/../../../opt/rviz_assimp_vendor/lib/cmake/assimp-4.1'
[0.369s] -- Setting OGRE_DIR to: '/opt/ros/humble/share/rviz_ogre_vendor/cmake/../../../opt/rviz_ogre_vendor/lib/OGRE/cmake'
[0.373s] -- Found OGRE
[0.374s] --   static     : OFF
[0.374s] --   components : HLMS;MeshLodGenerator;Overlay;Paging;Property;RTShaderSystem;Terrain;Volume
[0.374s] --   plugins    : Plugin_BSPSceneManager;Plugin_OctreeSceneManager;Plugin_PCZSceneManager;Plugin_ParticleFX;RenderSystem_GL;RenderSystem_GL3Plus;Codec_STBI
[0.375s] --   media      : /opt/ros/humble/opt/rviz_ogre_vendor/share/OGRE/Media
[0.375s] -- OGRE_LIBRARIES: OgreHLMS;OgreMeshLodGenerator;OgreOverlay;OgrePaging;OgreProperty;OgreRTShaderSystem;OgreTerrain;OgreVolume;OgreMain
[0.375s] -- OGRE_LIBRARY_DIRS: /opt/ros/humble/opt/rviz_ogre_vendor/lib
[0.376s] -- OGRE_PLUGINS: Plugin_BSPSceneManager;Plugin_OctreeSceneManager;Plugin_PCZSceneManager;Plugin_ParticleFX;RenderSystem_GL;RenderSystem_GL3Plus;Codec_STBI
[0.376s] -- OGRE_PLUGIN_DIR: /opt/ros/humble/opt/rviz_ogre_vendor/lib/OGRE
[0.376s] -- rviz_ogre_vendor::OgreOverlay for IMPORTED_LOCATION_RELEASE: /opt/ros/humble/opt/rviz_ogre_vendor/lib/libOgreOverlay.so
[0.376s] -- rviz_ogre_vendor::OgreOverlay for IMPORTED_LOCATION_DEBUG: /opt/ros/humble/opt/rviz_ogre_vendor/lib/libOgreOverlay.so
[0.376s] -- rviz_ogre_vendor::OgreMain for IMPORTED_LOCATION_RELEASE: /opt/ros/humble/opt/rviz_ogre_vendor/lib/libOgreMain.so
[0.376s] -- rviz_ogre_vendor::OgreMain for IMPORTED_LOCATION_DEBUG: /opt/ros/humble/opt/rviz_ogre_vendor/lib/libOgreMain.so
[0.488s] -- library: /usr/lib/x86_64-linux-gnu/libcurl.so
[0.512s] -- Found rosidl_generator_c: 3.1.7 (/opt/ros/humble/share/rosidl_generator_c/cmake)
[0.515s] -- Found rosidl_adapter: 3.1.7 (/opt/ros/humble/share/rosidl_adapter/cmake)
[0.522s] -- Found rosidl_generator_cpp: 3.1.7 (/opt/ros/humble/share/rosidl_generator_cpp/cmake)
[0.535s] -- Using all available rosidl_typesupport_c: rosidl_typesupport_fastrtps_c;rosidl_typesupport_introspection_c
[0.548s] -- Using all available rosidl_typesupport_cpp: rosidl_typesupport_fastrtps_cpp;rosidl_typesupport_introspection_cpp
[0.650s] -- Found rmw_implementation_cmake: 6.1.2 (/opt/ros/humble/share/rmw_implementation_cmake/cmake)
[0.653s] -- Found rmw_fastrtps_cpp: 6.2.9 (/opt/ros/humble/share/rmw_fastrtps_cpp/cmake)
[0.687s] -- Found TinyXML2 via Config file: TinyXML2_DIR-NOTFOUND
[0.700s] -- Found TinyXML2 via Config file: TinyXML2_DIR-NOTFOUND
[0.718s] -- Found TinyXML2 via Config file: TinyXML2_DIR-NOTFOUND
[0.730s] -- Found TinyXML2 via Config file: TinyXML2_DIR-NOTFOUND
[0.745s] -- Using RMW implementation 'rmw_fastrtps_cpp' as default
[0.852s] -- Ensuring Eigen3 include directory is part of orocos-kdl CMake target
[0.988s] -- Found rviz_plugin_tutorial_msgs: 0.0.0 (/home/ph/sixth_ws/install/rviz_plugin_tutorial_msgs/share/rviz_plugin_tutorial_msgs/cmake)
[1.010s] -- Found ament_lint_auto: 0.12.14 (/opt/ros/humble/share/ament_lint_auto/cmake)
[1.119s] -- Added test 'copyright' to check source files copyright and LICENSE
[1.120s] -- Added test 'cppcheck' to perform static code analysis on C / C++ code
[1.120s] -- Configured cppcheck include dirs: $<BUILD_INTERFACE:/home/ph/sixth_ws/src/rviz_plugin_tutorial/rviz_plugin_tutorial/include>
[1.120s] -- Configured cppcheck exclude dirs and/or files: 
[1.121s] -- Added test 'cpplint' to check C / C++ code against the Google style
[1.121s] -- Configured cpplint exclude dirs and/or files: 
[1.122s] -- Added test 'lint_cmake' to check CMake code style
[1.123s] -- Added test 'uncrustify' to check C / C++ code style
[1.123s] -- Configured uncrustify additional arguments: 
[1.123s] -- Added test 'xmllint' to check XML markup files
[1.126s] -- Configuring done
[1.173s] -- Generating done
[1.180s] -- Build files have been written to: /home/ph/sixth_ws/build/rviz_plugin_tutorial
[1.242s] [ 16%] [34m[1mAutomatic MOC for target point_display[0m
[1.291s] [ 16%] Built target point_display_autogen
[1.308s] [ 33%] [34m[1mGenerating include/rviz_plugin_tutorial/moc_point_display.cpp[0m
[1.330s] [35m[1mConsolidate compiler generated dependencies of target point_display[0m
[1.363s] [ 50%] [32mBuilding CXX object CMakeFiles/point_display.dir/include/rviz_plugin_tutorial/moc_point_display.cpp.o[0m
[1.365s] [ 66%] [32mBuilding CXX object CMakeFiles/point_display.dir/src/point_display.cpp.o[0m
[1.367s] [ 83%] [32mBuilding CXX object CMakeFiles/point_display.dir/point_display_autogen/mocs_compilation.cpp.o[0m
[16.694s] [100%] [32m[1mLinking CXX shared library libpoint_display.so[0m
[18.779s] [100%] Built target point_display
[18.797s] Invoked command in '/home/ph/sixth_ws/build/rviz_plugin_tutorial' returned '0': CMAKE_PREFIX_PATH=/home/ph/sixth_ws/install/rviz_plugin_tutorial_msgs:/home/ph/sixth_ws/install/rviz_plugin_tutorial:/home/ph/fifth_ws/src/install/urdf_tutorial_cpp:/opt/ros/humble:/home/ph/fourth_ws/install/urdf_sim_tutorial:/home/ph/fourth_ws/install/urdf_tutorial:/home/ph/fourth_ws/install/urdf_launch LD_LIBRARY_PATH=/home/ph/sixth_ws/install/rviz_plugin_tutorial_msgs/lib:/home/ph/sixth_ws/install/rviz_plugin_tutorial/lib:/usr/lib/x86_64-linux-gnu/gazebo-11/plugins:/opt/ros/humble/opt/rviz_ogre_vendor/lib:/opt/ros/humble/lib/x86_64-linux-gnu:/opt/ros/humble/lib /usr/bin/cmake --build /home/ph/sixth_ws/build/rviz_plugin_tutorial -- -j8 -l8
[18.798s] Invoking command in '/home/ph/sixth_ws/build/rviz_plugin_tutorial': CMAKE_PREFIX_PATH=/home/ph/sixth_ws/install/rviz_plugin_tutorial_msgs:/home/ph/sixth_ws/install/rviz_plugin_tutorial:/home/ph/fifth_ws/src/install/urdf_tutorial_cpp:/opt/ros/humble:/home/ph/fourth_ws/install/urdf_sim_tutorial:/home/ph/fourth_ws/install/urdf_tutorial:/home/ph/fourth_ws/install/urdf_launch LD_LIBRARY_PATH=/home/ph/sixth_ws/install/rviz_plugin_tutorial_msgs/lib:/home/ph/sixth_ws/install/rviz_plugin_tutorial/lib:/usr/lib/x86_64-linux-gnu/gazebo-11/plugins:/opt/ros/humble/opt/rviz_ogre_vendor/lib:/opt/ros/humble/lib/x86_64-linux-gnu:/opt/ros/humble/lib /usr/bin/cmake --install /home/ph/sixth_ws/build/rviz_plugin_tutorial
[18.822s] -- Install configuration: ""
[18.822s] -- Installing: /home/ph/sixth_ws/install/rviz_plugin_tutorial/lib/libpoint_display.so
[18.832s] -- Set runtime path of "/home/ph/sixth_ws/install/rviz_plugin_tutorial/lib/libpoint_display.so" to ""
[18.833s] -- Up-to-date: /home/ph/sixth_ws/install/rviz_plugin_tutorial/include
[18.833s] -- Up-to-date: /home/ph/sixth_ws/install/rviz_plugin_tutorial/include/rviz_plugin_tutorial
[18.833s] -- Installing: /home/ph/sixth_ws/install/rviz_plugin_tutorial/include/rviz_plugin_tutorial/point_display.hpp
[18.834s] -- Installing: /home/ph/sixth_ws/install/rviz_plugin_tutorial/share/rviz_plugin_tutorial/rviz_common_plugins.xml
[18.834s] -- Up-to-date: /home/ph/sixth_ws/install/rviz_plugin_tutorial/share/rviz_plugin_tutorial/rviz_common_plugins.xml
[18.834s] -- Up-to-date: /home/ph/sixth_ws/install/rviz_plugin_tutorial/share/ament_index/resource_index/package_run_dependencies/rviz_plugin_tutorial
[18.834s] -- Installing: /home/ph/sixth_ws/install/rviz_plugin_tutorial/share/ament_index/resource_index/parent_prefix_path/rviz_plugin_tutorial
[18.835s] -- Up-to-date: /home/ph/sixth_ws/install/rviz_plugin_tutorial/share/rviz_plugin_tutorial/environment/ament_prefix_path.sh
[18.835s] -- Installing: /home/ph/sixth_ws/install/rviz_plugin_tutorial/share/rviz_plugin_tutorial/environment/ament_prefix_path.dsv
[18.835s] -- Up-to-date: /home/ph/sixth_ws/install/rviz_plugin_tutorial/share/rviz_plugin_tutorial/environment/path.sh
[18.836s] -- Installing: /home/ph/sixth_ws/install/rviz_plugin_tutorial/share/rviz_plugin_tutorial/environment/path.dsv
[18.836s] -- Up-to-date: /home/ph/sixth_ws/install/rviz_plugin_tutorial/share/rviz_plugin_tutorial/local_setup.bash
[18.836s] -- Up-to-date: /home/ph/sixth_ws/install/rviz_plugin_tutorial/share/rviz_plugin_tutorial/local_setup.sh
[18.836s] -- Up-to-date: /home/ph/sixth_ws/install/rviz_plugin_tutorial/share/rviz_plugin_tutorial/local_setup.zsh
[18.837s] -- Installing: /home/ph/sixth_ws/install/rviz_plugin_tutorial/share/rviz_plugin_tutorial/local_setup.dsv
[18.837s] -- Installing: /home/ph/sixth_ws/install/rviz_plugin_tutorial/share/rviz_plugin_tutorial/package.dsv
[18.837s] -- Up-to-date: /home/ph/sixth_ws/install/rviz_plugin_tutorial/share/ament_index/resource_index/packages/rviz_plugin_tutorial
[18.837s] -- Up-to-date: /home/ph/sixth_ws/install/rviz_plugin_tutorial/share/ament_index/resource_index/rviz_common__pluginlib__plugin/rviz_plugin_tutorial
[18.837s] -- Old export file "/home/ph/sixth_ws/install/rviz_plugin_tutorial/share/rviz_plugin_tutorial/cmake/export_rviz_plugin_tutorialExport.cmake" will be replaced.  Removing files [/home/ph/sixth_ws/install/rviz_plugin_tutorial/share/rviz_plugin_tutorial/cmake/export_rviz_plugin_tutorialExport-noconfig.cmake].
[18.838s] -- Installing: /home/ph/sixth_ws/install/rviz_plugin_tutorial/share/rviz_plugin_tutorial/cmake/export_rviz_plugin_tutorialExport.cmake
[18.838s] -- Installing: /home/ph/sixth_ws/install/rviz_plugin_tutorial/share/rviz_plugin_tutorial/cmake/export_rviz_plugin_tutorialExport-noconfig.cmake
[18.839s] -- Up-to-date: /home/ph/sixth_ws/install/rviz_plugin_tutorial/share/rviz_plugin_tutorial/cmake/ament_cmake_export_include_directories-extras.cmake
[18.839s] -- Up-to-date: /home/ph/sixth_ws/install/rviz_plugin_tutorial/share/rviz_plugin_tutorial/cmake/ament_cmake_export_targets-extras.cmake
[18.839s] -- Up-to-date: /home/ph/sixth_ws/install/rviz_plugin_tutorial/share/rviz_plugin_tutorial/cmake/rviz_plugin_tutorialConfig.cmake
[18.839s] -- Up-to-date: /home/ph/sixth_ws/install/rviz_plugin_tutorial/share/rviz_plugin_tutorial/cmake/rviz_plugin_tutorialConfig-version.cmake
[18.840s] -- Installing: /home/ph/sixth_ws/install/rviz_plugin_tutorial/share/rviz_plugin_tutorial/package.xml
[18.841s] Invoked command in '/home/ph/sixth_ws/build/rviz_plugin_tutorial' returned '0': CMAKE_PREFIX_PATH=/home/ph/sixth_ws/install/rviz_plugin_tutorial_msgs:/home/ph/sixth_ws/install/rviz_plugin_tutorial:/home/ph/fifth_ws/src/install/urdf_tutorial_cpp:/opt/ros/humble:/home/ph/fourth_ws/install/urdf_sim_tutorial:/home/ph/fourth_ws/install/urdf_tutorial:/home/ph/fourth_ws/install/urdf_launch LD_LIBRARY_PATH=/home/ph/sixth_ws/install/rviz_plugin_tutorial_msgs/lib:/home/ph/sixth_ws/install/rviz_plugin_tutorial/lib:/usr/lib/x86_64-linux-gnu/gazebo-11/plugins:/opt/ros/humble/opt/rviz_ogre_vendor/lib:/opt/ros/humble/lib/x86_64-linux-gnu:/opt/ros/humble/lib /usr/bin/cmake --install /home/ph/sixth_ws/build/rviz_plugin_tutorial
