[0.015s] Invoking command in '/home/ph/ros2_firstw/build/firstpkg': CMAKE_PREFIX_PATH=/opt/ros/humble /usr/bin/cmake /home/ph/ros2_firstw/src/firstpkg -DCMAKE_INSTALL_PREFIX=/home/ph/ros2_firstw/install/firstpkg
[0.099s] -- The C compiler identification is GNU 11.4.0
[0.213s] -- The CXX compiler identification is GNU 11.4.0
[0.225s] -- Detecting C compiler ABI info
[0.335s] -- Detecting C compiler ABI info - done
[0.347s] -- Check for working C compiler: /usr/bin/cc - skipped
[0.347s] -- Detecting C compile features
[0.347s] -- Detecting C compile features - done
[0.351s] -- Detecting CXX compiler ABI info
[0.472s] -- Detecting CXX compiler ABI info - done
[0.482s] -- Check for working CXX compiler: /usr/bin/c++ - skipped
[0.483s] -- Detecting CXX compile features
[0.483s] -- Detecting CXX compile features - done
[0.486s] -- Found ament_cmake: 1.3.12 (/opt/ros/humble/share/ament_cmake/cmake)
[0.703s] -- Found Python3: /usr/bin/python3 (found version "3.10.12") found components: Interpreter 
[0.842s] -- Found ament_lint_auto: 0.12.14 (/opt/ros/humble/share/ament_lint_auto/cmake)
[0.947s] -- Added test 'cppcheck' to perform static code analysis on C / C++ code
[0.947s] -- Configured cppcheck include dirs: $<BUILD_INTERFACE:/home/ph/ros2_firstw/src/firstpkg/include>
[0.947s] -- Configured cppcheck exclude dirs and/or files: 
[0.947s] -- Added test 'lint_cmake' to check CMake code style
[0.949s] -- Added test 'uncrustify' to check C / C++ code style
[0.949s] -- Configured uncrustify additional arguments: 
[0.949s] -- Added test 'xmllint' to check XML markup files
[0.950s] -- Configuring done
[0.956s] -- Generating done
[0.958s] -- Build files have been written to: /home/ph/ros2_firstw/build/firstpkg
[0.964s] Invoked command in '/home/ph/ros2_firstw/build/firstpkg' returned '0': CMAKE_PREFIX_PATH=/opt/ros/humble /usr/bin/cmake /home/ph/ros2_firstw/src/firstpkg -DCMAKE_INSTALL_PREFIX=/home/ph/ros2_firstw/install/firstpkg
[0.967s] Invoking command in '/home/ph/ros2_firstw/build/firstpkg': CMAKE_PREFIX_PATH=/opt/ros/humble /usr/bin/cmake --build /home/ph/ros2_firstw/build/firstpkg -- -j8 -l8
[1.050s] [ 50%] [32mBuilding CXX object CMakeFiles/fnode.dir/src/fnode.cpp.o[0m
[1.107s] [100%] [32m[1mLinking CXX executable fnode[0m
[1.187s] [100%] Built target fnode
[1.208s] Invoked command in '/home/ph/ros2_firstw/build/firstpkg' returned '0': CMAKE_PREFIX_PATH=/opt/ros/humble /usr/bin/cmake --build /home/ph/ros2_firstw/build/firstpkg -- -j8 -l8
[1.210s] Invoking command in '/home/ph/ros2_firstw/build/firstpkg': CMAKE_PREFIX_PATH=/opt/ros/humble /usr/bin/cmake --install /home/ph/ros2_firstw/build/firstpkg
[1.231s] -- Install configuration: ""
[1.231s] -- Installing: /home/ph/ros2_firstw/install/firstpkg/lib/firstpkg/fnode
[1.231s] -- Installing: /home/ph/ros2_firstw/install/firstpkg/share/ament_index/resource_index/package_run_dependencies/firstpkg
[1.232s] -- Installing: /home/ph/ros2_firstw/install/firstpkg/share/ament_index/resource_index/parent_prefix_path/firstpkg
[1.232s] -- Installing: /home/ph/ros2_firstw/install/firstpkg/share/firstpkg/environment/ament_prefix_path.sh
[1.232s] -- Installing: /home/ph/ros2_firstw/install/firstpkg/share/firstpkg/environment/ament_prefix_path.dsv
[1.232s] -- Installing: /home/ph/ros2_firstw/install/firstpkg/share/firstpkg/environment/path.sh
[1.233s] -- Installing: /home/ph/ros2_firstw/install/firstpkg/share/firstpkg/environment/path.dsv
[1.233s] -- Installing: /home/ph/ros2_firstw/install/firstpkg/share/firstpkg/local_setup.bash
[1.233s] -- Installing: /home/ph/ros2_firstw/install/firstpkg/share/firstpkg/local_setup.sh
[1.233s] -- Installing: /home/ph/ros2_firstw/install/firstpkg/share/firstpkg/local_setup.zsh
[1.233s] -- Installing: /home/ph/ros2_firstw/install/firstpkg/share/firstpkg/local_setup.dsv
[1.234s] -- Installing: /home/ph/ros2_firstw/install/firstpkg/share/firstpkg/package.dsv
[1.234s] -- Installing: /home/ph/ros2_firstw/install/firstpkg/share/ament_index/resource_index/packages/firstpkg
[1.234s] -- Installing: /home/ph/ros2_firstw/install/firstpkg/share/firstpkg/cmake/firstpkgConfig.cmake
[1.234s] -- Installing: /home/ph/ros2_firstw/install/firstpkg/share/firstpkg/cmake/firstpkgConfig-version.cmake
[1.235s] -- Installing: /home/ph/ros2_firstw/install/firstpkg/share/firstpkg/package.xml
[1.238s] Invoked command in '/home/ph/ros2_firstw/build/firstpkg' returned '0': CMAKE_PREFIX_PATH=/opt/ros/humble /usr/bin/cmake --install /home/ph/ros2_firstw/build/firstpkg
