[0.027s] Invoking command in '/home/ph/ros2_firstw/build/more_interfaces': CMAKE_PREFIX_PATH=${CMAKE_PREFIX_PATH}:/opt/ros/humble /usr/bin/cmake --build /home/ph/ros2_firstw/build/more_interfaces -- -j8 -l8
[0.116s] [  3%] Built target more_interfaces__cpp
[0.116s] [ 12%] Built target more_interfaces__rosidl_generator_c
[0.145s] [ 12%] Built target ament_cmake_python_copy_more_interfaces
[0.172s] [ 21%] Built target more_interfaces__rosidl_typesupport_cpp
[0.187s] [ 30%] Built target more_interfaces__rosidl_typesupport_fastrtps_cpp
[0.192s] [ 39%] Built target more_interfaces__rosidl_typesupport_introspection_cpp
[0.203s] [ 48%] Built target more_interfaces__rosidl_typesupport_fastrtps_c
[0.207s] [35m[1mConsolidate compiler generated dependencies of target publish_address_book[0m
[0.207s] [ 57%] Built target more_interfaces__rosidl_typesupport_introspection_c
[0.218s] [ 66%] Built target more_interfaces__rosidl_typesupport_c
[0.241s] [ 72%] Built target publish_address_book
[0.260s] [ 72%] Built target more_interfaces
[0.292s] [ 75%] Built target more_interfaces__py
[0.328s] [ 81%] Built target more_interfaces__rosidl_generator_py
[0.368s] [ 87%] Built target more_interfaces__rosidl_typesupport_fastrtps_c__pyext
[0.378s] [ 93%] Built target more_interfaces__rosidl_typesupport_introspection_c__pyext
[0.378s] [100%] Built target more_interfaces__rosidl_typesupport_c__pyext
[0.585s] running egg_info
[0.586s] writing more_interfaces.egg-info/PKG-INFO
[0.586s] writing dependency_links to more_interfaces.egg-info/dependency_links.txt
[0.586s] writing top-level names to more_interfaces.egg-info/top_level.txt
[0.591s] reading manifest file 'more_interfaces.egg-info/SOURCES.txt'
[0.592s] writing manifest file 'more_interfaces.egg-info/SOURCES.txt'
[0.641s] [100%] Built target ament_cmake_python_build_more_interfaces_egg
[0.659s] Invoked command in '/home/ph/ros2_firstw/build/more_interfaces' returned '0': CMAKE_PREFIX_PATH=${CMAKE_PREFIX_PATH}:/opt/ros/humble /usr/bin/cmake --build /home/ph/ros2_firstw/build/more_interfaces -- -j8 -l8
[0.662s] Invoking command in '/home/ph/ros2_firstw/build/more_interfaces': CMAKE_PREFIX_PATH=${CMAKE_PREFIX_PATH}:/opt/ros/humble /usr/bin/cmake --install /home/ph/ros2_firstw/build/more_interfaces
[0.684s] -- Install configuration: ""
[0.684s] -- Up-to-date: /home/ph/ros2_firstw/install/more_interfaces/share/ament_index/resource_index/rosidl_interfaces/more_interfaces
[0.684s] -- Up-to-date: /home/ph/ros2_firstw/install/more_interfaces/include/more_interfaces/more_interfaces
[0.684s] -- Up-to-date: /home/ph/ros2_firstw/install/more_interfaces/include/more_interfaces/more_interfaces/msg
[0.684s] -- Up-to-date: /home/ph/ros2_firstw/install/more_interfaces/include/more_interfaces/more_interfaces/msg/rosidl_generator_c__visibility_control.h
[0.684s] -- Up-to-date: /home/ph/ros2_firstw/install/more_interfaces/include/more_interfaces/more_interfaces/msg/address_book.h
[0.684s] -- Up-to-date: /home/ph/ros2_firstw/install/more_interfaces/include/more_interfaces/more_interfaces/msg/detail
[0.684s] -- Up-to-date: /home/ph/ros2_firstw/install/more_interfaces/include/more_interfaces/more_interfaces/msg/detail/address_book__type_support.h
[0.685s] -- Up-to-date: /home/ph/ros2_firstw/install/more_interfaces/include/more_interfaces/more_interfaces/msg/detail/address_book__functions.c
[0.685s] -- Up-to-date: /home/ph/ros2_firstw/install/more_interfaces/include/more_interfaces/more_interfaces/msg/detail/address_book__struct.h
[0.685s] -- Up-to-date: /home/ph/ros2_firstw/install/more_interfaces/include/more_interfaces/more_interfaces/msg/detail/address_book__functions.h
[0.685s] -- Up-to-date: /home/ph/ros2_firstw/install/more_interfaces/share/more_interfaces/environment/library_path.sh
[0.685s] -- Up-to-date: /home/ph/ros2_firstw/install/more_interfaces/share/more_interfaces/environment/library_path.dsv
[0.685s] -- Up-to-date: /home/ph/ros2_firstw/install/more_interfaces/lib/libmore_interfaces__rosidl_generator_c.so
[0.685s] -- Up-to-date: /home/ph/ros2_firstw/install/more_interfaces/include/more_interfaces/more_interfaces
[0.685s] -- Up-to-date: /home/ph/ros2_firstw/install/more_interfaces/include/more_interfaces/more_interfaces/msg
[0.686s] -- Up-to-date: /home/ph/ros2_firstw/install/more_interfaces/include/more_interfaces/more_interfaces/msg/detail
[0.686s] -- Up-to-date: /home/ph/ros2_firstw/install/more_interfaces/include/more_interfaces/more_interfaces/msg/detail/address_book__rosidl_typesupport_fastrtps_c.h
[0.686s] -- Up-to-date: /home/ph/ros2_firstw/install/more_interfaces/include/more_interfaces/more_interfaces/msg/rosidl_typesupport_fastrtps_c__visibility_control.h
[0.686s] -- Up-to-date: /home/ph/ros2_firstw/install/more_interfaces/lib/libmore_interfaces__rosidl_typesupport_fastrtps_c.so
[0.686s] -- Up-to-date: /home/ph/ros2_firstw/install/more_interfaces/include/more_interfaces/more_interfaces
[0.686s] -- Up-to-date: /home/ph/ros2_firstw/install/more_interfaces/include/more_interfaces/more_interfaces/msg
[0.686s] -- Up-to-date: /home/ph/ros2_firstw/install/more_interfaces/include/more_interfaces/more_interfaces/msg/rosidl_typesupport_introspection_c__visibility_control.h
[0.686s] -- Up-to-date: /home/ph/ros2_firstw/install/more_interfaces/include/more_interfaces/more_interfaces/msg/detail
[0.686s] -- Up-to-date: /home/ph/ros2_firstw/install/more_interfaces/include/more_interfaces/more_interfaces/msg/detail/address_book__rosidl_typesupport_introspection_c.h
[0.687s] -- Up-to-date: /home/ph/ros2_firstw/install/more_interfaces/include/more_interfaces/more_interfaces/msg/detail/address_book__type_support.c
[0.687s] -- Up-to-date: /home/ph/ros2_firstw/install/more_interfaces/lib/libmore_interfaces__rosidl_typesupport_introspection_c.so
[0.687s] -- Up-to-date: /home/ph/ros2_firstw/install/more_interfaces/lib/libmore_interfaces__rosidl_typesupport_c.so
[0.687s] -- Up-to-date: /home/ph/ros2_firstw/install/more_interfaces/include/more_interfaces/more_interfaces
[0.687s] -- Up-to-date: /home/ph/ros2_firstw/install/more_interfaces/include/more_interfaces/more_interfaces/msg
[0.687s] -- Up-to-date: /home/ph/ros2_firstw/install/more_interfaces/include/more_interfaces/more_interfaces/msg/rosidl_generator_cpp__visibility_control.hpp
[0.687s] -- Up-to-date: /home/ph/ros2_firstw/install/more_interfaces/include/more_interfaces/more_interfaces/msg/address_book.hpp
[0.687s] -- Up-to-date: /home/ph/ros2_firstw/install/more_interfaces/include/more_interfaces/more_interfaces/msg/detail
[0.687s] -- Up-to-date: /home/ph/ros2_firstw/install/more_interfaces/include/more_interfaces/more_interfaces/msg/detail/address_book__struct.hpp
[0.688s] -- Up-to-date: /home/ph/ros2_firstw/install/more_interfaces/include/more_interfaces/more_interfaces/msg/detail/address_book__traits.hpp
[0.688s] -- Up-to-date: /home/ph/ros2_firstw/install/more_interfaces/include/more_interfaces/more_interfaces/msg/detail/address_book__builder.hpp
[0.688s] -- Up-to-date: /home/ph/ros2_firstw/install/more_interfaces/include/more_interfaces/more_interfaces/msg/detail/address_book__type_support.hpp
[0.688s] -- Up-to-date: /home/ph/ros2_firstw/install/more_interfaces/include/more_interfaces/more_interfaces
[0.688s] -- Up-to-date: /home/ph/ros2_firstw/install/more_interfaces/include/more_interfaces/more_interfaces/msg
[0.688s] -- Up-to-date: /home/ph/ros2_firstw/install/more_interfaces/include/more_interfaces/more_interfaces/msg/rosidl_typesupport_fastrtps_cpp__visibility_control.h
[0.688s] -- Up-to-date: /home/ph/ros2_firstw/install/more_interfaces/include/more_interfaces/more_interfaces/msg/detail
[0.689s] -- Up-to-date: /home/ph/ros2_firstw/install/more_interfaces/include/more_interfaces/more_interfaces/msg/detail/address_book__rosidl_typesupport_fastrtps_cpp.hpp
[0.689s] -- Up-to-date: /home/ph/ros2_firstw/install/more_interfaces/include/more_interfaces/more_interfaces/msg/detail/dds_fastrtps
[0.689s] -- Up-to-date: /home/ph/ros2_firstw/install/more_interfaces/lib/libmore_interfaces__rosidl_typesupport_fastrtps_cpp.so
[0.689s] -- Up-to-date: /home/ph/ros2_firstw/install/more_interfaces/include/more_interfaces/more_interfaces
[0.689s] -- Up-to-date: /home/ph/ros2_firstw/install/more_interfaces/include/more_interfaces/more_interfaces/msg
[0.689s] -- Up-to-date: /home/ph/ros2_firstw/install/more_interfaces/include/more_interfaces/more_interfaces/msg/detail
[0.689s] -- Up-to-date: /home/ph/ros2_firstw/install/more_interfaces/include/more_interfaces/more_interfaces/msg/detail/address_book__rosidl_typesupport_introspection_cpp.hpp
[0.689s] -- Up-to-date: /home/ph/ros2_firstw/install/more_interfaces/include/more_interfaces/more_interfaces/msg/detail/address_book__type_support.cpp
[0.689s] -- Up-to-date: /home/ph/ros2_firstw/install/more_interfaces/lib/libmore_interfaces__rosidl_typesupport_introspection_cpp.so
[0.690s] -- Up-to-date: /home/ph/ros2_firstw/install/more_interfaces/lib/libmore_interfaces__rosidl_typesupport_cpp.so
[0.690s] -- Up-to-date: /home/ph/ros2_firstw/install/more_interfaces/share/more_interfaces/environment/pythonpath.sh
[0.690s] -- Up-to-date: /home/ph/ros2_firstw/install/more_interfaces/share/more_interfaces/environment/pythonpath.dsv
[0.690s] -- Up-to-date: /home/ph/ros2_firstw/install/more_interfaces/local/lib/python3.10/dist-packages/more_interfaces-0.0.0-py3.10.egg-info
[0.690s] -- Installing: /home/ph/ros2_firstw/install/more_interfaces/local/lib/python3.10/dist-packages/more_interfaces-0.0.0-py3.10.egg-info/top_level.txt
[0.690s] -- Installing: /home/ph/ros2_firstw/install/more_interfaces/local/lib/python3.10/dist-packages/more_interfaces-0.0.0-py3.10.egg-info/PKG-INFO
[0.690s] -- Installing: /home/ph/ros2_firstw/install/more_interfaces/local/lib/python3.10/dist-packages/more_interfaces-0.0.0-py3.10.egg-info/SOURCES.txt
[0.690s] -- Installing: /home/ph/ros2_firstw/install/more_interfaces/local/lib/python3.10/dist-packages/more_interfaces-0.0.0-py3.10.egg-info/dependency_links.txt
[0.690s] -- Up-to-date: /home/ph/ros2_firstw/install/more_interfaces/local/lib/python3.10/dist-packages/more_interfaces
[0.690s] -- Up-to-date: /home/ph/ros2_firstw/install/more_interfaces/local/lib/python3.10/dist-packages/more_interfaces/more_interfaces_s__rosidl_typesupport_introspection_c.cpython-310-x86_64-linux-gnu.so
[0.690s] -- Up-to-date: /home/ph/ros2_firstw/install/more_interfaces/local/lib/python3.10/dist-packages/more_interfaces/_more_interfaces_s.ep.rosidl_typesupport_c.c
[0.691s] -- Up-to-date: /home/ph/ros2_firstw/install/more_interfaces/local/lib/python3.10/dist-packages/more_interfaces/more_interfaces_s__rosidl_typesupport_fastrtps_c.cpython-310-x86_64-linux-gnu.so
[0.691s] -- Up-to-date: /home/ph/ros2_firstw/install/more_interfaces/local/lib/python3.10/dist-packages/more_interfaces/_more_interfaces_s.ep.rosidl_typesupport_fastrtps_c.c
[0.691s] -- Up-to-date: /home/ph/ros2_firstw/install/more_interfaces/local/lib/python3.10/dist-packages/more_interfaces/_more_interfaces_s.ep.rosidl_typesupport_introspection_c.c
[0.691s] -- Up-to-date: /home/ph/ros2_firstw/install/more_interfaces/local/lib/python3.10/dist-packages/more_interfaces/libmore_interfaces__rosidl_generator_py.so
[0.691s] -- Up-to-date: /home/ph/ros2_firstw/install/more_interfaces/local/lib/python3.10/dist-packages/more_interfaces/__init__.py
[0.691s] -- Up-to-date: /home/ph/ros2_firstw/install/more_interfaces/local/lib/python3.10/dist-packages/more_interfaces/more_interfaces_s__rosidl_typesupport_c.cpython-310-x86_64-linux-gnu.so
[0.691s] -- Up-to-date: /home/ph/ros2_firstw/install/more_interfaces/local/lib/python3.10/dist-packages/more_interfaces/msg
[0.691s] -- Up-to-date: /home/ph/ros2_firstw/install/more_interfaces/local/lib/python3.10/dist-packages/more_interfaces/msg/_address_book_s.c
[0.691s] -- Up-to-date: /home/ph/ros2_firstw/install/more_interfaces/local/lib/python3.10/dist-packages/more_interfaces/msg/_address_book.py
[0.691s] -- Up-to-date: /home/ph/ros2_firstw/install/more_interfaces/local/lib/python3.10/dist-packages/more_interfaces/msg/__init__.py
[0.729s] Listing '/home/ph/ros2_firstw/install/more_interfaces/local/lib/python3.10/dist-packages/more_interfaces'...
[0.729s] Listing '/home/ph/ros2_firstw/install/more_interfaces/local/lib/python3.10/dist-packages/more_interfaces/msg'...
[0.744s] -- Up-to-date: /home/ph/ros2_firstw/install/more_interfaces/local/lib/python3.10/dist-packages/more_interfaces/more_interfaces_s__rosidl_typesupport_fastrtps_c.cpython-310-x86_64-linux-gnu.so
[0.744s] -- Up-to-date: /home/ph/ros2_firstw/install/more_interfaces/local/lib/python3.10/dist-packages/more_interfaces/more_interfaces_s__rosidl_typesupport_introspection_c.cpython-310-x86_64-linux-gnu.so
[0.744s] -- Up-to-date: /home/ph/ros2_firstw/install/more_interfaces/local/lib/python3.10/dist-packages/more_interfaces/more_interfaces_s__rosidl_typesupport_c.cpython-310-x86_64-linux-gnu.so
[0.745s] -- Up-to-date: /home/ph/ros2_firstw/install/more_interfaces/lib/libmore_interfaces__rosidl_generator_py.so
[0.747s] -- Up-to-date: /home/ph/ros2_firstw/install/more_interfaces/share/more_interfaces/msg/AddressBook.idl
[0.747s] -- Up-to-date: /home/ph/ros2_firstw/install/more_interfaces/share/more_interfaces/msg/AddressBook.msg
[0.747s] -- Up-to-date: /home/ph/ros2_firstw/install/more_interfaces/lib/more_interfaces/publish_address_book
[0.747s] -- Up-to-date: /home/ph/ros2_firstw/install/more_interfaces/share/ament_index/resource_index/package_run_dependencies/more_interfaces
[0.748s] -- Up-to-date: /home/ph/ros2_firstw/install/more_interfaces/share/ament_index/resource_index/parent_prefix_path/more_interfaces
[0.748s] -- Up-to-date: /home/ph/ros2_firstw/install/more_interfaces/share/more_interfaces/environment/ament_prefix_path.sh
[0.748s] -- Up-to-date: /home/ph/ros2_firstw/install/more_interfaces/share/more_interfaces/environment/ament_prefix_path.dsv
[0.748s] -- Up-to-date: /home/ph/ros2_firstw/install/more_interfaces/share/more_interfaces/environment/path.sh
[0.749s] -- Up-to-date: /home/ph/ros2_firstw/install/more_interfaces/share/more_interfaces/environment/path.dsv
[0.749s] -- Up-to-date: /home/ph/ros2_firstw/install/more_interfaces/share/more_interfaces/local_setup.bash
[0.749s] -- Up-to-date: /home/ph/ros2_firstw/install/more_interfaces/share/more_interfaces/local_setup.sh
[0.749s] -- Up-to-date: /home/ph/ros2_firstw/install/more_interfaces/share/more_interfaces/local_setup.zsh
[0.750s] -- Up-to-date: /home/ph/ros2_firstw/install/more_interfaces/share/more_interfaces/local_setup.dsv
[0.750s] -- Installing: /home/ph/ros2_firstw/install/more_interfaces/share/more_interfaces/package.dsv
[0.750s] -- Up-to-date: /home/ph/ros2_firstw/install/more_interfaces/share/ament_index/resource_index/packages/more_interfaces
[0.750s] -- Up-to-date: /home/ph/ros2_firstw/install/more_interfaces/share/more_interfaces/cmake/export_more_interfaces__rosidl_generator_cExport.cmake
[0.751s] -- Up-to-date: /home/ph/ros2_firstw/install/more_interfaces/share/more_interfaces/cmake/export_more_interfaces__rosidl_generator_cExport-noconfig.cmake
[0.751s] -- Up-to-date: /home/ph/ros2_firstw/install/more_interfaces/share/more_interfaces/cmake/export_more_interfaces__rosidl_typesupport_fastrtps_cExport.cmake
[0.751s] -- Up-to-date: /home/ph/ros2_firstw/install/more_interfaces/share/more_interfaces/cmake/export_more_interfaces__rosidl_typesupport_fastrtps_cExport-noconfig.cmake
[0.751s] -- Up-to-date: /home/ph/ros2_firstw/install/more_interfaces/share/more_interfaces/cmake/more_interfaces__rosidl_typesupport_introspection_cExport.cmake
[0.751s] -- Up-to-date: /home/ph/ros2_firstw/install/more_interfaces/share/more_interfaces/cmake/more_interfaces__rosidl_typesupport_introspection_cExport-noconfig.cmake
[0.752s] -- Up-to-date: /home/ph/ros2_firstw/install/more_interfaces/share/more_interfaces/cmake/more_interfaces__rosidl_typesupport_cExport.cmake
[0.752s] -- Up-to-date: /home/ph/ros2_firstw/install/more_interfaces/share/more_interfaces/cmake/more_interfaces__rosidl_typesupport_cExport-noconfig.cmake
[0.752s] -- Up-to-date: /home/ph/ros2_firstw/install/more_interfaces/share/more_interfaces/cmake/export_more_interfaces__rosidl_generator_cppExport.cmake
[0.752s] -- Up-to-date: /home/ph/ros2_firstw/install/more_interfaces/share/more_interfaces/cmake/export_more_interfaces__rosidl_typesupport_fastrtps_cppExport.cmake
[0.752s] -- Up-to-date: /home/ph/ros2_firstw/install/more_interfaces/share/more_interfaces/cmake/export_more_interfaces__rosidl_typesupport_fastrtps_cppExport-noconfig.cmake
[0.753s] -- Up-to-date: /home/ph/ros2_firstw/install/more_interfaces/share/more_interfaces/cmake/more_interfaces__rosidl_typesupport_introspection_cppExport.cmake
[0.753s] -- Up-to-date: /home/ph/ros2_firstw/install/more_interfaces/share/more_interfaces/cmake/more_interfaces__rosidl_typesupport_introspection_cppExport-noconfig.cmake
[0.753s] -- Up-to-date: /home/ph/ros2_firstw/install/more_interfaces/share/more_interfaces/cmake/more_interfaces__rosidl_typesupport_cppExport.cmake
[0.753s] -- Up-to-date: /home/ph/ros2_firstw/install/more_interfaces/share/more_interfaces/cmake/more_interfaces__rosidl_typesupport_cppExport-noconfig.cmake
[0.753s] -- Up-to-date: /home/ph/ros2_firstw/install/more_interfaces/share/more_interfaces/cmake/export_more_interfaces__rosidl_generator_pyExport.cmake
[0.754s] -- Up-to-date: /home/ph/ros2_firstw/install/more_interfaces/share/more_interfaces/cmake/export_more_interfaces__rosidl_generator_pyExport-noconfig.cmake
[0.754s] -- Up-to-date: /home/ph/ros2_firstw/install/more_interfaces/share/more_interfaces/cmake/rosidl_cmake-extras.cmake
[0.754s] -- Up-to-date: /home/ph/ros2_firstw/install/more_interfaces/share/more_interfaces/cmake/ament_cmake_export_include_directories-extras.cmake
[0.754s] -- Up-to-date: /home/ph/ros2_firstw/install/more_interfaces/share/more_interfaces/cmake/ament_cmake_export_libraries-extras.cmake
[0.754s] -- Up-to-date: /home/ph/ros2_firstw/install/more_interfaces/share/more_interfaces/cmake/ament_cmake_export_targets-extras.cmake
[0.755s] -- Up-to-date: /home/ph/ros2_firstw/install/more_interfaces/share/more_interfaces/cmake/rosidl_cmake_export_typesupport_targets-extras.cmake
[0.755s] -- Up-to-date: /home/ph/ros2_firstw/install/more_interfaces/share/more_interfaces/cmake/ament_cmake_export_dependencies-extras.cmake
[0.755s] -- Up-to-date: /home/ph/ros2_firstw/install/more_interfaces/share/more_interfaces/cmake/rosidl_cmake_export_typesupport_libraries-extras.cmake
[0.755s] -- Up-to-date: /home/ph/ros2_firstw/install/more_interfaces/share/more_interfaces/cmake/more_interfacesConfig.cmake
[0.756s] -- Up-to-date: /home/ph/ros2_firstw/install/more_interfaces/share/more_interfaces/cmake/more_interfacesConfig-version.cmake
[0.757s] -- Up-to-date: /home/ph/ros2_firstw/install/more_interfaces/share/more_interfaces/package.xml
[0.787s] Invoked command in '/home/ph/ros2_firstw/build/more_interfaces' returned '0': CMAKE_PREFIX_PATH=${CMAKE_PREFIX_PATH}:/opt/ros/humble /usr/bin/cmake --install /home/ph/ros2_firstw/build/more_interfaces
