[0.143s] DEBUG:colcon:Command line arguments: ['/usr/bin/colcon', 'build']
[0.143s] DEBUG:colcon:Parsed command line arguments: Namespace(log_base=None, log_level=None, verb_name='build', build_base='build', install_base='install', merge_install=False, symlink_install=False, test_result_base=None, continue_on_error=False, executor='parallel', parallel_workers=8, event_handlers=None, ignore_user_meta=False, metas=['./colcon.meta'], base_paths=['.'], packages_ignore=None, packages_ignore_regex=None, paths=None, packages_up_to=None, packages_up_to_regex=None, packages_above=None, packages_above_and_dependencies=None, packages_above_depth=None, packages_select_by_dep=None, packages_skip_by_dep=None, packages_skip_up_to=None, packages_select_build_failed=False, packages_skip_build_finished=False, packages_select_test_failures=False, packages_skip_test_passed=False, packages_select=None, packages_skip=None, packages_select_regex=None, packages_skip_regex=None, packages_start=None, packages_end=None, allow_overriding=[], cmake_args=None, cmake_target=None, cmake_target_skip_unavailable=False, cmake_clean_cache=False, cmake_clean_first=False, cmake_force_configure=False, ament_cmake_args=None, catkin_cmake_args=None, catkin_skip_building_tests=False, mixin_files=None, mixin=None, verb_parser=<colcon_mixin.mixin.mixin_argument.MixinArgumentDecorator object at 0x734a5b613790>, verb_extension=<colcon_core.verb.build.BuildVerb object at 0x734a5b612e30>, main=<bound method BuildVerb.main of <colcon_core.verb.build.BuildVerb object at 0x734a5b612e30>>, mixin_verb=('build',))
[0.358s] Level 1:colcon.colcon_core.package_discovery:discover_packages(colcon_meta) check parameters
[0.358s] Level 1:colcon.colcon_core.package_discovery:discover_packages(recursive) check parameters
[0.358s] Level 1:colcon.colcon_core.package_discovery:discover_packages(ignore) check parameters
[0.358s] Level 1:colcon.colcon_core.package_discovery:discover_packages(path) check parameters
[0.358s] Level 1:colcon.colcon_core.package_discovery:discover_packages(colcon_meta) discover
[0.358s] Level 1:colcon.colcon_core.package_discovery:discover_packages(recursive) discover
[0.358s] INFO:colcon.colcon_core.package_discovery:Crawling recursively for packages in '/home/ph/ros2_firstw'
[0.358s] Level 1:colcon.colcon_core.package_identification:_identify(.) by extensions ['ignore', 'ignore_ament_install']
[0.358s] Level 1:colcon.colcon_core.package_identification:_identify(.) by extension 'ignore'
[0.359s] Level 1:colcon.colcon_core.package_identification:_identify(.) by extension 'ignore_ament_install'
[0.359s] Level 1:colcon.colcon_core.package_identification:_identify(.) by extensions ['colcon_pkg']
[0.359s] Level 1:colcon.colcon_core.package_identification:_identify(.) by extension 'colcon_pkg'
[0.359s] Level 1:colcon.colcon_core.package_identification:_identify(.) by extensions ['colcon_meta']
[0.359s] Level 1:colcon.colcon_core.package_identification:_identify(.) by extension 'colcon_meta'
[0.359s] Level 1:colcon.colcon_core.package_identification:_identify(.) by extensions ['ros']
[0.359s] Level 1:colcon.colcon_core.package_identification:_identify(.) by extension 'ros'
[0.371s] Level 1:colcon.colcon_core.package_identification:_identify(.) by extensions ['cmake', 'python']
[0.371s] Level 1:colcon.colcon_core.package_identification:_identify(.) by extension 'cmake'
[0.371s] Level 1:colcon.colcon_core.package_identification:_identify(.) by extension 'python'
[0.371s] Level 1:colcon.colcon_core.package_identification:_identify(.) by extensions ['python_setup_py']
[0.371s] Level 1:colcon.colcon_core.package_identification:_identify(.) by extension 'python_setup_py'
[0.371s] Level 1:colcon.colcon_core.package_identification:_identify(build) by extensions ['ignore', 'ignore_ament_install']
[0.371s] Level 1:colcon.colcon_core.package_identification:_identify(build) by extension 'ignore'
[0.371s] Level 1:colcon.colcon_core.package_identification:_identify(build) ignored
[0.372s] Level 1:colcon.colcon_core.package_identification:_identify(install) by extensions ['ignore', 'ignore_ament_install']
[0.372s] Level 1:colcon.colcon_core.package_identification:_identify(install) by extension 'ignore'
[0.372s] Level 1:colcon.colcon_core.package_identification:_identify(install) ignored
[0.372s] Level 1:colcon.colcon_core.package_identification:_identify(log) by extensions ['ignore', 'ignore_ament_install']
[0.372s] Level 1:colcon.colcon_core.package_identification:_identify(log) by extension 'ignore'
[0.372s] Level 1:colcon.colcon_core.package_identification:_identify(log) ignored
[0.372s] Level 1:colcon.colcon_core.package_identification:_identify(src) by extensions ['ignore', 'ignore_ament_install']
[0.372s] Level 1:colcon.colcon_core.package_identification:_identify(src) by extension 'ignore'
[0.372s] Level 1:colcon.colcon_core.package_identification:_identify(src) by extension 'ignore_ament_install'
[0.372s] Level 1:colcon.colcon_core.package_identification:_identify(src) by extensions ['colcon_pkg']
[0.372s] Level 1:colcon.colcon_core.package_identification:_identify(src) by extension 'colcon_pkg'
[0.372s] Level 1:colcon.colcon_core.package_identification:_identify(src) by extensions ['colcon_meta']
[0.372s] Level 1:colcon.colcon_core.package_identification:_identify(src) by extension 'colcon_meta'
[0.373s] Level 1:colcon.colcon_core.package_identification:_identify(src) by extensions ['ros']
[0.373s] Level 1:colcon.colcon_core.package_identification:_identify(src) by extension 'ros'
[0.373s] Level 1:colcon.colcon_core.package_identification:_identify(src) by extensions ['cmake', 'python']
[0.373s] Level 1:colcon.colcon_core.package_identification:_identify(src) by extension 'cmake'
[0.373s] Level 1:colcon.colcon_core.package_identification:_identify(src) by extension 'python'
[0.373s] Level 1:colcon.colcon_core.package_identification:_identify(src) by extensions ['python_setup_py']
[0.373s] Level 1:colcon.colcon_core.package_identification:_identify(src) by extension 'python_setup_py'
[0.373s] Level 1:colcon.colcon_core.package_identification:_identify(src/build) by extensions ['ignore', 'ignore_ament_install']
[0.373s] Level 1:colcon.colcon_core.package_identification:_identify(src/build) by extension 'ignore'
[0.373s] Level 1:colcon.colcon_core.package_identification:_identify(src/build) ignored
[0.373s] Level 1:colcon.colcon_core.package_identification:_identify(src/cpp_parameters) by extensions ['ignore', 'ignore_ament_install']
[0.373s] Level 1:colcon.colcon_core.package_identification:_identify(src/cpp_parameters) by extension 'ignore'
[0.373s] Level 1:colcon.colcon_core.package_identification:_identify(src/cpp_parameters) by extension 'ignore_ament_install'
[0.373s] Level 1:colcon.colcon_core.package_identification:_identify(src/cpp_parameters) by extensions ['colcon_pkg']
[0.373s] Level 1:colcon.colcon_core.package_identification:_identify(src/cpp_parameters) by extension 'colcon_pkg'
[0.374s] Level 1:colcon.colcon_core.package_identification:_identify(src/cpp_parameters) by extensions ['colcon_meta']
[0.374s] Level 1:colcon.colcon_core.package_identification:_identify(src/cpp_parameters) by extension 'colcon_meta'
[0.374s] Level 1:colcon.colcon_core.package_identification:_identify(src/cpp_parameters) by extensions ['ros']
[0.374s] Level 1:colcon.colcon_core.package_identification:_identify(src/cpp_parameters) by extension 'ros'
[0.378s] DEBUG:colcon.colcon_core.package_identification:Package 'src/cpp_parameters' with type 'ros.ament_cmake' and name 'cpp_parameters'
[0.378s] Level 1:colcon.colcon_core.package_identification:_identify(src/cpp_pubsub) by extensions ['ignore', 'ignore_ament_install']
[0.378s] Level 1:colcon.colcon_core.package_identification:_identify(src/cpp_pubsub) by extension 'ignore'
[0.378s] Level 1:colcon.colcon_core.package_identification:_identify(src/cpp_pubsub) by extension 'ignore_ament_install'
[0.378s] Level 1:colcon.colcon_core.package_identification:_identify(src/cpp_pubsub) by extensions ['colcon_pkg']
[0.378s] Level 1:colcon.colcon_core.package_identification:_identify(src/cpp_pubsub) by extension 'colcon_pkg'
[0.378s] Level 1:colcon.colcon_core.package_identification:_identify(src/cpp_pubsub) by extensions ['colcon_meta']
[0.378s] Level 1:colcon.colcon_core.package_identification:_identify(src/cpp_pubsub) by extension 'colcon_meta'
[0.379s] Level 1:colcon.colcon_core.package_identification:_identify(src/cpp_pubsub) by extensions ['ros']
[0.379s] Level 1:colcon.colcon_core.package_identification:_identify(src/cpp_pubsub) by extension 'ros'
[0.379s] DEBUG:colcon.colcon_core.package_identification:Package 'src/cpp_pubsub' with type 'ros.ament_cmake' and name 'cpp_pubsub'
[0.380s] Level 1:colcon.colcon_core.package_identification:_identify(src/cpp_srvcli) by extensions ['ignore', 'ignore_ament_install']
[0.380s] Level 1:colcon.colcon_core.package_identification:_identify(src/cpp_srvcli) by extension 'ignore'
[0.380s] Level 1:colcon.colcon_core.package_identification:_identify(src/cpp_srvcli) by extension 'ignore_ament_install'
[0.380s] Level 1:colcon.colcon_core.package_identification:_identify(src/cpp_srvcli) by extensions ['colcon_pkg']
[0.380s] Level 1:colcon.colcon_core.package_identification:_identify(src/cpp_srvcli) by extension 'colcon_pkg'
[0.380s] Level 1:colcon.colcon_core.package_identification:_identify(src/cpp_srvcli) by extensions ['colcon_meta']
[0.380s] Level 1:colcon.colcon_core.package_identification:_identify(src/cpp_srvcli) by extension 'colcon_meta'
[0.380s] Level 1:colcon.colcon_core.package_identification:_identify(src/cpp_srvcli) by extensions ['ros']
[0.380s] Level 1:colcon.colcon_core.package_identification:_identify(src/cpp_srvcli) by extension 'ros'
[0.381s] DEBUG:colcon.colcon_core.package_identification:Package 'src/cpp_srvcli' with type 'ros.ament_cmake' and name 'cpp_srvcli'
[0.381s] Level 1:colcon.colcon_core.package_identification:_identify(src/firstpkg) by extensions ['ignore', 'ignore_ament_install']
[0.381s] Level 1:colcon.colcon_core.package_identification:_identify(src/firstpkg) by extension 'ignore'
[0.381s] Level 1:colcon.colcon_core.package_identification:_identify(src/firstpkg) by extension 'ignore_ament_install'
[0.381s] Level 1:colcon.colcon_core.package_identification:_identify(src/firstpkg) by extensions ['colcon_pkg']
[0.381s] Level 1:colcon.colcon_core.package_identification:_identify(src/firstpkg) by extension 'colcon_pkg'
[0.381s] Level 1:colcon.colcon_core.package_identification:_identify(src/firstpkg) by extensions ['colcon_meta']
[0.381s] Level 1:colcon.colcon_core.package_identification:_identify(src/firstpkg) by extension 'colcon_meta'
[0.381s] Level 1:colcon.colcon_core.package_identification:_identify(src/firstpkg) by extensions ['ros']
[0.381s] Level 1:colcon.colcon_core.package_identification:_identify(src/firstpkg) by extension 'ros'
[0.382s] DEBUG:colcon.colcon_core.package_identification:Package 'src/firstpkg' with type 'ros.ament_cmake' and name 'firstpkg'
[0.382s] Level 1:colcon.colcon_core.package_identification:_identify(src/install) by extensions ['ignore', 'ignore_ament_install']
[0.382s] Level 1:colcon.colcon_core.package_identification:_identify(src/install) by extension 'ignore'
[0.382s] Level 1:colcon.colcon_core.package_identification:_identify(src/install) ignored
[0.382s] Level 1:colcon.colcon_core.package_identification:_identify(src/log) by extensions ['ignore', 'ignore_ament_install']
[0.382s] Level 1:colcon.colcon_core.package_identification:_identify(src/log) by extension 'ignore'
[0.382s] Level 1:colcon.colcon_core.package_identification:_identify(src/log) ignored
[0.383s] Level 1:colcon.colcon_core.package_identification:_identify(src/more_interfaces) by extensions ['ignore', 'ignore_ament_install']
[0.383s] Level 1:colcon.colcon_core.package_identification:_identify(src/more_interfaces) by extension 'ignore'
[0.383s] Level 1:colcon.colcon_core.package_identification:_identify(src/more_interfaces) by extension 'ignore_ament_install'
[0.383s] Level 1:colcon.colcon_core.package_identification:_identify(src/more_interfaces) by extensions ['colcon_pkg']
[0.383s] Level 1:colcon.colcon_core.package_identification:_identify(src/more_interfaces) by extension 'colcon_pkg'
[0.383s] Level 1:colcon.colcon_core.package_identification:_identify(src/more_interfaces) by extensions ['colcon_meta']
[0.383s] Level 1:colcon.colcon_core.package_identification:_identify(src/more_interfaces) by extension 'colcon_meta'
[0.383s] Level 1:colcon.colcon_core.package_identification:_identify(src/more_interfaces) by extensions ['ros']
[0.383s] Level 1:colcon.colcon_core.package_identification:_identify(src/more_interfaces) by extension 'ros'
[0.384s] DEBUG:colcon.colcon_core.package_identification:Package 'src/more_interfaces' with type 'ros.ament_cmake' and name 'more_interfaces'
[0.384s] Level 1:colcon.colcon_core.package_identification:_identify(src/tutorial_interfaces) by extensions ['ignore', 'ignore_ament_install']
[0.384s] Level 1:colcon.colcon_core.package_identification:_identify(src/tutorial_interfaces) by extension 'ignore'
[0.384s] Level 1:colcon.colcon_core.package_identification:_identify(src/tutorial_interfaces) by extension 'ignore_ament_install'
[0.384s] Level 1:colcon.colcon_core.package_identification:_identify(src/tutorial_interfaces) by extensions ['colcon_pkg']
[0.384s] Level 1:colcon.colcon_core.package_identification:_identify(src/tutorial_interfaces) by extension 'colcon_pkg'
[0.384s] Level 1:colcon.colcon_core.package_identification:_identify(src/tutorial_interfaces) by extensions ['colcon_meta']
[0.384s] Level 1:colcon.colcon_core.package_identification:_identify(src/tutorial_interfaces) by extension 'colcon_meta'
[0.384s] Level 1:colcon.colcon_core.package_identification:_identify(src/tutorial_interfaces) by extensions ['ros']
[0.384s] Level 1:colcon.colcon_core.package_identification:_identify(src/tutorial_interfaces) by extension 'ros'
[0.399s] DEBUG:colcon.colcon_core.package_identification:Package 'src/tutorial_interfaces' with type 'ros.ament_cmake' and name 'tutorial_interfaces'
[0.399s] Level 1:colcon.colcon_core.package_discovery:discover_packages(recursive) using defaults
[0.399s] Level 1:colcon.colcon_core.package_discovery:discover_packages(ignore) discover
[0.399s] Level 1:colcon.colcon_core.package_discovery:discover_packages(ignore) using defaults
[0.399s] Level 1:colcon.colcon_core.package_discovery:discover_packages(path) discover
[0.399s] Level 1:colcon.colcon_core.package_discovery:discover_packages(path) using defaults
[0.421s] Level 1:colcon.colcon_core.package_discovery:discover_packages(prefix_path) check parameters
[0.421s] Level 1:colcon.colcon_core.package_discovery:discover_packages(prefix_path) discover
[0.424s] DEBUG:colcon.colcon_installed_package_information.package_discovery:Found 9 installed packages in /home/ph/ros2_firstw/install
[0.426s] DEBUG:colcon.colcon_installed_package_information.package_discovery:Found 323 installed packages in /opt/ros/humble
[0.428s] Level 1:colcon.colcon_core.package_discovery:discover_packages(prefix_path) using defaults
[0.480s] Level 5:colcon.colcon_core.verb:set package 'cpp_parameters' build argument 'cmake_args' from command line to 'None'
[0.480s] Level 5:colcon.colcon_core.verb:set package 'cpp_parameters' build argument 'cmake_target' from command line to 'None'
[0.480s] Level 5:colcon.colcon_core.verb:set package 'cpp_parameters' build argument 'cmake_target_skip_unavailable' from command line to 'False'
[0.480s] Level 5:colcon.colcon_core.verb:set package 'cpp_parameters' build argument 'cmake_clean_cache' from command line to 'False'
[0.480s] Level 5:colcon.colcon_core.verb:set package 'cpp_parameters' build argument 'cmake_clean_first' from command line to 'False'
[0.480s] Level 5:colcon.colcon_core.verb:set package 'cpp_parameters' build argument 'cmake_force_configure' from command line to 'False'
[0.480s] Level 5:colcon.colcon_core.verb:set package 'cpp_parameters' build argument 'ament_cmake_args' from command line to 'None'
[0.480s] Level 5:colcon.colcon_core.verb:set package 'cpp_parameters' build argument 'catkin_cmake_args' from command line to 'None'
[0.480s] Level 5:colcon.colcon_core.verb:set package 'cpp_parameters' build argument 'catkin_skip_building_tests' from command line to 'False'
[0.480s] DEBUG:colcon.colcon_core.verb:Building package 'cpp_parameters' with the following arguments: {'ament_cmake_args': None, 'build_base': '/home/ph/ros2_firstw/build/cpp_parameters', 'catkin_cmake_args': None, 'catkin_skip_building_tests': False, 'cmake_args': None, 'cmake_clean_cache': False, 'cmake_clean_first': False, 'cmake_force_configure': False, 'cmake_target': None, 'cmake_target_skip_unavailable': False, 'install_base': '/home/ph/ros2_firstw/install/cpp_parameters', 'merge_install': False, 'path': '/home/ph/ros2_firstw/src/cpp_parameters', 'symlink_install': False, 'test_result_base': None}
[0.481s] Level 5:colcon.colcon_core.verb:set package 'firstpkg' build argument 'cmake_args' from command line to 'None'
[0.481s] Level 5:colcon.colcon_core.verb:set package 'firstpkg' build argument 'cmake_target' from command line to 'None'
[0.481s] Level 5:colcon.colcon_core.verb:set package 'firstpkg' build argument 'cmake_target_skip_unavailable' from command line to 'False'
[0.481s] Level 5:colcon.colcon_core.verb:set package 'firstpkg' build argument 'cmake_clean_cache' from command line to 'False'
[0.481s] Level 5:colcon.colcon_core.verb:set package 'firstpkg' build argument 'cmake_clean_first' from command line to 'False'
[0.481s] Level 5:colcon.colcon_core.verb:set package 'firstpkg' build argument 'cmake_force_configure' from command line to 'False'
[0.481s] Level 5:colcon.colcon_core.verb:set package 'firstpkg' build argument 'ament_cmake_args' from command line to 'None'
[0.481s] Level 5:colcon.colcon_core.verb:set package 'firstpkg' build argument 'catkin_cmake_args' from command line to 'None'
[0.481s] Level 5:colcon.colcon_core.verb:set package 'firstpkg' build argument 'catkin_skip_building_tests' from command line to 'False'
[0.481s] DEBUG:colcon.colcon_core.verb:Building package 'firstpkg' with the following arguments: {'ament_cmake_args': None, 'build_base': '/home/ph/ros2_firstw/build/firstpkg', 'catkin_cmake_args': None, 'catkin_skip_building_tests': False, 'cmake_args': None, 'cmake_clean_cache': False, 'cmake_clean_first': False, 'cmake_force_configure': False, 'cmake_target': None, 'cmake_target_skip_unavailable': False, 'install_base': '/home/ph/ros2_firstw/install/firstpkg', 'merge_install': False, 'path': '/home/ph/ros2_firstw/src/firstpkg', 'symlink_install': False, 'test_result_base': None}
[0.481s] Level 5:colcon.colcon_core.verb:set package 'more_interfaces' build argument 'cmake_args' from command line to 'None'
[0.481s] Level 5:colcon.colcon_core.verb:set package 'more_interfaces' build argument 'cmake_target' from command line to 'None'
[0.481s] Level 5:colcon.colcon_core.verb:set package 'more_interfaces' build argument 'cmake_target_skip_unavailable' from command line to 'False'
[0.481s] Level 5:colcon.colcon_core.verb:set package 'more_interfaces' build argument 'cmake_clean_cache' from command line to 'False'
[0.481s] Level 5:colcon.colcon_core.verb:set package 'more_interfaces' build argument 'cmake_clean_first' from command line to 'False'
[0.481s] Level 5:colcon.colcon_core.verb:set package 'more_interfaces' build argument 'cmake_force_configure' from command line to 'False'
[0.481s] Level 5:colcon.colcon_core.verb:set package 'more_interfaces' build argument 'ament_cmake_args' from command line to 'None'
[0.482s] Level 5:colcon.colcon_core.verb:set package 'more_interfaces' build argument 'catkin_cmake_args' from command line to 'None'
[0.482s] Level 5:colcon.colcon_core.verb:set package 'more_interfaces' build argument 'catkin_skip_building_tests' from command line to 'False'
[0.482s] DEBUG:colcon.colcon_core.verb:Building package 'more_interfaces' with the following arguments: {'ament_cmake_args': None, 'build_base': '/home/ph/ros2_firstw/build/more_interfaces', 'catkin_cmake_args': None, 'catkin_skip_building_tests': False, 'cmake_args': None, 'cmake_clean_cache': False, 'cmake_clean_first': False, 'cmake_force_configure': False, 'cmake_target': None, 'cmake_target_skip_unavailable': False, 'install_base': '/home/ph/ros2_firstw/install/more_interfaces', 'merge_install': False, 'path': '/home/ph/ros2_firstw/src/more_interfaces', 'symlink_install': False, 'test_result_base': None}
[0.482s] Level 5:colcon.colcon_core.verb:set package 'tutorial_interfaces' build argument 'cmake_args' from command line to 'None'
[0.482s] Level 5:colcon.colcon_core.verb:set package 'tutorial_interfaces' build argument 'cmake_target' from command line to 'None'
[0.482s] Level 5:colcon.colcon_core.verb:set package 'tutorial_interfaces' build argument 'cmake_target_skip_unavailable' from command line to 'False'
[0.482s] Level 5:colcon.colcon_core.verb:set package 'tutorial_interfaces' build argument 'cmake_clean_cache' from command line to 'False'
[0.482s] Level 5:colcon.colcon_core.verb:set package 'tutorial_interfaces' build argument 'cmake_clean_first' from command line to 'False'
[0.482s] Level 5:colcon.colcon_core.verb:set package 'tutorial_interfaces' build argument 'cmake_force_configure' from command line to 'False'
[0.482s] Level 5:colcon.colcon_core.verb:set package 'tutorial_interfaces' build argument 'ament_cmake_args' from command line to 'None'
[0.482s] Level 5:colcon.colcon_core.verb:set package 'tutorial_interfaces' build argument 'catkin_cmake_args' from command line to 'None'
[0.482s] Level 5:colcon.colcon_core.verb:set package 'tutorial_interfaces' build argument 'catkin_skip_building_tests' from command line to 'False'
[0.482s] DEBUG:colcon.colcon_core.verb:Building package 'tutorial_interfaces' with the following arguments: {'ament_cmake_args': None, 'build_base': '/home/ph/ros2_firstw/build/tutorial_interfaces', 'catkin_cmake_args': None, 'catkin_skip_building_tests': False, 'cmake_args': None, 'cmake_clean_cache': False, 'cmake_clean_first': False, 'cmake_force_configure': False, 'cmake_target': None, 'cmake_target_skip_unavailable': False, 'install_base': '/home/ph/ros2_firstw/install/tutorial_interfaces', 'merge_install': False, 'path': '/home/ph/ros2_firstw/src/tutorial_interfaces', 'symlink_install': False, 'test_result_base': None}
[0.483s] Level 5:colcon.colcon_core.verb:set package 'cpp_pubsub' build argument 'cmake_args' from command line to 'None'
[0.483s] Level 5:colcon.colcon_core.verb:set package 'cpp_pubsub' build argument 'cmake_target' from command line to 'None'
[0.483s] Level 5:colcon.colcon_core.verb:set package 'cpp_pubsub' build argument 'cmake_target_skip_unavailable' from command line to 'False'
[0.483s] Level 5:colcon.colcon_core.verb:set package 'cpp_pubsub' build argument 'cmake_clean_cache' from command line to 'False'
[0.483s] Level 5:colcon.colcon_core.verb:set package 'cpp_pubsub' build argument 'cmake_clean_first' from command line to 'False'
[0.483s] Level 5:colcon.colcon_core.verb:set package 'cpp_pubsub' build argument 'cmake_force_configure' from command line to 'False'
[0.483s] Level 5:colcon.colcon_core.verb:set package 'cpp_pubsub' build argument 'ament_cmake_args' from command line to 'None'
[0.483s] Level 5:colcon.colcon_core.verb:set package 'cpp_pubsub' build argument 'catkin_cmake_args' from command line to 'None'
[0.483s] Level 5:colcon.colcon_core.verb:set package 'cpp_pubsub' build argument 'catkin_skip_building_tests' from command line to 'False'
[0.483s] DEBUG:colcon.colcon_core.verb:Building package 'cpp_pubsub' with the following arguments: {'ament_cmake_args': None, 'build_base': '/home/ph/ros2_firstw/build/cpp_pubsub', 'catkin_cmake_args': None, 'catkin_skip_building_tests': False, 'cmake_args': None, 'cmake_clean_cache': False, 'cmake_clean_first': False, 'cmake_force_configure': False, 'cmake_target': None, 'cmake_target_skip_unavailable': False, 'install_base': '/home/ph/ros2_firstw/install/cpp_pubsub', 'merge_install': False, 'path': '/home/ph/ros2_firstw/src/cpp_pubsub', 'symlink_install': False, 'test_result_base': None}
[0.483s] Level 5:colcon.colcon_core.verb:set package 'cpp_srvcli' build argument 'cmake_args' from command line to 'None'
[0.483s] Level 5:colcon.colcon_core.verb:set package 'cpp_srvcli' build argument 'cmake_target' from command line to 'None'
[0.483s] Level 5:colcon.colcon_core.verb:set package 'cpp_srvcli' build argument 'cmake_target_skip_unavailable' from command line to 'False'
[0.483s] Level 5:colcon.colcon_core.verb:set package 'cpp_srvcli' build argument 'cmake_clean_cache' from command line to 'False'
[0.484s] Level 5:colcon.colcon_core.verb:set package 'cpp_srvcli' build argument 'cmake_clean_first' from command line to 'False'
[0.484s] Level 5:colcon.colcon_core.verb:set package 'cpp_srvcli' build argument 'cmake_force_configure' from command line to 'False'
[0.484s] Level 5:colcon.colcon_core.verb:set package 'cpp_srvcli' build argument 'ament_cmake_args' from command line to 'None'
[0.484s] Level 5:colcon.colcon_core.verb:set package 'cpp_srvcli' build argument 'catkin_cmake_args' from command line to 'None'
[0.484s] Level 5:colcon.colcon_core.verb:set package 'cpp_srvcli' build argument 'catkin_skip_building_tests' from command line to 'False'
[0.484s] DEBUG:colcon.colcon_core.verb:Building package 'cpp_srvcli' with the following arguments: {'ament_cmake_args': None, 'build_base': '/home/ph/ros2_firstw/build/cpp_srvcli', 'catkin_cmake_args': None, 'catkin_skip_building_tests': False, 'cmake_args': None, 'cmake_clean_cache': False, 'cmake_clean_first': False, 'cmake_force_configure': False, 'cmake_target': None, 'cmake_target_skip_unavailable': False, 'install_base': '/home/ph/ros2_firstw/install/cpp_srvcli', 'merge_install': False, 'path': '/home/ph/ros2_firstw/src/cpp_srvcli', 'symlink_install': False, 'test_result_base': None}
[0.484s] INFO:colcon.colcon_core.executor:Executing jobs using 'parallel' executor
[0.485s] DEBUG:colcon.colcon_parallel_executor.executor.parallel:run_until_complete
[0.485s] INFO:colcon.colcon_ros.task.ament_cmake.build:Building ROS package in '/home/ph/ros2_firstw/src/tutorial_interfaces' with build type 'ament_cmake'
[0.485s] INFO:colcon.colcon_cmake.task.cmake.build:Building CMake package in '/home/ph/ros2_firstw/src/tutorial_interfaces'
[0.488s] INFO:colcon.colcon_core.plugin_system:Skipping extension 'colcon_core.shell.bat': Not used on non-Windows systems
[0.488s] INFO:colcon.colcon_core.shell:Skip shell extension 'powershell' for command environment: Not usable outside of PowerShell
[0.488s] DEBUG:colcon.colcon_core.shell:Skip shell extension 'dsv' for command environment
[0.493s] INFO:colcon.colcon_ros.task.ament_cmake.build:Building ROS package in '/home/ph/ros2_firstw/src/cpp_parameters' with build type 'ament_cmake'
[0.494s] INFO:colcon.colcon_cmake.task.cmake.build:Building CMake package in '/home/ph/ros2_firstw/src/cpp_parameters'
[0.494s] INFO:colcon.colcon_core.shell:Skip shell extension 'powershell' for command environment: Not usable outside of PowerShell
[0.494s] DEBUG:colcon.colcon_core.shell:Skip shell extension 'dsv' for command environment
[0.499s] INFO:colcon.colcon_ros.task.ament_cmake.build:Building ROS package in '/home/ph/ros2_firstw/src/firstpkg' with build type 'ament_cmake'
[0.499s] INFO:colcon.colcon_cmake.task.cmake.build:Building CMake package in '/home/ph/ros2_firstw/src/firstpkg'
[0.499s] INFO:colcon.colcon_core.shell:Skip shell extension 'powershell' for command environment: Not usable outside of PowerShell
[0.499s] DEBUG:colcon.colcon_core.shell:Skip shell extension 'dsv' for command environment
[0.505s] INFO:colcon.colcon_ros.task.ament_cmake.build:Building ROS package in '/home/ph/ros2_firstw/src/more_interfaces' with build type 'ament_cmake'
[0.505s] INFO:colcon.colcon_cmake.task.cmake.build:Building CMake package in '/home/ph/ros2_firstw/src/more_interfaces'
[0.506s] INFO:colcon.colcon_core.shell:Skip shell extension 'powershell' for command environment: Not usable outside of PowerShell
[0.506s] DEBUG:colcon.colcon_core.shell:Skip shell extension 'dsv' for command environment
[0.519s] DEBUG:colcon.colcon_core.event_handler.log_command:Invoking command in '/home/ph/ros2_firstw/build/tutorial_interfaces': CMAKE_PREFIX_PATH=${CMAKE_PREFIX_PATH}:/opt/ros/humble /usr/bin/cmake --build /home/ph/ros2_firstw/build/tutorial_interfaces -- -j8 -l8
[0.523s] DEBUG:colcon.colcon_core.event_handler.log_command:Invoking command in '/home/ph/ros2_firstw/build/cpp_parameters': CMAKE_PREFIX_PATH=${CMAKE_PREFIX_PATH}:/opt/ros/humble /usr/bin/cmake --build /home/ph/ros2_firstw/build/cpp_parameters -- -j8 -l8
[0.530s] DEBUG:colcon.colcon_core.event_handler.log_command:Invoking command in '/home/ph/ros2_firstw/build/firstpkg': CMAKE_PREFIX_PATH=${CMAKE_PREFIX_PATH}:/opt/ros/humble /usr/bin/cmake --build /home/ph/ros2_firstw/build/firstpkg -- -j8 -l8
[0.536s] DEBUG:colcon.colcon_core.event_handler.log_command:Invoking command in '/home/ph/ros2_firstw/build/more_interfaces': CMAKE_PREFIX_PATH=${CMAKE_PREFIX_PATH}:/opt/ros/humble /usr/bin/cmake --build /home/ph/ros2_firstw/build/more_interfaces -- -j8 -l8
[0.640s] DEBUG:colcon.colcon_core.event_handler.log_command:Invoked command in '/home/ph/ros2_firstw/build/firstpkg' returned '0': CMAKE_PREFIX_PATH=${CMAKE_PREFIX_PATH}:/opt/ros/humble /usr/bin/cmake --build /home/ph/ros2_firstw/build/firstpkg -- -j8 -l8
[0.675s] DEBUG:colcon.colcon_core.event_handler.log_command:Invoking command in '/home/ph/ros2_firstw/build/firstpkg': CMAKE_PREFIX_PATH=${CMAKE_PREFIX_PATH}:/opt/ros/humble /usr/bin/cmake --install /home/ph/ros2_firstw/build/firstpkg
[0.710s] Level 1:colcon.colcon_core.environment:create_environment_scripts_only(firstpkg)
[0.714s] DEBUG:colcon.colcon_core.event_handler.log_command:Invoked command in '/home/ph/ros2_firstw/build/firstpkg' returned '0': CMAKE_PREFIX_PATH=${CMAKE_PREFIX_PATH}:/opt/ros/humble /usr/bin/cmake --install /home/ph/ros2_firstw/build/firstpkg
[0.717s] Level 1:colcon.colcon_core.environment:checking '/home/ph/ros2_firstw/install/firstpkg' for CMake module files
[0.719s] Level 1:colcon.colcon_core.environment:checking '/home/ph/ros2_firstw/install/firstpkg' for CMake config files
[0.720s] Level 1:colcon.colcon_core.shell:create_environment_hook('firstpkg', 'cmake_prefix_path')
[0.721s] INFO:colcon.colcon_core.shell:Creating environment hook '/home/ph/ros2_firstw/install/firstpkg/share/firstpkg/hook/cmake_prefix_path.ps1'
[0.723s] INFO:colcon.colcon_core.shell:Creating environment descriptor '/home/ph/ros2_firstw/install/firstpkg/share/firstpkg/hook/cmake_prefix_path.dsv'
[0.724s] INFO:colcon.colcon_core.shell:Creating environment hook '/home/ph/ros2_firstw/install/firstpkg/share/firstpkg/hook/cmake_prefix_path.sh'
[0.726s] Level 1:colcon.colcon_core.environment:checking '/home/ph/ros2_firstw/install/firstpkg/lib'
[0.726s] Level 1:colcon.colcon_core.environment:checking '/home/ph/ros2_firstw/install/firstpkg/bin'
[0.726s] Level 1:colcon.colcon_core.environment:checking '/home/ph/ros2_firstw/install/firstpkg/lib/pkgconfig/firstpkg.pc'
[0.727s] Level 1:colcon.colcon_core.environment:checking '/home/ph/ros2_firstw/install/firstpkg/lib/python3.10/site-packages'
[0.728s] Level 1:colcon.colcon_core.environment:checking '/home/ph/ros2_firstw/install/firstpkg/bin'
[0.729s] INFO:colcon.colcon_core.shell:Creating package script '/home/ph/ros2_firstw/install/firstpkg/share/firstpkg/package.ps1'
[0.731s] INFO:colcon.colcon_core.shell:Creating package descriptor '/home/ph/ros2_firstw/install/firstpkg/share/firstpkg/package.dsv'
[0.733s] INFO:colcon.colcon_core.shell:Creating package script '/home/ph/ros2_firstw/install/firstpkg/share/firstpkg/package.sh'
[0.735s] INFO:colcon.colcon_core.shell:Creating package script '/home/ph/ros2_firstw/install/firstpkg/share/firstpkg/package.bash'
[0.737s] INFO:colcon.colcon_core.shell:Creating package script '/home/ph/ros2_firstw/install/firstpkg/share/firstpkg/package.zsh'
[0.740s] Level 1:colcon.colcon_core.environment:create_file_with_runtime_dependencies(/home/ph/ros2_firstw/install/firstpkg/share/colcon-core/packages/firstpkg)
[0.741s] Level 1:colcon.colcon_core.environment:create_environment_scripts_only(firstpkg)
[0.742s] Level 1:colcon.colcon_core.environment:checking '/home/ph/ros2_firstw/install/firstpkg' for CMake module files
[0.743s] Level 1:colcon.colcon_core.environment:checking '/home/ph/ros2_firstw/install/firstpkg' for CMake config files
[0.744s] Level 1:colcon.colcon_core.shell:create_environment_hook('firstpkg', 'cmake_prefix_path')
[0.744s] INFO:colcon.colcon_core.shell:Creating environment hook '/home/ph/ros2_firstw/install/firstpkg/share/firstpkg/hook/cmake_prefix_path.ps1'
[0.745s] INFO:colcon.colcon_core.shell:Creating environment descriptor '/home/ph/ros2_firstw/install/firstpkg/share/firstpkg/hook/cmake_prefix_path.dsv'
[0.746s] INFO:colcon.colcon_core.shell:Creating environment hook '/home/ph/ros2_firstw/install/firstpkg/share/firstpkg/hook/cmake_prefix_path.sh'
[0.748s] Level 1:colcon.colcon_core.environment:checking '/home/ph/ros2_firstw/install/firstpkg/lib'
[0.748s] Level 1:colcon.colcon_core.environment:checking '/home/ph/ros2_firstw/install/firstpkg/bin'
[0.748s] Level 1:colcon.colcon_core.environment:checking '/home/ph/ros2_firstw/install/firstpkg/lib/pkgconfig/firstpkg.pc'
[0.748s] Level 1:colcon.colcon_core.environment:checking '/home/ph/ros2_firstw/install/firstpkg/lib/python3.10/site-packages'
[0.749s] Level 1:colcon.colcon_core.environment:checking '/home/ph/ros2_firstw/install/firstpkg/bin'
[0.750s] INFO:colcon.colcon_core.shell:Creating package script '/home/ph/ros2_firstw/install/firstpkg/share/firstpkg/package.ps1'
[0.751s] INFO:colcon.colcon_core.shell:Creating package descriptor '/home/ph/ros2_firstw/install/firstpkg/share/firstpkg/package.dsv'
[0.753s] INFO:colcon.colcon_core.shell:Creating package script '/home/ph/ros2_firstw/install/firstpkg/share/firstpkg/package.sh'
[0.754s] INFO:colcon.colcon_core.shell:Creating package script '/home/ph/ros2_firstw/install/firstpkg/share/firstpkg/package.bash'
[0.755s] INFO:colcon.colcon_core.shell:Creating package script '/home/ph/ros2_firstw/install/firstpkg/share/firstpkg/package.zsh'
[0.756s] Level 1:colcon.colcon_core.environment:create_file_with_runtime_dependencies(/home/ph/ros2_firstw/install/firstpkg/share/colcon-core/packages/firstpkg)
[1.193s] DEBUG:colcon.colcon_core.event_handler.log_command:Invoked command in '/home/ph/ros2_firstw/build/tutorial_interfaces' returned '0': CMAKE_PREFIX_PATH=${CMAKE_PREFIX_PATH}:/opt/ros/humble /usr/bin/cmake --build /home/ph/ros2_firstw/build/tutorial_interfaces -- -j8 -l8
[1.195s] DEBUG:colcon.colcon_core.event_handler.log_command:Invoking command in '/home/ph/ros2_firstw/build/tutorial_interfaces': CMAKE_PREFIX_PATH=${CMAKE_PREFIX_PATH}:/opt/ros/humble /usr/bin/cmake --install /home/ph/ros2_firstw/build/tutorial_interfaces
[1.202s] DEBUG:colcon.colcon_core.event_handler.log_command:Invoked command in '/home/ph/ros2_firstw/build/more_interfaces' returned '0': CMAKE_PREFIX_PATH=${CMAKE_PREFIX_PATH}:/opt/ros/humble /usr/bin/cmake --build /home/ph/ros2_firstw/build/more_interfaces -- -j8 -l8
[1.205s] DEBUG:colcon.colcon_core.event_handler.log_command:Invoking command in '/home/ph/ros2_firstw/build/more_interfaces': CMAKE_PREFIX_PATH=${CMAKE_PREFIX_PATH}:/opt/ros/humble /usr/bin/cmake --install /home/ph/ros2_firstw/build/more_interfaces
[1.287s] Level 1:colcon.colcon_core.environment:create_environment_scripts_only(tutorial_interfaces)
[1.287s] Level 1:colcon.colcon_core.environment:checking '/home/ph/ros2_firstw/install/tutorial_interfaces' for CMake module files
[1.288s] DEBUG:colcon.colcon_core.event_handler.log_command:Invoked command in '/home/ph/ros2_firstw/build/tutorial_interfaces' returned '0': CMAKE_PREFIX_PATH=${CMAKE_PREFIX_PATH}:/opt/ros/humble /usr/bin/cmake --install /home/ph/ros2_firstw/build/tutorial_interfaces
[1.293s] Level 1:colcon.colcon_core.environment:checking '/home/ph/ros2_firstw/install/tutorial_interfaces' for CMake config files
[1.293s] Level 1:colcon.colcon_core.shell:create_environment_hook('tutorial_interfaces', 'cmake_prefix_path')
[1.294s] INFO:colcon.colcon_core.shell:Creating environment hook '/home/ph/ros2_firstw/install/tutorial_interfaces/share/tutorial_interfaces/hook/cmake_prefix_path.ps1'
[1.295s] INFO:colcon.colcon_core.shell:Creating environment descriptor '/home/ph/ros2_firstw/install/tutorial_interfaces/share/tutorial_interfaces/hook/cmake_prefix_path.dsv'
[1.296s] INFO:colcon.colcon_core.shell:Creating environment hook '/home/ph/ros2_firstw/install/tutorial_interfaces/share/tutorial_interfaces/hook/cmake_prefix_path.sh'
[1.298s] Level 1:colcon.colcon_core.environment:checking '/home/ph/ros2_firstw/install/tutorial_interfaces/lib'
[1.298s] Level 1:colcon.colcon_core.shell:create_environment_hook('tutorial_interfaces', 'ld_library_path_lib')
[1.299s] INFO:colcon.colcon_core.shell:Creating environment hook '/home/ph/ros2_firstw/install/tutorial_interfaces/share/tutorial_interfaces/hook/ld_library_path_lib.ps1'
[1.300s] INFO:colcon.colcon_core.shell:Creating environment descriptor '/home/ph/ros2_firstw/install/tutorial_interfaces/share/tutorial_interfaces/hook/ld_library_path_lib.dsv'
[1.301s] INFO:colcon.colcon_core.shell:Creating environment hook '/home/ph/ros2_firstw/install/tutorial_interfaces/share/tutorial_interfaces/hook/ld_library_path_lib.sh'
[1.302s] Level 1:colcon.colcon_core.environment:checking '/home/ph/ros2_firstw/install/tutorial_interfaces/bin'
[1.302s] Level 1:colcon.colcon_core.environment:checking '/home/ph/ros2_firstw/install/tutorial_interfaces/lib/pkgconfig/tutorial_interfaces.pc'
[1.302s] Level 1:colcon.colcon_core.environment:checking '/home/ph/ros2_firstw/install/tutorial_interfaces/lib/python3.10/site-packages'
[1.303s] Level 1:colcon.colcon_core.environment:checking '/home/ph/ros2_firstw/install/tutorial_interfaces/bin'
[1.304s] INFO:colcon.colcon_core.shell:Creating package script '/home/ph/ros2_firstw/install/tutorial_interfaces/share/tutorial_interfaces/package.ps1'
[1.306s] INFO:colcon.colcon_core.shell:Creating package descriptor '/home/ph/ros2_firstw/install/tutorial_interfaces/share/tutorial_interfaces/package.dsv'
[1.307s] INFO:colcon.colcon_core.shell:Creating package script '/home/ph/ros2_firstw/install/tutorial_interfaces/share/tutorial_interfaces/package.sh'
[1.308s] INFO:colcon.colcon_core.shell:Creating package script '/home/ph/ros2_firstw/install/tutorial_interfaces/share/tutorial_interfaces/package.bash'
[1.309s] INFO:colcon.colcon_core.shell:Creating package script '/home/ph/ros2_firstw/install/tutorial_interfaces/share/tutorial_interfaces/package.zsh'
[1.310s] Level 1:colcon.colcon_core.environment:create_file_with_runtime_dependencies(/home/ph/ros2_firstw/install/tutorial_interfaces/share/colcon-core/packages/tutorial_interfaces)
[1.312s] Level 1:colcon.colcon_core.environment:create_environment_scripts_only(tutorial_interfaces)
[1.312s] Level 1:colcon.colcon_core.environment:checking '/home/ph/ros2_firstw/install/tutorial_interfaces' for CMake module files
[1.314s] Level 1:colcon.colcon_core.environment:checking '/home/ph/ros2_firstw/install/tutorial_interfaces' for CMake config files
[1.315s] Level 1:colcon.colcon_core.shell:create_environment_hook('tutorial_interfaces', 'cmake_prefix_path')
[1.315s] INFO:colcon.colcon_core.shell:Creating environment hook '/home/ph/ros2_firstw/install/tutorial_interfaces/share/tutorial_interfaces/hook/cmake_prefix_path.ps1'
[1.317s] INFO:colcon.colcon_core.shell:Creating environment descriptor '/home/ph/ros2_firstw/install/tutorial_interfaces/share/tutorial_interfaces/hook/cmake_prefix_path.dsv'
[1.318s] INFO:colcon.colcon_core.shell:Creating environment hook '/home/ph/ros2_firstw/install/tutorial_interfaces/share/tutorial_interfaces/hook/cmake_prefix_path.sh'
[1.319s] Level 1:colcon.colcon_core.environment:checking '/home/ph/ros2_firstw/install/tutorial_interfaces/lib'
[1.319s] Level 1:colcon.colcon_core.shell:create_environment_hook('tutorial_interfaces', 'ld_library_path_lib')
[1.320s] INFO:colcon.colcon_core.shell:Creating environment hook '/home/ph/ros2_firstw/install/tutorial_interfaces/share/tutorial_interfaces/hook/ld_library_path_lib.ps1'
[1.321s] INFO:colcon.colcon_core.shell:Creating environment descriptor '/home/ph/ros2_firstw/install/tutorial_interfaces/share/tutorial_interfaces/hook/ld_library_path_lib.dsv'
[1.322s] INFO:colcon.colcon_core.shell:Creating environment hook '/home/ph/ros2_firstw/install/tutorial_interfaces/share/tutorial_interfaces/hook/ld_library_path_lib.sh'
[1.323s] Level 1:colcon.colcon_core.environment:checking '/home/ph/ros2_firstw/install/tutorial_interfaces/bin'
[1.323s] Level 1:colcon.colcon_core.environment:checking '/home/ph/ros2_firstw/install/tutorial_interfaces/lib/pkgconfig/tutorial_interfaces.pc'
[1.324s] Level 1:colcon.colcon_core.environment:checking '/home/ph/ros2_firstw/install/tutorial_interfaces/lib/python3.10/site-packages'
[1.325s] Level 1:colcon.colcon_core.environment:checking '/home/ph/ros2_firstw/install/tutorial_interfaces/bin'
[1.326s] INFO:colcon.colcon_core.shell:Creating package script '/home/ph/ros2_firstw/install/tutorial_interfaces/share/tutorial_interfaces/package.ps1'
[1.327s] INFO:colcon.colcon_core.shell:Creating package descriptor '/home/ph/ros2_firstw/install/tutorial_interfaces/share/tutorial_interfaces/package.dsv'
[1.329s] INFO:colcon.colcon_core.shell:Creating package script '/home/ph/ros2_firstw/install/tutorial_interfaces/share/tutorial_interfaces/package.sh'
[1.330s] INFO:colcon.colcon_core.shell:Creating package script '/home/ph/ros2_firstw/install/tutorial_interfaces/share/tutorial_interfaces/package.bash'
[1.331s] INFO:colcon.colcon_core.shell:Creating package script '/home/ph/ros2_firstw/install/tutorial_interfaces/share/tutorial_interfaces/package.zsh'
[1.332s] Level 1:colcon.colcon_core.environment:create_file_with_runtime_dependencies(/home/ph/ros2_firstw/install/tutorial_interfaces/share/colcon-core/packages/tutorial_interfaces)
[1.334s] INFO:colcon.colcon_ros.task.ament_cmake.build:Building ROS package in '/home/ph/ros2_firstw/src/cpp_pubsub' with build type 'ament_cmake'
[1.334s] INFO:colcon.colcon_cmake.task.cmake.build:Building CMake package in '/home/ph/ros2_firstw/src/cpp_pubsub'
[1.335s] INFO:colcon.colcon_core.shell:Skip shell extension 'powershell' for command environment: Not usable outside of PowerShell
[1.335s] DEBUG:colcon.colcon_core.shell:Skip shell extension 'dsv' for command environment
[1.345s] INFO:colcon.colcon_ros.task.ament_cmake.build:Building ROS package in '/home/ph/ros2_firstw/src/cpp_srvcli' with build type 'ament_cmake'
[1.345s] INFO:colcon.colcon_cmake.task.cmake.build:Building CMake package in '/home/ph/ros2_firstw/src/cpp_srvcli'
[1.346s] INFO:colcon.colcon_core.shell:Skip shell extension 'powershell' for command environment: Not usable outside of PowerShell
[1.346s] DEBUG:colcon.colcon_core.shell:Skip shell extension 'dsv' for command environment
[1.357s] Level 1:colcon.colcon_core.environment:create_environment_scripts_only(more_interfaces)
[1.357s] DEBUG:colcon.colcon_core.event_handler.log_command:Invoked command in '/home/ph/ros2_firstw/build/more_interfaces' returned '0': CMAKE_PREFIX_PATH=${CMAKE_PREFIX_PATH}:/opt/ros/humble /usr/bin/cmake --install /home/ph/ros2_firstw/build/more_interfaces
[1.358s] Level 1:colcon.colcon_core.environment:checking '/home/ph/ros2_firstw/install/more_interfaces' for CMake module files
[1.359s] Level 1:colcon.colcon_core.environment:checking '/home/ph/ros2_firstw/install/more_interfaces' for CMake config files
[1.360s] Level 1:colcon.colcon_core.shell:create_environment_hook('more_interfaces', 'cmake_prefix_path')
[1.360s] INFO:colcon.colcon_core.shell:Creating environment hook '/home/ph/ros2_firstw/install/more_interfaces/share/more_interfaces/hook/cmake_prefix_path.ps1'
[1.361s] INFO:colcon.colcon_core.shell:Creating environment descriptor '/home/ph/ros2_firstw/install/more_interfaces/share/more_interfaces/hook/cmake_prefix_path.dsv'
[1.362s] INFO:colcon.colcon_core.shell:Creating environment hook '/home/ph/ros2_firstw/install/more_interfaces/share/more_interfaces/hook/cmake_prefix_path.sh'
[1.363s] Level 1:colcon.colcon_core.environment:checking '/home/ph/ros2_firstw/install/more_interfaces/lib'
[1.363s] Level 1:colcon.colcon_core.shell:create_environment_hook('more_interfaces', 'ld_library_path_lib')
[1.363s] INFO:colcon.colcon_core.shell:Creating environment hook '/home/ph/ros2_firstw/install/more_interfaces/share/more_interfaces/hook/ld_library_path_lib.ps1'
[1.364s] INFO:colcon.colcon_core.shell:Creating environment descriptor '/home/ph/ros2_firstw/install/more_interfaces/share/more_interfaces/hook/ld_library_path_lib.dsv'
[1.364s] INFO:colcon.colcon_core.shell:Creating environment hook '/home/ph/ros2_firstw/install/more_interfaces/share/more_interfaces/hook/ld_library_path_lib.sh'
[1.365s] Level 1:colcon.colcon_core.environment:checking '/home/ph/ros2_firstw/install/more_interfaces/bin'
[1.365s] Level 1:colcon.colcon_core.environment:checking '/home/ph/ros2_firstw/install/more_interfaces/lib/pkgconfig/more_interfaces.pc'
[1.365s] Level 1:colcon.colcon_core.environment:checking '/home/ph/ros2_firstw/install/more_interfaces/lib/python3.10/site-packages'
[1.365s] Level 1:colcon.colcon_core.environment:checking '/home/ph/ros2_firstw/install/more_interfaces/bin'
[1.366s] INFO:colcon.colcon_core.shell:Creating package script '/home/ph/ros2_firstw/install/more_interfaces/share/more_interfaces/package.ps1'
[1.367s] INFO:colcon.colcon_core.shell:Creating package descriptor '/home/ph/ros2_firstw/install/more_interfaces/share/more_interfaces/package.dsv'
[1.367s] INFO:colcon.colcon_core.shell:Creating package script '/home/ph/ros2_firstw/install/more_interfaces/share/more_interfaces/package.sh'
[1.368s] INFO:colcon.colcon_core.shell:Creating package script '/home/ph/ros2_firstw/install/more_interfaces/share/more_interfaces/package.bash'
[1.368s] INFO:colcon.colcon_core.shell:Creating package script '/home/ph/ros2_firstw/install/more_interfaces/share/more_interfaces/package.zsh'
[1.369s] Level 1:colcon.colcon_core.environment:create_file_with_runtime_dependencies(/home/ph/ros2_firstw/install/more_interfaces/share/colcon-core/packages/more_interfaces)
[1.370s] Level 1:colcon.colcon_core.environment:create_environment_scripts_only(more_interfaces)
[1.370s] Level 1:colcon.colcon_core.environment:checking '/home/ph/ros2_firstw/install/more_interfaces' for CMake module files
[1.371s] Level 1:colcon.colcon_core.environment:checking '/home/ph/ros2_firstw/install/more_interfaces' for CMake config files
[1.371s] Level 1:colcon.colcon_core.shell:create_environment_hook('more_interfaces', 'cmake_prefix_path')
[1.371s] INFO:colcon.colcon_core.shell:Creating environment hook '/home/ph/ros2_firstw/install/more_interfaces/share/more_interfaces/hook/cmake_prefix_path.ps1'
[1.372s] INFO:colcon.colcon_core.shell:Creating environment descriptor '/home/ph/ros2_firstw/install/more_interfaces/share/more_interfaces/hook/cmake_prefix_path.dsv'
[1.372s] INFO:colcon.colcon_core.shell:Creating environment hook '/home/ph/ros2_firstw/install/more_interfaces/share/more_interfaces/hook/cmake_prefix_path.sh'
[1.373s] Level 1:colcon.colcon_core.environment:checking '/home/ph/ros2_firstw/install/more_interfaces/lib'
[1.373s] Level 1:colcon.colcon_core.shell:create_environment_hook('more_interfaces', 'ld_library_path_lib')
[1.374s] INFO:colcon.colcon_core.shell:Creating environment hook '/home/ph/ros2_firstw/install/more_interfaces/share/more_interfaces/hook/ld_library_path_lib.ps1'
[1.375s] INFO:colcon.colcon_core.shell:Creating environment descriptor '/home/ph/ros2_firstw/install/more_interfaces/share/more_interfaces/hook/ld_library_path_lib.dsv'
[1.375s] INFO:colcon.colcon_core.shell:Creating environment hook '/home/ph/ros2_firstw/install/more_interfaces/share/more_interfaces/hook/ld_library_path_lib.sh'
[1.376s] Level 1:colcon.colcon_core.environment:checking '/home/ph/ros2_firstw/install/more_interfaces/bin'
[1.377s] Level 1:colcon.colcon_core.environment:checking '/home/ph/ros2_firstw/install/more_interfaces/lib/pkgconfig/more_interfaces.pc'
[1.377s] Level 1:colcon.colcon_core.environment:checking '/home/ph/ros2_firstw/install/more_interfaces/lib/python3.10/site-packages'
[1.377s] Level 1:colcon.colcon_core.environment:checking '/home/ph/ros2_firstw/install/more_interfaces/bin'
[1.378s] INFO:colcon.colcon_core.shell:Creating package script '/home/ph/ros2_firstw/install/more_interfaces/share/more_interfaces/package.ps1'
[1.379s] INFO:colcon.colcon_core.shell:Creating package descriptor '/home/ph/ros2_firstw/install/more_interfaces/share/more_interfaces/package.dsv'
[1.379s] INFO:colcon.colcon_core.shell:Creating package script '/home/ph/ros2_firstw/install/more_interfaces/share/more_interfaces/package.sh'
[1.380s] INFO:colcon.colcon_core.shell:Creating package script '/home/ph/ros2_firstw/install/more_interfaces/share/more_interfaces/package.bash'
[1.381s] INFO:colcon.colcon_core.shell:Creating package script '/home/ph/ros2_firstw/install/more_interfaces/share/more_interfaces/package.zsh'
[1.381s] Level 1:colcon.colcon_core.environment:create_file_with_runtime_dependencies(/home/ph/ros2_firstw/install/more_interfaces/share/colcon-core/packages/more_interfaces)
[1.389s] DEBUG:colcon.colcon_core.event_handler.log_command:Invoking command in '/home/ph/ros2_firstw/build/cpp_pubsub': CMAKE_PREFIX_PATH=/home/ph/ros2_firstw/install/tutorial_interfaces:/home/ph/ros2_firstw/install/cpp_srvcli:/home/ph/ros2_firstw/install/cpp_pubsub:/home/ph/ros2_firstw/install/turtlesim:/home/ph/ros2_firstw/install/more_interfaces:/home/ph/ros2_firstw/install/firstpkg:/opt/ros/humble /usr/bin/cmake --build /home/ph/ros2_firstw/build/cpp_pubsub -- -j8 -l8
[1.393s] DEBUG:colcon.colcon_core.event_handler.log_command:Invoking command in '/home/ph/ros2_firstw/build/cpp_srvcli': CMAKE_PREFIX_PATH=/home/ph/ros2_firstw/install/tutorial_interfaces:/home/ph/ros2_firstw/install/cpp_srvcli:/home/ph/ros2_firstw/install/cpp_pubsub:/home/ph/ros2_firstw/install/turtlesim:/home/ph/ros2_firstw/install/more_interfaces:/home/ph/ros2_firstw/install/firstpkg:/opt/ros/humble /usr/bin/cmake --build /home/ph/ros2_firstw/build/cpp_srvcli -- -j8 -l8
[1.500s] DEBUG:colcon.colcon_core.event_handler.log_command:Invoked command in '/home/ph/ros2_firstw/build/cpp_pubsub' returned '0': CMAKE_PREFIX_PATH=/home/ph/ros2_firstw/install/tutorial_interfaces:/home/ph/ros2_firstw/install/cpp_srvcli:/home/ph/ros2_firstw/install/cpp_pubsub:/home/ph/ros2_firstw/install/turtlesim:/home/ph/ros2_firstw/install/more_interfaces:/home/ph/ros2_firstw/install/firstpkg:/opt/ros/humble /usr/bin/cmake --build /home/ph/ros2_firstw/build/cpp_pubsub -- -j8 -l8
[1.504s] DEBUG:colcon.colcon_core.event_handler.log_command:Invoking command in '/home/ph/ros2_firstw/build/cpp_pubsub': CMAKE_PREFIX_PATH=/home/ph/ros2_firstw/install/tutorial_interfaces:/home/ph/ros2_firstw/install/cpp_srvcli:/home/ph/ros2_firstw/install/cpp_pubsub:/home/ph/ros2_firstw/install/turtlesim:/home/ph/ros2_firstw/install/more_interfaces:/home/ph/ros2_firstw/install/firstpkg:/opt/ros/humble /usr/bin/cmake --install /home/ph/ros2_firstw/build/cpp_pubsub
[1.506s] DEBUG:colcon.colcon_core.event_handler.log_command:Invoked command in '/home/ph/ros2_firstw/build/cpp_srvcli' returned '0': CMAKE_PREFIX_PATH=/home/ph/ros2_firstw/install/tutorial_interfaces:/home/ph/ros2_firstw/install/cpp_srvcli:/home/ph/ros2_firstw/install/cpp_pubsub:/home/ph/ros2_firstw/install/turtlesim:/home/ph/ros2_firstw/install/more_interfaces:/home/ph/ros2_firstw/install/firstpkg:/opt/ros/humble /usr/bin/cmake --build /home/ph/ros2_firstw/build/cpp_srvcli -- -j8 -l8
[1.508s] DEBUG:colcon.colcon_core.event_handler.log_command:Invoking command in '/home/ph/ros2_firstw/build/cpp_srvcli': CMAKE_PREFIX_PATH=/home/ph/ros2_firstw/install/tutorial_interfaces:/home/ph/ros2_firstw/install/cpp_srvcli:/home/ph/ros2_firstw/install/cpp_pubsub:/home/ph/ros2_firstw/install/turtlesim:/home/ph/ros2_firstw/install/more_interfaces:/home/ph/ros2_firstw/install/firstpkg:/opt/ros/humble /usr/bin/cmake --install /home/ph/ros2_firstw/build/cpp_srvcli
[1.521s] Level 1:colcon.colcon_core.environment:create_environment_scripts_only(cpp_pubsub)
[1.522s] Level 1:colcon.colcon_core.environment:checking '/home/ph/ros2_firstw/install/cpp_pubsub' for CMake module files
[1.523s] DEBUG:colcon.colcon_core.event_handler.log_command:Invoked command in '/home/ph/ros2_firstw/build/cpp_pubsub' returned '0': CMAKE_PREFIX_PATH=/home/ph/ros2_firstw/install/tutorial_interfaces:/home/ph/ros2_firstw/install/cpp_srvcli:/home/ph/ros2_firstw/install/cpp_pubsub:/home/ph/ros2_firstw/install/turtlesim:/home/ph/ros2_firstw/install/more_interfaces:/home/ph/ros2_firstw/install/firstpkg:/opt/ros/humble /usr/bin/cmake --install /home/ph/ros2_firstw/build/cpp_pubsub
[1.528s] Level 1:colcon.colcon_core.environment:checking '/home/ph/ros2_firstw/install/cpp_pubsub' for CMake config files
[1.528s] Level 1:colcon.colcon_core.shell:create_environment_hook('cpp_pubsub', 'cmake_prefix_path')
[1.529s] INFO:colcon.colcon_core.shell:Creating environment hook '/home/ph/ros2_firstw/install/cpp_pubsub/share/cpp_pubsub/hook/cmake_prefix_path.ps1'
[1.530s] INFO:colcon.colcon_core.shell:Creating environment descriptor '/home/ph/ros2_firstw/install/cpp_pubsub/share/cpp_pubsub/hook/cmake_prefix_path.dsv'
[1.532s] INFO:colcon.colcon_core.shell:Creating environment hook '/home/ph/ros2_firstw/install/cpp_pubsub/share/cpp_pubsub/hook/cmake_prefix_path.sh'
[1.533s] Level 1:colcon.colcon_core.environment:checking '/home/ph/ros2_firstw/install/cpp_pubsub/lib'
[1.534s] Level 1:colcon.colcon_core.environment:checking '/home/ph/ros2_firstw/install/cpp_pubsub/bin'
[1.534s] Level 1:colcon.colcon_core.environment:checking '/home/ph/ros2_firstw/install/cpp_pubsub/lib/pkgconfig/cpp_pubsub.pc'
[1.534s] Level 1:colcon.colcon_core.environment:checking '/home/ph/ros2_firstw/install/cpp_pubsub/lib/python3.10/site-packages'
[1.535s] Level 1:colcon.colcon_core.environment:checking '/home/ph/ros2_firstw/install/cpp_pubsub/bin'
[1.536s] INFO:colcon.colcon_core.shell:Creating package script '/home/ph/ros2_firstw/install/cpp_pubsub/share/cpp_pubsub/package.ps1'
[1.538s] INFO:colcon.colcon_core.shell:Creating package descriptor '/home/ph/ros2_firstw/install/cpp_pubsub/share/cpp_pubsub/package.dsv'
[1.539s] INFO:colcon.colcon_core.shell:Creating package script '/home/ph/ros2_firstw/install/cpp_pubsub/share/cpp_pubsub/package.sh'
[1.540s] INFO:colcon.colcon_core.shell:Creating package script '/home/ph/ros2_firstw/install/cpp_pubsub/share/cpp_pubsub/package.bash'
[1.541s] INFO:colcon.colcon_core.shell:Creating package script '/home/ph/ros2_firstw/install/cpp_pubsub/share/cpp_pubsub/package.zsh'
[1.543s] Level 1:colcon.colcon_core.environment:create_file_with_runtime_dependencies(/home/ph/ros2_firstw/install/cpp_pubsub/share/colcon-core/packages/cpp_pubsub)
[1.544s] Level 1:colcon.colcon_core.environment:create_environment_scripts_only(cpp_pubsub)
[1.545s] Level 1:colcon.colcon_core.environment:checking '/home/ph/ros2_firstw/install/cpp_pubsub' for CMake module files
[1.546s] Level 1:colcon.colcon_core.environment:checking '/home/ph/ros2_firstw/install/cpp_pubsub' for CMake config files
[1.547s] Level 1:colcon.colcon_core.shell:create_environment_hook('cpp_pubsub', 'cmake_prefix_path')
[1.548s] INFO:colcon.colcon_core.shell:Creating environment hook '/home/ph/ros2_firstw/install/cpp_pubsub/share/cpp_pubsub/hook/cmake_prefix_path.ps1'
[1.549s] INFO:colcon.colcon_core.shell:Creating environment descriptor '/home/ph/ros2_firstw/install/cpp_pubsub/share/cpp_pubsub/hook/cmake_prefix_path.dsv'
[1.550s] INFO:colcon.colcon_core.shell:Creating environment hook '/home/ph/ros2_firstw/install/cpp_pubsub/share/cpp_pubsub/hook/cmake_prefix_path.sh'
[1.551s] Level 1:colcon.colcon_core.environment:checking '/home/ph/ros2_firstw/install/cpp_pubsub/lib'
[1.552s] Level 1:colcon.colcon_core.environment:checking '/home/ph/ros2_firstw/install/cpp_pubsub/bin'
[1.552s] Level 1:colcon.colcon_core.environment:checking '/home/ph/ros2_firstw/install/cpp_pubsub/lib/pkgconfig/cpp_pubsub.pc'
[1.552s] Level 1:colcon.colcon_core.environment:checking '/home/ph/ros2_firstw/install/cpp_pubsub/lib/python3.10/site-packages'
[1.553s] Level 1:colcon.colcon_core.environment:checking '/home/ph/ros2_firstw/install/cpp_pubsub/bin'
[1.554s] INFO:colcon.colcon_core.shell:Creating package script '/home/ph/ros2_firstw/install/cpp_pubsub/share/cpp_pubsub/package.ps1'
[1.555s] INFO:colcon.colcon_core.shell:Creating package descriptor '/home/ph/ros2_firstw/install/cpp_pubsub/share/cpp_pubsub/package.dsv'
[1.557s] INFO:colcon.colcon_core.shell:Creating package script '/home/ph/ros2_firstw/install/cpp_pubsub/share/cpp_pubsub/package.sh'
[1.558s] INFO:colcon.colcon_core.shell:Creating package script '/home/ph/ros2_firstw/install/cpp_pubsub/share/cpp_pubsub/package.bash'
[1.559s] INFO:colcon.colcon_core.shell:Creating package script '/home/ph/ros2_firstw/install/cpp_pubsub/share/cpp_pubsub/package.zsh'
[1.560s] Level 1:colcon.colcon_core.environment:create_file_with_runtime_dependencies(/home/ph/ros2_firstw/install/cpp_pubsub/share/colcon-core/packages/cpp_pubsub)
[1.562s] Level 1:colcon.colcon_core.environment:create_environment_scripts_only(cpp_srvcli)
[1.563s] Level 1:colcon.colcon_core.environment:checking '/home/ph/ros2_firstw/install/cpp_srvcli' for CMake module files
[1.565s] DEBUG:colcon.colcon_core.event_handler.log_command:Invoked command in '/home/ph/ros2_firstw/build/cpp_srvcli' returned '0': CMAKE_PREFIX_PATH=/home/ph/ros2_firstw/install/tutorial_interfaces:/home/ph/ros2_firstw/install/cpp_srvcli:/home/ph/ros2_firstw/install/cpp_pubsub:/home/ph/ros2_firstw/install/turtlesim:/home/ph/ros2_firstw/install/more_interfaces:/home/ph/ros2_firstw/install/firstpkg:/opt/ros/humble /usr/bin/cmake --install /home/ph/ros2_firstw/build/cpp_srvcli
[1.566s] Level 1:colcon.colcon_core.environment:checking '/home/ph/ros2_firstw/install/cpp_srvcli' for CMake config files
[1.567s] Level 1:colcon.colcon_core.shell:create_environment_hook('cpp_srvcli', 'cmake_prefix_path')
[1.567s] INFO:colcon.colcon_core.shell:Creating environment hook '/home/ph/ros2_firstw/install/cpp_srvcli/share/cpp_srvcli/hook/cmake_prefix_path.ps1'
[1.569s] INFO:colcon.colcon_core.shell:Creating environment descriptor '/home/ph/ros2_firstw/install/cpp_srvcli/share/cpp_srvcli/hook/cmake_prefix_path.dsv'
[1.570s] INFO:colcon.colcon_core.shell:Creating environment hook '/home/ph/ros2_firstw/install/cpp_srvcli/share/cpp_srvcli/hook/cmake_prefix_path.sh'
[1.571s] Level 1:colcon.colcon_core.environment:checking '/home/ph/ros2_firstw/install/cpp_srvcli/lib'
[1.572s] Level 1:colcon.colcon_core.environment:checking '/home/ph/ros2_firstw/install/cpp_srvcli/bin'
[1.572s] Level 1:colcon.colcon_core.environment:checking '/home/ph/ros2_firstw/install/cpp_srvcli/lib/pkgconfig/cpp_srvcli.pc'
[1.572s] Level 1:colcon.colcon_core.environment:checking '/home/ph/ros2_firstw/install/cpp_srvcli/lib/python3.10/site-packages'
[1.572s] Level 1:colcon.colcon_core.environment:checking '/home/ph/ros2_firstw/install/cpp_srvcli/bin'
[1.573s] INFO:colcon.colcon_core.shell:Creating package script '/home/ph/ros2_firstw/install/cpp_srvcli/share/cpp_srvcli/package.ps1'
[1.574s] INFO:colcon.colcon_core.shell:Creating package descriptor '/home/ph/ros2_firstw/install/cpp_srvcli/share/cpp_srvcli/package.dsv'
[1.574s] INFO:colcon.colcon_core.shell:Creating package script '/home/ph/ros2_firstw/install/cpp_srvcli/share/cpp_srvcli/package.sh'
[1.575s] INFO:colcon.colcon_core.shell:Creating package script '/home/ph/ros2_firstw/install/cpp_srvcli/share/cpp_srvcli/package.bash'
[1.576s] INFO:colcon.colcon_core.shell:Creating package script '/home/ph/ros2_firstw/install/cpp_srvcli/share/cpp_srvcli/package.zsh'
[1.576s] Level 1:colcon.colcon_core.environment:create_file_with_runtime_dependencies(/home/ph/ros2_firstw/install/cpp_srvcli/share/colcon-core/packages/cpp_srvcli)
[1.577s] Level 1:colcon.colcon_core.environment:create_environment_scripts_only(cpp_srvcli)
[1.578s] Level 1:colcon.colcon_core.environment:checking '/home/ph/ros2_firstw/install/cpp_srvcli' for CMake module files
[1.578s] Level 1:colcon.colcon_core.environment:checking '/home/ph/ros2_firstw/install/cpp_srvcli' for CMake config files
[1.579s] Level 1:colcon.colcon_core.shell:create_environment_hook('cpp_srvcli', 'cmake_prefix_path')
[1.579s] INFO:colcon.colcon_core.shell:Creating environment hook '/home/ph/ros2_firstw/install/cpp_srvcli/share/cpp_srvcli/hook/cmake_prefix_path.ps1'
[1.580s] INFO:colcon.colcon_core.shell:Creating environment descriptor '/home/ph/ros2_firstw/install/cpp_srvcli/share/cpp_srvcli/hook/cmake_prefix_path.dsv'
[1.580s] INFO:colcon.colcon_core.shell:Creating environment hook '/home/ph/ros2_firstw/install/cpp_srvcli/share/cpp_srvcli/hook/cmake_prefix_path.sh'
[1.581s] Level 1:colcon.colcon_core.environment:checking '/home/ph/ros2_firstw/install/cpp_srvcli/lib'
[1.581s] Level 1:colcon.colcon_core.environment:checking '/home/ph/ros2_firstw/install/cpp_srvcli/bin'
[1.581s] Level 1:colcon.colcon_core.environment:checking '/home/ph/ros2_firstw/install/cpp_srvcli/lib/pkgconfig/cpp_srvcli.pc'
[1.582s] Level 1:colcon.colcon_core.environment:checking '/home/ph/ros2_firstw/install/cpp_srvcli/lib/python3.10/site-packages'
[1.582s] Level 1:colcon.colcon_core.environment:checking '/home/ph/ros2_firstw/install/cpp_srvcli/bin'
[1.583s] INFO:colcon.colcon_core.shell:Creating package script '/home/ph/ros2_firstw/install/cpp_srvcli/share/cpp_srvcli/package.ps1'
[1.583s] INFO:colcon.colcon_core.shell:Creating package descriptor '/home/ph/ros2_firstw/install/cpp_srvcli/share/cpp_srvcli/package.dsv'
[1.584s] INFO:colcon.colcon_core.shell:Creating package script '/home/ph/ros2_firstw/install/cpp_srvcli/share/cpp_srvcli/package.sh'
[1.585s] INFO:colcon.colcon_core.shell:Creating package script '/home/ph/ros2_firstw/install/cpp_srvcli/share/cpp_srvcli/package.bash'
[1.585s] INFO:colcon.colcon_core.shell:Creating package script '/home/ph/ros2_firstw/install/cpp_srvcli/share/cpp_srvcli/package.zsh'
[1.586s] Level 1:colcon.colcon_core.environment:create_file_with_runtime_dependencies(/home/ph/ros2_firstw/install/cpp_srvcli/share/colcon-core/packages/cpp_srvcli)
[4.097s] DEBUG:colcon.colcon_core.event_handler.log_command:Invoked command in '/home/ph/ros2_firstw/build/cpp_parameters' returned '2': CMAKE_PREFIX_PATH=${CMAKE_PREFIX_PATH}:/opt/ros/humble /usr/bin/cmake --build /home/ph/ros2_firstw/build/cpp_parameters -- -j8 -l8
[4.098s] Level 1:colcon.colcon_core.environment:create_environment_scripts_only(cpp_parameters)
[4.099s] Level 1:colcon.colcon_core.environment:checking '/home/ph/ros2_firstw/install/cpp_parameters' for CMake module files
[4.100s] Level 1:colcon.colcon_core.environment:checking '/home/ph/ros2_firstw/install/cpp_parameters' for CMake config files
[4.101s] Level 1:colcon.colcon_core.environment:checking '/home/ph/ros2_firstw/install/cpp_parameters/bin'
[4.101s] Level 1:colcon.colcon_core.environment:checking '/home/ph/ros2_firstw/install/cpp_parameters/lib/pkgconfig/cpp_parameters.pc'
[4.101s] Level 1:colcon.colcon_core.environment:checking '/home/ph/ros2_firstw/install/cpp_parameters/lib/python3.10/site-packages'
[4.102s] Level 1:colcon.colcon_core.environment:checking '/home/ph/ros2_firstw/install/cpp_parameters/bin'
[4.103s] INFO:colcon.colcon_core.shell:Creating package script '/home/ph/ros2_firstw/install/cpp_parameters/share/cpp_parameters/package.ps1'
[4.105s] INFO:colcon.colcon_core.shell:Creating package descriptor '/home/ph/ros2_firstw/install/cpp_parameters/share/cpp_parameters/package.dsv'
[4.107s] INFO:colcon.colcon_core.shell:Creating package script '/home/ph/ros2_firstw/install/cpp_parameters/share/cpp_parameters/package.sh'
[4.108s] INFO:colcon.colcon_core.shell:Creating package script '/home/ph/ros2_firstw/install/cpp_parameters/share/cpp_parameters/package.bash'
[4.109s] INFO:colcon.colcon_core.shell:Creating package script '/home/ph/ros2_firstw/install/cpp_parameters/share/cpp_parameters/package.zsh'
[4.111s] Level 1:colcon.colcon_core.environment:create_file_with_runtime_dependencies(/home/ph/ros2_firstw/install/cpp_parameters/share/colcon-core/packages/cpp_parameters)
[4.122s] DEBUG:colcon.colcon_parallel_executor.executor.parallel:closing loop
[4.122s] DEBUG:colcon.colcon_parallel_executor.executor.parallel:loop closed
[4.122s] DEBUG:colcon.colcon_parallel_executor.executor.parallel:run_until_complete finished with '2'
[4.122s] DEBUG:colcon.colcon_core.event_reactor:joining thread
[4.135s] INFO:colcon.colcon_core.plugin_system:Skipping extension 'colcon_notification.desktop_notification.terminal_notifier': Not used on non-Darwin systems
[4.135s] INFO:colcon.colcon_core.plugin_system:Skipping extension 'colcon_notification.desktop_notification.win32': Not used on non-Windows systems
[4.135s] INFO:colcon.colcon_notification.desktop_notification:Sending desktop notification using 'notify2'
[4.169s] DEBUG:colcon.colcon_core.event_reactor:joined thread
[4.169s] INFO:colcon.colcon_core.shell:Creating prefix script '/home/ph/ros2_firstw/install/local_setup.ps1'
[4.171s] INFO:colcon.colcon_core.shell:Creating prefix util module '/home/ph/ros2_firstw/install/_local_setup_util_ps1.py'
[4.173s] INFO:colcon.colcon_core.shell:Creating prefix chain script '/home/ph/ros2_firstw/install/setup.ps1'
[4.175s] INFO:colcon.colcon_core.shell:Creating prefix script '/home/ph/ros2_firstw/install/local_setup.sh'
[4.176s] INFO:colcon.colcon_core.shell:Creating prefix util module '/home/ph/ros2_firstw/install/_local_setup_util_sh.py'
[4.177s] INFO:colcon.colcon_core.shell:Creating prefix chain script '/home/ph/ros2_firstw/install/setup.sh'
[4.179s] INFO:colcon.colcon_core.shell:Creating prefix script '/home/ph/ros2_firstw/install/local_setup.bash'
[4.179s] INFO:colcon.colcon_core.shell:Creating prefix chain script '/home/ph/ros2_firstw/install/setup.bash'
[4.181s] INFO:colcon.colcon_core.shell:Creating prefix script '/home/ph/ros2_firstw/install/local_setup.zsh'
[4.181s] INFO:colcon.colcon_core.shell:Creating prefix chain script '/home/ph/ros2_firstw/install/setup.zsh'
