[0.015s] Invoking command in '/home/ph/fourth_ws/build/urdf_tutorial': AMENT_PREFIX_PATH=/home/ph/fourth_ws/install/urdf_launch:${AMENT_PREFIX_PATH} CMAKE_PREFIX_PATH=/home/ph/fourth_ws/install/urdf_launch:/opt/ros/humble:${CMAKE_PREFIX_PATH} /usr/bin/cmake --build /home/ph/fourth_ws/build/urdf_tutorial -- -j8 -l8
[0.077s] Invoked command in '/home/ph/fourth_ws/build/urdf_tutorial' returned '0': AMENT_PREFIX_PATH=/home/ph/fourth_ws/install/urdf_launch:${AMENT_PREFIX_PATH} CMAKE_PREFIX_PATH=/home/ph/fourth_ws/install/urdf_launch:/opt/ros/humble:${CMAKE_PREFIX_PATH} /usr/bin/cmake --build /home/ph/fourth_ws/build/urdf_tutorial -- -j8 -l8
[0.081s] Invoking command in '/home/ph/fourth_ws/build/urdf_tutorial': AMENT_PREFIX_PATH=/home/ph/fourth_ws/install/urdf_launch:${AMENT_PREFIX_PATH} CMAKE_PREFIX_PATH=/home/ph/fourth_ws/install/urdf_launch:/opt/ros/humble:${CMAKE_PREFIX_PATH} /usr/bin/cmake --install /home/ph/fourth_ws/build/urdf_tutorial
[0.092s] -- Install configuration: ""
[0.092s] -- Up-to-date: /home/ph/fourth_ws/install/urdf_tutorial/share/urdf_tutorial/images
[0.093s] -- Up-to-date: /home/ph/fourth_ws/install/urdf_tutorial/share/urdf_tutorial/images/origins.png
[0.093s] -- Up-to-date: /home/ph/fourth_ws/install/urdf_tutorial/share/urdf_tutorial/images/multipleshapes.png
[0.093s] -- Up-to-date: /home/ph/fourth_ws/install/urdf_tutorial/share/urdf_tutorial/images/myfirst.png
[0.093s] -- Up-to-date: /home/ph/fourth_ws/install/urdf_tutorial/share/urdf_tutorial/images/materials.png
[0.093s] -- Up-to-date: /home/ph/fourth_ws/install/urdf_tutorial/share/urdf_tutorial/images/visual.png
[0.093s] -- Up-to-date: /home/ph/fourth_ws/install/urdf_tutorial/share/urdf_tutorial/images/flexible.png
[0.094s] -- Up-to-date: /home/ph/fourth_ws/install/urdf_tutorial/share/urdf_tutorial/launch
[0.094s] -- Up-to-date: /home/ph/fourth_ws/install/urdf_tutorial/share/urdf_tutorial/launch/display.launch.py
[0.094s] -- Up-to-date: /home/ph/fourth_ws/install/urdf_tutorial/share/urdf_tutorial/meshes
[0.095s] -- Up-to-date: /home/ph/fourth_ws/install/urdf_tutorial/share/urdf_tutorial/meshes/l_finger_tip_color.png
[0.095s] -- Up-to-date: /home/ph/fourth_ws/install/urdf_tutorial/share/urdf_tutorial/meshes/l_finger_tip.dae
[0.095s] -- Up-to-date: /home/ph/fourth_ws/install/urdf_tutorial/share/urdf_tutorial/meshes/l_finger.dae
[0.095s] -- Up-to-date: /home/ph/fourth_ws/install/urdf_tutorial/share/urdf_tutorial/meshes/l_finger_color.png
[0.095s] -- Up-to-date: /home/ph/fourth_ws/install/urdf_tutorial/share/urdf_tutorial/rviz
[0.096s] -- Up-to-date: /home/ph/fourth_ws/install/urdf_tutorial/share/urdf_tutorial/rviz/urdf.rviz
[0.096s] -- Up-to-date: /home/ph/fourth_ws/install/urdf_tutorial/share/urdf_tutorial/urdf
[0.096s] -- Up-to-date: /home/ph/fourth_ws/install/urdf_tutorial/share/urdf_tutorial/urdf/03-origins.urdf
[0.097s] -- Up-to-date: /home/ph/fourth_ws/install/urdf_tutorial/share/urdf_tutorial/urdf/05-visual.urdf
[0.097s] -- Up-to-date: /home/ph/fourth_ws/install/urdf_tutorial/share/urdf_tutorial/urdf/01-myfirst.urdf
[0.097s] -- Up-to-date: /home/ph/fourth_ws/install/urdf_tutorial/share/urdf_tutorial/urdf/06-flexible.urdf
[0.098s] -- Up-to-date: /home/ph/fourth_ws/install/urdf_tutorial/share/urdf_tutorial/urdf/04-materials.urdf
[0.098s] -- Up-to-date: /home/ph/fourth_ws/install/urdf_tutorial/share/urdf_tutorial/urdf/07-physics.urdf
[0.098s] -- Installing: /home/ph/fourth_ws/install/urdf_tutorial/share/urdf_tutorial/urdf/.08-macroed.urdf.xacro.swp
[0.098s] -- Up-to-date: /home/ph/fourth_ws/install/urdf_tutorial/share/urdf_tutorial/urdf/08-macroed.urdf.xacro
[0.099s] -- Up-to-date: /home/ph/fourth_ws/install/urdf_tutorial/share/urdf_tutorial/urdf/02-multipleshapes.urdf
[0.099s] -- Up-to-date: /home/ph/fourth_ws/install/urdf_tutorial/share/ament_index/resource_index/package_run_dependencies/urdf_tutorial
[0.099s] -- Up-to-date: /home/ph/fourth_ws/install/urdf_tutorial/share/ament_index/resource_index/parent_prefix_path/urdf_tutorial
[0.100s] -- Up-to-date: /home/ph/fourth_ws/install/urdf_tutorial/share/urdf_tutorial/environment/ament_prefix_path.sh
[0.100s] -- Up-to-date: /home/ph/fourth_ws/install/urdf_tutorial/share/urdf_tutorial/environment/ament_prefix_path.dsv
[0.100s] -- Up-to-date: /home/ph/fourth_ws/install/urdf_tutorial/share/urdf_tutorial/environment/path.sh
[0.100s] -- Up-to-date: /home/ph/fourth_ws/install/urdf_tutorial/share/urdf_tutorial/environment/path.dsv
[0.101s] -- Up-to-date: /home/ph/fourth_ws/install/urdf_tutorial/share/urdf_tutorial/local_setup.bash
[0.101s] -- Up-to-date: /home/ph/fourth_ws/install/urdf_tutorial/share/urdf_tutorial/local_setup.sh
[0.101s] -- Up-to-date: /home/ph/fourth_ws/install/urdf_tutorial/share/urdf_tutorial/local_setup.zsh
[0.101s] -- Up-to-date: /home/ph/fourth_ws/install/urdf_tutorial/share/urdf_tutorial/local_setup.dsv
[0.102s] -- Installing: /home/ph/fourth_ws/install/urdf_tutorial/share/urdf_tutorial/package.dsv
[0.102s] -- Up-to-date: /home/ph/fourth_ws/install/urdf_tutorial/share/ament_index/resource_index/packages/urdf_tutorial
[0.102s] -- Up-to-date: /home/ph/fourth_ws/install/urdf_tutorial/share/urdf_tutorial/cmake/urdf_tutorialConfig.cmake
[0.102s] -- Up-to-date: /home/ph/fourth_ws/install/urdf_tutorial/share/urdf_tutorial/cmake/urdf_tutorialConfig-version.cmake
[0.103s] -- Up-to-date: /home/ph/fourth_ws/install/urdf_tutorial/share/urdf_tutorial/package.xml
[0.106s] Invoked command in '/home/ph/fourth_ws/build/urdf_tutorial' returned '0': AMENT_PREFIX_PATH=/home/ph/fourth_ws/install/urdf_launch:${AMENT_PREFIX_PATH} CMAKE_PREFIX_PATH=/home/ph/fourth_ws/install/urdf_launch:/opt/ros/humble:${CMAKE_PREFIX_PATH} /usr/bin/cmake --install /home/ph/fourth_ws/build/urdf_tutorial
