[0.215s] DEBUG:colcon:Command line arguments: ['/usr/bin/colcon', 'build', '--symlink-install', '--packages-select', 'urdf_tutorial_cpp']
[0.215s] DEBUG:colcon:Parsed command line arguments: Namespace(log_base=None, log_level=None, verb_name='build', build_base='build', install_base='install', merge_install=False, symlink_install=True, test_result_base=None, continue_on_error=False, executor='parallel', parallel_workers=8, event_handlers=None, ignore_user_meta=False, metas=['./colcon.meta'], base_paths=['.'], packages_ignore=None, packages_ignore_regex=None, paths=None, packages_up_to=None, packages_up_to_regex=None, packages_above=None, packages_above_and_dependencies=None, packages_above_depth=None, packages_select_by_dep=None, packages_skip_by_dep=None, packages_skip_up_to=None, packages_select_build_failed=False, packages_skip_build_finished=False, packages_select_test_failures=False, packages_skip_test_passed=False, packages_select=['urdf_tutorial_cpp'], packages_skip=None, packages_select_regex=None, packages_skip_regex=None, packages_start=None, packages_end=None, allow_overriding=[], cmake_args=None, cmake_target=None, cmake_target_skip_unavailable=False, cmake_clean_cache=False, cmake_clean_first=False, cmake_force_configure=False, ament_cmake_args=None, catkin_cmake_args=None, catkin_skip_building_tests=False, mixin_files=None, mixin=None, verb_parser=<colcon_mixin.mixin.mixin_argument.MixinArgumentDecorator object at 0x7dc82235f280>, verb_extension=<colcon_core.verb.build.BuildVerb object at 0x7dc82235e980>, main=<bound method BuildVerb.main of <colcon_core.verb.build.BuildVerb object at 0x7dc82235e980>>, mixin_verb=('build',))
[0.683s] Level 1:colcon.colcon_core.package_discovery:discover_packages(colcon_meta) check parameters
[0.683s] Level 1:colcon.colcon_core.package_discovery:discover_packages(recursive) check parameters
[0.683s] Level 1:colcon.colcon_core.package_discovery:discover_packages(ignore) check parameters
[0.683s] Level 1:colcon.colcon_core.package_discovery:discover_packages(path) check parameters
[0.683s] Level 1:colcon.colcon_core.package_discovery:discover_packages(colcon_meta) discover
[0.683s] Level 1:colcon.colcon_core.package_discovery:discover_packages(recursive) discover
[0.683s] INFO:colcon.colcon_core.package_discovery:Crawling recursively for packages in '/home/ph/fifth_ws/src'
[0.683s] Level 1:colcon.colcon_core.package_identification:_identify(.) by extensions ['ignore', 'ignore_ament_install']
[0.683s] Level 1:colcon.colcon_core.package_identification:_identify(.) by extension 'ignore'
[0.683s] Level 1:colcon.colcon_core.package_identification:_identify(.) by extension 'ignore_ament_install'
[0.683s] Level 1:colcon.colcon_core.package_identification:_identify(.) by extensions ['colcon_pkg']
[0.683s] Level 1:colcon.colcon_core.package_identification:_identify(.) by extension 'colcon_pkg'
[0.683s] Level 1:colcon.colcon_core.package_identification:_identify(.) by extensions ['colcon_meta']
[0.683s] Level 1:colcon.colcon_core.package_identification:_identify(.) by extension 'colcon_meta'
[0.683s] Level 1:colcon.colcon_core.package_identification:_identify(.) by extensions ['ros']
[0.683s] Level 1:colcon.colcon_core.package_identification:_identify(.) by extension 'ros'
[0.696s] Level 1:colcon.colcon_core.package_identification:_identify(.) by extensions ['cmake', 'python']
[0.696s] Level 1:colcon.colcon_core.package_identification:_identify(.) by extension 'cmake'
[0.696s] Level 1:colcon.colcon_core.package_identification:_identify(.) by extension 'python'
[0.696s] Level 1:colcon.colcon_core.package_identification:_identify(.) by extensions ['python_setup_py']
[0.696s] Level 1:colcon.colcon_core.package_identification:_identify(.) by extension 'python_setup_py'
[0.696s] Level 1:colcon.colcon_core.package_identification:_identify(build) by extensions ['ignore', 'ignore_ament_install']
[0.696s] Level 1:colcon.colcon_core.package_identification:_identify(build) by extension 'ignore'
[0.696s] Level 1:colcon.colcon_core.package_identification:_identify(build) ignored
[0.697s] Level 1:colcon.colcon_core.package_identification:_identify(install) by extensions ['ignore', 'ignore_ament_install']
[0.697s] Level 1:colcon.colcon_core.package_identification:_identify(install) by extension 'ignore'
[0.697s] Level 1:colcon.colcon_core.package_identification:_identify(install) ignored
[0.697s] Level 1:colcon.colcon_core.package_identification:_identify(log) by extensions ['ignore', 'ignore_ament_install']
[0.697s] Level 1:colcon.colcon_core.package_identification:_identify(log) by extension 'ignore'
[0.697s] Level 1:colcon.colcon_core.package_identification:_identify(log) ignored
[0.697s] Level 1:colcon.colcon_core.package_identification:_identify(urdf_tutorial_cpp) by extensions ['ignore', 'ignore_ament_install']
[0.697s] Level 1:colcon.colcon_core.package_identification:_identify(urdf_tutorial_cpp) by extension 'ignore'
[0.697s] Level 1:colcon.colcon_core.package_identification:_identify(urdf_tutorial_cpp) by extension 'ignore_ament_install'
[0.697s] Level 1:colcon.colcon_core.package_identification:_identify(urdf_tutorial_cpp) by extensions ['colcon_pkg']
[0.697s] Level 1:colcon.colcon_core.package_identification:_identify(urdf_tutorial_cpp) by extension 'colcon_pkg'
[0.697s] Level 1:colcon.colcon_core.package_identification:_identify(urdf_tutorial_cpp) by extensions ['colcon_meta']
[0.697s] Level 1:colcon.colcon_core.package_identification:_identify(urdf_tutorial_cpp) by extension 'colcon_meta'
[0.697s] Level 1:colcon.colcon_core.package_identification:_identify(urdf_tutorial_cpp) by extensions ['ros']
[0.697s] Level 1:colcon.colcon_core.package_identification:_identify(urdf_tutorial_cpp) by extension 'ros'
[0.701s] DEBUG:colcon.colcon_core.package_identification:Package 'urdf_tutorial_cpp' with type 'ros.ament_cmake' and name 'urdf_tutorial_cpp'
[0.702s] Level 1:colcon.colcon_core.package_discovery:discover_packages(recursive) using defaults
[0.702s] Level 1:colcon.colcon_core.package_discovery:discover_packages(ignore) discover
[0.702s] Level 1:colcon.colcon_core.package_discovery:discover_packages(ignore) using defaults
[0.702s] Level 1:colcon.colcon_core.package_discovery:discover_packages(path) discover
[0.702s] Level 1:colcon.colcon_core.package_discovery:discover_packages(path) using defaults
[0.750s] Level 1:colcon.colcon_core.package_discovery:discover_packages(prefix_path) check parameters
[0.750s] Level 1:colcon.colcon_core.package_discovery:discover_packages(prefix_path) discover
[0.754s] DEBUG:colcon.colcon_installed_package_information.package_discovery:Found 3 installed packages in /home/ph/fourth_ws/install
[0.756s] DEBUG:colcon.colcon_installed_package_information.package_discovery:Found 440 installed packages in /opt/ros/humble
[0.759s] Level 1:colcon.colcon_core.package_discovery:discover_packages(prefix_path) using defaults
[0.836s] Level 5:colcon.colcon_core.verb:set package 'urdf_tutorial_cpp' build argument 'cmake_args' from command line to 'None'
[0.836s] Level 5:colcon.colcon_core.verb:set package 'urdf_tutorial_cpp' build argument 'cmake_target' from command line to 'None'
[0.836s] Level 5:colcon.colcon_core.verb:set package 'urdf_tutorial_cpp' build argument 'cmake_target_skip_unavailable' from command line to 'False'
[0.836s] Level 5:colcon.colcon_core.verb:set package 'urdf_tutorial_cpp' build argument 'cmake_clean_cache' from command line to 'False'
[0.836s] Level 5:colcon.colcon_core.verb:set package 'urdf_tutorial_cpp' build argument 'cmake_clean_first' from command line to 'False'
[0.836s] Level 5:colcon.colcon_core.verb:set package 'urdf_tutorial_cpp' build argument 'cmake_force_configure' from command line to 'False'
[0.836s] Level 5:colcon.colcon_core.verb:set package 'urdf_tutorial_cpp' build argument 'ament_cmake_args' from command line to 'None'
[0.836s] Level 5:colcon.colcon_core.verb:set package 'urdf_tutorial_cpp' build argument 'catkin_cmake_args' from command line to 'None'
[0.836s] Level 5:colcon.colcon_core.verb:set package 'urdf_tutorial_cpp' build argument 'catkin_skip_building_tests' from command line to 'False'
[0.836s] DEBUG:colcon.colcon_core.verb:Building package 'urdf_tutorial_cpp' with the following arguments: {'ament_cmake_args': None, 'build_base': '/home/ph/fifth_ws/src/build/urdf_tutorial_cpp', 'catkin_cmake_args': None, 'catkin_skip_building_tests': False, 'cmake_args': None, 'cmake_clean_cache': False, 'cmake_clean_first': False, 'cmake_force_configure': False, 'cmake_target': None, 'cmake_target_skip_unavailable': False, 'install_base': '/home/ph/fifth_ws/src/install/urdf_tutorial_cpp', 'merge_install': False, 'path': '/home/ph/fifth_ws/src/urdf_tutorial_cpp', 'symlink_install': True, 'test_result_base': None}
[0.837s] INFO:colcon.colcon_core.executor:Executing jobs using 'parallel' executor
[0.838s] DEBUG:colcon.colcon_parallel_executor.executor.parallel:run_until_complete
[0.838s] INFO:colcon.colcon_ros.task.ament_cmake.build:Building ROS package in '/home/ph/fifth_ws/src/urdf_tutorial_cpp' with build type 'ament_cmake'
[0.838s] INFO:colcon.colcon_cmake.task.cmake.build:Building CMake package in '/home/ph/fifth_ws/src/urdf_tutorial_cpp'
[0.844s] INFO:colcon.colcon_core.plugin_system:Skipping extension 'colcon_core.shell.bat': Not used on non-Windows systems
[0.844s] INFO:colcon.colcon_core.shell:Skip shell extension 'powershell' for command environment: Not usable outside of PowerShell
[0.844s] DEBUG:colcon.colcon_core.shell:Skip shell extension 'dsv' for command environment
[0.859s] DEBUG:colcon.colcon_core.event_handler.log_command:Invoking command in '/home/ph/fifth_ws/src/build/urdf_tutorial_cpp': CMAKE_PREFIX_PATH=/opt/ros/humble:${CMAKE_PREFIX_PATH} /usr/bin/cmake /home/ph/fifth_ws/src/urdf_tutorial_cpp -DAMENT_CMAKE_SYMLINK_INSTALL=1 -DCMAKE_INSTALL_PREFIX=/home/ph/fifth_ws/src/install/urdf_tutorial_cpp
[3.480s] DEBUG:colcon.colcon_core.event_handler.log_command:Invoked command in '/home/ph/fifth_ws/src/build/urdf_tutorial_cpp' returned '0': CMAKE_PREFIX_PATH=/opt/ros/humble:${CMAKE_PREFIX_PATH} /usr/bin/cmake /home/ph/fifth_ws/src/urdf_tutorial_cpp -DAMENT_CMAKE_SYMLINK_INSTALL=1 -DCMAKE_INSTALL_PREFIX=/home/ph/fifth_ws/src/install/urdf_tutorial_cpp
[3.483s] DEBUG:colcon.colcon_core.event_handler.log_command:Invoking command in '/home/ph/fifth_ws/src/build/urdf_tutorial_cpp': CMAKE_PREFIX_PATH=/opt/ros/humble:${CMAKE_PREFIX_PATH} /usr/bin/cmake --build /home/ph/fifth_ws/src/build/urdf_tutorial_cpp -- -j8 -l8
[10.089s] DEBUG:colcon.colcon_core.event_handler.log_command:Invoked command in '/home/ph/fifth_ws/src/build/urdf_tutorial_cpp' returned '0': CMAKE_PREFIX_PATH=/opt/ros/humble:${CMAKE_PREFIX_PATH} /usr/bin/cmake --build /home/ph/fifth_ws/src/build/urdf_tutorial_cpp -- -j8 -l8
[10.107s] DEBUG:colcon.colcon_core.event_handler.log_command:Invoking command in '/home/ph/fifth_ws/src/build/urdf_tutorial_cpp': CMAKE_PREFIX_PATH=/opt/ros/humble:${CMAKE_PREFIX_PATH} /usr/bin/cmake --install /home/ph/fifth_ws/src/build/urdf_tutorial_cpp
[10.369s] Level 1:colcon.colcon_core.environment:create_environment_scripts_only(urdf_tutorial_cpp)
[10.370s] DEBUG:colcon.colcon_core.event_handler.log_command:Invoked command in '/home/ph/fifth_ws/src/build/urdf_tutorial_cpp' returned '0': CMAKE_PREFIX_PATH=/opt/ros/humble:${CMAKE_PREFIX_PATH} /usr/bin/cmake --install /home/ph/fifth_ws/src/build/urdf_tutorial_cpp
[10.377s] Level 1:colcon.colcon_core.environment:checking '/home/ph/fifth_ws/src/install/urdf_tutorial_cpp' for CMake module files
[10.378s] Level 1:colcon.colcon_core.environment:checking '/home/ph/fifth_ws/src/install/urdf_tutorial_cpp' for CMake config files
[10.378s] Level 1:colcon.colcon_core.shell:create_environment_hook('urdf_tutorial_cpp', 'cmake_prefix_path')
[10.379s] INFO:colcon.colcon_core.shell:Creating environment hook '/home/ph/fifth_ws/src/install/urdf_tutorial_cpp/share/urdf_tutorial_cpp/hook/cmake_prefix_path.ps1'
[10.380s] INFO:colcon.colcon_core.shell:Creating environment descriptor '/home/ph/fifth_ws/src/install/urdf_tutorial_cpp/share/urdf_tutorial_cpp/hook/cmake_prefix_path.dsv'
[10.381s] INFO:colcon.colcon_core.shell:Creating environment hook '/home/ph/fifth_ws/src/install/urdf_tutorial_cpp/share/urdf_tutorial_cpp/hook/cmake_prefix_path.sh'
[10.382s] Level 1:colcon.colcon_core.environment:checking '/home/ph/fifth_ws/src/install/urdf_tutorial_cpp/lib'
[10.382s] Level 1:colcon.colcon_core.environment:checking '/home/ph/fifth_ws/src/install/urdf_tutorial_cpp/bin'
[10.382s] Level 1:colcon.colcon_core.environment:checking '/home/ph/fifth_ws/src/install/urdf_tutorial_cpp/lib/pkgconfig/urdf_tutorial_cpp.pc'
[10.383s] Level 1:colcon.colcon_core.environment:checking '/home/ph/fifth_ws/src/install/urdf_tutorial_cpp/lib/python3.10/site-packages'
[10.383s] Level 1:colcon.colcon_core.environment:checking '/home/ph/fifth_ws/src/install/urdf_tutorial_cpp/bin'
[10.384s] INFO:colcon.colcon_core.shell:Creating package script '/home/ph/fifth_ws/src/install/urdf_tutorial_cpp/share/urdf_tutorial_cpp/package.ps1'
[10.385s] INFO:colcon.colcon_core.shell:Creating package descriptor '/home/ph/fifth_ws/src/install/urdf_tutorial_cpp/share/urdf_tutorial_cpp/package.dsv'
[10.385s] INFO:colcon.colcon_core.shell:Creating package script '/home/ph/fifth_ws/src/install/urdf_tutorial_cpp/share/urdf_tutorial_cpp/package.sh'
[10.386s] INFO:colcon.colcon_core.shell:Creating package script '/home/ph/fifth_ws/src/install/urdf_tutorial_cpp/share/urdf_tutorial_cpp/package.bash'
[10.388s] INFO:colcon.colcon_core.shell:Creating package script '/home/ph/fifth_ws/src/install/urdf_tutorial_cpp/share/urdf_tutorial_cpp/package.zsh'
[10.389s] Level 1:colcon.colcon_core.environment:create_file_with_runtime_dependencies(/home/ph/fifth_ws/src/install/urdf_tutorial_cpp/share/colcon-core/packages/urdf_tutorial_cpp)
[10.390s] Level 1:colcon.colcon_core.environment:create_environment_scripts_only(urdf_tutorial_cpp)
[10.390s] Level 1:colcon.colcon_core.environment:checking '/home/ph/fifth_ws/src/install/urdf_tutorial_cpp' for CMake module files
[10.391s] Level 1:colcon.colcon_core.environment:checking '/home/ph/fifth_ws/src/install/urdf_tutorial_cpp' for CMake config files
[10.391s] Level 1:colcon.colcon_core.shell:create_environment_hook('urdf_tutorial_cpp', 'cmake_prefix_path')
[10.392s] INFO:colcon.colcon_core.shell:Creating environment hook '/home/ph/fifth_ws/src/install/urdf_tutorial_cpp/share/urdf_tutorial_cpp/hook/cmake_prefix_path.ps1'
[10.392s] INFO:colcon.colcon_core.shell:Creating environment descriptor '/home/ph/fifth_ws/src/install/urdf_tutorial_cpp/share/urdf_tutorial_cpp/hook/cmake_prefix_path.dsv'
[10.393s] INFO:colcon.colcon_core.shell:Creating environment hook '/home/ph/fifth_ws/src/install/urdf_tutorial_cpp/share/urdf_tutorial_cpp/hook/cmake_prefix_path.sh'
[10.394s] Level 1:colcon.colcon_core.environment:checking '/home/ph/fifth_ws/src/install/urdf_tutorial_cpp/lib'
[10.394s] Level 1:colcon.colcon_core.environment:checking '/home/ph/fifth_ws/src/install/urdf_tutorial_cpp/bin'
[10.394s] Level 1:colcon.colcon_core.environment:checking '/home/ph/fifth_ws/src/install/urdf_tutorial_cpp/lib/pkgconfig/urdf_tutorial_cpp.pc'
[10.394s] Level 1:colcon.colcon_core.environment:checking '/home/ph/fifth_ws/src/install/urdf_tutorial_cpp/lib/python3.10/site-packages'
[10.395s] Level 1:colcon.colcon_core.environment:checking '/home/ph/fifth_ws/src/install/urdf_tutorial_cpp/bin'
[10.395s] INFO:colcon.colcon_core.shell:Creating package script '/home/ph/fifth_ws/src/install/urdf_tutorial_cpp/share/urdf_tutorial_cpp/package.ps1'
[10.396s] INFO:colcon.colcon_core.shell:Creating package descriptor '/home/ph/fifth_ws/src/install/urdf_tutorial_cpp/share/urdf_tutorial_cpp/package.dsv'
[10.397s] INFO:colcon.colcon_core.shell:Creating package script '/home/ph/fifth_ws/src/install/urdf_tutorial_cpp/share/urdf_tutorial_cpp/package.sh'
[10.398s] INFO:colcon.colcon_core.shell:Creating package script '/home/ph/fifth_ws/src/install/urdf_tutorial_cpp/share/urdf_tutorial_cpp/package.bash'
[10.398s] INFO:colcon.colcon_core.shell:Creating package script '/home/ph/fifth_ws/src/install/urdf_tutorial_cpp/share/urdf_tutorial_cpp/package.zsh'
[10.399s] Level 1:colcon.colcon_core.environment:create_file_with_runtime_dependencies(/home/ph/fifth_ws/src/install/urdf_tutorial_cpp/share/colcon-core/packages/urdf_tutorial_cpp)
[10.399s] DEBUG:colcon.colcon_parallel_executor.executor.parallel:closing loop
[10.399s] DEBUG:colcon.colcon_parallel_executor.executor.parallel:loop closed
[10.399s] DEBUG:colcon.colcon_parallel_executor.executor.parallel:run_until_complete finished with '0'
[10.400s] DEBUG:colcon.colcon_core.event_reactor:joining thread
[10.416s] INFO:colcon.colcon_core.plugin_system:Skipping extension 'colcon_notification.desktop_notification.terminal_notifier': Not used on non-Darwin systems
[10.416s] INFO:colcon.colcon_core.plugin_system:Skipping extension 'colcon_notification.desktop_notification.win32': Not used on non-Windows systems
[10.416s] INFO:colcon.colcon_notification.desktop_notification:Sending desktop notification using 'notify2'
[10.440s] DEBUG:colcon.colcon_core.event_reactor:joined thread
[10.440s] INFO:colcon.colcon_core.shell:Creating prefix script '/home/ph/fifth_ws/src/install/local_setup.ps1'
[10.443s] INFO:colcon.colcon_core.shell:Creating prefix util module '/home/ph/fifth_ws/src/install/_local_setup_util_ps1.py'
[10.447s] INFO:colcon.colcon_core.shell:Creating prefix chain script '/home/ph/fifth_ws/src/install/setup.ps1'
[10.451s] INFO:colcon.colcon_core.shell:Creating prefix script '/home/ph/fifth_ws/src/install/local_setup.sh'
[10.453s] INFO:colcon.colcon_core.shell:Creating prefix util module '/home/ph/fifth_ws/src/install/_local_setup_util_sh.py'
[10.454s] INFO:colcon.colcon_core.shell:Creating prefix chain script '/home/ph/fifth_ws/src/install/setup.sh'
[10.458s] INFO:colcon.colcon_core.shell:Creating prefix script '/home/ph/fifth_ws/src/install/local_setup.bash'
[10.460s] INFO:colcon.colcon_core.shell:Creating prefix chain script '/home/ph/fifth_ws/src/install/setup.bash'
[10.464s] INFO:colcon.colcon_core.shell:Creating prefix script '/home/ph/fifth_ws/src/install/local_setup.zsh'
[10.466s] INFO:colcon.colcon_core.shell:Creating prefix chain script '/home/ph/fifth_ws/src/install/setup.zsh'
