[0.022s] Invoking command in '/home/ph/fourth_ws/build/urdf_sim_tutorial': CMAKE_PREFIX_PATH=/opt/ros/humble:/home/ph/fourth_ws/install/urdf_tutorial:/home/ph/fourth_ws/install/urdf_launch:/home/ph/fourth_ws/install/urdf_sim_tutorial /usr/bin/cmake --build /home/ph/fourth_ws/build/urdf_sim_tutorial -- -j8 -l8
[0.098s] Invoked command in '/home/ph/fourth_ws/build/urdf_sim_tutorial' returned '0': CMAKE_PREFIX_PATH=/opt/ros/humble:/home/ph/fourth_ws/install/urdf_tutorial:/home/ph/fourth_ws/install/urdf_launch:/home/ph/fourth_ws/install/urdf_sim_tutorial /usr/bin/cmake --build /home/ph/fourth_ws/build/urdf_sim_tutorial -- -j8 -l8
[0.101s] Invoking command in '/home/ph/fourth_ws/build/urdf_sim_tutorial': CMAKE_PREFIX_PATH=/opt/ros/humble:/home/ph/fourth_ws/install/urdf_tutorial:/home/ph/fourth_ws/install/urdf_launch:/home/ph/fourth_ws/install/urdf_sim_tutorial /usr/bin/cmake --install /home/ph/fourth_ws/build/urdf_sim_tutorial
[0.112s] -- Install configuration: ""
[0.112s] -- Up-to-date: /home/ph/fourth_ws/install/urdf_sim_tutorial/share/urdf_sim_tutorial/config
[0.113s] -- Up-to-date: /home/ph/fourth_ws/install/urdf_sim_tutorial/share/urdf_sim_tutorial/config/diffdrive.yaml
[0.113s] -- Up-to-date: /home/ph/fourth_ws/install/urdf_sim_tutorial/share/urdf_sim_tutorial/config/gripper.yaml
[0.113s] -- Up-to-date: /home/ph/fourth_ws/install/urdf_sim_tutorial/share/urdf_sim_tutorial/config/joints.yaml
[0.113s] -- Up-to-date: /home/ph/fourth_ws/install/urdf_sim_tutorial/share/urdf_sim_tutorial/config/mimic-gripper.yaml
[0.114s] -- Up-to-date: /home/ph/fourth_ws/install/urdf_sim_tutorial/share/urdf_sim_tutorial/config/09a-minimal.yaml
[0.114s] -- Up-to-date: /home/ph/fourth_ws/install/urdf_sim_tutorial/share/urdf_sim_tutorial/config/head.yaml
[0.114s] -- Up-to-date: /home/ph/fourth_ws/install/urdf_sim_tutorial/share/urdf_sim_tutorial/launch
[0.114s] -- Up-to-date: /home/ph/fourth_ws/install/urdf_sim_tutorial/share/urdf_sim_tutorial/launch/09-joints.launch.py
[0.114s] -- Up-to-date: /home/ph/fourth_ws/install/urdf_sim_tutorial/share/urdf_sim_tutorial/launch/09a-minimal.launch.py
[0.115s] -- Up-to-date: /home/ph/fourth_ws/install/urdf_sim_tutorial/share/urdf_sim_tutorial/launch/10-head.launch.py
[0.115s] -- Installing: /home/ph/fourth_ws/install/urdf_sim_tutorial/share/urdf_sim_tutorial/launch/gazebo.launch.py
[0.115s] -- Up-to-date: /home/ph/fourth_ws/install/urdf_sim_tutorial/share/urdf_sim_tutorial/launch/12-gripper.launch.py
[0.115s] -- Up-to-date: /home/ph/fourth_ws/install/urdf_sim_tutorial/share/urdf_sim_tutorial/launch/13-diffdrive.launch.py
[0.115s] -- Up-to-date: /home/ph/fourth_ws/install/urdf_sim_tutorial/share/urdf_sim_tutorial/rviz
[0.116s] -- Up-to-date: /home/ph/fourth_ws/install/urdf_sim_tutorial/share/urdf_sim_tutorial/rviz/odom_urdf.rviz
[0.116s] -- Up-to-date: /home/ph/fourth_ws/install/urdf_sim_tutorial/share/urdf_sim_tutorial/urdf
[0.116s] -- Up-to-date: /home/ph/fourth_ws/install/urdf_sim_tutorial/share/urdf_sim_tutorial/urdf/13-diffdrive.urdf.xacro
[0.116s] -- Up-to-date: /home/ph/fourth_ws/install/urdf_sim_tutorial/share/urdf_sim_tutorial/urdf/11-limittransmission.urdf.xacro
[0.117s] -- Up-to-date: /home/ph/fourth_ws/install/urdf_sim_tutorial/share/urdf_sim_tutorial/urdf/09-publishjoints.urdf.xacro
[0.117s] -- Up-to-date: /home/ph/fourth_ws/install/urdf_sim_tutorial/share/urdf_sim_tutorial/urdf/12a-mimic-gripper.urdf.xacro
[0.118s] -- Up-to-date: /home/ph/fourth_ws/install/urdf_sim_tutorial/share/urdf_sim_tutorial/urdf/12-gripper.urdf.xacro
[0.118s] -- Up-to-date: /home/ph/fourth_ws/install/urdf_sim_tutorial/share/urdf_sim_tutorial/urdf/09a-minimal.urdf.xacro
[0.119s] -- Up-to-date: /home/ph/fourth_ws/install/urdf_sim_tutorial/share/urdf_sim_tutorial/urdf/10-firsttransmission.urdf.xacro
[0.119s] -- Up-to-date: /home/ph/fourth_ws/install/urdf_sim_tutorial/share/ament_index/resource_index/package_run_dependencies/urdf_sim_tutorial
[0.119s] -- Up-to-date: /home/ph/fourth_ws/install/urdf_sim_tutorial/share/ament_index/resource_index/parent_prefix_path/urdf_sim_tutorial
[0.120s] -- Up-to-date: /home/ph/fourth_ws/install/urdf_sim_tutorial/share/urdf_sim_tutorial/environment/ament_prefix_path.sh
[0.120s] -- Up-to-date: /home/ph/fourth_ws/install/urdf_sim_tutorial/share/urdf_sim_tutorial/environment/ament_prefix_path.dsv
[0.120s] -- Up-to-date: /home/ph/fourth_ws/install/urdf_sim_tutorial/share/urdf_sim_tutorial/environment/path.sh
[0.121s] -- Up-to-date: /home/ph/fourth_ws/install/urdf_sim_tutorial/share/urdf_sim_tutorial/environment/path.dsv
[0.122s] -- Up-to-date: /home/ph/fourth_ws/install/urdf_sim_tutorial/share/urdf_sim_tutorial/local_setup.bash
[0.122s] -- Up-to-date: /home/ph/fourth_ws/install/urdf_sim_tutorial/share/urdf_sim_tutorial/local_setup.sh
[0.122s] -- Up-to-date: /home/ph/fourth_ws/install/urdf_sim_tutorial/share/urdf_sim_tutorial/local_setup.zsh
[0.122s] -- Up-to-date: /home/ph/fourth_ws/install/urdf_sim_tutorial/share/urdf_sim_tutorial/local_setup.dsv
[0.123s] -- Installing: /home/ph/fourth_ws/install/urdf_sim_tutorial/share/urdf_sim_tutorial/package.dsv
[0.123s] -- Up-to-date: /home/ph/fourth_ws/install/urdf_sim_tutorial/share/ament_index/resource_index/packages/urdf_sim_tutorial
[0.123s] -- Up-to-date: /home/ph/fourth_ws/install/urdf_sim_tutorial/share/urdf_sim_tutorial/cmake/urdf_sim_tutorialConfig.cmake
[0.124s] -- Up-to-date: /home/ph/fourth_ws/install/urdf_sim_tutorial/share/urdf_sim_tutorial/cmake/urdf_sim_tutorialConfig-version.cmake
[0.126s] -- Up-to-date: /home/ph/fourth_ws/install/urdf_sim_tutorial/share/urdf_sim_tutorial/package.xml
[0.126s] Invoked command in '/home/ph/fourth_ws/build/urdf_sim_tutorial' returned '0': CMAKE_PREFIX_PATH=/opt/ros/humble:/home/ph/fourth_ws/install/urdf_tutorial:/home/ph/fourth_ws/install/urdf_launch:/home/ph/fourth_ws/install/urdf_sim_tutorial /usr/bin/cmake --install /home/ph/fourth_ws/build/urdf_sim_tutorial
