[0.015s] Invoking command in '/home/ph/ros2_firstw/build/turtlesim': /usr/bin/cmake --build /home/ph/ros2_firstw/build/turtlesim -- -j8 -l8
[0.094s] [  1%] Built target turtlesim__cpp
[0.100s] [ 11%] Built target turtlesim__rosidl_generator_c
[0.115s] [ 11%] Built target ament_cmake_python_copy_turtlesim
[0.143s] [ 21%] Built target turtlesim__rosidl_typesupport_cpp
[0.143s] [ 31%] Built target turtlesim__rosidl_typesupport_c
[0.145s] [ 51%] Built target turtlesim__rosidl_typesupport_introspection_c
[0.145s] [ 51%] Built target turtlesim__rosidl_typesupport_fastrtps_cpp
[0.152s] [ 61%] Built target turtlesim__rosidl_typesupport_fastrtps_c
[0.154s] [ 71%] Built target turtlesim__rosidl_typesupport_introspection_cpp
[0.192s] [ 73%] Built target mimic
[0.192s] [ 73%] Built target turtlesim
[0.195s] [ 75%] Built target draw_square
[0.196s] [ 77%] Built target turtle_teleop_key
[0.201s] [ 83%] Built target turtlesim_node
[0.225s] [ 84%] Built target turtlesim__py
[0.265s] [ 93%] Built target turtlesim__rosidl_generator_py
[0.309s] [ 95%] Built target turtlesim__rosidl_typesupport_introspection_c__pyext
[0.310s] [ 97%] Built target turtlesim__rosidl_typesupport_fastrtps_c__pyext
[0.310s] [100%] Built target turtlesim__rosidl_typesupport_c__pyext
[0.408s] running egg_info
[0.408s] writing turtlesim.egg-info/PKG-INFO
[0.409s] writing dependency_links to turtlesim.egg-info/dependency_links.txt
[0.409s] writing top-level names to turtlesim.egg-info/top_level.txt
[0.412s] reading manifest file 'turtlesim.egg-info/SOURCES.txt'
[0.413s] writing manifest file 'turtlesim.egg-info/SOURCES.txt'
[0.464s] [100%] Built target ament_cmake_python_build_turtlesim_egg
